[2024-03-28T15:20:30.017+0000] {processor.py:154} INFO - Started process (PID=51) to work on /home/airflow/.local/lib/python3.7/site-packages/airflow/example_dags/example_python_operator.py
[2024-03-28T15:20:30.021+0000] {processor.py:756} INFO - Processing file /home/airflow/.local/lib/python3.7/site-packages/airflow/example_dags/example_python_operator.py for tasks to queue
[2024-03-28T15:20:30.023+0000] {logging_mixin.py:120} INFO - [2024-03-28T15:20:30.023+0000] {dagbag.py:537} INFO - Filling up the DagBag from /home/airflow/.local/lib/python3.7/site-packages/airflow/example_dags/example_python_operator.py
[2024-03-28T15:20:30.049+0000] {logging_mixin.py:120} INFO - [2024-03-28T15:20:30.049+0000] {taskmixin.py:205} WARNING - Dependency <Task(_PythonDecoratedOperator): print_the_context>, log_sql_query already registered for DAG: example_python_operator
[2024-03-28T15:20:30.050+0000] {logging_mixin.py:120} INFO - [2024-03-28T15:20:30.050+0000] {taskmixin.py:205} WARNING - Dependency <Task(_PythonDecoratedOperator): log_sql_query>, print_the_context already registered for DAG: example_python_operator
[2024-03-28T15:20:30.051+0000] {logging_mixin.py:120} INFO - [2024-03-28T15:20:30.051+0000] {taskmixin.py:205} WARNING - Dependency <Task(_PythonDecoratedOperator): print_the_context>, log_sql_query already registered for DAG: example_python_operator
[2024-03-28T15:20:30.051+0000] {logging_mixin.py:120} INFO - [2024-03-28T15:20:30.051+0000] {taskmixin.py:205} WARNING - Dependency <Task(_PythonDecoratedOperator): log_sql_query>, print_the_context already registered for DAG: example_python_operator
[2024-03-28T15:20:30.054+0000] {logging_mixin.py:120} INFO - [2024-03-28T15:20:30.054+0000] {taskmixin.py:205} WARNING - Dependency <Task(_PythonDecoratedOperator): print_the_context>, log_sql_query already registered for DAG: example_python_operator
[2024-03-28T15:20:30.056+0000] {logging_mixin.py:120} INFO - [2024-03-28T15:20:30.056+0000] {taskmixin.py:205} WARNING - Dependency <Task(_PythonDecoratedOperator): log_sql_query>, print_the_context already registered for DAG: example_python_operator
[2024-03-28T15:20:30.058+0000] {logging_mixin.py:120} INFO - [2024-03-28T15:20:30.058+0000] {taskmixin.py:205} WARNING - Dependency <Task(_PythonDecoratedOperator): print_the_context>, log_sql_query already registered for DAG: example_python_operator
[2024-03-28T15:20:30.059+0000] {logging_mixin.py:120} INFO - [2024-03-28T15:20:30.059+0000] {taskmixin.py:205} WARNING - Dependency <Task(_PythonDecoratedOperator): log_sql_query>, print_the_context already registered for DAG: example_python_operator
[2024-03-28T15:20:30.079+0000] {processor.py:766} INFO - DAG(s) dict_keys(['example_python_operator']) retrieved from /home/airflow/.local/lib/python3.7/site-packages/airflow/example_dags/example_python_operator.py
[2024-03-28T15:20:30.160+0000] {logging_mixin.py:120} INFO - [2024-03-28T15:20:30.159+0000] {dag.py:2585} INFO - Sync 1 DAGs
[2024-03-28T15:20:30.202+0000] {logging_mixin.py:120} INFO - [2024-03-28T15:20:30.202+0000] {dag.py:3340} INFO - Setting next_dagrun for example_python_operator to None, run_after=None
[2024-03-28T15:20:30.232+0000] {processor.py:176} INFO - Processing /home/airflow/.local/lib/python3.7/site-packages/airflow/example_dags/example_python_operator.py took 0.221 seconds
[2024-03-28T15:22:36.341+0000] {processor.py:154} INFO - Started process (PID=133) to work on /home/airflow/.local/lib/python3.7/site-packages/airflow/example_dags/example_python_operator.py
[2024-03-28T15:22:36.345+0000] {processor.py:756} INFO - Processing file /home/airflow/.local/lib/python3.7/site-packages/airflow/example_dags/example_python_operator.py for tasks to queue
[2024-03-28T15:22:36.353+0000] {logging_mixin.py:120} INFO - [2024-03-28T15:22:36.352+0000] {dagbag.py:537} INFO - Filling up the DagBag from /home/airflow/.local/lib/python3.7/site-packages/airflow/example_dags/example_python_operator.py
[2024-03-28T15:22:36.557+0000] {logging_mixin.py:120} INFO - [2024-03-28T15:22:36.556+0000] {taskmixin.py:205} WARNING - Dependency <Task(_PythonDecoratedOperator): print_the_context>, log_sql_query already registered for DAG: example_python_operator
[2024-03-28T15:22:36.559+0000] {logging_mixin.py:120} INFO - [2024-03-28T15:22:36.558+0000] {taskmixin.py:205} WARNING - Dependency <Task(_PythonDecoratedOperator): log_sql_query>, print_the_context already registered for DAG: example_python_operator
[2024-03-28T15:22:36.561+0000] {logging_mixin.py:120} INFO - [2024-03-28T15:22:36.561+0000] {taskmixin.py:205} WARNING - Dependency <Task(_PythonDecoratedOperator): print_the_context>, log_sql_query already registered for DAG: example_python_operator
[2024-03-28T15:22:36.563+0000] {logging_mixin.py:120} INFO - [2024-03-28T15:22:36.563+0000] {taskmixin.py:205} WARNING - Dependency <Task(_PythonDecoratedOperator): log_sql_query>, print_the_context already registered for DAG: example_python_operator
[2024-03-28T15:22:36.565+0000] {logging_mixin.py:120} INFO - [2024-03-28T15:22:36.565+0000] {taskmixin.py:205} WARNING - Dependency <Task(_PythonDecoratedOperator): print_the_context>, log_sql_query already registered for DAG: example_python_operator
[2024-03-28T15:22:36.566+0000] {logging_mixin.py:120} INFO - [2024-03-28T15:22:36.565+0000] {taskmixin.py:205} WARNING - Dependency <Task(_PythonDecoratedOperator): log_sql_query>, print_the_context already registered for DAG: example_python_operator
[2024-03-28T15:22:36.583+0000] {logging_mixin.py:120} INFO - [2024-03-28T15:22:36.570+0000] {taskmixin.py:205} WARNING - Dependency <Task(_PythonDecoratedOperator): print_the_context>, log_sql_query already registered for DAG: example_python_operator
[2024-03-28T15:22:36.589+0000] {logging_mixin.py:120} INFO - [2024-03-28T15:22:36.589+0000] {taskmixin.py:205} WARNING - Dependency <Task(_PythonDecoratedOperator): log_sql_query>, print_the_context already registered for DAG: example_python_operator
[2024-03-28T15:22:36.879+0000] {processor.py:766} INFO - DAG(s) dict_keys(['example_python_operator']) retrieved from /home/airflow/.local/lib/python3.7/site-packages/airflow/example_dags/example_python_operator.py
[2024-03-28T15:22:37.416+0000] {logging_mixin.py:120} INFO - [2024-03-28T15:22:37.410+0000] {dag.py:2585} INFO - Sync 1 DAGs
[2024-03-28T15:22:37.575+0000] {logging_mixin.py:120} INFO - [2024-03-28T15:22:37.564+0000] {dag.py:3340} INFO - Setting next_dagrun for example_python_operator to None, run_after=None
[2024-03-28T15:22:37.957+0000] {processor.py:176} INFO - Processing /home/airflow/.local/lib/python3.7/site-packages/airflow/example_dags/example_python_operator.py took 1.631 seconds
[2024-03-28T15:25:02.434+0000] {processor.py:154} INFO - Started process (PID=83) to work on /home/airflow/.local/lib/python3.7/site-packages/airflow/example_dags/example_python_operator.py
[2024-03-28T15:25:02.442+0000] {processor.py:756} INFO - Processing file /home/airflow/.local/lib/python3.7/site-packages/airflow/example_dags/example_python_operator.py for tasks to queue
[2024-03-28T15:25:02.448+0000] {logging_mixin.py:120} INFO - [2024-03-28T15:25:02.447+0000] {dagbag.py:537} INFO - Filling up the DagBag from /home/airflow/.local/lib/python3.7/site-packages/airflow/example_dags/example_python_operator.py
[2024-03-28T15:25:02.576+0000] {logging_mixin.py:120} INFO - [2024-03-28T15:25:02.576+0000] {taskmixin.py:205} WARNING - Dependency <Task(_PythonDecoratedOperator): print_the_context>, log_sql_query already registered for DAG: example_python_operator
[2024-03-28T15:25:02.580+0000] {logging_mixin.py:120} INFO - [2024-03-28T15:25:02.580+0000] {taskmixin.py:205} WARNING - Dependency <Task(_PythonDecoratedOperator): log_sql_query>, print_the_context already registered for DAG: example_python_operator
[2024-03-28T15:25:02.581+0000] {logging_mixin.py:120} INFO - [2024-03-28T15:25:02.581+0000] {taskmixin.py:205} WARNING - Dependency <Task(_PythonDecoratedOperator): print_the_context>, log_sql_query already registered for DAG: example_python_operator
[2024-03-28T15:25:02.582+0000] {logging_mixin.py:120} INFO - [2024-03-28T15:25:02.582+0000] {taskmixin.py:205} WARNING - Dependency <Task(_PythonDecoratedOperator): log_sql_query>, print_the_context already registered for DAG: example_python_operator
[2024-03-28T15:25:02.583+0000] {logging_mixin.py:120} INFO - [2024-03-28T15:25:02.583+0000] {taskmixin.py:205} WARNING - Dependency <Task(_PythonDecoratedOperator): print_the_context>, log_sql_query already registered for DAG: example_python_operator
[2024-03-28T15:25:02.583+0000] {logging_mixin.py:120} INFO - [2024-03-28T15:25:02.583+0000] {taskmixin.py:205} WARNING - Dependency <Task(_PythonDecoratedOperator): log_sql_query>, print_the_context already registered for DAG: example_python_operator
[2024-03-28T15:25:02.584+0000] {logging_mixin.py:120} INFO - [2024-03-28T15:25:02.584+0000] {taskmixin.py:205} WARNING - Dependency <Task(_PythonDecoratedOperator): print_the_context>, log_sql_query already registered for DAG: example_python_operator
[2024-03-28T15:25:02.584+0000] {logging_mixin.py:120} INFO - [2024-03-28T15:25:02.584+0000] {taskmixin.py:205} WARNING - Dependency <Task(_PythonDecoratedOperator): log_sql_query>, print_the_context already registered for DAG: example_python_operator
[2024-03-28T15:25:02.628+0000] {processor.py:766} INFO - DAG(s) dict_keys(['example_python_operator']) retrieved from /home/airflow/.local/lib/python3.7/site-packages/airflow/example_dags/example_python_operator.py
[2024-03-28T15:25:03.459+0000] {logging_mixin.py:120} INFO - [2024-03-28T15:25:03.452+0000] {dag.py:2585} INFO - Sync 1 DAGs
[2024-03-28T15:25:03.552+0000] {logging_mixin.py:120} INFO - [2024-03-28T15:25:03.552+0000] {dag.py:3340} INFO - Setting next_dagrun for example_python_operator to None, run_after=None
[2024-03-28T15:25:03.607+0000] {processor.py:176} INFO - Processing /home/airflow/.local/lib/python3.7/site-packages/airflow/example_dags/example_python_operator.py took 1.201 seconds
[2024-03-28T15:27:21.051+0000] {processor.py:154} INFO - Started process (PID=74) to work on /home/airflow/.local/lib/python3.7/site-packages/airflow/example_dags/example_python_operator.py
[2024-03-28T15:27:21.081+0000] {processor.py:756} INFO - Processing file /home/airflow/.local/lib/python3.7/site-packages/airflow/example_dags/example_python_operator.py for tasks to queue
[2024-03-28T15:27:21.101+0000] {logging_mixin.py:120} INFO - [2024-03-28T15:27:21.099+0000] {dagbag.py:537} INFO - Filling up the DagBag from /home/airflow/.local/lib/python3.7/site-packages/airflow/example_dags/example_python_operator.py
[2024-03-28T15:27:21.375+0000] {logging_mixin.py:120} INFO - [2024-03-28T15:27:21.374+0000] {taskmixin.py:205} WARNING - Dependency <Task(_PythonDecoratedOperator): print_the_context>, log_sql_query already registered for DAG: example_python_operator
[2024-03-28T15:27:21.376+0000] {logging_mixin.py:120} INFO - [2024-03-28T15:27:21.376+0000] {taskmixin.py:205} WARNING - Dependency <Task(_PythonDecoratedOperator): log_sql_query>, print_the_context already registered for DAG: example_python_operator
[2024-03-28T15:27:21.377+0000] {logging_mixin.py:120} INFO - [2024-03-28T15:27:21.377+0000] {taskmixin.py:205} WARNING - Dependency <Task(_PythonDecoratedOperator): print_the_context>, log_sql_query already registered for DAG: example_python_operator
[2024-03-28T15:27:21.379+0000] {logging_mixin.py:120} INFO - [2024-03-28T15:27:21.378+0000] {taskmixin.py:205} WARNING - Dependency <Task(_PythonDecoratedOperator): log_sql_query>, print_the_context already registered for DAG: example_python_operator
[2024-03-28T15:27:21.380+0000] {logging_mixin.py:120} INFO - [2024-03-28T15:27:21.380+0000] {taskmixin.py:205} WARNING - Dependency <Task(_PythonDecoratedOperator): print_the_context>, log_sql_query already registered for DAG: example_python_operator
[2024-03-28T15:27:21.381+0000] {logging_mixin.py:120} INFO - [2024-03-28T15:27:21.381+0000] {taskmixin.py:205} WARNING - Dependency <Task(_PythonDecoratedOperator): log_sql_query>, print_the_context already registered for DAG: example_python_operator
[2024-03-28T15:27:21.383+0000] {logging_mixin.py:120} INFO - [2024-03-28T15:27:21.383+0000] {taskmixin.py:205} WARNING - Dependency <Task(_PythonDecoratedOperator): print_the_context>, log_sql_query already registered for DAG: example_python_operator
[2024-03-28T15:27:21.386+0000] {logging_mixin.py:120} INFO - [2024-03-28T15:27:21.386+0000] {taskmixin.py:205} WARNING - Dependency <Task(_PythonDecoratedOperator): log_sql_query>, print_the_context already registered for DAG: example_python_operator
[2024-03-28T15:27:21.552+0000] {processor.py:766} INFO - DAG(s) dict_keys(['example_python_operator']) retrieved from /home/airflow/.local/lib/python3.7/site-packages/airflow/example_dags/example_python_operator.py
[2024-03-28T15:27:22.875+0000] {logging_mixin.py:120} INFO - [2024-03-28T15:27:22.860+0000] {dag.py:2585} INFO - Sync 1 DAGs
[2024-03-28T15:27:24.803+0000] {logging_mixin.py:120} INFO - [2024-03-28T15:27:24.793+0000] {dag.py:3340} INFO - Setting next_dagrun for example_python_operator to None, run_after=None
[2024-03-28T15:27:24.906+0000] {processor.py:176} INFO - Processing /home/airflow/.local/lib/python3.7/site-packages/airflow/example_dags/example_python_operator.py took 3.907 seconds
[2024-03-28T15:28:01.551+0000] {processor.py:154} INFO - Started process (PID=139) to work on /home/airflow/.local/lib/python3.7/site-packages/airflow/example_dags/example_python_operator.py
[2024-03-28T15:28:01.554+0000] {processor.py:756} INFO - Processing file /home/airflow/.local/lib/python3.7/site-packages/airflow/example_dags/example_python_operator.py for tasks to queue
[2024-03-28T15:28:01.555+0000] {logging_mixin.py:120} INFO - [2024-03-28T15:28:01.555+0000] {dagbag.py:537} INFO - Filling up the DagBag from /home/airflow/.local/lib/python3.7/site-packages/airflow/example_dags/example_python_operator.py
[2024-03-28T15:28:01.590+0000] {logging_mixin.py:120} INFO - [2024-03-28T15:28:01.587+0000] {taskmixin.py:205} WARNING - Dependency <Task(_PythonDecoratedOperator): print_the_context>, log_sql_query already registered for DAG: example_python_operator
[2024-03-28T15:28:01.590+0000] {logging_mixin.py:120} INFO - [2024-03-28T15:28:01.590+0000] {taskmixin.py:205} WARNING - Dependency <Task(_PythonDecoratedOperator): log_sql_query>, print_the_context already registered for DAG: example_python_operator
[2024-03-28T15:28:01.591+0000] {logging_mixin.py:120} INFO - [2024-03-28T15:28:01.591+0000] {taskmixin.py:205} WARNING - Dependency <Task(_PythonDecoratedOperator): print_the_context>, log_sql_query already registered for DAG: example_python_operator
[2024-03-28T15:28:01.591+0000] {logging_mixin.py:120} INFO - [2024-03-28T15:28:01.591+0000] {taskmixin.py:205} WARNING - Dependency <Task(_PythonDecoratedOperator): log_sql_query>, print_the_context already registered for DAG: example_python_operator
[2024-03-28T15:28:01.592+0000] {logging_mixin.py:120} INFO - [2024-03-28T15:28:01.592+0000] {taskmixin.py:205} WARNING - Dependency <Task(_PythonDecoratedOperator): print_the_context>, log_sql_query already registered for DAG: example_python_operator
[2024-03-28T15:28:01.592+0000] {logging_mixin.py:120} INFO - [2024-03-28T15:28:01.592+0000] {taskmixin.py:205} WARNING - Dependency <Task(_PythonDecoratedOperator): log_sql_query>, print_the_context already registered for DAG: example_python_operator
[2024-03-28T15:28:01.594+0000] {logging_mixin.py:120} INFO - [2024-03-28T15:28:01.594+0000] {taskmixin.py:205} WARNING - Dependency <Task(_PythonDecoratedOperator): print_the_context>, log_sql_query already registered for DAG: example_python_operator
[2024-03-28T15:28:01.595+0000] {logging_mixin.py:120} INFO - [2024-03-28T15:28:01.595+0000] {taskmixin.py:205} WARNING - Dependency <Task(_PythonDecoratedOperator): log_sql_query>, print_the_context already registered for DAG: example_python_operator
[2024-03-28T15:28:01.609+0000] {processor.py:766} INFO - DAG(s) dict_keys(['example_python_operator']) retrieved from /home/airflow/.local/lib/python3.7/site-packages/airflow/example_dags/example_python_operator.py
[2024-03-28T15:28:01.786+0000] {logging_mixin.py:120} INFO - [2024-03-28T15:28:01.786+0000] {dag.py:2585} INFO - Sync 1 DAGs
[2024-03-28T15:28:01.814+0000] {logging_mixin.py:120} INFO - [2024-03-28T15:28:01.814+0000] {dag.py:3340} INFO - Setting next_dagrun for example_python_operator to None, run_after=None
[2024-03-28T15:28:01.855+0000] {processor.py:176} INFO - Processing /home/airflow/.local/lib/python3.7/site-packages/airflow/example_dags/example_python_operator.py took 0.313 seconds
[2024-03-28T15:30:11.431+0000] {processor.py:154} INFO - Started process (PID=82) to work on /home/airflow/.local/lib/python3.7/site-packages/airflow/example_dags/example_python_operator.py
[2024-03-28T15:30:11.437+0000] {processor.py:756} INFO - Processing file /home/airflow/.local/lib/python3.7/site-packages/airflow/example_dags/example_python_operator.py for tasks to queue
[2024-03-28T15:30:11.443+0000] {logging_mixin.py:120} INFO - [2024-03-28T15:30:11.442+0000] {dagbag.py:537} INFO - Filling up the DagBag from /home/airflow/.local/lib/python3.7/site-packages/airflow/example_dags/example_python_operator.py
[2024-03-28T15:30:11.547+0000] {logging_mixin.py:120} INFO - [2024-03-28T15:30:11.546+0000] {taskmixin.py:205} WARNING - Dependency <Task(_PythonDecoratedOperator): print_the_context>, log_sql_query already registered for DAG: example_python_operator
[2024-03-28T15:30:11.550+0000] {logging_mixin.py:120} INFO - [2024-03-28T15:30:11.549+0000] {taskmixin.py:205} WARNING - Dependency <Task(_PythonDecoratedOperator): log_sql_query>, print_the_context already registered for DAG: example_python_operator
[2024-03-28T15:30:11.556+0000] {logging_mixin.py:120} INFO - [2024-03-28T15:30:11.556+0000] {taskmixin.py:205} WARNING - Dependency <Task(_PythonDecoratedOperator): print_the_context>, log_sql_query already registered for DAG: example_python_operator
[2024-03-28T15:30:11.557+0000] {logging_mixin.py:120} INFO - [2024-03-28T15:30:11.557+0000] {taskmixin.py:205} WARNING - Dependency <Task(_PythonDecoratedOperator): log_sql_query>, print_the_context already registered for DAG: example_python_operator
[2024-03-28T15:30:11.561+0000] {logging_mixin.py:120} INFO - [2024-03-28T15:30:11.561+0000] {taskmixin.py:205} WARNING - Dependency <Task(_PythonDecoratedOperator): print_the_context>, log_sql_query already registered for DAG: example_python_operator
[2024-03-28T15:30:11.562+0000] {logging_mixin.py:120} INFO - [2024-03-28T15:30:11.562+0000] {taskmixin.py:205} WARNING - Dependency <Task(_PythonDecoratedOperator): log_sql_query>, print_the_context already registered for DAG: example_python_operator
[2024-03-28T15:30:11.568+0000] {logging_mixin.py:120} INFO - [2024-03-28T15:30:11.568+0000] {taskmixin.py:205} WARNING - Dependency <Task(_PythonDecoratedOperator): print_the_context>, log_sql_query already registered for DAG: example_python_operator
[2024-03-28T15:30:11.569+0000] {logging_mixin.py:120} INFO - [2024-03-28T15:30:11.569+0000] {taskmixin.py:205} WARNING - Dependency <Task(_PythonDecoratedOperator): log_sql_query>, print_the_context already registered for DAG: example_python_operator
[2024-03-28T15:30:11.646+0000] {processor.py:766} INFO - DAG(s) dict_keys(['example_python_operator']) retrieved from /home/airflow/.local/lib/python3.7/site-packages/airflow/example_dags/example_python_operator.py
[2024-03-28T15:30:12.061+0000] {logging_mixin.py:120} INFO - [2024-03-28T15:30:12.050+0000] {dag.py:2585} INFO - Sync 1 DAGs
[2024-03-28T15:30:12.189+0000] {logging_mixin.py:120} INFO - [2024-03-28T15:30:12.188+0000] {dag.py:3340} INFO - Setting next_dagrun for example_python_operator to None, run_after=None
[2024-03-28T15:30:12.267+0000] {processor.py:176} INFO - Processing /home/airflow/.local/lib/python3.7/site-packages/airflow/example_dags/example_python_operator.py took 0.882 seconds
[2024-03-28T15:35:08.445+0000] {processor.py:154} INFO - Started process (PID=92) to work on /home/airflow/.local/lib/python3.7/site-packages/airflow/example_dags/example_python_operator.py
[2024-03-28T15:35:08.456+0000] {processor.py:756} INFO - Processing file /home/airflow/.local/lib/python3.7/site-packages/airflow/example_dags/example_python_operator.py for tasks to queue
[2024-03-28T15:35:08.460+0000] {logging_mixin.py:120} INFO - [2024-03-28T15:35:08.460+0000] {dagbag.py:537} INFO - Filling up the DagBag from /home/airflow/.local/lib/python3.7/site-packages/airflow/example_dags/example_python_operator.py
[2024-03-28T15:35:08.665+0000] {logging_mixin.py:120} INFO - [2024-03-28T15:35:08.662+0000] {taskmixin.py:205} WARNING - Dependency <Task(_PythonDecoratedOperator): print_the_context>, log_sql_query already registered for DAG: example_python_operator
[2024-03-28T15:35:08.668+0000] {logging_mixin.py:120} INFO - [2024-03-28T15:35:08.667+0000] {taskmixin.py:205} WARNING - Dependency <Task(_PythonDecoratedOperator): log_sql_query>, print_the_context already registered for DAG: example_python_operator
[2024-03-28T15:35:08.672+0000] {logging_mixin.py:120} INFO - [2024-03-28T15:35:08.671+0000] {taskmixin.py:205} WARNING - Dependency <Task(_PythonDecoratedOperator): print_the_context>, log_sql_query already registered for DAG: example_python_operator
[2024-03-28T15:35:08.672+0000] {logging_mixin.py:120} INFO - [2024-03-28T15:35:08.672+0000] {taskmixin.py:205} WARNING - Dependency <Task(_PythonDecoratedOperator): log_sql_query>, print_the_context already registered for DAG: example_python_operator
[2024-03-28T15:35:08.676+0000] {logging_mixin.py:120} INFO - [2024-03-28T15:35:08.676+0000] {taskmixin.py:205} WARNING - Dependency <Task(_PythonDecoratedOperator): print_the_context>, log_sql_query already registered for DAG: example_python_operator
[2024-03-28T15:35:08.679+0000] {logging_mixin.py:120} INFO - [2024-03-28T15:35:08.678+0000] {taskmixin.py:205} WARNING - Dependency <Task(_PythonDecoratedOperator): log_sql_query>, print_the_context already registered for DAG: example_python_operator
[2024-03-28T15:35:08.681+0000] {logging_mixin.py:120} INFO - [2024-03-28T15:35:08.681+0000] {taskmixin.py:205} WARNING - Dependency <Task(_PythonDecoratedOperator): print_the_context>, log_sql_query already registered for DAG: example_python_operator
[2024-03-28T15:35:08.682+0000] {logging_mixin.py:120} INFO - [2024-03-28T15:35:08.682+0000] {taskmixin.py:205} WARNING - Dependency <Task(_PythonDecoratedOperator): log_sql_query>, print_the_context already registered for DAG: example_python_operator
[2024-03-28T15:35:08.790+0000] {processor.py:766} INFO - DAG(s) dict_keys(['example_python_operator']) retrieved from /home/airflow/.local/lib/python3.7/site-packages/airflow/example_dags/example_python_operator.py
[2024-03-28T15:35:09.445+0000] {logging_mixin.py:120} INFO - [2024-03-28T15:35:09.433+0000] {dag.py:2585} INFO - Sync 1 DAGs
[2024-03-28T15:35:09.697+0000] {logging_mixin.py:120} INFO - [2024-03-28T15:35:09.695+0000] {dag.py:3340} INFO - Setting next_dagrun for example_python_operator to None, run_after=None
[2024-03-28T15:35:09.858+0000] {processor.py:176} INFO - Processing /home/airflow/.local/lib/python3.7/site-packages/airflow/example_dags/example_python_operator.py took 1.430 seconds
[2024-03-28T15:39:25.065+0000] {processor.py:154} INFO - Started process (PID=156) to work on /home/airflow/.local/lib/python3.7/site-packages/airflow/example_dags/example_python_operator.py
[2024-03-28T15:39:25.071+0000] {processor.py:756} INFO - Processing file /home/airflow/.local/lib/python3.7/site-packages/airflow/example_dags/example_python_operator.py for tasks to queue
[2024-03-28T15:39:25.073+0000] {logging_mixin.py:120} INFO - [2024-03-28T15:39:25.073+0000] {dagbag.py:537} INFO - Filling up the DagBag from /home/airflow/.local/lib/python3.7/site-packages/airflow/example_dags/example_python_operator.py
[2024-03-28T15:39:25.213+0000] {logging_mixin.py:120} INFO - [2024-03-28T15:39:25.212+0000] {taskmixin.py:205} WARNING - Dependency <Task(_PythonDecoratedOperator): print_the_context>, log_sql_query already registered for DAG: example_python_operator
[2024-03-28T15:39:25.214+0000] {logging_mixin.py:120} INFO - [2024-03-28T15:39:25.214+0000] {taskmixin.py:205} WARNING - Dependency <Task(_PythonDecoratedOperator): log_sql_query>, print_the_context already registered for DAG: example_python_operator
[2024-03-28T15:39:25.217+0000] {logging_mixin.py:120} INFO - [2024-03-28T15:39:25.217+0000] {taskmixin.py:205} WARNING - Dependency <Task(_PythonDecoratedOperator): print_the_context>, log_sql_query already registered for DAG: example_python_operator
[2024-03-28T15:39:25.227+0000] {logging_mixin.py:120} INFO - [2024-03-28T15:39:25.226+0000] {taskmixin.py:205} WARNING - Dependency <Task(_PythonDecoratedOperator): log_sql_query>, print_the_context already registered for DAG: example_python_operator
[2024-03-28T15:39:25.232+0000] {logging_mixin.py:120} INFO - [2024-03-28T15:39:25.231+0000] {taskmixin.py:205} WARNING - Dependency <Task(_PythonDecoratedOperator): print_the_context>, log_sql_query already registered for DAG: example_python_operator
[2024-03-28T15:39:25.235+0000] {logging_mixin.py:120} INFO - [2024-03-28T15:39:25.235+0000] {taskmixin.py:205} WARNING - Dependency <Task(_PythonDecoratedOperator): log_sql_query>, print_the_context already registered for DAG: example_python_operator
[2024-03-28T15:39:25.239+0000] {logging_mixin.py:120} INFO - [2024-03-28T15:39:25.239+0000] {taskmixin.py:205} WARNING - Dependency <Task(_PythonDecoratedOperator): print_the_context>, log_sql_query already registered for DAG: example_python_operator
[2024-03-28T15:39:25.241+0000] {logging_mixin.py:120} INFO - [2024-03-28T15:39:25.240+0000] {taskmixin.py:205} WARNING - Dependency <Task(_PythonDecoratedOperator): log_sql_query>, print_the_context already registered for DAG: example_python_operator
[2024-03-28T15:39:25.416+0000] {processor.py:766} INFO - DAG(s) dict_keys(['example_python_operator']) retrieved from /home/airflow/.local/lib/python3.7/site-packages/airflow/example_dags/example_python_operator.py
[2024-03-28T15:39:26.043+0000] {logging_mixin.py:120} INFO - [2024-03-28T15:39:26.041+0000] {dag.py:2585} INFO - Sync 1 DAGs
[2024-03-28T15:42:06.768+0000] {processor.py:154} INFO - Started process (PID=87) to work on /home/airflow/.local/lib/python3.7/site-packages/airflow/example_dags/example_python_operator.py
[2024-03-28T15:42:06.772+0000] {processor.py:756} INFO - Processing file /home/airflow/.local/lib/python3.7/site-packages/airflow/example_dags/example_python_operator.py for tasks to queue
[2024-03-28T15:42:06.774+0000] {logging_mixin.py:120} INFO - [2024-03-28T15:42:06.774+0000] {dagbag.py:537} INFO - Filling up the DagBag from /home/airflow/.local/lib/python3.7/site-packages/airflow/example_dags/example_python_operator.py
[2024-03-28T15:42:06.858+0000] {logging_mixin.py:120} INFO - [2024-03-28T15:42:06.858+0000] {taskmixin.py:205} WARNING - Dependency <Task(_PythonDecoratedOperator): print_the_context>, log_sql_query already registered for DAG: example_python_operator
[2024-03-28T15:42:06.860+0000] {logging_mixin.py:120} INFO - [2024-03-28T15:42:06.859+0000] {taskmixin.py:205} WARNING - Dependency <Task(_PythonDecoratedOperator): log_sql_query>, print_the_context already registered for DAG: example_python_operator
[2024-03-28T15:42:06.865+0000] {logging_mixin.py:120} INFO - [2024-03-28T15:42:06.864+0000] {taskmixin.py:205} WARNING - Dependency <Task(_PythonDecoratedOperator): print_the_context>, log_sql_query already registered for DAG: example_python_operator
[2024-03-28T15:42:06.867+0000] {logging_mixin.py:120} INFO - [2024-03-28T15:42:06.867+0000] {taskmixin.py:205} WARNING - Dependency <Task(_PythonDecoratedOperator): log_sql_query>, print_the_context already registered for DAG: example_python_operator
[2024-03-28T15:42:06.868+0000] {logging_mixin.py:120} INFO - [2024-03-28T15:42:06.868+0000] {taskmixin.py:205} WARNING - Dependency <Task(_PythonDecoratedOperator): print_the_context>, log_sql_query already registered for DAG: example_python_operator
[2024-03-28T15:42:06.868+0000] {logging_mixin.py:120} INFO - [2024-03-28T15:42:06.868+0000] {taskmixin.py:205} WARNING - Dependency <Task(_PythonDecoratedOperator): log_sql_query>, print_the_context already registered for DAG: example_python_operator
[2024-03-28T15:42:06.871+0000] {logging_mixin.py:120} INFO - [2024-03-28T15:42:06.871+0000] {taskmixin.py:205} WARNING - Dependency <Task(_PythonDecoratedOperator): print_the_context>, log_sql_query already registered for DAG: example_python_operator
[2024-03-28T15:42:06.872+0000] {logging_mixin.py:120} INFO - [2024-03-28T15:42:06.872+0000] {taskmixin.py:205} WARNING - Dependency <Task(_PythonDecoratedOperator): log_sql_query>, print_the_context already registered for DAG: example_python_operator
[2024-03-28T15:42:06.975+0000] {processor.py:766} INFO - DAG(s) dict_keys(['example_python_operator']) retrieved from /home/airflow/.local/lib/python3.7/site-packages/airflow/example_dags/example_python_operator.py
[2024-03-28T15:42:08.050+0000] {logging_mixin.py:120} INFO - [2024-03-28T15:42:08.049+0000] {dag.py:2585} INFO - Sync 1 DAGs
[2024-03-28T15:42:12.747+0000] {logging_mixin.py:120} INFO - [2024-03-28T15:42:12.747+0000] {dag.py:3340} INFO - Setting next_dagrun for example_python_operator to None, run_after=None
[2024-03-28T15:42:12.850+0000] {processor.py:176} INFO - Processing /home/airflow/.local/lib/python3.7/site-packages/airflow/example_dags/example_python_operator.py took 6.091 seconds
[2024-03-28T15:42:55.006+0000] {processor.py:154} INFO - Started process (PID=47) to work on /home/airflow/.local/lib/python3.7/site-packages/airflow/example_dags/example_python_operator.py
[2024-03-28T15:42:55.007+0000] {processor.py:756} INFO - Processing file /home/airflow/.local/lib/python3.7/site-packages/airflow/example_dags/example_python_operator.py for tasks to queue
[2024-03-28T15:42:55.009+0000] {logging_mixin.py:120} INFO - [2024-03-28T15:42:55.008+0000] {dagbag.py:537} INFO - Filling up the DagBag from /home/airflow/.local/lib/python3.7/site-packages/airflow/example_dags/example_python_operator.py
[2024-03-28T15:42:55.025+0000] {logging_mixin.py:120} INFO - [2024-03-28T15:42:55.025+0000] {taskmixin.py:205} WARNING - Dependency <Task(_PythonDecoratedOperator): print_the_context>, log_sql_query already registered for DAG: example_python_operator
[2024-03-28T15:42:55.027+0000] {logging_mixin.py:120} INFO - [2024-03-28T15:42:55.026+0000] {taskmixin.py:205} WARNING - Dependency <Task(_PythonDecoratedOperator): log_sql_query>, print_the_context already registered for DAG: example_python_operator
[2024-03-28T15:42:55.027+0000] {logging_mixin.py:120} INFO - [2024-03-28T15:42:55.027+0000] {taskmixin.py:205} WARNING - Dependency <Task(_PythonDecoratedOperator): print_the_context>, log_sql_query already registered for DAG: example_python_operator
[2024-03-28T15:42:55.028+0000] {logging_mixin.py:120} INFO - [2024-03-28T15:42:55.028+0000] {taskmixin.py:205} WARNING - Dependency <Task(_PythonDecoratedOperator): log_sql_query>, print_the_context already registered for DAG: example_python_operator
[2024-03-28T15:42:55.028+0000] {logging_mixin.py:120} INFO - [2024-03-28T15:42:55.028+0000] {taskmixin.py:205} WARNING - Dependency <Task(_PythonDecoratedOperator): print_the_context>, log_sql_query already registered for DAG: example_python_operator
[2024-03-28T15:42:55.029+0000] {logging_mixin.py:120} INFO - [2024-03-28T15:42:55.029+0000] {taskmixin.py:205} WARNING - Dependency <Task(_PythonDecoratedOperator): log_sql_query>, print_the_context already registered for DAG: example_python_operator
[2024-03-28T15:42:55.030+0000] {logging_mixin.py:120} INFO - [2024-03-28T15:42:55.029+0000] {taskmixin.py:205} WARNING - Dependency <Task(_PythonDecoratedOperator): print_the_context>, log_sql_query already registered for DAG: example_python_operator
[2024-03-28T15:42:55.030+0000] {logging_mixin.py:120} INFO - [2024-03-28T15:42:55.030+0000] {taskmixin.py:205} WARNING - Dependency <Task(_PythonDecoratedOperator): log_sql_query>, print_the_context already registered for DAG: example_python_operator
[2024-03-28T15:42:55.038+0000] {processor.py:766} INFO - DAG(s) dict_keys(['example_python_operator']) retrieved from /home/airflow/.local/lib/python3.7/site-packages/airflow/example_dags/example_python_operator.py
[2024-03-28T15:42:55.091+0000] {logging_mixin.py:120} INFO - [2024-03-28T15:42:55.091+0000] {dag.py:2585} INFO - Sync 1 DAGs
[2024-03-28T15:42:55.124+0000] {logging_mixin.py:120} INFO - [2024-03-28T15:42:55.123+0000] {dag.py:3340} INFO - Setting next_dagrun for example_python_operator to None, run_after=None
[2024-03-28T15:42:55.148+0000] {processor.py:176} INFO - Processing /home/airflow/.local/lib/python3.7/site-packages/airflow/example_dags/example_python_operator.py took 0.148 seconds
[2024-03-28T15:44:00.418+0000] {processor.py:154} INFO - Started process (PID=119) to work on /home/airflow/.local/lib/python3.7/site-packages/airflow/example_dags/example_python_operator.py
[2024-03-28T15:44:00.429+0000] {processor.py:756} INFO - Processing file /home/airflow/.local/lib/python3.7/site-packages/airflow/example_dags/example_python_operator.py for tasks to queue
[2024-03-28T15:44:00.430+0000] {logging_mixin.py:120} INFO - [2024-03-28T15:44:00.430+0000] {dagbag.py:537} INFO - Filling up the DagBag from /home/airflow/.local/lib/python3.7/site-packages/airflow/example_dags/example_python_operator.py
[2024-03-28T15:44:00.741+0000] {logging_mixin.py:120} INFO - [2024-03-28T15:44:00.734+0000] {taskmixin.py:205} WARNING - Dependency <Task(_PythonDecoratedOperator): print_the_context>, log_sql_query already registered for DAG: example_python_operator
[2024-03-28T15:44:00.747+0000] {logging_mixin.py:120} INFO - [2024-03-28T15:44:00.746+0000] {taskmixin.py:205} WARNING - Dependency <Task(_PythonDecoratedOperator): log_sql_query>, print_the_context already registered for DAG: example_python_operator
[2024-03-28T15:44:00.767+0000] {logging_mixin.py:120} INFO - [2024-03-28T15:44:00.759+0000] {taskmixin.py:205} WARNING - Dependency <Task(_PythonDecoratedOperator): print_the_context>, log_sql_query already registered for DAG: example_python_operator
[2024-03-28T15:44:00.772+0000] {logging_mixin.py:120} INFO - [2024-03-28T15:44:00.769+0000] {taskmixin.py:205} WARNING - Dependency <Task(_PythonDecoratedOperator): log_sql_query>, print_the_context already registered for DAG: example_python_operator
[2024-03-28T15:44:00.783+0000] {logging_mixin.py:120} INFO - [2024-03-28T15:44:00.781+0000] {taskmixin.py:205} WARNING - Dependency <Task(_PythonDecoratedOperator): print_the_context>, log_sql_query already registered for DAG: example_python_operator
[2024-03-28T15:44:00.783+0000] {logging_mixin.py:120} INFO - [2024-03-28T15:44:00.783+0000] {taskmixin.py:205} WARNING - Dependency <Task(_PythonDecoratedOperator): log_sql_query>, print_the_context already registered for DAG: example_python_operator
[2024-03-28T15:44:00.786+0000] {logging_mixin.py:120} INFO - [2024-03-28T15:44:00.785+0000] {taskmixin.py:205} WARNING - Dependency <Task(_PythonDecoratedOperator): print_the_context>, log_sql_query already registered for DAG: example_python_operator
[2024-03-28T15:44:00.789+0000] {logging_mixin.py:120} INFO - [2024-03-28T15:44:00.788+0000] {taskmixin.py:205} WARNING - Dependency <Task(_PythonDecoratedOperator): log_sql_query>, print_the_context already registered for DAG: example_python_operator
[2024-03-28T15:44:00.989+0000] {processor.py:766} INFO - DAG(s) dict_keys(['example_python_operator']) retrieved from /home/airflow/.local/lib/python3.7/site-packages/airflow/example_dags/example_python_operator.py
[2024-03-28T15:44:01.872+0000] {logging_mixin.py:120} INFO - [2024-03-28T15:44:01.872+0000] {dag.py:2585} INFO - Sync 1 DAGs
[2024-03-28T15:44:01.935+0000] {logging_mixin.py:120} INFO - [2024-03-28T15:44:01.935+0000] {dag.py:3340} INFO - Setting next_dagrun for example_python_operator to None, run_after=None
[2024-03-28T15:44:01.969+0000] {processor.py:176} INFO - Processing /home/airflow/.local/lib/python3.7/site-packages/airflow/example_dags/example_python_operator.py took 1.556 seconds
[2024-03-28T15:45:19.960+0000] {processor.py:154} INFO - Started process (PID=65) to work on /home/airflow/.local/lib/python3.7/site-packages/airflow/example_dags/example_python_operator.py
[2024-03-28T15:45:19.961+0000] {processor.py:756} INFO - Processing file /home/airflow/.local/lib/python3.7/site-packages/airflow/example_dags/example_python_operator.py for tasks to queue
[2024-03-28T15:45:19.962+0000] {logging_mixin.py:120} INFO - [2024-03-28T15:45:19.961+0000] {dagbag.py:537} INFO - Filling up the DagBag from /home/airflow/.local/lib/python3.7/site-packages/airflow/example_dags/example_python_operator.py
[2024-03-28T15:45:19.977+0000] {logging_mixin.py:120} INFO - [2024-03-28T15:45:19.977+0000] {taskmixin.py:205} WARNING - Dependency <Task(_PythonDecoratedOperator): print_the_context>, log_sql_query already registered for DAG: example_python_operator
[2024-03-28T15:45:19.978+0000] {logging_mixin.py:120} INFO - [2024-03-28T15:45:19.978+0000] {taskmixin.py:205} WARNING - Dependency <Task(_PythonDecoratedOperator): log_sql_query>, print_the_context already registered for DAG: example_python_operator
[2024-03-28T15:45:19.978+0000] {logging_mixin.py:120} INFO - [2024-03-28T15:45:19.978+0000] {taskmixin.py:205} WARNING - Dependency <Task(_PythonDecoratedOperator): print_the_context>, log_sql_query already registered for DAG: example_python_operator
[2024-03-28T15:45:19.978+0000] {logging_mixin.py:120} INFO - [2024-03-28T15:45:19.978+0000] {taskmixin.py:205} WARNING - Dependency <Task(_PythonDecoratedOperator): log_sql_query>, print_the_context already registered for DAG: example_python_operator
[2024-03-28T15:45:19.979+0000] {logging_mixin.py:120} INFO - [2024-03-28T15:45:19.979+0000] {taskmixin.py:205} WARNING - Dependency <Task(_PythonDecoratedOperator): print_the_context>, log_sql_query already registered for DAG: example_python_operator
[2024-03-28T15:45:19.979+0000] {logging_mixin.py:120} INFO - [2024-03-28T15:45:19.979+0000] {taskmixin.py:205} WARNING - Dependency <Task(_PythonDecoratedOperator): log_sql_query>, print_the_context already registered for DAG: example_python_operator
[2024-03-28T15:45:19.980+0000] {logging_mixin.py:120} INFO - [2024-03-28T15:45:19.979+0000] {taskmixin.py:205} WARNING - Dependency <Task(_PythonDecoratedOperator): print_the_context>, log_sql_query already registered for DAG: example_python_operator
[2024-03-28T15:45:19.980+0000] {logging_mixin.py:120} INFO - [2024-03-28T15:45:19.980+0000] {taskmixin.py:205} WARNING - Dependency <Task(_PythonDecoratedOperator): log_sql_query>, print_the_context already registered for DAG: example_python_operator
[2024-03-28T15:45:19.985+0000] {processor.py:766} INFO - DAG(s) dict_keys(['example_python_operator']) retrieved from /home/airflow/.local/lib/python3.7/site-packages/airflow/example_dags/example_python_operator.py
[2024-03-28T15:45:20.049+0000] {logging_mixin.py:120} INFO - [2024-03-28T15:45:20.049+0000] {dag.py:2585} INFO - Sync 1 DAGs
[2024-03-28T15:45:20.069+0000] {logging_mixin.py:120} INFO - [2024-03-28T15:45:20.069+0000] {dag.py:3340} INFO - Setting next_dagrun for example_python_operator to None, run_after=None
[2024-03-28T15:45:20.082+0000] {processor.py:176} INFO - Processing /home/airflow/.local/lib/python3.7/site-packages/airflow/example_dags/example_python_operator.py took 0.125 seconds
[2024-03-28T15:46:38.873+0000] {processor.py:154} INFO - Started process (PID=143) to work on /home/airflow/.local/lib/python3.7/site-packages/airflow/example_dags/example_python_operator.py
[2024-03-28T15:46:38.884+0000] {processor.py:756} INFO - Processing file /home/airflow/.local/lib/python3.7/site-packages/airflow/example_dags/example_python_operator.py for tasks to queue
[2024-03-28T15:46:38.889+0000] {logging_mixin.py:120} INFO - [2024-03-28T15:46:38.889+0000] {dagbag.py:537} INFO - Filling up the DagBag from /home/airflow/.local/lib/python3.7/site-packages/airflow/example_dags/example_python_operator.py
[2024-03-28T15:46:39.060+0000] {logging_mixin.py:120} INFO - [2024-03-28T15:46:39.058+0000] {taskmixin.py:205} WARNING - Dependency <Task(_PythonDecoratedOperator): print_the_context>, log_sql_query already registered for DAG: example_python_operator
[2024-03-28T15:46:39.061+0000] {logging_mixin.py:120} INFO - [2024-03-28T15:46:39.061+0000] {taskmixin.py:205} WARNING - Dependency <Task(_PythonDecoratedOperator): log_sql_query>, print_the_context already registered for DAG: example_python_operator
[2024-03-28T15:46:39.065+0000] {logging_mixin.py:120} INFO - [2024-03-28T15:46:39.065+0000] {taskmixin.py:205} WARNING - Dependency <Task(_PythonDecoratedOperator): print_the_context>, log_sql_query already registered for DAG: example_python_operator
[2024-03-28T15:46:39.074+0000] {logging_mixin.py:120} INFO - [2024-03-28T15:46:39.074+0000] {taskmixin.py:205} WARNING - Dependency <Task(_PythonDecoratedOperator): log_sql_query>, print_the_context already registered for DAG: example_python_operator
[2024-03-28T15:46:39.081+0000] {logging_mixin.py:120} INFO - [2024-03-28T15:46:39.080+0000] {taskmixin.py:205} WARNING - Dependency <Task(_PythonDecoratedOperator): print_the_context>, log_sql_query already registered for DAG: example_python_operator
[2024-03-28T15:46:39.086+0000] {logging_mixin.py:120} INFO - [2024-03-28T15:46:39.082+0000] {taskmixin.py:205} WARNING - Dependency <Task(_PythonDecoratedOperator): log_sql_query>, print_the_context already registered for DAG: example_python_operator
[2024-03-28T15:46:39.092+0000] {logging_mixin.py:120} INFO - [2024-03-28T15:46:39.091+0000] {taskmixin.py:205} WARNING - Dependency <Task(_PythonDecoratedOperator): print_the_context>, log_sql_query already registered for DAG: example_python_operator
[2024-03-28T15:46:39.095+0000] {logging_mixin.py:120} INFO - [2024-03-28T15:46:39.095+0000] {taskmixin.py:205} WARNING - Dependency <Task(_PythonDecoratedOperator): log_sql_query>, print_the_context already registered for DAG: example_python_operator
[2024-03-28T15:46:39.224+0000] {processor.py:766} INFO - DAG(s) dict_keys(['example_python_operator']) retrieved from /home/airflow/.local/lib/python3.7/site-packages/airflow/example_dags/example_python_operator.py
[2024-03-28T15:46:46.576+0000] {logging_mixin.py:120} INFO - [2024-03-28T15:46:46.573+0000] {dag.py:2585} INFO - Sync 1 DAGs
[2024-03-28T15:46:46.643+0000] {logging_mixin.py:120} INFO - [2024-03-28T15:46:46.643+0000] {dag.py:3340} INFO - Setting next_dagrun for example_python_operator to None, run_after=None
[2024-03-28T15:46:46.710+0000] {processor.py:176} INFO - Processing /home/airflow/.local/lib/python3.7/site-packages/airflow/example_dags/example_python_operator.py took 7.843 seconds
[2024-03-28T15:50:24.911+0000] {processor.py:154} INFO - Started process (PID=91) to work on /home/airflow/.local/lib/python3.7/site-packages/airflow/example_dags/example_python_operator.py
[2024-03-28T15:50:24.914+0000] {processor.py:756} INFO - Processing file /home/airflow/.local/lib/python3.7/site-packages/airflow/example_dags/example_python_operator.py for tasks to queue
[2024-03-28T15:50:24.916+0000] {logging_mixin.py:120} INFO - [2024-03-28T15:50:24.915+0000] {dagbag.py:537} INFO - Filling up the DagBag from /home/airflow/.local/lib/python3.7/site-packages/airflow/example_dags/example_python_operator.py
[2024-03-28T15:50:25.033+0000] {logging_mixin.py:120} INFO - [2024-03-28T15:50:25.029+0000] {taskmixin.py:205} WARNING - Dependency <Task(_PythonDecoratedOperator): print_the_context>, log_sql_query already registered for DAG: example_python_operator
[2024-03-28T15:50:25.033+0000] {logging_mixin.py:120} INFO - [2024-03-28T15:50:25.033+0000] {taskmixin.py:205} WARNING - Dependency <Task(_PythonDecoratedOperator): log_sql_query>, print_the_context already registered for DAG: example_python_operator
[2024-03-28T15:50:25.035+0000] {logging_mixin.py:120} INFO - [2024-03-28T15:50:25.035+0000] {taskmixin.py:205} WARNING - Dependency <Task(_PythonDecoratedOperator): print_the_context>, log_sql_query already registered for DAG: example_python_operator
[2024-03-28T15:50:25.036+0000] {logging_mixin.py:120} INFO - [2024-03-28T15:50:25.036+0000] {taskmixin.py:205} WARNING - Dependency <Task(_PythonDecoratedOperator): log_sql_query>, print_the_context already registered for DAG: example_python_operator
[2024-03-28T15:50:25.037+0000] {logging_mixin.py:120} INFO - [2024-03-28T15:50:25.037+0000] {taskmixin.py:205} WARNING - Dependency <Task(_PythonDecoratedOperator): print_the_context>, log_sql_query already registered for DAG: example_python_operator
[2024-03-28T15:50:25.037+0000] {logging_mixin.py:120} INFO - [2024-03-28T15:50:25.037+0000] {taskmixin.py:205} WARNING - Dependency <Task(_PythonDecoratedOperator): log_sql_query>, print_the_context already registered for DAG: example_python_operator
[2024-03-28T15:50:25.039+0000] {logging_mixin.py:120} INFO - [2024-03-28T15:50:25.039+0000] {taskmixin.py:205} WARNING - Dependency <Task(_PythonDecoratedOperator): print_the_context>, log_sql_query already registered for DAG: example_python_operator
[2024-03-28T15:50:25.039+0000] {logging_mixin.py:120} INFO - [2024-03-28T15:50:25.039+0000] {taskmixin.py:205} WARNING - Dependency <Task(_PythonDecoratedOperator): log_sql_query>, print_the_context already registered for DAG: example_python_operator
[2024-03-28T15:50:30.940+0000] {processor.py:766} INFO - DAG(s) dict_keys(['example_python_operator']) retrieved from /home/airflow/.local/lib/python3.7/site-packages/airflow/example_dags/example_python_operator.py
[2024-03-28T15:50:31.983+0000] {logging_mixin.py:120} INFO - [2024-03-28T15:50:31.980+0000] {dag.py:2585} INFO - Sync 1 DAGs
[2024-03-28T15:50:32.164+0000] {logging_mixin.py:120} INFO - [2024-03-28T15:50:32.162+0000] {dag.py:3340} INFO - Setting next_dagrun for example_python_operator to None, run_after=None
[2024-03-28T15:50:32.241+0000] {processor.py:176} INFO - Processing /home/airflow/.local/lib/python3.7/site-packages/airflow/example_dags/example_python_operator.py took 7.336 seconds
[2024-03-28T15:53:50.015+0000] {processor.py:154} INFO - Started process (PID=73) to work on /home/airflow/.local/lib/python3.7/site-packages/airflow/example_dags/example_python_operator.py
[2024-03-28T15:53:50.021+0000] {processor.py:756} INFO - Processing file /home/airflow/.local/lib/python3.7/site-packages/airflow/example_dags/example_python_operator.py for tasks to queue
[2024-03-28T15:53:50.024+0000] {logging_mixin.py:120} INFO - [2024-03-28T15:53:50.023+0000] {dagbag.py:537} INFO - Filling up the DagBag from /home/airflow/.local/lib/python3.7/site-packages/airflow/example_dags/example_python_operator.py
[2024-03-28T15:53:50.120+0000] {logging_mixin.py:120} INFO - [2024-03-28T15:53:50.107+0000] {taskmixin.py:205} WARNING - Dependency <Task(_PythonDecoratedOperator): print_the_context>, log_sql_query already registered for DAG: example_python_operator
[2024-03-28T15:53:50.121+0000] {logging_mixin.py:120} INFO - [2024-03-28T15:53:50.121+0000] {taskmixin.py:205} WARNING - Dependency <Task(_PythonDecoratedOperator): log_sql_query>, print_the_context already registered for DAG: example_python_operator
[2024-03-28T15:53:50.123+0000] {logging_mixin.py:120} INFO - [2024-03-28T15:53:50.123+0000] {taskmixin.py:205} WARNING - Dependency <Task(_PythonDecoratedOperator): print_the_context>, log_sql_query already registered for DAG: example_python_operator
[2024-03-28T15:53:50.126+0000] {logging_mixin.py:120} INFO - [2024-03-28T15:53:50.126+0000] {taskmixin.py:205} WARNING - Dependency <Task(_PythonDecoratedOperator): log_sql_query>, print_the_context already registered for DAG: example_python_operator
[2024-03-28T15:53:50.133+0000] {logging_mixin.py:120} INFO - [2024-03-28T15:53:50.132+0000] {taskmixin.py:205} WARNING - Dependency <Task(_PythonDecoratedOperator): print_the_context>, log_sql_query already registered for DAG: example_python_operator
[2024-03-28T15:53:50.136+0000] {logging_mixin.py:120} INFO - [2024-03-28T15:53:50.136+0000] {taskmixin.py:205} WARNING - Dependency <Task(_PythonDecoratedOperator): log_sql_query>, print_the_context already registered for DAG: example_python_operator
[2024-03-28T15:53:50.142+0000] {logging_mixin.py:120} INFO - [2024-03-28T15:53:50.142+0000] {taskmixin.py:205} WARNING - Dependency <Task(_PythonDecoratedOperator): print_the_context>, log_sql_query already registered for DAG: example_python_operator
[2024-03-28T15:53:50.150+0000] {logging_mixin.py:120} INFO - [2024-03-28T15:53:50.145+0000] {taskmixin.py:205} WARNING - Dependency <Task(_PythonDecoratedOperator): log_sql_query>, print_the_context already registered for DAG: example_python_operator
[2024-03-28T15:53:50.555+0000] {processor.py:766} INFO - DAG(s) dict_keys(['example_python_operator']) retrieved from /home/airflow/.local/lib/python3.7/site-packages/airflow/example_dags/example_python_operator.py
[2024-03-28T15:53:51.886+0000] {logging_mixin.py:120} INFO - [2024-03-28T15:53:51.880+0000] {dag.py:2585} INFO - Sync 1 DAGs
[2024-03-28T15:53:52.002+0000] {logging_mixin.py:120} INFO - [2024-03-28T15:53:52.002+0000] {dag.py:3340} INFO - Setting next_dagrun for example_python_operator to None, run_after=None
[2024-03-28T15:53:52.051+0000] {processor.py:176} INFO - Processing /home/airflow/.local/lib/python3.7/site-packages/airflow/example_dags/example_python_operator.py took 2.298 seconds
[2024-03-28T15:54:48.860+0000] {processor.py:154} INFO - Started process (PID=137) to work on /home/airflow/.local/lib/python3.7/site-packages/airflow/example_dags/example_python_operator.py
[2024-03-28T15:54:48.886+0000] {processor.py:756} INFO - Processing file /home/airflow/.local/lib/python3.7/site-packages/airflow/example_dags/example_python_operator.py for tasks to queue
[2024-03-28T15:54:48.892+0000] {logging_mixin.py:120} INFO - [2024-03-28T15:54:48.891+0000] {dagbag.py:537} INFO - Filling up the DagBag from /home/airflow/.local/lib/python3.7/site-packages/airflow/example_dags/example_python_operator.py
[2024-03-28T15:54:49.537+0000] {logging_mixin.py:120} INFO - [2024-03-28T15:54:49.533+0000] {taskmixin.py:205} WARNING - Dependency <Task(_PythonDecoratedOperator): print_the_context>, log_sql_query already registered for DAG: example_python_operator
[2024-03-28T15:54:49.539+0000] {logging_mixin.py:120} INFO - [2024-03-28T15:54:49.539+0000] {taskmixin.py:205} WARNING - Dependency <Task(_PythonDecoratedOperator): log_sql_query>, print_the_context already registered for DAG: example_python_operator
[2024-03-28T15:54:49.542+0000] {logging_mixin.py:120} INFO - [2024-03-28T15:54:49.542+0000] {taskmixin.py:205} WARNING - Dependency <Task(_PythonDecoratedOperator): print_the_context>, log_sql_query already registered for DAG: example_python_operator
[2024-03-28T15:54:49.544+0000] {logging_mixin.py:120} INFO - [2024-03-28T15:54:49.543+0000] {taskmixin.py:205} WARNING - Dependency <Task(_PythonDecoratedOperator): log_sql_query>, print_the_context already registered for DAG: example_python_operator
[2024-03-28T15:54:49.546+0000] {logging_mixin.py:120} INFO - [2024-03-28T15:54:49.546+0000] {taskmixin.py:205} WARNING - Dependency <Task(_PythonDecoratedOperator): print_the_context>, log_sql_query already registered for DAG: example_python_operator
[2024-03-28T15:54:49.548+0000] {logging_mixin.py:120} INFO - [2024-03-28T15:54:49.548+0000] {taskmixin.py:205} WARNING - Dependency <Task(_PythonDecoratedOperator): log_sql_query>, print_the_context already registered for DAG: example_python_operator
[2024-03-28T15:54:49.556+0000] {logging_mixin.py:120} INFO - [2024-03-28T15:54:49.554+0000] {taskmixin.py:205} WARNING - Dependency <Task(_PythonDecoratedOperator): print_the_context>, log_sql_query already registered for DAG: example_python_operator
[2024-03-28T15:54:49.557+0000] {logging_mixin.py:120} INFO - [2024-03-28T15:54:49.557+0000] {taskmixin.py:205} WARNING - Dependency <Task(_PythonDecoratedOperator): log_sql_query>, print_the_context already registered for DAG: example_python_operator
[2024-03-28T15:54:49.976+0000] {processor.py:766} INFO - DAG(s) dict_keys(['example_python_operator']) retrieved from /home/airflow/.local/lib/python3.7/site-packages/airflow/example_dags/example_python_operator.py
[2024-03-28T15:54:50.449+0000] {logging_mixin.py:120} INFO - [2024-03-28T15:54:50.447+0000] {dag.py:2585} INFO - Sync 1 DAGs
[2024-03-28T15:54:50.583+0000] {logging_mixin.py:120} INFO - [2024-03-28T15:54:50.579+0000] {dag.py:3340} INFO - Setting next_dagrun for example_python_operator to None, run_after=None
[2024-03-28T15:54:50.830+0000] {processor.py:176} INFO - Processing /home/airflow/.local/lib/python3.7/site-packages/airflow/example_dags/example_python_operator.py took 2.005 seconds
[2024-03-28T15:58:13.276+0000] {processor.py:154} INFO - Started process (PID=98) to work on /home/airflow/.local/lib/python3.7/site-packages/airflow/example_dags/example_python_operator.py
[2024-03-28T15:58:13.288+0000] {processor.py:756} INFO - Processing file /home/airflow/.local/lib/python3.7/site-packages/airflow/example_dags/example_python_operator.py for tasks to queue
[2024-03-28T15:58:13.300+0000] {logging_mixin.py:120} INFO - [2024-03-28T15:58:13.298+0000] {dagbag.py:537} INFO - Filling up the DagBag from /home/airflow/.local/lib/python3.7/site-packages/airflow/example_dags/example_python_operator.py
[2024-03-28T15:58:13.525+0000] {logging_mixin.py:120} INFO - [2024-03-28T15:58:13.523+0000] {taskmixin.py:205} WARNING - Dependency <Task(_PythonDecoratedOperator): print_the_context>, log_sql_query already registered for DAG: example_python_operator
[2024-03-28T15:58:13.529+0000] {logging_mixin.py:120} INFO - [2024-03-28T15:58:13.527+0000] {taskmixin.py:205} WARNING - Dependency <Task(_PythonDecoratedOperator): log_sql_query>, print_the_context already registered for DAG: example_python_operator
[2024-03-28T15:58:13.537+0000] {logging_mixin.py:120} INFO - [2024-03-28T15:58:13.534+0000] {taskmixin.py:205} WARNING - Dependency <Task(_PythonDecoratedOperator): print_the_context>, log_sql_query already registered for DAG: example_python_operator
[2024-03-28T15:58:13.540+0000] {logging_mixin.py:120} INFO - [2024-03-28T15:58:13.539+0000] {taskmixin.py:205} WARNING - Dependency <Task(_PythonDecoratedOperator): log_sql_query>, print_the_context already registered for DAG: example_python_operator
[2024-03-28T15:58:13.549+0000] {logging_mixin.py:120} INFO - [2024-03-28T15:58:13.549+0000] {taskmixin.py:205} WARNING - Dependency <Task(_PythonDecoratedOperator): print_the_context>, log_sql_query already registered for DAG: example_python_operator
[2024-03-28T15:58:13.553+0000] {logging_mixin.py:120} INFO - [2024-03-28T15:58:13.552+0000] {taskmixin.py:205} WARNING - Dependency <Task(_PythonDecoratedOperator): log_sql_query>, print_the_context already registered for DAG: example_python_operator
[2024-03-28T15:58:13.559+0000] {logging_mixin.py:120} INFO - [2024-03-28T15:58:13.559+0000] {taskmixin.py:205} WARNING - Dependency <Task(_PythonDecoratedOperator): print_the_context>, log_sql_query already registered for DAG: example_python_operator
[2024-03-28T15:58:13.560+0000] {logging_mixin.py:120} INFO - [2024-03-28T15:58:13.560+0000] {taskmixin.py:205} WARNING - Dependency <Task(_PythonDecoratedOperator): log_sql_query>, print_the_context already registered for DAG: example_python_operator
[2024-03-28T15:58:13.656+0000] {processor.py:766} INFO - DAG(s) dict_keys(['example_python_operator']) retrieved from /home/airflow/.local/lib/python3.7/site-packages/airflow/example_dags/example_python_operator.py
[2024-03-28T15:58:14.250+0000] {logging_mixin.py:120} INFO - [2024-03-28T15:58:14.248+0000] {dag.py:2585} INFO - Sync 1 DAGs
[2024-03-28T15:58:14.604+0000] {logging_mixin.py:120} INFO - [2024-03-28T15:58:14.594+0000] {dag.py:3340} INFO - Setting next_dagrun for example_python_operator to None, run_after=None
[2024-03-28T15:58:14.764+0000] {processor.py:176} INFO - Processing /home/airflow/.local/lib/python3.7/site-packages/airflow/example_dags/example_python_operator.py took 1.513 seconds
