[2024-03-28T15:20:40.799+0000] {processor.py:154} INFO - Started process (PID=73) to work on /home/airflow/.local/lib/python3.7/site-packages/airflow/example_dags/example_task_group.py
[2024-03-28T15:20:40.804+0000] {processor.py:756} INFO - Processing file /home/airflow/.local/lib/python3.7/site-packages/airflow/example_dags/example_task_group.py for tasks to queue
[2024-03-28T15:20:40.810+0000] {logging_mixin.py:120} INFO - [2024-03-28T15:20:40.809+0000] {dagbag.py:537} INFO - Filling up the DagBag from /home/airflow/.local/lib/python3.7/site-packages/airflow/example_dags/example_task_group.py
[2024-03-28T15:20:40.975+0000] {processor.py:766} INFO - DAG(s) dict_keys(['example_task_group']) retrieved from /home/airflow/.local/lib/python3.7/site-packages/airflow/example_dags/example_task_group.py
[2024-03-28T15:20:41.273+0000] {logging_mixin.py:120} INFO - [2024-03-28T15:20:41.272+0000] {dag.py:2585} INFO - Sync 1 DAGs
[2024-03-28T15:20:41.337+0000] {logging_mixin.py:120} INFO - [2024-03-28T15:20:41.337+0000] {dag.py:3340} INFO - Setting next_dagrun for example_task_group to 2024-03-27T19:27:27.444926+00:00, run_after=2024-03-28T19:27:27.444926+00:00
[2024-03-28T15:20:41.419+0000] {processor.py:176} INFO - Processing /home/airflow/.local/lib/python3.7/site-packages/airflow/example_dags/example_task_group.py took 0.628 seconds
[2024-03-28T15:25:24.971+0000] {processor.py:154} INFO - Started process (PID=106) to work on /home/airflow/.local/lib/python3.7/site-packages/airflow/example_dags/example_task_group.py
[2024-03-28T15:25:24.973+0000] {processor.py:756} INFO - Processing file /home/airflow/.local/lib/python3.7/site-packages/airflow/example_dags/example_task_group.py for tasks to queue
[2024-03-28T15:25:24.976+0000] {logging_mixin.py:120} INFO - [2024-03-28T15:25:24.976+0000] {dagbag.py:537} INFO - Filling up the DagBag from /home/airflow/.local/lib/python3.7/site-packages/airflow/example_dags/example_task_group.py
[2024-03-28T15:25:25.363+0000] {processor.py:766} INFO - DAG(s) dict_keys(['example_task_group']) retrieved from /home/airflow/.local/lib/python3.7/site-packages/airflow/example_dags/example_task_group.py
[2024-03-28T15:25:25.782+0000] {logging_mixin.py:120} INFO - [2024-03-28T15:25:25.781+0000] {dag.py:2585} INFO - Sync 1 DAGs
[2024-03-28T15:25:25.930+0000] {logging_mixin.py:120} INFO - [2024-03-28T15:25:25.930+0000] {dag.py:3340} INFO - Setting next_dagrun for example_task_group to 2024-03-27T19:27:27.444926+00:00, run_after=2024-03-28T19:27:27.444926+00:00
[2024-03-28T15:25:26.019+0000] {processor.py:176} INFO - Processing /home/airflow/.local/lib/python3.7/site-packages/airflow/example_dags/example_task_group.py took 1.068 seconds
[2024-03-28T15:27:35.908+0000] {processor.py:154} INFO - Started process (PID=96) to work on /home/airflow/.local/lib/python3.7/site-packages/airflow/example_dags/example_task_group.py
[2024-03-28T15:27:35.911+0000] {processor.py:756} INFO - Processing file /home/airflow/.local/lib/python3.7/site-packages/airflow/example_dags/example_task_group.py for tasks to queue
[2024-03-28T15:27:35.913+0000] {logging_mixin.py:120} INFO - [2024-03-28T15:27:35.912+0000] {dagbag.py:537} INFO - Filling up the DagBag from /home/airflow/.local/lib/python3.7/site-packages/airflow/example_dags/example_task_group.py
[2024-03-28T15:27:36.145+0000] {processor.py:766} INFO - DAG(s) dict_keys(['example_task_group']) retrieved from /home/airflow/.local/lib/python3.7/site-packages/airflow/example_dags/example_task_group.py
[2024-03-28T15:27:36.589+0000] {logging_mixin.py:120} INFO - [2024-03-28T15:27:36.583+0000] {dag.py:2585} INFO - Sync 1 DAGs
[2024-03-28T15:27:36.711+0000] {logging_mixin.py:120} INFO - [2024-03-28T15:27:36.711+0000] {dag.py:3340} INFO - Setting next_dagrun for example_task_group to 2024-03-27T19:27:27.444926+00:00, run_after=2024-03-28T19:27:27.444926+00:00
[2024-03-28T15:27:36.779+0000] {processor.py:176} INFO - Processing /home/airflow/.local/lib/python3.7/site-packages/airflow/example_dags/example_task_group.py took 0.881 seconds
[2024-03-28T15:28:07.102+0000] {processor.py:154} INFO - Started process (PID=161) to work on /home/airflow/.local/lib/python3.7/site-packages/airflow/example_dags/example_task_group.py
[2024-03-28T15:28:07.104+0000] {processor.py:756} INFO - Processing file /home/airflow/.local/lib/python3.7/site-packages/airflow/example_dags/example_task_group.py for tasks to queue
[2024-03-28T15:28:07.106+0000] {logging_mixin.py:120} INFO - [2024-03-28T15:28:07.106+0000] {dagbag.py:537} INFO - Filling up the DagBag from /home/airflow/.local/lib/python3.7/site-packages/airflow/example_dags/example_task_group.py
[2024-03-28T15:28:07.155+0000] {processor.py:766} INFO - DAG(s) dict_keys(['example_task_group']) retrieved from /home/airflow/.local/lib/python3.7/site-packages/airflow/example_dags/example_task_group.py
[2024-03-28T15:28:07.285+0000] {logging_mixin.py:120} INFO - [2024-03-28T15:28:07.285+0000] {dag.py:2585} INFO - Sync 1 DAGs
[2024-03-28T15:28:07.339+0000] {logging_mixin.py:120} INFO - [2024-03-28T15:28:07.338+0000] {dag.py:3340} INFO - Setting next_dagrun for example_task_group to 2024-03-27T19:27:27.444926+00:00, run_after=2024-03-28T19:27:27.444926+00:00
[2024-03-28T15:28:07.386+0000] {processor.py:176} INFO - Processing /home/airflow/.local/lib/python3.7/site-packages/airflow/example_dags/example_task_group.py took 0.291 seconds
[2024-03-28T15:30:27.418+0000] {processor.py:154} INFO - Started process (PID=104) to work on /home/airflow/.local/lib/python3.7/site-packages/airflow/example_dags/example_task_group.py
[2024-03-28T15:30:27.425+0000] {processor.py:756} INFO - Processing file /home/airflow/.local/lib/python3.7/site-packages/airflow/example_dags/example_task_group.py for tasks to queue
[2024-03-28T15:30:27.428+0000] {logging_mixin.py:120} INFO - [2024-03-28T15:30:27.428+0000] {dagbag.py:537} INFO - Filling up the DagBag from /home/airflow/.local/lib/python3.7/site-packages/airflow/example_dags/example_task_group.py
[2024-03-28T15:30:27.665+0000] {processor.py:766} INFO - DAG(s) dict_keys(['example_task_group']) retrieved from /home/airflow/.local/lib/python3.7/site-packages/airflow/example_dags/example_task_group.py
[2024-03-28T15:30:28.009+0000] {logging_mixin.py:120} INFO - [2024-03-28T15:30:28.008+0000] {dag.py:2585} INFO - Sync 1 DAGs
[2024-03-28T15:30:28.324+0000] {logging_mixin.py:120} INFO - [2024-03-28T15:30:28.322+0000] {dag.py:3340} INFO - Setting next_dagrun for example_task_group to 2024-03-27T19:27:27.444926+00:00, run_after=2024-03-28T19:27:27.444926+00:00
[2024-03-28T15:30:28.442+0000] {processor.py:176} INFO - Processing /home/airflow/.local/lib/python3.7/site-packages/airflow/example_dags/example_task_group.py took 1.046 seconds
[2024-03-28T15:38:47.039+0000] {processor.py:154} INFO - Started process (PID=105) to work on /home/airflow/.local/lib/python3.7/site-packages/airflow/example_dags/example_task_group.py
[2024-03-28T15:38:47.051+0000] {processor.py:756} INFO - Processing file /home/airflow/.local/lib/python3.7/site-packages/airflow/example_dags/example_task_group.py for tasks to queue
[2024-03-28T15:38:47.059+0000] {logging_mixin.py:120} INFO - [2024-03-28T15:38:47.059+0000] {dagbag.py:537} INFO - Filling up the DagBag from /home/airflow/.local/lib/python3.7/site-packages/airflow/example_dags/example_task_group.py
[2024-03-28T15:38:47.192+0000] {processor.py:766} INFO - DAG(s) dict_keys(['example_task_group']) retrieved from /home/airflow/.local/lib/python3.7/site-packages/airflow/example_dags/example_task_group.py
[2024-03-28T15:38:48.403+0000] {logging_mixin.py:120} INFO - [2024-03-28T15:38:48.400+0000] {dag.py:2585} INFO - Sync 1 DAGs
[2024-03-28T15:38:48.574+0000] {logging_mixin.py:120} INFO - [2024-03-28T15:38:48.573+0000] {dag.py:3340} INFO - Setting next_dagrun for example_task_group to 2024-03-27T19:27:27.444926+00:00, run_after=2024-03-28T19:27:27.444926+00:00
[2024-03-28T15:38:48.647+0000] {processor.py:176} INFO - Processing /home/airflow/.local/lib/python3.7/site-packages/airflow/example_dags/example_task_group.py took 1.629 seconds
[2024-03-28T15:42:22.703+0000] {processor.py:154} INFO - Started process (PID=102) to work on /home/airflow/.local/lib/python3.7/site-packages/airflow/example_dags/example_task_group.py
[2024-03-28T15:42:22.707+0000] {processor.py:756} INFO - Processing file /home/airflow/.local/lib/python3.7/site-packages/airflow/example_dags/example_task_group.py for tasks to queue
[2024-03-28T15:42:22.709+0000] {logging_mixin.py:120} INFO - [2024-03-28T15:42:22.709+0000] {dagbag.py:537} INFO - Filling up the DagBag from /home/airflow/.local/lib/python3.7/site-packages/airflow/example_dags/example_task_group.py
[2024-03-28T15:42:22.770+0000] {processor.py:766} INFO - DAG(s) dict_keys(['example_task_group']) retrieved from /home/airflow/.local/lib/python3.7/site-packages/airflow/example_dags/example_task_group.py
[2024-03-28T15:42:22.952+0000] {logging_mixin.py:120} INFO - [2024-03-28T15:42:22.951+0000] {dag.py:2585} INFO - Sync 1 DAGs
[2024-03-28T15:42:23.089+0000] {logging_mixin.py:120} INFO - [2024-03-28T15:42:23.088+0000] {dag.py:3340} INFO - Setting next_dagrun for example_task_group to 2024-03-27T19:27:27.444926+00:00, run_after=2024-03-28T19:27:27.444926+00:00
[2024-03-28T15:42:23.426+0000] {processor.py:176} INFO - Processing /home/airflow/.local/lib/python3.7/site-packages/airflow/example_dags/example_task_group.py took 0.732 seconds
[2024-03-28T15:42:56.369+0000] {processor.py:154} INFO - Started process (PID=60) to work on /home/airflow/.local/lib/python3.7/site-packages/airflow/example_dags/example_task_group.py
[2024-03-28T15:42:56.374+0000] {processor.py:756} INFO - Processing file /home/airflow/.local/lib/python3.7/site-packages/airflow/example_dags/example_task_group.py for tasks to queue
[2024-03-28T15:42:56.375+0000] {logging_mixin.py:120} INFO - [2024-03-28T15:42:56.375+0000] {dagbag.py:537} INFO - Filling up the DagBag from /home/airflow/.local/lib/python3.7/site-packages/airflow/example_dags/example_task_group.py
[2024-03-28T15:42:56.413+0000] {processor.py:766} INFO - DAG(s) dict_keys(['example_task_group']) retrieved from /home/airflow/.local/lib/python3.7/site-packages/airflow/example_dags/example_task_group.py
[2024-03-28T15:42:56.500+0000] {logging_mixin.py:120} INFO - [2024-03-28T15:42:56.500+0000] {dag.py:2585} INFO - Sync 1 DAGs
[2024-03-28T15:42:56.557+0000] {logging_mixin.py:120} INFO - [2024-03-28T15:42:56.557+0000] {dag.py:3340} INFO - Setting next_dagrun for example_task_group to 2024-03-27T19:27:27.444926+00:00, run_after=2024-03-28T19:27:27.444926+00:00
[2024-03-28T15:42:56.654+0000] {processor.py:176} INFO - Processing /home/airflow/.local/lib/python3.7/site-packages/airflow/example_dags/example_task_group.py took 0.290 seconds
[2024-03-28T15:45:20.856+0000] {processor.py:154} INFO - Started process (PID=78) to work on /home/airflow/.local/lib/python3.7/site-packages/airflow/example_dags/example_task_group.py
[2024-03-28T15:45:20.858+0000] {processor.py:756} INFO - Processing file /home/airflow/.local/lib/python3.7/site-packages/airflow/example_dags/example_task_group.py for tasks to queue
[2024-03-28T15:45:20.860+0000] {logging_mixin.py:120} INFO - [2024-03-28T15:45:20.860+0000] {dagbag.py:537} INFO - Filling up the DagBag from /home/airflow/.local/lib/python3.7/site-packages/airflow/example_dags/example_task_group.py
[2024-03-28T15:45:20.872+0000] {processor.py:766} INFO - DAG(s) dict_keys(['example_task_group']) retrieved from /home/airflow/.local/lib/python3.7/site-packages/airflow/example_dags/example_task_group.py
[2024-03-28T15:45:20.895+0000] {logging_mixin.py:120} INFO - [2024-03-28T15:45:20.895+0000] {dag.py:2585} INFO - Sync 1 DAGs
[2024-03-28T15:45:20.911+0000] {logging_mixin.py:120} INFO - [2024-03-28T15:45:20.911+0000] {dag.py:3340} INFO - Setting next_dagrun for example_task_group to 2024-03-27T19:27:27.444926+00:00, run_after=2024-03-28T19:27:27.444926+00:00
[2024-03-28T15:45:20.922+0000] {processor.py:176} INFO - Processing /home/airflow/.local/lib/python3.7/site-packages/airflow/example_dags/example_task_group.py took 0.068 seconds
[2024-03-28T15:50:46.463+0000] {processor.py:154} INFO - Started process (PID=112) to work on /home/airflow/.local/lib/python3.7/site-packages/airflow/example_dags/example_task_group.py
[2024-03-28T15:50:46.465+0000] {processor.py:756} INFO - Processing file /home/airflow/.local/lib/python3.7/site-packages/airflow/example_dags/example_task_group.py for tasks to queue
[2024-03-28T15:50:46.467+0000] {logging_mixin.py:120} INFO - [2024-03-28T15:50:46.467+0000] {dagbag.py:537} INFO - Filling up the DagBag from /home/airflow/.local/lib/python3.7/site-packages/airflow/example_dags/example_task_group.py
[2024-03-28T15:50:46.538+0000] {processor.py:766} INFO - DAG(s) dict_keys(['example_task_group']) retrieved from /home/airflow/.local/lib/python3.7/site-packages/airflow/example_dags/example_task_group.py
[2024-03-28T15:50:46.754+0000] {logging_mixin.py:120} INFO - [2024-03-28T15:50:46.754+0000] {dag.py:2585} INFO - Sync 1 DAGs
[2024-03-28T15:50:46.811+0000] {logging_mixin.py:120} INFO - [2024-03-28T15:50:46.811+0000] {dag.py:3340} INFO - Setting next_dagrun for example_task_group to 2024-03-27T19:27:27.444926+00:00, run_after=2024-03-28T19:27:27.444926+00:00
[2024-03-28T15:50:46.873+0000] {processor.py:176} INFO - Processing /home/airflow/.local/lib/python3.7/site-packages/airflow/example_dags/example_task_group.py took 0.414 seconds
[2024-03-28T15:54:05.378+0000] {processor.py:154} INFO - Started process (PID=95) to work on /home/airflow/.local/lib/python3.7/site-packages/airflow/example_dags/example_task_group.py
[2024-03-28T15:54:05.380+0000] {processor.py:756} INFO - Processing file /home/airflow/.local/lib/python3.7/site-packages/airflow/example_dags/example_task_group.py for tasks to queue
[2024-03-28T15:54:05.383+0000] {logging_mixin.py:120} INFO - [2024-03-28T15:54:05.383+0000] {dagbag.py:537} INFO - Filling up the DagBag from /home/airflow/.local/lib/python3.7/site-packages/airflow/example_dags/example_task_group.py
[2024-03-28T15:54:05.645+0000] {processor.py:766} INFO - DAG(s) dict_keys(['example_task_group']) retrieved from /home/airflow/.local/lib/python3.7/site-packages/airflow/example_dags/example_task_group.py
[2024-03-28T15:54:05.961+0000] {logging_mixin.py:120} INFO - [2024-03-28T15:54:05.955+0000] {dag.py:2585} INFO - Sync 1 DAGs
[2024-03-28T15:54:06.041+0000] {logging_mixin.py:120} INFO - [2024-03-28T15:54:06.041+0000] {dag.py:3340} INFO - Setting next_dagrun for example_task_group to 2024-03-27T19:27:27.444926+00:00, run_after=2024-03-28T19:27:27.444926+00:00
[2024-03-28T15:54:06.221+0000] {processor.py:176} INFO - Processing /home/airflow/.local/lib/python3.7/site-packages/airflow/example_dags/example_task_group.py took 0.869 seconds
[2024-03-28T15:58:35.919+0000] {processor.py:154} INFO - Started process (PID=120) to work on /home/airflow/.local/lib/python3.7/site-packages/airflow/example_dags/example_task_group.py
[2024-03-28T15:58:35.922+0000] {processor.py:756} INFO - Processing file /home/airflow/.local/lib/python3.7/site-packages/airflow/example_dags/example_task_group.py for tasks to queue
[2024-03-28T15:58:35.924+0000] {logging_mixin.py:120} INFO - [2024-03-28T15:58:35.924+0000] {dagbag.py:537} INFO - Filling up the DagBag from /home/airflow/.local/lib/python3.7/site-packages/airflow/example_dags/example_task_group.py
[2024-03-28T15:58:36.157+0000] {processor.py:766} INFO - DAG(s) dict_keys(['example_task_group']) retrieved from /home/airflow/.local/lib/python3.7/site-packages/airflow/example_dags/example_task_group.py
[2024-03-28T15:58:36.470+0000] {logging_mixin.py:120} INFO - [2024-03-28T15:58:36.466+0000] {dag.py:2585} INFO - Sync 1 DAGs
[2024-03-28T15:58:36.544+0000] {logging_mixin.py:120} INFO - [2024-03-28T15:58:36.544+0000] {dag.py:3340} INFO - Setting next_dagrun for example_task_group to 2024-03-27T19:27:27.444926+00:00, run_after=2024-03-28T19:27:27.444926+00:00
[2024-03-28T15:58:36.590+0000] {processor.py:176} INFO - Processing /home/airflow/.local/lib/python3.7/site-packages/airflow/example_dags/example_task_group.py took 0.688 seconds
