[2024-03-28T15:20:40.260+0000] {processor.py:154} INFO - Started process (PID=72) to work on /home/airflow/.local/lib/python3.7/site-packages/airflow/example_dags/example_branch_operator.py
[2024-03-28T15:20:40.265+0000] {processor.py:756} INFO - Processing file /home/airflow/.local/lib/python3.7/site-packages/airflow/example_dags/example_branch_operator.py for tasks to queue
[2024-03-28T15:20:40.266+0000] {logging_mixin.py:120} INFO - [2024-03-28T15:20:40.266+0000] {dagbag.py:537} INFO - Filling up the DagBag from /home/airflow/.local/lib/python3.7/site-packages/airflow/example_dags/example_branch_operator.py
[2024-03-28T15:20:40.544+0000] {processor.py:766} INFO - DAG(s) dict_keys(['example_branch_operator']) retrieved from /home/airflow/.local/lib/python3.7/site-packages/airflow/example_dags/example_branch_operator.py
[2024-03-28T15:20:40.839+0000] {logging_mixin.py:120} INFO - [2024-03-28T15:20:40.839+0000] {dag.py:2585} INFO - Sync 1 DAGs
[2024-03-28T15:20:40.979+0000] {logging_mixin.py:120} INFO - [2024-03-28T15:20:40.968+0000] {dag.py:3340} INFO - Setting next_dagrun for example_branch_operator to 2024-03-27T00:00:00+00:00, run_after=2024-03-28T00:00:00+00:00
[2024-03-28T15:20:41.207+0000] {processor.py:176} INFO - Processing /home/airflow/.local/lib/python3.7/site-packages/airflow/example_dags/example_branch_operator.py took 0.963 seconds
[2024-03-28T15:25:21.577+0000] {processor.py:154} INFO - Started process (PID=105) to work on /home/airflow/.local/lib/python3.7/site-packages/airflow/example_dags/example_branch_operator.py
[2024-03-28T15:25:21.589+0000] {processor.py:756} INFO - Processing file /home/airflow/.local/lib/python3.7/site-packages/airflow/example_dags/example_branch_operator.py for tasks to queue
[2024-03-28T15:25:21.596+0000] {logging_mixin.py:120} INFO - [2024-03-28T15:25:21.595+0000] {dagbag.py:537} INFO - Filling up the DagBag from /home/airflow/.local/lib/python3.7/site-packages/airflow/example_dags/example_branch_operator.py
[2024-03-28T15:25:21.710+0000] {processor.py:766} INFO - DAG(s) dict_keys(['example_branch_operator']) retrieved from /home/airflow/.local/lib/python3.7/site-packages/airflow/example_dags/example_branch_operator.py
[2024-03-28T15:25:24.636+0000] {logging_mixin.py:120} INFO - [2024-03-28T15:25:24.615+0000] {dag.py:2585} INFO - Sync 1 DAGs
[2024-03-28T15:25:24.892+0000] {logging_mixin.py:120} INFO - [2024-03-28T15:25:24.887+0000] {dag.py:3340} INFO - Setting next_dagrun for example_branch_operator to 2024-03-27T00:00:00+00:00, run_after=2024-03-28T00:00:00+00:00
[2024-03-28T15:25:25.386+0000] {processor.py:176} INFO - Processing /home/airflow/.local/lib/python3.7/site-packages/airflow/example_dags/example_branch_operator.py took 3.836 seconds
[2024-03-28T15:27:34.757+0000] {processor.py:154} INFO - Started process (PID=95) to work on /home/airflow/.local/lib/python3.7/site-packages/airflow/example_dags/example_branch_operator.py
[2024-03-28T15:27:34.764+0000] {processor.py:756} INFO - Processing file /home/airflow/.local/lib/python3.7/site-packages/airflow/example_dags/example_branch_operator.py for tasks to queue
[2024-03-28T15:27:34.767+0000] {logging_mixin.py:120} INFO - [2024-03-28T15:27:34.767+0000] {dagbag.py:537} INFO - Filling up the DagBag from /home/airflow/.local/lib/python3.7/site-packages/airflow/example_dags/example_branch_operator.py
[2024-03-28T15:27:35.425+0000] {processor.py:766} INFO - DAG(s) dict_keys(['example_branch_operator']) retrieved from /home/airflow/.local/lib/python3.7/site-packages/airflow/example_dags/example_branch_operator.py
[2024-03-28T15:27:35.700+0000] {logging_mixin.py:120} INFO - [2024-03-28T15:27:35.699+0000] {dag.py:2585} INFO - Sync 1 DAGs
[2024-03-28T15:27:35.764+0000] {logging_mixin.py:120} INFO - [2024-03-28T15:27:35.764+0000] {dag.py:3340} INFO - Setting next_dagrun for example_branch_operator to 2024-03-27T00:00:00+00:00, run_after=2024-03-28T00:00:00+00:00
[2024-03-28T15:27:35.820+0000] {processor.py:176} INFO - Processing /home/airflow/.local/lib/python3.7/site-packages/airflow/example_dags/example_branch_operator.py took 0.759 seconds
[2024-03-28T15:28:06.102+0000] {processor.py:154} INFO - Started process (PID=159) to work on /home/airflow/.local/lib/python3.7/site-packages/airflow/example_dags/example_branch_operator.py
[2024-03-28T15:28:06.105+0000] {processor.py:756} INFO - Processing file /home/airflow/.local/lib/python3.7/site-packages/airflow/example_dags/example_branch_operator.py for tasks to queue
[2024-03-28T15:28:06.106+0000] {logging_mixin.py:120} INFO - [2024-03-28T15:28:06.106+0000] {dagbag.py:537} INFO - Filling up the DagBag from /home/airflow/.local/lib/python3.7/site-packages/airflow/example_dags/example_branch_operator.py
[2024-03-28T15:28:06.157+0000] {processor.py:766} INFO - DAG(s) dict_keys(['example_branch_operator']) retrieved from /home/airflow/.local/lib/python3.7/site-packages/airflow/example_dags/example_branch_operator.py
[2024-03-28T15:28:06.416+0000] {logging_mixin.py:120} INFO - [2024-03-28T15:28:06.416+0000] {dag.py:2585} INFO - Sync 1 DAGs
[2024-03-28T15:28:06.537+0000] {logging_mixin.py:120} INFO - [2024-03-28T15:28:06.536+0000] {dag.py:3340} INFO - Setting next_dagrun for example_branch_operator to 2024-03-27T00:00:00+00:00, run_after=2024-03-28T00:00:00+00:00
[2024-03-28T15:28:06.588+0000] {processor.py:176} INFO - Processing /home/airflow/.local/lib/python3.7/site-packages/airflow/example_dags/example_branch_operator.py took 0.495 seconds
[2024-03-28T15:30:25.717+0000] {processor.py:154} INFO - Started process (PID=103) to work on /home/airflow/.local/lib/python3.7/site-packages/airflow/example_dags/example_branch_operator.py
[2024-03-28T15:30:25.723+0000] {processor.py:756} INFO - Processing file /home/airflow/.local/lib/python3.7/site-packages/airflow/example_dags/example_branch_operator.py for tasks to queue
[2024-03-28T15:30:25.726+0000] {logging_mixin.py:120} INFO - [2024-03-28T15:30:25.725+0000] {dagbag.py:537} INFO - Filling up the DagBag from /home/airflow/.local/lib/python3.7/site-packages/airflow/example_dags/example_branch_operator.py
[2024-03-28T15:30:26.158+0000] {processor.py:766} INFO - DAG(s) dict_keys(['example_branch_operator']) retrieved from /home/airflow/.local/lib/python3.7/site-packages/airflow/example_dags/example_branch_operator.py
[2024-03-28T15:30:26.664+0000] {logging_mixin.py:120} INFO - [2024-03-28T15:30:26.662+0000] {dag.py:2585} INFO - Sync 1 DAGs
[2024-03-28T15:30:26.899+0000] {logging_mixin.py:120} INFO - [2024-03-28T15:30:26.898+0000] {dag.py:3340} INFO - Setting next_dagrun for example_branch_operator to 2024-03-27T00:00:00+00:00, run_after=2024-03-28T00:00:00+00:00
[2024-03-28T15:30:27.264+0000] {processor.py:176} INFO - Processing /home/airflow/.local/lib/python3.7/site-packages/airflow/example_dags/example_branch_operator.py took 1.614 seconds
[2024-03-28T15:35:23.854+0000] {processor.py:154} INFO - Started process (PID=104) to work on /home/airflow/.local/lib/python3.7/site-packages/airflow/example_dags/example_branch_operator.py
[2024-03-28T15:35:23.869+0000] {processor.py:756} INFO - Processing file /home/airflow/.local/lib/python3.7/site-packages/airflow/example_dags/example_branch_operator.py for tasks to queue
[2024-03-28T15:35:23.883+0000] {logging_mixin.py:120} INFO - [2024-03-28T15:35:23.882+0000] {dagbag.py:537} INFO - Filling up the DagBag from /home/airflow/.local/lib/python3.7/site-packages/airflow/example_dags/example_branch_operator.py
[2024-03-28T15:35:23.993+0000] {processor.py:766} INFO - DAG(s) dict_keys(['example_branch_operator']) retrieved from /home/airflow/.local/lib/python3.7/site-packages/airflow/example_dags/example_branch_operator.py
[2024-03-28T15:35:24.774+0000] {logging_mixin.py:120} INFO - [2024-03-28T15:35:24.773+0000] {dag.py:2585} INFO - Sync 1 DAGs
[2024-03-28T15:38:46.743+0000] {logging_mixin.py:120} INFO - [2024-03-28T15:38:46.742+0000] {dag.py:3340} INFO - Setting next_dagrun for example_branch_operator to 2024-03-27T00:00:00+00:00, run_after=2024-03-28T00:00:00+00:00
[2024-03-28T15:38:46.848+0000] {processor.py:176} INFO - Processing /home/airflow/.local/lib/python3.7/site-packages/airflow/example_dags/example_branch_operator.py took 1.150 seconds
[2024-03-28T15:42:19.000+0000] {processor.py:154} INFO - Started process (PID=101) to work on /home/airflow/.local/lib/python3.7/site-packages/airflow/example_dags/example_branch_operator.py
[2024-03-28T15:42:19.004+0000] {processor.py:756} INFO - Processing file /home/airflow/.local/lib/python3.7/site-packages/airflow/example_dags/example_branch_operator.py for tasks to queue
[2024-03-28T15:42:19.005+0000] {logging_mixin.py:120} INFO - [2024-03-28T15:42:19.005+0000] {dagbag.py:537} INFO - Filling up the DagBag from /home/airflow/.local/lib/python3.7/site-packages/airflow/example_dags/example_branch_operator.py
[2024-03-28T15:42:19.092+0000] {processor.py:766} INFO - DAG(s) dict_keys(['example_branch_operator']) retrieved from /home/airflow/.local/lib/python3.7/site-packages/airflow/example_dags/example_branch_operator.py
[2024-03-28T15:42:22.541+0000] {logging_mixin.py:120} INFO - [2024-03-28T15:42:22.540+0000] {dag.py:2585} INFO - Sync 1 DAGs
[2024-03-28T15:42:22.587+0000] {logging_mixin.py:120} INFO - [2024-03-28T15:42:22.587+0000] {dag.py:3340} INFO - Setting next_dagrun for example_branch_operator to 2024-03-27T00:00:00+00:00, run_after=2024-03-28T00:00:00+00:00
[2024-03-28T15:42:22.651+0000] {processor.py:176} INFO - Processing /home/airflow/.local/lib/python3.7/site-packages/airflow/example_dags/example_branch_operator.py took 3.655 seconds
[2024-03-28T15:42:56.198+0000] {processor.py:154} INFO - Started process (PID=59) to work on /home/airflow/.local/lib/python3.7/site-packages/airflow/example_dags/example_branch_operator.py
[2024-03-28T15:42:56.199+0000] {processor.py:756} INFO - Processing file /home/airflow/.local/lib/python3.7/site-packages/airflow/example_dags/example_branch_operator.py for tasks to queue
[2024-03-28T15:42:56.200+0000] {logging_mixin.py:120} INFO - [2024-03-28T15:42:56.200+0000] {dagbag.py:537} INFO - Filling up the DagBag from /home/airflow/.local/lib/python3.7/site-packages/airflow/example_dags/example_branch_operator.py
[2024-03-28T15:42:56.217+0000] {processor.py:766} INFO - DAG(s) dict_keys(['example_branch_operator']) retrieved from /home/airflow/.local/lib/python3.7/site-packages/airflow/example_dags/example_branch_operator.py
[2024-03-28T15:42:56.254+0000] {logging_mixin.py:120} INFO - [2024-03-28T15:42:56.254+0000] {dag.py:2585} INFO - Sync 1 DAGs
[2024-03-28T15:42:56.301+0000] {logging_mixin.py:120} INFO - [2024-03-28T15:42:56.301+0000] {dag.py:3340} INFO - Setting next_dagrun for example_branch_operator to 2024-03-27T00:00:00+00:00, run_after=2024-03-28T00:00:00+00:00
[2024-03-28T15:42:56.349+0000] {processor.py:176} INFO - Processing /home/airflow/.local/lib/python3.7/site-packages/airflow/example_dags/example_branch_operator.py took 0.153 seconds
[2024-03-28T15:45:20.772+0000] {processor.py:154} INFO - Started process (PID=77) to work on /home/airflow/.local/lib/python3.7/site-packages/airflow/example_dags/example_branch_operator.py
[2024-03-28T15:45:20.773+0000] {processor.py:756} INFO - Processing file /home/airflow/.local/lib/python3.7/site-packages/airflow/example_dags/example_branch_operator.py for tasks to queue
[2024-03-28T15:45:20.773+0000] {logging_mixin.py:120} INFO - [2024-03-28T15:45:20.773+0000] {dagbag.py:537} INFO - Filling up the DagBag from /home/airflow/.local/lib/python3.7/site-packages/airflow/example_dags/example_branch_operator.py
[2024-03-28T15:45:20.791+0000] {processor.py:766} INFO - DAG(s) dict_keys(['example_branch_operator']) retrieved from /home/airflow/.local/lib/python3.7/site-packages/airflow/example_dags/example_branch_operator.py
[2024-03-28T15:45:20.819+0000] {logging_mixin.py:120} INFO - [2024-03-28T15:45:20.819+0000] {dag.py:2585} INFO - Sync 1 DAGs
[2024-03-28T15:45:20.837+0000] {logging_mixin.py:120} INFO - [2024-03-28T15:45:20.837+0000] {dag.py:3340} INFO - Setting next_dagrun for example_branch_operator to 2024-03-27T00:00:00+00:00, run_after=2024-03-28T00:00:00+00:00
[2024-03-28T15:45:20.850+0000] {processor.py:176} INFO - Processing /home/airflow/.local/lib/python3.7/site-packages/airflow/example_dags/example_branch_operator.py took 0.080 seconds
[2024-03-28T15:50:45.809+0000] {processor.py:154} INFO - Started process (PID=111) to work on /home/airflow/.local/lib/python3.7/site-packages/airflow/example_dags/example_branch_operator.py
[2024-03-28T15:50:45.817+0000] {processor.py:756} INFO - Processing file /home/airflow/.local/lib/python3.7/site-packages/airflow/example_dags/example_branch_operator.py for tasks to queue
[2024-03-28T15:50:45.825+0000] {logging_mixin.py:120} INFO - [2024-03-28T15:50:45.824+0000] {dagbag.py:537} INFO - Filling up the DagBag from /home/airflow/.local/lib/python3.7/site-packages/airflow/example_dags/example_branch_operator.py
[2024-03-28T15:50:45.971+0000] {processor.py:766} INFO - DAG(s) dict_keys(['example_branch_operator']) retrieved from /home/airflow/.local/lib/python3.7/site-packages/airflow/example_dags/example_branch_operator.py
[2024-03-28T15:50:46.359+0000] {logging_mixin.py:120} INFO - [2024-03-28T15:50:46.356+0000] {dag.py:2585} INFO - Sync 1 DAGs
[2024-03-28T15:50:46.201+0000] {logging_mixin.py:120} INFO - [2024-03-28T15:50:46.199+0000] {dag.py:3340} INFO - Setting next_dagrun for example_branch_operator to 2024-03-27T00:00:00+00:00, run_after=2024-03-28T00:00:00+00:00
[2024-03-28T15:50:46.407+0000] {processor.py:176} INFO - Processing /home/airflow/.local/lib/python3.7/site-packages/airflow/example_dags/example_branch_operator.py took 0.832 seconds
[2024-03-28T15:54:02.398+0000] {processor.py:154} INFO - Started process (PID=94) to work on /home/airflow/.local/lib/python3.7/site-packages/airflow/example_dags/example_branch_operator.py
[2024-03-28T15:54:02.403+0000] {processor.py:756} INFO - Processing file /home/airflow/.local/lib/python3.7/site-packages/airflow/example_dags/example_branch_operator.py for tasks to queue
[2024-03-28T15:54:02.405+0000] {logging_mixin.py:120} INFO - [2024-03-28T15:54:02.404+0000] {dagbag.py:537} INFO - Filling up the DagBag from /home/airflow/.local/lib/python3.7/site-packages/airflow/example_dags/example_branch_operator.py
[2024-03-28T15:54:02.603+0000] {processor.py:766} INFO - DAG(s) dict_keys(['example_branch_operator']) retrieved from /home/airflow/.local/lib/python3.7/site-packages/airflow/example_dags/example_branch_operator.py
[2024-03-28T15:54:04.379+0000] {logging_mixin.py:120} INFO - [2024-03-28T15:54:04.361+0000] {dag.py:2585} INFO - Sync 1 DAGs
[2024-03-28T15:54:04.766+0000] {logging_mixin.py:120} INFO - [2024-03-28T15:54:04.765+0000] {dag.py:3340} INFO - Setting next_dagrun for example_branch_operator to 2024-03-27T00:00:00+00:00, run_after=2024-03-28T00:00:00+00:00
[2024-03-28T15:54:05.182+0000] {processor.py:176} INFO - Processing /home/airflow/.local/lib/python3.7/site-packages/airflow/example_dags/example_branch_operator.py took 2.795 seconds
[2024-03-28T15:58:33.315+0000] {processor.py:154} INFO - Started process (PID=119) to work on /home/airflow/.local/lib/python3.7/site-packages/airflow/example_dags/example_branch_operator.py
[2024-03-28T15:58:33.327+0000] {processor.py:756} INFO - Processing file /home/airflow/.local/lib/python3.7/site-packages/airflow/example_dags/example_branch_operator.py for tasks to queue
[2024-03-28T15:58:33.441+0000] {logging_mixin.py:120} INFO - [2024-03-28T15:58:33.441+0000] {dagbag.py:537} INFO - Filling up the DagBag from /home/airflow/.local/lib/python3.7/site-packages/airflow/example_dags/example_branch_operator.py
[2024-03-28T15:58:33.822+0000] {processor.py:766} INFO - DAG(s) dict_keys(['example_branch_operator']) retrieved from /home/airflow/.local/lib/python3.7/site-packages/airflow/example_dags/example_branch_operator.py
[2024-03-28T15:58:34.958+0000] {logging_mixin.py:120} INFO - [2024-03-28T15:58:34.934+0000] {dag.py:2585} INFO - Sync 1 DAGs
[2024-03-28T15:58:35.186+0000] {logging_mixin.py:120} INFO - [2024-03-28T15:58:35.186+0000] {dag.py:3340} INFO - Setting next_dagrun for example_branch_operator to 2024-03-27T00:00:00+00:00, run_after=2024-03-28T00:00:00+00:00
[2024-03-28T15:58:35.771+0000] {processor.py:176} INFO - Processing /home/airflow/.local/lib/python3.7/site-packages/airflow/example_dags/example_branch_operator.py took 2.480 seconds
