[2024-03-28T15:20:34.403+0000] {processor.py:154} INFO - Started process (PID=70) to work on /home/airflow/.local/lib/python3.7/site-packages/airflow/example_dags/example_branch_day_of_week_operator.py
[2024-03-28T15:20:34.405+0000] {processor.py:756} INFO - Processing file /home/airflow/.local/lib/python3.7/site-packages/airflow/example_dags/example_branch_day_of_week_operator.py for tasks to queue
[2024-03-28T15:20:34.408+0000] {logging_mixin.py:120} INFO - [2024-03-28T15:20:34.408+0000] {dagbag.py:537} INFO - Filling up the DagBag from /home/airflow/.local/lib/python3.7/site-packages/airflow/example_dags/example_branch_day_of_week_operator.py
[2024-03-28T15:20:34.857+0000] {processor.py:766} INFO - DAG(s) dict_keys(['example_weekday_branch_operator']) retrieved from /home/airflow/.local/lib/python3.7/site-packages/airflow/example_dags/example_branch_day_of_week_operator.py
[2024-03-28T15:20:40.037+0000] {logging_mixin.py:120} INFO - [2024-03-28T15:20:40.035+0000] {dag.py:2585} INFO - Sync 1 DAGs
[2024-03-28T15:20:40.149+0000] {logging_mixin.py:120} INFO - [2024-03-28T15:20:40.145+0000] {dag.py:3340} INFO - Setting next_dagrun for example_weekday_branch_operator to 2024-03-28T00:00:00+00:00, run_after=2024-03-29T00:00:00+00:00
[2024-03-28T15:20:40.188+0000] {processor.py:176} INFO - Processing /home/airflow/.local/lib/python3.7/site-packages/airflow/example_dags/example_branch_day_of_week_operator.py took 5.792 seconds
[2024-03-28T15:25:18.550+0000] {processor.py:154} INFO - Started process (PID=103) to work on /home/airflow/.local/lib/python3.7/site-packages/airflow/example_dags/example_branch_day_of_week_operator.py
[2024-03-28T15:25:18.556+0000] {processor.py:756} INFO - Processing file /home/airflow/.local/lib/python3.7/site-packages/airflow/example_dags/example_branch_day_of_week_operator.py for tasks to queue
[2024-03-28T15:25:18.563+0000] {logging_mixin.py:120} INFO - [2024-03-28T15:25:18.563+0000] {dagbag.py:537} INFO - Filling up the DagBag from /home/airflow/.local/lib/python3.7/site-packages/airflow/example_dags/example_branch_day_of_week_operator.py
[2024-03-28T15:25:18.690+0000] {processor.py:766} INFO - DAG(s) dict_keys(['example_weekday_branch_operator']) retrieved from /home/airflow/.local/lib/python3.7/site-packages/airflow/example_dags/example_branch_day_of_week_operator.py
[2024-03-28T15:25:21.061+0000] {logging_mixin.py:120} INFO - [2024-03-28T15:25:21.058+0000] {dag.py:2585} INFO - Sync 1 DAGs
[2024-03-28T15:25:21.195+0000] {logging_mixin.py:120} INFO - [2024-03-28T15:25:21.188+0000] {dag.py:3340} INFO - Setting next_dagrun for example_weekday_branch_operator to 2024-03-28T00:00:00+00:00, run_after=2024-03-29T00:00:00+00:00
[2024-03-28T15:25:21.321+0000] {processor.py:176} INFO - Processing /home/airflow/.local/lib/python3.7/site-packages/airflow/example_dags/example_branch_day_of_week_operator.py took 2.790 seconds
[2024-03-28T15:27:33.828+0000] {processor.py:154} INFO - Started process (PID=93) to work on /home/airflow/.local/lib/python3.7/site-packages/airflow/example_dags/example_branch_day_of_week_operator.py
[2024-03-28T15:27:33.829+0000] {processor.py:756} INFO - Processing file /home/airflow/.local/lib/python3.7/site-packages/airflow/example_dags/example_branch_day_of_week_operator.py for tasks to queue
[2024-03-28T15:27:33.830+0000] {logging_mixin.py:120} INFO - [2024-03-28T15:27:33.830+0000] {dagbag.py:537} INFO - Filling up the DagBag from /home/airflow/.local/lib/python3.7/site-packages/airflow/example_dags/example_branch_day_of_week_operator.py
[2024-03-28T15:27:34.078+0000] {processor.py:766} INFO - DAG(s) dict_keys(['example_weekday_branch_operator']) retrieved from /home/airflow/.local/lib/python3.7/site-packages/airflow/example_dags/example_branch_day_of_week_operator.py
[2024-03-28T15:27:34.474+0000] {logging_mixin.py:120} INFO - [2024-03-28T15:27:34.468+0000] {dag.py:2585} INFO - Sync 1 DAGs
[2024-03-28T15:27:34.590+0000] {logging_mixin.py:120} INFO - [2024-03-28T15:27:34.589+0000] {dag.py:3340} INFO - Setting next_dagrun for example_weekday_branch_operator to 2024-03-28T00:00:00+00:00, run_after=2024-03-29T00:00:00+00:00
[2024-03-28T15:27:34.665+0000] {processor.py:176} INFO - Processing /home/airflow/.local/lib/python3.7/site-packages/airflow/example_dags/example_branch_day_of_week_operator.py took 0.854 seconds
[2024-03-28T15:28:05.700+0000] {processor.py:154} INFO - Started process (PID=158) to work on /home/airflow/.local/lib/python3.7/site-packages/airflow/example_dags/example_branch_day_of_week_operator.py
[2024-03-28T15:28:05.704+0000] {processor.py:756} INFO - Processing file /home/airflow/.local/lib/python3.7/site-packages/airflow/example_dags/example_branch_day_of_week_operator.py for tasks to queue
[2024-03-28T15:28:05.707+0000] {logging_mixin.py:120} INFO - [2024-03-28T15:28:05.706+0000] {dagbag.py:537} INFO - Filling up the DagBag from /home/airflow/.local/lib/python3.7/site-packages/airflow/example_dags/example_branch_day_of_week_operator.py
[2024-03-28T15:28:05.828+0000] {processor.py:766} INFO - DAG(s) dict_keys(['example_weekday_branch_operator']) retrieved from /home/airflow/.local/lib/python3.7/site-packages/airflow/example_dags/example_branch_day_of_week_operator.py
[2024-03-28T15:28:05.958+0000] {logging_mixin.py:120} INFO - [2024-03-28T15:28:05.958+0000] {dag.py:2585} INFO - Sync 1 DAGs
[2024-03-28T15:28:06.027+0000] {logging_mixin.py:120} INFO - [2024-03-28T15:28:06.027+0000] {dag.py:3340} INFO - Setting next_dagrun for example_weekday_branch_operator to 2024-03-28T00:00:00+00:00, run_after=2024-03-29T00:00:00+00:00
[2024-03-28T15:28:06.061+0000] {processor.py:176} INFO - Processing /home/airflow/.local/lib/python3.7/site-packages/airflow/example_dags/example_branch_day_of_week_operator.py took 0.384 seconds
[2024-03-28T15:30:20.032+0000] {processor.py:154} INFO - Started process (PID=101) to work on /home/airflow/.local/lib/python3.7/site-packages/airflow/example_dags/example_branch_day_of_week_operator.py
[2024-03-28T15:30:20.040+0000] {processor.py:756} INFO - Processing file /home/airflow/.local/lib/python3.7/site-packages/airflow/example_dags/example_branch_day_of_week_operator.py for tasks to queue
[2024-03-28T15:30:20.045+0000] {logging_mixin.py:120} INFO - [2024-03-28T15:30:20.044+0000] {dagbag.py:537} INFO - Filling up the DagBag from /home/airflow/.local/lib/python3.7/site-packages/airflow/example_dags/example_branch_day_of_week_operator.py
[2024-03-28T15:30:20.194+0000] {processor.py:766} INFO - DAG(s) dict_keys(['example_weekday_branch_operator']) retrieved from /home/airflow/.local/lib/python3.7/site-packages/airflow/example_dags/example_branch_day_of_week_operator.py
[2024-03-28T15:30:24.558+0000] {logging_mixin.py:120} INFO - [2024-03-28T15:30:24.548+0000] {dag.py:2585} INFO - Sync 1 DAGs
[2024-03-28T15:30:25.115+0000] {logging_mixin.py:120} INFO - [2024-03-28T15:30:25.108+0000] {dag.py:3340} INFO - Setting next_dagrun for example_weekday_branch_operator to 2024-03-28T00:00:00+00:00, run_after=2024-03-29T00:00:00+00:00
[2024-03-28T15:30:25.410+0000] {processor.py:176} INFO - Processing /home/airflow/.local/lib/python3.7/site-packages/airflow/example_dags/example_branch_day_of_week_operator.py took 5.386 seconds
[2024-03-28T15:35:21.499+0000] {processor.py:154} INFO - Started process (PID=102) to work on /home/airflow/.local/lib/python3.7/site-packages/airflow/example_dags/example_branch_day_of_week_operator.py
[2024-03-28T15:35:21.500+0000] {processor.py:756} INFO - Processing file /home/airflow/.local/lib/python3.7/site-packages/airflow/example_dags/example_branch_day_of_week_operator.py for tasks to queue
[2024-03-28T15:35:21.506+0000] {logging_mixin.py:120} INFO - [2024-03-28T15:35:21.505+0000] {dagbag.py:537} INFO - Filling up the DagBag from /home/airflow/.local/lib/python3.7/site-packages/airflow/example_dags/example_branch_day_of_week_operator.py
[2024-03-28T15:35:21.672+0000] {processor.py:766} INFO - DAG(s) dict_keys(['example_weekday_branch_operator']) retrieved from /home/airflow/.local/lib/python3.7/site-packages/airflow/example_dags/example_branch_day_of_week_operator.py
[2024-03-28T15:35:22.045+0000] {logging_mixin.py:120} INFO - [2024-03-28T15:35:22.043+0000] {dag.py:2585} INFO - Sync 1 DAGs
[2024-03-28T15:35:22.169+0000] {logging_mixin.py:120} INFO - [2024-03-28T15:35:22.167+0000] {dag.py:3340} INFO - Setting next_dagrun for example_weekday_branch_operator to 2024-03-28T00:00:00+00:00, run_after=2024-03-29T00:00:00+00:00
[2024-03-28T15:35:22.253+0000] {processor.py:176} INFO - Processing /home/airflow/.local/lib/python3.7/site-packages/airflow/example_dags/example_branch_day_of_week_operator.py took 0.762 seconds
[2024-03-28T15:42:18.353+0000] {processor.py:154} INFO - Started process (PID=99) to work on /home/airflow/.local/lib/python3.7/site-packages/airflow/example_dags/example_branch_day_of_week_operator.py
[2024-03-28T15:42:18.358+0000] {processor.py:756} INFO - Processing file /home/airflow/.local/lib/python3.7/site-packages/airflow/example_dags/example_branch_day_of_week_operator.py for tasks to queue
[2024-03-28T15:42:18.360+0000] {logging_mixin.py:120} INFO - [2024-03-28T15:42:18.359+0000] {dagbag.py:537} INFO - Filling up the DagBag from /home/airflow/.local/lib/python3.7/site-packages/airflow/example_dags/example_branch_day_of_week_operator.py
[2024-03-28T15:42:18.502+0000] {processor.py:766} INFO - DAG(s) dict_keys(['example_weekday_branch_operator']) retrieved from /home/airflow/.local/lib/python3.7/site-packages/airflow/example_dags/example_branch_day_of_week_operator.py
[2024-03-28T15:42:18.764+0000] {logging_mixin.py:120} INFO - [2024-03-28T15:42:18.764+0000] {dag.py:2585} INFO - Sync 1 DAGs
[2024-03-28T15:42:18.905+0000] {logging_mixin.py:120} INFO - [2024-03-28T15:42:18.902+0000] {dag.py:3340} INFO - Setting next_dagrun for example_weekday_branch_operator to 2024-03-28T00:00:00+00:00, run_after=2024-03-29T00:00:00+00:00
[2024-03-28T15:42:18.957+0000] {processor.py:176} INFO - Processing /home/airflow/.local/lib/python3.7/site-packages/airflow/example_dags/example_branch_day_of_week_operator.py took 0.612 seconds
[2024-03-28T15:42:56.058+0000] {processor.py:154} INFO - Started process (PID=57) to work on /home/airflow/.local/lib/python3.7/site-packages/airflow/example_dags/example_branch_day_of_week_operator.py
[2024-03-28T15:42:56.059+0000] {processor.py:756} INFO - Processing file /home/airflow/.local/lib/python3.7/site-packages/airflow/example_dags/example_branch_day_of_week_operator.py for tasks to queue
[2024-03-28T15:42:56.060+0000] {logging_mixin.py:120} INFO - [2024-03-28T15:42:56.060+0000] {dagbag.py:537} INFO - Filling up the DagBag from /home/airflow/.local/lib/python3.7/site-packages/airflow/example_dags/example_branch_day_of_week_operator.py
[2024-03-28T15:42:56.078+0000] {processor.py:766} INFO - DAG(s) dict_keys(['example_weekday_branch_operator']) retrieved from /home/airflow/.local/lib/python3.7/site-packages/airflow/example_dags/example_branch_day_of_week_operator.py
[2024-03-28T15:42:56.123+0000] {logging_mixin.py:120} INFO - [2024-03-28T15:42:56.123+0000] {dag.py:2585} INFO - Sync 1 DAGs
[2024-03-28T15:42:56.162+0000] {logging_mixin.py:120} INFO - [2024-03-28T15:42:56.162+0000] {dag.py:3340} INFO - Setting next_dagrun for example_weekday_branch_operator to 2024-03-28T00:00:00+00:00, run_after=2024-03-29T00:00:00+00:00
[2024-03-28T15:42:56.180+0000] {processor.py:176} INFO - Processing /home/airflow/.local/lib/python3.7/site-packages/airflow/example_dags/example_branch_day_of_week_operator.py took 0.124 seconds
[2024-03-28T15:45:20.682+0000] {processor.py:154} INFO - Started process (PID=75) to work on /home/airflow/.local/lib/python3.7/site-packages/airflow/example_dags/example_branch_day_of_week_operator.py
[2024-03-28T15:45:20.683+0000] {processor.py:756} INFO - Processing file /home/airflow/.local/lib/python3.7/site-packages/airflow/example_dags/example_branch_day_of_week_operator.py for tasks to queue
[2024-03-28T15:45:20.683+0000] {logging_mixin.py:120} INFO - [2024-03-28T15:45:20.683+0000] {dagbag.py:537} INFO - Filling up the DagBag from /home/airflow/.local/lib/python3.7/site-packages/airflow/example_dags/example_branch_day_of_week_operator.py
[2024-03-28T15:45:20.696+0000] {processor.py:766} INFO - DAG(s) dict_keys(['example_weekday_branch_operator']) retrieved from /home/airflow/.local/lib/python3.7/site-packages/airflow/example_dags/example_branch_day_of_week_operator.py
[2024-03-28T15:45:20.727+0000] {logging_mixin.py:120} INFO - [2024-03-28T15:45:20.727+0000] {dag.py:2585} INFO - Sync 1 DAGs
[2024-03-28T15:45:20.747+0000] {logging_mixin.py:120} INFO - [2024-03-28T15:45:20.747+0000] {dag.py:3340} INFO - Setting next_dagrun for example_weekday_branch_operator to 2024-03-28T00:00:00+00:00, run_after=2024-03-29T00:00:00+00:00
[2024-03-28T15:45:20.759+0000] {processor.py:176} INFO - Processing /home/airflow/.local/lib/python3.7/site-packages/airflow/example_dags/example_branch_day_of_week_operator.py took 0.079 seconds
[2024-03-28T15:50:44.140+0000] {processor.py:154} INFO - Started process (PID=109) to work on /home/airflow/.local/lib/python3.7/site-packages/airflow/example_dags/example_branch_day_of_week_operator.py
[2024-03-28T15:50:44.143+0000] {processor.py:756} INFO - Processing file /home/airflow/.local/lib/python3.7/site-packages/airflow/example_dags/example_branch_day_of_week_operator.py for tasks to queue
[2024-03-28T15:50:44.144+0000] {logging_mixin.py:120} INFO - [2024-03-28T15:50:44.144+0000] {dagbag.py:537} INFO - Filling up the DagBag from /home/airflow/.local/lib/python3.7/site-packages/airflow/example_dags/example_branch_day_of_week_operator.py
[2024-03-28T15:50:44.238+0000] {processor.py:766} INFO - DAG(s) dict_keys(['example_weekday_branch_operator']) retrieved from /home/airflow/.local/lib/python3.7/site-packages/airflow/example_dags/example_branch_day_of_week_operator.py
[2024-03-28T15:50:44.885+0000] {logging_mixin.py:120} INFO - [2024-03-28T15:50:44.883+0000] {dag.py:2585} INFO - Sync 1 DAGs
[2024-03-28T15:50:45.604+0000] {logging_mixin.py:120} INFO - [2024-03-28T15:50:45.598+0000] {dag.py:3340} INFO - Setting next_dagrun for example_weekday_branch_operator to 2024-03-28T00:00:00+00:00, run_after=2024-03-29T00:00:00+00:00
[2024-03-28T15:50:45.734+0000] {processor.py:176} INFO - Processing /home/airflow/.local/lib/python3.7/site-packages/airflow/example_dags/example_branch_day_of_week_operator.py took 1.599 seconds
[2024-03-28T15:54:01.356+0000] {processor.py:154} INFO - Started process (PID=90) to work on /home/airflow/.local/lib/python3.7/site-packages/airflow/example_dags/example_branch_day_of_week_operator.py
[2024-03-28T15:54:01.359+0000] {processor.py:756} INFO - Processing file /home/airflow/.local/lib/python3.7/site-packages/airflow/example_dags/example_branch_day_of_week_operator.py for tasks to queue
[2024-03-28T15:54:01.362+0000] {logging_mixin.py:120} INFO - [2024-03-28T15:54:01.361+0000] {dagbag.py:537} INFO - Filling up the DagBag from /home/airflow/.local/lib/python3.7/site-packages/airflow/example_dags/example_branch_day_of_week_operator.py
[2024-03-28T15:54:01.414+0000] {processor.py:766} INFO - DAG(s) dict_keys(['example_weekday_branch_operator']) retrieved from /home/airflow/.local/lib/python3.7/site-packages/airflow/example_dags/example_branch_day_of_week_operator.py
[2024-03-28T15:54:02.099+0000] {logging_mixin.py:120} INFO - [2024-03-28T15:54:02.099+0000] {dag.py:2585} INFO - Sync 1 DAGs
[2024-03-28T15:54:02.262+0000] {logging_mixin.py:120} INFO - [2024-03-28T15:54:02.262+0000] {dag.py:3340} INFO - Setting next_dagrun for example_weekday_branch_operator to 2024-03-28T00:00:00+00:00, run_after=2024-03-29T00:00:00+00:00
[2024-03-28T15:54:02.328+0000] {processor.py:176} INFO - Processing /home/airflow/.local/lib/python3.7/site-packages/airflow/example_dags/example_branch_day_of_week_operator.py took 0.978 seconds
[2024-03-28T15:58:29.686+0000] {processor.py:154} INFO - Started process (PID=117) to work on /home/airflow/.local/lib/python3.7/site-packages/airflow/example_dags/example_branch_day_of_week_operator.py
[2024-03-28T15:58:29.688+0000] {processor.py:756} INFO - Processing file /home/airflow/.local/lib/python3.7/site-packages/airflow/example_dags/example_branch_day_of_week_operator.py for tasks to queue
[2024-03-28T15:58:29.689+0000] {logging_mixin.py:120} INFO - [2024-03-28T15:58:29.689+0000] {dagbag.py:537} INFO - Filling up the DagBag from /home/airflow/.local/lib/python3.7/site-packages/airflow/example_dags/example_branch_day_of_week_operator.py
[2024-03-28T15:58:29.808+0000] {processor.py:766} INFO - DAG(s) dict_keys(['example_weekday_branch_operator']) retrieved from /home/airflow/.local/lib/python3.7/site-packages/airflow/example_dags/example_branch_day_of_week_operator.py
[2024-03-28T15:58:32.426+0000] {logging_mixin.py:120} INFO - [2024-03-28T15:58:32.424+0000] {dag.py:2585} INFO - Sync 1 DAGs
[2024-03-28T15:58:32.740+0000] {logging_mixin.py:120} INFO - [2024-03-28T15:58:32.739+0000] {dag.py:3340} INFO - Setting next_dagrun for example_weekday_branch_operator to 2024-03-28T00:00:00+00:00, run_after=2024-03-29T00:00:00+00:00
[2024-03-28T15:58:33.172+0000] {processor.py:176} INFO - Processing /home/airflow/.local/lib/python3.7/site-packages/airflow/example_dags/example_branch_day_of_week_operator.py took 3.494 seconds
