[2024-03-28T15:20:41.670+0000] {processor.py:154} INFO - Started process (PID=76) to work on /home/airflow/.local/lib/python3.7/site-packages/airflow/example_dags/example_branch_labels.py
[2024-03-28T15:20:41.671+0000] {processor.py:756} INFO - Processing file /home/airflow/.local/lib/python3.7/site-packages/airflow/example_dags/example_branch_labels.py for tasks to queue
[2024-03-28T15:20:41.673+0000] {logging_mixin.py:120} INFO - [2024-03-28T15:20:41.673+0000] {dagbag.py:537} INFO - Filling up the DagBag from /home/airflow/.local/lib/python3.7/site-packages/airflow/example_dags/example_branch_labels.py
[2024-03-28T15:20:41.695+0000] {processor.py:766} INFO - DAG(s) dict_keys(['example_branch_labels']) retrieved from /home/airflow/.local/lib/python3.7/site-packages/airflow/example_dags/example_branch_labels.py
[2024-03-28T15:20:41.742+0000] {logging_mixin.py:120} INFO - [2024-03-28T15:20:41.742+0000] {dag.py:2585} INFO - Sync 1 DAGs
[2024-03-28T15:20:41.794+0000] {logging_mixin.py:120} INFO - [2024-03-28T15:20:41.794+0000] {dag.py:3340} INFO - Setting next_dagrun for example_branch_labels to 2024-03-27T00:00:00+00:00, run_after=2024-03-28T00:00:00+00:00
[2024-03-28T15:20:41.811+0000] {processor.py:176} INFO - Processing /home/airflow/.local/lib/python3.7/site-packages/airflow/example_dags/example_branch_labels.py took 0.146 seconds
[2024-03-28T15:25:26.101+0000] {processor.py:154} INFO - Started process (PID=108) to work on /home/airflow/.local/lib/python3.7/site-packages/airflow/example_dags/example_branch_labels.py
[2024-03-28T15:25:26.105+0000] {processor.py:756} INFO - Processing file /home/airflow/.local/lib/python3.7/site-packages/airflow/example_dags/example_branch_labels.py for tasks to queue
[2024-03-28T15:25:26.112+0000] {logging_mixin.py:120} INFO - [2024-03-28T15:25:26.111+0000] {dagbag.py:537} INFO - Filling up the DagBag from /home/airflow/.local/lib/python3.7/site-packages/airflow/example_dags/example_branch_labels.py
[2024-03-28T15:25:26.265+0000] {processor.py:766} INFO - DAG(s) dict_keys(['example_branch_labels']) retrieved from /home/airflow/.local/lib/python3.7/site-packages/airflow/example_dags/example_branch_labels.py
[2024-03-28T15:25:27.370+0000] {logging_mixin.py:120} INFO - [2024-03-28T15:25:27.367+0000] {dag.py:2585} INFO - Sync 1 DAGs
[2024-03-28T15:25:27.601+0000] {logging_mixin.py:120} INFO - [2024-03-28T15:25:27.594+0000] {dag.py:3340} INFO - Setting next_dagrun for example_branch_labels to 2024-03-27T00:00:00+00:00, run_after=2024-03-28T00:00:00+00:00
[2024-03-28T15:25:29.816+0000] {processor.py:176} INFO - Processing /home/airflow/.local/lib/python3.7/site-packages/airflow/example_dags/example_branch_labels.py took 3.735 seconds
[2024-03-28T15:27:36.897+0000] {processor.py:154} INFO - Started process (PID=99) to work on /home/airflow/.local/lib/python3.7/site-packages/airflow/example_dags/example_branch_labels.py
[2024-03-28T15:27:36.899+0000] {processor.py:756} INFO - Processing file /home/airflow/.local/lib/python3.7/site-packages/airflow/example_dags/example_branch_labels.py for tasks to queue
[2024-03-28T15:27:36.900+0000] {logging_mixin.py:120} INFO - [2024-03-28T15:27:36.899+0000] {dagbag.py:537} INFO - Filling up the DagBag from /home/airflow/.local/lib/python3.7/site-packages/airflow/example_dags/example_branch_labels.py
[2024-03-28T15:27:36.947+0000] {processor.py:766} INFO - DAG(s) dict_keys(['example_branch_labels']) retrieved from /home/airflow/.local/lib/python3.7/site-packages/airflow/example_dags/example_branch_labels.py
[2024-03-28T15:27:39.408+0000] {logging_mixin.py:120} INFO - [2024-03-28T15:27:39.404+0000] {dag.py:2585} INFO - Sync 1 DAGs
[2024-03-28T15:27:39.747+0000] {logging_mixin.py:120} INFO - [2024-03-28T15:27:39.747+0000] {dag.py:3340} INFO - Setting next_dagrun for example_branch_labels to 2024-03-27T00:00:00+00:00, run_after=2024-03-28T00:00:00+00:00
[2024-03-28T15:27:39.847+0000] {processor.py:176} INFO - Processing /home/airflow/.local/lib/python3.7/site-packages/airflow/example_dags/example_branch_labels.py took 2.956 seconds
[2024-03-28T15:28:10.188+0000] {processor.py:154} INFO - Started process (PID=165) to work on /home/airflow/.local/lib/python3.7/site-packages/airflow/example_dags/example_branch_labels.py
[2024-03-28T15:28:10.189+0000] {processor.py:756} INFO - Processing file /home/airflow/.local/lib/python3.7/site-packages/airflow/example_dags/example_branch_labels.py for tasks to queue
[2024-03-28T15:28:10.190+0000] {logging_mixin.py:120} INFO - [2024-03-28T15:28:10.190+0000] {dagbag.py:537} INFO - Filling up the DagBag from /home/airflow/.local/lib/python3.7/site-packages/airflow/example_dags/example_branch_labels.py
[2024-03-28T15:28:10.222+0000] {processor.py:766} INFO - DAG(s) dict_keys(['example_branch_labels']) retrieved from /home/airflow/.local/lib/python3.7/site-packages/airflow/example_dags/example_branch_labels.py
[2024-03-28T15:28:10.281+0000] {logging_mixin.py:120} INFO - [2024-03-28T15:28:10.280+0000] {dag.py:2585} INFO - Sync 1 DAGs
[2024-03-28T15:28:10.320+0000] {logging_mixin.py:120} INFO - [2024-03-28T15:28:10.319+0000] {dag.py:3340} INFO - Setting next_dagrun for example_branch_labels to 2024-03-27T00:00:00+00:00, run_after=2024-03-28T00:00:00+00:00
[2024-03-28T15:28:10.345+0000] {processor.py:176} INFO - Processing /home/airflow/.local/lib/python3.7/site-packages/airflow/example_dags/example_branch_labels.py took 0.160 seconds
[2024-03-28T15:30:31.594+0000] {processor.py:154} INFO - Started process (PID=107) to work on /home/airflow/.local/lib/python3.7/site-packages/airflow/example_dags/example_branch_labels.py
[2024-03-28T15:30:31.599+0000] {processor.py:756} INFO - Processing file /home/airflow/.local/lib/python3.7/site-packages/airflow/example_dags/example_branch_labels.py for tasks to queue
[2024-03-28T15:30:31.609+0000] {logging_mixin.py:120} INFO - [2024-03-28T15:30:31.607+0000] {dagbag.py:537} INFO - Filling up the DagBag from /home/airflow/.local/lib/python3.7/site-packages/airflow/example_dags/example_branch_labels.py
[2024-03-28T15:30:31.822+0000] {processor.py:766} INFO - DAG(s) dict_keys(['example_branch_labels']) retrieved from /home/airflow/.local/lib/python3.7/site-packages/airflow/example_dags/example_branch_labels.py
[2024-03-28T15:30:32.116+0000] {logging_mixin.py:120} INFO - [2024-03-28T15:30:32.115+0000] {dag.py:2585} INFO - Sync 1 DAGs
[2024-03-28T15:30:32.251+0000] {logging_mixin.py:120} INFO - [2024-03-28T15:30:32.251+0000] {dag.py:3340} INFO - Setting next_dagrun for example_branch_labels to 2024-03-27T00:00:00+00:00, run_after=2024-03-28T00:00:00+00:00
[2024-03-28T15:30:32.341+0000] {processor.py:176} INFO - Processing /home/airflow/.local/lib/python3.7/site-packages/airflow/example_dags/example_branch_labels.py took 0.785 seconds
[2024-03-28T15:38:48.707+0000] {processor.py:154} INFO - Started process (PID=115) to work on /home/airflow/.local/lib/python3.7/site-packages/airflow/example_dags/example_branch_labels.py
[2024-03-28T15:38:48.710+0000] {processor.py:756} INFO - Processing file /home/airflow/.local/lib/python3.7/site-packages/airflow/example_dags/example_branch_labels.py for tasks to queue
[2024-03-28T15:38:48.713+0000] {logging_mixin.py:120} INFO - [2024-03-28T15:38:48.711+0000] {dagbag.py:537} INFO - Filling up the DagBag from /home/airflow/.local/lib/python3.7/site-packages/airflow/example_dags/example_branch_labels.py
[2024-03-28T15:38:48.781+0000] {processor.py:766} INFO - DAG(s) dict_keys(['example_branch_labels']) retrieved from /home/airflow/.local/lib/python3.7/site-packages/airflow/example_dags/example_branch_labels.py
[2024-03-28T15:38:48.946+0000] {logging_mixin.py:120} INFO - [2024-03-28T15:38:48.945+0000] {dag.py:2585} INFO - Sync 1 DAGs
[2024-03-28T15:38:48.987+0000] {logging_mixin.py:120} INFO - [2024-03-28T15:38:48.987+0000] {dag.py:3340} INFO - Setting next_dagrun for example_branch_labels to 2024-03-27T00:00:00+00:00, run_after=2024-03-28T00:00:00+00:00
[2024-03-28T15:38:49.024+0000] {processor.py:176} INFO - Processing /home/airflow/.local/lib/python3.7/site-packages/airflow/example_dags/example_branch_labels.py took 0.328 seconds
[2024-03-28T15:42:23.507+0000] {processor.py:154} INFO - Started process (PID=105) to work on /home/airflow/.local/lib/python3.7/site-packages/airflow/example_dags/example_branch_labels.py
[2024-03-28T15:42:23.510+0000] {processor.py:756} INFO - Processing file /home/airflow/.local/lib/python3.7/site-packages/airflow/example_dags/example_branch_labels.py for tasks to queue
[2024-03-28T15:42:23.511+0000] {logging_mixin.py:120} INFO - [2024-03-28T15:42:23.511+0000] {dagbag.py:537} INFO - Filling up the DagBag from /home/airflow/.local/lib/python3.7/site-packages/airflow/example_dags/example_branch_labels.py
[2024-03-28T15:42:23.668+0000] {processor.py:766} INFO - DAG(s) dict_keys(['example_branch_labels']) retrieved from /home/airflow/.local/lib/python3.7/site-packages/airflow/example_dags/example_branch_labels.py
[2024-03-28T15:42:23.971+0000] {logging_mixin.py:120} INFO - [2024-03-28T15:42:23.970+0000] {dag.py:2585} INFO - Sync 1 DAGs
[2024-03-28T15:42:24.051+0000] {logging_mixin.py:120} INFO - [2024-03-28T15:42:24.051+0000] {dag.py:3340} INFO - Setting next_dagrun for example_branch_labels to 2024-03-27T00:00:00+00:00, run_after=2024-03-28T00:00:00+00:00
[2024-03-28T15:42:24.087+0000] {processor.py:176} INFO - Processing /home/airflow/.local/lib/python3.7/site-packages/airflow/example_dags/example_branch_labels.py took 0.584 seconds
[2024-03-28T15:42:56.758+0000] {processor.py:154} INFO - Started process (PID=63) to work on /home/airflow/.local/lib/python3.7/site-packages/airflow/example_dags/example_branch_labels.py
[2024-03-28T15:42:56.759+0000] {processor.py:756} INFO - Processing file /home/airflow/.local/lib/python3.7/site-packages/airflow/example_dags/example_branch_labels.py for tasks to queue
[2024-03-28T15:42:56.759+0000] {logging_mixin.py:120} INFO - [2024-03-28T15:42:56.759+0000] {dagbag.py:537} INFO - Filling up the DagBag from /home/airflow/.local/lib/python3.7/site-packages/airflow/example_dags/example_branch_labels.py
[2024-03-28T15:42:56.768+0000] {processor.py:766} INFO - DAG(s) dict_keys(['example_branch_labels']) retrieved from /home/airflow/.local/lib/python3.7/site-packages/airflow/example_dags/example_branch_labels.py
[2024-03-28T15:42:56.793+0000] {logging_mixin.py:120} INFO - [2024-03-28T15:42:56.792+0000] {dag.py:2585} INFO - Sync 1 DAGs
[2024-03-28T15:42:56.808+0000] {logging_mixin.py:120} INFO - [2024-03-28T15:42:56.808+0000] {dag.py:3340} INFO - Setting next_dagrun for example_branch_labels to 2024-03-27T00:00:00+00:00, run_after=2024-03-28T00:00:00+00:00
[2024-03-28T15:42:56.819+0000] {processor.py:176} INFO - Processing /home/airflow/.local/lib/python3.7/site-packages/airflow/example_dags/example_branch_labels.py took 0.062 seconds
[2024-03-28T15:45:20.950+0000] {processor.py:154} INFO - Started process (PID=81) to work on /home/airflow/.local/lib/python3.7/site-packages/airflow/example_dags/example_branch_labels.py
[2024-03-28T15:45:20.950+0000] {processor.py:756} INFO - Processing file /home/airflow/.local/lib/python3.7/site-packages/airflow/example_dags/example_branch_labels.py for tasks to queue
[2024-03-28T15:45:20.951+0000] {logging_mixin.py:120} INFO - [2024-03-28T15:45:20.951+0000] {dagbag.py:537} INFO - Filling up the DagBag from /home/airflow/.local/lib/python3.7/site-packages/airflow/example_dags/example_branch_labels.py
[2024-03-28T15:45:20.962+0000] {processor.py:766} INFO - DAG(s) dict_keys(['example_branch_labels']) retrieved from /home/airflow/.local/lib/python3.7/site-packages/airflow/example_dags/example_branch_labels.py
[2024-03-28T15:45:20.985+0000] {logging_mixin.py:120} INFO - [2024-03-28T15:45:20.985+0000] {dag.py:2585} INFO - Sync 1 DAGs
[2024-03-28T15:45:21.006+0000] {logging_mixin.py:120} INFO - [2024-03-28T15:45:21.006+0000] {dag.py:3340} INFO - Setting next_dagrun for example_branch_labels to 2024-03-27T00:00:00+00:00, run_after=2024-03-28T00:00:00+00:00
[2024-03-28T15:45:21.019+0000] {processor.py:176} INFO - Processing /home/airflow/.local/lib/python3.7/site-packages/airflow/example_dags/example_branch_labels.py took 0.072 seconds
[2024-03-28T15:50:48.201+0000] {processor.py:154} INFO - Started process (PID=115) to work on /home/airflow/.local/lib/python3.7/site-packages/airflow/example_dags/example_branch_labels.py
[2024-03-28T15:50:48.204+0000] {processor.py:756} INFO - Processing file /home/airflow/.local/lib/python3.7/site-packages/airflow/example_dags/example_branch_labels.py for tasks to queue
[2024-03-28T15:50:48.206+0000] {logging_mixin.py:120} INFO - [2024-03-28T15:50:48.206+0000] {dagbag.py:537} INFO - Filling up the DagBag from /home/airflow/.local/lib/python3.7/site-packages/airflow/example_dags/example_branch_labels.py
[2024-03-28T15:50:49.249+0000] {processor.py:766} INFO - DAG(s) dict_keys(['example_branch_labels']) retrieved from /home/airflow/.local/lib/python3.7/site-packages/airflow/example_dags/example_branch_labels.py
[2024-03-28T15:50:49.391+0000] {logging_mixin.py:120} INFO - [2024-03-28T15:50:49.391+0000] {dag.py:2585} INFO - Sync 1 DAGs
[2024-03-28T15:50:49.441+0000] {logging_mixin.py:120} INFO - [2024-03-28T15:50:49.441+0000] {dag.py:3340} INFO - Setting next_dagrun for example_branch_labels to 2024-03-27T00:00:00+00:00, run_after=2024-03-28T00:00:00+00:00
[2024-03-28T15:50:49.486+0000] {processor.py:176} INFO - Processing /home/airflow/.local/lib/python3.7/site-packages/airflow/example_dags/example_branch_labels.py took 1.293 seconds
[2024-03-28T15:54:06.810+0000] {processor.py:154} INFO - Started process (PID=98) to work on /home/airflow/.local/lib/python3.7/site-packages/airflow/example_dags/example_branch_labels.py
[2024-03-28T15:54:06.819+0000] {processor.py:756} INFO - Processing file /home/airflow/.local/lib/python3.7/site-packages/airflow/example_dags/example_branch_labels.py for tasks to queue
[2024-03-28T15:54:06.820+0000] {logging_mixin.py:120} INFO - [2024-03-28T15:54:06.820+0000] {dagbag.py:537} INFO - Filling up the DagBag from /home/airflow/.local/lib/python3.7/site-packages/airflow/example_dags/example_branch_labels.py
[2024-03-28T15:54:07.075+0000] {processor.py:766} INFO - DAG(s) dict_keys(['example_branch_labels']) retrieved from /home/airflow/.local/lib/python3.7/site-packages/airflow/example_dags/example_branch_labels.py
[2024-03-28T15:54:09.655+0000] {logging_mixin.py:120} INFO - [2024-03-28T15:54:09.648+0000] {dag.py:2585} INFO - Sync 1 DAGs
[2024-03-28T15:54:09.801+0000] {logging_mixin.py:120} INFO - [2024-03-28T15:54:09.800+0000] {dag.py:3340} INFO - Setting next_dagrun for example_branch_labels to 2024-03-27T00:00:00+00:00, run_after=2024-03-28T00:00:00+00:00
[2024-03-28T15:54:09.909+0000] {processor.py:176} INFO - Processing /home/airflow/.local/lib/python3.7/site-packages/airflow/example_dags/example_branch_labels.py took 3.108 seconds
[2024-03-28T15:58:38.412+0000] {processor.py:154} INFO - Started process (PID=130) to work on /home/airflow/.local/lib/python3.7/site-packages/airflow/example_dags/example_branch_labels.py
[2024-03-28T15:58:38.420+0000] {processor.py:756} INFO - Processing file /home/airflow/.local/lib/python3.7/site-packages/airflow/example_dags/example_branch_labels.py for tasks to queue
[2024-03-28T15:58:38.421+0000] {logging_mixin.py:120} INFO - [2024-03-28T15:58:38.421+0000] {dagbag.py:537} INFO - Filling up the DagBag from /home/airflow/.local/lib/python3.7/site-packages/airflow/example_dags/example_branch_labels.py
[2024-03-28T15:58:38.575+0000] {processor.py:766} INFO - DAG(s) dict_keys(['example_branch_labels']) retrieved from /home/airflow/.local/lib/python3.7/site-packages/airflow/example_dags/example_branch_labels.py
[2024-03-28T15:58:42.706+0000] {logging_mixin.py:120} INFO - [2024-03-28T15:58:42.704+0000] {dag.py:2585} INFO - Sync 1 DAGs
[2024-03-28T15:58:43.212+0000] {logging_mixin.py:120} INFO - [2024-03-28T15:58:43.207+0000] {dag.py:3340} INFO - Setting next_dagrun for example_branch_labels to 2024-03-27T00:00:00+00:00, run_after=2024-03-28T00:00:00+00:00
[2024-03-28T15:58:43.555+0000] {processor.py:176} INFO - Processing /home/airflow/.local/lib/python3.7/site-packages/airflow/example_dags/example_branch_labels.py took 5.152 seconds
