[2024-03-28T15:20:34.438+0000] {processor.py:154} INFO - Started process (PID=71) to work on /home/airflow/.local/lib/python3.7/site-packages/airflow/example_dags/example_datasets.py
[2024-03-28T15:20:34.439+0000] {processor.py:756} INFO - Processing file /home/airflow/.local/lib/python3.7/site-packages/airflow/example_dags/example_datasets.py for tasks to queue
[2024-03-28T15:20:34.440+0000] {logging_mixin.py:120} INFO - [2024-03-28T15:20:34.440+0000] {dagbag.py:537} INFO - Filling up the DagBag from /home/airflow/.local/lib/python3.7/site-packages/airflow/example_dags/example_datasets.py
[2024-03-28T15:20:38.423+0000] {processor.py:766} INFO - DAG(s) dict_keys(['dataset_consumes_unknown_never_scheduled', 'dataset_produces_2', 'dataset_consumes_1', 'dataset_consumes_1_and_2', 'dataset_produces_1', 'dataset_consumes_1_never_scheduled']) retrieved from /home/airflow/.local/lib/python3.7/site-packages/airflow/example_dags/example_datasets.py
[2024-03-28T15:20:40.250+0000] {logging_mixin.py:120} INFO - [2024-03-28T15:20:40.247+0000] {dag.py:2585} INFO - Sync 6 DAGs
[2024-03-28T15:20:40.368+0000] {logging_mixin.py:120} INFO - [2024-03-28T15:20:40.367+0000] {dag.py:3340} INFO - Setting next_dagrun for dataset_consumes_1 to None, run_after=None
[2024-03-28T15:20:40.430+0000] {logging_mixin.py:120} INFO - [2024-03-28T15:20:40.429+0000] {dag.py:3340} INFO - Setting next_dagrun for dataset_consumes_1_and_2 to None, run_after=None
[2024-03-28T15:20:40.441+0000] {logging_mixin.py:120} INFO - [2024-03-28T15:20:40.441+0000] {dag.py:3340} INFO - Setting next_dagrun for dataset_consumes_1_never_scheduled to None, run_after=None
[2024-03-28T15:20:40.450+0000] {logging_mixin.py:120} INFO - [2024-03-28T15:20:40.450+0000] {dag.py:3340} INFO - Setting next_dagrun for dataset_consumes_unknown_never_scheduled to None, run_after=None
[2024-03-28T15:20:40.475+0000] {logging_mixin.py:120} INFO - [2024-03-28T15:20:40.475+0000] {dag.py:3340} INFO - Setting next_dagrun for dataset_produces_1 to 2024-03-27T00:00:00+00:00, run_after=2024-03-28T00:00:00+00:00
[2024-03-28T15:20:40.496+0000] {logging_mixin.py:120} INFO - [2024-03-28T15:20:40.495+0000] {dag.py:3340} INFO - Setting next_dagrun for dataset_produces_2 to None, run_after=None
[2024-03-28T15:20:40.700+0000] {processor.py:176} INFO - Processing /home/airflow/.local/lib/python3.7/site-packages/airflow/example_dags/example_datasets.py took 6.265 seconds
[2024-03-28T15:25:20.867+0000] {processor.py:154} INFO - Started process (PID=104) to work on /home/airflow/.local/lib/python3.7/site-packages/airflow/example_dags/example_datasets.py
[2024-03-28T15:25:20.870+0000] {processor.py:756} INFO - Processing file /home/airflow/.local/lib/python3.7/site-packages/airflow/example_dags/example_datasets.py for tasks to queue
[2024-03-28T15:25:20.872+0000] {logging_mixin.py:120} INFO - [2024-03-28T15:25:20.872+0000] {dagbag.py:537} INFO - Filling up the DagBag from /home/airflow/.local/lib/python3.7/site-packages/airflow/example_dags/example_datasets.py
[2024-03-28T15:25:21.099+0000] {processor.py:766} INFO - DAG(s) dict_keys(['dataset_consumes_1', 'dataset_consumes_1_and_2', 'dataset_consumes_unknown_never_scheduled', 'dataset_produces_1', 'dataset_consumes_1_never_scheduled', 'dataset_produces_2']) retrieved from /home/airflow/.local/lib/python3.7/site-packages/airflow/example_dags/example_datasets.py
[2024-03-28T15:25:21.699+0000] {logging_mixin.py:120} INFO - [2024-03-28T15:25:21.699+0000] {dag.py:2585} INFO - Sync 6 DAGs
[2024-03-28T15:25:21.975+0000] {logging_mixin.py:120} INFO - [2024-03-28T15:25:21.972+0000] {dag.py:3340} INFO - Setting next_dagrun for dataset_consumes_1 to None, run_after=None
[2024-03-28T15:25:21.996+0000] {logging_mixin.py:120} INFO - [2024-03-28T15:25:21.996+0000] {dag.py:3340} INFO - Setting next_dagrun for dataset_consumes_1_and_2 to None, run_after=None
[2024-03-28T15:25:22.007+0000] {logging_mixin.py:120} INFO - [2024-03-28T15:25:22.007+0000] {dag.py:3340} INFO - Setting next_dagrun for dataset_consumes_1_never_scheduled to None, run_after=None
[2024-03-28T15:25:22.014+0000] {logging_mixin.py:120} INFO - [2024-03-28T15:25:22.014+0000] {dag.py:3340} INFO - Setting next_dagrun for dataset_consumes_unknown_never_scheduled to None, run_after=None
[2024-03-28T15:25:22.126+0000] {logging_mixin.py:120} INFO - [2024-03-28T15:25:22.114+0000] {dag.py:3340} INFO - Setting next_dagrun for dataset_produces_1 to 2024-03-27T00:00:00+00:00, run_after=2024-03-28T00:00:00+00:00
[2024-03-28T15:25:22.234+0000] {logging_mixin.py:120} INFO - [2024-03-28T15:25:22.231+0000] {dag.py:3340} INFO - Setting next_dagrun for dataset_produces_2 to None, run_after=None
[2024-03-28T15:25:24.754+0000] {processor.py:176} INFO - Processing /home/airflow/.local/lib/python3.7/site-packages/airflow/example_dags/example_datasets.py took 3.920 seconds
[2024-03-28T15:27:34.581+0000] {processor.py:154} INFO - Started process (PID=94) to work on /home/airflow/.local/lib/python3.7/site-packages/airflow/example_dags/example_datasets.py
[2024-03-28T15:27:34.584+0000] {processor.py:756} INFO - Processing file /home/airflow/.local/lib/python3.7/site-packages/airflow/example_dags/example_datasets.py for tasks to queue
[2024-03-28T15:27:34.586+0000] {logging_mixin.py:120} INFO - [2024-03-28T15:27:34.586+0000] {dagbag.py:537} INFO - Filling up the DagBag from /home/airflow/.local/lib/python3.7/site-packages/airflow/example_dags/example_datasets.py
[2024-03-28T15:27:34.791+0000] {processor.py:766} INFO - DAG(s) dict_keys(['dataset_produces_2', 'dataset_consumes_1_never_scheduled', 'dataset_consumes_1_and_2', 'dataset_consumes_unknown_never_scheduled', 'dataset_consumes_1', 'dataset_produces_1']) retrieved from /home/airflow/.local/lib/python3.7/site-packages/airflow/example_dags/example_datasets.py
[2024-03-28T15:27:36.067+0000] {logging_mixin.py:120} INFO - [2024-03-28T15:27:36.064+0000] {dag.py:2585} INFO - Sync 6 DAGs
[2024-03-28T15:27:36.119+0000] {logging_mixin.py:120} INFO - [2024-03-28T15:27:36.119+0000] {dag.py:3340} INFO - Setting next_dagrun for dataset_consumes_1 to None, run_after=None
[2024-03-28T15:27:36.129+0000] {logging_mixin.py:120} INFO - [2024-03-28T15:27:36.129+0000] {dag.py:3340} INFO - Setting next_dagrun for dataset_consumes_1_and_2 to None, run_after=None
[2024-03-28T15:27:36.134+0000] {logging_mixin.py:120} INFO - [2024-03-28T15:27:36.134+0000] {dag.py:3340} INFO - Setting next_dagrun for dataset_consumes_1_never_scheduled to None, run_after=None
[2024-03-28T15:27:36.136+0000] {logging_mixin.py:120} INFO - [2024-03-28T15:27:36.135+0000] {dag.py:3340} INFO - Setting next_dagrun for dataset_consumes_unknown_never_scheduled to None, run_after=None
[2024-03-28T15:27:36.142+0000] {logging_mixin.py:120} INFO - [2024-03-28T15:27:36.142+0000] {dag.py:3340} INFO - Setting next_dagrun for dataset_produces_1 to 2024-03-27T00:00:00+00:00, run_after=2024-03-28T00:00:00+00:00
[2024-03-28T15:27:36.144+0000] {logging_mixin.py:120} INFO - [2024-03-28T15:27:36.144+0000] {dag.py:3340} INFO - Setting next_dagrun for dataset_produces_2 to None, run_after=None
[2024-03-28T15:27:36.179+0000] {processor.py:176} INFO - Processing /home/airflow/.local/lib/python3.7/site-packages/airflow/example_dags/example_datasets.py took 1.289 seconds
[2024-03-28T15:28:06.679+0000] {processor.py:154} INFO - Started process (PID=160) to work on /home/airflow/.local/lib/python3.7/site-packages/airflow/example_dags/example_datasets.py
[2024-03-28T15:28:06.684+0000] {processor.py:756} INFO - Processing file /home/airflow/.local/lib/python3.7/site-packages/airflow/example_dags/example_datasets.py for tasks to queue
[2024-03-28T15:28:06.685+0000] {logging_mixin.py:120} INFO - [2024-03-28T15:28:06.685+0000] {dagbag.py:537} INFO - Filling up the DagBag from /home/airflow/.local/lib/python3.7/site-packages/airflow/example_dags/example_datasets.py
[2024-03-28T15:28:06.747+0000] {processor.py:766} INFO - DAG(s) dict_keys(['dataset_produces_1', 'dataset_consumes_1_and_2', 'dataset_produces_2', 'dataset_consumes_unknown_never_scheduled', 'dataset_consumes_1', 'dataset_consumes_1_never_scheduled']) retrieved from /home/airflow/.local/lib/python3.7/site-packages/airflow/example_dags/example_datasets.py
[2024-03-28T15:28:06.916+0000] {logging_mixin.py:120} INFO - [2024-03-28T15:28:06.916+0000] {dag.py:2585} INFO - Sync 6 DAGs
[2024-03-28T15:28:06.969+0000] {logging_mixin.py:120} INFO - [2024-03-28T15:28:06.968+0000] {dag.py:3340} INFO - Setting next_dagrun for dataset_consumes_1 to None, run_after=None
[2024-03-28T15:28:06.983+0000] {logging_mixin.py:120} INFO - [2024-03-28T15:28:06.983+0000] {dag.py:3340} INFO - Setting next_dagrun for dataset_consumes_1_and_2 to None, run_after=None
[2024-03-28T15:28:06.987+0000] {logging_mixin.py:120} INFO - [2024-03-28T15:28:06.987+0000] {dag.py:3340} INFO - Setting next_dagrun for dataset_consumes_1_never_scheduled to None, run_after=None
[2024-03-28T15:28:06.989+0000] {logging_mixin.py:120} INFO - [2024-03-28T15:28:06.989+0000] {dag.py:3340} INFO - Setting next_dagrun for dataset_consumes_unknown_never_scheduled to None, run_after=None
[2024-03-28T15:28:07.000+0000] {logging_mixin.py:120} INFO - [2024-03-28T15:28:07.000+0000] {dag.py:3340} INFO - Setting next_dagrun for dataset_produces_1 to 2024-03-27T00:00:00+00:00, run_after=2024-03-28T00:00:00+00:00
[2024-03-28T15:28:07.004+0000] {logging_mixin.py:120} INFO - [2024-03-28T15:28:07.003+0000] {dag.py:3340} INFO - Setting next_dagrun for dataset_produces_2 to None, run_after=None
[2024-03-28T15:28:07.051+0000] {processor.py:176} INFO - Processing /home/airflow/.local/lib/python3.7/site-packages/airflow/example_dags/example_datasets.py took 0.381 seconds
[2024-03-28T15:30:25.058+0000] {processor.py:154} INFO - Started process (PID=102) to work on /home/airflow/.local/lib/python3.7/site-packages/airflow/example_dags/example_datasets.py
[2024-03-28T15:30:25.064+0000] {processor.py:756} INFO - Processing file /home/airflow/.local/lib/python3.7/site-packages/airflow/example_dags/example_datasets.py for tasks to queue
[2024-03-28T15:30:25.069+0000] {logging_mixin.py:120} INFO - [2024-03-28T15:30:25.069+0000] {dagbag.py:537} INFO - Filling up the DagBag from /home/airflow/.local/lib/python3.7/site-packages/airflow/example_dags/example_datasets.py
[2024-03-28T15:30:25.452+0000] {processor.py:766} INFO - DAG(s) dict_keys(['dataset_consumes_1_and_2', 'dataset_consumes_unknown_never_scheduled', 'dataset_produces_2', 'dataset_produces_1', 'dataset_consumes_1_never_scheduled', 'dataset_consumes_1']) retrieved from /home/airflow/.local/lib/python3.7/site-packages/airflow/example_dags/example_datasets.py
[2024-03-28T15:30:26.737+0000] {logging_mixin.py:120} INFO - [2024-03-28T15:30:26.734+0000] {dag.py:2585} INFO - Sync 6 DAGs
[2024-03-28T15:30:26.915+0000] {logging_mixin.py:120} INFO - [2024-03-28T15:30:26.914+0000] {dag.py:3340} INFO - Setting next_dagrun for dataset_consumes_1 to None, run_after=None
[2024-03-28T15:30:26.947+0000] {logging_mixin.py:120} INFO - [2024-03-28T15:30:26.942+0000] {dag.py:3340} INFO - Setting next_dagrun for dataset_consumes_1_and_2 to None, run_after=None
[2024-03-28T15:30:26.970+0000] {logging_mixin.py:120} INFO - [2024-03-28T15:30:26.967+0000] {dag.py:3340} INFO - Setting next_dagrun for dataset_consumes_1_never_scheduled to None, run_after=None
[2024-03-28T15:30:26.976+0000] {logging_mixin.py:120} INFO - [2024-03-28T15:30:26.976+0000] {dag.py:3340} INFO - Setting next_dagrun for dataset_consumes_unknown_never_scheduled to None, run_after=None
[2024-03-28T15:30:26.991+0000] {logging_mixin.py:120} INFO - [2024-03-28T15:30:26.989+0000] {dag.py:3340} INFO - Setting next_dagrun for dataset_produces_1 to 2024-03-27T00:00:00+00:00, run_after=2024-03-28T00:00:00+00:00
[2024-03-28T15:30:27.008+0000] {logging_mixin.py:120} INFO - [2024-03-28T15:30:27.006+0000] {dag.py:3340} INFO - Setting next_dagrun for dataset_produces_2 to None, run_after=None
[2024-03-28T15:30:27.464+0000] {processor.py:176} INFO - Processing /home/airflow/.local/lib/python3.7/site-packages/airflow/example_dags/example_datasets.py took 2.442 seconds
[2024-03-28T15:35:22.458+0000] {processor.py:154} INFO - Started process (PID=103) to work on /home/airflow/.local/lib/python3.7/site-packages/airflow/example_dags/example_datasets.py
[2024-03-28T15:35:22.464+0000] {processor.py:756} INFO - Processing file /home/airflow/.local/lib/python3.7/site-packages/airflow/example_dags/example_datasets.py for tasks to queue
[2024-03-28T15:35:22.467+0000] {logging_mixin.py:120} INFO - [2024-03-28T15:35:22.466+0000] {dagbag.py:537} INFO - Filling up the DagBag from /home/airflow/.local/lib/python3.7/site-packages/airflow/example_dags/example_datasets.py
[2024-03-28T15:35:23.645+0000] {processor.py:766} INFO - DAG(s) dict_keys(['dataset_produces_1', 'dataset_consumes_1_never_scheduled', 'dataset_produces_2', 'dataset_consumes_1_and_2', 'dataset_consumes_1', 'dataset_consumes_unknown_never_scheduled']) retrieved from /home/airflow/.local/lib/python3.7/site-packages/airflow/example_dags/example_datasets.py
[2024-03-28T15:35:24.614+0000] {logging_mixin.py:120} INFO - [2024-03-28T15:35:24.612+0000] {dag.py:2585} INFO - Sync 6 DAGs
[2024-03-28T15:35:24.771+0000] {logging_mixin.py:120} INFO - [2024-03-28T15:35:24.771+0000] {dag.py:3340} INFO - Setting next_dagrun for dataset_consumes_1 to None, run_after=None
[2024-03-28T15:38:46.691+0000] {logging_mixin.py:120} INFO - [2024-03-28T15:38:46.688+0000] {dag.py:3340} INFO - Setting next_dagrun for dataset_consumes_1_and_2 to None, run_after=None
[2024-03-28T15:38:46.700+0000] {logging_mixin.py:120} INFO - [2024-03-28T15:38:46.700+0000] {dag.py:3340} INFO - Setting next_dagrun for dataset_consumes_1_never_scheduled to None, run_after=None
[2024-03-28T15:38:46.707+0000] {logging_mixin.py:120} INFO - [2024-03-28T15:38:46.707+0000] {dag.py:3340} INFO - Setting next_dagrun for dataset_consumes_unknown_never_scheduled to None, run_after=None
[2024-03-28T15:38:46.725+0000] {logging_mixin.py:120} INFO - [2024-03-28T15:38:46.724+0000] {dag.py:3340} INFO - Setting next_dagrun for dataset_produces_1 to 2024-03-27T00:00:00+00:00, run_after=2024-03-28T00:00:00+00:00
[2024-03-28T15:38:46.729+0000] {logging_mixin.py:120} INFO - [2024-03-28T15:38:46.729+0000] {dag.py:3340} INFO - Setting next_dagrun for dataset_produces_2 to None, run_after=None
[2024-03-28T15:38:46.860+0000] {processor.py:176} INFO - Processing /home/airflow/.local/lib/python3.7/site-packages/airflow/example_dags/example_datasets.py took 2.569 seconds
[2024-03-28T15:42:18.728+0000] {processor.py:154} INFO - Started process (PID=100) to work on /home/airflow/.local/lib/python3.7/site-packages/airflow/example_dags/example_datasets.py
[2024-03-28T15:42:18.729+0000] {processor.py:756} INFO - Processing file /home/airflow/.local/lib/python3.7/site-packages/airflow/example_dags/example_datasets.py for tasks to queue
[2024-03-28T15:42:18.730+0000] {logging_mixin.py:120} INFO - [2024-03-28T15:42:18.730+0000] {dagbag.py:537} INFO - Filling up the DagBag from /home/airflow/.local/lib/python3.7/site-packages/airflow/example_dags/example_datasets.py
[2024-03-28T15:42:18.777+0000] {processor.py:766} INFO - DAG(s) dict_keys(['dataset_consumes_1_never_scheduled', 'dataset_produces_2', 'dataset_consumes_1_and_2', 'dataset_produces_1', 'dataset_consumes_1', 'dataset_consumes_unknown_never_scheduled']) retrieved from /home/airflow/.local/lib/python3.7/site-packages/airflow/example_dags/example_datasets.py
[2024-03-28T15:42:22.435+0000] {logging_mixin.py:120} INFO - [2024-03-28T15:42:22.431+0000] {dag.py:2585} INFO - Sync 6 DAGs
[2024-03-28T15:42:22.547+0000] {logging_mixin.py:120} INFO - [2024-03-28T15:42:22.546+0000] {dag.py:3340} INFO - Setting next_dagrun for dataset_consumes_1 to None, run_after=None
[2024-03-28T15:42:22.552+0000] {logging_mixin.py:120} INFO - [2024-03-28T15:42:22.552+0000] {dag.py:3340} INFO - Setting next_dagrun for dataset_consumes_1_and_2 to None, run_after=None
[2024-03-28T15:42:22.556+0000] {logging_mixin.py:120} INFO - [2024-03-28T15:42:22.556+0000] {dag.py:3340} INFO - Setting next_dagrun for dataset_consumes_1_never_scheduled to None, run_after=None
[2024-03-28T15:42:22.571+0000] {logging_mixin.py:120} INFO - [2024-03-28T15:42:22.570+0000] {dag.py:3340} INFO - Setting next_dagrun for dataset_consumes_unknown_never_scheduled to None, run_after=None
[2024-03-28T15:42:22.578+0000] {logging_mixin.py:120} INFO - [2024-03-28T15:42:22.577+0000] {dag.py:3340} INFO - Setting next_dagrun for dataset_produces_1 to 2024-03-27T00:00:00+00:00, run_after=2024-03-28T00:00:00+00:00
[2024-03-28T15:42:22.581+0000] {logging_mixin.py:120} INFO - [2024-03-28T15:42:22.581+0000] {dag.py:3340} INFO - Setting next_dagrun for dataset_produces_2 to None, run_after=None
[2024-03-28T15:42:22.657+0000] {processor.py:176} INFO - Processing /home/airflow/.local/lib/python3.7/site-packages/airflow/example_dags/example_datasets.py took 3.933 seconds
[2024-03-28T15:42:56.169+0000] {processor.py:154} INFO - Started process (PID=58) to work on /home/airflow/.local/lib/python3.7/site-packages/airflow/example_dags/example_datasets.py
[2024-03-28T15:42:56.170+0000] {processor.py:756} INFO - Processing file /home/airflow/.local/lib/python3.7/site-packages/airflow/example_dags/example_datasets.py for tasks to queue
[2024-03-28T15:42:56.171+0000] {logging_mixin.py:120} INFO - [2024-03-28T15:42:56.171+0000] {dagbag.py:537} INFO - Filling up the DagBag from /home/airflow/.local/lib/python3.7/site-packages/airflow/example_dags/example_datasets.py
[2024-03-28T15:42:56.197+0000] {processor.py:766} INFO - DAG(s) dict_keys(['dataset_produces_2', 'dataset_produces_1', 'dataset_consumes_1_never_scheduled', 'dataset_consumes_unknown_never_scheduled', 'dataset_consumes_1_and_2', 'dataset_consumes_1']) retrieved from /home/airflow/.local/lib/python3.7/site-packages/airflow/example_dags/example_datasets.py
[2024-03-28T15:42:56.319+0000] {logging_mixin.py:120} INFO - [2024-03-28T15:42:56.318+0000] {dag.py:2585} INFO - Sync 6 DAGs
[2024-03-28T15:42:56.346+0000] {logging_mixin.py:120} INFO - [2024-03-28T15:42:56.346+0000] {dag.py:3340} INFO - Setting next_dagrun for dataset_consumes_1 to None, run_after=None
[2024-03-28T15:42:56.349+0000] {logging_mixin.py:120} INFO - [2024-03-28T15:42:56.349+0000] {dag.py:3340} INFO - Setting next_dagrun for dataset_consumes_1_and_2 to None, run_after=None
[2024-03-28T15:42:56.350+0000] {logging_mixin.py:120} INFO - [2024-03-28T15:42:56.349+0000] {dag.py:3340} INFO - Setting next_dagrun for dataset_consumes_1_never_scheduled to None, run_after=None
[2024-03-28T15:42:56.353+0000] {logging_mixin.py:120} INFO - [2024-03-28T15:42:56.353+0000] {dag.py:3340} INFO - Setting next_dagrun for dataset_consumes_unknown_never_scheduled to None, run_after=None
[2024-03-28T15:42:56.357+0000] {logging_mixin.py:120} INFO - [2024-03-28T15:42:56.357+0000] {dag.py:3340} INFO - Setting next_dagrun for dataset_produces_1 to 2024-03-27T00:00:00+00:00, run_after=2024-03-28T00:00:00+00:00
[2024-03-28T15:42:56.360+0000] {logging_mixin.py:120} INFO - [2024-03-28T15:42:56.360+0000] {dag.py:3340} INFO - Setting next_dagrun for dataset_produces_2 to None, run_after=None
[2024-03-28T15:42:56.391+0000] {processor.py:176} INFO - Processing /home/airflow/.local/lib/python3.7/site-packages/airflow/example_dags/example_datasets.py took 0.225 seconds
[2024-03-28T15:45:20.707+0000] {processor.py:154} INFO - Started process (PID=76) to work on /home/airflow/.local/lib/python3.7/site-packages/airflow/example_dags/example_datasets.py
[2024-03-28T15:45:20.708+0000] {processor.py:756} INFO - Processing file /home/airflow/.local/lib/python3.7/site-packages/airflow/example_dags/example_datasets.py for tasks to queue
[2024-03-28T15:45:20.708+0000] {logging_mixin.py:120} INFO - [2024-03-28T15:45:20.708+0000] {dagbag.py:537} INFO - Filling up the DagBag from /home/airflow/.local/lib/python3.7/site-packages/airflow/example_dags/example_datasets.py
[2024-03-28T15:45:20.725+0000] {processor.py:766} INFO - DAG(s) dict_keys(['dataset_consumes_1_and_2', 'dataset_produces_2', 'dataset_produces_1', 'dataset_consumes_1', 'dataset_consumes_1_never_scheduled', 'dataset_consumes_unknown_never_scheduled']) retrieved from /home/airflow/.local/lib/python3.7/site-packages/airflow/example_dags/example_datasets.py
[2024-03-28T15:45:20.794+0000] {logging_mixin.py:120} INFO - [2024-03-28T15:45:20.794+0000] {dag.py:2585} INFO - Sync 6 DAGs
[2024-03-28T15:45:20.813+0000] {logging_mixin.py:120} INFO - [2024-03-28T15:45:20.813+0000] {dag.py:3340} INFO - Setting next_dagrun for dataset_consumes_1 to None, run_after=None
[2024-03-28T15:45:20.816+0000] {logging_mixin.py:120} INFO - [2024-03-28T15:45:20.816+0000] {dag.py:3340} INFO - Setting next_dagrun for dataset_consumes_1_and_2 to None, run_after=None
[2024-03-28T15:45:20.817+0000] {logging_mixin.py:120} INFO - [2024-03-28T15:45:20.817+0000] {dag.py:3340} INFO - Setting next_dagrun for dataset_consumes_1_never_scheduled to None, run_after=None
[2024-03-28T15:45:20.817+0000] {logging_mixin.py:120} INFO - [2024-03-28T15:45:20.817+0000] {dag.py:3340} INFO - Setting next_dagrun for dataset_consumes_unknown_never_scheduled to None, run_after=None
[2024-03-28T15:45:20.819+0000] {logging_mixin.py:120} INFO - [2024-03-28T15:45:20.819+0000] {dag.py:3340} INFO - Setting next_dagrun for dataset_produces_1 to 2024-03-27T00:00:00+00:00, run_after=2024-03-28T00:00:00+00:00
[2024-03-28T15:45:20.823+0000] {logging_mixin.py:120} INFO - [2024-03-28T15:45:20.822+0000] {dag.py:3340} INFO - Setting next_dagrun for dataset_produces_2 to None, run_after=None
[2024-03-28T15:45:20.841+0000] {processor.py:176} INFO - Processing /home/airflow/.local/lib/python3.7/site-packages/airflow/example_dags/example_datasets.py took 0.137 seconds
[2024-03-28T15:50:44.689+0000] {processor.py:154} INFO - Started process (PID=110) to work on /home/airflow/.local/lib/python3.7/site-packages/airflow/example_dags/example_datasets.py
[2024-03-28T15:50:44.696+0000] {processor.py:756} INFO - Processing file /home/airflow/.local/lib/python3.7/site-packages/airflow/example_dags/example_datasets.py for tasks to queue
[2024-03-28T15:50:44.698+0000] {logging_mixin.py:120} INFO - [2024-03-28T15:50:44.698+0000] {dagbag.py:537} INFO - Filling up the DagBag from /home/airflow/.local/lib/python3.7/site-packages/airflow/example_dags/example_datasets.py
[2024-03-28T15:50:45.038+0000] {processor.py:766} INFO - DAG(s) dict_keys(['dataset_consumes_1', 'dataset_produces_1', 'dataset_consumes_unknown_never_scheduled', 'dataset_consumes_1_never_scheduled', 'dataset_consumes_1_and_2', 'dataset_produces_2']) retrieved from /home/airflow/.local/lib/python3.7/site-packages/airflow/example_dags/example_datasets.py
[2024-03-28T15:50:46.083+0000] {logging_mixin.py:120} INFO - [2024-03-28T15:50:46.082+0000] {dag.py:2585} INFO - Sync 6 DAGs
[2024-03-28T15:50:46.283+0000] {logging_mixin.py:120} INFO - [2024-03-28T15:50:46.282+0000] {dag.py:3340} INFO - Setting next_dagrun for dataset_consumes_1 to None, run_after=None
[2024-03-28T15:50:46.292+0000] {logging_mixin.py:120} INFO - [2024-03-28T15:50:46.291+0000] {dag.py:3340} INFO - Setting next_dagrun for dataset_consumes_1_and_2 to None, run_after=None
[2024-03-28T15:50:46.300+0000] {logging_mixin.py:120} INFO - [2024-03-28T15:50:46.300+0000] {dag.py:3340} INFO - Setting next_dagrun for dataset_consumes_1_never_scheduled to None, run_after=None
[2024-03-28T15:50:46.304+0000] {logging_mixin.py:120} INFO - [2024-03-28T15:50:46.304+0000] {dag.py:3340} INFO - Setting next_dagrun for dataset_consumes_unknown_never_scheduled to None, run_after=None
[2024-03-28T15:50:46.317+0000] {logging_mixin.py:120} INFO - [2024-03-28T15:50:46.315+0000] {dag.py:3340} INFO - Setting next_dagrun for dataset_produces_1 to 2024-03-27T00:00:00+00:00, run_after=2024-03-28T00:00:00+00:00
[2024-03-28T15:50:46.319+0000] {logging_mixin.py:120} INFO - [2024-03-28T15:50:46.319+0000] {dag.py:3340} INFO - Setting next_dagrun for dataset_produces_2 to None, run_after=None
[2024-03-28T15:50:46.408+0000] {processor.py:176} INFO - Processing /home/airflow/.local/lib/python3.7/site-packages/airflow/example_dags/example_datasets.py took 1.957 seconds
[2024-03-28T15:54:02.203+0000] {processor.py:154} INFO - Started process (PID=93) to work on /home/airflow/.local/lib/python3.7/site-packages/airflow/example_dags/example_datasets.py
[2024-03-28T15:54:02.209+0000] {processor.py:756} INFO - Processing file /home/airflow/.local/lib/python3.7/site-packages/airflow/example_dags/example_datasets.py for tasks to queue
[2024-03-28T15:54:02.213+0000] {logging_mixin.py:120} INFO - [2024-03-28T15:54:02.213+0000] {dagbag.py:537} INFO - Filling up the DagBag from /home/airflow/.local/lib/python3.7/site-packages/airflow/example_dags/example_datasets.py
[2024-03-28T15:54:02.284+0000] {processor.py:766} INFO - DAG(s) dict_keys(['dataset_produces_1', 'dataset_consumes_1_and_2', 'dataset_consumes_unknown_never_scheduled', 'dataset_consumes_1', 'dataset_produces_2', 'dataset_consumes_1_never_scheduled']) retrieved from /home/airflow/.local/lib/python3.7/site-packages/airflow/example_dags/example_datasets.py
[2024-03-28T15:54:04.923+0000] {logging_mixin.py:120} INFO - [2024-03-28T15:54:04.920+0000] {dag.py:2585} INFO - Sync 6 DAGs
[2024-03-28T15:54:05.285+0000] {logging_mixin.py:120} INFO - [2024-03-28T15:54:05.284+0000] {dag.py:3340} INFO - Setting next_dagrun for dataset_consumes_1 to None, run_after=None
[2024-03-28T15:54:05.298+0000] {logging_mixin.py:120} INFO - [2024-03-28T15:54:05.298+0000] {dag.py:3340} INFO - Setting next_dagrun for dataset_consumes_1_and_2 to None, run_after=None
[2024-03-28T15:54:05.304+0000] {logging_mixin.py:120} INFO - [2024-03-28T15:54:05.303+0000] {dag.py:3340} INFO - Setting next_dagrun for dataset_consumes_1_never_scheduled to None, run_after=None
[2024-03-28T15:54:05.308+0000] {logging_mixin.py:120} INFO - [2024-03-28T15:54:05.308+0000] {dag.py:3340} INFO - Setting next_dagrun for dataset_consumes_unknown_never_scheduled to None, run_after=None
[2024-03-28T15:54:05.315+0000] {logging_mixin.py:120} INFO - [2024-03-28T15:54:05.315+0000] {dag.py:3340} INFO - Setting next_dagrun for dataset_produces_1 to 2024-03-27T00:00:00+00:00, run_after=2024-03-28T00:00:00+00:00
[2024-03-28T15:54:05.318+0000] {logging_mixin.py:120} INFO - [2024-03-28T15:54:05.317+0000] {dag.py:3340} INFO - Setting next_dagrun for dataset_produces_2 to None, run_after=None
[2024-03-28T15:54:05.595+0000] {processor.py:176} INFO - Processing /home/airflow/.local/lib/python3.7/site-packages/airflow/example_dags/example_datasets.py took 3.430 seconds
[2024-03-28T15:58:30.115+0000] {processor.py:154} INFO - Started process (PID=118) to work on /home/airflow/.local/lib/python3.7/site-packages/airflow/example_dags/example_datasets.py
[2024-03-28T15:58:30.128+0000] {processor.py:756} INFO - Processing file /home/airflow/.local/lib/python3.7/site-packages/airflow/example_dags/example_datasets.py for tasks to queue
[2024-03-28T15:58:30.160+0000] {logging_mixin.py:120} INFO - [2024-03-28T15:58:30.153+0000] {dagbag.py:537} INFO - Filling up the DagBag from /home/airflow/.local/lib/python3.7/site-packages/airflow/example_dags/example_datasets.py
[2024-03-28T15:58:32.513+0000] {processor.py:766} INFO - DAG(s) dict_keys(['dataset_produces_1', 'dataset_consumes_unknown_never_scheduled', 'dataset_consumes_1', 'dataset_produces_2', 'dataset_consumes_1_never_scheduled', 'dataset_consumes_1_and_2']) retrieved from /home/airflow/.local/lib/python3.7/site-packages/airflow/example_dags/example_datasets.py
[2024-03-28T15:58:34.883+0000] {logging_mixin.py:120} INFO - [2024-03-28T15:58:34.850+0000] {dag.py:2585} INFO - Sync 6 DAGs
[2024-03-28T15:58:35.160+0000] {logging_mixin.py:120} INFO - [2024-03-28T15:58:35.157+0000] {dag.py:3340} INFO - Setting next_dagrun for dataset_consumes_1 to None, run_after=None
[2024-03-28T15:58:35.204+0000] {logging_mixin.py:120} INFO - [2024-03-28T15:58:35.200+0000] {dag.py:3340} INFO - Setting next_dagrun for dataset_consumes_1_and_2 to None, run_after=None
[2024-03-28T15:58:35.211+0000] {logging_mixin.py:120} INFO - [2024-03-28T15:58:35.211+0000] {dag.py:3340} INFO - Setting next_dagrun for dataset_consumes_1_never_scheduled to None, run_after=None
[2024-03-28T15:58:35.221+0000] {logging_mixin.py:120} INFO - [2024-03-28T15:58:35.221+0000] {dag.py:3340} INFO - Setting next_dagrun for dataset_consumes_unknown_never_scheduled to None, run_after=None
[2024-03-28T15:58:35.252+0000] {logging_mixin.py:120} INFO - [2024-03-28T15:58:35.251+0000] {dag.py:3340} INFO - Setting next_dagrun for dataset_produces_1 to 2024-03-27T00:00:00+00:00, run_after=2024-03-28T00:00:00+00:00
[2024-03-28T15:58:35.259+0000] {logging_mixin.py:120} INFO - [2024-03-28T15:58:35.259+0000] {dag.py:3340} INFO - Setting next_dagrun for dataset_produces_2 to None, run_after=None
[2024-03-28T15:58:35.772+0000] {processor.py:176} INFO - Processing /home/airflow/.local/lib/python3.7/site-packages/airflow/example_dags/example_datasets.py took 5.670 seconds
