[2024-03-28T15:20:30.672+0000] {processor.py:154} INFO - Started process (PID=57) to work on /home/airflow/.local/lib/python3.7/site-packages/airflow/example_dags/example_trigger_controller_dag.py
[2024-03-28T15:20:30.672+0000] {processor.py:756} INFO - Processing file /home/airflow/.local/lib/python3.7/site-packages/airflow/example_dags/example_trigger_controller_dag.py for tasks to queue
[2024-03-28T15:20:30.673+0000] {logging_mixin.py:120} INFO - [2024-03-28T15:20:30.673+0000] {dagbag.py:537} INFO - Filling up the DagBag from /home/airflow/.local/lib/python3.7/site-packages/airflow/example_dags/example_trigger_controller_dag.py
[2024-03-28T15:20:30.690+0000] {processor.py:766} INFO - DAG(s) dict_keys(['example_trigger_controller_dag']) retrieved from /home/airflow/.local/lib/python3.7/site-packages/airflow/example_dags/example_trigger_controller_dag.py
[2024-03-28T15:20:30.789+0000] {logging_mixin.py:120} INFO - [2024-03-28T15:20:30.789+0000] {dag.py:2585} INFO - Sync 1 DAGs
[2024-03-28T15:20:30.909+0000] {logging_mixin.py:120} INFO - [2024-03-28T15:20:30.909+0000] {dag.py:3340} INFO - Setting next_dagrun for example_trigger_controller_dag to None, run_after=None
[2024-03-28T15:20:31.000+0000] {processor.py:176} INFO - Processing /home/airflow/.local/lib/python3.7/site-packages/airflow/example_dags/example_trigger_controller_dag.py took 0.331 seconds
[2024-03-28T15:25:05.824+0000] {processor.py:154} INFO - Started process (PID=89) to work on /home/airflow/.local/lib/python3.7/site-packages/airflow/example_dags/example_trigger_controller_dag.py
[2024-03-28T15:25:05.826+0000] {processor.py:756} INFO - Processing file /home/airflow/.local/lib/python3.7/site-packages/airflow/example_dags/example_trigger_controller_dag.py for tasks to queue
[2024-03-28T15:25:05.830+0000] {logging_mixin.py:120} INFO - [2024-03-28T15:25:05.829+0000] {dagbag.py:537} INFO - Filling up the DagBag from /home/airflow/.local/lib/python3.7/site-packages/airflow/example_dags/example_trigger_controller_dag.py
[2024-03-28T15:25:06.152+0000] {processor.py:766} INFO - DAG(s) dict_keys(['example_trigger_controller_dag']) retrieved from /home/airflow/.local/lib/python3.7/site-packages/airflow/example_dags/example_trigger_controller_dag.py
[2024-03-28T15:25:12.270+0000] {logging_mixin.py:120} INFO - [2024-03-28T15:25:12.268+0000] {dag.py:2585} INFO - Sync 1 DAGs
[2024-03-28T15:25:12.532+0000] {logging_mixin.py:120} INFO - [2024-03-28T15:25:12.532+0000] {dag.py:3340} INFO - Setting next_dagrun for example_trigger_controller_dag to None, run_after=None
[2024-03-28T15:25:12.671+0000] {processor.py:176} INFO - Processing /home/airflow/.local/lib/python3.7/site-packages/airflow/example_dags/example_trigger_controller_dag.py took 6.858 seconds
[2024-03-28T15:27:27.228+0000] {processor.py:154} INFO - Started process (PID=89) to work on /home/airflow/.local/lib/python3.7/site-packages/airflow/example_dags/example_trigger_controller_dag.py
[2024-03-28T15:27:27.251+0000] {processor.py:756} INFO - Processing file /home/airflow/.local/lib/python3.7/site-packages/airflow/example_dags/example_trigger_controller_dag.py for tasks to queue
[2024-03-28T15:27:27.258+0000] {logging_mixin.py:120} INFO - [2024-03-28T15:27:27.255+0000] {dagbag.py:537} INFO - Filling up the DagBag from /home/airflow/.local/lib/python3.7/site-packages/airflow/example_dags/example_trigger_controller_dag.py
[2024-03-28T15:27:27.317+0000] {processor.py:766} INFO - DAG(s) dict_keys(['example_trigger_controller_dag']) retrieved from /home/airflow/.local/lib/python3.7/site-packages/airflow/example_dags/example_trigger_controller_dag.py
[2024-03-28T15:27:27.570+0000] {logging_mixin.py:120} INFO - [2024-03-28T15:27:27.562+0000] {dag.py:2585} INFO - Sync 1 DAGs
[2024-03-28T15:27:28.228+0000] {logging_mixin.py:120} INFO - [2024-03-28T15:27:28.223+0000] {dag.py:3340} INFO - Setting next_dagrun for example_trigger_controller_dag to None, run_after=None
[2024-03-28T15:27:28.607+0000] {processor.py:176} INFO - Processing /home/airflow/.local/lib/python3.7/site-packages/airflow/example_dags/example_trigger_controller_dag.py took 1.405 seconds
[2024-03-28T15:28:04.214+0000] {processor.py:154} INFO - Started process (PID=145) to work on /home/airflow/.local/lib/python3.7/site-packages/airflow/example_dags/example_trigger_controller_dag.py
[2024-03-28T15:28:04.219+0000] {processor.py:756} INFO - Processing file /home/airflow/.local/lib/python3.7/site-packages/airflow/example_dags/example_trigger_controller_dag.py for tasks to queue
[2024-03-28T15:28:04.220+0000] {logging_mixin.py:120} INFO - [2024-03-28T15:28:04.220+0000] {dagbag.py:537} INFO - Filling up the DagBag from /home/airflow/.local/lib/python3.7/site-packages/airflow/example_dags/example_trigger_controller_dag.py
[2024-03-28T15:28:04.295+0000] {processor.py:766} INFO - DAG(s) dict_keys(['example_trigger_controller_dag']) retrieved from /home/airflow/.local/lib/python3.7/site-packages/airflow/example_dags/example_trigger_controller_dag.py
[2024-03-28T15:28:04.508+0000] {logging_mixin.py:120} INFO - [2024-03-28T15:28:04.508+0000] {dag.py:2585} INFO - Sync 1 DAGs
[2024-03-28T15:28:04.586+0000] {logging_mixin.py:120} INFO - [2024-03-28T15:28:04.586+0000] {dag.py:3340} INFO - Setting next_dagrun for example_trigger_controller_dag to None, run_after=None
[2024-03-28T15:28:04.632+0000] {processor.py:176} INFO - Processing /home/airflow/.local/lib/python3.7/site-packages/airflow/example_dags/example_trigger_controller_dag.py took 0.426 seconds
[2024-03-28T15:30:14.565+0000] {processor.py:154} INFO - Started process (PID=88) to work on /home/airflow/.local/lib/python3.7/site-packages/airflow/example_dags/example_trigger_controller_dag.py
[2024-03-28T15:30:14.571+0000] {processor.py:756} INFO - Processing file /home/airflow/.local/lib/python3.7/site-packages/airflow/example_dags/example_trigger_controller_dag.py for tasks to queue
[2024-03-28T15:30:14.574+0000] {logging_mixin.py:120} INFO - [2024-03-28T15:30:14.574+0000] {dagbag.py:537} INFO - Filling up the DagBag from /home/airflow/.local/lib/python3.7/site-packages/airflow/example_dags/example_trigger_controller_dag.py
[2024-03-28T15:30:14.684+0000] {processor.py:766} INFO - DAG(s) dict_keys(['example_trigger_controller_dag']) retrieved from /home/airflow/.local/lib/python3.7/site-packages/airflow/example_dags/example_trigger_controller_dag.py
[2024-03-28T15:30:14.851+0000] {logging_mixin.py:120} INFO - [2024-03-28T15:30:14.850+0000] {dag.py:2585} INFO - Sync 1 DAGs
[2024-03-28T15:30:14.911+0000] {logging_mixin.py:120} INFO - [2024-03-28T15:30:14.911+0000] {dag.py:3340} INFO - Setting next_dagrun for example_trigger_controller_dag to None, run_after=None
[2024-03-28T15:30:14.992+0000] {processor.py:176} INFO - Processing /home/airflow/.local/lib/python3.7/site-packages/airflow/example_dags/example_trigger_controller_dag.py took 0.451 seconds
[2024-03-28T15:35:18.201+0000] {processor.py:154} INFO - Started process (PID=98) to work on /home/airflow/.local/lib/python3.7/site-packages/airflow/example_dags/example_trigger_controller_dag.py
[2024-03-28T15:35:18.211+0000] {processor.py:756} INFO - Processing file /home/airflow/.local/lib/python3.7/site-packages/airflow/example_dags/example_trigger_controller_dag.py for tasks to queue
[2024-03-28T15:35:18.215+0000] {logging_mixin.py:120} INFO - [2024-03-28T15:35:18.215+0000] {dagbag.py:537} INFO - Filling up the DagBag from /home/airflow/.local/lib/python3.7/site-packages/airflow/example_dags/example_trigger_controller_dag.py
[2024-03-28T15:35:18.510+0000] {processor.py:766} INFO - DAG(s) dict_keys(['example_trigger_controller_dag']) retrieved from /home/airflow/.local/lib/python3.7/site-packages/airflow/example_dags/example_trigger_controller_dag.py
[2024-03-28T15:35:19.074+0000] {logging_mixin.py:120} INFO - [2024-03-28T15:35:19.066+0000] {dag.py:2585} INFO - Sync 1 DAGs
[2024-03-28T15:35:19.496+0000] {logging_mixin.py:120} INFO - [2024-03-28T15:35:19.482+0000] {dag.py:3340} INFO - Setting next_dagrun for example_trigger_controller_dag to None, run_after=None
[2024-03-28T15:35:19.945+0000] {processor.py:176} INFO - Processing /home/airflow/.local/lib/python3.7/site-packages/airflow/example_dags/example_trigger_controller_dag.py took 1.765 seconds
[2024-03-28T15:42:14.916+0000] {processor.py:154} INFO - Started process (PID=95) to work on /home/airflow/.local/lib/python3.7/site-packages/airflow/example_dags/example_trigger_controller_dag.py
[2024-03-28T15:42:14.927+0000] {processor.py:756} INFO - Processing file /home/airflow/.local/lib/python3.7/site-packages/airflow/example_dags/example_trigger_controller_dag.py for tasks to queue
[2024-03-28T15:42:14.930+0000] {logging_mixin.py:120} INFO - [2024-03-28T15:42:14.929+0000] {dagbag.py:537} INFO - Filling up the DagBag from /home/airflow/.local/lib/python3.7/site-packages/airflow/example_dags/example_trigger_controller_dag.py
[2024-03-28T15:42:15.011+0000] {processor.py:766} INFO - DAG(s) dict_keys(['example_trigger_controller_dag']) retrieved from /home/airflow/.local/lib/python3.7/site-packages/airflow/example_dags/example_trigger_controller_dag.py
[2024-03-28T15:42:15.648+0000] {logging_mixin.py:120} INFO - [2024-03-28T15:42:15.646+0000] {dag.py:2585} INFO - Sync 1 DAGs
[2024-03-28T15:42:15.751+0000] {logging_mixin.py:120} INFO - [2024-03-28T15:42:15.750+0000] {dag.py:3340} INFO - Setting next_dagrun for example_trigger_controller_dag to None, run_after=None
[2024-03-28T15:42:15.954+0000] {processor.py:176} INFO - Processing /home/airflow/.local/lib/python3.7/site-packages/airflow/example_dags/example_trigger_controller_dag.py took 1.044 seconds
[2024-03-28T15:42:55.677+0000] {processor.py:154} INFO - Started process (PID=53) to work on /home/airflow/.local/lib/python3.7/site-packages/airflow/example_dags/example_trigger_controller_dag.py
[2024-03-28T15:42:55.680+0000] {processor.py:756} INFO - Processing file /home/airflow/.local/lib/python3.7/site-packages/airflow/example_dags/example_trigger_controller_dag.py for tasks to queue
[2024-03-28T15:42:55.681+0000] {logging_mixin.py:120} INFO - [2024-03-28T15:42:55.681+0000] {dagbag.py:537} INFO - Filling up the DagBag from /home/airflow/.local/lib/python3.7/site-packages/airflow/example_dags/example_trigger_controller_dag.py
[2024-03-28T15:42:55.691+0000] {processor.py:766} INFO - DAG(s) dict_keys(['example_trigger_controller_dag']) retrieved from /home/airflow/.local/lib/python3.7/site-packages/airflow/example_dags/example_trigger_controller_dag.py
[2024-03-28T15:42:55.740+0000] {logging_mixin.py:120} INFO - [2024-03-28T15:42:55.740+0000] {dag.py:2585} INFO - Sync 1 DAGs
[2024-03-28T15:42:55.763+0000] {logging_mixin.py:120} INFO - [2024-03-28T15:42:55.763+0000] {dag.py:3340} INFO - Setting next_dagrun for example_trigger_controller_dag to None, run_after=None
[2024-03-28T15:42:55.779+0000] {processor.py:176} INFO - Processing /home/airflow/.local/lib/python3.7/site-packages/airflow/example_dags/example_trigger_controller_dag.py took 0.112 seconds
[2024-03-28T15:44:15.625+0000] {processor.py:154} INFO - Started process (PID=134) to work on /home/airflow/.local/lib/python3.7/site-packages/airflow/example_dags/example_trigger_controller_dag.py
[2024-03-28T15:44:15.631+0000] {processor.py:756} INFO - Processing file /home/airflow/.local/lib/python3.7/site-packages/airflow/example_dags/example_trigger_controller_dag.py for tasks to queue
[2024-03-28T15:44:15.642+0000] {logging_mixin.py:120} INFO - [2024-03-28T15:44:15.640+0000] {dagbag.py:537} INFO - Filling up the DagBag from /home/airflow/.local/lib/python3.7/site-packages/airflow/example_dags/example_trigger_controller_dag.py
[2024-03-28T15:44:16.093+0000] {processor.py:766} INFO - DAG(s) dict_keys(['example_trigger_controller_dag']) retrieved from /home/airflow/.local/lib/python3.7/site-packages/airflow/example_dags/example_trigger_controller_dag.py
[2024-03-28T15:44:16.540+0000] {logging_mixin.py:120} INFO - [2024-03-28T15:44:16.535+0000] {dag.py:2585} INFO - Sync 1 DAGs
[2024-03-28T15:44:16.666+0000] {logging_mixin.py:120} INFO - [2024-03-28T15:44:16.662+0000] {dag.py:3340} INFO - Setting next_dagrun for example_trigger_controller_dag to None, run_after=None
[2024-03-28T15:44:16.728+0000] {processor.py:176} INFO - Processing /home/airflow/.local/lib/python3.7/site-packages/airflow/example_dags/example_trigger_controller_dag.py took 1.139 seconds
[2024-03-28T15:45:20.444+0000] {processor.py:154} INFO - Started process (PID=71) to work on /home/airflow/.local/lib/python3.7/site-packages/airflow/example_dags/example_trigger_controller_dag.py
[2024-03-28T15:45:20.445+0000] {processor.py:756} INFO - Processing file /home/airflow/.local/lib/python3.7/site-packages/airflow/example_dags/example_trigger_controller_dag.py for tasks to queue
[2024-03-28T15:45:20.445+0000] {logging_mixin.py:120} INFO - [2024-03-28T15:45:20.445+0000] {dagbag.py:537} INFO - Filling up the DagBag from /home/airflow/.local/lib/python3.7/site-packages/airflow/example_dags/example_trigger_controller_dag.py
[2024-03-28T15:45:20.458+0000] {processor.py:766} INFO - DAG(s) dict_keys(['example_trigger_controller_dag']) retrieved from /home/airflow/.local/lib/python3.7/site-packages/airflow/example_dags/example_trigger_controller_dag.py
[2024-03-28T15:45:20.487+0000] {logging_mixin.py:120} INFO - [2024-03-28T15:45:20.487+0000] {dag.py:2585} INFO - Sync 1 DAGs
[2024-03-28T15:45:20.503+0000] {logging_mixin.py:120} INFO - [2024-03-28T15:45:20.503+0000] {dag.py:3340} INFO - Setting next_dagrun for example_trigger_controller_dag to None, run_after=None
[2024-03-28T15:45:20.515+0000] {processor.py:176} INFO - Processing /home/airflow/.local/lib/python3.7/site-packages/airflow/example_dags/example_trigger_controller_dag.py took 0.073 seconds
[2024-03-28T15:50:40.037+0000] {processor.py:154} INFO - Started process (PID=105) to work on /home/airflow/.local/lib/python3.7/site-packages/airflow/example_dags/example_trigger_controller_dag.py
[2024-03-28T15:50:40.042+0000] {processor.py:756} INFO - Processing file /home/airflow/.local/lib/python3.7/site-packages/airflow/example_dags/example_trigger_controller_dag.py for tasks to queue
[2024-03-28T15:50:40.043+0000] {logging_mixin.py:120} INFO - [2024-03-28T15:50:40.043+0000] {dagbag.py:537} INFO - Filling up the DagBag from /home/airflow/.local/lib/python3.7/site-packages/airflow/example_dags/example_trigger_controller_dag.py
[2024-03-28T15:50:41.050+0000] {processor.py:766} INFO - DAG(s) dict_keys(['example_trigger_controller_dag']) retrieved from /home/airflow/.local/lib/python3.7/site-packages/airflow/example_dags/example_trigger_controller_dag.py
[2024-03-28T15:50:41.593+0000] {logging_mixin.py:120} INFO - [2024-03-28T15:50:41.591+0000] {dag.py:2585} INFO - Sync 1 DAGs
[2024-03-28T15:50:41.659+0000] {logging_mixin.py:120} INFO - [2024-03-28T15:50:41.659+0000] {dag.py:3340} INFO - Setting next_dagrun for example_trigger_controller_dag to None, run_after=None
[2024-03-28T15:50:41.708+0000] {processor.py:176} INFO - Processing /home/airflow/.local/lib/python3.7/site-packages/airflow/example_dags/example_trigger_controller_dag.py took 1.678 seconds
[2024-03-28T15:53:58.302+0000] {processor.py:154} INFO - Started process (PID=79) to work on /home/airflow/.local/lib/python3.7/site-packages/airflow/example_dags/example_trigger_controller_dag.py
[2024-03-28T15:53:58.308+0000] {processor.py:756} INFO - Processing file /home/airflow/.local/lib/python3.7/site-packages/airflow/example_dags/example_trigger_controller_dag.py for tasks to queue
[2024-03-28T15:53:58.310+0000] {logging_mixin.py:120} INFO - [2024-03-28T15:53:58.310+0000] {dagbag.py:537} INFO - Filling up the DagBag from /home/airflow/.local/lib/python3.7/site-packages/airflow/example_dags/example_trigger_controller_dag.py
[2024-03-28T15:53:58.366+0000] {processor.py:766} INFO - DAG(s) dict_keys(['example_trigger_controller_dag']) retrieved from /home/airflow/.local/lib/python3.7/site-packages/airflow/example_dags/example_trigger_controller_dag.py
[2024-03-28T15:53:58.503+0000] {logging_mixin.py:120} INFO - [2024-03-28T15:53:58.503+0000] {dag.py:2585} INFO - Sync 1 DAGs
[2024-03-28T15:53:58.578+0000] {logging_mixin.py:120} INFO - [2024-03-28T15:53:58.577+0000] {dag.py:3340} INFO - Setting next_dagrun for example_trigger_controller_dag to None, run_after=None
[2024-03-28T15:53:58.873+0000] {processor.py:176} INFO - Processing /home/airflow/.local/lib/python3.7/site-packages/airflow/example_dags/example_trigger_controller_dag.py took 0.578 seconds
[2024-03-28T15:58:20.461+0000] {processor.py:154} INFO - Started process (PID=113) to work on /home/airflow/.local/lib/python3.7/site-packages/airflow/example_dags/example_trigger_controller_dag.py
[2024-03-28T15:58:20.486+0000] {processor.py:756} INFO - Processing file /home/airflow/.local/lib/python3.7/site-packages/airflow/example_dags/example_trigger_controller_dag.py for tasks to queue
[2024-03-28T15:58:20.500+0000] {logging_mixin.py:120} INFO - [2024-03-28T15:58:20.499+0000] {dagbag.py:537} INFO - Filling up the DagBag from /home/airflow/.local/lib/python3.7/site-packages/airflow/example_dags/example_trigger_controller_dag.py
[2024-03-28T15:58:20.627+0000] {processor.py:766} INFO - DAG(s) dict_keys(['example_trigger_controller_dag']) retrieved from /home/airflow/.local/lib/python3.7/site-packages/airflow/example_dags/example_trigger_controller_dag.py
[2024-03-28T15:58:20.921+0000] {logging_mixin.py:120} INFO - [2024-03-28T15:58:20.921+0000] {dag.py:2585} INFO - Sync 1 DAGs
[2024-03-28T15:58:20.979+0000] {logging_mixin.py:120} INFO - [2024-03-28T15:58:20.979+0000] {dag.py:3340} INFO - Setting next_dagrun for example_trigger_controller_dag to None, run_after=None
[2024-03-28T15:58:22.312+0000] {processor.py:176} INFO - Processing /home/airflow/.local/lib/python3.7/site-packages/airflow/example_dags/example_trigger_controller_dag.py took 1.876 seconds
