[2024-03-28T15:20:30.489+0000] {processor.py:154} INFO - Started process (PID=55) to work on /home/airflow/.local/lib/python3.7/site-packages/airflow/example_dags/example_xcomargs.py
[2024-03-28T15:20:30.492+0000] {processor.py:756} INFO - Processing file /home/airflow/.local/lib/python3.7/site-packages/airflow/example_dags/example_xcomargs.py for tasks to queue
[2024-03-28T15:20:30.494+0000] {logging_mixin.py:120} INFO - [2024-03-28T15:20:30.494+0000] {dagbag.py:537} INFO - Filling up the DagBag from /home/airflow/.local/lib/python3.7/site-packages/airflow/example_dags/example_xcomargs.py
[2024-03-28T15:20:30.537+0000] {processor.py:766} INFO - DAG(s) dict_keys(['example_xcom_args', 'example_xcom_args_with_operators']) retrieved from /home/airflow/.local/lib/python3.7/site-packages/airflow/example_dags/example_xcomargs.py
[2024-03-28T15:20:30.583+0000] {logging_mixin.py:120} INFO - [2024-03-28T15:20:30.583+0000] {dag.py:2585} INFO - Sync 2 DAGs
[2024-03-28T15:20:30.611+0000] {logging_mixin.py:120} INFO - [2024-03-28T15:20:30.611+0000] {dag.py:3340} INFO - Setting next_dagrun for example_xcom_args to None, run_after=None
[2024-03-28T15:20:30.619+0000] {logging_mixin.py:120} INFO - [2024-03-28T15:20:30.618+0000] {dag.py:3340} INFO - Setting next_dagrun for example_xcom_args_with_operators to None, run_after=None
[2024-03-28T15:20:30.650+0000] {processor.py:176} INFO - Processing /home/airflow/.local/lib/python3.7/site-packages/airflow/example_dags/example_xcomargs.py took 0.165 seconds
[2024-03-28T15:25:05.091+0000] {processor.py:154} INFO - Started process (PID=87) to work on /home/airflow/.local/lib/python3.7/site-packages/airflow/example_dags/example_xcomargs.py
[2024-03-28T15:25:05.095+0000] {processor.py:756} INFO - Processing file /home/airflow/.local/lib/python3.7/site-packages/airflow/example_dags/example_xcomargs.py for tasks to queue
[2024-03-28T15:25:05.097+0000] {logging_mixin.py:120} INFO - [2024-03-28T15:25:05.097+0000] {dagbag.py:537} INFO - Filling up the DagBag from /home/airflow/.local/lib/python3.7/site-packages/airflow/example_dags/example_xcomargs.py
[2024-03-28T15:25:05.241+0000] {processor.py:766} INFO - DAG(s) dict_keys(['example_xcom_args_with_operators', 'example_xcom_args']) retrieved from /home/airflow/.local/lib/python3.7/site-packages/airflow/example_dags/example_xcomargs.py
[2024-03-28T15:25:05.622+0000] {logging_mixin.py:120} INFO - [2024-03-28T15:25:05.621+0000] {dag.py:2585} INFO - Sync 2 DAGs
[2024-03-28T15:25:05.679+0000] {logging_mixin.py:120} INFO - [2024-03-28T15:25:05.679+0000] {dag.py:3340} INFO - Setting next_dagrun for example_xcom_args to None, run_after=None
[2024-03-28T15:25:05.685+0000] {logging_mixin.py:120} INFO - [2024-03-28T15:25:05.685+0000] {dag.py:3340} INFO - Setting next_dagrun for example_xcom_args_with_operators to None, run_after=None
[2024-03-28T15:25:05.741+0000] {processor.py:176} INFO - Processing /home/airflow/.local/lib/python3.7/site-packages/airflow/example_dags/example_xcomargs.py took 0.672 seconds
[2024-03-28T15:27:26.715+0000] {processor.py:154} INFO - Started process (PID=87) to work on /home/airflow/.local/lib/python3.7/site-packages/airflow/example_dags/example_xcomargs.py
[2024-03-28T15:27:26.718+0000] {processor.py:756} INFO - Processing file /home/airflow/.local/lib/python3.7/site-packages/airflow/example_dags/example_xcomargs.py for tasks to queue
[2024-03-28T15:27:26.722+0000] {logging_mixin.py:120} INFO - [2024-03-28T15:27:26.721+0000] {dagbag.py:537} INFO - Filling up the DagBag from /home/airflow/.local/lib/python3.7/site-packages/airflow/example_dags/example_xcomargs.py
[2024-03-28T15:27:26.813+0000] {processor.py:766} INFO - DAG(s) dict_keys(['example_xcom_args_with_operators', 'example_xcom_args']) retrieved from /home/airflow/.local/lib/python3.7/site-packages/airflow/example_dags/example_xcomargs.py
[2024-03-28T15:27:27.024+0000] {logging_mixin.py:120} INFO - [2024-03-28T15:27:27.024+0000] {dag.py:2585} INFO - Sync 2 DAGs
[2024-03-28T15:27:27.088+0000] {logging_mixin.py:120} INFO - [2024-03-28T15:27:27.087+0000] {dag.py:3340} INFO - Setting next_dagrun for example_xcom_args to None, run_after=None
[2024-03-28T15:27:27.101+0000] {logging_mixin.py:120} INFO - [2024-03-28T15:27:27.101+0000] {dag.py:3340} INFO - Setting next_dagrun for example_xcom_args_with_operators to None, run_after=None
[2024-03-28T15:27:27.126+0000] {processor.py:176} INFO - Processing /home/airflow/.local/lib/python3.7/site-packages/airflow/example_dags/example_xcomargs.py took 0.428 seconds
[2024-03-28T15:28:03.429+0000] {processor.py:154} INFO - Started process (PID=143) to work on /home/airflow/.local/lib/python3.7/site-packages/airflow/example_dags/example_xcomargs.py
[2024-03-28T15:28:03.446+0000] {processor.py:756} INFO - Processing file /home/airflow/.local/lib/python3.7/site-packages/airflow/example_dags/example_xcomargs.py for tasks to queue
[2024-03-28T15:28:03.460+0000] {logging_mixin.py:120} INFO - [2024-03-28T15:28:03.456+0000] {dagbag.py:537} INFO - Filling up the DagBag from /home/airflow/.local/lib/python3.7/site-packages/airflow/example_dags/example_xcomargs.py
[2024-03-28T15:28:03.771+0000] {processor.py:766} INFO - DAG(s) dict_keys(['example_xcom_args_with_operators', 'example_xcom_args']) retrieved from /home/airflow/.local/lib/python3.7/site-packages/airflow/example_dags/example_xcomargs.py
[2024-03-28T15:28:03.992+0000] {logging_mixin.py:120} INFO - [2024-03-28T15:28:03.991+0000] {dag.py:2585} INFO - Sync 2 DAGs
[2024-03-28T15:28:04.081+0000] {logging_mixin.py:120} INFO - [2024-03-28T15:28:04.081+0000] {dag.py:3340} INFO - Setting next_dagrun for example_xcom_args to None, run_after=None
[2024-03-28T15:28:04.097+0000] {logging_mixin.py:120} INFO - [2024-03-28T15:28:04.096+0000] {dag.py:3340} INFO - Setting next_dagrun for example_xcom_args_with_operators to None, run_after=None
[2024-03-28T15:28:04.166+0000] {processor.py:176} INFO - Processing /home/airflow/.local/lib/python3.7/site-packages/airflow/example_dags/example_xcomargs.py took 0.778 seconds
[2024-03-28T15:30:13.874+0000] {processor.py:154} INFO - Started process (PID=86) to work on /home/airflow/.local/lib/python3.7/site-packages/airflow/example_dags/example_xcomargs.py
[2024-03-28T15:30:13.880+0000] {processor.py:756} INFO - Processing file /home/airflow/.local/lib/python3.7/site-packages/airflow/example_dags/example_xcomargs.py for tasks to queue
[2024-03-28T15:30:13.891+0000] {logging_mixin.py:120} INFO - [2024-03-28T15:30:13.891+0000] {dagbag.py:537} INFO - Filling up the DagBag from /home/airflow/.local/lib/python3.7/site-packages/airflow/example_dags/example_xcomargs.py
[2024-03-28T15:30:14.103+0000] {processor.py:766} INFO - DAG(s) dict_keys(['example_xcom_args_with_operators', 'example_xcom_args']) retrieved from /home/airflow/.local/lib/python3.7/site-packages/airflow/example_dags/example_xcomargs.py
[2024-03-28T15:30:14.331+0000] {logging_mixin.py:120} INFO - [2024-03-28T15:30:14.330+0000] {dag.py:2585} INFO - Sync 2 DAGs
[2024-03-28T15:30:14.408+0000] {logging_mixin.py:120} INFO - [2024-03-28T15:30:14.408+0000] {dag.py:3340} INFO - Setting next_dagrun for example_xcom_args to None, run_after=None
[2024-03-28T15:30:14.427+0000] {logging_mixin.py:120} INFO - [2024-03-28T15:30:14.427+0000] {dag.py:3340} INFO - Setting next_dagrun for example_xcom_args_with_operators to None, run_after=None
[2024-03-28T15:30:14.469+0000] {processor.py:176} INFO - Processing /home/airflow/.local/lib/python3.7/site-packages/airflow/example_dags/example_xcomargs.py took 0.620 seconds
[2024-03-28T15:35:15.989+0000] {processor.py:154} INFO - Started process (PID=96) to work on /home/airflow/.local/lib/python3.7/site-packages/airflow/example_dags/example_xcomargs.py
[2024-03-28T15:35:16.094+0000] {processor.py:756} INFO - Processing file /home/airflow/.local/lib/python3.7/site-packages/airflow/example_dags/example_xcomargs.py for tasks to queue
[2024-03-28T15:35:16.106+0000] {logging_mixin.py:120} INFO - [2024-03-28T15:35:16.106+0000] {dagbag.py:537} INFO - Filling up the DagBag from /home/airflow/.local/lib/python3.7/site-packages/airflow/example_dags/example_xcomargs.py
[2024-03-28T15:35:16.426+0000] {processor.py:766} INFO - DAG(s) dict_keys(['example_xcom_args_with_operators', 'example_xcom_args']) retrieved from /home/airflow/.local/lib/python3.7/site-packages/airflow/example_dags/example_xcomargs.py
[2024-03-28T15:35:16.924+0000] {logging_mixin.py:120} INFO - [2024-03-28T15:35:16.923+0000] {dag.py:2585} INFO - Sync 2 DAGs
[2024-03-28T15:35:17.112+0000] {logging_mixin.py:120} INFO - [2024-03-28T15:35:17.108+0000] {dag.py:3340} INFO - Setting next_dagrun for example_xcom_args to None, run_after=None
[2024-03-28T15:35:17.133+0000] {logging_mixin.py:120} INFO - [2024-03-28T15:35:17.133+0000] {dag.py:3340} INFO - Setting next_dagrun for example_xcom_args_with_operators to None, run_after=None
[2024-03-28T15:35:17.900+0000] {processor.py:176} INFO - Processing /home/airflow/.local/lib/python3.7/site-packages/airflow/example_dags/example_xcomargs.py took 1.929 seconds
[2024-03-28T15:42:13.315+0000] {processor.py:154} INFO - Started process (PID=93) to work on /home/airflow/.local/lib/python3.7/site-packages/airflow/example_dags/example_xcomargs.py
[2024-03-28T15:42:13.317+0000] {processor.py:756} INFO - Processing file /home/airflow/.local/lib/python3.7/site-packages/airflow/example_dags/example_xcomargs.py for tasks to queue
[2024-03-28T15:42:13.318+0000] {logging_mixin.py:120} INFO - [2024-03-28T15:42:13.318+0000] {dagbag.py:537} INFO - Filling up the DagBag from /home/airflow/.local/lib/python3.7/site-packages/airflow/example_dags/example_xcomargs.py
[2024-03-28T15:42:13.378+0000] {processor.py:766} INFO - DAG(s) dict_keys(['example_xcom_args_with_operators', 'example_xcom_args']) retrieved from /home/airflow/.local/lib/python3.7/site-packages/airflow/example_dags/example_xcomargs.py
[2024-03-28T15:42:13.491+0000] {logging_mixin.py:120} INFO - [2024-03-28T15:42:13.491+0000] {dag.py:2585} INFO - Sync 2 DAGs
[2024-03-28T15:42:14.663+0000] {logging_mixin.py:120} INFO - [2024-03-28T15:42:14.661+0000] {dag.py:3340} INFO - Setting next_dagrun for example_xcom_args to None, run_after=None
[2024-03-28T15:42:14.705+0000] {logging_mixin.py:120} INFO - [2024-03-28T15:42:14.705+0000] {dag.py:3340} INFO - Setting next_dagrun for example_xcom_args_with_operators to None, run_after=None
[2024-03-28T15:42:14.861+0000] {processor.py:176} INFO - Processing /home/airflow/.local/lib/python3.7/site-packages/airflow/example_dags/example_xcomargs.py took 1.550 seconds
[2024-03-28T15:42:55.488+0000] {processor.py:154} INFO - Started process (PID=51) to work on /home/airflow/.local/lib/python3.7/site-packages/airflow/example_dags/example_xcomargs.py
[2024-03-28T15:42:55.490+0000] {processor.py:756} INFO - Processing file /home/airflow/.local/lib/python3.7/site-packages/airflow/example_dags/example_xcomargs.py for tasks to queue
[2024-03-28T15:42:55.490+0000] {logging_mixin.py:120} INFO - [2024-03-28T15:42:55.490+0000] {dagbag.py:537} INFO - Filling up the DagBag from /home/airflow/.local/lib/python3.7/site-packages/airflow/example_dags/example_xcomargs.py
[2024-03-28T15:42:55.513+0000] {processor.py:766} INFO - DAG(s) dict_keys(['example_xcom_args', 'example_xcom_args_with_operators']) retrieved from /home/airflow/.local/lib/python3.7/site-packages/airflow/example_dags/example_xcomargs.py
[2024-03-28T15:42:55.570+0000] {logging_mixin.py:120} INFO - [2024-03-28T15:42:55.570+0000] {dag.py:2585} INFO - Sync 2 DAGs
[2024-03-28T15:42:55.598+0000] {logging_mixin.py:120} INFO - [2024-03-28T15:42:55.598+0000] {dag.py:3340} INFO - Setting next_dagrun for example_xcom_args to None, run_after=None
[2024-03-28T15:42:55.606+0000] {logging_mixin.py:120} INFO - [2024-03-28T15:42:55.606+0000] {dag.py:3340} INFO - Setting next_dagrun for example_xcom_args_with_operators to None, run_after=None
[2024-03-28T15:42:55.632+0000] {processor.py:176} INFO - Processing /home/airflow/.local/lib/python3.7/site-packages/airflow/example_dags/example_xcomargs.py took 0.147 seconds
[2024-03-28T15:44:02.675+0000] {processor.py:154} INFO - Started process (PID=130) to work on /home/airflow/.local/lib/python3.7/site-packages/airflow/example_dags/example_xcomargs.py
[2024-03-28T15:44:02.681+0000] {processor.py:756} INFO - Processing file /home/airflow/.local/lib/python3.7/site-packages/airflow/example_dags/example_xcomargs.py for tasks to queue
[2024-03-28T15:44:02.685+0000] {logging_mixin.py:120} INFO - [2024-03-28T15:44:02.685+0000] {dagbag.py:537} INFO - Filling up the DagBag from /home/airflow/.local/lib/python3.7/site-packages/airflow/example_dags/example_xcomargs.py
[2024-03-28T15:44:02.920+0000] {processor.py:766} INFO - DAG(s) dict_keys(['example_xcom_args', 'example_xcom_args_with_operators']) retrieved from /home/airflow/.local/lib/python3.7/site-packages/airflow/example_dags/example_xcomargs.py
[2024-03-28T15:44:15.047+0000] {logging_mixin.py:120} INFO - [2024-03-28T15:44:15.041+0000] {dag.py:2585} INFO - Sync 2 DAGs
[2024-03-28T15:44:15.248+0000] {logging_mixin.py:120} INFO - [2024-03-28T15:44:15.247+0000] {dag.py:3340} INFO - Setting next_dagrun for example_xcom_args to None, run_after=None
[2024-03-28T15:44:15.262+0000] {logging_mixin.py:120} INFO - [2024-03-28T15:44:15.262+0000] {dag.py:3340} INFO - Setting next_dagrun for example_xcom_args_with_operators to None, run_after=None
[2024-03-28T15:44:15.455+0000] {processor.py:176} INFO - Processing /home/airflow/.local/lib/python3.7/site-packages/airflow/example_dags/example_xcomargs.py took 12.792 seconds
[2024-03-28T15:45:20.319+0000] {processor.py:154} INFO - Started process (PID=69) to work on /home/airflow/.local/lib/python3.7/site-packages/airflow/example_dags/example_xcomargs.py
[2024-03-28T15:45:20.320+0000] {processor.py:756} INFO - Processing file /home/airflow/.local/lib/python3.7/site-packages/airflow/example_dags/example_xcomargs.py for tasks to queue
[2024-03-28T15:45:20.321+0000] {logging_mixin.py:120} INFO - [2024-03-28T15:45:20.321+0000] {dagbag.py:537} INFO - Filling up the DagBag from /home/airflow/.local/lib/python3.7/site-packages/airflow/example_dags/example_xcomargs.py
[2024-03-28T15:45:20.353+0000] {processor.py:766} INFO - DAG(s) dict_keys(['example_xcom_args', 'example_xcom_args_with_operators']) retrieved from /home/airflow/.local/lib/python3.7/site-packages/airflow/example_dags/example_xcomargs.py
[2024-03-28T15:45:20.400+0000] {logging_mixin.py:120} INFO - [2024-03-28T15:45:20.400+0000] {dag.py:2585} INFO - Sync 2 DAGs
[2024-03-28T15:45:20.418+0000] {logging_mixin.py:120} INFO - [2024-03-28T15:45:20.418+0000] {dag.py:3340} INFO - Setting next_dagrun for example_xcom_args to None, run_after=None
[2024-03-28T15:45:20.420+0000] {logging_mixin.py:120} INFO - [2024-03-28T15:45:20.420+0000] {dag.py:3340} INFO - Setting next_dagrun for example_xcom_args_with_operators to None, run_after=None
[2024-03-28T15:45:20.429+0000] {processor.py:176} INFO - Processing /home/airflow/.local/lib/python3.7/site-packages/airflow/example_dags/example_xcomargs.py took 0.112 seconds
[2024-03-28T15:50:34.274+0000] {processor.py:154} INFO - Started process (PID=103) to work on /home/airflow/.local/lib/python3.7/site-packages/airflow/example_dags/example_xcomargs.py
[2024-03-28T15:50:34.279+0000] {processor.py:756} INFO - Processing file /home/airflow/.local/lib/python3.7/site-packages/airflow/example_dags/example_xcomargs.py for tasks to queue
[2024-03-28T15:50:34.282+0000] {logging_mixin.py:120} INFO - [2024-03-28T15:50:34.282+0000] {dagbag.py:537} INFO - Filling up the DagBag from /home/airflow/.local/lib/python3.7/site-packages/airflow/example_dags/example_xcomargs.py
[2024-03-28T15:50:34.919+0000] {processor.py:766} INFO - DAG(s) dict_keys(['example_xcom_args_with_operators', 'example_xcom_args']) retrieved from /home/airflow/.local/lib/python3.7/site-packages/airflow/example_dags/example_xcomargs.py
[2024-03-28T15:50:39.549+0000] {logging_mixin.py:120} INFO - [2024-03-28T15:50:39.548+0000] {dag.py:2585} INFO - Sync 2 DAGs
[2024-03-28T15:50:39.849+0000] {logging_mixin.py:120} INFO - [2024-03-28T15:50:39.848+0000] {dag.py:3340} INFO - Setting next_dagrun for example_xcom_args to None, run_after=None
[2024-03-28T15:50:39.878+0000] {logging_mixin.py:120} INFO - [2024-03-28T15:50:39.878+0000] {dag.py:3340} INFO - Setting next_dagrun for example_xcom_args_with_operators to None, run_after=None
[2024-03-28T15:50:39.965+0000] {processor.py:176} INFO - Processing /home/airflow/.local/lib/python3.7/site-packages/airflow/example_dags/example_xcomargs.py took 5.702 seconds
[2024-03-28T15:53:53.631+0000] {processor.py:154} INFO - Started process (PID=77) to work on /home/airflow/.local/lib/python3.7/site-packages/airflow/example_dags/example_xcomargs.py
[2024-03-28T15:53:53.633+0000] {processor.py:756} INFO - Processing file /home/airflow/.local/lib/python3.7/site-packages/airflow/example_dags/example_xcomargs.py for tasks to queue
[2024-03-28T15:53:53.640+0000] {logging_mixin.py:120} INFO - [2024-03-28T15:53:53.640+0000] {dagbag.py:537} INFO - Filling up the DagBag from /home/airflow/.local/lib/python3.7/site-packages/airflow/example_dags/example_xcomargs.py
[2024-03-28T15:53:53.992+0000] {processor.py:766} INFO - DAG(s) dict_keys(['example_xcom_args', 'example_xcom_args_with_operators']) retrieved from /home/airflow/.local/lib/python3.7/site-packages/airflow/example_dags/example_xcomargs.py
[2024-03-28T15:53:58.073+0000] {logging_mixin.py:120} INFO - [2024-03-28T15:53:58.072+0000] {dag.py:2585} INFO - Sync 2 DAGs
[2024-03-28T15:53:58.134+0000] {logging_mixin.py:120} INFO - [2024-03-28T15:53:58.134+0000] {dag.py:3340} INFO - Setting next_dagrun for example_xcom_args to None, run_after=None
[2024-03-28T15:53:58.148+0000] {logging_mixin.py:120} INFO - [2024-03-28T15:53:58.148+0000] {dag.py:3340} INFO - Setting next_dagrun for example_xcom_args_with_operators to None, run_after=None
[2024-03-28T15:53:58.243+0000] {processor.py:176} INFO - Processing /home/airflow/.local/lib/python3.7/site-packages/airflow/example_dags/example_xcomargs.py took 4.618 seconds
[2024-03-28T15:54:52.619+0000] {processor.py:154} INFO - Started process (PID=151) to work on /home/airflow/.local/lib/python3.7/site-packages/airflow/example_dags/example_xcomargs.py
[2024-03-28T15:54:52.621+0000] {processor.py:756} INFO - Processing file /home/airflow/.local/lib/python3.7/site-packages/airflow/example_dags/example_xcomargs.py for tasks to queue
[2024-03-28T15:54:52.622+0000] {logging_mixin.py:120} INFO - [2024-03-28T15:54:52.622+0000] {dagbag.py:537} INFO - Filling up the DagBag from /home/airflow/.local/lib/python3.7/site-packages/airflow/example_dags/example_xcomargs.py
[2024-03-28T15:54:52.800+0000] {processor.py:766} INFO - DAG(s) dict_keys(['example_xcom_args_with_operators', 'example_xcom_args']) retrieved from /home/airflow/.local/lib/python3.7/site-packages/airflow/example_dags/example_xcomargs.py
[2024-03-28T15:58:18.580+0000] {processor.py:154} INFO - Started process (PID=111) to work on /home/airflow/.local/lib/python3.7/site-packages/airflow/example_dags/example_xcomargs.py
[2024-03-28T15:58:18.594+0000] {processor.py:756} INFO - Processing file /home/airflow/.local/lib/python3.7/site-packages/airflow/example_dags/example_xcomargs.py for tasks to queue
[2024-03-28T15:58:18.608+0000] {logging_mixin.py:120} INFO - [2024-03-28T15:58:18.606+0000] {dagbag.py:537} INFO - Filling up the DagBag from /home/airflow/.local/lib/python3.7/site-packages/airflow/example_dags/example_xcomargs.py
[2024-03-28T15:58:19.100+0000] {processor.py:766} INFO - DAG(s) dict_keys(['example_xcom_args', 'example_xcom_args_with_operators']) retrieved from /home/airflow/.local/lib/python3.7/site-packages/airflow/example_dags/example_xcomargs.py
[2024-03-28T15:58:19.771+0000] {logging_mixin.py:120} INFO - [2024-03-28T15:58:19.771+0000] {dag.py:2585} INFO - Sync 2 DAGs
[2024-03-28T15:58:20.254+0000] {logging_mixin.py:120} INFO - [2024-03-28T15:58:20.254+0000] {dag.py:3340} INFO - Setting next_dagrun for example_xcom_args to None, run_after=None
[2024-03-28T15:58:20.293+0000] {logging_mixin.py:120} INFO - [2024-03-28T15:58:20.293+0000] {dag.py:3340} INFO - Setting next_dagrun for example_xcom_args_with_operators to None, run_after=None
[2024-03-28T15:58:20.381+0000] {processor.py:176} INFO - Processing /home/airflow/.local/lib/python3.7/site-packages/airflow/example_dags/example_xcomargs.py took 1.839 seconds
