[2024-03-28T15:20:43.041+0000] {processor.py:154} INFO - Started process (PID=88) to work on /home/airflow/.local/lib/python3.7/site-packages/airflow/example_dags/example_skip_dag.py
[2024-03-28T15:20:43.043+0000] {processor.py:756} INFO - Processing file /home/airflow/.local/lib/python3.7/site-packages/airflow/example_dags/example_skip_dag.py for tasks to queue
[2024-03-28T15:20:43.048+0000] {logging_mixin.py:120} INFO - [2024-03-28T15:20:43.047+0000] {dagbag.py:537} INFO - Filling up the DagBag from /home/airflow/.local/lib/python3.7/site-packages/airflow/example_dags/example_skip_dag.py
[2024-03-28T15:20:43.072+0000] {processor.py:766} INFO - DAG(s) dict_keys(['example_skip_dag']) retrieved from /home/airflow/.local/lib/python3.7/site-packages/airflow/example_dags/example_skip_dag.py
[2024-03-28T15:20:43.166+0000] {logging_mixin.py:120} INFO - [2024-03-28T15:20:43.165+0000] {dag.py:2585} INFO - Sync 1 DAGs
[2024-03-28T15:20:43.240+0000] {logging_mixin.py:120} INFO - [2024-03-28T15:20:43.240+0000] {dag.py:3340} INFO - Setting next_dagrun for example_skip_dag to 2024-03-27T19:27:28.159781+00:00, run_after=2024-03-28T19:27:28.159781+00:00
[2024-03-28T15:20:43.307+0000] {processor.py:176} INFO - Processing /home/airflow/.local/lib/python3.7/site-packages/airflow/example_dags/example_skip_dag.py took 0.272 seconds
[2024-03-28T15:25:40.840+0000] {processor.py:154} INFO - Started process (PID=128) to work on /home/airflow/.local/lib/python3.7/site-packages/airflow/example_dags/example_skip_dag.py
[2024-03-28T15:25:40.847+0000] {processor.py:756} INFO - Processing file /home/airflow/.local/lib/python3.7/site-packages/airflow/example_dags/example_skip_dag.py for tasks to queue
[2024-03-28T15:25:40.853+0000] {logging_mixin.py:120} INFO - [2024-03-28T15:25:40.852+0000] {dagbag.py:537} INFO - Filling up the DagBag from /home/airflow/.local/lib/python3.7/site-packages/airflow/example_dags/example_skip_dag.py
[2024-03-28T15:25:40.967+0000] {processor.py:766} INFO - DAG(s) dict_keys(['example_skip_dag']) retrieved from /home/airflow/.local/lib/python3.7/site-packages/airflow/example_dags/example_skip_dag.py
[2024-03-28T15:25:41.171+0000] {logging_mixin.py:120} INFO - [2024-03-28T15:25:41.171+0000] {dag.py:2585} INFO - Sync 1 DAGs
[2024-03-28T15:25:41.273+0000] {logging_mixin.py:120} INFO - [2024-03-28T15:25:41.273+0000] {dag.py:3340} INFO - Setting next_dagrun for example_skip_dag to 2024-03-27T19:27:28.159781+00:00, run_after=2024-03-28T19:27:28.159781+00:00
[2024-03-28T15:25:41.353+0000] {processor.py:176} INFO - Processing /home/airflow/.local/lib/python3.7/site-packages/airflow/example_dags/example_skip_dag.py took 0.536 seconds
[2024-03-28T15:27:49.164+0000] {processor.py:154} INFO - Started process (PID=120) to work on /home/airflow/.local/lib/python3.7/site-packages/airflow/example_dags/example_skip_dag.py
[2024-03-28T15:27:49.167+0000] {processor.py:756} INFO - Processing file /home/airflow/.local/lib/python3.7/site-packages/airflow/example_dags/example_skip_dag.py for tasks to queue
[2024-03-28T15:27:49.176+0000] {logging_mixin.py:120} INFO - [2024-03-28T15:27:49.175+0000] {dagbag.py:537} INFO - Filling up the DagBag from /home/airflow/.local/lib/python3.7/site-packages/airflow/example_dags/example_skip_dag.py
[2024-03-28T15:27:49.245+0000] {processor.py:766} INFO - DAG(s) dict_keys(['example_skip_dag']) retrieved from /home/airflow/.local/lib/python3.7/site-packages/airflow/example_dags/example_skip_dag.py
[2024-03-28T15:27:49.536+0000] {logging_mixin.py:120} INFO - [2024-03-28T15:27:49.533+0000] {dag.py:2585} INFO - Sync 1 DAGs
[2024-03-28T15:27:49.825+0000] {logging_mixin.py:120} INFO - [2024-03-28T15:27:49.824+0000] {dag.py:3340} INFO - Setting next_dagrun for example_skip_dag to 2024-03-27T19:27:28.159781+00:00, run_after=2024-03-28T19:27:28.159781+00:00
[2024-03-28T15:27:52.064+0000] {processor.py:176} INFO - Processing /home/airflow/.local/lib/python3.7/site-packages/airflow/example_dags/example_skip_dag.py took 2.892 seconds
[2024-03-28T15:38:58.476+0000] {processor.py:154} INFO - Started process (PID=129) to work on /home/airflow/.local/lib/python3.7/site-packages/airflow/example_dags/example_skip_dag.py
[2024-03-28T15:38:58.480+0000] {processor.py:756} INFO - Processing file /home/airflow/.local/lib/python3.7/site-packages/airflow/example_dags/example_skip_dag.py for tasks to queue
[2024-03-28T15:38:58.481+0000] {logging_mixin.py:120} INFO - [2024-03-28T15:38:58.481+0000] {dagbag.py:537} INFO - Filling up the DagBag from /home/airflow/.local/lib/python3.7/site-packages/airflow/example_dags/example_skip_dag.py
[2024-03-28T15:38:58.940+0000] {processor.py:766} INFO - DAG(s) dict_keys(['example_skip_dag']) retrieved from /home/airflow/.local/lib/python3.7/site-packages/airflow/example_dags/example_skip_dag.py
[2024-03-28T15:39:04.777+0000] {logging_mixin.py:120} INFO - [2024-03-28T15:39:04.774+0000] {dag.py:2585} INFO - Sync 1 DAGs
[2024-03-28T15:39:04.878+0000] {logging_mixin.py:120} INFO - [2024-03-28T15:39:04.877+0000] {dag.py:3340} INFO - Setting next_dagrun for example_skip_dag to 2024-03-27T19:27:28.159781+00:00, run_after=2024-03-28T19:27:28.159781+00:00
[2024-03-28T15:39:04.915+0000] {processor.py:176} INFO - Processing /home/airflow/.local/lib/python3.7/site-packages/airflow/example_dags/example_skip_dag.py took 6.446 seconds
[2024-03-28T15:42:57.667+0000] {processor.py:154} INFO - Started process (PID=75) to work on /home/airflow/.local/lib/python3.7/site-packages/airflow/example_dags/example_skip_dag.py
[2024-03-28T15:42:57.668+0000] {processor.py:756} INFO - Processing file /home/airflow/.local/lib/python3.7/site-packages/airflow/example_dags/example_skip_dag.py for tasks to queue
[2024-03-28T15:42:57.669+0000] {logging_mixin.py:120} INFO - [2024-03-28T15:42:57.669+0000] {dagbag.py:537} INFO - Filling up the DagBag from /home/airflow/.local/lib/python3.7/site-packages/airflow/example_dags/example_skip_dag.py
[2024-03-28T15:42:57.680+0000] {processor.py:766} INFO - DAG(s) dict_keys(['example_skip_dag']) retrieved from /home/airflow/.local/lib/python3.7/site-packages/airflow/example_dags/example_skip_dag.py
[2024-03-28T15:42:57.703+0000] {logging_mixin.py:120} INFO - [2024-03-28T15:42:57.703+0000] {dag.py:2585} INFO - Sync 1 DAGs
[2024-03-28T15:42:57.717+0000] {logging_mixin.py:120} INFO - [2024-03-28T15:42:57.717+0000] {dag.py:3340} INFO - Setting next_dagrun for example_skip_dag to 2024-03-27T19:27:28.159781+00:00, run_after=2024-03-28T19:27:28.159781+00:00
[2024-03-28T15:42:57.730+0000] {processor.py:176} INFO - Processing /home/airflow/.local/lib/python3.7/site-packages/airflow/example_dags/example_skip_dag.py took 0.065 seconds
[2024-03-28T15:45:21.587+0000] {processor.py:154} INFO - Started process (PID=93) to work on /home/airflow/.local/lib/python3.7/site-packages/airflow/example_dags/example_skip_dag.py
[2024-03-28T15:45:21.587+0000] {processor.py:756} INFO - Processing file /home/airflow/.local/lib/python3.7/site-packages/airflow/example_dags/example_skip_dag.py for tasks to queue
[2024-03-28T15:45:21.588+0000] {logging_mixin.py:120} INFO - [2024-03-28T15:45:21.588+0000] {dagbag.py:537} INFO - Filling up the DagBag from /home/airflow/.local/lib/python3.7/site-packages/airflow/example_dags/example_skip_dag.py
[2024-03-28T15:45:21.599+0000] {processor.py:766} INFO - DAG(s) dict_keys(['example_skip_dag']) retrieved from /home/airflow/.local/lib/python3.7/site-packages/airflow/example_dags/example_skip_dag.py
[2024-03-28T15:45:21.625+0000] {logging_mixin.py:120} INFO - [2024-03-28T15:45:21.625+0000] {dag.py:2585} INFO - Sync 1 DAGs
[2024-03-28T15:45:21.642+0000] {logging_mixin.py:120} INFO - [2024-03-28T15:45:21.642+0000] {dag.py:3340} INFO - Setting next_dagrun for example_skip_dag to 2024-03-27T19:27:28.159781+00:00, run_after=2024-03-28T19:27:28.159781+00:00
[2024-03-28T15:45:21.654+0000] {processor.py:176} INFO - Processing /home/airflow/.local/lib/python3.7/site-packages/airflow/example_dags/example_skip_dag.py took 0.069 seconds
[2024-03-28T15:51:02.858+0000] {processor.py:154} INFO - Started process (PID=136) to work on /home/airflow/.local/lib/python3.7/site-packages/airflow/example_dags/example_skip_dag.py
[2024-03-28T15:51:02.863+0000] {processor.py:756} INFO - Processing file /home/airflow/.local/lib/python3.7/site-packages/airflow/example_dags/example_skip_dag.py for tasks to queue
[2024-03-28T15:51:02.870+0000] {logging_mixin.py:120} INFO - [2024-03-28T15:51:02.869+0000] {dagbag.py:537} INFO - Filling up the DagBag from /home/airflow/.local/lib/python3.7/site-packages/airflow/example_dags/example_skip_dag.py
[2024-03-28T15:51:03.140+0000] {processor.py:766} INFO - DAG(s) dict_keys(['example_skip_dag']) retrieved from /home/airflow/.local/lib/python3.7/site-packages/airflow/example_dags/example_skip_dag.py
[2024-03-28T15:51:03.484+0000] {logging_mixin.py:120} INFO - [2024-03-28T15:51:03.480+0000] {dag.py:2585} INFO - Sync 1 DAGs
[2024-03-28T15:51:03.635+0000] {logging_mixin.py:120} INFO - [2024-03-28T15:51:03.634+0000] {dag.py:3340} INFO - Setting next_dagrun for example_skip_dag to 2024-03-27T19:27:28.159781+00:00, run_after=2024-03-28T19:27:28.159781+00:00
[2024-03-28T15:51:03.726+0000] {processor.py:176} INFO - Processing /home/airflow/.local/lib/python3.7/site-packages/airflow/example_dags/example_skip_dag.py took 0.900 seconds
[2024-03-28T15:54:18.243+0000] {processor.py:154} INFO - Started process (PID=110) to work on /home/airflow/.local/lib/python3.7/site-packages/airflow/example_dags/example_skip_dag.py
[2024-03-28T15:54:18.245+0000] {processor.py:756} INFO - Processing file /home/airflow/.local/lib/python3.7/site-packages/airflow/example_dags/example_skip_dag.py for tasks to queue
[2024-03-28T15:54:18.248+0000] {logging_mixin.py:120} INFO - [2024-03-28T15:54:18.248+0000] {dagbag.py:537} INFO - Filling up the DagBag from /home/airflow/.local/lib/python3.7/site-packages/airflow/example_dags/example_skip_dag.py
[2024-03-28T15:54:18.285+0000] {processor.py:766} INFO - DAG(s) dict_keys(['example_skip_dag']) retrieved from /home/airflow/.local/lib/python3.7/site-packages/airflow/example_dags/example_skip_dag.py
[2024-03-28T15:54:19.968+0000] {logging_mixin.py:120} INFO - [2024-03-28T15:54:19.961+0000] {dag.py:2585} INFO - Sync 1 DAGs
[2024-03-28T15:54:20.183+0000] {logging_mixin.py:120} INFO - [2024-03-28T15:54:20.182+0000] {dag.py:3340} INFO - Setting next_dagrun for example_skip_dag to 2024-03-27T19:27:28.159781+00:00, run_after=2024-03-28T19:27:28.159781+00:00
[2024-03-28T15:54:20.221+0000] {processor.py:176} INFO - Processing /home/airflow/.local/lib/python3.7/site-packages/airflow/example_dags/example_skip_dag.py took 1.930 seconds
