[2024-03-28T15:20:30.229+0000] {processor.py:154} INFO - Started process (PID=52) to work on /home/airflow/.local/lib/python3.7/site-packages/airflow/example_dags/example_branch_datetime_operator.py
[2024-03-28T15:20:30.231+0000] {processor.py:756} INFO - Processing file /home/airflow/.local/lib/python3.7/site-packages/airflow/example_dags/example_branch_datetime_operator.py for tasks to queue
[2024-03-28T15:20:30.232+0000] {logging_mixin.py:120} INFO - [2024-03-28T15:20:30.232+0000] {dagbag.py:537} INFO - Filling up the DagBag from /home/airflow/.local/lib/python3.7/site-packages/airflow/example_dags/example_branch_datetime_operator.py
[2024-03-28T15:20:30.253+0000] {processor.py:766} INFO - DAG(s) dict_keys(['example_branch_datetime_operator_2', 'example_branch_datetime_operator_3', 'example_branch_datetime_operator']) retrieved from /home/airflow/.local/lib/python3.7/site-packages/airflow/example_dags/example_branch_datetime_operator.py
[2024-03-28T15:20:30.307+0000] {logging_mixin.py:120} INFO - [2024-03-28T15:20:30.307+0000] {dag.py:2585} INFO - Sync 3 DAGs
[2024-03-28T15:20:30.333+0000] {logging_mixin.py:120} INFO - [2024-03-28T15:20:30.333+0000] {dag.py:3340} INFO - Setting next_dagrun for example_branch_datetime_operator to 2024-03-27T00:00:00+00:00, run_after=2024-03-28T00:00:00+00:00
[2024-03-28T15:20:30.338+0000] {logging_mixin.py:120} INFO - [2024-03-28T15:20:30.338+0000] {dag.py:3340} INFO - Setting next_dagrun for example_branch_datetime_operator_2 to 2024-03-27T00:00:00+00:00, run_after=2024-03-28T00:00:00+00:00
[2024-03-28T15:20:30.340+0000] {logging_mixin.py:120} INFO - [2024-03-28T15:20:30.340+0000] {dag.py:3340} INFO - Setting next_dagrun for example_branch_datetime_operator_3 to 2024-03-27T00:00:00+00:00, run_after=2024-03-28T00:00:00+00:00
[2024-03-28T15:20:30.362+0000] {processor.py:176} INFO - Processing /home/airflow/.local/lib/python3.7/site-packages/airflow/example_dags/example_branch_datetime_operator.py took 0.137 seconds
[2024-03-28T15:22:37.380+0000] {processor.py:154} INFO - Started process (PID=134) to work on /home/airflow/.local/lib/python3.7/site-packages/airflow/example_dags/example_branch_datetime_operator.py
[2024-03-28T15:22:37.389+0000] {processor.py:756} INFO - Processing file /home/airflow/.local/lib/python3.7/site-packages/airflow/example_dags/example_branch_datetime_operator.py for tasks to queue
[2024-03-28T15:22:37.398+0000] {logging_mixin.py:120} INFO - [2024-03-28T15:22:37.395+0000] {dagbag.py:537} INFO - Filling up the DagBag from /home/airflow/.local/lib/python3.7/site-packages/airflow/example_dags/example_branch_datetime_operator.py
[2024-03-28T15:22:37.590+0000] {processor.py:766} INFO - DAG(s) dict_keys(['example_branch_datetime_operator_3', 'example_branch_datetime_operator', 'example_branch_datetime_operator_2']) retrieved from /home/airflow/.local/lib/python3.7/site-packages/airflow/example_dags/example_branch_datetime_operator.py
[2024-03-28T15:25:02.438+0000] {processor.py:154} INFO - Started process (PID=84) to work on /home/airflow/.local/lib/python3.7/site-packages/airflow/example_dags/example_branch_datetime_operator.py
[2024-03-28T15:25:02.444+0000] {processor.py:756} INFO - Processing file /home/airflow/.local/lib/python3.7/site-packages/airflow/example_dags/example_branch_datetime_operator.py for tasks to queue
[2024-03-28T15:25:02.451+0000] {logging_mixin.py:120} INFO - [2024-03-28T15:25:02.449+0000] {dagbag.py:537} INFO - Filling up the DagBag from /home/airflow/.local/lib/python3.7/site-packages/airflow/example_dags/example_branch_datetime_operator.py
[2024-03-28T15:25:02.637+0000] {processor.py:766} INFO - DAG(s) dict_keys(['example_branch_datetime_operator_2', 'example_branch_datetime_operator_3', 'example_branch_datetime_operator']) retrieved from /home/airflow/.local/lib/python3.7/site-packages/airflow/example_dags/example_branch_datetime_operator.py
[2024-03-28T15:25:03.516+0000] {logging_mixin.py:120} INFO - [2024-03-28T15:25:03.515+0000] {dag.py:2585} INFO - Sync 3 DAGs
[2024-03-28T15:25:03.595+0000] {logging_mixin.py:120} INFO - [2024-03-28T15:25:03.595+0000] {dag.py:3340} INFO - Setting next_dagrun for example_branch_datetime_operator to 2024-03-27T00:00:00+00:00, run_after=2024-03-28T00:00:00+00:00
[2024-03-28T15:25:03.605+0000] {logging_mixin.py:120} INFO - [2024-03-28T15:25:03.605+0000] {dag.py:3340} INFO - Setting next_dagrun for example_branch_datetime_operator_2 to 2024-03-27T00:00:00+00:00, run_after=2024-03-28T00:00:00+00:00
[2024-03-28T15:25:03.612+0000] {logging_mixin.py:120} INFO - [2024-03-28T15:25:03.611+0000] {dag.py:3340} INFO - Setting next_dagrun for example_branch_datetime_operator_3 to 2024-03-27T00:00:00+00:00, run_after=2024-03-28T00:00:00+00:00
[2024-03-28T15:25:03.669+0000] {processor.py:176} INFO - Processing /home/airflow/.local/lib/python3.7/site-packages/airflow/example_dags/example_branch_datetime_operator.py took 1.250 seconds
[2024-03-28T15:27:22.012+0000] {processor.py:154} INFO - Started process (PID=82) to work on /home/airflow/.local/lib/python3.7/site-packages/airflow/example_dags/example_branch_datetime_operator.py
[2024-03-28T15:27:22.017+0000] {processor.py:756} INFO - Processing file /home/airflow/.local/lib/python3.7/site-packages/airflow/example_dags/example_branch_datetime_operator.py for tasks to queue
[2024-03-28T15:27:22.023+0000] {logging_mixin.py:120} INFO - [2024-03-28T15:27:22.023+0000] {dagbag.py:537} INFO - Filling up the DagBag from /home/airflow/.local/lib/python3.7/site-packages/airflow/example_dags/example_branch_datetime_operator.py
[2024-03-28T15:27:22.473+0000] {processor.py:766} INFO - DAG(s) dict_keys(['example_branch_datetime_operator', 'example_branch_datetime_operator_2', 'example_branch_datetime_operator_3']) retrieved from /home/airflow/.local/lib/python3.7/site-packages/airflow/example_dags/example_branch_datetime_operator.py
[2024-03-28T15:27:25.022+0000] {logging_mixin.py:120} INFO - [2024-03-28T15:27:25.019+0000] {dag.py:2585} INFO - Sync 3 DAGs
[2024-03-28T15:27:25.126+0000] {logging_mixin.py:120} INFO - [2024-03-28T15:27:25.126+0000] {dag.py:3340} INFO - Setting next_dagrun for example_branch_datetime_operator to 2024-03-27T00:00:00+00:00, run_after=2024-03-28T00:00:00+00:00
[2024-03-28T15:27:25.134+0000] {logging_mixin.py:120} INFO - [2024-03-28T15:27:25.134+0000] {dag.py:3340} INFO - Setting next_dagrun for example_branch_datetime_operator_2 to 2024-03-27T00:00:00+00:00, run_after=2024-03-28T00:00:00+00:00
[2024-03-28T15:27:25.148+0000] {logging_mixin.py:120} INFO - [2024-03-28T15:27:25.148+0000] {dag.py:3340} INFO - Setting next_dagrun for example_branch_datetime_operator_3 to 2024-03-27T00:00:00+00:00, run_after=2024-03-28T00:00:00+00:00
[2024-03-28T15:27:25.250+0000] {processor.py:176} INFO - Processing /home/airflow/.local/lib/python3.7/site-packages/airflow/example_dags/example_branch_datetime_operator.py took 3.285 seconds
[2024-03-28T15:28:01.913+0000] {processor.py:154} INFO - Started process (PID=140) to work on /home/airflow/.local/lib/python3.7/site-packages/airflow/example_dags/example_branch_datetime_operator.py
[2024-03-28T15:28:01.915+0000] {processor.py:756} INFO - Processing file /home/airflow/.local/lib/python3.7/site-packages/airflow/example_dags/example_branch_datetime_operator.py for tasks to queue
[2024-03-28T15:28:01.917+0000] {logging_mixin.py:120} INFO - [2024-03-28T15:28:01.917+0000] {dagbag.py:537} INFO - Filling up the DagBag from /home/airflow/.local/lib/python3.7/site-packages/airflow/example_dags/example_branch_datetime_operator.py
[2024-03-28T15:28:01.946+0000] {processor.py:766} INFO - DAG(s) dict_keys(['example_branch_datetime_operator_2', 'example_branch_datetime_operator_3', 'example_branch_datetime_operator']) retrieved from /home/airflow/.local/lib/python3.7/site-packages/airflow/example_dags/example_branch_datetime_operator.py
[2024-03-28T15:28:02.080+0000] {logging_mixin.py:120} INFO - [2024-03-28T15:28:02.079+0000] {dag.py:2585} INFO - Sync 3 DAGs
[2024-03-28T15:28:02.131+0000] {logging_mixin.py:120} INFO - [2024-03-28T15:28:02.131+0000] {dag.py:3340} INFO - Setting next_dagrun for example_branch_datetime_operator to 2024-03-27T00:00:00+00:00, run_after=2024-03-28T00:00:00+00:00
[2024-03-28T15:28:02.137+0000] {logging_mixin.py:120} INFO - [2024-03-28T15:28:02.137+0000] {dag.py:3340} INFO - Setting next_dagrun for example_branch_datetime_operator_2 to 2024-03-27T00:00:00+00:00, run_after=2024-03-28T00:00:00+00:00
[2024-03-28T15:28:02.140+0000] {logging_mixin.py:120} INFO - [2024-03-28T15:28:02.140+0000] {dag.py:3340} INFO - Setting next_dagrun for example_branch_datetime_operator_3 to 2024-03-27T00:00:00+00:00, run_after=2024-03-28T00:00:00+00:00
[2024-03-28T15:28:02.173+0000] {processor.py:176} INFO - Processing /home/airflow/.local/lib/python3.7/site-packages/airflow/example_dags/example_branch_datetime_operator.py took 0.271 seconds
[2024-03-28T15:30:11.758+0000] {processor.py:154} INFO - Started process (PID=83) to work on /home/airflow/.local/lib/python3.7/site-packages/airflow/example_dags/example_branch_datetime_operator.py
[2024-03-28T15:30:11.759+0000] {processor.py:756} INFO - Processing file /home/airflow/.local/lib/python3.7/site-packages/airflow/example_dags/example_branch_datetime_operator.py for tasks to queue
[2024-03-28T15:30:11.761+0000] {logging_mixin.py:120} INFO - [2024-03-28T15:30:11.760+0000] {dagbag.py:537} INFO - Filling up the DagBag from /home/airflow/.local/lib/python3.7/site-packages/airflow/example_dags/example_branch_datetime_operator.py
[2024-03-28T15:30:12.045+0000] {processor.py:766} INFO - DAG(s) dict_keys(['example_branch_datetime_operator_3', 'example_branch_datetime_operator', 'example_branch_datetime_operator_2']) retrieved from /home/airflow/.local/lib/python3.7/site-packages/airflow/example_dags/example_branch_datetime_operator.py
[2024-03-28T15:30:12.606+0000] {logging_mixin.py:120} INFO - [2024-03-28T15:30:12.605+0000] {dag.py:2585} INFO - Sync 3 DAGs
[2024-03-28T15:30:12.806+0000] {logging_mixin.py:120} INFO - [2024-03-28T15:30:12.797+0000] {dag.py:3340} INFO - Setting next_dagrun for example_branch_datetime_operator to 2024-03-27T00:00:00+00:00, run_after=2024-03-28T00:00:00+00:00
[2024-03-28T15:30:12.822+0000] {logging_mixin.py:120} INFO - [2024-03-28T15:30:12.822+0000] {dag.py:3340} INFO - Setting next_dagrun for example_branch_datetime_operator_2 to 2024-03-27T00:00:00+00:00, run_after=2024-03-28T00:00:00+00:00
[2024-03-28T15:30:12.829+0000] {logging_mixin.py:120} INFO - [2024-03-28T15:30:12.829+0000] {dag.py:3340} INFO - Setting next_dagrun for example_branch_datetime_operator_3 to 2024-03-27T00:00:00+00:00, run_after=2024-03-28T00:00:00+00:00
[2024-03-28T15:30:12.895+0000] {processor.py:176} INFO - Processing /home/airflow/.local/lib/python3.7/site-packages/airflow/example_dags/example_branch_datetime_operator.py took 1.148 seconds
[2024-03-28T15:35:09.179+0000] {processor.py:154} INFO - Started process (PID=93) to work on /home/airflow/.local/lib/python3.7/site-packages/airflow/example_dags/example_branch_datetime_operator.py
[2024-03-28T15:35:09.189+0000] {processor.py:756} INFO - Processing file /home/airflow/.local/lib/python3.7/site-packages/airflow/example_dags/example_branch_datetime_operator.py for tasks to queue
[2024-03-28T15:35:09.195+0000] {logging_mixin.py:120} INFO - [2024-03-28T15:35:09.195+0000] {dagbag.py:537} INFO - Filling up the DagBag from /home/airflow/.local/lib/python3.7/site-packages/airflow/example_dags/example_branch_datetime_operator.py
[2024-03-28T15:35:09.337+0000] {processor.py:766} INFO - DAG(s) dict_keys(['example_branch_datetime_operator_3', 'example_branch_datetime_operator', 'example_branch_datetime_operator_2']) retrieved from /home/airflow/.local/lib/python3.7/site-packages/airflow/example_dags/example_branch_datetime_operator.py
[2024-03-28T15:35:09.732+0000] {logging_mixin.py:120} INFO - [2024-03-28T15:35:09.732+0000] {dag.py:2585} INFO - Sync 3 DAGs
[2024-03-28T15:35:09.876+0000] {logging_mixin.py:120} INFO - [2024-03-28T15:35:09.868+0000] {dag.py:3340} INFO - Setting next_dagrun for example_branch_datetime_operator to 2024-03-27T00:00:00+00:00, run_after=2024-03-28T00:00:00+00:00
[2024-03-28T15:35:10.400+0000] {logging_mixin.py:120} INFO - [2024-03-28T15:35:10.364+0000] {dag.py:3340} INFO - Setting next_dagrun for example_branch_datetime_operator_2 to 2024-03-27T00:00:00+00:00, run_after=2024-03-28T00:00:00+00:00
[2024-03-28T15:35:10.594+0000] {logging_mixin.py:120} INFO - [2024-03-28T15:35:10.588+0000] {dag.py:3340} INFO - Setting next_dagrun for example_branch_datetime_operator_3 to 2024-03-27T00:00:00+00:00, run_after=2024-03-28T00:00:00+00:00
[2024-03-28T15:35:14.186+0000] {processor.py:176} INFO - Processing /home/airflow/.local/lib/python3.7/site-packages/airflow/example_dags/example_branch_datetime_operator.py took 5.036 seconds
[2024-03-28T15:39:25.644+0000] {processor.py:154} INFO - Started process (PID=158) to work on /home/airflow/.local/lib/python3.7/site-packages/airflow/example_dags/example_branch_datetime_operator.py
[2024-03-28T15:39:25.648+0000] {processor.py:756} INFO - Processing file /home/airflow/.local/lib/python3.7/site-packages/airflow/example_dags/example_branch_datetime_operator.py for tasks to queue
[2024-03-28T15:39:25.650+0000] {logging_mixin.py:120} INFO - [2024-03-28T15:39:25.649+0000] {dagbag.py:537} INFO - Filling up the DagBag from /home/airflow/.local/lib/python3.7/site-packages/airflow/example_dags/example_branch_datetime_operator.py
[2024-03-28T15:39:25.840+0000] {processor.py:766} INFO - DAG(s) dict_keys(['example_branch_datetime_operator', 'example_branch_datetime_operator_2', 'example_branch_datetime_operator_3']) retrieved from /home/airflow/.local/lib/python3.7/site-packages/airflow/example_dags/example_branch_datetime_operator.py
[2024-03-28T15:42:06.823+0000] {processor.py:154} INFO - Started process (PID=88) to work on /home/airflow/.local/lib/python3.7/site-packages/airflow/example_dags/example_branch_datetime_operator.py
[2024-03-28T15:42:06.826+0000] {processor.py:756} INFO - Processing file /home/airflow/.local/lib/python3.7/site-packages/airflow/example_dags/example_branch_datetime_operator.py for tasks to queue
[2024-03-28T15:42:06.828+0000] {logging_mixin.py:120} INFO - [2024-03-28T15:42:06.828+0000] {dagbag.py:537} INFO - Filling up the DagBag from /home/airflow/.local/lib/python3.7/site-packages/airflow/example_dags/example_branch_datetime_operator.py
[2024-03-28T15:42:07.069+0000] {processor.py:766} INFO - DAG(s) dict_keys(['example_branch_datetime_operator_2', 'example_branch_datetime_operator', 'example_branch_datetime_operator_3']) retrieved from /home/airflow/.local/lib/python3.7/site-packages/airflow/example_dags/example_branch_datetime_operator.py
[2024-03-28T15:42:08.051+0000] {logging_mixin.py:120} INFO - [2024-03-28T15:42:08.050+0000] {dag.py:2585} INFO - Sync 3 DAGs
[2024-03-28T15:42:12.737+0000] {logging_mixin.py:120} INFO - [2024-03-28T15:42:12.735+0000] {dag.py:3340} INFO - Setting next_dagrun for example_branch_datetime_operator to 2024-03-27T00:00:00+00:00, run_after=2024-03-28T00:00:00+00:00
[2024-03-28T15:42:12.769+0000] {logging_mixin.py:120} INFO - [2024-03-28T15:42:12.769+0000] {dag.py:3340} INFO - Setting next_dagrun for example_branch_datetime_operator_2 to 2024-03-27T00:00:00+00:00, run_after=2024-03-28T00:00:00+00:00
[2024-03-28T15:42:12.800+0000] {logging_mixin.py:120} INFO - [2024-03-28T15:42:12.798+0000] {dag.py:3340} INFO - Setting next_dagrun for example_branch_datetime_operator_3 to 2024-03-27T00:00:00+00:00, run_after=2024-03-28T00:00:00+00:00
[2024-03-28T15:42:12.899+0000] {processor.py:176} INFO - Processing /home/airflow/.local/lib/python3.7/site-packages/airflow/example_dags/example_branch_datetime_operator.py took 6.081 seconds
[2024-03-28T15:42:55.168+0000] {processor.py:154} INFO - Started process (PID=48) to work on /home/airflow/.local/lib/python3.7/site-packages/airflow/example_dags/example_branch_datetime_operator.py
[2024-03-28T15:42:55.170+0000] {processor.py:756} INFO - Processing file /home/airflow/.local/lib/python3.7/site-packages/airflow/example_dags/example_branch_datetime_operator.py for tasks to queue
[2024-03-28T15:42:55.171+0000] {logging_mixin.py:120} INFO - [2024-03-28T15:42:55.171+0000] {dagbag.py:537} INFO - Filling up the DagBag from /home/airflow/.local/lib/python3.7/site-packages/airflow/example_dags/example_branch_datetime_operator.py
[2024-03-28T15:42:55.194+0000] {processor.py:766} INFO - DAG(s) dict_keys(['example_branch_datetime_operator_3', 'example_branch_datetime_operator', 'example_branch_datetime_operator_2']) retrieved from /home/airflow/.local/lib/python3.7/site-packages/airflow/example_dags/example_branch_datetime_operator.py
[2024-03-28T15:42:55.252+0000] {logging_mixin.py:120} INFO - [2024-03-28T15:42:55.251+0000] {dag.py:2585} INFO - Sync 3 DAGs
[2024-03-28T15:42:55.298+0000] {logging_mixin.py:120} INFO - [2024-03-28T15:42:55.298+0000] {dag.py:3340} INFO - Setting next_dagrun for example_branch_datetime_operator to 2024-03-27T00:00:00+00:00, run_after=2024-03-28T00:00:00+00:00
[2024-03-28T15:42:55.303+0000] {logging_mixin.py:120} INFO - [2024-03-28T15:42:55.303+0000] {dag.py:3340} INFO - Setting next_dagrun for example_branch_datetime_operator_2 to 2024-03-27T00:00:00+00:00, run_after=2024-03-28T00:00:00+00:00
[2024-03-28T15:42:55.306+0000] {logging_mixin.py:120} INFO - [2024-03-28T15:42:55.305+0000] {dag.py:3340} INFO - Setting next_dagrun for example_branch_datetime_operator_3 to 2024-03-27T00:00:00+00:00, run_after=2024-03-28T00:00:00+00:00
[2024-03-28T15:42:55.328+0000] {processor.py:176} INFO - Processing /home/airflow/.local/lib/python3.7/site-packages/airflow/example_dags/example_branch_datetime_operator.py took 0.165 seconds
[2024-03-28T15:44:01.858+0000] {processor.py:154} INFO - Started process (PID=127) to work on /home/airflow/.local/lib/python3.7/site-packages/airflow/example_dags/example_branch_datetime_operator.py
[2024-03-28T15:44:01.859+0000] {processor.py:756} INFO - Processing file /home/airflow/.local/lib/python3.7/site-packages/airflow/example_dags/example_branch_datetime_operator.py for tasks to queue
[2024-03-28T15:44:01.861+0000] {logging_mixin.py:120} INFO - [2024-03-28T15:44:01.861+0000] {dagbag.py:537} INFO - Filling up the DagBag from /home/airflow/.local/lib/python3.7/site-packages/airflow/example_dags/example_branch_datetime_operator.py
[2024-03-28T15:44:01.980+0000] {processor.py:766} INFO - DAG(s) dict_keys(['example_branch_datetime_operator_3', 'example_branch_datetime_operator_2', 'example_branch_datetime_operator']) retrieved from /home/airflow/.local/lib/python3.7/site-packages/airflow/example_dags/example_branch_datetime_operator.py
[2024-03-28T15:44:02.391+0000] {logging_mixin.py:120} INFO - [2024-03-28T15:44:02.390+0000] {dag.py:2585} INFO - Sync 3 DAGs
[2024-03-28T15:44:02.459+0000] {logging_mixin.py:120} INFO - [2024-03-28T15:44:02.459+0000] {dag.py:3340} INFO - Setting next_dagrun for example_branch_datetime_operator to 2024-03-27T00:00:00+00:00, run_after=2024-03-28T00:00:00+00:00
[2024-03-28T15:44:02.469+0000] {logging_mixin.py:120} INFO - [2024-03-28T15:44:02.469+0000] {dag.py:3340} INFO - Setting next_dagrun for example_branch_datetime_operator_2 to 2024-03-27T00:00:00+00:00, run_after=2024-03-28T00:00:00+00:00
[2024-03-28T15:44:02.471+0000] {logging_mixin.py:120} INFO - [2024-03-28T15:44:02.471+0000] {dag.py:3340} INFO - Setting next_dagrun for example_branch_datetime_operator_3 to 2024-03-27T00:00:00+00:00, run_after=2024-03-28T00:00:00+00:00
[2024-03-28T15:44:02.511+0000] {processor.py:176} INFO - Processing /home/airflow/.local/lib/python3.7/site-packages/airflow/example_dags/example_branch_datetime_operator.py took 0.663 seconds
[2024-03-28T15:45:20.098+0000] {processor.py:154} INFO - Started process (PID=66) to work on /home/airflow/.local/lib/python3.7/site-packages/airflow/example_dags/example_branch_datetime_operator.py
[2024-03-28T15:45:20.100+0000] {processor.py:756} INFO - Processing file /home/airflow/.local/lib/python3.7/site-packages/airflow/example_dags/example_branch_datetime_operator.py for tasks to queue
[2024-03-28T15:45:20.100+0000] {logging_mixin.py:120} INFO - [2024-03-28T15:45:20.100+0000] {dagbag.py:537} INFO - Filling up the DagBag from /home/airflow/.local/lib/python3.7/site-packages/airflow/example_dags/example_branch_datetime_operator.py
[2024-03-28T15:45:20.115+0000] {processor.py:766} INFO - DAG(s) dict_keys(['example_branch_datetime_operator_3', 'example_branch_datetime_operator_2', 'example_branch_datetime_operator']) retrieved from /home/airflow/.local/lib/python3.7/site-packages/airflow/example_dags/example_branch_datetime_operator.py
[2024-03-28T15:45:20.149+0000] {logging_mixin.py:120} INFO - [2024-03-28T15:45:20.149+0000] {dag.py:2585} INFO - Sync 3 DAGs
[2024-03-28T15:45:20.170+0000] {logging_mixin.py:120} INFO - [2024-03-28T15:45:20.170+0000] {dag.py:3340} INFO - Setting next_dagrun for example_branch_datetime_operator to 2024-03-27T00:00:00+00:00, run_after=2024-03-28T00:00:00+00:00
[2024-03-28T15:45:20.175+0000] {logging_mixin.py:120} INFO - [2024-03-28T15:45:20.175+0000] {dag.py:3340} INFO - Setting next_dagrun for example_branch_datetime_operator_2 to 2024-03-27T00:00:00+00:00, run_after=2024-03-28T00:00:00+00:00
[2024-03-28T15:45:20.177+0000] {logging_mixin.py:120} INFO - [2024-03-28T15:45:20.177+0000] {dag.py:3340} INFO - Setting next_dagrun for example_branch_datetime_operator_3 to 2024-03-27T00:00:00+00:00, run_after=2024-03-28T00:00:00+00:00
[2024-03-28T15:45:20.189+0000] {processor.py:176} INFO - Processing /home/airflow/.local/lib/python3.7/site-packages/airflow/example_dags/example_branch_datetime_operator.py took 0.092 seconds
[2024-03-28T15:46:46.130+0000] {processor.py:154} INFO - Started process (PID=146) to work on /home/airflow/.local/lib/python3.7/site-packages/airflow/example_dags/example_branch_datetime_operator.py
[2024-03-28T15:46:46.151+0000] {processor.py:756} INFO - Processing file /home/airflow/.local/lib/python3.7/site-packages/airflow/example_dags/example_branch_datetime_operator.py for tasks to queue
[2024-03-28T15:46:46.178+0000] {logging_mixin.py:120} INFO - [2024-03-28T15:46:46.174+0000] {dagbag.py:537} INFO - Filling up the DagBag from /home/airflow/.local/lib/python3.7/site-packages/airflow/example_dags/example_branch_datetime_operator.py
[2024-03-28T15:46:46.648+0000] {processor.py:766} INFO - DAG(s) dict_keys(['example_branch_datetime_operator_2', 'example_branch_datetime_operator_3', 'example_branch_datetime_operator']) retrieved from /home/airflow/.local/lib/python3.7/site-packages/airflow/example_dags/example_branch_datetime_operator.py
[2024-03-28T15:46:47.757+0000] {logging_mixin.py:120} INFO - [2024-03-28T15:46:47.756+0000] {dag.py:2585} INFO - Sync 3 DAGs
[2024-03-28T15:46:50.234+0000] {logging_mixin.py:120} INFO - [2024-03-28T15:46:50.232+0000] {dag.py:3340} INFO - Setting next_dagrun for example_branch_datetime_operator to 2024-03-27T00:00:00+00:00, run_after=2024-03-28T00:00:00+00:00
[2024-03-28T15:46:50.251+0000] {logging_mixin.py:120} INFO - [2024-03-28T15:46:50.251+0000] {dag.py:3340} INFO - Setting next_dagrun for example_branch_datetime_operator_2 to 2024-03-27T00:00:00+00:00, run_after=2024-03-28T00:00:00+00:00
[2024-03-28T15:46:50.270+0000] {logging_mixin.py:120} INFO - [2024-03-28T15:46:50.269+0000] {dag.py:3340} INFO - Setting next_dagrun for example_branch_datetime_operator_3 to 2024-03-27T00:00:00+00:00, run_after=2024-03-28T00:00:00+00:00
[2024-03-28T15:46:50.320+0000] {processor.py:176} INFO - Processing /home/airflow/.local/lib/python3.7/site-packages/airflow/example_dags/example_branch_datetime_operator.py took 4.218 seconds
[2024-03-28T15:50:24.913+0000] {processor.py:154} INFO - Started process (PID=92) to work on /home/airflow/.local/lib/python3.7/site-packages/airflow/example_dags/example_branch_datetime_operator.py
[2024-03-28T15:50:24.915+0000] {processor.py:756} INFO - Processing file /home/airflow/.local/lib/python3.7/site-packages/airflow/example_dags/example_branch_datetime_operator.py for tasks to queue
[2024-03-28T15:50:24.918+0000] {logging_mixin.py:120} INFO - [2024-03-28T15:50:24.917+0000] {dagbag.py:537} INFO - Filling up the DagBag from /home/airflow/.local/lib/python3.7/site-packages/airflow/example_dags/example_branch_datetime_operator.py
[2024-03-28T15:50:25.202+0000] {processor.py:766} INFO - DAG(s) dict_keys(['example_branch_datetime_operator', 'example_branch_datetime_operator_2', 'example_branch_datetime_operator_3']) retrieved from /home/airflow/.local/lib/python3.7/site-packages/airflow/example_dags/example_branch_datetime_operator.py
[2024-03-28T15:50:32.019+0000] {logging_mixin.py:120} INFO - [2024-03-28T15:50:32.018+0000] {dag.py:2585} INFO - Sync 3 DAGs
[2024-03-28T15:50:32.192+0000] {logging_mixin.py:120} INFO - [2024-03-28T15:50:32.188+0000] {dag.py:3340} INFO - Setting next_dagrun for example_branch_datetime_operator to 2024-03-27T00:00:00+00:00, run_after=2024-03-28T00:00:00+00:00
[2024-03-28T15:50:32.203+0000] {logging_mixin.py:120} INFO - [2024-03-28T15:50:32.203+0000] {dag.py:3340} INFO - Setting next_dagrun for example_branch_datetime_operator_2 to 2024-03-27T00:00:00+00:00, run_after=2024-03-28T00:00:00+00:00
[2024-03-28T15:50:32.209+0000] {logging_mixin.py:120} INFO - [2024-03-28T15:50:32.209+0000] {dag.py:3340} INFO - Setting next_dagrun for example_branch_datetime_operator_3 to 2024-03-27T00:00:00+00:00, run_after=2024-03-28T00:00:00+00:00
[2024-03-28T15:50:32.253+0000] {processor.py:176} INFO - Processing /home/airflow/.local/lib/python3.7/site-packages/airflow/example_dags/example_branch_datetime_operator.py took 7.351 seconds
[2024-03-28T15:53:51.073+0000] {processor.py:154} INFO - Started process (PID=74) to work on /home/airflow/.local/lib/python3.7/site-packages/airflow/example_dags/example_branch_datetime_operator.py
[2024-03-28T15:53:51.075+0000] {processor.py:756} INFO - Processing file /home/airflow/.local/lib/python3.7/site-packages/airflow/example_dags/example_branch_datetime_operator.py for tasks to queue
[2024-03-28T15:53:51.077+0000] {logging_mixin.py:120} INFO - [2024-03-28T15:53:51.076+0000] {dagbag.py:537} INFO - Filling up the DagBag from /home/airflow/.local/lib/python3.7/site-packages/airflow/example_dags/example_branch_datetime_operator.py
[2024-03-28T15:53:51.959+0000] {processor.py:766} INFO - DAG(s) dict_keys(['example_branch_datetime_operator', 'example_branch_datetime_operator_3', 'example_branch_datetime_operator_2']) retrieved from /home/airflow/.local/lib/python3.7/site-packages/airflow/example_dags/example_branch_datetime_operator.py
[2024-03-28T15:53:52.343+0000] {logging_mixin.py:120} INFO - [2024-03-28T15:53:52.341+0000] {dag.py:2585} INFO - Sync 3 DAGs
[2024-03-28T15:53:52.406+0000] {logging_mixin.py:120} INFO - [2024-03-28T15:53:52.404+0000] {dag.py:3340} INFO - Setting next_dagrun for example_branch_datetime_operator to 2024-03-27T00:00:00+00:00, run_after=2024-03-28T00:00:00+00:00
[2024-03-28T15:53:52.432+0000] {logging_mixin.py:120} INFO - [2024-03-28T15:53:52.428+0000] {dag.py:3340} INFO - Setting next_dagrun for example_branch_datetime_operator_2 to 2024-03-27T00:00:00+00:00, run_after=2024-03-28T00:00:00+00:00
[2024-03-28T15:53:52.479+0000] {logging_mixin.py:120} INFO - [2024-03-28T15:53:52.473+0000] {dag.py:3340} INFO - Setting next_dagrun for example_branch_datetime_operator_3 to 2024-03-27T00:00:00+00:00, run_after=2024-03-28T00:00:00+00:00
[2024-03-28T15:53:53.111+0000] {processor.py:176} INFO - Processing /home/airflow/.local/lib/python3.7/site-packages/airflow/example_dags/example_branch_datetime_operator.py took 2.045 seconds
[2024-03-28T15:54:50.203+0000] {processor.py:154} INFO - Started process (PID=145) to work on /home/airflow/.local/lib/python3.7/site-packages/airflow/example_dags/example_branch_datetime_operator.py
[2024-03-28T15:54:50.216+0000] {processor.py:756} INFO - Processing file /home/airflow/.local/lib/python3.7/site-packages/airflow/example_dags/example_branch_datetime_operator.py for tasks to queue
[2024-03-28T15:54:50.233+0000] {logging_mixin.py:120} INFO - [2024-03-28T15:54:50.228+0000] {dagbag.py:537} INFO - Filling up the DagBag from /home/airflow/.local/lib/python3.7/site-packages/airflow/example_dags/example_branch_datetime_operator.py
[2024-03-28T15:54:50.403+0000] {processor.py:766} INFO - DAG(s) dict_keys(['example_branch_datetime_operator_3', 'example_branch_datetime_operator', 'example_branch_datetime_operator_2']) retrieved from /home/airflow/.local/lib/python3.7/site-packages/airflow/example_dags/example_branch_datetime_operator.py
[2024-03-28T15:54:51.210+0000] {logging_mixin.py:120} INFO - [2024-03-28T15:54:51.207+0000] {dag.py:2585} INFO - Sync 3 DAGs
[2024-03-28T15:54:51.686+0000] {logging_mixin.py:120} INFO - [2024-03-28T15:54:51.684+0000] {dag.py:3340} INFO - Setting next_dagrun for example_branch_datetime_operator to 2024-03-27T00:00:00+00:00, run_after=2024-03-28T00:00:00+00:00
[2024-03-28T15:54:51.758+0000] {logging_mixin.py:120} INFO - [2024-03-28T15:54:51.754+0000] {dag.py:3340} INFO - Setting next_dagrun for example_branch_datetime_operator_2 to 2024-03-27T00:00:00+00:00, run_after=2024-03-28T00:00:00+00:00
[2024-03-28T15:54:51.833+0000] {logging_mixin.py:120} INFO - [2024-03-28T15:54:51.828+0000] {dag.py:3340} INFO - Setting next_dagrun for example_branch_datetime_operator_3 to 2024-03-27T00:00:00+00:00, run_after=2024-03-28T00:00:00+00:00
[2024-03-28T15:54:52.342+0000] {processor.py:176} INFO - Processing /home/airflow/.local/lib/python3.7/site-packages/airflow/example_dags/example_branch_datetime_operator.py took 2.171 seconds
[2024-03-28T15:58:13.295+0000] {processor.py:154} INFO - Started process (PID=99) to work on /home/airflow/.local/lib/python3.7/site-packages/airflow/example_dags/example_branch_datetime_operator.py
[2024-03-28T15:58:13.310+0000] {processor.py:756} INFO - Processing file /home/airflow/.local/lib/python3.7/site-packages/airflow/example_dags/example_branch_datetime_operator.py for tasks to queue
[2024-03-28T15:58:13.324+0000] {logging_mixin.py:120} INFO - [2024-03-28T15:58:13.324+0000] {dagbag.py:537} INFO - Filling up the DagBag from /home/airflow/.local/lib/python3.7/site-packages/airflow/example_dags/example_branch_datetime_operator.py
[2024-03-28T15:58:13.457+0000] {processor.py:766} INFO - DAG(s) dict_keys(['example_branch_datetime_operator_3', 'example_branch_datetime_operator_2', 'example_branch_datetime_operator']) retrieved from /home/airflow/.local/lib/python3.7/site-packages/airflow/example_dags/example_branch_datetime_operator.py
[2024-03-28T15:58:14.118+0000] {logging_mixin.py:120} INFO - [2024-03-28T15:58:14.113+0000] {dag.py:2585} INFO - Sync 3 DAGs
[2024-03-28T15:58:14.347+0000] {logging_mixin.py:120} INFO - [2024-03-28T15:58:14.343+0000] {dag.py:3340} INFO - Setting next_dagrun for example_branch_datetime_operator to 2024-03-27T00:00:00+00:00, run_after=2024-03-28T00:00:00+00:00
[2024-03-28T15:58:14.364+0000] {logging_mixin.py:120} INFO - [2024-03-28T15:58:14.362+0000] {dag.py:3340} INFO - Setting next_dagrun for example_branch_datetime_operator_2 to 2024-03-27T00:00:00+00:00, run_after=2024-03-28T00:00:00+00:00
[2024-03-28T15:58:14.370+0000] {logging_mixin.py:120} INFO - [2024-03-28T15:58:14.370+0000] {dag.py:3340} INFO - Setting next_dagrun for example_branch_datetime_operator_3 to 2024-03-27T00:00:00+00:00, run_after=2024-03-28T00:00:00+00:00
[2024-03-28T15:58:14.752+0000] {processor.py:176} INFO - Processing /home/airflow/.local/lib/python3.7/site-packages/airflow/example_dags/example_branch_datetime_operator.py took 1.477 seconds
