[2024-03-28T15:20:30.383+0000] {processor.py:154} INFO - Started process (PID=54) to work on /home/airflow/.local/lib/python3.7/site-packages/airflow/example_dags/example_sla_dag.py
[2024-03-28T15:20:30.384+0000] {processor.py:756} INFO - Processing file /home/airflow/.local/lib/python3.7/site-packages/airflow/example_dags/example_sla_dag.py for tasks to queue
[2024-03-28T15:20:30.384+0000] {logging_mixin.py:120} INFO - [2024-03-28T15:20:30.384+0000] {dagbag.py:537} INFO - Filling up the DagBag from /home/airflow/.local/lib/python3.7/site-packages/airflow/example_dags/example_sla_dag.py
[2024-03-28T15:20:30.405+0000] {processor.py:766} INFO - DAG(s) dict_keys(['example_sla_dag']) retrieved from /home/airflow/.local/lib/python3.7/site-packages/airflow/example_dags/example_sla_dag.py
[2024-03-28T15:20:30.434+0000] {logging_mixin.py:120} INFO - [2024-03-28T15:20:30.434+0000] {dag.py:2585} INFO - Sync 1 DAGs
[2024-03-28T15:20:30.457+0000] {logging_mixin.py:120} INFO - [2024-03-28T15:20:30.457+0000] {dag.py:3340} INFO - Setting next_dagrun for example_sla_dag to 2024-03-28T15:18:00+00:00, run_after=2024-03-28T15:20:00+00:00
[2024-03-28T15:20:30.473+0000] {processor.py:176} INFO - Processing /home/airflow/.local/lib/python3.7/site-packages/airflow/example_dags/example_sla_dag.py took 0.094 seconds
[2024-03-28T15:25:03.725+0000] {processor.py:154} INFO - Started process (PID=86) to work on /home/airflow/.local/lib/python3.7/site-packages/airflow/example_dags/example_sla_dag.py
[2024-03-28T15:25:03.732+0000] {processor.py:756} INFO - Processing file /home/airflow/.local/lib/python3.7/site-packages/airflow/example_dags/example_sla_dag.py for tasks to queue
[2024-03-28T15:25:03.734+0000] {logging_mixin.py:120} INFO - [2024-03-28T15:25:03.733+0000] {dagbag.py:537} INFO - Filling up the DagBag from /home/airflow/.local/lib/python3.7/site-packages/airflow/example_dags/example_sla_dag.py
[2024-03-28T15:25:03.797+0000] {processor.py:766} INFO - DAG(s) dict_keys(['example_sla_dag']) retrieved from /home/airflow/.local/lib/python3.7/site-packages/airflow/example_dags/example_sla_dag.py
[2024-03-28T15:25:04.806+0000] {logging_mixin.py:120} INFO - [2024-03-28T15:25:04.803+0000] {dag.py:2585} INFO - Sync 1 DAGs
[2024-03-28T15:25:04.965+0000] {logging_mixin.py:120} INFO - [2024-03-28T15:25:04.964+0000] {dag.py:3340} INFO - Setting next_dagrun for example_sla_dag to 2024-03-28T15:22:00+00:00, run_after=2024-03-28T15:24:00+00:00
[2024-03-28T15:25:05.013+0000] {processor.py:176} INFO - Processing /home/airflow/.local/lib/python3.7/site-packages/airflow/example_dags/example_sla_dag.py took 1.299 seconds
[2024-03-28T15:27:25.355+0000] {processor.py:154} INFO - Started process (PID=86) to work on /home/airflow/.local/lib/python3.7/site-packages/airflow/example_dags/example_sla_dag.py
[2024-03-28T15:27:25.358+0000] {processor.py:756} INFO - Processing file /home/airflow/.local/lib/python3.7/site-packages/airflow/example_dags/example_sla_dag.py for tasks to queue
[2024-03-28T15:27:25.360+0000] {logging_mixin.py:120} INFO - [2024-03-28T15:27:25.360+0000] {dagbag.py:537} INFO - Filling up the DagBag from /home/airflow/.local/lib/python3.7/site-packages/airflow/example_dags/example_sla_dag.py
[2024-03-28T15:27:25.460+0000] {processor.py:766} INFO - DAG(s) dict_keys(['example_sla_dag']) retrieved from /home/airflow/.local/lib/python3.7/site-packages/airflow/example_dags/example_sla_dag.py
[2024-03-28T15:27:25.909+0000] {logging_mixin.py:120} INFO - [2024-03-28T15:27:25.907+0000] {dag.py:2585} INFO - Sync 1 DAGs
[2024-03-28T15:27:26.151+0000] {logging_mixin.py:120} INFO - [2024-03-28T15:27:26.148+0000] {dag.py:3340} INFO - Setting next_dagrun for example_sla_dag to 2024-03-28T15:24:00+00:00, run_after=2024-03-28T15:26:00+00:00
[2024-03-28T15:27:26.670+0000] {processor.py:176} INFO - Processing /home/airflow/.local/lib/python3.7/site-packages/airflow/example_dags/example_sla_dag.py took 1.329 seconds
[2024-03-28T15:28:02.634+0000] {processor.py:154} INFO - Started process (PID=142) to work on /home/airflow/.local/lib/python3.7/site-packages/airflow/example_dags/example_sla_dag.py
[2024-03-28T15:28:02.639+0000] {processor.py:756} INFO - Processing file /home/airflow/.local/lib/python3.7/site-packages/airflow/example_dags/example_sla_dag.py for tasks to queue
[2024-03-28T15:28:02.641+0000] {logging_mixin.py:120} INFO - [2024-03-28T15:28:02.641+0000] {dagbag.py:537} INFO - Filling up the DagBag from /home/airflow/.local/lib/python3.7/site-packages/airflow/example_dags/example_sla_dag.py
[2024-03-28T15:28:02.800+0000] {processor.py:766} INFO - DAG(s) dict_keys(['example_sla_dag']) retrieved from /home/airflow/.local/lib/python3.7/site-packages/airflow/example_dags/example_sla_dag.py
[2024-03-28T15:28:03.057+0000] {logging_mixin.py:120} INFO - [2024-03-28T15:28:03.057+0000] {dag.py:2585} INFO - Sync 1 DAGs
[2024-03-28T15:28:03.235+0000] {logging_mixin.py:120} INFO - [2024-03-28T15:28:03.234+0000] {dag.py:3340} INFO - Setting next_dagrun for example_sla_dag to 2024-03-28T15:26:00+00:00, run_after=2024-03-28T15:28:00+00:00
[2024-03-28T15:28:03.302+0000] {processor.py:176} INFO - Processing /home/airflow/.local/lib/python3.7/site-packages/airflow/example_dags/example_sla_dag.py took 0.693 seconds
[2024-03-28T15:30:13.163+0000] {processor.py:154} INFO - Started process (PID=85) to work on /home/airflow/.local/lib/python3.7/site-packages/airflow/example_dags/example_sla_dag.py
[2024-03-28T15:30:13.168+0000] {processor.py:756} INFO - Processing file /home/airflow/.local/lib/python3.7/site-packages/airflow/example_dags/example_sla_dag.py for tasks to queue
[2024-03-28T15:30:13.172+0000] {logging_mixin.py:120} INFO - [2024-03-28T15:30:13.172+0000] {dagbag.py:537} INFO - Filling up the DagBag from /home/airflow/.local/lib/python3.7/site-packages/airflow/example_dags/example_sla_dag.py
[2024-03-28T15:30:13.350+0000] {processor.py:766} INFO - DAG(s) dict_keys(['example_sla_dag']) retrieved from /home/airflow/.local/lib/python3.7/site-packages/airflow/example_dags/example_sla_dag.py
[2024-03-28T15:30:13.803+0000] {logging_mixin.py:120} INFO - [2024-03-28T15:30:13.801+0000] {dag.py:2585} INFO - Sync 1 DAGs
[2024-03-28T15:30:13.939+0000] {logging_mixin.py:120} INFO - [2024-03-28T15:30:13.937+0000] {dag.py:3340} INFO - Setting next_dagrun for example_sla_dag to 2024-03-28T15:28:00+00:00, run_after=2024-03-28T15:30:00+00:00
[2024-03-28T15:30:14.053+0000] {processor.py:176} INFO - Processing /home/airflow/.local/lib/python3.7/site-packages/airflow/example_dags/example_sla_dag.py took 0.940 seconds
[2024-03-28T15:35:14.440+0000] {processor.py:154} INFO - Started process (PID=95) to work on /home/airflow/.local/lib/python3.7/site-packages/airflow/example_dags/example_sla_dag.py
[2024-03-28T15:35:14.443+0000] {processor.py:756} INFO - Processing file /home/airflow/.local/lib/python3.7/site-packages/airflow/example_dags/example_sla_dag.py for tasks to queue
[2024-03-28T15:35:14.445+0000] {logging_mixin.py:120} INFO - [2024-03-28T15:35:14.445+0000] {dagbag.py:537} INFO - Filling up the DagBag from /home/airflow/.local/lib/python3.7/site-packages/airflow/example_dags/example_sla_dag.py
[2024-03-28T15:35:15.136+0000] {processor.py:766} INFO - DAG(s) dict_keys(['example_sla_dag']) retrieved from /home/airflow/.local/lib/python3.7/site-packages/airflow/example_dags/example_sla_dag.py
[2024-03-28T15:35:15.548+0000] {logging_mixin.py:120} INFO - [2024-03-28T15:35:15.547+0000] {dag.py:2585} INFO - Sync 1 DAGs
[2024-03-28T15:35:15.668+0000] {logging_mixin.py:120} INFO - [2024-03-28T15:35:15.668+0000] {dag.py:3340} INFO - Setting next_dagrun for example_sla_dag to 2024-03-28T15:32:00+00:00, run_after=2024-03-28T15:34:00+00:00
[2024-03-28T15:35:15.868+0000] {processor.py:176} INFO - Processing /home/airflow/.local/lib/python3.7/site-packages/airflow/example_dags/example_sla_dag.py took 1.509 seconds
[2024-03-28T15:42:12.965+0000] {processor.py:154} INFO - Started process (PID=92) to work on /home/airflow/.local/lib/python3.7/site-packages/airflow/example_dags/example_sla_dag.py
[2024-03-28T15:42:12.968+0000] {processor.py:756} INFO - Processing file /home/airflow/.local/lib/python3.7/site-packages/airflow/example_dags/example_sla_dag.py for tasks to queue
[2024-03-28T15:42:12.971+0000] {logging_mixin.py:120} INFO - [2024-03-28T15:42:12.970+0000] {dagbag.py:537} INFO - Filling up the DagBag from /home/airflow/.local/lib/python3.7/site-packages/airflow/example_dags/example_sla_dag.py
[2024-03-28T15:42:13.043+0000] {processor.py:766} INFO - DAG(s) dict_keys(['example_sla_dag']) retrieved from /home/airflow/.local/lib/python3.7/site-packages/airflow/example_dags/example_sla_dag.py
[2024-03-28T15:42:13.131+0000] {logging_mixin.py:120} INFO - [2024-03-28T15:42:13.131+0000] {dag.py:2585} INFO - Sync 1 DAGs
[2024-03-28T15:42:13.226+0000] {logging_mixin.py:120} INFO - [2024-03-28T15:42:13.225+0000] {dag.py:3340} INFO - Setting next_dagrun for example_sla_dag to 2024-03-28T15:40:00+00:00, run_after=2024-03-28T15:42:00+00:00
[2024-03-28T15:42:13.301+0000] {processor.py:176} INFO - Processing /home/airflow/.local/lib/python3.7/site-packages/airflow/example_dags/example_sla_dag.py took 0.344 seconds
[2024-03-28T15:42:55.416+0000] {processor.py:154} INFO - Started process (PID=50) to work on /home/airflow/.local/lib/python3.7/site-packages/airflow/example_dags/example_sla_dag.py
[2024-03-28T15:42:55.417+0000] {processor.py:756} INFO - Processing file /home/airflow/.local/lib/python3.7/site-packages/airflow/example_dags/example_sla_dag.py for tasks to queue
[2024-03-28T15:42:55.418+0000] {logging_mixin.py:120} INFO - [2024-03-28T15:42:55.418+0000] {dagbag.py:537} INFO - Filling up the DagBag from /home/airflow/.local/lib/python3.7/site-packages/airflow/example_dags/example_sla_dag.py
[2024-03-28T15:42:55.452+0000] {processor.py:766} INFO - DAG(s) dict_keys(['example_sla_dag']) retrieved from /home/airflow/.local/lib/python3.7/site-packages/airflow/example_dags/example_sla_dag.py
[2024-03-28T15:42:55.493+0000] {logging_mixin.py:120} INFO - [2024-03-28T15:42:55.493+0000] {dag.py:2585} INFO - Sync 1 DAGs
[2024-03-28T15:42:55.515+0000] {logging_mixin.py:120} INFO - [2024-03-28T15:42:55.515+0000] {dag.py:3340} INFO - Setting next_dagrun for example_sla_dag to 2024-03-28T15:40:00+00:00, run_after=2024-03-28T15:42:00+00:00
[2024-03-28T15:42:55.537+0000] {processor.py:176} INFO - Processing /home/airflow/.local/lib/python3.7/site-packages/airflow/example_dags/example_sla_dag.py took 0.124 seconds
[2024-03-28T15:44:02.536+0000] {processor.py:154} INFO - Started process (PID=129) to work on /home/airflow/.local/lib/python3.7/site-packages/airflow/example_dags/example_sla_dag.py
[2024-03-28T15:44:02.539+0000] {processor.py:756} INFO - Processing file /home/airflow/.local/lib/python3.7/site-packages/airflow/example_dags/example_sla_dag.py for tasks to queue
[2024-03-28T15:44:02.540+0000] {logging_mixin.py:120} INFO - [2024-03-28T15:44:02.540+0000] {dagbag.py:537} INFO - Filling up the DagBag from /home/airflow/.local/lib/python3.7/site-packages/airflow/example_dags/example_sla_dag.py
[2024-03-28T15:44:02.649+0000] {processor.py:766} INFO - DAG(s) dict_keys(['example_sla_dag']) retrieved from /home/airflow/.local/lib/python3.7/site-packages/airflow/example_dags/example_sla_dag.py
[2024-03-28T15:44:02.917+0000] {logging_mixin.py:120} INFO - [2024-03-28T15:44:02.917+0000] {dag.py:2585} INFO - Sync 1 DAGs
[2024-03-28T15:44:02.963+0000] {logging_mixin.py:120} INFO - [2024-03-28T15:44:02.963+0000] {dag.py:3340} INFO - Setting next_dagrun for example_sla_dag to 2024-03-28T15:42:00+00:00, run_after=2024-03-28T15:44:00+00:00
[2024-03-28T15:44:10.713+0000] {processor.py:176} INFO - Processing /home/airflow/.local/lib/python3.7/site-packages/airflow/example_dags/example_sla_dag.py took 8.178 seconds
[2024-03-28T15:45:20.215+0000] {processor.py:154} INFO - Started process (PID=68) to work on /home/airflow/.local/lib/python3.7/site-packages/airflow/example_dags/example_sla_dag.py
[2024-03-28T15:45:20.216+0000] {processor.py:756} INFO - Processing file /home/airflow/.local/lib/python3.7/site-packages/airflow/example_dags/example_sla_dag.py for tasks to queue
[2024-03-28T15:45:20.217+0000] {logging_mixin.py:120} INFO - [2024-03-28T15:45:20.217+0000] {dagbag.py:537} INFO - Filling up the DagBag from /home/airflow/.local/lib/python3.7/site-packages/airflow/example_dags/example_sla_dag.py
[2024-03-28T15:45:20.246+0000] {processor.py:766} INFO - DAG(s) dict_keys(['example_sla_dag']) retrieved from /home/airflow/.local/lib/python3.7/site-packages/airflow/example_dags/example_sla_dag.py
[2024-03-28T15:45:20.275+0000] {logging_mixin.py:120} INFO - [2024-03-28T15:45:20.275+0000] {dag.py:2585} INFO - Sync 1 DAGs
[2024-03-28T15:45:20.296+0000] {logging_mixin.py:120} INFO - [2024-03-28T15:45:20.295+0000] {dag.py:3340} INFO - Setting next_dagrun for example_sla_dag to 2024-03-28T15:42:00+00:00, run_after=2024-03-28T15:44:00+00:00
[2024-03-28T15:45:20.316+0000] {processor.py:176} INFO - Processing /home/airflow/.local/lib/python3.7/site-packages/airflow/example_dags/example_sla_dag.py took 0.103 seconds
[2024-03-28T15:46:50.445+0000] {processor.py:154} INFO - Started process (PID=148) to work on /home/airflow/.local/lib/python3.7/site-packages/airflow/example_dags/example_sla_dag.py
[2024-03-28T15:46:50.448+0000] {processor.py:756} INFO - Processing file /home/airflow/.local/lib/python3.7/site-packages/airflow/example_dags/example_sla_dag.py for tasks to queue
[2024-03-28T15:46:50.449+0000] {logging_mixin.py:120} INFO - [2024-03-28T15:46:50.449+0000] {dagbag.py:537} INFO - Filling up the DagBag from /home/airflow/.local/lib/python3.7/site-packages/airflow/example_dags/example_sla_dag.py
[2024-03-28T15:46:50.589+0000] {processor.py:766} INFO - DAG(s) dict_keys(['example_sla_dag']) retrieved from /home/airflow/.local/lib/python3.7/site-packages/airflow/example_dags/example_sla_dag.py
[2024-03-28T15:46:51.965+0000] {logging_mixin.py:120} INFO - [2024-03-28T15:46:51.915+0000] {dag.py:2585} INFO - Sync 1 DAGs
[2024-03-28T15:46:52.512+0000] {logging_mixin.py:120} INFO - [2024-03-28T15:46:52.510+0000] {dag.py:3340} INFO - Setting next_dagrun for example_sla_dag to 2024-03-28T15:44:00+00:00, run_after=2024-03-28T15:46:00+00:00
[2024-03-28T15:46:52.637+0000] {processor.py:176} INFO - Processing /home/airflow/.local/lib/python3.7/site-packages/airflow/example_dags/example_sla_dag.py took 2.197 seconds
[2024-03-28T15:50:33.344+0000] {processor.py:154} INFO - Started process (PID=100) to work on /home/airflow/.local/lib/python3.7/site-packages/airflow/example_dags/example_sla_dag.py
[2024-03-28T15:50:33.355+0000] {processor.py:756} INFO - Processing file /home/airflow/.local/lib/python3.7/site-packages/airflow/example_dags/example_sla_dag.py for tasks to queue
[2024-03-28T15:50:33.421+0000] {logging_mixin.py:120} INFO - [2024-03-28T15:50:33.369+0000] {dagbag.py:537} INFO - Filling up the DagBag from /home/airflow/.local/lib/python3.7/site-packages/airflow/example_dags/example_sla_dag.py
[2024-03-28T15:50:33.588+0000] {processor.py:766} INFO - DAG(s) dict_keys(['example_sla_dag']) retrieved from /home/airflow/.local/lib/python3.7/site-packages/airflow/example_dags/example_sla_dag.py
[2024-03-28T15:50:34.202+0000] {logging_mixin.py:120} INFO - [2024-03-28T15:50:34.201+0000] {dag.py:2585} INFO - Sync 1 DAGs
[2024-03-28T15:50:34.550+0000] {logging_mixin.py:120} INFO - [2024-03-28T15:50:34.550+0000] {dag.py:3340} INFO - Setting next_dagrun for example_sla_dag to 2024-03-28T15:48:00+00:00, run_after=2024-03-28T15:50:00+00:00
[2024-03-28T15:50:34.913+0000] {processor.py:176} INFO - Processing /home/airflow/.local/lib/python3.7/site-packages/airflow/example_dags/example_sla_dag.py took 1.578 seconds
[2024-03-28T15:53:53.315+0000] {processor.py:154} INFO - Started process (PID=76) to work on /home/airflow/.local/lib/python3.7/site-packages/airflow/example_dags/example_sla_dag.py
[2024-03-28T15:53:53.327+0000] {processor.py:756} INFO - Processing file /home/airflow/.local/lib/python3.7/site-packages/airflow/example_dags/example_sla_dag.py for tasks to queue
[2024-03-28T15:53:53.339+0000] {logging_mixin.py:120} INFO - [2024-03-28T15:53:53.333+0000] {dagbag.py:537} INFO - Filling up the DagBag from /home/airflow/.local/lib/python3.7/site-packages/airflow/example_dags/example_sla_dag.py
[2024-03-28T15:53:53.508+0000] {processor.py:766} INFO - DAG(s) dict_keys(['example_sla_dag']) retrieved from /home/airflow/.local/lib/python3.7/site-packages/airflow/example_dags/example_sla_dag.py
[2024-03-28T15:53:54.223+0000] {logging_mixin.py:120} INFO - [2024-03-28T15:53:54.220+0000] {dag.py:2585} INFO - Sync 1 DAGs
[2024-03-28T15:53:57.800+0000] {logging_mixin.py:120} INFO - [2024-03-28T15:53:57.726+0000] {dag.py:3340} INFO - Setting next_dagrun for example_sla_dag to 2024-03-28T15:50:00+00:00, run_after=2024-03-28T15:52:00+00:00
[2024-03-28T15:53:58.017+0000] {processor.py:176} INFO - Processing /home/airflow/.local/lib/python3.7/site-packages/airflow/example_dags/example_sla_dag.py took 4.713 seconds
[2024-03-28T15:54:52.442+0000] {processor.py:154} INFO - Started process (PID=150) to work on /home/airflow/.local/lib/python3.7/site-packages/airflow/example_dags/example_sla_dag.py
[2024-03-28T15:54:52.450+0000] {processor.py:756} INFO - Processing file /home/airflow/.local/lib/python3.7/site-packages/airflow/example_dags/example_sla_dag.py for tasks to queue
[2024-03-28T15:54:52.450+0000] {logging_mixin.py:120} INFO - [2024-03-28T15:54:52.450+0000] {dagbag.py:537} INFO - Filling up the DagBag from /home/airflow/.local/lib/python3.7/site-packages/airflow/example_dags/example_sla_dag.py
[2024-03-28T15:54:52.609+0000] {processor.py:766} INFO - DAG(s) dict_keys(['example_sla_dag']) retrieved from /home/airflow/.local/lib/python3.7/site-packages/airflow/example_dags/example_sla_dag.py
[2024-03-28T15:58:14.904+0000] {processor.py:154} INFO - Started process (PID=101) to work on /home/airflow/.local/lib/python3.7/site-packages/airflow/example_dags/example_sla_dag.py
[2024-03-28T15:58:14.915+0000] {processor.py:756} INFO - Processing file /home/airflow/.local/lib/python3.7/site-packages/airflow/example_dags/example_sla_dag.py for tasks to queue
[2024-03-28T15:58:14.921+0000] {logging_mixin.py:120} INFO - [2024-03-28T15:58:14.921+0000] {dagbag.py:537} INFO - Filling up the DagBag from /home/airflow/.local/lib/python3.7/site-packages/airflow/example_dags/example_sla_dag.py
[2024-03-28T15:58:15.116+0000] {processor.py:766} INFO - DAG(s) dict_keys(['example_sla_dag']) retrieved from /home/airflow/.local/lib/python3.7/site-packages/airflow/example_dags/example_sla_dag.py
[2024-03-28T15:58:15.690+0000] {logging_mixin.py:120} INFO - [2024-03-28T15:58:15.678+0000] {dag.py:2585} INFO - Sync 1 DAGs
[2024-03-28T15:58:16.240+0000] {logging_mixin.py:120} INFO - [2024-03-28T15:58:16.229+0000] {dag.py:3340} INFO - Setting next_dagrun for example_sla_dag to 2024-03-28T15:56:00+00:00, run_after=2024-03-28T15:58:00+00:00
[2024-03-28T15:58:18.258+0000] {processor.py:176} INFO - Processing /home/airflow/.local/lib/python3.7/site-packages/airflow/example_dags/example_sla_dag.py took 3.375 seconds
