[2024-03-28T15:20:31.116+0000] {processor.py:154} INFO - Started process (PID=59) to work on /home/airflow/.local/lib/python3.7/site-packages/airflow/example_dags/example_time_delta_sensor_async.py
[2024-03-28T15:20:31.125+0000] {processor.py:756} INFO - Processing file /home/airflow/.local/lib/python3.7/site-packages/airflow/example_dags/example_time_delta_sensor_async.py for tasks to queue
[2024-03-28T15:20:31.206+0000] {logging_mixin.py:120} INFO - [2024-03-28T15:20:31.205+0000] {dagbag.py:537} INFO - Filling up the DagBag from /home/airflow/.local/lib/python3.7/site-packages/airflow/example_dags/example_time_delta_sensor_async.py
[2024-03-28T15:20:31.473+0000] {processor.py:766} INFO - DAG(s) dict_keys(['example_time_delta_sensor_async']) retrieved from /home/airflow/.local/lib/python3.7/site-packages/airflow/example_dags/example_time_delta_sensor_async.py
[2024-03-28T15:20:34.103+0000] {logging_mixin.py:120} INFO - [2024-03-28T15:20:34.101+0000] {dag.py:2585} INFO - Sync 1 DAGs
[2024-03-28T15:20:34.177+0000] {logging_mixin.py:120} INFO - [2024-03-28T15:20:34.173+0000] {dag.py:3340} INFO - Setting next_dagrun for example_time_delta_sensor_async to None, run_after=None
[2024-03-28T15:20:34.354+0000] {processor.py:176} INFO - Processing /home/airflow/.local/lib/python3.7/site-packages/airflow/example_dags/example_time_delta_sensor_async.py took 3.265 seconds
[2024-03-28T15:25:13.085+0000] {processor.py:154} INFO - Started process (PID=99) to work on /home/airflow/.local/lib/python3.7/site-packages/airflow/example_dags/example_time_delta_sensor_async.py
[2024-03-28T15:25:13.088+0000] {processor.py:756} INFO - Processing file /home/airflow/.local/lib/python3.7/site-packages/airflow/example_dags/example_time_delta_sensor_async.py for tasks to queue
[2024-03-28T15:25:13.092+0000] {logging_mixin.py:120} INFO - [2024-03-28T15:25:13.091+0000] {dagbag.py:537} INFO - Filling up the DagBag from /home/airflow/.local/lib/python3.7/site-packages/airflow/example_dags/example_time_delta_sensor_async.py
[2024-03-28T15:25:13.354+0000] {processor.py:766} INFO - DAG(s) dict_keys(['example_time_delta_sensor_async']) retrieved from /home/airflow/.local/lib/python3.7/site-packages/airflow/example_dags/example_time_delta_sensor_async.py
[2024-03-28T15:25:17.789+0000] {logging_mixin.py:120} INFO - [2024-03-28T15:25:17.787+0000] {dag.py:2585} INFO - Sync 1 DAGs
[2024-03-28T15:25:18.004+0000] {logging_mixin.py:120} INFO - [2024-03-28T15:25:17.995+0000] {dag.py:3340} INFO - Setting next_dagrun for example_time_delta_sensor_async to None, run_after=None
[2024-03-28T15:25:18.407+0000] {processor.py:176} INFO - Processing /home/airflow/.local/lib/python3.7/site-packages/airflow/example_dags/example_time_delta_sensor_async.py took 5.341 seconds
[2024-03-28T15:27:28.788+0000] {processor.py:154} INFO - Started process (PID=91) to work on /home/airflow/.local/lib/python3.7/site-packages/airflow/example_dags/example_time_delta_sensor_async.py
[2024-03-28T15:27:28.792+0000] {processor.py:756} INFO - Processing file /home/airflow/.local/lib/python3.7/site-packages/airflow/example_dags/example_time_delta_sensor_async.py for tasks to queue
[2024-03-28T15:27:28.794+0000] {logging_mixin.py:120} INFO - [2024-03-28T15:27:28.793+0000] {dagbag.py:537} INFO - Filling up the DagBag from /home/airflow/.local/lib/python3.7/site-packages/airflow/example_dags/example_time_delta_sensor_async.py
[2024-03-28T15:27:29.028+0000] {processor.py:766} INFO - DAG(s) dict_keys(['example_time_delta_sensor_async']) retrieved from /home/airflow/.local/lib/python3.7/site-packages/airflow/example_dags/example_time_delta_sensor_async.py
[2024-03-28T15:27:32.534+0000] {logging_mixin.py:120} INFO - [2024-03-28T15:27:32.525+0000] {dag.py:2585} INFO - Sync 1 DAGs
[2024-03-28T15:27:33.054+0000] {logging_mixin.py:120} INFO - [2024-03-28T15:27:33.046+0000] {dag.py:3340} INFO - Setting next_dagrun for example_time_delta_sensor_async to None, run_after=None
[2024-03-28T15:27:33.637+0000] {processor.py:176} INFO - Processing /home/airflow/.local/lib/python3.7/site-packages/airflow/example_dags/example_time_delta_sensor_async.py took 4.858 seconds
[2024-03-28T15:28:04.736+0000] {processor.py:154} INFO - Started process (PID=147) to work on /home/airflow/.local/lib/python3.7/site-packages/airflow/example_dags/example_time_delta_sensor_async.py
[2024-03-28T15:28:04.739+0000] {processor.py:756} INFO - Processing file /home/airflow/.local/lib/python3.7/site-packages/airflow/example_dags/example_time_delta_sensor_async.py for tasks to queue
[2024-03-28T15:28:04.740+0000] {logging_mixin.py:120} INFO - [2024-03-28T15:28:04.740+0000] {dagbag.py:537} INFO - Filling up the DagBag from /home/airflow/.local/lib/python3.7/site-packages/airflow/example_dags/example_time_delta_sensor_async.py
[2024-03-28T15:28:04.772+0000] {processor.py:766} INFO - DAG(s) dict_keys(['example_time_delta_sensor_async']) retrieved from /home/airflow/.local/lib/python3.7/site-packages/airflow/example_dags/example_time_delta_sensor_async.py
[2024-03-28T15:28:05.175+0000] {logging_mixin.py:120} INFO - [2024-03-28T15:28:05.174+0000] {dag.py:2585} INFO - Sync 1 DAGs
[2024-03-28T15:28:05.325+0000] {logging_mixin.py:120} INFO - [2024-03-28T15:28:05.324+0000] {dag.py:3340} INFO - Setting next_dagrun for example_time_delta_sensor_async to None, run_after=None
[2024-03-28T15:28:05.479+0000] {processor.py:176} INFO - Processing /home/airflow/.local/lib/python3.7/site-packages/airflow/example_dags/example_time_delta_sensor_async.py took 0.741 seconds
[2024-03-28T15:30:15.115+0000] {processor.py:154} INFO - Started process (PID=90) to work on /home/airflow/.local/lib/python3.7/site-packages/airflow/example_dags/example_time_delta_sensor_async.py
[2024-03-28T15:30:15.119+0000] {processor.py:756} INFO - Processing file /home/airflow/.local/lib/python3.7/site-packages/airflow/example_dags/example_time_delta_sensor_async.py for tasks to queue
[2024-03-28T15:30:15.121+0000] {logging_mixin.py:120} INFO - [2024-03-28T15:30:15.120+0000] {dagbag.py:537} INFO - Filling up the DagBag from /home/airflow/.local/lib/python3.7/site-packages/airflow/example_dags/example_time_delta_sensor_async.py
[2024-03-28T15:30:15.341+0000] {processor.py:766} INFO - DAG(s) dict_keys(['example_time_delta_sensor_async']) retrieved from /home/airflow/.local/lib/python3.7/site-packages/airflow/example_dags/example_time_delta_sensor_async.py
[2024-03-28T15:30:20.548+0000] {logging_mixin.py:120} INFO - [2024-03-28T15:30:20.537+0000] {dag.py:2585} INFO - Sync 1 DAGs
[2024-03-28T15:30:24.303+0000] {logging_mixin.py:120} INFO - [2024-03-28T15:30:24.289+0000] {dag.py:3340} INFO - Setting next_dagrun for example_time_delta_sensor_async to None, run_after=None
[2024-03-28T15:30:24.887+0000] {processor.py:176} INFO - Processing /home/airflow/.local/lib/python3.7/site-packages/airflow/example_dags/example_time_delta_sensor_async.py took 9.786 seconds
[2024-03-28T15:35:20.083+0000] {processor.py:154} INFO - Started process (PID=100) to work on /home/airflow/.local/lib/python3.7/site-packages/airflow/example_dags/example_time_delta_sensor_async.py
[2024-03-28T15:35:20.094+0000] {processor.py:756} INFO - Processing file /home/airflow/.local/lib/python3.7/site-packages/airflow/example_dags/example_time_delta_sensor_async.py for tasks to queue
[2024-03-28T15:35:20.114+0000] {logging_mixin.py:120} INFO - [2024-03-28T15:35:20.108+0000] {dagbag.py:537} INFO - Filling up the DagBag from /home/airflow/.local/lib/python3.7/site-packages/airflow/example_dags/example_time_delta_sensor_async.py
[2024-03-28T15:35:20.351+0000] {processor.py:766} INFO - DAG(s) dict_keys(['example_time_delta_sensor_async']) retrieved from /home/airflow/.local/lib/python3.7/site-packages/airflow/example_dags/example_time_delta_sensor_async.py
[2024-03-28T15:35:23.294+0000] {logging_mixin.py:120} INFO - [2024-03-28T15:35:23.286+0000] {dag.py:2585} INFO - Sync 1 DAGs
[2024-03-28T15:35:23.468+0000] {logging_mixin.py:120} INFO - [2024-03-28T15:35:23.467+0000] {dag.py:3340} INFO - Setting next_dagrun for example_time_delta_sensor_async to None, run_after=None
[2024-03-28T15:35:23.705+0000] {processor.py:176} INFO - Processing /home/airflow/.local/lib/python3.7/site-packages/airflow/example_dags/example_time_delta_sensor_async.py took 3.650 seconds
[2024-03-28T15:42:16.094+0000] {processor.py:154} INFO - Started process (PID=97) to work on /home/airflow/.local/lib/python3.7/site-packages/airflow/example_dags/example_time_delta_sensor_async.py
[2024-03-28T15:42:16.097+0000] {processor.py:756} INFO - Processing file /home/airflow/.local/lib/python3.7/site-packages/airflow/example_dags/example_time_delta_sensor_async.py for tasks to queue
[2024-03-28T15:42:16.099+0000] {logging_mixin.py:120} INFO - [2024-03-28T15:42:16.099+0000] {dagbag.py:537} INFO - Filling up the DagBag from /home/airflow/.local/lib/python3.7/site-packages/airflow/example_dags/example_time_delta_sensor_async.py
[2024-03-28T15:42:16.253+0000] {processor.py:766} INFO - DAG(s) dict_keys(['example_time_delta_sensor_async']) retrieved from /home/airflow/.local/lib/python3.7/site-packages/airflow/example_dags/example_time_delta_sensor_async.py
[2024-03-28T15:42:18.305+0000] {logging_mixin.py:120} INFO - [2024-03-28T15:42:18.303+0000] {dag.py:2585} INFO - Sync 1 DAGs
[2024-03-28T15:42:18.597+0000] {logging_mixin.py:120} INFO - [2024-03-28T15:42:18.596+0000] {dag.py:3340} INFO - Setting next_dagrun for example_time_delta_sensor_async to None, run_after=None
[2024-03-28T15:42:18.681+0000] {processor.py:176} INFO - Processing /home/airflow/.local/lib/python3.7/site-packages/airflow/example_dags/example_time_delta_sensor_async.py took 2.591 seconds
[2024-03-28T15:42:55.803+0000] {processor.py:154} INFO - Started process (PID=55) to work on /home/airflow/.local/lib/python3.7/site-packages/airflow/example_dags/example_time_delta_sensor_async.py
[2024-03-28T15:42:55.804+0000] {processor.py:756} INFO - Processing file /home/airflow/.local/lib/python3.7/site-packages/airflow/example_dags/example_time_delta_sensor_async.py for tasks to queue
[2024-03-28T15:42:55.805+0000] {logging_mixin.py:120} INFO - [2024-03-28T15:42:55.805+0000] {dagbag.py:537} INFO - Filling up the DagBag from /home/airflow/.local/lib/python3.7/site-packages/airflow/example_dags/example_time_delta_sensor_async.py
[2024-03-28T15:42:55.817+0000] {processor.py:766} INFO - DAG(s) dict_keys(['example_time_delta_sensor_async']) retrieved from /home/airflow/.local/lib/python3.7/site-packages/airflow/example_dags/example_time_delta_sensor_async.py
[2024-03-28T15:42:56.082+0000] {logging_mixin.py:120} INFO - [2024-03-28T15:42:56.081+0000] {dag.py:2585} INFO - Sync 1 DAGs
[2024-03-28T15:42:56.106+0000] {logging_mixin.py:120} INFO - [2024-03-28T15:42:56.106+0000] {dag.py:3340} INFO - Setting next_dagrun for example_time_delta_sensor_async to None, run_after=None
[2024-03-28T15:42:56.152+0000] {processor.py:176} INFO - Processing /home/airflow/.local/lib/python3.7/site-packages/airflow/example_dags/example_time_delta_sensor_async.py took 0.354 seconds
[2024-03-28T15:44:16.804+0000] {processor.py:154} INFO - Started process (PID=136) to work on /home/airflow/.local/lib/python3.7/site-packages/airflow/example_dags/example_time_delta_sensor_async.py
[2024-03-28T15:44:16.806+0000] {processor.py:756} INFO - Processing file /home/airflow/.local/lib/python3.7/site-packages/airflow/example_dags/example_time_delta_sensor_async.py for tasks to queue
[2024-03-28T15:44:16.808+0000] {logging_mixin.py:120} INFO - [2024-03-28T15:44:16.808+0000] {dagbag.py:537} INFO - Filling up the DagBag from /home/airflow/.local/lib/python3.7/site-packages/airflow/example_dags/example_time_delta_sensor_async.py
[2024-03-28T15:44:16.878+0000] {processor.py:766} INFO - DAG(s) dict_keys(['example_time_delta_sensor_async']) retrieved from /home/airflow/.local/lib/python3.7/site-packages/airflow/example_dags/example_time_delta_sensor_async.py
[2024-03-28T15:45:20.529+0000] {processor.py:154} INFO - Started process (PID=73) to work on /home/airflow/.local/lib/python3.7/site-packages/airflow/example_dags/example_time_delta_sensor_async.py
[2024-03-28T15:45:20.530+0000] {processor.py:756} INFO - Processing file /home/airflow/.local/lib/python3.7/site-packages/airflow/example_dags/example_time_delta_sensor_async.py for tasks to queue
[2024-03-28T15:45:20.531+0000] {logging_mixin.py:120} INFO - [2024-03-28T15:45:20.531+0000] {dagbag.py:537} INFO - Filling up the DagBag from /home/airflow/.local/lib/python3.7/site-packages/airflow/example_dags/example_time_delta_sensor_async.py
[2024-03-28T15:45:20.541+0000] {processor.py:766} INFO - DAG(s) dict_keys(['example_time_delta_sensor_async']) retrieved from /home/airflow/.local/lib/python3.7/site-packages/airflow/example_dags/example_time_delta_sensor_async.py
[2024-03-28T15:45:20.662+0000] {logging_mixin.py:120} INFO - [2024-03-28T15:45:20.662+0000] {dag.py:2585} INFO - Sync 1 DAGs
[2024-03-28T15:45:20.680+0000] {logging_mixin.py:120} INFO - [2024-03-28T15:45:20.680+0000] {dag.py:3340} INFO - Setting next_dagrun for example_time_delta_sensor_async to None, run_after=None
[2024-03-28T15:45:20.693+0000] {processor.py:176} INFO - Processing /home/airflow/.local/lib/python3.7/site-packages/airflow/example_dags/example_time_delta_sensor_async.py took 0.165 seconds
[2024-03-28T15:50:41.958+0000] {processor.py:154} INFO - Started process (PID=107) to work on /home/airflow/.local/lib/python3.7/site-packages/airflow/example_dags/example_time_delta_sensor_async.py
[2024-03-28T15:50:41.965+0000] {processor.py:756} INFO - Processing file /home/airflow/.local/lib/python3.7/site-packages/airflow/example_dags/example_time_delta_sensor_async.py for tasks to queue
[2024-03-28T15:50:41.976+0000] {logging_mixin.py:120} INFO - [2024-03-28T15:50:41.975+0000] {dagbag.py:537} INFO - Filling up the DagBag from /home/airflow/.local/lib/python3.7/site-packages/airflow/example_dags/example_time_delta_sensor_async.py
[2024-03-28T15:50:42.195+0000] {processor.py:766} INFO - DAG(s) dict_keys(['example_time_delta_sensor_async']) retrieved from /home/airflow/.local/lib/python3.7/site-packages/airflow/example_dags/example_time_delta_sensor_async.py
[2024-03-28T15:50:44.129+0000] {logging_mixin.py:120} INFO - [2024-03-28T15:50:44.127+0000] {dag.py:2585} INFO - Sync 1 DAGs
[2024-03-28T15:50:44.414+0000] {logging_mixin.py:120} INFO - [2024-03-28T15:50:44.413+0000] {dag.py:3340} INFO - Setting next_dagrun for example_time_delta_sensor_async to None, run_after=None
[2024-03-28T15:50:44.545+0000] {processor.py:176} INFO - Processing /home/airflow/.local/lib/python3.7/site-packages/airflow/example_dags/example_time_delta_sensor_async.py took 2.597 seconds
[2024-03-28T15:53:59.426+0000] {processor.py:154} INFO - Started process (PID=81) to work on /home/airflow/.local/lib/python3.7/site-packages/airflow/example_dags/example_time_delta_sensor_async.py
[2024-03-28T15:53:59.428+0000] {processor.py:756} INFO - Processing file /home/airflow/.local/lib/python3.7/site-packages/airflow/example_dags/example_time_delta_sensor_async.py for tasks to queue
[2024-03-28T15:53:59.429+0000] {logging_mixin.py:120} INFO - [2024-03-28T15:53:59.429+0000] {dagbag.py:537} INFO - Filling up the DagBag from /home/airflow/.local/lib/python3.7/site-packages/airflow/example_dags/example_time_delta_sensor_async.py
[2024-03-28T15:53:59.497+0000] {processor.py:766} INFO - DAG(s) dict_keys(['example_time_delta_sensor_async']) retrieved from /home/airflow/.local/lib/python3.7/site-packages/airflow/example_dags/example_time_delta_sensor_async.py
[2024-03-28T15:54:01.450+0000] {logging_mixin.py:120} INFO - [2024-03-28T15:54:01.438+0000] {dag.py:2585} INFO - Sync 1 DAGs
[2024-03-28T15:54:01.642+0000] {logging_mixin.py:120} INFO - [2024-03-28T15:54:01.640+0000] {dag.py:3340} INFO - Setting next_dagrun for example_time_delta_sensor_async to None, run_after=None
[2024-03-28T15:54:02.029+0000] {processor.py:176} INFO - Processing /home/airflow/.local/lib/python3.7/site-packages/airflow/example_dags/example_time_delta_sensor_async.py took 2.606 seconds
[2024-03-28T15:58:23.868+0000] {processor.py:154} INFO - Started process (PID=115) to work on /home/airflow/.local/lib/python3.7/site-packages/airflow/example_dags/example_time_delta_sensor_async.py
[2024-03-28T15:58:23.873+0000] {processor.py:756} INFO - Processing file /home/airflow/.local/lib/python3.7/site-packages/airflow/example_dags/example_time_delta_sensor_async.py for tasks to queue
[2024-03-28T15:58:23.669+0000] {logging_mixin.py:120} INFO - [2024-03-28T15:58:23.669+0000] {dagbag.py:537} INFO - Filling up the DagBag from /home/airflow/.local/lib/python3.7/site-packages/airflow/example_dags/example_time_delta_sensor_async.py
[2024-03-28T15:58:23.901+0000] {processor.py:766} INFO - DAG(s) dict_keys(['example_time_delta_sensor_async']) retrieved from /home/airflow/.local/lib/python3.7/site-packages/airflow/example_dags/example_time_delta_sensor_async.py
[2024-03-28T15:58:29.739+0000] {logging_mixin.py:120} INFO - [2024-03-28T15:58:29.739+0000] {dag.py:2585} INFO - Sync 1 DAGs
[2024-03-28T15:58:29.823+0000] {logging_mixin.py:120} INFO - [2024-03-28T15:58:29.823+0000] {dag.py:3340} INFO - Setting next_dagrun for example_time_delta_sensor_async to None, run_after=None
[2024-03-28T15:58:29.940+0000] {processor.py:176} INFO - Processing /home/airflow/.local/lib/python3.7/site-packages/airflow/example_dags/example_time_delta_sensor_async.py took 6.291 seconds
