[2024-03-28T15:20:41.829+0000] {processor.py:154} INFO - Started process (PID=78) to work on /home/airflow/.local/lib/python3.7/site-packages/airflow/example_dags/example_subdag_operator.py
[2024-03-28T15:20:41.831+0000] {processor.py:756} INFO - Processing file /home/airflow/.local/lib/python3.7/site-packages/airflow/example_dags/example_subdag_operator.py for tasks to queue
[2024-03-28T15:20:41.832+0000] {logging_mixin.py:120} INFO - [2024-03-28T15:20:41.832+0000] {dagbag.py:537} INFO - Filling up the DagBag from /home/airflow/.local/lib/python3.7/site-packages/airflow/example_dags/example_subdag_operator.py
[2024-03-28T15:20:41.891+0000] {processor.py:766} INFO - DAG(s) dict_keys(['example_subdag_operator.section-1', 'example_subdag_operator.section-2', 'example_subdag_operator']) retrieved from /home/airflow/.local/lib/python3.7/site-packages/airflow/example_dags/example_subdag_operator.py
[2024-03-28T15:20:42.100+0000] {logging_mixin.py:120} INFO - [2024-03-28T15:20:42.099+0000] {dag.py:2585} INFO - Sync 3 DAGs
[2024-03-28T15:20:42.134+0000] {logging_mixin.py:120} INFO - [2024-03-28T15:20:42.134+0000] {dag.py:3340} INFO - Setting next_dagrun for example_subdag_operator to None, run_after=None
[2024-03-28T15:20:42.137+0000] {logging_mixin.py:120} INFO - [2024-03-28T15:20:42.137+0000] {dag.py:3340} INFO - Setting next_dagrun for example_subdag_operator.section-1 to None, run_after=None
[2024-03-28T15:20:42.138+0000] {logging_mixin.py:120} INFO - [2024-03-28T15:20:42.138+0000] {dag.py:3340} INFO - Setting next_dagrun for example_subdag_operator.section-2 to None, run_after=None
[2024-03-28T15:20:42.144+0000] {logging_mixin.py:120} INFO - [2024-03-28T15:20:42.144+0000] {dag.py:2585} INFO - Sync 2 DAGs
[2024-03-28T15:20:42.150+0000] {logging_mixin.py:120} INFO - [2024-03-28T15:20:42.150+0000] {dag.py:3340} INFO - Setting next_dagrun for example_subdag_operator.section-1 to None, run_after=None
[2024-03-28T15:20:42.150+0000] {logging_mixin.py:120} INFO - [2024-03-28T15:20:42.150+0000] {dag.py:3340} INFO - Setting next_dagrun for example_subdag_operator.section-2 to None, run_after=None
[2024-03-28T15:20:42.158+0000] {processor.py:176} INFO - Processing /home/airflow/.local/lib/python3.7/site-packages/airflow/example_dags/example_subdag_operator.py took 0.332 seconds
[2024-03-28T15:25:27.222+0000] {processor.py:154} INFO - Started process (PID=116) to work on /home/airflow/.local/lib/python3.7/site-packages/airflow/example_dags/example_subdag_operator.py
[2024-03-28T15:25:27.237+0000] {processor.py:756} INFO - Processing file /home/airflow/.local/lib/python3.7/site-packages/airflow/example_dags/example_subdag_operator.py for tasks to queue
[2024-03-28T15:25:27.249+0000] {logging_mixin.py:120} INFO - [2024-03-28T15:25:27.244+0000] {dagbag.py:537} INFO - Filling up the DagBag from /home/airflow/.local/lib/python3.7/site-packages/airflow/example_dags/example_subdag_operator.py
[2024-03-28T15:25:28.412+0000] {processor.py:766} INFO - DAG(s) dict_keys(['example_subdag_operator.section-1', 'example_subdag_operator.section-2', 'example_subdag_operator']) retrieved from /home/airflow/.local/lib/python3.7/site-packages/airflow/example_dags/example_subdag_operator.py
[2024-03-28T15:25:35.349+0000] {logging_mixin.py:120} INFO - [2024-03-28T15:25:35.342+0000] {dag.py:2585} INFO - Sync 3 DAGs
[2024-03-28T15:25:35.494+0000] {logging_mixin.py:120} INFO - [2024-03-28T15:25:35.494+0000] {dag.py:3340} INFO - Setting next_dagrun for example_subdag_operator to None, run_after=None
[2024-03-28T15:25:35.536+0000] {logging_mixin.py:120} INFO - [2024-03-28T15:25:35.536+0000] {dag.py:3340} INFO - Setting next_dagrun for example_subdag_operator.section-1 to None, run_after=None
[2024-03-28T15:25:35.542+0000] {logging_mixin.py:120} INFO - [2024-03-28T15:25:35.542+0000] {dag.py:3340} INFO - Setting next_dagrun for example_subdag_operator.section-2 to None, run_after=None
[2024-03-28T15:25:35.597+0000] {logging_mixin.py:120} INFO - [2024-03-28T15:25:35.597+0000] {dag.py:2585} INFO - Sync 2 DAGs
[2024-03-28T15:25:35.618+0000] {logging_mixin.py:120} INFO - [2024-03-28T15:25:35.618+0000] {dag.py:3340} INFO - Setting next_dagrun for example_subdag_operator.section-1 to None, run_after=None
[2024-03-28T15:25:35.621+0000] {logging_mixin.py:120} INFO - [2024-03-28T15:25:35.621+0000] {dag.py:3340} INFO - Setting next_dagrun for example_subdag_operator.section-2 to None, run_after=None
[2024-03-28T15:25:35.673+0000] {processor.py:176} INFO - Processing /home/airflow/.local/lib/python3.7/site-packages/airflow/example_dags/example_subdag_operator.py took 8.785 seconds
[2024-03-28T15:27:40.461+0000] {processor.py:154} INFO - Started process (PID=101) to work on /home/airflow/.local/lib/python3.7/site-packages/airflow/example_dags/example_subdag_operator.py
[2024-03-28T15:27:40.469+0000] {processor.py:756} INFO - Processing file /home/airflow/.local/lib/python3.7/site-packages/airflow/example_dags/example_subdag_operator.py for tasks to queue
[2024-03-28T15:27:40.472+0000] {logging_mixin.py:120} INFO - [2024-03-28T15:27:40.472+0000] {dagbag.py:537} INFO - Filling up the DagBag from /home/airflow/.local/lib/python3.7/site-packages/airflow/example_dags/example_subdag_operator.py
[2024-03-28T15:27:40.628+0000] {processor.py:766} INFO - DAG(s) dict_keys(['example_subdag_operator.section-1', 'example_subdag_operator.section-2', 'example_subdag_operator']) retrieved from /home/airflow/.local/lib/python3.7/site-packages/airflow/example_dags/example_subdag_operator.py
[2024-03-28T15:27:43.093+0000] {logging_mixin.py:120} INFO - [2024-03-28T15:27:43.081+0000] {dag.py:2585} INFO - Sync 3 DAGs
[2024-03-28T15:27:43.755+0000] {logging_mixin.py:120} INFO - [2024-03-28T15:27:43.746+0000] {dag.py:3340} INFO - Setting next_dagrun for example_subdag_operator to None, run_after=None
[2024-03-28T15:27:43.821+0000] {logging_mixin.py:120} INFO - [2024-03-28T15:27:43.819+0000] {dag.py:3340} INFO - Setting next_dagrun for example_subdag_operator.section-1 to None, run_after=None
[2024-03-28T15:27:43.832+0000] {logging_mixin.py:120} INFO - [2024-03-28T15:27:43.829+0000] {dag.py:3340} INFO - Setting next_dagrun for example_subdag_operator.section-2 to None, run_after=None
[2024-03-28T15:27:43.865+0000] {logging_mixin.py:120} INFO - [2024-03-28T15:27:43.864+0000] {dag.py:2585} INFO - Sync 2 DAGs
[2024-03-28T15:27:43.899+0000] {logging_mixin.py:120} INFO - [2024-03-28T15:27:43.899+0000] {dag.py:3340} INFO - Setting next_dagrun for example_subdag_operator.section-1 to None, run_after=None
[2024-03-28T15:27:43.902+0000] {logging_mixin.py:120} INFO - [2024-03-28T15:27:43.901+0000] {dag.py:3340} INFO - Setting next_dagrun for example_subdag_operator.section-2 to None, run_after=None
[2024-03-28T15:27:43.950+0000] {processor.py:176} INFO - Processing /home/airflow/.local/lib/python3.7/site-packages/airflow/example_dags/example_subdag_operator.py took 3.502 seconds
[2024-03-28T15:27:57.263+0000] {processor.py:154} INFO - Started process (PID=129) to work on /home/airflow/.local/lib/python3.7/site-packages/airflow/example_dags/example_subdag_operator.py
[2024-03-28T15:27:57.267+0000] {processor.py:756} INFO - Processing file /home/airflow/.local/lib/python3.7/site-packages/airflow/example_dags/example_subdag_operator.py for tasks to queue
[2024-03-28T15:27:57.269+0000] {logging_mixin.py:120} INFO - [2024-03-28T15:27:57.269+0000] {dagbag.py:537} INFO - Filling up the DagBag from /home/airflow/.local/lib/python3.7/site-packages/airflow/example_dags/example_subdag_operator.py
[2024-03-28T15:27:57.881+0000] {processor.py:766} INFO - DAG(s) dict_keys(['example_subdag_operator.section-1', 'example_subdag_operator.section-2', 'example_subdag_operator']) retrieved from /home/airflow/.local/lib/python3.7/site-packages/airflow/example_dags/example_subdag_operator.py
[2024-03-28T15:27:58.061+0000] {logging_mixin.py:120} INFO - [2024-03-28T15:27:58.060+0000] {taskinstance.py:1853} ERROR - {'DAG Id': 'example_subdag_operator', 'Task Id': 'section-1', 'Run Id': 'scheduled__2022-01-01T00:00:00+00:00', 'Hostname': '1186947611cb', 'External Executor Id': '1c895bdc-b036-4e98-8341-f8dd5ac37f19'}
[2024-03-28T15:27:59.154+0000] {logging_mixin.py:120} INFO - [2024-03-28T15:27:59.151+0000] {taskinstance.py:1406} INFO - Marking task as UP_FOR_RETRY. dag_id=example_subdag_operator, task_id=section-1, execution_date=20220101T000000, start_date=20240328T152249, end_date=20240328T152758
[2024-03-28T15:27:59.270+0000] {processor.py:725} INFO - Executed failure callback for <TaskInstance: example_subdag_operator.section-1 scheduled__2022-01-01T00:00:00+00:00 [up_for_retry]> in state up_for_retry
[2024-03-28T15:27:59.437+0000] {logging_mixin.py:120} INFO - [2024-03-28T15:27:59.437+0000] {dag.py:2585} INFO - Sync 3 DAGs
[2024-03-28T15:27:59.509+0000] {logging_mixin.py:120} INFO - [2024-03-28T15:27:59.509+0000] {dag.py:3340} INFO - Setting next_dagrun for example_subdag_operator to None, run_after=None
[2024-03-28T15:27:59.515+0000] {logging_mixin.py:120} INFO - [2024-03-28T15:27:59.515+0000] {dag.py:3340} INFO - Setting next_dagrun for example_subdag_operator.section-1 to None, run_after=None
[2024-03-28T15:27:59.520+0000] {logging_mixin.py:120} INFO - [2024-03-28T15:27:59.520+0000] {dag.py:3340} INFO - Setting next_dagrun for example_subdag_operator.section-2 to None, run_after=None
[2024-03-28T15:27:59.527+0000] {logging_mixin.py:120} INFO - [2024-03-28T15:27:59.527+0000] {dag.py:2585} INFO - Sync 2 DAGs
[2024-03-28T15:27:59.544+0000] {logging_mixin.py:120} INFO - [2024-03-28T15:27:59.544+0000] {dag.py:3340} INFO - Setting next_dagrun for example_subdag_operator.section-1 to None, run_after=None
[2024-03-28T15:27:59.549+0000] {logging_mixin.py:120} INFO - [2024-03-28T15:27:59.549+0000] {dag.py:3340} INFO - Setting next_dagrun for example_subdag_operator.section-2 to None, run_after=None
[2024-03-28T15:27:59.580+0000] {processor.py:176} INFO - Processing /home/airflow/.local/lib/python3.7/site-packages/airflow/example_dags/example_subdag_operator.py took 2.325 seconds
[2024-03-28T15:30:32.555+0000] {processor.py:154} INFO - Started process (PID=109) to work on /home/airflow/.local/lib/python3.7/site-packages/airflow/example_dags/example_subdag_operator.py
[2024-03-28T15:30:32.565+0000] {processor.py:756} INFO - Processing file /home/airflow/.local/lib/python3.7/site-packages/airflow/example_dags/example_subdag_operator.py for tasks to queue
[2024-03-28T15:30:32.570+0000] {logging_mixin.py:120} INFO - [2024-03-28T15:30:32.569+0000] {dagbag.py:537} INFO - Filling up the DagBag from /home/airflow/.local/lib/python3.7/site-packages/airflow/example_dags/example_subdag_operator.py
[2024-03-28T15:30:32.799+0000] {processor.py:766} INFO - DAG(s) dict_keys(['example_subdag_operator.section-1', 'example_subdag_operator.section-2', 'example_subdag_operator']) retrieved from /home/airflow/.local/lib/python3.7/site-packages/airflow/example_dags/example_subdag_operator.py
[2024-03-28T15:38:49.323+0000] {processor.py:154} INFO - Started process (PID=119) to work on /home/airflow/.local/lib/python3.7/site-packages/airflow/example_dags/example_subdag_operator.py
[2024-03-28T15:38:49.325+0000] {processor.py:756} INFO - Processing file /home/airflow/.local/lib/python3.7/site-packages/airflow/example_dags/example_subdag_operator.py for tasks to queue
[2024-03-28T15:38:49.329+0000] {logging_mixin.py:120} INFO - [2024-03-28T15:38:49.329+0000] {dagbag.py:537} INFO - Filling up the DagBag from /home/airflow/.local/lib/python3.7/site-packages/airflow/example_dags/example_subdag_operator.py
[2024-03-28T15:38:49.475+0000] {processor.py:766} INFO - DAG(s) dict_keys(['example_subdag_operator.section-1', 'example_subdag_operator.section-2', 'example_subdag_operator']) retrieved from /home/airflow/.local/lib/python3.7/site-packages/airflow/example_dags/example_subdag_operator.py
[2024-03-28T15:38:51.139+0000] {logging_mixin.py:120} INFO - [2024-03-28T15:38:51.132+0000] {dag.py:2585} INFO - Sync 3 DAGs
[2024-03-28T15:38:51.298+0000] {logging_mixin.py:120} INFO - [2024-03-28T15:38:51.295+0000] {dag.py:3340} INFO - Setting next_dagrun for example_subdag_operator to None, run_after=None
[2024-03-28T15:38:51.314+0000] {logging_mixin.py:120} INFO - [2024-03-28T15:38:51.314+0000] {dag.py:3340} INFO - Setting next_dagrun for example_subdag_operator.section-1 to None, run_after=None
[2024-03-28T15:38:51.325+0000] {logging_mixin.py:120} INFO - [2024-03-28T15:38:51.325+0000] {dag.py:3340} INFO - Setting next_dagrun for example_subdag_operator.section-2 to None, run_after=None
[2024-03-28T15:38:51.387+0000] {logging_mixin.py:120} INFO - [2024-03-28T15:38:51.384+0000] {dag.py:2585} INFO - Sync 2 DAGs
[2024-03-28T15:38:51.404+0000] {logging_mixin.py:120} INFO - [2024-03-28T15:38:51.404+0000] {dag.py:3340} INFO - Setting next_dagrun for example_subdag_operator.section-1 to None, run_after=None
[2024-03-28T15:38:51.405+0000] {logging_mixin.py:120} INFO - [2024-03-28T15:38:51.405+0000] {dag.py:3340} INFO - Setting next_dagrun for example_subdag_operator.section-2 to None, run_after=None
[2024-03-28T15:38:51.790+0000] {processor.py:176} INFO - Processing /home/airflow/.local/lib/python3.7/site-packages/airflow/example_dags/example_subdag_operator.py took 2.477 seconds
[2024-03-28T15:42:24.130+0000] {processor.py:154} INFO - Started process (PID=114) to work on /home/airflow/.local/lib/python3.7/site-packages/airflow/example_dags/example_subdag_operator.py
[2024-03-28T15:42:24.147+0000] {processor.py:756} INFO - Processing file /home/airflow/.local/lib/python3.7/site-packages/airflow/example_dags/example_subdag_operator.py for tasks to queue
[2024-03-28T15:42:24.148+0000] {logging_mixin.py:120} INFO - [2024-03-28T15:42:24.148+0000] {dagbag.py:537} INFO - Filling up the DagBag from /home/airflow/.local/lib/python3.7/site-packages/airflow/example_dags/example_subdag_operator.py
[2024-03-28T15:42:24.652+0000] {processor.py:766} INFO - DAG(s) dict_keys(['example_subdag_operator.section-1', 'example_subdag_operator.section-2', 'example_subdag_operator']) retrieved from /home/airflow/.local/lib/python3.7/site-packages/airflow/example_dags/example_subdag_operator.py
[2024-03-28T15:42:36.543+0000] {logging_mixin.py:120} INFO - [2024-03-28T15:42:36.541+0000] {dag.py:2585} INFO - Sync 3 DAGs
[2024-03-28T15:42:36.623+0000] {logging_mixin.py:120} INFO - [2024-03-28T15:42:36.622+0000] {dag.py:3340} INFO - Setting next_dagrun for example_subdag_operator to None, run_after=None
[2024-03-28T15:42:36.630+0000] {logging_mixin.py:120} INFO - [2024-03-28T15:42:36.630+0000] {dag.py:3340} INFO - Setting next_dagrun for example_subdag_operator.section-1 to None, run_after=None
[2024-03-28T15:42:36.635+0000] {logging_mixin.py:120} INFO - [2024-03-28T15:42:36.635+0000] {dag.py:3340} INFO - Setting next_dagrun for example_subdag_operator.section-2 to None, run_after=None
[2024-03-28T15:42:36.674+0000] {logging_mixin.py:120} INFO - [2024-03-28T15:42:36.670+0000] {dag.py:2585} INFO - Sync 2 DAGs
[2024-03-28T15:42:36.705+0000] {logging_mixin.py:120} INFO - [2024-03-28T15:42:36.705+0000] {dag.py:3340} INFO - Setting next_dagrun for example_subdag_operator.section-1 to None, run_after=None
[2024-03-28T15:42:36.706+0000] {logging_mixin.py:120} INFO - [2024-03-28T15:42:36.705+0000] {dag.py:3340} INFO - Setting next_dagrun for example_subdag_operator.section-2 to None, run_after=None
[2024-03-28T15:42:36.777+0000] {processor.py:176} INFO - Processing /home/airflow/.local/lib/python3.7/site-packages/airflow/example_dags/example_subdag_operator.py took 12.652 seconds
[2024-03-28T15:42:56.829+0000] {processor.py:154} INFO - Started process (PID=65) to work on /home/airflow/.local/lib/python3.7/site-packages/airflow/example_dags/example_subdag_operator.py
[2024-03-28T15:42:56.830+0000] {processor.py:756} INFO - Processing file /home/airflow/.local/lib/python3.7/site-packages/airflow/example_dags/example_subdag_operator.py for tasks to queue
[2024-03-28T15:42:56.830+0000] {logging_mixin.py:120} INFO - [2024-03-28T15:42:56.830+0000] {dagbag.py:537} INFO - Filling up the DagBag from /home/airflow/.local/lib/python3.7/site-packages/airflow/example_dags/example_subdag_operator.py
[2024-03-28T15:42:56.851+0000] {processor.py:766} INFO - DAG(s) dict_keys(['example_subdag_operator.section-1', 'example_subdag_operator.section-2', 'example_subdag_operator']) retrieved from /home/airflow/.local/lib/python3.7/site-packages/airflow/example_dags/example_subdag_operator.py
[2024-03-28T15:42:57.026+0000] {logging_mixin.py:120} INFO - [2024-03-28T15:42:57.026+0000] {dag.py:2585} INFO - Sync 3 DAGs
[2024-03-28T15:42:57.040+0000] {logging_mixin.py:120} INFO - [2024-03-28T15:42:57.040+0000] {dag.py:3340} INFO - Setting next_dagrun for example_subdag_operator to None, run_after=None
[2024-03-28T15:42:57.043+0000] {logging_mixin.py:120} INFO - [2024-03-28T15:42:57.043+0000] {dag.py:3340} INFO - Setting next_dagrun for example_subdag_operator.section-1 to None, run_after=None
[2024-03-28T15:42:57.044+0000] {logging_mixin.py:120} INFO - [2024-03-28T15:42:57.044+0000] {dag.py:3340} INFO - Setting next_dagrun for example_subdag_operator.section-2 to None, run_after=None
[2024-03-28T15:42:57.048+0000] {logging_mixin.py:120} INFO - [2024-03-28T15:42:57.048+0000] {dag.py:2585} INFO - Sync 2 DAGs
[2024-03-28T15:42:57.051+0000] {logging_mixin.py:120} INFO - [2024-03-28T15:42:57.051+0000] {dag.py:3340} INFO - Setting next_dagrun for example_subdag_operator.section-1 to None, run_after=None
[2024-03-28T15:42:57.051+0000] {logging_mixin.py:120} INFO - [2024-03-28T15:42:57.051+0000] {dag.py:3340} INFO - Setting next_dagrun for example_subdag_operator.section-2 to None, run_after=None
[2024-03-28T15:42:57.057+0000] {processor.py:176} INFO - Processing /home/airflow/.local/lib/python3.7/site-packages/airflow/example_dags/example_subdag_operator.py took 0.229 seconds
[2024-03-28T15:45:21.034+0000] {processor.py:154} INFO - Started process (PID=83) to work on /home/airflow/.local/lib/python3.7/site-packages/airflow/example_dags/example_subdag_operator.py
[2024-03-28T15:45:21.035+0000] {processor.py:756} INFO - Processing file /home/airflow/.local/lib/python3.7/site-packages/airflow/example_dags/example_subdag_operator.py for tasks to queue
[2024-03-28T15:45:21.036+0000] {logging_mixin.py:120} INFO - [2024-03-28T15:45:21.035+0000] {dagbag.py:537} INFO - Filling up the DagBag from /home/airflow/.local/lib/python3.7/site-packages/airflow/example_dags/example_subdag_operator.py
[2024-03-28T15:45:21.057+0000] {processor.py:766} INFO - DAG(s) dict_keys(['example_subdag_operator.section-1', 'example_subdag_operator.section-2', 'example_subdag_operator']) retrieved from /home/airflow/.local/lib/python3.7/site-packages/airflow/example_dags/example_subdag_operator.py
[2024-03-28T15:45:21.170+0000] {logging_mixin.py:120} INFO - [2024-03-28T15:45:21.170+0000] {dag.py:2585} INFO - Sync 3 DAGs
[2024-03-28T15:45:21.187+0000] {logging_mixin.py:120} INFO - [2024-03-28T15:45:21.187+0000] {dag.py:3340} INFO - Setting next_dagrun for example_subdag_operator to None, run_after=None
[2024-03-28T15:45:21.190+0000] {logging_mixin.py:120} INFO - [2024-03-28T15:45:21.190+0000] {dag.py:3340} INFO - Setting next_dagrun for example_subdag_operator.section-1 to None, run_after=None
[2024-03-28T15:45:21.191+0000] {logging_mixin.py:120} INFO - [2024-03-28T15:45:21.191+0000] {dag.py:3340} INFO - Setting next_dagrun for example_subdag_operator.section-2 to None, run_after=None
[2024-03-28T15:45:21.195+0000] {logging_mixin.py:120} INFO - [2024-03-28T15:45:21.195+0000] {dag.py:2585} INFO - Sync 2 DAGs
[2024-03-28T15:45:21.199+0000] {logging_mixin.py:120} INFO - [2024-03-28T15:45:21.199+0000] {dag.py:3340} INFO - Setting next_dagrun for example_subdag_operator.section-1 to None, run_after=None
[2024-03-28T15:45:21.200+0000] {logging_mixin.py:120} INFO - [2024-03-28T15:45:21.200+0000] {dag.py:3340} INFO - Setting next_dagrun for example_subdag_operator.section-2 to None, run_after=None
[2024-03-28T15:45:21.208+0000] {processor.py:176} INFO - Processing /home/airflow/.local/lib/python3.7/site-packages/airflow/example_dags/example_subdag_operator.py took 0.176 seconds
[2024-03-28T15:50:49.543+0000] {processor.py:154} INFO - Started process (PID=117) to work on /home/airflow/.local/lib/python3.7/site-packages/airflow/example_dags/example_subdag_operator.py
[2024-03-28T15:50:49.545+0000] {processor.py:756} INFO - Processing file /home/airflow/.local/lib/python3.7/site-packages/airflow/example_dags/example_subdag_operator.py for tasks to queue
[2024-03-28T15:50:49.545+0000] {logging_mixin.py:120} INFO - [2024-03-28T15:50:49.545+0000] {dagbag.py:537} INFO - Filling up the DagBag from /home/airflow/.local/lib/python3.7/site-packages/airflow/example_dags/example_subdag_operator.py
[2024-03-28T15:50:49.599+0000] {processor.py:766} INFO - DAG(s) dict_keys(['example_subdag_operator.section-1', 'example_subdag_operator.section-2', 'example_subdag_operator']) retrieved from /home/airflow/.local/lib/python3.7/site-packages/airflow/example_dags/example_subdag_operator.py
[2024-03-28T15:50:51.039+0000] {logging_mixin.py:120} INFO - [2024-03-28T15:50:51.027+0000] {dag.py:2585} INFO - Sync 3 DAGs
[2024-03-28T15:50:52.297+0000] {logging_mixin.py:120} INFO - [2024-03-28T15:50:52.291+0000] {dag.py:3340} INFO - Setting next_dagrun for example_subdag_operator to None, run_after=None
[2024-03-28T15:50:52.336+0000] {logging_mixin.py:120} INFO - [2024-03-28T15:50:52.336+0000] {dag.py:3340} INFO - Setting next_dagrun for example_subdag_operator.section-1 to None, run_after=None
[2024-03-28T15:50:52.341+0000] {logging_mixin.py:120} INFO - [2024-03-28T15:50:52.341+0000] {dag.py:3340} INFO - Setting next_dagrun for example_subdag_operator.section-2 to None, run_after=None
[2024-03-28T15:50:52.404+0000] {logging_mixin.py:120} INFO - [2024-03-28T15:50:52.392+0000] {dag.py:2585} INFO - Sync 2 DAGs
[2024-03-28T15:50:52.458+0000] {logging_mixin.py:120} INFO - [2024-03-28T15:50:52.457+0000] {dag.py:3340} INFO - Setting next_dagrun for example_subdag_operator.section-1 to None, run_after=None
[2024-03-28T15:50:52.460+0000] {logging_mixin.py:120} INFO - [2024-03-28T15:50:52.459+0000] {dag.py:3340} INFO - Setting next_dagrun for example_subdag_operator.section-2 to None, run_after=None
[2024-03-28T15:50:52.604+0000] {processor.py:176} INFO - Processing /home/airflow/.local/lib/python3.7/site-packages/airflow/example_dags/example_subdag_operator.py took 3.066 seconds
[2024-03-28T15:54:10.052+0000] {processor.py:154} INFO - Started process (PID=100) to work on /home/airflow/.local/lib/python3.7/site-packages/airflow/example_dags/example_subdag_operator.py
[2024-03-28T15:54:10.058+0000] {processor.py:756} INFO - Processing file /home/airflow/.local/lib/python3.7/site-packages/airflow/example_dags/example_subdag_operator.py for tasks to queue
[2024-03-28T15:54:10.061+0000] {logging_mixin.py:120} INFO - [2024-03-28T15:54:10.061+0000] {dagbag.py:537} INFO - Filling up the DagBag from /home/airflow/.local/lib/python3.7/site-packages/airflow/example_dags/example_subdag_operator.py
[2024-03-28T15:54:10.479+0000] {processor.py:766} INFO - DAG(s) dict_keys(['example_subdag_operator.section-1', 'example_subdag_operator.section-2', 'example_subdag_operator']) retrieved from /home/airflow/.local/lib/python3.7/site-packages/airflow/example_dags/example_subdag_operator.py
[2024-03-28T15:54:11.308+0000] {logging_mixin.py:120} INFO - [2024-03-28T15:54:11.307+0000] {dag.py:2585} INFO - Sync 3 DAGs
[2024-03-28T15:54:11.508+0000] {logging_mixin.py:120} INFO - [2024-03-28T15:54:11.505+0000] {dag.py:3340} INFO - Setting next_dagrun for example_subdag_operator to None, run_after=None
[2024-03-28T15:54:11.523+0000] {logging_mixin.py:120} INFO - [2024-03-28T15:54:11.523+0000] {dag.py:3340} INFO - Setting next_dagrun for example_subdag_operator.section-1 to None, run_after=None
[2024-03-28T15:54:11.530+0000] {logging_mixin.py:120} INFO - [2024-03-28T15:54:11.530+0000] {dag.py:3340} INFO - Setting next_dagrun for example_subdag_operator.section-2 to None, run_after=None
[2024-03-28T15:54:11.588+0000] {logging_mixin.py:120} INFO - [2024-03-28T15:54:11.588+0000] {dag.py:2585} INFO - Sync 2 DAGs
[2024-03-28T15:54:11.770+0000] {logging_mixin.py:120} INFO - [2024-03-28T15:54:11.766+0000] {dag.py:3340} INFO - Setting next_dagrun for example_subdag_operator.section-1 to None, run_after=None
[2024-03-28T15:54:11.771+0000] {logging_mixin.py:120} INFO - [2024-03-28T15:54:11.771+0000] {dag.py:3340} INFO - Setting next_dagrun for example_subdag_operator.section-2 to None, run_after=None
[2024-03-28T15:54:11.978+0000] {processor.py:176} INFO - Processing /home/airflow/.local/lib/python3.7/site-packages/airflow/example_dags/example_subdag_operator.py took 1.952 seconds
[2024-03-28T15:58:43.750+0000] {processor.py:154} INFO - Started process (PID=133) to work on /home/airflow/.local/lib/python3.7/site-packages/airflow/example_dags/example_subdag_operator.py
[2024-03-28T15:58:43.758+0000] {processor.py:756} INFO - Processing file /home/airflow/.local/lib/python3.7/site-packages/airflow/example_dags/example_subdag_operator.py for tasks to queue
[2024-03-28T15:58:43.770+0000] {logging_mixin.py:120} INFO - [2024-03-28T15:58:43.769+0000] {dagbag.py:537} INFO - Filling up the DagBag from /home/airflow/.local/lib/python3.7/site-packages/airflow/example_dags/example_subdag_operator.py
[2024-03-28T15:58:44.233+0000] {processor.py:766} INFO - DAG(s) dict_keys(['example_subdag_operator.section-1', 'example_subdag_operator.section-2', 'example_subdag_operator']) retrieved from /home/airflow/.local/lib/python3.7/site-packages/airflow/example_dags/example_subdag_operator.py
[2024-03-28T15:58:46.680+0000] {logging_mixin.py:120} INFO - [2024-03-28T15:58:46.678+0000] {dag.py:2585} INFO - Sync 3 DAGs
[2024-03-28T15:58:46.799+0000] {logging_mixin.py:120} INFO - [2024-03-28T15:58:46.798+0000] {dag.py:3340} INFO - Setting next_dagrun for example_subdag_operator to None, run_after=None
[2024-03-28T15:58:46.807+0000] {logging_mixin.py:120} INFO - [2024-03-28T15:58:46.807+0000] {dag.py:3340} INFO - Setting next_dagrun for example_subdag_operator.section-1 to None, run_after=None
[2024-03-28T15:58:46.820+0000] {logging_mixin.py:120} INFO - [2024-03-28T15:58:46.820+0000] {dag.py:3340} INFO - Setting next_dagrun for example_subdag_operator.section-2 to None, run_after=None
[2024-03-28T15:58:46.983+0000] {logging_mixin.py:120} INFO - [2024-03-28T15:58:46.981+0000] {dag.py:2585} INFO - Sync 2 DAGs
[2024-03-28T15:58:47.095+0000] {logging_mixin.py:120} INFO - [2024-03-28T15:58:47.090+0000] {dag.py:3340} INFO - Setting next_dagrun for example_subdag_operator.section-1 to None, run_after=None
[2024-03-28T15:58:47.097+0000] {logging_mixin.py:120} INFO - [2024-03-28T15:58:47.097+0000] {dag.py:3340} INFO - Setting next_dagrun for example_subdag_operator.section-2 to None, run_after=None
[2024-03-28T15:58:47.287+0000] {processor.py:176} INFO - Processing /home/airflow/.local/lib/python3.7/site-packages/airflow/example_dags/example_subdag_operator.py took 3.557 seconds
