[2024-03-28T15:20:42.157+0000] {processor.py:154} INFO - Started process (PID=80) to work on /home/airflow/.local/lib/python3.7/site-packages/airflow/example_dags/example_short_circuit_decorator.py
[2024-03-28T15:20:42.158+0000] {processor.py:756} INFO - Processing file /home/airflow/.local/lib/python3.7/site-packages/airflow/example_dags/example_short_circuit_decorator.py for tasks to queue
[2024-03-28T15:20:42.159+0000] {logging_mixin.py:120} INFO - [2024-03-28T15:20:42.159+0000] {dagbag.py:537} INFO - Filling up the DagBag from /home/airflow/.local/lib/python3.7/site-packages/airflow/example_dags/example_short_circuit_decorator.py
[2024-03-28T15:20:42.181+0000] {processor.py:766} INFO - DAG(s) dict_keys(['example_short_circuit_decorator']) retrieved from /home/airflow/.local/lib/python3.7/site-packages/airflow/example_dags/example_short_circuit_decorator.py
[2024-03-28T15:20:42.212+0000] {logging_mixin.py:120} INFO - [2024-03-28T15:20:42.212+0000] {dag.py:2585} INFO - Sync 1 DAGs
[2024-03-28T15:20:42.266+0000] {logging_mixin.py:120} INFO - [2024-03-28T15:20:42.266+0000] {dag.py:3340} INFO - Setting next_dagrun for example_short_circuit_decorator to 2024-03-27T19:27:27.779360+00:00, run_after=2024-03-28T19:27:27.779360+00:00
[2024-03-28T15:20:42.297+0000] {processor.py:176} INFO - Processing /home/airflow/.local/lib/python3.7/site-packages/airflow/example_dags/example_short_circuit_decorator.py took 0.141 seconds
[2024-03-28T15:25:35.757+0000] {processor.py:154} INFO - Started process (PID=120) to work on /home/airflow/.local/lib/python3.7/site-packages/airflow/example_dags/example_short_circuit_decorator.py
[2024-03-28T15:25:35.760+0000] {processor.py:756} INFO - Processing file /home/airflow/.local/lib/python3.7/site-packages/airflow/example_dags/example_short_circuit_decorator.py for tasks to queue
[2024-03-28T15:25:35.762+0000] {logging_mixin.py:120} INFO - [2024-03-28T15:25:35.762+0000] {dagbag.py:537} INFO - Filling up the DagBag from /home/airflow/.local/lib/python3.7/site-packages/airflow/example_dags/example_short_circuit_decorator.py
[2024-03-28T15:25:35.944+0000] {processor.py:766} INFO - DAG(s) dict_keys(['example_short_circuit_decorator']) retrieved from /home/airflow/.local/lib/python3.7/site-packages/airflow/example_dags/example_short_circuit_decorator.py
[2024-03-28T15:25:36.614+0000] {logging_mixin.py:120} INFO - [2024-03-28T15:25:36.613+0000] {dag.py:2585} INFO - Sync 1 DAGs
[2024-03-28T15:25:36.773+0000] {logging_mixin.py:120} INFO - [2024-03-28T15:25:36.771+0000] {dag.py:3340} INFO - Setting next_dagrun for example_short_circuit_decorator to 2024-03-27T19:27:27.779360+00:00, run_after=2024-03-28T19:27:27.779360+00:00
[2024-03-28T15:25:37.032+0000] {processor.py:176} INFO - Processing /home/airflow/.local/lib/python3.7/site-packages/airflow/example_dags/example_short_circuit_decorator.py took 1.288 seconds
[2024-03-28T15:27:44.179+0000] {processor.py:154} INFO - Started process (PID=103) to work on /home/airflow/.local/lib/python3.7/site-packages/airflow/example_dags/example_short_circuit_decorator.py
[2024-03-28T15:27:44.191+0000] {processor.py:756} INFO - Processing file /home/airflow/.local/lib/python3.7/site-packages/airflow/example_dags/example_short_circuit_decorator.py for tasks to queue
[2024-03-28T15:27:44.198+0000] {logging_mixin.py:120} INFO - [2024-03-28T15:27:44.198+0000] {dagbag.py:537} INFO - Filling up the DagBag from /home/airflow/.local/lib/python3.7/site-packages/airflow/example_dags/example_short_circuit_decorator.py
[2024-03-28T15:27:44.392+0000] {processor.py:766} INFO - DAG(s) dict_keys(['example_short_circuit_decorator']) retrieved from /home/airflow/.local/lib/python3.7/site-packages/airflow/example_dags/example_short_circuit_decorator.py
[2024-03-28T15:27:45.011+0000] {logging_mixin.py:120} INFO - [2024-03-28T15:27:44.948+0000] {dag.py:2585} INFO - Sync 1 DAGs
[2024-03-28T15:27:46.335+0000] {logging_mixin.py:120} INFO - [2024-03-28T15:27:46.331+0000] {dag.py:3340} INFO - Setting next_dagrun for example_short_circuit_decorator to 2024-03-27T19:27:27.779360+00:00, run_after=2024-03-28T19:27:27.779360+00:00
[2024-03-28T15:27:46.430+0000] {processor.py:176} INFO - Processing /home/airflow/.local/lib/python3.7/site-packages/airflow/example_dags/example_short_circuit_decorator.py took 2.337 seconds
[2024-03-28T15:38:51.952+0000] {processor.py:154} INFO - Started process (PID=121) to work on /home/airflow/.local/lib/python3.7/site-packages/airflow/example_dags/example_short_circuit_decorator.py
[2024-03-28T15:38:51.969+0000] {processor.py:756} INFO - Processing file /home/airflow/.local/lib/python3.7/site-packages/airflow/example_dags/example_short_circuit_decorator.py for tasks to queue
[2024-03-28T15:38:51.974+0000] {logging_mixin.py:120} INFO - [2024-03-28T15:38:51.973+0000] {dagbag.py:537} INFO - Filling up the DagBag from /home/airflow/.local/lib/python3.7/site-packages/airflow/example_dags/example_short_circuit_decorator.py
[2024-03-28T15:38:52.384+0000] {processor.py:766} INFO - DAG(s) dict_keys(['example_short_circuit_decorator']) retrieved from /home/airflow/.local/lib/python3.7/site-packages/airflow/example_dags/example_short_circuit_decorator.py
[2024-03-28T15:38:53.740+0000] {logging_mixin.py:120} INFO - [2024-03-28T15:38:53.699+0000] {dag.py:2585} INFO - Sync 1 DAGs
[2024-03-28T15:38:54.905+0000] {logging_mixin.py:120} INFO - [2024-03-28T15:38:54.891+0000] {dag.py:3340} INFO - Setting next_dagrun for example_short_circuit_decorator to 2024-03-27T19:27:27.779360+00:00, run_after=2024-03-28T19:27:27.779360+00:00
[2024-03-28T15:38:55.382+0000] {processor.py:176} INFO - Processing /home/airflow/.local/lib/python3.7/site-packages/airflow/example_dags/example_short_circuit_decorator.py took 3.444 seconds
[2024-03-28T15:42:36.861+0000] {processor.py:154} INFO - Started process (PID=118) to work on /home/airflow/.local/lib/python3.7/site-packages/airflow/example_dags/example_short_circuit_decorator.py
[2024-03-28T15:42:36.865+0000] {processor.py:756} INFO - Processing file /home/airflow/.local/lib/python3.7/site-packages/airflow/example_dags/example_short_circuit_decorator.py for tasks to queue
[2024-03-28T15:42:36.866+0000] {logging_mixin.py:120} INFO - [2024-03-28T15:42:36.866+0000] {dagbag.py:537} INFO - Filling up the DagBag from /home/airflow/.local/lib/python3.7/site-packages/airflow/example_dags/example_short_circuit_decorator.py
[2024-03-28T15:42:37.117+0000] {processor.py:766} INFO - DAG(s) dict_keys(['example_short_circuit_decorator']) retrieved from /home/airflow/.local/lib/python3.7/site-packages/airflow/example_dags/example_short_circuit_decorator.py
[2024-03-28T15:42:57.071+0000] {processor.py:154} INFO - Started process (PID=67) to work on /home/airflow/.local/lib/python3.7/site-packages/airflow/example_dags/example_short_circuit_decorator.py
[2024-03-28T15:42:57.072+0000] {processor.py:756} INFO - Processing file /home/airflow/.local/lib/python3.7/site-packages/airflow/example_dags/example_short_circuit_decorator.py for tasks to queue
[2024-03-28T15:42:57.074+0000] {logging_mixin.py:120} INFO - [2024-03-28T15:42:57.073+0000] {dagbag.py:537} INFO - Filling up the DagBag from /home/airflow/.local/lib/python3.7/site-packages/airflow/example_dags/example_short_circuit_decorator.py
[2024-03-28T15:42:57.100+0000] {processor.py:766} INFO - DAG(s) dict_keys(['example_short_circuit_decorator']) retrieved from /home/airflow/.local/lib/python3.7/site-packages/airflow/example_dags/example_short_circuit_decorator.py
[2024-03-28T15:42:57.132+0000] {logging_mixin.py:120} INFO - [2024-03-28T15:42:57.132+0000] {dag.py:2585} INFO - Sync 1 DAGs
[2024-03-28T15:42:57.153+0000] {logging_mixin.py:120} INFO - [2024-03-28T15:42:57.152+0000] {dag.py:3340} INFO - Setting next_dagrun for example_short_circuit_decorator to 2024-03-27T19:27:27.779360+00:00, run_after=2024-03-28T19:27:27.779360+00:00
[2024-03-28T15:42:57.177+0000] {processor.py:176} INFO - Processing /home/airflow/.local/lib/python3.7/site-packages/airflow/example_dags/example_short_circuit_decorator.py took 0.108 seconds
[2024-03-28T15:45:21.222+0000] {processor.py:154} INFO - Started process (PID=85) to work on /home/airflow/.local/lib/python3.7/site-packages/airflow/example_dags/example_short_circuit_decorator.py
[2024-03-28T15:45:21.223+0000] {processor.py:756} INFO - Processing file /home/airflow/.local/lib/python3.7/site-packages/airflow/example_dags/example_short_circuit_decorator.py for tasks to queue
[2024-03-28T15:45:21.223+0000] {logging_mixin.py:120} INFO - [2024-03-28T15:45:21.223+0000] {dagbag.py:537} INFO - Filling up the DagBag from /home/airflow/.local/lib/python3.7/site-packages/airflow/example_dags/example_short_circuit_decorator.py
[2024-03-28T15:45:21.240+0000] {processor.py:766} INFO - DAG(s) dict_keys(['example_short_circuit_decorator']) retrieved from /home/airflow/.local/lib/python3.7/site-packages/airflow/example_dags/example_short_circuit_decorator.py
[2024-03-28T15:45:21.265+0000] {logging_mixin.py:120} INFO - [2024-03-28T15:45:21.265+0000] {dag.py:2585} INFO - Sync 1 DAGs
[2024-03-28T15:45:21.291+0000] {logging_mixin.py:120} INFO - [2024-03-28T15:45:21.291+0000] {dag.py:3340} INFO - Setting next_dagrun for example_short_circuit_decorator to 2024-03-27T19:27:27.779360+00:00, run_after=2024-03-28T19:27:27.779360+00:00
[2024-03-28T15:45:21.307+0000] {processor.py:176} INFO - Processing /home/airflow/.local/lib/python3.7/site-packages/airflow/example_dags/example_short_circuit_decorator.py took 0.087 seconds
[2024-03-28T15:50:52.744+0000] {processor.py:154} INFO - Started process (PID=126) to work on /home/airflow/.local/lib/python3.7/site-packages/airflow/example_dags/example_short_circuit_decorator.py
[2024-03-28T15:50:52.748+0000] {processor.py:756} INFO - Processing file /home/airflow/.local/lib/python3.7/site-packages/airflow/example_dags/example_short_circuit_decorator.py for tasks to queue
[2024-03-28T15:50:52.749+0000] {logging_mixin.py:120} INFO - [2024-03-28T15:50:52.749+0000] {dagbag.py:537} INFO - Filling up the DagBag from /home/airflow/.local/lib/python3.7/site-packages/airflow/example_dags/example_short_circuit_decorator.py
[2024-03-28T15:50:53.038+0000] {processor.py:766} INFO - DAG(s) dict_keys(['example_short_circuit_decorator']) retrieved from /home/airflow/.local/lib/python3.7/site-packages/airflow/example_dags/example_short_circuit_decorator.py
[2024-03-28T15:50:53.599+0000] {logging_mixin.py:120} INFO - [2024-03-28T15:50:53.597+0000] {dag.py:2585} INFO - Sync 1 DAGs
[2024-03-28T15:50:54.046+0000] {logging_mixin.py:120} INFO - [2024-03-28T15:50:54.044+0000] {dag.py:3340} INFO - Setting next_dagrun for example_short_circuit_decorator to 2024-03-27T19:27:27.779360+00:00, run_after=2024-03-28T19:27:27.779360+00:00
[2024-03-28T15:50:54.531+0000] {processor.py:176} INFO - Processing /home/airflow/.local/lib/python3.7/site-packages/airflow/example_dags/example_short_circuit_decorator.py took 1.802 seconds
[2024-03-28T15:54:12.056+0000] {processor.py:154} INFO - Started process (PID=102) to work on /home/airflow/.local/lib/python3.7/site-packages/airflow/example_dags/example_short_circuit_decorator.py
[2024-03-28T15:54:12.061+0000] {processor.py:756} INFO - Processing file /home/airflow/.local/lib/python3.7/site-packages/airflow/example_dags/example_short_circuit_decorator.py for tasks to queue
[2024-03-28T15:54:12.065+0000] {logging_mixin.py:120} INFO - [2024-03-28T15:54:12.064+0000] {dagbag.py:537} INFO - Filling up the DagBag from /home/airflow/.local/lib/python3.7/site-packages/airflow/example_dags/example_short_circuit_decorator.py
[2024-03-28T15:54:12.155+0000] {processor.py:766} INFO - DAG(s) dict_keys(['example_short_circuit_decorator']) retrieved from /home/airflow/.local/lib/python3.7/site-packages/airflow/example_dags/example_short_circuit_decorator.py
[2024-03-28T15:54:12.703+0000] {logging_mixin.py:120} INFO - [2024-03-28T15:54:12.701+0000] {dag.py:2585} INFO - Sync 1 DAGs
[2024-03-28T15:54:12.836+0000] {logging_mixin.py:120} INFO - [2024-03-28T15:54:12.834+0000] {dag.py:3340} INFO - Setting next_dagrun for example_short_circuit_decorator to 2024-03-27T19:27:27.779360+00:00, run_after=2024-03-28T19:27:27.779360+00:00
[2024-03-28T15:54:12.922+0000] {processor.py:176} INFO - Processing /home/airflow/.local/lib/python3.7/site-packages/airflow/example_dags/example_short_circuit_decorator.py took 0.873 seconds
[2024-03-28T15:58:47.411+0000] {processor.py:154} INFO - Started process (PID=136) to work on /home/airflow/.local/lib/python3.7/site-packages/airflow/example_dags/example_short_circuit_decorator.py
[2024-03-28T15:58:47.414+0000] {processor.py:756} INFO - Processing file /home/airflow/.local/lib/python3.7/site-packages/airflow/example_dags/example_short_circuit_decorator.py for tasks to queue
[2024-03-28T15:58:47.418+0000] {logging_mixin.py:120} INFO - [2024-03-28T15:58:47.418+0000] {dagbag.py:537} INFO - Filling up the DagBag from /home/airflow/.local/lib/python3.7/site-packages/airflow/example_dags/example_short_circuit_decorator.py
[2024-03-28T15:58:47.578+0000] {processor.py:766} INFO - DAG(s) dict_keys(['example_short_circuit_decorator']) retrieved from /home/airflow/.local/lib/python3.7/site-packages/airflow/example_dags/example_short_circuit_decorator.py
[2024-03-28T15:58:48.653+0000] {logging_mixin.py:120} INFO - [2024-03-28T15:58:48.644+0000] {dag.py:2585} INFO - Sync 1 DAGs
[2024-03-28T15:58:49.256+0000] {logging_mixin.py:120} INFO - [2024-03-28T15:58:49.234+0000] {dag.py:3340} INFO - Setting next_dagrun for example_short_circuit_decorator to 2024-03-27T19:27:27.779360+00:00, run_after=2024-03-28T19:27:27.779360+00:00
[2024-03-28T15:59:00.417+0000] {processor.py:176} INFO - Processing /home/airflow/.local/lib/python3.7/site-packages/airflow/example_dags/example_short_circuit_decorator.py took 12.780 seconds
