[2024-03-28T15:20:41.760+0000] {processor.py:154} INFO - Started process (PID=77) to work on /home/airflow/.local/lib/python3.7/site-packages/airflow/example_dags/example_latest_only_with_trigger.py
[2024-03-28T15:20:41.762+0000] {processor.py:756} INFO - Processing file /home/airflow/.local/lib/python3.7/site-packages/airflow/example_dags/example_latest_only_with_trigger.py for tasks to queue
[2024-03-28T15:20:41.763+0000] {logging_mixin.py:120} INFO - [2024-03-28T15:20:41.763+0000] {dagbag.py:537} INFO - Filling up the DagBag from /home/airflow/.local/lib/python3.7/site-packages/airflow/example_dags/example_latest_only_with_trigger.py
[2024-03-28T15:20:41.797+0000] {processor.py:766} INFO - DAG(s) dict_keys(['latest_only_with_trigger']) retrieved from /home/airflow/.local/lib/python3.7/site-packages/airflow/example_dags/example_latest_only_with_trigger.py
[2024-03-28T15:20:41.838+0000] {logging_mixin.py:120} INFO - [2024-03-28T15:20:41.838+0000] {dag.py:2585} INFO - Sync 1 DAGs
[2024-03-28T15:20:41.870+0000] {logging_mixin.py:120} INFO - [2024-03-28T15:20:41.869+0000] {dag.py:3340} INFO - Setting next_dagrun for latest_only_with_trigger to 2024-03-28T11:20:41.869658+00:00, run_after=2024-03-28T15:20:41.869658+00:00
[2024-03-28T15:20:41.889+0000] {processor.py:176} INFO - Processing /home/airflow/.local/lib/python3.7/site-packages/airflow/example_dags/example_latest_only_with_trigger.py took 0.133 seconds
[2024-03-28T15:24:59.763+0000] {processor.py:154} INFO - Started process (PID=81) to work on /home/airflow/.local/lib/python3.7/site-packages/airflow/example_dags/example_latest_only_with_trigger.py
[2024-03-28T15:24:59.774+0000] {processor.py:756} INFO - Processing file /home/airflow/.local/lib/python3.7/site-packages/airflow/example_dags/example_latest_only_with_trigger.py for tasks to queue
[2024-03-28T15:24:59.780+0000] {logging_mixin.py:120} INFO - [2024-03-28T15:24:59.776+0000] {dagbag.py:537} INFO - Filling up the DagBag from /home/airflow/.local/lib/python3.7/site-packages/airflow/example_dags/example_latest_only_with_trigger.py
[2024-03-28T15:24:59.926+0000] {processor.py:766} INFO - DAG(s) dict_keys(['latest_only_with_trigger']) retrieved from /home/airflow/.local/lib/python3.7/site-packages/airflow/example_dags/example_latest_only_with_trigger.py
[2024-03-28T15:25:00.098+0000] {logging_mixin.py:120} INFO - [2024-03-28T15:25:00.096+0000] {taskinstance.py:1853} ERROR - {'DAG Id': 'latest_only_with_trigger', 'Task Id': 'latest_only', 'Run Id': 'scheduled__2024-03-27T15:27:27.578440+00:00', 'Hostname': '1186947611cb', 'External Executor Id': 'e54edf29-9c01-4293-978b-37d622eeeda5'}
[2024-03-28T15:25:01.913+0000] {logging_mixin.py:120} INFO - [2024-03-28T15:25:01.909+0000] {taskinstance.py:1406} INFO - Marking task as FAILED. dag_id=latest_only_with_trigger, task_id=latest_only, execution_date=20240327T152727, start_date=20240328T152351, end_date=20240328T152500
[2024-03-28T15:25:01.983+0000] {processor.py:725} INFO - Executed failure callback for <TaskInstance: latest_only_with_trigger.latest_only scheduled__2024-03-27T15:27:27.578440+00:00 [failed]> in state failed
[2024-03-28T15:25:02.228+0000] {logging_mixin.py:120} INFO - [2024-03-28T15:25:02.227+0000] {dag.py:2585} INFO - Sync 1 DAGs
[2024-03-28T15:25:02.286+0000] {logging_mixin.py:120} INFO - [2024-03-28T15:25:02.286+0000] {dag.py:3340} INFO - Setting next_dagrun for latest_only_with_trigger to 2024-03-28T11:25:02.285487+00:00, run_after=2024-03-28T15:25:02.285487+00:00
[2024-03-28T15:25:02.330+0000] {processor.py:176} INFO - Processing /home/airflow/.local/lib/python3.7/site-packages/airflow/example_dags/example_latest_only_with_trigger.py took 2.611 seconds
[2024-03-28T15:27:39.991+0000] {processor.py:154} INFO - Started process (PID=100) to work on /home/airflow/.local/lib/python3.7/site-packages/airflow/example_dags/example_latest_only_with_trigger.py
[2024-03-28T15:27:39.994+0000] {processor.py:756} INFO - Processing file /home/airflow/.local/lib/python3.7/site-packages/airflow/example_dags/example_latest_only_with_trigger.py for tasks to queue
[2024-03-28T15:27:39.997+0000] {logging_mixin.py:120} INFO - [2024-03-28T15:27:39.997+0000] {dagbag.py:537} INFO - Filling up the DagBag from /home/airflow/.local/lib/python3.7/site-packages/airflow/example_dags/example_latest_only_with_trigger.py
[2024-03-28T15:27:40.110+0000] {processor.py:766} INFO - DAG(s) dict_keys(['latest_only_with_trigger']) retrieved from /home/airflow/.local/lib/python3.7/site-packages/airflow/example_dags/example_latest_only_with_trigger.py
[2024-03-28T15:27:40.405+0000] {logging_mixin.py:120} INFO - [2024-03-28T15:27:40.404+0000] {dag.py:2585} INFO - Sync 1 DAGs
[2024-03-28T15:27:40.486+0000] {logging_mixin.py:120} INFO - [2024-03-28T15:27:40.485+0000] {dag.py:3340} INFO - Setting next_dagrun for latest_only_with_trigger to 2024-03-28T11:27:40.484479+00:00, run_after=2024-03-28T15:27:40.484479+00:00
[2024-03-28T15:27:40.551+0000] {processor.py:176} INFO - Processing /home/airflow/.local/lib/python3.7/site-packages/airflow/example_dags/example_latest_only_with_trigger.py took 0.582 seconds
[2024-03-28T15:28:11.204+0000] {processor.py:154} INFO - Started process (PID=166) to work on /home/airflow/.local/lib/python3.7/site-packages/airflow/example_dags/example_latest_only_with_trigger.py
[2024-03-28T15:28:11.206+0000] {processor.py:756} INFO - Processing file /home/airflow/.local/lib/python3.7/site-packages/airflow/example_dags/example_latest_only_with_trigger.py for tasks to queue
[2024-03-28T15:28:11.207+0000] {logging_mixin.py:120} INFO - [2024-03-28T15:28:11.207+0000] {dagbag.py:537} INFO - Filling up the DagBag from /home/airflow/.local/lib/python3.7/site-packages/airflow/example_dags/example_latest_only_with_trigger.py
[2024-03-28T15:28:11.260+0000] {processor.py:766} INFO - DAG(s) dict_keys(['latest_only_with_trigger']) retrieved from /home/airflow/.local/lib/python3.7/site-packages/airflow/example_dags/example_latest_only_with_trigger.py
[2024-03-28T15:28:11.458+0000] {logging_mixin.py:120} INFO - [2024-03-28T15:28:11.457+0000] {dag.py:2585} INFO - Sync 1 DAGs
[2024-03-28T15:28:11.514+0000] {logging_mixin.py:120} INFO - [2024-03-28T15:28:11.514+0000] {dag.py:3340} INFO - Setting next_dagrun for latest_only_with_trigger to 2024-03-28T11:28:11.512066+00:00, run_after=2024-03-28T15:28:11.512066+00:00
[2024-03-28T15:28:11.555+0000] {processor.py:176} INFO - Processing /home/airflow/.local/lib/python3.7/site-packages/airflow/example_dags/example_latest_only_with_trigger.py took 0.355 seconds
[2024-03-28T15:30:31.640+0000] {processor.py:154} INFO - Started process (PID=108) to work on /home/airflow/.local/lib/python3.7/site-packages/airflow/example_dags/example_latest_only_with_trigger.py
[2024-03-28T15:30:31.646+0000] {processor.py:756} INFO - Processing file /home/airflow/.local/lib/python3.7/site-packages/airflow/example_dags/example_latest_only_with_trigger.py for tasks to queue
[2024-03-28T15:30:31.653+0000] {logging_mixin.py:120} INFO - [2024-03-28T15:30:31.653+0000] {dagbag.py:537} INFO - Filling up the DagBag from /home/airflow/.local/lib/python3.7/site-packages/airflow/example_dags/example_latest_only_with_trigger.py
[2024-03-28T15:30:31.819+0000] {processor.py:766} INFO - DAG(s) dict_keys(['latest_only_with_trigger']) retrieved from /home/airflow/.local/lib/python3.7/site-packages/airflow/example_dags/example_latest_only_with_trigger.py
[2024-03-28T15:30:32.121+0000] {logging_mixin.py:120} INFO - [2024-03-28T15:30:32.120+0000] {dag.py:2585} INFO - Sync 1 DAGs
[2024-03-28T15:30:32.320+0000] {logging_mixin.py:120} INFO - [2024-03-28T15:30:32.317+0000] {dag.py:3340} INFO - Setting next_dagrun for latest_only_with_trigger to 2024-03-28T11:30:32.311148+00:00, run_after=2024-03-28T15:30:32.311148+00:00
[2024-03-28T15:30:32.483+0000] {processor.py:176} INFO - Processing /home/airflow/.local/lib/python3.7/site-packages/airflow/example_dags/example_latest_only_with_trigger.py took 0.910 seconds
[2024-03-28T15:38:49.072+0000] {processor.py:154} INFO - Started process (PID=116) to work on /home/airflow/.local/lib/python3.7/site-packages/airflow/example_dags/example_latest_only_with_trigger.py
[2024-03-28T15:38:49.073+0000] {processor.py:756} INFO - Processing file /home/airflow/.local/lib/python3.7/site-packages/airflow/example_dags/example_latest_only_with_trigger.py for tasks to queue
[2024-03-28T15:38:49.074+0000] {logging_mixin.py:120} INFO - [2024-03-28T15:38:49.074+0000] {dagbag.py:537} INFO - Filling up the DagBag from /home/airflow/.local/lib/python3.7/site-packages/airflow/example_dags/example_latest_only_with_trigger.py
[2024-03-28T15:38:49.097+0000] {processor.py:766} INFO - DAG(s) dict_keys(['latest_only_with_trigger']) retrieved from /home/airflow/.local/lib/python3.7/site-packages/airflow/example_dags/example_latest_only_with_trigger.py
[2024-03-28T15:38:49.164+0000] {logging_mixin.py:120} INFO - [2024-03-28T15:38:49.163+0000] {dag.py:2585} INFO - Sync 1 DAGs
[2024-03-28T15:38:49.226+0000] {logging_mixin.py:120} INFO - [2024-03-28T15:38:49.226+0000] {dag.py:3340} INFO - Setting next_dagrun for latest_only_with_trigger to 2024-03-28T11:38:49.225220+00:00, run_after=2024-03-28T15:38:49.225220+00:00
[2024-03-28T15:38:49.266+0000] {processor.py:176} INFO - Processing /home/airflow/.local/lib/python3.7/site-packages/airflow/example_dags/example_latest_only_with_trigger.py took 0.200 seconds
[2024-03-28T15:42:24.018+0000] {processor.py:154} INFO - Started process (PID=113) to work on /home/airflow/.local/lib/python3.7/site-packages/airflow/example_dags/example_latest_only_with_trigger.py
[2024-03-28T15:42:24.022+0000] {processor.py:756} INFO - Processing file /home/airflow/.local/lib/python3.7/site-packages/airflow/example_dags/example_latest_only_with_trigger.py for tasks to queue
[2024-03-28T15:42:24.023+0000] {logging_mixin.py:120} INFO - [2024-03-28T15:42:24.023+0000] {dagbag.py:537} INFO - Filling up the DagBag from /home/airflow/.local/lib/python3.7/site-packages/airflow/example_dags/example_latest_only_with_trigger.py
[2024-03-28T15:42:24.088+0000] {processor.py:766} INFO - DAG(s) dict_keys(['latest_only_with_trigger']) retrieved from /home/airflow/.local/lib/python3.7/site-packages/airflow/example_dags/example_latest_only_with_trigger.py
[2024-03-28T15:42:24.234+0000] {logging_mixin.py:120} INFO - [2024-03-28T15:42:24.231+0000] {dag.py:2585} INFO - Sync 1 DAGs
[2024-03-28T15:42:24.376+0000] {logging_mixin.py:120} INFO - [2024-03-28T15:42:24.375+0000] {dag.py:3340} INFO - Setting next_dagrun for latest_only_with_trigger to 2024-03-28T11:42:24.372874+00:00, run_after=2024-03-28T15:42:24.372874+00:00
[2024-03-28T15:42:24.614+0000] {processor.py:176} INFO - Processing /home/airflow/.local/lib/python3.7/site-packages/airflow/example_dags/example_latest_only_with_trigger.py took 0.598 seconds
[2024-03-28T15:42:56.758+0000] {processor.py:154} INFO - Started process (PID=64) to work on /home/airflow/.local/lib/python3.7/site-packages/airflow/example_dags/example_latest_only_with_trigger.py
[2024-03-28T15:42:56.759+0000] {processor.py:756} INFO - Processing file /home/airflow/.local/lib/python3.7/site-packages/airflow/example_dags/example_latest_only_with_trigger.py for tasks to queue
[2024-03-28T15:42:56.759+0000] {logging_mixin.py:120} INFO - [2024-03-28T15:42:56.759+0000] {dagbag.py:537} INFO - Filling up the DagBag from /home/airflow/.local/lib/python3.7/site-packages/airflow/example_dags/example_latest_only_with_trigger.py
[2024-03-28T15:42:56.770+0000] {processor.py:766} INFO - DAG(s) dict_keys(['latest_only_with_trigger']) retrieved from /home/airflow/.local/lib/python3.7/site-packages/airflow/example_dags/example_latest_only_with_trigger.py
[2024-03-28T15:42:56.793+0000] {logging_mixin.py:120} INFO - [2024-03-28T15:42:56.792+0000] {dag.py:2585} INFO - Sync 1 DAGs
[2024-03-28T15:42:56.808+0000] {logging_mixin.py:120} INFO - [2024-03-28T15:42:56.807+0000] {dag.py:3340} INFO - Setting next_dagrun for latest_only_with_trigger to 2024-03-28T11:42:56.807765+00:00, run_after=2024-03-28T15:42:56.807765+00:00
[2024-03-28T15:42:56.819+0000] {processor.py:176} INFO - Processing /home/airflow/.local/lib/python3.7/site-packages/airflow/example_dags/example_latest_only_with_trigger.py took 0.063 seconds
[2024-03-28T15:45:21.018+0000] {processor.py:154} INFO - Started process (PID=82) to work on /home/airflow/.local/lib/python3.7/site-packages/airflow/example_dags/example_latest_only_with_trigger.py
[2024-03-28T15:45:21.019+0000] {processor.py:756} INFO - Processing file /home/airflow/.local/lib/python3.7/site-packages/airflow/example_dags/example_latest_only_with_trigger.py for tasks to queue
[2024-03-28T15:45:21.019+0000] {logging_mixin.py:120} INFO - [2024-03-28T15:45:21.019+0000] {dagbag.py:537} INFO - Filling up the DagBag from /home/airflow/.local/lib/python3.7/site-packages/airflow/example_dags/example_latest_only_with_trigger.py
[2024-03-28T15:45:21.034+0000] {processor.py:766} INFO - DAG(s) dict_keys(['latest_only_with_trigger']) retrieved from /home/airflow/.local/lib/python3.7/site-packages/airflow/example_dags/example_latest_only_with_trigger.py
[2024-03-28T15:45:21.059+0000] {logging_mixin.py:120} INFO - [2024-03-28T15:45:21.059+0000] {dag.py:2585} INFO - Sync 1 DAGs
[2024-03-28T15:45:21.076+0000] {logging_mixin.py:120} INFO - [2024-03-28T15:45:21.076+0000] {dag.py:3340} INFO - Setting next_dagrun for latest_only_with_trigger to 2024-03-28T11:45:21.076564+00:00, run_after=2024-03-28T15:45:21.076564+00:00
[2024-03-28T15:45:21.090+0000] {processor.py:176} INFO - Processing /home/airflow/.local/lib/python3.7/site-packages/airflow/example_dags/example_latest_only_with_trigger.py took 0.075 seconds
[2024-03-28T15:50:49.317+0000] {processor.py:154} INFO - Started process (PID=116) to work on /home/airflow/.local/lib/python3.7/site-packages/airflow/example_dags/example_latest_only_with_trigger.py
[2024-03-28T15:50:49.319+0000] {processor.py:756} INFO - Processing file /home/airflow/.local/lib/python3.7/site-packages/airflow/example_dags/example_latest_only_with_trigger.py for tasks to queue
[2024-03-28T15:50:49.320+0000] {logging_mixin.py:120} INFO - [2024-03-28T15:50:49.319+0000] {dagbag.py:537} INFO - Filling up the DagBag from /home/airflow/.local/lib/python3.7/site-packages/airflow/example_dags/example_latest_only_with_trigger.py
[2024-03-28T15:50:49.362+0000] {processor.py:766} INFO - DAG(s) dict_keys(['latest_only_with_trigger']) retrieved from /home/airflow/.local/lib/python3.7/site-packages/airflow/example_dags/example_latest_only_with_trigger.py
[2024-03-28T15:50:49.430+0000] {logging_mixin.py:120} INFO - [2024-03-28T15:50:49.429+0000] {dag.py:2585} INFO - Sync 1 DAGs
[2024-03-28T15:50:49.462+0000] {logging_mixin.py:120} INFO - [2024-03-28T15:50:49.461+0000] {dag.py:3340} INFO - Setting next_dagrun for latest_only_with_trigger to 2024-03-28T11:50:49.461011+00:00, run_after=2024-03-28T15:50:49.461011+00:00
[2024-03-28T15:50:49.515+0000] {processor.py:176} INFO - Processing /home/airflow/.local/lib/python3.7/site-packages/airflow/example_dags/example_latest_only_with_trigger.py took 0.204 seconds
[2024-03-28T15:54:09.837+0000] {processor.py:154} INFO - Started process (PID=99) to work on /home/airflow/.local/lib/python3.7/site-packages/airflow/example_dags/example_latest_only_with_trigger.py
[2024-03-28T15:54:09.840+0000] {processor.py:756} INFO - Processing file /home/airflow/.local/lib/python3.7/site-packages/airflow/example_dags/example_latest_only_with_trigger.py for tasks to queue
[2024-03-28T15:54:09.841+0000] {logging_mixin.py:120} INFO - [2024-03-28T15:54:09.841+0000] {dagbag.py:537} INFO - Filling up the DagBag from /home/airflow/.local/lib/python3.7/site-packages/airflow/example_dags/example_latest_only_with_trigger.py
[2024-03-28T15:54:09.943+0000] {processor.py:766} INFO - DAG(s) dict_keys(['latest_only_with_trigger']) retrieved from /home/airflow/.local/lib/python3.7/site-packages/airflow/example_dags/example_latest_only_with_trigger.py
[2024-03-28T15:54:10.480+0000] {logging_mixin.py:120} INFO - [2024-03-28T15:54:10.480+0000] {dag.py:2585} INFO - Sync 1 DAGs
[2024-03-28T15:54:10.544+0000] {logging_mixin.py:120} INFO - [2024-03-28T15:54:10.543+0000] {dag.py:3340} INFO - Setting next_dagrun for latest_only_with_trigger to 2024-03-28T11:54:10.541534+00:00, run_after=2024-03-28T15:54:10.541534+00:00
[2024-03-28T15:54:10.597+0000] {processor.py:176} INFO - Processing /home/airflow/.local/lib/python3.7/site-packages/airflow/example_dags/example_latest_only_with_trigger.py took 0.766 seconds
[2024-03-28T15:58:39.401+0000] {processor.py:154} INFO - Started process (PID=131) to work on /home/airflow/.local/lib/python3.7/site-packages/airflow/example_dags/example_latest_only_with_trigger.py
[2024-03-28T15:58:39.789+0000] {processor.py:756} INFO - Processing file /home/airflow/.local/lib/python3.7/site-packages/airflow/example_dags/example_latest_only_with_trigger.py for tasks to queue
[2024-03-28T15:58:42.269+0000] {logging_mixin.py:120} INFO - [2024-03-28T15:58:42.262+0000] {dagbag.py:537} INFO - Filling up the DagBag from /home/airflow/.local/lib/python3.7/site-packages/airflow/example_dags/example_latest_only_with_trigger.py
[2024-03-28T15:58:42.725+0000] {processor.py:766} INFO - DAG(s) dict_keys(['latest_only_with_trigger']) retrieved from /home/airflow/.local/lib/python3.7/site-packages/airflow/example_dags/example_latest_only_with_trigger.py
[2024-03-28T15:58:43.936+0000] {logging_mixin.py:120} INFO - [2024-03-28T15:58:43.935+0000] {dag.py:2585} INFO - Sync 1 DAGs
[2024-03-28T15:58:44.085+0000] {logging_mixin.py:120} INFO - [2024-03-28T15:58:44.085+0000] {dag.py:3340} INFO - Setting next_dagrun for latest_only_with_trigger to 2024-03-28T11:58:44.085238+00:00, run_after=2024-03-28T15:58:44.085238+00:00
[2024-03-28T15:58:44.140+0000] {processor.py:176} INFO - Processing /home/airflow/.local/lib/python3.7/site-packages/airflow/example_dags/example_latest_only_with_trigger.py took 4.779 seconds
