[2024-03-28T15:20:29.305+0000] {processor.py:154} INFO - Started process (PID=47) to work on /home/airflow/.local/lib/python3.7/site-packages/airflow/example_dags/example_kubernetes_executor.py
[2024-03-28T15:20:29.306+0000] {processor.py:756} INFO - Processing file /home/airflow/.local/lib/python3.7/site-packages/airflow/example_dags/example_kubernetes_executor.py for tasks to queue
[2024-03-28T15:20:29.307+0000] {logging_mixin.py:120} INFO - [2024-03-28T15:20:29.307+0000] {dagbag.py:537} INFO - Filling up the DagBag from /home/airflow/.local/lib/python3.7/site-packages/airflow/example_dags/example_kubernetes_executor.py
[2024-03-28T15:20:29.330+0000] {processor.py:766} INFO - DAG(s) dict_keys(['example_kubernetes_executor']) retrieved from /home/airflow/.local/lib/python3.7/site-packages/airflow/example_dags/example_kubernetes_executor.py
[2024-03-28T15:20:29.378+0000] {logging_mixin.py:120} INFO - [2024-03-28T15:20:29.378+0000] {dag.py:2585} INFO - Sync 1 DAGs
[2024-03-28T15:20:29.411+0000] {logging_mixin.py:120} INFO - [2024-03-28T15:20:29.411+0000] {dag.py:3340} INFO - Setting next_dagrun for example_kubernetes_executor to None, run_after=None
[2024-03-28T15:20:29.425+0000] {processor.py:176} INFO - Processing /home/airflow/.local/lib/python3.7/site-packages/airflow/example_dags/example_kubernetes_executor.py took 0.124 seconds
[2024-03-28T15:22:21.483+0000] {processor.py:154} INFO - Started process (PID=126) to work on /home/airflow/.local/lib/python3.7/site-packages/airflow/example_dags/example_kubernetes_executor.py
[2024-03-28T15:22:21.499+0000] {processor.py:756} INFO - Processing file /home/airflow/.local/lib/python3.7/site-packages/airflow/example_dags/example_kubernetes_executor.py for tasks to queue
[2024-03-28T15:22:21.506+0000] {logging_mixin.py:120} INFO - [2024-03-28T15:22:21.506+0000] {dagbag.py:537} INFO - Filling up the DagBag from /home/airflow/.local/lib/python3.7/site-packages/airflow/example_dags/example_kubernetes_executor.py
[2024-03-28T15:22:21.965+0000] {processor.py:766} INFO - DAG(s) dict_keys(['example_kubernetes_executor']) retrieved from /home/airflow/.local/lib/python3.7/site-packages/airflow/example_dags/example_kubernetes_executor.py
[2024-03-28T15:22:23.925+0000] {logging_mixin.py:120} INFO - [2024-03-28T15:22:23.920+0000] {dag.py:2585} INFO - Sync 1 DAGs
[2024-03-28T15:22:25.909+0000] {logging_mixin.py:120} INFO - [2024-03-28T15:22:25.889+0000] {dag.py:3340} INFO - Setting next_dagrun for example_kubernetes_executor to None, run_after=None
[2024-03-28T15:22:32.822+0000] {processor.py:176} INFO - Processing /home/airflow/.local/lib/python3.7/site-packages/airflow/example_dags/example_kubernetes_executor.py took 10.518 seconds
[2024-03-28T15:24:53.233+0000] {processor.py:154} INFO - Started process (PID=77) to work on /home/airflow/.local/lib/python3.7/site-packages/airflow/example_dags/example_kubernetes_executor.py
[2024-03-28T15:24:53.238+0000] {processor.py:756} INFO - Processing file /home/airflow/.local/lib/python3.7/site-packages/airflow/example_dags/example_kubernetes_executor.py for tasks to queue
[2024-03-28T15:24:53.240+0000] {logging_mixin.py:120} INFO - [2024-03-28T15:24:53.240+0000] {dagbag.py:537} INFO - Filling up the DagBag from /home/airflow/.local/lib/python3.7/site-packages/airflow/example_dags/example_kubernetes_executor.py
[2024-03-28T15:24:53.700+0000] {processor.py:766} INFO - DAG(s) dict_keys(['example_kubernetes_executor']) retrieved from /home/airflow/.local/lib/python3.7/site-packages/airflow/example_dags/example_kubernetes_executor.py
[2024-03-28T15:24:54.166+0000] {logging_mixin.py:120} INFO - [2024-03-28T15:24:54.166+0000] {dag.py:2585} INFO - Sync 1 DAGs
[2024-03-28T15:24:54.311+0000] {logging_mixin.py:120} INFO - [2024-03-28T15:24:54.310+0000] {dag.py:3340} INFO - Setting next_dagrun for example_kubernetes_executor to None, run_after=None
[2024-03-28T15:24:54.467+0000] {processor.py:176} INFO - Processing /home/airflow/.local/lib/python3.7/site-packages/airflow/example_dags/example_kubernetes_executor.py took 1.244 seconds
[2024-03-28T15:25:54.725+0000] {processor.py:154} INFO - Started process (PID=151) to work on /home/airflow/.local/lib/python3.7/site-packages/airflow/example_dags/example_kubernetes_executor.py
[2024-03-28T15:25:54.734+0000] {processor.py:756} INFO - Processing file /home/airflow/.local/lib/python3.7/site-packages/airflow/example_dags/example_kubernetes_executor.py for tasks to queue
[2024-03-28T15:25:54.737+0000] {logging_mixin.py:120} INFO - [2024-03-28T15:25:54.737+0000] {dagbag.py:537} INFO - Filling up the DagBag from /home/airflow/.local/lib/python3.7/site-packages/airflow/example_dags/example_kubernetes_executor.py
[2024-03-28T15:25:55.049+0000] {processor.py:766} INFO - DAG(s) dict_keys(['example_kubernetes_executor']) retrieved from /home/airflow/.local/lib/python3.7/site-packages/airflow/example_dags/example_kubernetes_executor.py
[2024-03-28T15:25:55.566+0000] {logging_mixin.py:120} INFO - [2024-03-28T15:25:55.558+0000] {dag.py:2585} INFO - Sync 1 DAGs
[2024-03-28T15:25:55.781+0000] {logging_mixin.py:120} INFO - [2024-03-28T15:25:55.780+0000] {dag.py:3340} INFO - Setting next_dagrun for example_kubernetes_executor to None, run_after=None
[2024-03-28T15:25:55.854+0000] {processor.py:176} INFO - Processing /home/airflow/.local/lib/python3.7/site-packages/airflow/example_dags/example_kubernetes_executor.py took 1.252 seconds
[2024-03-28T15:27:13.358+0000] {processor.py:154} INFO - Started process (PID=70) to work on /home/airflow/.local/lib/python3.7/site-packages/airflow/example_dags/example_kubernetes_executor.py
[2024-03-28T15:27:13.361+0000] {processor.py:756} INFO - Processing file /home/airflow/.local/lib/python3.7/site-packages/airflow/example_dags/example_kubernetes_executor.py for tasks to queue
[2024-03-28T15:27:13.363+0000] {logging_mixin.py:120} INFO - [2024-03-28T15:27:13.363+0000] {dagbag.py:537} INFO - Filling up the DagBag from /home/airflow/.local/lib/python3.7/site-packages/airflow/example_dags/example_kubernetes_executor.py
[2024-03-28T15:27:13.617+0000] {processor.py:766} INFO - DAG(s) dict_keys(['example_kubernetes_executor']) retrieved from /home/airflow/.local/lib/python3.7/site-packages/airflow/example_dags/example_kubernetes_executor.py
[2024-03-28T15:27:14.128+0000] {logging_mixin.py:120} INFO - [2024-03-28T15:27:14.127+0000] {dag.py:2585} INFO - Sync 1 DAGs
[2024-03-28T15:27:14.301+0000] {logging_mixin.py:120} INFO - [2024-03-28T15:27:14.301+0000] {dag.py:3340} INFO - Setting next_dagrun for example_kubernetes_executor to None, run_after=None
[2024-03-28T15:27:14.490+0000] {processor.py:176} INFO - Processing /home/airflow/.local/lib/python3.7/site-packages/airflow/example_dags/example_kubernetes_executor.py took 1.151 seconds
[2024-03-28T15:28:00.363+0000] {processor.py:154} INFO - Started process (PID=135) to work on /home/airflow/.local/lib/python3.7/site-packages/airflow/example_dags/example_kubernetes_executor.py
[2024-03-28T15:28:00.365+0000] {processor.py:756} INFO - Processing file /home/airflow/.local/lib/python3.7/site-packages/airflow/example_dags/example_kubernetes_executor.py for tasks to queue
[2024-03-28T15:28:00.366+0000] {logging_mixin.py:120} INFO - [2024-03-28T15:28:00.366+0000] {dagbag.py:537} INFO - Filling up the DagBag from /home/airflow/.local/lib/python3.7/site-packages/airflow/example_dags/example_kubernetes_executor.py
[2024-03-28T15:28:00.433+0000] {processor.py:766} INFO - DAG(s) dict_keys(['example_kubernetes_executor']) retrieved from /home/airflow/.local/lib/python3.7/site-packages/airflow/example_dags/example_kubernetes_executor.py
[2024-03-28T15:28:00.484+0000] {logging_mixin.py:120} INFO - [2024-03-28T15:28:00.484+0000] {dag.py:2585} INFO - Sync 1 DAGs
[2024-03-28T15:28:00.529+0000] {logging_mixin.py:120} INFO - [2024-03-28T15:28:00.529+0000] {dag.py:3340} INFO - Setting next_dagrun for example_kubernetes_executor to None, run_after=None
[2024-03-28T15:28:00.572+0000] {processor.py:176} INFO - Processing /home/airflow/.local/lib/python3.7/site-packages/airflow/example_dags/example_kubernetes_executor.py took 0.215 seconds
[2024-03-28T15:29:58.058+0000] {processor.py:154} INFO - Started process (PID=78) to work on /home/airflow/.local/lib/python3.7/site-packages/airflow/example_dags/example_kubernetes_executor.py
[2024-03-28T15:29:58.065+0000] {processor.py:756} INFO - Processing file /home/airflow/.local/lib/python3.7/site-packages/airflow/example_dags/example_kubernetes_executor.py for tasks to queue
[2024-03-28T15:29:58.068+0000] {logging_mixin.py:120} INFO - [2024-03-28T15:29:58.068+0000] {dagbag.py:537} INFO - Filling up the DagBag from /home/airflow/.local/lib/python3.7/site-packages/airflow/example_dags/example_kubernetes_executor.py
[2024-03-28T15:29:59.309+0000] {processor.py:766} INFO - DAG(s) dict_keys(['example_kubernetes_executor']) retrieved from /home/airflow/.local/lib/python3.7/site-packages/airflow/example_dags/example_kubernetes_executor.py
[2024-03-28T15:30:00.874+0000] {logging_mixin.py:120} INFO - [2024-03-28T15:30:00.866+0000] {dag.py:2585} INFO - Sync 1 DAGs
[2024-03-28T15:30:01.285+0000] {logging_mixin.py:120} INFO - [2024-03-28T15:30:01.266+0000] {dag.py:3340} INFO - Setting next_dagrun for example_kubernetes_executor to None, run_after=None
[2024-03-28T15:30:02.505+0000] {processor.py:176} INFO - Processing /home/airflow/.local/lib/python3.7/site-packages/airflow/example_dags/example_kubernetes_executor.py took 4.470 seconds
[2024-03-28T15:34:56.881+0000] {processor.py:154} INFO - Started process (PID=79) to work on /home/airflow/.local/lib/python3.7/site-packages/airflow/example_dags/example_kubernetes_executor.py
[2024-03-28T15:34:56.887+0000] {processor.py:756} INFO - Processing file /home/airflow/.local/lib/python3.7/site-packages/airflow/example_dags/example_kubernetes_executor.py for tasks to queue
[2024-03-28T15:34:56.889+0000] {logging_mixin.py:120} INFO - [2024-03-28T15:34:56.889+0000] {dagbag.py:537} INFO - Filling up the DagBag from /home/airflow/.local/lib/python3.7/site-packages/airflow/example_dags/example_kubernetes_executor.py
[2024-03-28T15:34:57.137+0000] {processor.py:766} INFO - DAG(s) dict_keys(['example_kubernetes_executor']) retrieved from /home/airflow/.local/lib/python3.7/site-packages/airflow/example_dags/example_kubernetes_executor.py
[2024-03-28T15:34:57.634+0000] {logging_mixin.py:120} INFO - [2024-03-28T15:34:57.630+0000] {dag.py:2585} INFO - Sync 1 DAGs
[2024-03-28T15:34:57.821+0000] {logging_mixin.py:120} INFO - [2024-03-28T15:34:57.820+0000] {dag.py:3340} INFO - Setting next_dagrun for example_kubernetes_executor to None, run_after=None
[2024-03-28T15:34:57.955+0000] {processor.py:176} INFO - Processing /home/airflow/.local/lib/python3.7/site-packages/airflow/example_dags/example_kubernetes_executor.py took 1.081 seconds
[2024-03-28T15:39:19.633+0000] {processor.py:154} INFO - Started process (PID=152) to work on /home/airflow/.local/lib/python3.7/site-packages/airflow/example_dags/example_kubernetes_executor.py
[2024-03-28T15:39:19.639+0000] {processor.py:756} INFO - Processing file /home/airflow/.local/lib/python3.7/site-packages/airflow/example_dags/example_kubernetes_executor.py for tasks to queue
[2024-03-28T15:39:19.646+0000] {logging_mixin.py:120} INFO - [2024-03-28T15:39:19.645+0000] {dagbag.py:537} INFO - Filling up the DagBag from /home/airflow/.local/lib/python3.7/site-packages/airflow/example_dags/example_kubernetes_executor.py
[2024-03-28T15:39:19.789+0000] {processor.py:766} INFO - DAG(s) dict_keys(['example_kubernetes_executor']) retrieved from /home/airflow/.local/lib/python3.7/site-packages/airflow/example_dags/example_kubernetes_executor.py
[2024-03-28T15:39:19.979+0000] {logging_mixin.py:120} INFO - [2024-03-28T15:39:19.979+0000] {dag.py:2585} INFO - Sync 1 DAGs
[2024-03-28T15:39:20.291+0000] {logging_mixin.py:120} INFO - [2024-03-28T15:39:20.278+0000] {dag.py:3340} INFO - Setting next_dagrun for example_kubernetes_executor to None, run_after=None
[2024-03-28T15:39:20.408+0000] {processor.py:176} INFO - Processing /home/airflow/.local/lib/python3.7/site-packages/airflow/example_dags/example_kubernetes_executor.py took 0.807 seconds
[2024-03-28T15:42:02.589+0000] {processor.py:154} INFO - Started process (PID=76) to work on /home/airflow/.local/lib/python3.7/site-packages/airflow/example_dags/example_kubernetes_executor.py
[2024-03-28T15:42:02.590+0000] {processor.py:756} INFO - Processing file /home/airflow/.local/lib/python3.7/site-packages/airflow/example_dags/example_kubernetes_executor.py for tasks to queue
[2024-03-28T15:42:02.591+0000] {logging_mixin.py:120} INFO - [2024-03-28T15:42:02.591+0000] {dagbag.py:537} INFO - Filling up the DagBag from /home/airflow/.local/lib/python3.7/site-packages/airflow/example_dags/example_kubernetes_executor.py
[2024-03-28T15:42:02.623+0000] {processor.py:766} INFO - DAG(s) dict_keys(['example_kubernetes_executor']) retrieved from /home/airflow/.local/lib/python3.7/site-packages/airflow/example_dags/example_kubernetes_executor.py
[2024-03-28T15:42:02.668+0000] {logging_mixin.py:120} INFO - [2024-03-28T15:42:02.668+0000] {dag.py:2585} INFO - Sync 1 DAGs
[2024-03-28T15:42:02.692+0000] {logging_mixin.py:120} INFO - [2024-03-28T15:42:02.692+0000] {dag.py:3340} INFO - Setting next_dagrun for example_kubernetes_executor to None, run_after=None
[2024-03-28T15:42:02.715+0000] {processor.py:176} INFO - Processing /home/airflow/.local/lib/python3.7/site-packages/airflow/example_dags/example_kubernetes_executor.py took 0.129 seconds
[2024-03-28T15:42:54.608+0000] {processor.py:154} INFO - Started process (PID=43) to work on /home/airflow/.local/lib/python3.7/site-packages/airflow/example_dags/example_kubernetes_executor.py
[2024-03-28T15:42:54.609+0000] {processor.py:756} INFO - Processing file /home/airflow/.local/lib/python3.7/site-packages/airflow/example_dags/example_kubernetes_executor.py for tasks to queue
[2024-03-28T15:42:54.610+0000] {logging_mixin.py:120} INFO - [2024-03-28T15:42:54.609+0000] {dagbag.py:537} INFO - Filling up the DagBag from /home/airflow/.local/lib/python3.7/site-packages/airflow/example_dags/example_kubernetes_executor.py
[2024-03-28T15:42:54.637+0000] {processor.py:766} INFO - DAG(s) dict_keys(['example_kubernetes_executor']) retrieved from /home/airflow/.local/lib/python3.7/site-packages/airflow/example_dags/example_kubernetes_executor.py
[2024-03-28T15:42:54.672+0000] {logging_mixin.py:120} INFO - [2024-03-28T15:42:54.671+0000] {dag.py:2585} INFO - Sync 1 DAGs
[2024-03-28T15:42:54.701+0000] {logging_mixin.py:120} INFO - [2024-03-28T15:42:54.701+0000] {dag.py:3340} INFO - Setting next_dagrun for example_kubernetes_executor to None, run_after=None
[2024-03-28T15:42:54.717+0000] {processor.py:176} INFO - Processing /home/airflow/.local/lib/python3.7/site-packages/airflow/example_dags/example_kubernetes_executor.py took 0.112 seconds
[2024-03-28T15:43:49.061+0000] {processor.py:154} INFO - Started process (PID=115) to work on /home/airflow/.local/lib/python3.7/site-packages/airflow/example_dags/example_kubernetes_executor.py
[2024-03-28T15:43:49.082+0000] {processor.py:756} INFO - Processing file /home/airflow/.local/lib/python3.7/site-packages/airflow/example_dags/example_kubernetes_executor.py for tasks to queue
[2024-03-28T15:43:49.114+0000] {logging_mixin.py:120} INFO - [2024-03-28T15:43:49.112+0000] {dagbag.py:537} INFO - Filling up the DagBag from /home/airflow/.local/lib/python3.7/site-packages/airflow/example_dags/example_kubernetes_executor.py
[2024-03-28T15:43:49.396+0000] {processor.py:766} INFO - DAG(s) dict_keys(['example_kubernetes_executor']) retrieved from /home/airflow/.local/lib/python3.7/site-packages/airflow/example_dags/example_kubernetes_executor.py
[2024-03-28T15:43:49.779+0000] {logging_mixin.py:120} INFO - [2024-03-28T15:43:49.775+0000] {dag.py:2585} INFO - Sync 1 DAGs
[2024-03-28T15:43:50.182+0000] {logging_mixin.py:120} INFO - [2024-03-28T15:43:50.182+0000] {dag.py:3340} INFO - Setting next_dagrun for example_kubernetes_executor to None, run_after=None
[2024-03-28T15:43:50.681+0000] {processor.py:176} INFO - Processing /home/airflow/.local/lib/python3.7/site-packages/airflow/example_dags/example_kubernetes_executor.py took 1.651 seconds
[2024-03-28T15:45:19.516+0000] {processor.py:154} INFO - Started process (PID=61) to work on /home/airflow/.local/lib/python3.7/site-packages/airflow/example_dags/example_kubernetes_executor.py
[2024-03-28T15:45:19.517+0000] {processor.py:756} INFO - Processing file /home/airflow/.local/lib/python3.7/site-packages/airflow/example_dags/example_kubernetes_executor.py for tasks to queue
[2024-03-28T15:45:19.519+0000] {logging_mixin.py:120} INFO - [2024-03-28T15:45:19.518+0000] {dagbag.py:537} INFO - Filling up the DagBag from /home/airflow/.local/lib/python3.7/site-packages/airflow/example_dags/example_kubernetes_executor.py
[2024-03-28T15:45:19.538+0000] {processor.py:766} INFO - DAG(s) dict_keys(['example_kubernetes_executor']) retrieved from /home/airflow/.local/lib/python3.7/site-packages/airflow/example_dags/example_kubernetes_executor.py
[2024-03-28T15:45:19.567+0000] {logging_mixin.py:120} INFO - [2024-03-28T15:45:19.567+0000] {dag.py:2585} INFO - Sync 1 DAGs
[2024-03-28T15:45:19.587+0000] {logging_mixin.py:120} INFO - [2024-03-28T15:45:19.587+0000] {dag.py:3340} INFO - Setting next_dagrun for example_kubernetes_executor to None, run_after=None
[2024-03-28T15:45:19.599+0000] {processor.py:176} INFO - Processing /home/airflow/.local/lib/python3.7/site-packages/airflow/example_dags/example_kubernetes_executor.py took 0.086 seconds
[2024-03-28T15:46:26.793+0000] {processor.py:154} INFO - Started process (PID=130) to work on /home/airflow/.local/lib/python3.7/site-packages/airflow/example_dags/example_kubernetes_executor.py
[2024-03-28T15:46:26.806+0000] {processor.py:756} INFO - Processing file /home/airflow/.local/lib/python3.7/site-packages/airflow/example_dags/example_kubernetes_executor.py for tasks to queue
[2024-03-28T15:46:26.819+0000] {logging_mixin.py:120} INFO - [2024-03-28T15:46:26.818+0000] {dagbag.py:537} INFO - Filling up the DagBag from /home/airflow/.local/lib/python3.7/site-packages/airflow/example_dags/example_kubernetes_executor.py
[2024-03-28T15:46:27.116+0000] {processor.py:766} INFO - DAG(s) dict_keys(['example_kubernetes_executor']) retrieved from /home/airflow/.local/lib/python3.7/site-packages/airflow/example_dags/example_kubernetes_executor.py
[2024-03-28T15:46:28.004+0000] {logging_mixin.py:120} INFO - [2024-03-28T15:46:28.001+0000] {dag.py:2585} INFO - Sync 1 DAGs
[2024-03-28T15:46:28.074+0000] {logging_mixin.py:120} INFO - [2024-03-28T15:46:28.073+0000] {dag.py:3340} INFO - Setting next_dagrun for example_kubernetes_executor to None, run_after=None
[2024-03-28T15:46:28.175+0000] {processor.py:176} INFO - Processing /home/airflow/.local/lib/python3.7/site-packages/airflow/example_dags/example_kubernetes_executor.py took 1.406 seconds
[2024-03-28T15:50:21.384+0000] {processor.py:154} INFO - Started process (PID=87) to work on /home/airflow/.local/lib/python3.7/site-packages/airflow/example_dags/example_kubernetes_executor.py
[2024-03-28T15:50:21.392+0000] {processor.py:756} INFO - Processing file /home/airflow/.local/lib/python3.7/site-packages/airflow/example_dags/example_kubernetes_executor.py for tasks to queue
[2024-03-28T15:50:21.394+0000] {logging_mixin.py:120} INFO - [2024-03-28T15:50:21.394+0000] {dagbag.py:537} INFO - Filling up the DagBag from /home/airflow/.local/lib/python3.7/site-packages/airflow/example_dags/example_kubernetes_executor.py
[2024-03-28T15:50:21.645+0000] {processor.py:766} INFO - DAG(s) dict_keys(['example_kubernetes_executor']) retrieved from /home/airflow/.local/lib/python3.7/site-packages/airflow/example_dags/example_kubernetes_executor.py
[2024-03-28T15:50:21.948+0000] {logging_mixin.py:120} INFO - [2024-03-28T15:50:21.944+0000] {dag.py:2585} INFO - Sync 1 DAGs
[2024-03-28T15:50:22.090+0000] {logging_mixin.py:120} INFO - [2024-03-28T15:50:22.089+0000] {dag.py:3340} INFO - Setting next_dagrun for example_kubernetes_executor to None, run_after=None
[2024-03-28T15:50:22.241+0000] {processor.py:176} INFO - Processing /home/airflow/.local/lib/python3.7/site-packages/airflow/example_dags/example_kubernetes_executor.py took 0.868 seconds
[2024-03-28T15:51:16.877+0000] {processor.py:154} INFO - Started process (PID=157) to work on /home/airflow/.local/lib/python3.7/site-packages/airflow/example_dags/example_kubernetes_executor.py
[2024-03-28T15:51:16.882+0000] {processor.py:756} INFO - Processing file /home/airflow/.local/lib/python3.7/site-packages/airflow/example_dags/example_kubernetes_executor.py for tasks to queue
[2024-03-28T15:51:16.886+0000] {logging_mixin.py:120} INFO - [2024-03-28T15:51:16.885+0000] {dagbag.py:537} INFO - Filling up the DagBag from /home/airflow/.local/lib/python3.7/site-packages/airflow/example_dags/example_kubernetes_executor.py
[2024-03-28T15:51:18.651+0000] {processor.py:766} INFO - DAG(s) dict_keys(['example_kubernetes_executor']) retrieved from /home/airflow/.local/lib/python3.7/site-packages/airflow/example_dags/example_kubernetes_executor.py
[2024-03-28T15:51:27.804+0000] {logging_mixin.py:120} INFO - [2024-03-28T15:51:27.801+0000] {dag.py:2585} INFO - Sync 1 DAGs
[2024-03-28T15:51:27.901+0000] {logging_mixin.py:120} INFO - [2024-03-28T15:51:27.900+0000] {dag.py:3340} INFO - Setting next_dagrun for example_kubernetes_executor to None, run_after=None
[2024-03-28T15:51:28.193+0000] {processor.py:176} INFO - Processing /home/airflow/.local/lib/python3.7/site-packages/airflow/example_dags/example_kubernetes_executor.py took 11.333 seconds
[2024-03-28T15:53:35.749+0000] {processor.py:154} INFO - Started process (PID=67) to work on /home/airflow/.local/lib/python3.7/site-packages/airflow/example_dags/example_kubernetes_executor.py
[2024-03-28T15:53:35.752+0000] {processor.py:756} INFO - Processing file /home/airflow/.local/lib/python3.7/site-packages/airflow/example_dags/example_kubernetes_executor.py for tasks to queue
[2024-03-28T15:53:35.756+0000] {logging_mixin.py:120} INFO - [2024-03-28T15:53:35.755+0000] {dagbag.py:537} INFO - Filling up the DagBag from /home/airflow/.local/lib/python3.7/site-packages/airflow/example_dags/example_kubernetes_executor.py
[2024-03-28T15:53:36.465+0000] {processor.py:766} INFO - DAG(s) dict_keys(['example_kubernetes_executor']) retrieved from /home/airflow/.local/lib/python3.7/site-packages/airflow/example_dags/example_kubernetes_executor.py
[2024-03-28T15:53:39.976+0000] {logging_mixin.py:120} INFO - [2024-03-28T15:53:39.974+0000] {dag.py:2585} INFO - Sync 1 DAGs
[2024-03-28T15:53:40.247+0000] {logging_mixin.py:120} INFO - [2024-03-28T15:53:40.237+0000] {dag.py:3340} INFO - Setting next_dagrun for example_kubernetes_executor to None, run_after=None
[2024-03-28T15:53:40.529+0000] {processor.py:176} INFO - Processing /home/airflow/.local/lib/python3.7/site-packages/airflow/example_dags/example_kubernetes_executor.py took 4.806 seconds
[2024-03-28T15:54:33.061+0000] {processor.py:154} INFO - Started process (PID=133) to work on /home/airflow/.local/lib/python3.7/site-packages/airflow/example_dags/example_kubernetes_executor.py
[2024-03-28T15:54:33.067+0000] {processor.py:756} INFO - Processing file /home/airflow/.local/lib/python3.7/site-packages/airflow/example_dags/example_kubernetes_executor.py for tasks to queue
[2024-03-28T15:54:33.070+0000] {logging_mixin.py:120} INFO - [2024-03-28T15:54:33.069+0000] {dagbag.py:537} INFO - Filling up the DagBag from /home/airflow/.local/lib/python3.7/site-packages/airflow/example_dags/example_kubernetes_executor.py
[2024-03-28T15:54:35.912+0000] {processor.py:766} INFO - DAG(s) dict_keys(['example_kubernetes_executor']) retrieved from /home/airflow/.local/lib/python3.7/site-packages/airflow/example_dags/example_kubernetes_executor.py
[2024-03-28T15:54:36.635+0000] {logging_mixin.py:120} INFO - [2024-03-28T15:54:36.632+0000] {dag.py:2585} INFO - Sync 1 DAGs
[2024-03-28T15:54:36.841+0000] {logging_mixin.py:120} INFO - [2024-03-28T15:54:36.841+0000] {dag.py:3340} INFO - Setting next_dagrun for example_kubernetes_executor to None, run_after=None
[2024-03-28T15:54:36.867+0000] {processor.py:176} INFO - Processing /home/airflow/.local/lib/python3.7/site-packages/airflow/example_dags/example_kubernetes_executor.py took 3.849 seconds
[2024-03-28T15:58:04.866+0000] {processor.py:154} INFO - Started process (PID=94) to work on /home/airflow/.local/lib/python3.7/site-packages/airflow/example_dags/example_kubernetes_executor.py
[2024-03-28T15:58:04.877+0000] {processor.py:756} INFO - Processing file /home/airflow/.local/lib/python3.7/site-packages/airflow/example_dags/example_kubernetes_executor.py for tasks to queue
[2024-03-28T15:58:04.890+0000] {logging_mixin.py:120} INFO - [2024-03-28T15:58:04.885+0000] {dagbag.py:537} INFO - Filling up the DagBag from /home/airflow/.local/lib/python3.7/site-packages/airflow/example_dags/example_kubernetes_executor.py
[2024-03-28T15:58:05.587+0000] {processor.py:766} INFO - DAG(s) dict_keys(['example_kubernetes_executor']) retrieved from /home/airflow/.local/lib/python3.7/site-packages/airflow/example_dags/example_kubernetes_executor.py
[2024-03-28T15:58:08.742+0000] {logging_mixin.py:120} INFO - [2024-03-28T15:58:08.739+0000] {dag.py:2585} INFO - Sync 1 DAGs
[2024-03-28T15:58:08.901+0000] {logging_mixin.py:120} INFO - [2024-03-28T15:58:08.899+0000] {dag.py:3340} INFO - Setting next_dagrun for example_kubernetes_executor to None, run_after=None
[2024-03-28T15:58:08.996+0000] {processor.py:176} INFO - Processing /home/airflow/.local/lib/python3.7/site-packages/airflow/example_dags/example_kubernetes_executor.py took 4.150 seconds
