[2024-03-28T15:20:33.502+0000] {processor.py:154} INFO - Started process (PID=69) to work on /home/airflow/.local/lib/python3.7/site-packages/airflow/example_dags/example_branch_python_dop_operator_3.py
[2024-03-28T15:20:33.509+0000] {processor.py:756} INFO - Processing file /home/airflow/.local/lib/python3.7/site-packages/airflow/example_dags/example_branch_python_dop_operator_3.py for tasks to queue
[2024-03-28T15:20:33.516+0000] {logging_mixin.py:120} INFO - [2024-03-28T15:20:33.516+0000] {dagbag.py:537} INFO - Filling up the DagBag from /home/airflow/.local/lib/python3.7/site-packages/airflow/example_dags/example_branch_python_dop_operator_3.py
[2024-03-28T15:20:33.794+0000] {processor.py:766} INFO - DAG(s) dict_keys(['example_branch_dop_operator_v3']) retrieved from /home/airflow/.local/lib/python3.7/site-packages/airflow/example_dags/example_branch_python_dop_operator_3.py
[2024-03-28T15:20:34.147+0000] {logging_mixin.py:120} INFO - [2024-03-28T15:20:34.147+0000] {dag.py:2585} INFO - Sync 1 DAGs
[2024-03-28T15:20:34.285+0000] {logging_mixin.py:120} INFO - [2024-03-28T15:20:34.283+0000] {dag.py:3340} INFO - Setting next_dagrun for example_branch_dop_operator_v3 to 2024-03-28T15:19:00+00:00, run_after=2024-03-28T15:20:00+00:00
[2024-03-28T15:20:34.401+0000] {processor.py:176} INFO - Processing /home/airflow/.local/lib/python3.7/site-packages/airflow/example_dags/example_branch_python_dop_operator_3.py took 0.920 seconds
[2024-03-28T15:25:16.531+0000] {processor.py:154} INFO - Started process (PID=102) to work on /home/airflow/.local/lib/python3.7/site-packages/airflow/example_dags/example_branch_python_dop_operator_3.py
[2024-03-28T15:25:16.535+0000] {processor.py:756} INFO - Processing file /home/airflow/.local/lib/python3.7/site-packages/airflow/example_dags/example_branch_python_dop_operator_3.py for tasks to queue
[2024-03-28T15:25:16.537+0000] {logging_mixin.py:120} INFO - [2024-03-28T15:25:16.537+0000] {dagbag.py:537} INFO - Filling up the DagBag from /home/airflow/.local/lib/python3.7/site-packages/airflow/example_dags/example_branch_python_dop_operator_3.py
[2024-03-28T15:25:16.825+0000] {processor.py:766} INFO - DAG(s) dict_keys(['example_branch_dop_operator_v3']) retrieved from /home/airflow/.local/lib/python3.7/site-packages/airflow/example_dags/example_branch_python_dop_operator_3.py
[2024-03-28T15:25:18.413+0000] {logging_mixin.py:120} INFO - [2024-03-28T15:25:18.411+0000] {dag.py:2585} INFO - Sync 1 DAGs
[2024-03-28T15:25:18.521+0000] {logging_mixin.py:120} INFO - [2024-03-28T15:25:18.521+0000] {dag.py:3340} INFO - Setting next_dagrun for example_branch_dop_operator_v3 to 2024-03-28T15:24:00+00:00, run_after=2024-03-28T15:25:00+00:00
[2024-03-28T15:25:18.564+0000] {processor.py:176} INFO - Processing /home/airflow/.local/lib/python3.7/site-packages/airflow/example_dags/example_branch_python_dop_operator_3.py took 2.069 seconds
[2024-03-28T15:27:33.118+0000] {processor.py:154} INFO - Started process (PID=92) to work on /home/airflow/.local/lib/python3.7/site-packages/airflow/example_dags/example_branch_python_dop_operator_3.py
[2024-03-28T15:27:33.125+0000] {processor.py:756} INFO - Processing file /home/airflow/.local/lib/python3.7/site-packages/airflow/example_dags/example_branch_python_dop_operator_3.py for tasks to queue
[2024-03-28T15:27:33.143+0000] {logging_mixin.py:120} INFO - [2024-03-28T15:27:33.136+0000] {dagbag.py:537} INFO - Filling up the DagBag from /home/airflow/.local/lib/python3.7/site-packages/airflow/example_dags/example_branch_python_dop_operator_3.py
[2024-03-28T15:27:33.709+0000] {processor.py:766} INFO - DAG(s) dict_keys(['example_branch_dop_operator_v3']) retrieved from /home/airflow/.local/lib/python3.7/site-packages/airflow/example_dags/example_branch_python_dop_operator_3.py
[2024-03-28T15:27:34.209+0000] {logging_mixin.py:120} INFO - [2024-03-28T15:27:34.202+0000] {dag.py:2585} INFO - Sync 1 DAGs
[2024-03-28T15:27:34.380+0000] {logging_mixin.py:120} INFO - [2024-03-28T15:27:34.378+0000] {dag.py:3340} INFO - Setting next_dagrun for example_branch_dop_operator_v3 to 2024-03-28T15:26:00+00:00, run_after=2024-03-28T15:27:00+00:00
[2024-03-28T15:27:34.480+0000] {processor.py:176} INFO - Processing /home/airflow/.local/lib/python3.7/site-packages/airflow/example_dags/example_branch_python_dop_operator_3.py took 1.387 seconds
[2024-03-28T15:28:05.082+0000] {processor.py:154} INFO - Started process (PID=155) to work on /home/airflow/.local/lib/python3.7/site-packages/airflow/example_dags/example_branch_python_dop_operator_3.py
[2024-03-28T15:28:05.085+0000] {processor.py:756} INFO - Processing file /home/airflow/.local/lib/python3.7/site-packages/airflow/example_dags/example_branch_python_dop_operator_3.py for tasks to queue
[2024-03-28T15:28:05.090+0000] {logging_mixin.py:120} INFO - [2024-03-28T15:28:05.090+0000] {dagbag.py:537} INFO - Filling up the DagBag from /home/airflow/.local/lib/python3.7/site-packages/airflow/example_dags/example_branch_python_dop_operator_3.py
[2024-03-28T15:28:05.186+0000] {processor.py:766} INFO - DAG(s) dict_keys(['example_branch_dop_operator_v3']) retrieved from /home/airflow/.local/lib/python3.7/site-packages/airflow/example_dags/example_branch_python_dop_operator_3.py
[2024-03-28T15:28:05.385+0000] {logging_mixin.py:120} INFO - [2024-03-28T15:28:05.385+0000] {dag.py:2585} INFO - Sync 1 DAGs
[2024-03-28T15:28:05.462+0000] {logging_mixin.py:120} INFO - [2024-03-28T15:28:05.462+0000] {dag.py:3340} INFO - Setting next_dagrun for example_branch_dop_operator_v3 to 2024-03-28T15:27:00+00:00, run_after=2024-03-28T15:28:00+00:00
[2024-03-28T15:28:05.520+0000] {processor.py:176} INFO - Processing /home/airflow/.local/lib/python3.7/site-packages/airflow/example_dags/example_branch_python_dop_operator_3.py took 0.447 seconds
[2024-03-28T15:30:15.877+0000] {processor.py:154} INFO - Started process (PID=98) to work on /home/airflow/.local/lib/python3.7/site-packages/airflow/example_dags/example_branch_python_dop_operator_3.py
[2024-03-28T15:30:15.890+0000] {processor.py:756} INFO - Processing file /home/airflow/.local/lib/python3.7/site-packages/airflow/example_dags/example_branch_python_dop_operator_3.py for tasks to queue
[2024-03-28T15:30:15.897+0000] {logging_mixin.py:120} INFO - [2024-03-28T15:30:15.896+0000] {dagbag.py:537} INFO - Filling up the DagBag from /home/airflow/.local/lib/python3.7/site-packages/airflow/example_dags/example_branch_python_dop_operator_3.py
[2024-03-28T15:30:16.864+0000] {processor.py:766} INFO - DAG(s) dict_keys(['example_branch_dop_operator_v3']) retrieved from /home/airflow/.local/lib/python3.7/site-packages/airflow/example_dags/example_branch_python_dop_operator_3.py
[2024-03-28T15:30:18.261+0000] {logging_mixin.py:120} INFO - [2024-03-28T15:30:18.260+0000] {dag.py:2585} INFO - Sync 1 DAGs
[2024-03-28T15:30:19.566+0000] {logging_mixin.py:120} INFO - [2024-03-28T15:30:19.564+0000] {dag.py:3340} INFO - Setting next_dagrun for example_branch_dop_operator_v3 to 2024-03-28T15:29:00+00:00, run_after=2024-03-28T15:30:00+00:00
[2024-03-28T15:30:19.880+0000] {processor.py:176} INFO - Processing /home/airflow/.local/lib/python3.7/site-packages/airflow/example_dags/example_branch_python_dop_operator_3.py took 4.028 seconds
[2024-03-28T15:35:20.689+0000] {processor.py:154} INFO - Started process (PID=101) to work on /home/airflow/.local/lib/python3.7/site-packages/airflow/example_dags/example_branch_python_dop_operator_3.py
[2024-03-28T15:35:20.691+0000] {processor.py:756} INFO - Processing file /home/airflow/.local/lib/python3.7/site-packages/airflow/example_dags/example_branch_python_dop_operator_3.py for tasks to queue
[2024-03-28T15:35:20.692+0000] {logging_mixin.py:120} INFO - [2024-03-28T15:35:20.692+0000] {dagbag.py:537} INFO - Filling up the DagBag from /home/airflow/.local/lib/python3.7/site-packages/airflow/example_dags/example_branch_python_dop_operator_3.py
[2024-03-28T15:35:20.909+0000] {processor.py:766} INFO - DAG(s) dict_keys(['example_branch_dop_operator_v3']) retrieved from /home/airflow/.local/lib/python3.7/site-packages/airflow/example_dags/example_branch_python_dop_operator_3.py
[2024-03-28T15:35:21.193+0000] {logging_mixin.py:120} INFO - [2024-03-28T15:35:21.192+0000] {dag.py:2585} INFO - Sync 1 DAGs
[2024-03-28T15:35:21.349+0000] {logging_mixin.py:120} INFO - [2024-03-28T15:35:21.348+0000] {dag.py:3340} INFO - Setting next_dagrun for example_branch_dop_operator_v3 to 2024-03-28T15:34:00+00:00, run_after=2024-03-28T15:35:00+00:00
[2024-03-28T15:35:21.426+0000] {processor.py:176} INFO - Processing /home/airflow/.local/lib/python3.7/site-packages/airflow/example_dags/example_branch_python_dop_operator_3.py took 0.741 seconds
[2024-03-28T15:42:17.476+0000] {processor.py:154} INFO - Started process (PID=98) to work on /home/airflow/.local/lib/python3.7/site-packages/airflow/example_dags/example_branch_python_dop_operator_3.py
[2024-03-28T15:42:17.480+0000] {processor.py:756} INFO - Processing file /home/airflow/.local/lib/python3.7/site-packages/airflow/example_dags/example_branch_python_dop_operator_3.py for tasks to queue
[2024-03-28T15:42:17.484+0000] {logging_mixin.py:120} INFO - [2024-03-28T15:42:17.483+0000] {dagbag.py:537} INFO - Filling up the DagBag from /home/airflow/.local/lib/python3.7/site-packages/airflow/example_dags/example_branch_python_dop_operator_3.py
[2024-03-28T15:42:17.686+0000] {processor.py:766} INFO - DAG(s) dict_keys(['example_branch_dop_operator_v3']) retrieved from /home/airflow/.local/lib/python3.7/site-packages/airflow/example_dags/example_branch_python_dop_operator_3.py
[2024-03-28T15:42:17.939+0000] {logging_mixin.py:120} INFO - [2024-03-28T15:42:17.936+0000] {dag.py:2585} INFO - Sync 1 DAGs
[2024-03-28T15:42:18.208+0000] {logging_mixin.py:120} INFO - [2024-03-28T15:42:18.208+0000] {dag.py:3340} INFO - Setting next_dagrun for example_branch_dop_operator_v3 to 2024-03-28T15:41:00+00:00, run_after=2024-03-28T15:42:00+00:00
[2024-03-28T15:42:18.285+0000] {processor.py:176} INFO - Processing /home/airflow/.local/lib/python3.7/site-packages/airflow/example_dags/example_branch_python_dop_operator_3.py took 0.829 seconds
[2024-03-28T15:42:55.909+0000] {processor.py:154} INFO - Started process (PID=56) to work on /home/airflow/.local/lib/python3.7/site-packages/airflow/example_dags/example_branch_python_dop_operator_3.py
[2024-03-28T15:42:55.910+0000] {processor.py:756} INFO - Processing file /home/airflow/.local/lib/python3.7/site-packages/airflow/example_dags/example_branch_python_dop_operator_3.py for tasks to queue
[2024-03-28T15:42:55.910+0000] {logging_mixin.py:120} INFO - [2024-03-28T15:42:55.910+0000] {dagbag.py:537} INFO - Filling up the DagBag from /home/airflow/.local/lib/python3.7/site-packages/airflow/example_dags/example_branch_python_dop_operator_3.py
[2024-03-28T15:42:55.933+0000] {processor.py:766} INFO - DAG(s) dict_keys(['example_branch_dop_operator_v3']) retrieved from /home/airflow/.local/lib/python3.7/site-packages/airflow/example_dags/example_branch_python_dop_operator_3.py
[2024-03-28T15:42:55.983+0000] {logging_mixin.py:120} INFO - [2024-03-28T15:42:55.983+0000] {dag.py:2585} INFO - Sync 1 DAGs
[2024-03-28T15:42:56.012+0000] {logging_mixin.py:120} INFO - [2024-03-28T15:42:56.012+0000] {dag.py:3340} INFO - Setting next_dagrun for example_branch_dop_operator_v3 to 2024-03-28T15:41:00+00:00, run_after=2024-03-28T15:42:00+00:00
[2024-03-28T15:42:56.038+0000] {processor.py:176} INFO - Processing /home/airflow/.local/lib/python3.7/site-packages/airflow/example_dags/example_branch_python_dop_operator_3.py took 0.131 seconds
[2024-03-28T15:44:21.685+0000] {processor.py:154} INFO - Started process (PID=138) to work on /home/airflow/.local/lib/python3.7/site-packages/airflow/example_dags/example_branch_python_dop_operator_3.py
[2024-03-28T15:44:21.690+0000] {processor.py:756} INFO - Processing file /home/airflow/.local/lib/python3.7/site-packages/airflow/example_dags/example_branch_python_dop_operator_3.py for tasks to queue
[2024-03-28T15:44:21.691+0000] {logging_mixin.py:120} INFO - [2024-03-28T15:44:21.691+0000] {dagbag.py:537} INFO - Filling up the DagBag from /home/airflow/.local/lib/python3.7/site-packages/airflow/example_dags/example_branch_python_dop_operator_3.py
[2024-03-28T15:45:20.579+0000] {processor.py:154} INFO - Started process (PID=74) to work on /home/airflow/.local/lib/python3.7/site-packages/airflow/example_dags/example_branch_python_dop_operator_3.py
[2024-03-28T15:45:20.580+0000] {processor.py:756} INFO - Processing file /home/airflow/.local/lib/python3.7/site-packages/airflow/example_dags/example_branch_python_dop_operator_3.py for tasks to queue
[2024-03-28T15:45:20.581+0000] {logging_mixin.py:120} INFO - [2024-03-28T15:45:20.581+0000] {dagbag.py:537} INFO - Filling up the DagBag from /home/airflow/.local/lib/python3.7/site-packages/airflow/example_dags/example_branch_python_dop_operator_3.py
[2024-03-28T15:45:20.602+0000] {processor.py:766} INFO - DAG(s) dict_keys(['example_branch_dop_operator_v3']) retrieved from /home/airflow/.local/lib/python3.7/site-packages/airflow/example_dags/example_branch_python_dop_operator_3.py
[2024-03-28T15:45:20.632+0000] {logging_mixin.py:120} INFO - [2024-03-28T15:45:20.631+0000] {dag.py:2585} INFO - Sync 1 DAGs
[2024-03-28T15:45:20.654+0000] {logging_mixin.py:120} INFO - [2024-03-28T15:45:20.654+0000] {dag.py:3340} INFO - Setting next_dagrun for example_branch_dop_operator_v3 to 2024-03-28T15:44:00+00:00, run_after=2024-03-28T15:45:00+00:00
[2024-03-28T15:45:20.668+0000] {processor.py:176} INFO - Processing /home/airflow/.local/lib/python3.7/site-packages/airflow/example_dags/example_branch_python_dop_operator_3.py took 0.091 seconds
[2024-03-28T15:50:43.232+0000] {processor.py:154} INFO - Started process (PID=108) to work on /home/airflow/.local/lib/python3.7/site-packages/airflow/example_dags/example_branch_python_dop_operator_3.py
[2024-03-28T15:50:43.236+0000] {processor.py:756} INFO - Processing file /home/airflow/.local/lib/python3.7/site-packages/airflow/example_dags/example_branch_python_dop_operator_3.py for tasks to queue
[2024-03-28T15:50:43.237+0000] {logging_mixin.py:120} INFO - [2024-03-28T15:50:43.237+0000] {dagbag.py:537} INFO - Filling up the DagBag from /home/airflow/.local/lib/python3.7/site-packages/airflow/example_dags/example_branch_python_dop_operator_3.py
[2024-03-28T15:50:43.386+0000] {processor.py:766} INFO - DAG(s) dict_keys(['example_branch_dop_operator_v3']) retrieved from /home/airflow/.local/lib/python3.7/site-packages/airflow/example_dags/example_branch_python_dop_operator_3.py
[2024-03-28T15:50:43.725+0000] {logging_mixin.py:120} INFO - [2024-03-28T15:50:43.725+0000] {dag.py:2585} INFO - Sync 1 DAGs
[2024-03-28T15:50:43.845+0000] {logging_mixin.py:120} INFO - [2024-03-28T15:50:43.841+0000] {dag.py:3340} INFO - Setting next_dagrun for example_branch_dop_operator_v3 to 2024-03-28T15:49:00+00:00, run_after=2024-03-28T15:50:00+00:00
[2024-03-28T15:50:44.066+0000] {processor.py:176} INFO - Processing /home/airflow/.local/lib/python3.7/site-packages/airflow/example_dags/example_branch_python_dop_operator_3.py took 0.844 seconds
[2024-03-28T15:54:00.647+0000] {processor.py:154} INFO - Started process (PID=89) to work on /home/airflow/.local/lib/python3.7/site-packages/airflow/example_dags/example_branch_python_dop_operator_3.py
[2024-03-28T15:54:00.649+0000] {processor.py:756} INFO - Processing file /home/airflow/.local/lib/python3.7/site-packages/airflow/example_dags/example_branch_python_dop_operator_3.py for tasks to queue
[2024-03-28T15:54:00.650+0000] {logging_mixin.py:120} INFO - [2024-03-28T15:54:00.650+0000] {dagbag.py:537} INFO - Filling up the DagBag from /home/airflow/.local/lib/python3.7/site-packages/airflow/example_dags/example_branch_python_dop_operator_3.py
[2024-03-28T15:54:00.725+0000] {processor.py:766} INFO - DAG(s) dict_keys(['example_branch_dop_operator_v3']) retrieved from /home/airflow/.local/lib/python3.7/site-packages/airflow/example_dags/example_branch_python_dop_operator_3.py
[2024-03-28T15:54:01.020+0000] {logging_mixin.py:120} INFO - [2024-03-28T15:54:01.020+0000] {dag.py:2585} INFO - Sync 1 DAGs
[2024-03-28T15:54:01.119+0000] {logging_mixin.py:120} INFO - [2024-03-28T15:54:01.118+0000] {dag.py:3340} INFO - Setting next_dagrun for example_branch_dop_operator_v3 to 2024-03-28T15:53:00+00:00, run_after=2024-03-28T15:54:00+00:00
[2024-03-28T15:54:01.280+0000] {processor.py:176} INFO - Processing /home/airflow/.local/lib/python3.7/site-packages/airflow/example_dags/example_branch_python_dop_operator_3.py took 0.638 seconds
[2024-03-28T15:58:28.179+0000] {processor.py:154} INFO - Started process (PID=116) to work on /home/airflow/.local/lib/python3.7/site-packages/airflow/example_dags/example_branch_python_dop_operator_3.py
[2024-03-28T15:58:28.182+0000] {processor.py:756} INFO - Processing file /home/airflow/.local/lib/python3.7/site-packages/airflow/example_dags/example_branch_python_dop_operator_3.py for tasks to queue
[2024-03-28T15:58:28.195+0000] {logging_mixin.py:120} INFO - [2024-03-28T15:58:28.195+0000] {dagbag.py:537} INFO - Filling up the DagBag from /home/airflow/.local/lib/python3.7/site-packages/airflow/example_dags/example_branch_python_dop_operator_3.py
[2024-03-28T15:58:28.449+0000] {processor.py:766} INFO - DAG(s) dict_keys(['example_branch_dop_operator_v3']) retrieved from /home/airflow/.local/lib/python3.7/site-packages/airflow/example_dags/example_branch_python_dop_operator_3.py
[2024-03-28T15:58:29.318+0000] {logging_mixin.py:120} INFO - [2024-03-28T15:58:29.315+0000] {dag.py:2585} INFO - Sync 1 DAGs
[2024-03-28T15:58:29.480+0000] {logging_mixin.py:120} INFO - [2024-03-28T15:58:29.480+0000] {dag.py:3340} INFO - Setting next_dagrun for example_branch_dop_operator_v3 to 2024-03-28T15:57:00+00:00, run_after=2024-03-28T15:58:00+00:00
[2024-03-28T15:58:29.603+0000] {processor.py:176} INFO - Processing /home/airflow/.local/lib/python3.7/site-packages/airflow/example_dags/example_branch_python_dop_operator_3.py took 1.439 seconds
