[2024-03-28T15:20:29.451+0000] {processor.py:154} INFO - Started process (PID=49) to work on /home/airflow/.local/lib/python3.7/site-packages/airflow/example_dags/example_task_group_decorator.py
[2024-03-28T15:20:29.452+0000] {processor.py:756} INFO - Processing file /home/airflow/.local/lib/python3.7/site-packages/airflow/example_dags/example_task_group_decorator.py for tasks to queue
[2024-03-28T15:20:29.454+0000] {logging_mixin.py:120} INFO - [2024-03-28T15:20:29.453+0000] {dagbag.py:537} INFO - Filling up the DagBag from /home/airflow/.local/lib/python3.7/site-packages/airflow/example_dags/example_task_group_decorator.py
[2024-03-28T15:20:29.483+0000] {processor.py:766} INFO - DAG(s) dict_keys(['example_task_group_decorator']) retrieved from /home/airflow/.local/lib/python3.7/site-packages/airflow/example_dags/example_task_group_decorator.py
[2024-03-28T15:20:29.546+0000] {logging_mixin.py:120} INFO - [2024-03-28T15:20:29.546+0000] {dag.py:2585} INFO - Sync 1 DAGs
[2024-03-28T15:20:29.595+0000] {logging_mixin.py:120} INFO - [2024-03-28T15:20:29.595+0000] {dag.py:3340} INFO - Setting next_dagrun for example_task_group_decorator to 2024-03-27T19:27:26.523341+00:00, run_after=2024-03-28T19:27:26.523341+00:00
[2024-03-28T15:20:29.623+0000] {processor.py:176} INFO - Processing /home/airflow/.local/lib/python3.7/site-packages/airflow/example_dags/example_task_group_decorator.py took 0.177 seconds
[2024-03-28T15:22:33.087+0000] {processor.py:154} INFO - Started process (PID=129) to work on /home/airflow/.local/lib/python3.7/site-packages/airflow/example_dags/example_task_group_decorator.py
[2024-03-28T15:22:33.098+0000] {processor.py:756} INFO - Processing file /home/airflow/.local/lib/python3.7/site-packages/airflow/example_dags/example_task_group_decorator.py for tasks to queue
[2024-03-28T15:22:33.103+0000] {logging_mixin.py:120} INFO - [2024-03-28T15:22:33.102+0000] {dagbag.py:537} INFO - Filling up the DagBag from /home/airflow/.local/lib/python3.7/site-packages/airflow/example_dags/example_task_group_decorator.py
[2024-03-28T15:22:33.423+0000] {processor.py:766} INFO - DAG(s) dict_keys(['example_task_group_decorator']) retrieved from /home/airflow/.local/lib/python3.7/site-packages/airflow/example_dags/example_task_group_decorator.py
[2024-03-28T15:22:34.221+0000] {logging_mixin.py:120} INFO - [2024-03-28T15:22:34.216+0000] {dag.py:2585} INFO - Sync 1 DAGs
[2024-03-28T15:22:34.436+0000] {logging_mixin.py:120} INFO - [2024-03-28T15:22:34.433+0000] {dag.py:3340} INFO - Setting next_dagrun for example_task_group_decorator to 2024-03-27T19:27:26.523341+00:00, run_after=2024-03-28T19:27:26.523341+00:00
[2024-03-28T15:22:35.136+0000] {processor.py:176} INFO - Processing /home/airflow/.local/lib/python3.7/site-packages/airflow/example_dags/example_task_group_decorator.py took 2.158 seconds
[2024-03-28T15:24:54.846+0000] {processor.py:154} INFO - Started process (PID=79) to work on /home/airflow/.local/lib/python3.7/site-packages/airflow/example_dags/example_task_group_decorator.py
[2024-03-28T15:24:54.850+0000] {processor.py:756} INFO - Processing file /home/airflow/.local/lib/python3.7/site-packages/airflow/example_dags/example_task_group_decorator.py for tasks to queue
[2024-03-28T15:24:54.852+0000] {logging_mixin.py:120} INFO - [2024-03-28T15:24:54.851+0000] {dagbag.py:537} INFO - Filling up the DagBag from /home/airflow/.local/lib/python3.7/site-packages/airflow/example_dags/example_task_group_decorator.py
[2024-03-28T15:24:55.461+0000] {processor.py:766} INFO - DAG(s) dict_keys(['example_task_group_decorator']) retrieved from /home/airflow/.local/lib/python3.7/site-packages/airflow/example_dags/example_task_group_decorator.py
[2024-03-28T15:24:57.029+0000] {logging_mixin.py:120} INFO - [2024-03-28T15:24:57.016+0000] {dag.py:2585} INFO - Sync 1 DAGs
[2024-03-28T15:24:59.094+0000] {logging_mixin.py:120} INFO - [2024-03-28T15:24:59.090+0000] {dag.py:3340} INFO - Setting next_dagrun for example_task_group_decorator to 2024-03-27T19:27:26.523341+00:00, run_after=2024-03-28T19:27:26.523341+00:00
[2024-03-28T15:24:59.583+0000] {processor.py:176} INFO - Processing /home/airflow/.local/lib/python3.7/site-packages/airflow/example_dags/example_task_group_decorator.py took 4.778 seconds
[2024-03-28T15:25:56.012+0000] {processor.py:154} INFO - Started process (PID=153) to work on /home/airflow/.local/lib/python3.7/site-packages/airflow/example_dags/example_task_group_decorator.py
[2024-03-28T15:25:56.032+0000] {processor.py:756} INFO - Processing file /home/airflow/.local/lib/python3.7/site-packages/airflow/example_dags/example_task_group_decorator.py for tasks to queue
[2024-03-28T15:25:56.036+0000] {logging_mixin.py:120} INFO - [2024-03-28T15:25:56.036+0000] {dagbag.py:537} INFO - Filling up the DagBag from /home/airflow/.local/lib/python3.7/site-packages/airflow/example_dags/example_task_group_decorator.py
[2024-03-28T15:25:56.212+0000] {processor.py:766} INFO - DAG(s) dict_keys(['example_task_group_decorator']) retrieved from /home/airflow/.local/lib/python3.7/site-packages/airflow/example_dags/example_task_group_decorator.py
[2024-03-28T15:25:56.940+0000] {logging_mixin.py:120} INFO - [2024-03-28T15:25:56.934+0000] {dag.py:2585} INFO - Sync 1 DAGs
[2024-03-28T15:27:14.641+0000] {processor.py:154} INFO - Started process (PID=72) to work on /home/airflow/.local/lib/python3.7/site-packages/airflow/example_dags/example_task_group_decorator.py
[2024-03-28T15:27:14.653+0000] {processor.py:756} INFO - Processing file /home/airflow/.local/lib/python3.7/site-packages/airflow/example_dags/example_task_group_decorator.py for tasks to queue
[2024-03-28T15:27:14.658+0000] {logging_mixin.py:120} INFO - [2024-03-28T15:27:14.657+0000] {dagbag.py:537} INFO - Filling up the DagBag from /home/airflow/.local/lib/python3.7/site-packages/airflow/example_dags/example_task_group_decorator.py
[2024-03-28T15:27:14.991+0000] {processor.py:766} INFO - DAG(s) dict_keys(['example_task_group_decorator']) retrieved from /home/airflow/.local/lib/python3.7/site-packages/airflow/example_dags/example_task_group_decorator.py
[2024-03-28T15:27:16.375+0000] {logging_mixin.py:120} INFO - [2024-03-28T15:27:16.356+0000] {dag.py:2585} INFO - Sync 1 DAGs
[2024-03-28T15:27:16.872+0000] {logging_mixin.py:120} INFO - [2024-03-28T15:27:16.871+0000] {dag.py:3340} INFO - Setting next_dagrun for example_task_group_decorator to 2024-03-27T19:27:26.523341+00:00, run_after=2024-03-28T19:27:26.523341+00:00
[2024-03-28T15:27:17.015+0000] {processor.py:176} INFO - Processing /home/airflow/.local/lib/python3.7/site-packages/airflow/example_dags/example_task_group_decorator.py took 2.397 seconds
[2024-03-28T15:28:00.639+0000] {processor.py:154} INFO - Started process (PID=136) to work on /home/airflow/.local/lib/python3.7/site-packages/airflow/example_dags/example_task_group_decorator.py
[2024-03-28T15:28:00.644+0000] {processor.py:756} INFO - Processing file /home/airflow/.local/lib/python3.7/site-packages/airflow/example_dags/example_task_group_decorator.py for tasks to queue
[2024-03-28T15:28:00.651+0000] {logging_mixin.py:120} INFO - [2024-03-28T15:28:00.650+0000] {dagbag.py:537} INFO - Filling up the DagBag from /home/airflow/.local/lib/python3.7/site-packages/airflow/example_dags/example_task_group_decorator.py
[2024-03-28T15:28:00.743+0000] {processor.py:766} INFO - DAG(s) dict_keys(['example_task_group_decorator']) retrieved from /home/airflow/.local/lib/python3.7/site-packages/airflow/example_dags/example_task_group_decorator.py
[2024-03-28T15:28:00.853+0000] {logging_mixin.py:120} INFO - [2024-03-28T15:28:00.853+0000] {dag.py:2585} INFO - Sync 1 DAGs
[2024-03-28T15:28:00.932+0000] {logging_mixin.py:120} INFO - [2024-03-28T15:28:00.931+0000] {dag.py:3340} INFO - Setting next_dagrun for example_task_group_decorator to 2024-03-27T19:27:26.523341+00:00, run_after=2024-03-28T19:27:26.523341+00:00
[2024-03-28T15:28:00.986+0000] {processor.py:176} INFO - Processing /home/airflow/.local/lib/python3.7/site-packages/airflow/example_dags/example_task_group_decorator.py took 0.364 seconds
[2024-03-28T15:30:02.858+0000] {processor.py:154} INFO - Started process (PID=80) to work on /home/airflow/.local/lib/python3.7/site-packages/airflow/example_dags/example_task_group_decorator.py
[2024-03-28T15:30:02.890+0000] {processor.py:756} INFO - Processing file /home/airflow/.local/lib/python3.7/site-packages/airflow/example_dags/example_task_group_decorator.py for tasks to queue
[2024-03-28T15:30:02.943+0000] {logging_mixin.py:120} INFO - [2024-03-28T15:30:02.931+0000] {dagbag.py:537} INFO - Filling up the DagBag from /home/airflow/.local/lib/python3.7/site-packages/airflow/example_dags/example_task_group_decorator.py
[2024-03-28T15:30:04.572+0000] {processor.py:766} INFO - DAG(s) dict_keys(['example_task_group_decorator']) retrieved from /home/airflow/.local/lib/python3.7/site-packages/airflow/example_dags/example_task_group_decorator.py
[2024-03-28T15:30:05.032+0000] {logging_mixin.py:120} INFO - [2024-03-28T15:30:05.031+0000] {dag.py:2585} INFO - Sync 1 DAGs
[2024-03-28T15:30:05.165+0000] {logging_mixin.py:120} INFO - [2024-03-28T15:30:05.165+0000] {dag.py:3340} INFO - Setting next_dagrun for example_task_group_decorator to 2024-03-27T19:27:26.523341+00:00, run_after=2024-03-28T19:27:26.523341+00:00
[2024-03-28T15:30:05.263+0000] {processor.py:176} INFO - Processing /home/airflow/.local/lib/python3.7/site-packages/airflow/example_dags/example_task_group_decorator.py took 2.501 seconds
[2024-03-28T15:34:58.052+0000] {processor.py:154} INFO - Started process (PID=80) to work on /home/airflow/.local/lib/python3.7/site-packages/airflow/example_dags/example_task_group_decorator.py
[2024-03-28T15:34:58.057+0000] {processor.py:756} INFO - Processing file /home/airflow/.local/lib/python3.7/site-packages/airflow/example_dags/example_task_group_decorator.py for tasks to queue
[2024-03-28T15:34:58.060+0000] {logging_mixin.py:120} INFO - [2024-03-28T15:34:58.059+0000] {dagbag.py:537} INFO - Filling up the DagBag from /home/airflow/.local/lib/python3.7/site-packages/airflow/example_dags/example_task_group_decorator.py
[2024-03-28T15:34:58.298+0000] {processor.py:766} INFO - DAG(s) dict_keys(['example_task_group_decorator']) retrieved from /home/airflow/.local/lib/python3.7/site-packages/airflow/example_dags/example_task_group_decorator.py
[2024-03-28T15:35:05.799+0000] {logging_mixin.py:120} INFO - [2024-03-28T15:35:05.791+0000] {dag.py:2585} INFO - Sync 1 DAGs
[2024-03-28T15:35:06.207+0000] {logging_mixin.py:120} INFO - [2024-03-28T15:35:06.201+0000] {dag.py:3340} INFO - Setting next_dagrun for example_task_group_decorator to 2024-03-27T19:27:26.523341+00:00, run_after=2024-03-28T19:27:26.523341+00:00
[2024-03-28T15:35:06.477+0000] {processor.py:176} INFO - Processing /home/airflow/.local/lib/python3.7/site-packages/airflow/example_dags/example_task_group_decorator.py took 8.440 seconds
[2024-03-28T15:39:20.595+0000] {processor.py:154} INFO - Started process (PID=153) to work on /home/airflow/.local/lib/python3.7/site-packages/airflow/example_dags/example_task_group_decorator.py
[2024-03-28T15:39:20.603+0000] {processor.py:756} INFO - Processing file /home/airflow/.local/lib/python3.7/site-packages/airflow/example_dags/example_task_group_decorator.py for tasks to queue
[2024-03-28T15:39:20.612+0000] {logging_mixin.py:120} INFO - [2024-03-28T15:39:20.609+0000] {dagbag.py:537} INFO - Filling up the DagBag from /home/airflow/.local/lib/python3.7/site-packages/airflow/example_dags/example_task_group_decorator.py
[2024-03-28T15:39:21.152+0000] {processor.py:766} INFO - DAG(s) dict_keys(['example_task_group_decorator']) retrieved from /home/airflow/.local/lib/python3.7/site-packages/airflow/example_dags/example_task_group_decorator.py
[2024-03-28T15:39:23.382+0000] {logging_mixin.py:120} INFO - [2024-03-28T15:39:23.378+0000] {dag.py:2585} INFO - Sync 1 DAGs
[2024-03-28T15:39:23.550+0000] {logging_mixin.py:120} INFO - [2024-03-28T15:39:23.538+0000] {dag.py:3340} INFO - Setting next_dagrun for example_task_group_decorator to 2024-03-27T19:27:26.523341+00:00, run_after=2024-03-28T19:27:26.523341+00:00
[2024-03-28T15:39:23.735+0000] {processor.py:176} INFO - Processing /home/airflow/.local/lib/python3.7/site-packages/airflow/example_dags/example_task_group_decorator.py took 3.159 seconds
[2024-03-28T15:42:02.741+0000] {processor.py:154} INFO - Started process (PID=77) to work on /home/airflow/.local/lib/python3.7/site-packages/airflow/example_dags/example_task_group_decorator.py
[2024-03-28T15:42:02.743+0000] {processor.py:756} INFO - Processing file /home/airflow/.local/lib/python3.7/site-packages/airflow/example_dags/example_task_group_decorator.py for tasks to queue
[2024-03-28T15:42:02.744+0000] {logging_mixin.py:120} INFO - [2024-03-28T15:42:02.744+0000] {dagbag.py:537} INFO - Filling up the DagBag from /home/airflow/.local/lib/python3.7/site-packages/airflow/example_dags/example_task_group_decorator.py
[2024-03-28T15:42:02.793+0000] {processor.py:766} INFO - DAG(s) dict_keys(['example_task_group_decorator']) retrieved from /home/airflow/.local/lib/python3.7/site-packages/airflow/example_dags/example_task_group_decorator.py
[2024-03-28T15:42:03.205+0000] {logging_mixin.py:120} INFO - [2024-03-28T15:42:03.195+0000] {dag.py:2585} INFO - Sync 1 DAGs
[2024-03-28T15:42:03.539+0000] {logging_mixin.py:120} INFO - [2024-03-28T15:42:03.538+0000] {dag.py:3340} INFO - Setting next_dagrun for example_task_group_decorator to 2024-03-27T19:27:26.523341+00:00, run_after=2024-03-28T19:27:26.523341+00:00
[2024-03-28T15:42:03.867+0000] {processor.py:176} INFO - Processing /home/airflow/.local/lib/python3.7/site-packages/airflow/example_dags/example_task_group_decorator.py took 1.128 seconds
[2024-03-28T15:42:54.736+0000] {processor.py:154} INFO - Started process (PID=44) to work on /home/airflow/.local/lib/python3.7/site-packages/airflow/example_dags/example_task_group_decorator.py
[2024-03-28T15:42:54.738+0000] {processor.py:756} INFO - Processing file /home/airflow/.local/lib/python3.7/site-packages/airflow/example_dags/example_task_group_decorator.py for tasks to queue
[2024-03-28T15:42:54.739+0000] {logging_mixin.py:120} INFO - [2024-03-28T15:42:54.739+0000] {dagbag.py:537} INFO - Filling up the DagBag from /home/airflow/.local/lib/python3.7/site-packages/airflow/example_dags/example_task_group_decorator.py
[2024-03-28T15:42:54.764+0000] {processor.py:766} INFO - DAG(s) dict_keys(['example_task_group_decorator']) retrieved from /home/airflow/.local/lib/python3.7/site-packages/airflow/example_dags/example_task_group_decorator.py
[2024-03-28T15:42:54.798+0000] {logging_mixin.py:120} INFO - [2024-03-28T15:42:54.798+0000] {dag.py:2585} INFO - Sync 1 DAGs
[2024-03-28T15:42:54.830+0000] {logging_mixin.py:120} INFO - [2024-03-28T15:42:54.830+0000] {dag.py:3340} INFO - Setting next_dagrun for example_task_group_decorator to 2024-03-27T19:27:26.523341+00:00, run_after=2024-03-28T19:27:26.523341+00:00
[2024-03-28T15:42:54.846+0000] {processor.py:176} INFO - Processing /home/airflow/.local/lib/python3.7/site-packages/airflow/example_dags/example_task_group_decorator.py took 0.113 seconds
[2024-03-28T15:43:50.754+0000] {processor.py:154} INFO - Started process (PID=117) to work on /home/airflow/.local/lib/python3.7/site-packages/airflow/example_dags/example_task_group_decorator.py
[2024-03-28T15:43:50.757+0000] {processor.py:756} INFO - Processing file /home/airflow/.local/lib/python3.7/site-packages/airflow/example_dags/example_task_group_decorator.py for tasks to queue
[2024-03-28T15:43:50.762+0000] {logging_mixin.py:120} INFO - [2024-03-28T15:43:50.762+0000] {dagbag.py:537} INFO - Filling up the DagBag from /home/airflow/.local/lib/python3.7/site-packages/airflow/example_dags/example_task_group_decorator.py
[2024-03-28T15:43:51.176+0000] {processor.py:766} INFO - DAG(s) dict_keys(['example_task_group_decorator']) retrieved from /home/airflow/.local/lib/python3.7/site-packages/airflow/example_dags/example_task_group_decorator.py
[2024-03-28T15:43:59.436+0000] {logging_mixin.py:120} INFO - [2024-03-28T15:43:59.420+0000] {dag.py:2585} INFO - Sync 1 DAGs
[2024-03-28T15:43:59.772+0000] {logging_mixin.py:120} INFO - [2024-03-28T15:43:59.760+0000] {dag.py:3340} INFO - Setting next_dagrun for example_task_group_decorator to 2024-03-27T19:27:26.523341+00:00, run_after=2024-03-28T19:27:26.523341+00:00
[2024-03-28T15:44:00.369+0000] {processor.py:176} INFO - Processing /home/airflow/.local/lib/python3.7/site-packages/airflow/example_dags/example_task_group_decorator.py took 9.620 seconds
[2024-03-28T15:45:19.614+0000] {processor.py:154} INFO - Started process (PID=62) to work on /home/airflow/.local/lib/python3.7/site-packages/airflow/example_dags/example_task_group_decorator.py
[2024-03-28T15:45:19.614+0000] {processor.py:756} INFO - Processing file /home/airflow/.local/lib/python3.7/site-packages/airflow/example_dags/example_task_group_decorator.py for tasks to queue
[2024-03-28T15:45:19.615+0000] {logging_mixin.py:120} INFO - [2024-03-28T15:45:19.615+0000] {dagbag.py:537} INFO - Filling up the DagBag from /home/airflow/.local/lib/python3.7/site-packages/airflow/example_dags/example_task_group_decorator.py
[2024-03-28T15:45:19.644+0000] {processor.py:766} INFO - DAG(s) dict_keys(['example_task_group_decorator']) retrieved from /home/airflow/.local/lib/python3.7/site-packages/airflow/example_dags/example_task_group_decorator.py
[2024-03-28T15:45:19.677+0000] {logging_mixin.py:120} INFO - [2024-03-28T15:45:19.677+0000] {dag.py:2585} INFO - Sync 1 DAGs
[2024-03-28T15:45:19.711+0000] {logging_mixin.py:120} INFO - [2024-03-28T15:45:19.711+0000] {dag.py:3340} INFO - Setting next_dagrun for example_task_group_decorator to 2024-03-27T19:27:26.523341+00:00, run_after=2024-03-28T19:27:26.523341+00:00
[2024-03-28T15:45:19.729+0000] {processor.py:176} INFO - Processing /home/airflow/.local/lib/python3.7/site-packages/airflow/example_dags/example_task_group_decorator.py took 0.118 seconds
[2024-03-28T15:46:28.262+0000] {processor.py:154} INFO - Started process (PID=133) to work on /home/airflow/.local/lib/python3.7/site-packages/airflow/example_dags/example_task_group_decorator.py
[2024-03-28T15:46:28.268+0000] {processor.py:756} INFO - Processing file /home/airflow/.local/lib/python3.7/site-packages/airflow/example_dags/example_task_group_decorator.py for tasks to queue
[2024-03-28T15:46:28.273+0000] {logging_mixin.py:120} INFO - [2024-03-28T15:46:28.272+0000] {dagbag.py:537} INFO - Filling up the DagBag from /home/airflow/.local/lib/python3.7/site-packages/airflow/example_dags/example_task_group_decorator.py
[2024-03-28T15:46:28.633+0000] {processor.py:766} INFO - DAG(s) dict_keys(['example_task_group_decorator']) retrieved from /home/airflow/.local/lib/python3.7/site-packages/airflow/example_dags/example_task_group_decorator.py
[2024-03-28T15:46:36.196+0000] {logging_mixin.py:120} INFO - [2024-03-28T15:46:36.188+0000] {dag.py:2585} INFO - Sync 1 DAGs
[2024-03-28T15:46:36.370+0000] {logging_mixin.py:120} INFO - [2024-03-28T15:46:36.369+0000] {dag.py:3340} INFO - Setting next_dagrun for example_task_group_decorator to 2024-03-27T19:27:26.523341+00:00, run_after=2024-03-28T19:27:26.523341+00:00
[2024-03-28T15:46:36.469+0000] {processor.py:176} INFO - Processing /home/airflow/.local/lib/python3.7/site-packages/airflow/example_dags/example_task_group_decorator.py took 8.215 seconds
[2024-03-28T15:50:22.310+0000] {processor.py:154} INFO - Started process (PID=89) to work on /home/airflow/.local/lib/python3.7/site-packages/airflow/example_dags/example_task_group_decorator.py
[2024-03-28T15:50:22.313+0000] {processor.py:756} INFO - Processing file /home/airflow/.local/lib/python3.7/site-packages/airflow/example_dags/example_task_group_decorator.py for tasks to queue
[2024-03-28T15:50:22.316+0000] {logging_mixin.py:120} INFO - [2024-03-28T15:50:22.316+0000] {dagbag.py:537} INFO - Filling up the DagBag from /home/airflow/.local/lib/python3.7/site-packages/airflow/example_dags/example_task_group_decorator.py
[2024-03-28T15:50:22.489+0000] {processor.py:766} INFO - DAG(s) dict_keys(['example_task_group_decorator']) retrieved from /home/airflow/.local/lib/python3.7/site-packages/airflow/example_dags/example_task_group_decorator.py
[2024-03-28T15:50:22.776+0000] {logging_mixin.py:120} INFO - [2024-03-28T15:50:22.775+0000] {dag.py:2585} INFO - Sync 1 DAGs
[2024-03-28T15:50:23.047+0000] {logging_mixin.py:120} INFO - [2024-03-28T15:50:23.045+0000] {dag.py:3340} INFO - Setting next_dagrun for example_task_group_decorator to 2024-03-27T19:27:26.523341+00:00, run_after=2024-03-28T19:27:26.523341+00:00
[2024-03-28T15:50:23.096+0000] {processor.py:176} INFO - Processing /home/airflow/.local/lib/python3.7/site-packages/airflow/example_dags/example_task_group_decorator.py took 0.793 seconds
[2024-03-28T15:51:28.337+0000] {processor.py:154} INFO - Started process (PID=161) to work on /home/airflow/.local/lib/python3.7/site-packages/airflow/example_dags/example_task_group_decorator.py
[2024-03-28T15:51:28.342+0000] {processor.py:756} INFO - Processing file /home/airflow/.local/lib/python3.7/site-packages/airflow/example_dags/example_task_group_decorator.py for tasks to queue
[2024-03-28T15:51:28.347+0000] {logging_mixin.py:120} INFO - [2024-03-28T15:51:28.346+0000] {dagbag.py:537} INFO - Filling up the DagBag from /home/airflow/.local/lib/python3.7/site-packages/airflow/example_dags/example_task_group_decorator.py
[2024-03-28T15:51:28.754+0000] {processor.py:766} INFO - DAG(s) dict_keys(['example_task_group_decorator']) retrieved from /home/airflow/.local/lib/python3.7/site-packages/airflow/example_dags/example_task_group_decorator.py
[2024-03-28T15:51:32.174+0000] {logging_mixin.py:120} INFO - [2024-03-28T15:51:32.173+0000] {dag.py:2585} INFO - Sync 1 DAGs
[2024-03-28T15:53:40.614+0000] {processor.py:154} INFO - Started process (PID=70) to work on /home/airflow/.local/lib/python3.7/site-packages/airflow/example_dags/example_task_group_decorator.py
[2024-03-28T15:53:40.618+0000] {processor.py:756} INFO - Processing file /home/airflow/.local/lib/python3.7/site-packages/airflow/example_dags/example_task_group_decorator.py for tasks to queue
[2024-03-28T15:53:40.622+0000] {logging_mixin.py:120} INFO - [2024-03-28T15:53:40.621+0000] {dagbag.py:537} INFO - Filling up the DagBag from /home/airflow/.local/lib/python3.7/site-packages/airflow/example_dags/example_task_group_decorator.py
[2024-03-28T15:53:41.011+0000] {processor.py:766} INFO - DAG(s) dict_keys(['example_task_group_decorator']) retrieved from /home/airflow/.local/lib/python3.7/site-packages/airflow/example_dags/example_task_group_decorator.py
[2024-03-28T15:53:43.066+0000] {logging_mixin.py:120} INFO - [2024-03-28T15:53:43.063+0000] {dag.py:2585} INFO - Sync 1 DAGs
[2024-03-28T15:53:43.351+0000] {logging_mixin.py:120} INFO - [2024-03-28T15:53:43.342+0000] {dag.py:3340} INFO - Setting next_dagrun for example_task_group_decorator to 2024-03-27T19:27:26.523341+00:00, run_after=2024-03-28T19:27:26.523341+00:00
[2024-03-28T15:53:44.625+0000] {processor.py:176} INFO - Processing /home/airflow/.local/lib/python3.7/site-packages/airflow/example_dags/example_task_group_decorator.py took 4.025 seconds
[2024-03-28T15:54:38.057+0000] {processor.py:154} INFO - Started process (PID=135) to work on /home/airflow/.local/lib/python3.7/site-packages/airflow/example_dags/example_task_group_decorator.py
[2024-03-28T15:54:38.062+0000] {processor.py:756} INFO - Processing file /home/airflow/.local/lib/python3.7/site-packages/airflow/example_dags/example_task_group_decorator.py for tasks to queue
[2024-03-28T15:54:38.065+0000] {logging_mixin.py:120} INFO - [2024-03-28T15:54:38.064+0000] {dagbag.py:537} INFO - Filling up the DagBag from /home/airflow/.local/lib/python3.7/site-packages/airflow/example_dags/example_task_group_decorator.py
[2024-03-28T15:54:38.151+0000] {processor.py:766} INFO - DAG(s) dict_keys(['example_task_group_decorator']) retrieved from /home/airflow/.local/lib/python3.7/site-packages/airflow/example_dags/example_task_group_decorator.py
[2024-03-28T15:54:38.636+0000] {logging_mixin.py:120} INFO - [2024-03-28T15:54:38.636+0000] {dag.py:2585} INFO - Sync 1 DAGs
[2024-03-28T15:54:38.754+0000] {logging_mixin.py:120} INFO - [2024-03-28T15:54:38.753+0000] {dag.py:3340} INFO - Setting next_dagrun for example_task_group_decorator to 2024-03-27T19:27:26.523341+00:00, run_after=2024-03-28T19:27:26.523341+00:00
[2024-03-28T15:54:48.557+0000] {processor.py:176} INFO - Processing /home/airflow/.local/lib/python3.7/site-packages/airflow/example_dags/example_task_group_decorator.py took 10.502 seconds
[2024-03-28T15:58:09.099+0000] {processor.py:154} INFO - Started process (PID=95) to work on /home/airflow/.local/lib/python3.7/site-packages/airflow/example_dags/example_task_group_decorator.py
[2024-03-28T15:58:09.107+0000] {processor.py:756} INFO - Processing file /home/airflow/.local/lib/python3.7/site-packages/airflow/example_dags/example_task_group_decorator.py for tasks to queue
[2024-03-28T15:58:09.121+0000] {logging_mixin.py:120} INFO - [2024-03-28T15:58:09.120+0000] {dagbag.py:537} INFO - Filling up the DagBag from /home/airflow/.local/lib/python3.7/site-packages/airflow/example_dags/example_task_group_decorator.py
[2024-03-28T15:58:09.501+0000] {processor.py:766} INFO - DAG(s) dict_keys(['example_task_group_decorator']) retrieved from /home/airflow/.local/lib/python3.7/site-packages/airflow/example_dags/example_task_group_decorator.py
[2024-03-28T15:58:10.874+0000] {logging_mixin.py:120} INFO - [2024-03-28T15:58:10.872+0000] {dag.py:2585} INFO - Sync 1 DAGs
[2024-03-28T15:58:10.967+0000] {logging_mixin.py:120} INFO - [2024-03-28T15:58:10.965+0000] {dag.py:3340} INFO - Setting next_dagrun for example_task_group_decorator to 2024-03-27T19:27:26.523341+00:00, run_after=2024-03-28T19:27:26.523341+00:00
[2024-03-28T15:58:11.184+0000] {processor.py:176} INFO - Processing /home/airflow/.local/lib/python3.7/site-packages/airflow/example_dags/example_task_group_decorator.py took 2.112 seconds
