[2024-03-28T15:20:42.983+0000] {processor.py:154} INFO - Started process (PID=87) to work on /home/airflow/.local/lib/python3.7/site-packages/airflow/example_dags/example_short_circuit_operator.py
[2024-03-28T15:20:42.984+0000] {processor.py:756} INFO - Processing file /home/airflow/.local/lib/python3.7/site-packages/airflow/example_dags/example_short_circuit_operator.py for tasks to queue
[2024-03-28T15:20:42.986+0000] {logging_mixin.py:120} INFO - [2024-03-28T15:20:42.986+0000] {dagbag.py:537} INFO - Filling up the DagBag from /home/airflow/.local/lib/python3.7/site-packages/airflow/example_dags/example_short_circuit_operator.py
[2024-03-28T15:20:43.037+0000] {processor.py:766} INFO - DAG(s) dict_keys(['example_short_circuit_operator']) retrieved from /home/airflow/.local/lib/python3.7/site-packages/airflow/example_dags/example_short_circuit_operator.py
[2024-03-28T15:20:43.132+0000] {logging_mixin.py:120} INFO - [2024-03-28T15:20:43.132+0000] {dag.py:2585} INFO - Sync 1 DAGs
[2024-03-28T15:20:43.202+0000] {logging_mixin.py:120} INFO - [2024-03-28T15:20:43.201+0000] {dag.py:3340} INFO - Setting next_dagrun for example_short_circuit_operator to 2024-03-27T19:27:28.159782+00:00, run_after=2024-03-28T19:27:28.159782+00:00
[2024-03-28T15:20:43.247+0000] {processor.py:176} INFO - Processing /home/airflow/.local/lib/python3.7/site-packages/airflow/example_dags/example_short_circuit_operator.py took 0.269 seconds
[2024-03-28T15:25:39.952+0000] {processor.py:154} INFO - Started process (PID=127) to work on /home/airflow/.local/lib/python3.7/site-packages/airflow/example_dags/example_short_circuit_operator.py
[2024-03-28T15:25:39.954+0000] {processor.py:756} INFO - Processing file /home/airflow/.local/lib/python3.7/site-packages/airflow/example_dags/example_short_circuit_operator.py for tasks to queue
[2024-03-28T15:25:39.960+0000] {logging_mixin.py:120} INFO - [2024-03-28T15:25:39.959+0000] {dagbag.py:537} INFO - Filling up the DagBag from /home/airflow/.local/lib/python3.7/site-packages/airflow/example_dags/example_short_circuit_operator.py
[2024-03-28T15:25:40.231+0000] {processor.py:766} INFO - DAG(s) dict_keys(['example_short_circuit_operator']) retrieved from /home/airflow/.local/lib/python3.7/site-packages/airflow/example_dags/example_short_circuit_operator.py
[2024-03-28T15:25:40.839+0000] {logging_mixin.py:120} INFO - [2024-03-28T15:25:40.838+0000] {dag.py:2585} INFO - Sync 1 DAGs
[2024-03-28T15:25:40.976+0000] {logging_mixin.py:120} INFO - [2024-03-28T15:25:40.975+0000] {dag.py:3340} INFO - Setting next_dagrun for example_short_circuit_operator to 2024-03-27T19:27:28.159782+00:00, run_after=2024-03-28T19:27:28.159782+00:00
[2024-03-28T15:25:41.085+0000] {processor.py:176} INFO - Processing /home/airflow/.local/lib/python3.7/site-packages/airflow/example_dags/example_short_circuit_operator.py took 1.151 seconds
[2024-03-28T15:27:48.906+0000] {processor.py:154} INFO - Started process (PID=119) to work on /home/airflow/.local/lib/python3.7/site-packages/airflow/example_dags/example_short_circuit_operator.py
[2024-03-28T15:27:49.020+0000] {processor.py:756} INFO - Processing file /home/airflow/.local/lib/python3.7/site-packages/airflow/example_dags/example_short_circuit_operator.py for tasks to queue
[2024-03-28T15:27:49.036+0000] {logging_mixin.py:120} INFO - [2024-03-28T15:27:49.036+0000] {dagbag.py:537} INFO - Filling up the DagBag from /home/airflow/.local/lib/python3.7/site-packages/airflow/example_dags/example_short_circuit_operator.py
[2024-03-28T15:27:49.190+0000] {processor.py:766} INFO - DAG(s) dict_keys(['example_short_circuit_operator']) retrieved from /home/airflow/.local/lib/python3.7/site-packages/airflow/example_dags/example_short_circuit_operator.py
[2024-03-28T15:27:49.553+0000] {logging_mixin.py:120} INFO - [2024-03-28T15:27:49.553+0000] {dag.py:2585} INFO - Sync 1 DAGs
[2024-03-28T15:27:49.825+0000] {logging_mixin.py:120} INFO - [2024-03-28T15:27:49.825+0000] {dag.py:3340} INFO - Setting next_dagrun for example_short_circuit_operator to 2024-03-27T19:27:28.159782+00:00, run_after=2024-03-28T19:27:28.159782+00:00
[2024-03-28T15:27:52.059+0000] {processor.py:176} INFO - Processing /home/airflow/.local/lib/python3.7/site-packages/airflow/example_dags/example_short_circuit_operator.py took 3.172 seconds
[2024-03-28T15:38:58.484+0000] {processor.py:154} INFO - Started process (PID=128) to work on /home/airflow/.local/lib/python3.7/site-packages/airflow/example_dags/example_short_circuit_operator.py
[2024-03-28T15:38:58.485+0000] {processor.py:756} INFO - Processing file /home/airflow/.local/lib/python3.7/site-packages/airflow/example_dags/example_short_circuit_operator.py for tasks to queue
[2024-03-28T15:38:58.486+0000] {logging_mixin.py:120} INFO - [2024-03-28T15:38:58.486+0000] {dagbag.py:537} INFO - Filling up the DagBag from /home/airflow/.local/lib/python3.7/site-packages/airflow/example_dags/example_short_circuit_operator.py
[2024-03-28T15:38:59.209+0000] {processor.py:766} INFO - DAG(s) dict_keys(['example_short_circuit_operator']) retrieved from /home/airflow/.local/lib/python3.7/site-packages/airflow/example_dags/example_short_circuit_operator.py
[2024-03-28T15:39:04.777+0000] {logging_mixin.py:120} INFO - [2024-03-28T15:39:04.776+0000] {dag.py:2585} INFO - Sync 1 DAGs
[2024-03-28T15:39:04.879+0000] {logging_mixin.py:120} INFO - [2024-03-28T15:39:04.878+0000] {dag.py:3340} INFO - Setting next_dagrun for example_short_circuit_operator to 2024-03-27T19:27:28.159782+00:00, run_after=2024-03-28T19:27:28.159782+00:00
[2024-03-28T15:39:04.932+0000] {processor.py:176} INFO - Processing /home/airflow/.local/lib/python3.7/site-packages/airflow/example_dags/example_short_circuit_operator.py took 6.463 seconds
[2024-03-28T15:42:57.594+0000] {processor.py:154} INFO - Started process (PID=74) to work on /home/airflow/.local/lib/python3.7/site-packages/airflow/example_dags/example_short_circuit_operator.py
[2024-03-28T15:42:57.595+0000] {processor.py:756} INFO - Processing file /home/airflow/.local/lib/python3.7/site-packages/airflow/example_dags/example_short_circuit_operator.py for tasks to queue
[2024-03-28T15:42:57.595+0000] {logging_mixin.py:120} INFO - [2024-03-28T15:42:57.595+0000] {dagbag.py:537} INFO - Filling up the DagBag from /home/airflow/.local/lib/python3.7/site-packages/airflow/example_dags/example_short_circuit_operator.py
[2024-03-28T15:42:57.606+0000] {processor.py:766} INFO - DAG(s) dict_keys(['example_short_circuit_operator']) retrieved from /home/airflow/.local/lib/python3.7/site-packages/airflow/example_dags/example_short_circuit_operator.py
[2024-03-28T15:42:57.628+0000] {logging_mixin.py:120} INFO - [2024-03-28T15:42:57.628+0000] {dag.py:2585} INFO - Sync 1 DAGs
[2024-03-28T15:42:57.642+0000] {logging_mixin.py:120} INFO - [2024-03-28T15:42:57.642+0000] {dag.py:3340} INFO - Setting next_dagrun for example_short_circuit_operator to 2024-03-27T19:27:28.159782+00:00, run_after=2024-03-28T19:27:28.159782+00:00
[2024-03-28T15:42:57.652+0000] {processor.py:176} INFO - Processing /home/airflow/.local/lib/python3.7/site-packages/airflow/example_dags/example_short_circuit_operator.py took 0.060 seconds
[2024-03-28T15:45:21.569+0000] {processor.py:154} INFO - Started process (PID=92) to work on /home/airflow/.local/lib/python3.7/site-packages/airflow/example_dags/example_short_circuit_operator.py
[2024-03-28T15:45:21.570+0000] {processor.py:756} INFO - Processing file /home/airflow/.local/lib/python3.7/site-packages/airflow/example_dags/example_short_circuit_operator.py for tasks to queue
[2024-03-28T15:45:21.571+0000] {logging_mixin.py:120} INFO - [2024-03-28T15:45:21.571+0000] {dagbag.py:537} INFO - Filling up the DagBag from /home/airflow/.local/lib/python3.7/site-packages/airflow/example_dags/example_short_circuit_operator.py
[2024-03-28T15:45:21.584+0000] {processor.py:766} INFO - DAG(s) dict_keys(['example_short_circuit_operator']) retrieved from /home/airflow/.local/lib/python3.7/site-packages/airflow/example_dags/example_short_circuit_operator.py
[2024-03-28T15:45:21.608+0000] {logging_mixin.py:120} INFO - [2024-03-28T15:45:21.608+0000] {dag.py:2585} INFO - Sync 1 DAGs
[2024-03-28T15:45:21.625+0000] {logging_mixin.py:120} INFO - [2024-03-28T15:45:21.625+0000] {dag.py:3340} INFO - Setting next_dagrun for example_short_circuit_operator to 2024-03-27T19:27:28.159782+00:00, run_after=2024-03-28T19:27:28.159782+00:00
[2024-03-28T15:45:21.636+0000] {processor.py:176} INFO - Processing /home/airflow/.local/lib/python3.7/site-packages/airflow/example_dags/example_short_circuit_operator.py took 0.069 seconds
[2024-03-28T15:51:02.366+0000] {processor.py:154} INFO - Started process (PID=135) to work on /home/airflow/.local/lib/python3.7/site-packages/airflow/example_dags/example_short_circuit_operator.py
[2024-03-28T15:51:02.371+0000] {processor.py:756} INFO - Processing file /home/airflow/.local/lib/python3.7/site-packages/airflow/example_dags/example_short_circuit_operator.py for tasks to queue
[2024-03-28T15:51:02.376+0000] {logging_mixin.py:120} INFO - [2024-03-28T15:51:02.375+0000] {dagbag.py:537} INFO - Filling up the DagBag from /home/airflow/.local/lib/python3.7/site-packages/airflow/example_dags/example_short_circuit_operator.py
[2024-03-28T15:51:02.764+0000] {processor.py:766} INFO - DAG(s) dict_keys(['example_short_circuit_operator']) retrieved from /home/airflow/.local/lib/python3.7/site-packages/airflow/example_dags/example_short_circuit_operator.py
[2024-03-28T15:51:03.400+0000] {logging_mixin.py:120} INFO - [2024-03-28T15:51:03.399+0000] {dag.py:2585} INFO - Sync 1 DAGs
[2024-03-28T15:51:03.462+0000] {logging_mixin.py:120} INFO - [2024-03-28T15:51:03.459+0000] {dag.py:3340} INFO - Setting next_dagrun for example_short_circuit_operator to 2024-03-27T19:27:28.159782+00:00, run_after=2024-03-28T19:27:28.159782+00:00
[2024-03-28T15:51:03.606+0000] {processor.py:176} INFO - Processing /home/airflow/.local/lib/python3.7/site-packages/airflow/example_dags/example_short_circuit_operator.py took 1.309 seconds
[2024-03-28T15:54:18.166+0000] {processor.py:154} INFO - Started process (PID=109) to work on /home/airflow/.local/lib/python3.7/site-packages/airflow/example_dags/example_short_circuit_operator.py
[2024-03-28T15:54:18.168+0000] {processor.py:756} INFO - Processing file /home/airflow/.local/lib/python3.7/site-packages/airflow/example_dags/example_short_circuit_operator.py for tasks to queue
[2024-03-28T15:54:18.169+0000] {logging_mixin.py:120} INFO - [2024-03-28T15:54:18.169+0000] {dagbag.py:537} INFO - Filling up the DagBag from /home/airflow/.local/lib/python3.7/site-packages/airflow/example_dags/example_short_circuit_operator.py
[2024-03-28T15:54:18.256+0000] {processor.py:766} INFO - DAG(s) dict_keys(['example_short_circuit_operator']) retrieved from /home/airflow/.local/lib/python3.7/site-packages/airflow/example_dags/example_short_circuit_operator.py
[2024-03-28T15:54:19.962+0000] {logging_mixin.py:120} INFO - [2024-03-28T15:54:19.961+0000] {dag.py:2585} INFO - Sync 1 DAGs
[2024-03-28T15:54:20.183+0000] {logging_mixin.py:120} INFO - [2024-03-28T15:54:20.181+0000] {dag.py:3340} INFO - Setting next_dagrun for example_short_circuit_operator to 2024-03-27T19:27:28.159782+00:00, run_after=2024-03-28T19:27:28.159782+00:00
[2024-03-28T15:54:20.226+0000] {processor.py:176} INFO - Processing /home/airflow/.local/lib/python3.7/site-packages/airflow/example_dags/example_short_circuit_operator.py took 2.001 seconds
