[2024-03-28T15:20:42.323+0000] {processor.py:154} INFO - Started process (PID=82) to work on /home/airflow/.local/lib/python3.7/site-packages/airflow/example_dags/example_complex.py
[2024-03-28T15:20:42.325+0000] {processor.py:756} INFO - Processing file /home/airflow/.local/lib/python3.7/site-packages/airflow/example_dags/example_complex.py for tasks to queue
[2024-03-28T15:20:42.329+0000] {logging_mixin.py:120} INFO - [2024-03-28T15:20:42.328+0000] {dagbag.py:537} INFO - Filling up the DagBag from /home/airflow/.local/lib/python3.7/site-packages/airflow/example_dags/example_complex.py
[2024-03-28T15:20:42.339+0000] {logging_mixin.py:120} INFO - [2024-03-28T15:20:42.339+0000] {taskmixin.py:205} WARNING - Dependency <Task(BashOperator): create_entry_group>, delete_entry_group already registered for DAG: example_complex
[2024-03-28T15:20:42.339+0000] {logging_mixin.py:120} INFO - [2024-03-28T15:20:42.339+0000] {taskmixin.py:205} WARNING - Dependency <Task(BashOperator): delete_entry_group>, create_entry_group already registered for DAG: example_complex
[2024-03-28T15:20:42.340+0000] {logging_mixin.py:120} INFO - [2024-03-28T15:20:42.340+0000] {taskmixin.py:205} WARNING - Dependency <Task(BashOperator): create_entry_gcs>, delete_entry already registered for DAG: example_complex
[2024-03-28T15:20:42.341+0000] {logging_mixin.py:120} INFO - [2024-03-28T15:20:42.341+0000] {taskmixin.py:205} WARNING - Dependency <Task(BashOperator): delete_entry>, create_entry_gcs already registered for DAG: example_complex
[2024-03-28T15:20:42.342+0000] {logging_mixin.py:120} INFO - [2024-03-28T15:20:42.342+0000] {taskmixin.py:205} WARNING - Dependency <Task(BashOperator): create_tag>, delete_tag already registered for DAG: example_complex
[2024-03-28T15:20:42.342+0000] {logging_mixin.py:120} INFO - [2024-03-28T15:20:42.342+0000] {taskmixin.py:205} WARNING - Dependency <Task(BashOperator): delete_tag>, create_tag already registered for DAG: example_complex
[2024-03-28T15:20:42.354+0000] {processor.py:766} INFO - DAG(s) dict_keys(['example_complex']) retrieved from /home/airflow/.local/lib/python3.7/site-packages/airflow/example_dags/example_complex.py
[2024-03-28T15:20:42.445+0000] {logging_mixin.py:120} INFO - [2024-03-28T15:20:42.445+0000] {dag.py:2585} INFO - Sync 1 DAGs
[2024-03-28T15:20:42.510+0000] {logging_mixin.py:120} INFO - [2024-03-28T15:20:42.510+0000] {dag.py:3340} INFO - Setting next_dagrun for example_complex to None, run_after=None
[2024-03-28T15:20:42.539+0000] {processor.py:176} INFO - Processing /home/airflow/.local/lib/python3.7/site-packages/airflow/example_dags/example_complex.py took 0.218 seconds
[2024-03-28T15:25:37.205+0000] {processor.py:154} INFO - Started process (PID=122) to work on /home/airflow/.local/lib/python3.7/site-packages/airflow/example_dags/example_complex.py
[2024-03-28T15:25:37.209+0000] {processor.py:756} INFO - Processing file /home/airflow/.local/lib/python3.7/site-packages/airflow/example_dags/example_complex.py for tasks to queue
[2024-03-28T15:25:37.212+0000] {logging_mixin.py:120} INFO - [2024-03-28T15:25:37.211+0000] {dagbag.py:537} INFO - Filling up the DagBag from /home/airflow/.local/lib/python3.7/site-packages/airflow/example_dags/example_complex.py
[2024-03-28T15:25:37.263+0000] {logging_mixin.py:120} INFO - [2024-03-28T15:25:37.260+0000] {taskmixin.py:205} WARNING - Dependency <Task(BashOperator): create_entry_group>, delete_entry_group already registered for DAG: example_complex
[2024-03-28T15:25:37.264+0000] {logging_mixin.py:120} INFO - [2024-03-28T15:25:37.264+0000] {taskmixin.py:205} WARNING - Dependency <Task(BashOperator): delete_entry_group>, create_entry_group already registered for DAG: example_complex
[2024-03-28T15:25:37.270+0000] {logging_mixin.py:120} INFO - [2024-03-28T15:25:37.269+0000] {taskmixin.py:205} WARNING - Dependency <Task(BashOperator): create_entry_gcs>, delete_entry already registered for DAG: example_complex
[2024-03-28T15:25:37.271+0000] {logging_mixin.py:120} INFO - [2024-03-28T15:25:37.271+0000] {taskmixin.py:205} WARNING - Dependency <Task(BashOperator): delete_entry>, create_entry_gcs already registered for DAG: example_complex
[2024-03-28T15:25:37.274+0000] {logging_mixin.py:120} INFO - [2024-03-28T15:25:37.274+0000] {taskmixin.py:205} WARNING - Dependency <Task(BashOperator): create_tag>, delete_tag already registered for DAG: example_complex
[2024-03-28T15:25:37.278+0000] {logging_mixin.py:120} INFO - [2024-03-28T15:25:37.278+0000] {taskmixin.py:205} WARNING - Dependency <Task(BashOperator): delete_tag>, create_tag already registered for DAG: example_complex
[2024-03-28T15:25:37.341+0000] {processor.py:766} INFO - DAG(s) dict_keys(['example_complex']) retrieved from /home/airflow/.local/lib/python3.7/site-packages/airflow/example_dags/example_complex.py
[2024-03-28T15:25:37.621+0000] {logging_mixin.py:120} INFO - [2024-03-28T15:25:37.620+0000] {dag.py:2585} INFO - Sync 1 DAGs
[2024-03-28T15:25:37.727+0000] {logging_mixin.py:120} INFO - [2024-03-28T15:25:37.726+0000] {dag.py:3340} INFO - Setting next_dagrun for example_complex to None, run_after=None
[2024-03-28T15:25:37.882+0000] {processor.py:176} INFO - Processing /home/airflow/.local/lib/python3.7/site-packages/airflow/example_dags/example_complex.py took 0.705 seconds
[2024-03-28T15:27:46.495+0000] {processor.py:154} INFO - Started process (PID=112) to work on /home/airflow/.local/lib/python3.7/site-packages/airflow/example_dags/example_complex.py
[2024-03-28T15:27:46.500+0000] {processor.py:756} INFO - Processing file /home/airflow/.local/lib/python3.7/site-packages/airflow/example_dags/example_complex.py for tasks to queue
[2024-03-28T15:27:46.501+0000] {logging_mixin.py:120} INFO - [2024-03-28T15:27:46.500+0000] {dagbag.py:537} INFO - Filling up the DagBag from /home/airflow/.local/lib/python3.7/site-packages/airflow/example_dags/example_complex.py
[2024-03-28T15:27:46.543+0000] {logging_mixin.py:120} INFO - [2024-03-28T15:27:46.543+0000] {taskmixin.py:205} WARNING - Dependency <Task(BashOperator): create_entry_group>, delete_entry_group already registered for DAG: example_complex
[2024-03-28T15:27:46.546+0000] {logging_mixin.py:120} INFO - [2024-03-28T15:27:46.546+0000] {taskmixin.py:205} WARNING - Dependency <Task(BashOperator): delete_entry_group>, create_entry_group already registered for DAG: example_complex
[2024-03-28T15:27:46.546+0000] {logging_mixin.py:120} INFO - [2024-03-28T15:27:46.546+0000] {taskmixin.py:205} WARNING - Dependency <Task(BashOperator): create_entry_gcs>, delete_entry already registered for DAG: example_complex
[2024-03-28T15:27:46.547+0000] {logging_mixin.py:120} INFO - [2024-03-28T15:27:46.547+0000] {taskmixin.py:205} WARNING - Dependency <Task(BashOperator): delete_entry>, create_entry_gcs already registered for DAG: example_complex
[2024-03-28T15:27:46.547+0000] {logging_mixin.py:120} INFO - [2024-03-28T15:27:46.547+0000] {taskmixin.py:205} WARNING - Dependency <Task(BashOperator): create_tag>, delete_tag already registered for DAG: example_complex
[2024-03-28T15:27:46.548+0000] {logging_mixin.py:120} INFO - [2024-03-28T15:27:46.547+0000] {taskmixin.py:205} WARNING - Dependency <Task(BashOperator): delete_tag>, create_tag already registered for DAG: example_complex
[2024-03-28T15:27:46.604+0000] {processor.py:766} INFO - DAG(s) dict_keys(['example_complex']) retrieved from /home/airflow/.local/lib/python3.7/site-packages/airflow/example_dags/example_complex.py
[2024-03-28T15:27:47.045+0000] {logging_mixin.py:120} INFO - [2024-03-28T15:27:47.045+0000] {dag.py:2585} INFO - Sync 1 DAGs
[2024-03-28T15:27:47.115+0000] {logging_mixin.py:120} INFO - [2024-03-28T15:27:47.114+0000] {dag.py:3340} INFO - Setting next_dagrun for example_complex to None, run_after=None
[2024-03-28T15:27:47.175+0000] {processor.py:176} INFO - Processing /home/airflow/.local/lib/python3.7/site-packages/airflow/example_dags/example_complex.py took 0.689 seconds
[2024-03-28T15:38:55.544+0000] {processor.py:154} INFO - Started process (PID=123) to work on /home/airflow/.local/lib/python3.7/site-packages/airflow/example_dags/example_complex.py
[2024-03-28T15:38:55.550+0000] {processor.py:756} INFO - Processing file /home/airflow/.local/lib/python3.7/site-packages/airflow/example_dags/example_complex.py for tasks to queue
[2024-03-28T15:38:55.553+0000] {logging_mixin.py:120} INFO - [2024-03-28T15:38:55.553+0000] {dagbag.py:537} INFO - Filling up the DagBag from /home/airflow/.local/lib/python3.7/site-packages/airflow/example_dags/example_complex.py
[2024-03-28T15:38:55.582+0000] {logging_mixin.py:120} INFO - [2024-03-28T15:38:55.582+0000] {taskmixin.py:205} WARNING - Dependency <Task(BashOperator): create_entry_group>, delete_entry_group already registered for DAG: example_complex
[2024-03-28T15:38:55.583+0000] {logging_mixin.py:120} INFO - [2024-03-28T15:38:55.583+0000] {taskmixin.py:205} WARNING - Dependency <Task(BashOperator): delete_entry_group>, create_entry_group already registered for DAG: example_complex
[2024-03-28T15:38:55.585+0000] {logging_mixin.py:120} INFO - [2024-03-28T15:38:55.584+0000] {taskmixin.py:205} WARNING - Dependency <Task(BashOperator): create_entry_gcs>, delete_entry already registered for DAG: example_complex
[2024-03-28T15:38:55.586+0000] {logging_mixin.py:120} INFO - [2024-03-28T15:38:55.585+0000] {taskmixin.py:205} WARNING - Dependency <Task(BashOperator): delete_entry>, create_entry_gcs already registered for DAG: example_complex
[2024-03-28T15:38:55.587+0000] {logging_mixin.py:120} INFO - [2024-03-28T15:38:55.586+0000] {taskmixin.py:205} WARNING - Dependency <Task(BashOperator): create_tag>, delete_tag already registered for DAG: example_complex
[2024-03-28T15:38:55.587+0000] {logging_mixin.py:120} INFO - [2024-03-28T15:38:55.587+0000] {taskmixin.py:205} WARNING - Dependency <Task(BashOperator): delete_tag>, create_tag already registered for DAG: example_complex
[2024-03-28T15:38:55.673+0000] {processor.py:766} INFO - DAG(s) dict_keys(['example_complex']) retrieved from /home/airflow/.local/lib/python3.7/site-packages/airflow/example_dags/example_complex.py
[2024-03-28T15:38:56.146+0000] {logging_mixin.py:120} INFO - [2024-03-28T15:38:56.145+0000] {dag.py:2585} INFO - Sync 1 DAGs
[2024-03-28T15:38:56.254+0000] {logging_mixin.py:120} INFO - [2024-03-28T15:38:56.250+0000] {dag.py:3340} INFO - Setting next_dagrun for example_complex to None, run_after=None
[2024-03-28T15:38:56.489+0000] {processor.py:176} INFO - Processing /home/airflow/.local/lib/python3.7/site-packages/airflow/example_dags/example_complex.py took 0.971 seconds
[2024-03-28T15:42:57.338+0000] {processor.py:154} INFO - Started process (PID=69) to work on /home/airflow/.local/lib/python3.7/site-packages/airflow/example_dags/example_complex.py
[2024-03-28T15:42:57.339+0000] {processor.py:756} INFO - Processing file /home/airflow/.local/lib/python3.7/site-packages/airflow/example_dags/example_complex.py for tasks to queue
[2024-03-28T15:42:57.341+0000] {logging_mixin.py:120} INFO - [2024-03-28T15:42:57.341+0000] {dagbag.py:537} INFO - Filling up the DagBag from /home/airflow/.local/lib/python3.7/site-packages/airflow/example_dags/example_complex.py
[2024-03-28T15:42:57.358+0000] {logging_mixin.py:120} INFO - [2024-03-28T15:42:57.358+0000] {taskmixin.py:205} WARNING - Dependency <Task(BashOperator): create_entry_group>, delete_entry_group already registered for DAG: example_complex
[2024-03-28T15:42:57.359+0000] {logging_mixin.py:120} INFO - [2024-03-28T15:42:57.359+0000] {taskmixin.py:205} WARNING - Dependency <Task(BashOperator): delete_entry_group>, create_entry_group already registered for DAG: example_complex
[2024-03-28T15:42:57.359+0000] {logging_mixin.py:120} INFO - [2024-03-28T15:42:57.359+0000] {taskmixin.py:205} WARNING - Dependency <Task(BashOperator): create_entry_gcs>, delete_entry already registered for DAG: example_complex
[2024-03-28T15:42:57.359+0000] {logging_mixin.py:120} INFO - [2024-03-28T15:42:57.359+0000] {taskmixin.py:205} WARNING - Dependency <Task(BashOperator): delete_entry>, create_entry_gcs already registered for DAG: example_complex
[2024-03-28T15:42:57.359+0000] {logging_mixin.py:120} INFO - [2024-03-28T15:42:57.359+0000] {taskmixin.py:205} WARNING - Dependency <Task(BashOperator): create_tag>, delete_tag already registered for DAG: example_complex
[2024-03-28T15:42:57.360+0000] {logging_mixin.py:120} INFO - [2024-03-28T15:42:57.360+0000] {taskmixin.py:205} WARNING - Dependency <Task(BashOperator): delete_tag>, create_tag already registered for DAG: example_complex
[2024-03-28T15:42:57.366+0000] {processor.py:766} INFO - DAG(s) dict_keys(['example_complex']) retrieved from /home/airflow/.local/lib/python3.7/site-packages/airflow/example_dags/example_complex.py
[2024-03-28T15:42:57.402+0000] {logging_mixin.py:120} INFO - [2024-03-28T15:42:57.402+0000] {dag.py:2585} INFO - Sync 1 DAGs
[2024-03-28T15:42:57.418+0000] {logging_mixin.py:120} INFO - [2024-03-28T15:42:57.418+0000] {dag.py:3340} INFO - Setting next_dagrun for example_complex to None, run_after=None
[2024-03-28T15:42:57.429+0000] {processor.py:176} INFO - Processing /home/airflow/.local/lib/python3.7/site-packages/airflow/example_dags/example_complex.py took 0.093 seconds
[2024-03-28T15:45:21.322+0000] {processor.py:154} INFO - Started process (PID=87) to work on /home/airflow/.local/lib/python3.7/site-packages/airflow/example_dags/example_complex.py
[2024-03-28T15:45:21.322+0000] {processor.py:756} INFO - Processing file /home/airflow/.local/lib/python3.7/site-packages/airflow/example_dags/example_complex.py for tasks to queue
[2024-03-28T15:45:21.323+0000] {logging_mixin.py:120} INFO - [2024-03-28T15:45:21.323+0000] {dagbag.py:537} INFO - Filling up the DagBag from /home/airflow/.local/lib/python3.7/site-packages/airflow/example_dags/example_complex.py
[2024-03-28T15:45:21.330+0000] {logging_mixin.py:120} INFO - [2024-03-28T15:45:21.330+0000] {taskmixin.py:205} WARNING - Dependency <Task(BashOperator): create_entry_group>, delete_entry_group already registered for DAG: example_complex
[2024-03-28T15:45:21.332+0000] {logging_mixin.py:120} INFO - [2024-03-28T15:45:21.332+0000] {taskmixin.py:205} WARNING - Dependency <Task(BashOperator): delete_entry_group>, create_entry_group already registered for DAG: example_complex
[2024-03-28T15:45:21.332+0000] {logging_mixin.py:120} INFO - [2024-03-28T15:45:21.332+0000] {taskmixin.py:205} WARNING - Dependency <Task(BashOperator): create_entry_gcs>, delete_entry already registered for DAG: example_complex
[2024-03-28T15:45:21.332+0000] {logging_mixin.py:120} INFO - [2024-03-28T15:45:21.332+0000] {taskmixin.py:205} WARNING - Dependency <Task(BashOperator): delete_entry>, create_entry_gcs already registered for DAG: example_complex
[2024-03-28T15:45:21.333+0000] {logging_mixin.py:120} INFO - [2024-03-28T15:45:21.333+0000] {taskmixin.py:205} WARNING - Dependency <Task(BashOperator): create_tag>, delete_tag already registered for DAG: example_complex
[2024-03-28T15:45:21.333+0000] {logging_mixin.py:120} INFO - [2024-03-28T15:45:21.333+0000] {taskmixin.py:205} WARNING - Dependency <Task(BashOperator): delete_tag>, create_tag already registered for DAG: example_complex
[2024-03-28T15:45:21.340+0000] {processor.py:766} INFO - DAG(s) dict_keys(['example_complex']) retrieved from /home/airflow/.local/lib/python3.7/site-packages/airflow/example_dags/example_complex.py
[2024-03-28T15:45:21.367+0000] {logging_mixin.py:120} INFO - [2024-03-28T15:45:21.367+0000] {dag.py:2585} INFO - Sync 1 DAGs
[2024-03-28T15:45:21.385+0000] {logging_mixin.py:120} INFO - [2024-03-28T15:45:21.384+0000] {dag.py:3340} INFO - Setting next_dagrun for example_complex to None, run_after=None
[2024-03-28T15:45:21.397+0000] {processor.py:176} INFO - Processing /home/airflow/.local/lib/python3.7/site-packages/airflow/example_dags/example_complex.py took 0.077 seconds
[2024-03-28T15:50:54.592+0000] {processor.py:154} INFO - Started process (PID=128) to work on /home/airflow/.local/lib/python3.7/site-packages/airflow/example_dags/example_complex.py
[2024-03-28T15:50:54.594+0000] {processor.py:756} INFO - Processing file /home/airflow/.local/lib/python3.7/site-packages/airflow/example_dags/example_complex.py for tasks to queue
[2024-03-28T15:50:54.595+0000] {logging_mixin.py:120} INFO - [2024-03-28T15:50:54.595+0000] {dagbag.py:537} INFO - Filling up the DagBag from /home/airflow/.local/lib/python3.7/site-packages/airflow/example_dags/example_complex.py
[2024-03-28T15:50:54.628+0000] {logging_mixin.py:120} INFO - [2024-03-28T15:50:54.627+0000] {taskmixin.py:205} WARNING - Dependency <Task(BashOperator): create_entry_group>, delete_entry_group already registered for DAG: example_complex
[2024-03-28T15:50:54.629+0000] {logging_mixin.py:120} INFO - [2024-03-28T15:50:54.629+0000] {taskmixin.py:205} WARNING - Dependency <Task(BashOperator): delete_entry_group>, create_entry_group already registered for DAG: example_complex
[2024-03-28T15:50:54.630+0000] {logging_mixin.py:120} INFO - [2024-03-28T15:50:54.630+0000] {taskmixin.py:205} WARNING - Dependency <Task(BashOperator): create_entry_gcs>, delete_entry already registered for DAG: example_complex
[2024-03-28T15:50:54.631+0000] {logging_mixin.py:120} INFO - [2024-03-28T15:50:54.631+0000] {taskmixin.py:205} WARNING - Dependency <Task(BashOperator): delete_entry>, create_entry_gcs already registered for DAG: example_complex
[2024-03-28T15:50:54.632+0000] {logging_mixin.py:120} INFO - [2024-03-28T15:50:54.631+0000] {taskmixin.py:205} WARNING - Dependency <Task(BashOperator): create_tag>, delete_tag already registered for DAG: example_complex
[2024-03-28T15:50:54.632+0000] {logging_mixin.py:120} INFO - [2024-03-28T15:50:54.632+0000] {taskmixin.py:205} WARNING - Dependency <Task(BashOperator): delete_tag>, create_tag already registered for DAG: example_complex
[2024-03-28T15:50:54.711+0000] {processor.py:766} INFO - DAG(s) dict_keys(['example_complex']) retrieved from /home/airflow/.local/lib/python3.7/site-packages/airflow/example_dags/example_complex.py
[2024-03-28T15:50:54.982+0000] {logging_mixin.py:120} INFO - [2024-03-28T15:50:54.979+0000] {dag.py:2585} INFO - Sync 1 DAGs
[2024-03-28T15:50:55.234+0000] {logging_mixin.py:120} INFO - [2024-03-28T15:50:55.234+0000] {dag.py:3340} INFO - Setting next_dagrun for example_complex to None, run_after=None
[2024-03-28T15:50:57.842+0000] {processor.py:176} INFO - Processing /home/airflow/.local/lib/python3.7/site-packages/airflow/example_dags/example_complex.py took 3.262 seconds
[2024-03-28T15:54:13.021+0000] {processor.py:154} INFO - Started process (PID=104) to work on /home/airflow/.local/lib/python3.7/site-packages/airflow/example_dags/example_complex.py
[2024-03-28T15:54:13.023+0000] {processor.py:756} INFO - Processing file /home/airflow/.local/lib/python3.7/site-packages/airflow/example_dags/example_complex.py for tasks to queue
[2024-03-28T15:54:13.024+0000] {logging_mixin.py:120} INFO - [2024-03-28T15:54:13.024+0000] {dagbag.py:537} INFO - Filling up the DagBag from /home/airflow/.local/lib/python3.7/site-packages/airflow/example_dags/example_complex.py
[2024-03-28T15:54:13.077+0000] {logging_mixin.py:120} INFO - [2024-03-28T15:54:13.076+0000] {taskmixin.py:205} WARNING - Dependency <Task(BashOperator): create_entry_group>, delete_entry_group already registered for DAG: example_complex
[2024-03-28T15:54:13.078+0000] {logging_mixin.py:120} INFO - [2024-03-28T15:54:13.078+0000] {taskmixin.py:205} WARNING - Dependency <Task(BashOperator): delete_entry_group>, create_entry_group already registered for DAG: example_complex
[2024-03-28T15:54:13.080+0000] {logging_mixin.py:120} INFO - [2024-03-28T15:54:13.080+0000] {taskmixin.py:205} WARNING - Dependency <Task(BashOperator): create_entry_gcs>, delete_entry already registered for DAG: example_complex
[2024-03-28T15:54:13.081+0000] {logging_mixin.py:120} INFO - [2024-03-28T15:54:13.081+0000] {taskmixin.py:205} WARNING - Dependency <Task(BashOperator): delete_entry>, create_entry_gcs already registered for DAG: example_complex
[2024-03-28T15:54:13.086+0000] {logging_mixin.py:120} INFO - [2024-03-28T15:54:13.086+0000] {taskmixin.py:205} WARNING - Dependency <Task(BashOperator): create_tag>, delete_tag already registered for DAG: example_complex
[2024-03-28T15:54:13.088+0000] {logging_mixin.py:120} INFO - [2024-03-28T15:54:13.088+0000] {taskmixin.py:205} WARNING - Dependency <Task(BashOperator): delete_tag>, create_tag already registered for DAG: example_complex
[2024-03-28T15:54:13.120+0000] {processor.py:766} INFO - DAG(s) dict_keys(['example_complex']) retrieved from /home/airflow/.local/lib/python3.7/site-packages/airflow/example_dags/example_complex.py
[2024-03-28T15:54:13.306+0000] {logging_mixin.py:120} INFO - [2024-03-28T15:54:13.304+0000] {dag.py:2585} INFO - Sync 1 DAGs
[2024-03-28T15:54:13.363+0000] {logging_mixin.py:120} INFO - [2024-03-28T15:54:13.363+0000] {dag.py:3340} INFO - Setting next_dagrun for example_complex to None, run_after=None
[2024-03-28T15:54:13.432+0000] {processor.py:176} INFO - Processing /home/airflow/.local/lib/python3.7/site-packages/airflow/example_dags/example_complex.py took 0.416 seconds
[2024-03-28T15:59:04.307+0000] {processor.py:154} INFO - Started process (PID=138) to work on /home/airflow/.local/lib/python3.7/site-packages/airflow/example_dags/example_complex.py
[2024-03-28T15:59:04.329+0000] {processor.py:756} INFO - Processing file /home/airflow/.local/lib/python3.7/site-packages/airflow/example_dags/example_complex.py for tasks to queue
[2024-03-28T15:59:04.358+0000] {logging_mixin.py:120} INFO - [2024-03-28T15:59:04.340+0000] {dagbag.py:537} INFO - Filling up the DagBag from /home/airflow/.local/lib/python3.7/site-packages/airflow/example_dags/example_complex.py
[2024-03-28T15:59:06.610+0000] {logging_mixin.py:120} INFO - [2024-03-28T15:59:06.590+0000] {taskmixin.py:205} WARNING - Dependency <Task(BashOperator): create_entry_group>, delete_entry_group already registered for DAG: example_complex
[2024-03-28T15:59:06.617+0000] {logging_mixin.py:120} INFO - [2024-03-28T15:59:06.615+0000] {taskmixin.py:205} WARNING - Dependency <Task(BashOperator): delete_entry_group>, create_entry_group already registered for DAG: example_complex
[2024-03-28T15:59:06.619+0000] {logging_mixin.py:120} INFO - [2024-03-28T15:59:06.619+0000] {taskmixin.py:205} WARNING - Dependency <Task(BashOperator): create_entry_gcs>, delete_entry already registered for DAG: example_complex
[2024-03-28T15:59:06.639+0000] {logging_mixin.py:120} INFO - [2024-03-28T15:59:06.639+0000] {taskmixin.py:205} WARNING - Dependency <Task(BashOperator): delete_entry>, create_entry_gcs already registered for DAG: example_complex
[2024-03-28T15:59:06.647+0000] {logging_mixin.py:120} INFO - [2024-03-28T15:59:06.647+0000] {taskmixin.py:205} WARNING - Dependency <Task(BashOperator): create_tag>, delete_tag already registered for DAG: example_complex
[2024-03-28T15:59:06.650+0000] {logging_mixin.py:120} INFO - [2024-03-28T15:59:06.649+0000] {taskmixin.py:205} WARNING - Dependency <Task(BashOperator): delete_tag>, create_tag already registered for DAG: example_complex
[2024-03-28T15:59:06.876+0000] {processor.py:766} INFO - DAG(s) dict_keys(['example_complex']) retrieved from /home/airflow/.local/lib/python3.7/site-packages/airflow/example_dags/example_complex.py
[2024-03-28T15:59:08.412+0000] {logging_mixin.py:120} INFO - [2024-03-28T15:59:08.410+0000] {dag.py:2585} INFO - Sync 1 DAGs
[2024-03-28T15:59:08.882+0000] {logging_mixin.py:120} INFO - [2024-03-28T15:59:08.871+0000] {dag.py:3340} INFO - Setting next_dagrun for example_complex to None, run_after=None
[2024-03-28T15:59:10.367+0000] {processor.py:176} INFO - Processing /home/airflow/.local/lib/python3.7/site-packages/airflow/example_dags/example_complex.py took 6.101 seconds
