[2024-03-28T15:20:42.562+0000] {processor.py:154} INFO - Started process (PID=84) to work on /home/airflow/.local/lib/python3.7/site-packages/airflow/example_dags/example_nested_branch_dag.py
[2024-03-28T15:20:42.566+0000] {processor.py:756} INFO - Processing file /home/airflow/.local/lib/python3.7/site-packages/airflow/example_dags/example_nested_branch_dag.py for tasks to queue
[2024-03-28T15:20:42.569+0000] {logging_mixin.py:120} INFO - [2024-03-28T15:20:42.568+0000] {dagbag.py:537} INFO - Filling up the DagBag from /home/airflow/.local/lib/python3.7/site-packages/airflow/example_dags/example_nested_branch_dag.py
[2024-03-28T15:20:42.614+0000] {processor.py:766} INFO - DAG(s) dict_keys(['example_nested_branch_dag']) retrieved from /home/airflow/.local/lib/python3.7/site-packages/airflow/example_dags/example_nested_branch_dag.py
[2024-03-28T15:20:42.669+0000] {logging_mixin.py:120} INFO - [2024-03-28T15:20:42.669+0000] {dag.py:2585} INFO - Sync 1 DAGs
[2024-03-28T15:20:42.691+0000] {logging_mixin.py:120} INFO - [2024-03-28T15:20:42.691+0000] {dag.py:3340} INFO - Setting next_dagrun for example_nested_branch_dag to 2024-03-27T00:00:00+00:00, run_after=2024-03-28T00:00:00+00:00
[2024-03-28T15:20:42.707+0000] {processor.py:176} INFO - Processing /home/airflow/.local/lib/python3.7/site-packages/airflow/example_dags/example_nested_branch_dag.py took 0.148 seconds
[2024-03-28T15:25:37.978+0000] {processor.py:154} INFO - Started process (PID=124) to work on /home/airflow/.local/lib/python3.7/site-packages/airflow/example_dags/example_nested_branch_dag.py
[2024-03-28T15:25:37.981+0000] {processor.py:756} INFO - Processing file /home/airflow/.local/lib/python3.7/site-packages/airflow/example_dags/example_nested_branch_dag.py for tasks to queue
[2024-03-28T15:25:37.985+0000] {logging_mixin.py:120} INFO - [2024-03-28T15:25:37.984+0000] {dagbag.py:537} INFO - Filling up the DagBag from /home/airflow/.local/lib/python3.7/site-packages/airflow/example_dags/example_nested_branch_dag.py
[2024-03-28T15:25:38.083+0000] {processor.py:766} INFO - DAG(s) dict_keys(['example_nested_branch_dag']) retrieved from /home/airflow/.local/lib/python3.7/site-packages/airflow/example_dags/example_nested_branch_dag.py
[2024-03-28T15:25:38.588+0000] {logging_mixin.py:120} INFO - [2024-03-28T15:25:38.587+0000] {dag.py:2585} INFO - Sync 1 DAGs
[2024-03-28T15:25:38.674+0000] {logging_mixin.py:120} INFO - [2024-03-28T15:25:38.670+0000] {dag.py:3340} INFO - Setting next_dagrun for example_nested_branch_dag to 2024-03-27T00:00:00+00:00, run_after=2024-03-28T00:00:00+00:00
[2024-03-28T15:25:39.001+0000] {processor.py:176} INFO - Processing /home/airflow/.local/lib/python3.7/site-packages/airflow/example_dags/example_nested_branch_dag.py took 1.047 seconds
[2024-03-28T15:27:47.274+0000] {processor.py:154} INFO - Started process (PID=116) to work on /home/airflow/.local/lib/python3.7/site-packages/airflow/example_dags/example_nested_branch_dag.py
[2024-03-28T15:27:47.277+0000] {processor.py:756} INFO - Processing file /home/airflow/.local/lib/python3.7/site-packages/airflow/example_dags/example_nested_branch_dag.py for tasks to queue
[2024-03-28T15:27:47.281+0000] {logging_mixin.py:120} INFO - [2024-03-28T15:27:47.281+0000] {dagbag.py:537} INFO - Filling up the DagBag from /home/airflow/.local/lib/python3.7/site-packages/airflow/example_dags/example_nested_branch_dag.py
[2024-03-28T15:27:47.602+0000] {processor.py:766} INFO - DAG(s) dict_keys(['example_nested_branch_dag']) retrieved from /home/airflow/.local/lib/python3.7/site-packages/airflow/example_dags/example_nested_branch_dag.py
[2024-03-28T15:27:47.982+0000] {logging_mixin.py:120} INFO - [2024-03-28T15:27:47.982+0000] {dag.py:2585} INFO - Sync 1 DAGs
[2024-03-28T15:27:48.058+0000] {logging_mixin.py:120} INFO - [2024-03-28T15:27:48.058+0000] {dag.py:3340} INFO - Setting next_dagrun for example_nested_branch_dag to 2024-03-27T00:00:00+00:00, run_after=2024-03-28T00:00:00+00:00
[2024-03-28T15:27:48.123+0000] {processor.py:176} INFO - Processing /home/airflow/.local/lib/python3.7/site-packages/airflow/example_dags/example_nested_branch_dag.py took 0.877 seconds
[2024-03-28T15:38:56.886+0000] {processor.py:154} INFO - Started process (PID=125) to work on /home/airflow/.local/lib/python3.7/site-packages/airflow/example_dags/example_nested_branch_dag.py
[2024-03-28T15:38:56.898+0000] {processor.py:756} INFO - Processing file /home/airflow/.local/lib/python3.7/site-packages/airflow/example_dags/example_nested_branch_dag.py for tasks to queue
[2024-03-28T15:38:56.906+0000] {logging_mixin.py:120} INFO - [2024-03-28T15:38:56.902+0000] {dagbag.py:537} INFO - Filling up the DagBag from /home/airflow/.local/lib/python3.7/site-packages/airflow/example_dags/example_nested_branch_dag.py
[2024-03-28T15:38:57.193+0000] {processor.py:766} INFO - DAG(s) dict_keys(['example_nested_branch_dag']) retrieved from /home/airflow/.local/lib/python3.7/site-packages/airflow/example_dags/example_nested_branch_dag.py
[2024-03-28T15:38:57.694+0000] {logging_mixin.py:120} INFO - [2024-03-28T15:38:57.684+0000] {dag.py:2585} INFO - Sync 1 DAGs
[2024-03-28T15:38:57.923+0000] {logging_mixin.py:120} INFO - [2024-03-28T15:38:57.922+0000] {dag.py:3340} INFO - Setting next_dagrun for example_nested_branch_dag to 2024-03-27T00:00:00+00:00, run_after=2024-03-28T00:00:00+00:00
[2024-03-28T15:38:57.989+0000] {processor.py:176} INFO - Processing /home/airflow/.local/lib/python3.7/site-packages/airflow/example_dags/example_nested_branch_dag.py took 1.117 seconds
[2024-03-28T15:42:57.439+0000] {processor.py:154} INFO - Started process (PID=71) to work on /home/airflow/.local/lib/python3.7/site-packages/airflow/example_dags/example_nested_branch_dag.py
[2024-03-28T15:42:57.440+0000] {processor.py:756} INFO - Processing file /home/airflow/.local/lib/python3.7/site-packages/airflow/example_dags/example_nested_branch_dag.py for tasks to queue
[2024-03-28T15:42:57.440+0000] {logging_mixin.py:120} INFO - [2024-03-28T15:42:57.440+0000] {dagbag.py:537} INFO - Filling up the DagBag from /home/airflow/.local/lib/python3.7/site-packages/airflow/example_dags/example_nested_branch_dag.py
[2024-03-28T15:42:57.455+0000] {processor.py:766} INFO - DAG(s) dict_keys(['example_nested_branch_dag']) retrieved from /home/airflow/.local/lib/python3.7/site-packages/airflow/example_dags/example_nested_branch_dag.py
[2024-03-28T15:42:57.476+0000] {logging_mixin.py:120} INFO - [2024-03-28T15:42:57.476+0000] {dag.py:2585} INFO - Sync 1 DAGs
[2024-03-28T15:42:57.491+0000] {logging_mixin.py:120} INFO - [2024-03-28T15:42:57.491+0000] {dag.py:3340} INFO - Setting next_dagrun for example_nested_branch_dag to 2024-03-27T00:00:00+00:00, run_after=2024-03-28T00:00:00+00:00
[2024-03-28T15:42:57.500+0000] {processor.py:176} INFO - Processing /home/airflow/.local/lib/python3.7/site-packages/airflow/example_dags/example_nested_branch_dag.py took 0.063 seconds
[2024-03-28T15:45:21.411+0000] {processor.py:154} INFO - Started process (PID=89) to work on /home/airflow/.local/lib/python3.7/site-packages/airflow/example_dags/example_nested_branch_dag.py
[2024-03-28T15:45:21.412+0000] {processor.py:756} INFO - Processing file /home/airflow/.local/lib/python3.7/site-packages/airflow/example_dags/example_nested_branch_dag.py for tasks to queue
[2024-03-28T15:45:21.412+0000] {logging_mixin.py:120} INFO - [2024-03-28T15:45:21.412+0000] {dagbag.py:537} INFO - Filling up the DagBag from /home/airflow/.local/lib/python3.7/site-packages/airflow/example_dags/example_nested_branch_dag.py
[2024-03-28T15:45:21.429+0000] {processor.py:766} INFO - DAG(s) dict_keys(['example_nested_branch_dag']) retrieved from /home/airflow/.local/lib/python3.7/site-packages/airflow/example_dags/example_nested_branch_dag.py
[2024-03-28T15:45:21.455+0000] {logging_mixin.py:120} INFO - [2024-03-28T15:45:21.455+0000] {dag.py:2585} INFO - Sync 1 DAGs
[2024-03-28T15:45:21.473+0000] {logging_mixin.py:120} INFO - [2024-03-28T15:45:21.473+0000] {dag.py:3340} INFO - Setting next_dagrun for example_nested_branch_dag to 2024-03-27T00:00:00+00:00, run_after=2024-03-28T00:00:00+00:00
[2024-03-28T15:45:21.489+0000] {processor.py:176} INFO - Processing /home/airflow/.local/lib/python3.7/site-packages/airflow/example_dags/example_nested_branch_dag.py took 0.080 seconds
[2024-03-28T15:50:57.970+0000] {processor.py:154} INFO - Started process (PID=132) to work on /home/airflow/.local/lib/python3.7/site-packages/airflow/example_dags/example_nested_branch_dag.py
[2024-03-28T15:50:57.975+0000] {processor.py:756} INFO - Processing file /home/airflow/.local/lib/python3.7/site-packages/airflow/example_dags/example_nested_branch_dag.py for tasks to queue
[2024-03-28T15:50:57.980+0000] {logging_mixin.py:120} INFO - [2024-03-28T15:50:57.979+0000] {dagbag.py:537} INFO - Filling up the DagBag from /home/airflow/.local/lib/python3.7/site-packages/airflow/example_dags/example_nested_branch_dag.py
[2024-03-28T15:50:58.890+0000] {processor.py:766} INFO - DAG(s) dict_keys(['example_nested_branch_dag']) retrieved from /home/airflow/.local/lib/python3.7/site-packages/airflow/example_dags/example_nested_branch_dag.py
[2024-03-28T15:50:59.432+0000] {logging_mixin.py:120} INFO - [2024-03-28T15:50:59.430+0000] {dag.py:2585} INFO - Sync 1 DAGs
[2024-03-28T15:50:59.593+0000] {logging_mixin.py:120} INFO - [2024-03-28T15:50:59.592+0000] {dag.py:3340} INFO - Setting next_dagrun for example_nested_branch_dag to 2024-03-27T00:00:00+00:00, run_after=2024-03-28T00:00:00+00:00
[2024-03-28T15:50:59.786+0000] {processor.py:176} INFO - Processing /home/airflow/.local/lib/python3.7/site-packages/airflow/example_dags/example_nested_branch_dag.py took 1.826 seconds
[2024-03-28T15:54:13.495+0000] {processor.py:154} INFO - Started process (PID=106) to work on /home/airflow/.local/lib/python3.7/site-packages/airflow/example_dags/example_nested_branch_dag.py
[2024-03-28T15:54:13.500+0000] {processor.py:756} INFO - Processing file /home/airflow/.local/lib/python3.7/site-packages/airflow/example_dags/example_nested_branch_dag.py for tasks to queue
[2024-03-28T15:54:13.502+0000] {logging_mixin.py:120} INFO - [2024-03-28T15:54:13.501+0000] {dagbag.py:537} INFO - Filling up the DagBag from /home/airflow/.local/lib/python3.7/site-packages/airflow/example_dags/example_nested_branch_dag.py
[2024-03-28T15:54:13.564+0000] {processor.py:766} INFO - DAG(s) dict_keys(['example_nested_branch_dag']) retrieved from /home/airflow/.local/lib/python3.7/site-packages/airflow/example_dags/example_nested_branch_dag.py
[2024-03-28T15:54:13.958+0000] {logging_mixin.py:120} INFO - [2024-03-28T15:54:13.957+0000] {dag.py:2585} INFO - Sync 1 DAGs
[2024-03-28T15:54:14.053+0000] {logging_mixin.py:120} INFO - [2024-03-28T15:54:14.052+0000] {dag.py:3340} INFO - Setting next_dagrun for example_nested_branch_dag to 2024-03-27T00:00:00+00:00, run_after=2024-03-28T00:00:00+00:00
[2024-03-28T15:54:14.263+0000] {processor.py:176} INFO - Processing /home/airflow/.local/lib/python3.7/site-packages/airflow/example_dags/example_nested_branch_dag.py took 0.772 seconds
[2024-03-28T15:59:10.465+0000] {processor.py:154} INFO - Started process (PID=148) to work on /home/airflow/.local/lib/python3.7/site-packages/airflow/example_dags/example_nested_branch_dag.py
[2024-03-28T15:59:10.469+0000] {processor.py:756} INFO - Processing file /home/airflow/.local/lib/python3.7/site-packages/airflow/example_dags/example_nested_branch_dag.py for tasks to queue
[2024-03-28T15:59:10.474+0000] {logging_mixin.py:120} INFO - [2024-03-28T15:59:10.473+0000] {dagbag.py:537} INFO - Filling up the DagBag from /home/airflow/.local/lib/python3.7/site-packages/airflow/example_dags/example_nested_branch_dag.py
[2024-03-28T15:59:11.189+0000] {processor.py:766} INFO - DAG(s) dict_keys(['example_nested_branch_dag']) retrieved from /home/airflow/.local/lib/python3.7/site-packages/airflow/example_dags/example_nested_branch_dag.py
[2024-03-28T15:59:12.109+0000] {logging_mixin.py:120} INFO - [2024-03-28T15:59:12.107+0000] {dag.py:2585} INFO - Sync 1 DAGs
[2024-03-28T15:59:12.185+0000] {logging_mixin.py:120} INFO - [2024-03-28T15:59:12.185+0000] {dag.py:3340} INFO - Setting next_dagrun for example_nested_branch_dag to 2024-03-27T00:00:00+00:00, run_after=2024-03-28T00:00:00+00:00
[2024-03-28T15:59:12.254+0000] {processor.py:176} INFO - Processing /home/airflow/.local/lib/python3.7/site-packages/airflow/example_dags/example_nested_branch_dag.py took 1.798 seconds
