[2024-03-28T15:20:41.914+0000] {processor.py:154} INFO - Started process (PID=79) to work on /home/airflow/.local/lib/python3.7/site-packages/airflow/example_dags/example_external_task_marker_dag.py
[2024-03-28T15:20:41.915+0000] {processor.py:756} INFO - Processing file /home/airflow/.local/lib/python3.7/site-packages/airflow/example_dags/example_external_task_marker_dag.py for tasks to queue
[2024-03-28T15:20:41.916+0000] {logging_mixin.py:120} INFO - [2024-03-28T15:20:41.916+0000] {dagbag.py:537} INFO - Filling up the DagBag from /home/airflow/.local/lib/python3.7/site-packages/airflow/example_dags/example_external_task_marker_dag.py
[2024-03-28T15:20:41.931+0000] {processor.py:766} INFO - DAG(s) dict_keys(['example_external_task_marker_parent', 'example_external_task_marker_child']) retrieved from /home/airflow/.local/lib/python3.7/site-packages/airflow/example_dags/example_external_task_marker_dag.py
[2024-03-28T15:20:42.096+0000] {logging_mixin.py:120} INFO - [2024-03-28T15:20:42.095+0000] {dag.py:2585} INFO - Sync 2 DAGs
[2024-03-28T15:20:42.123+0000] {logging_mixin.py:120} INFO - [2024-03-28T15:20:42.123+0000] {dag.py:3340} INFO - Setting next_dagrun for example_external_task_marker_child to None, run_after=None
[2024-03-28T15:20:42.128+0000] {logging_mixin.py:120} INFO - [2024-03-28T15:20:42.127+0000] {dag.py:3340} INFO - Setting next_dagrun for example_external_task_marker_parent to None, run_after=None
[2024-03-28T15:20:42.144+0000] {processor.py:176} INFO - Processing /home/airflow/.local/lib/python3.7/site-packages/airflow/example_dags/example_external_task_marker_dag.py took 0.233 seconds
[2024-03-28T15:25:29.965+0000] {processor.py:154} INFO - Started process (PID=117) to work on /home/airflow/.local/lib/python3.7/site-packages/airflow/example_dags/example_external_task_marker_dag.py
[2024-03-28T15:25:29.976+0000] {processor.py:756} INFO - Processing file /home/airflow/.local/lib/python3.7/site-packages/airflow/example_dags/example_external_task_marker_dag.py for tasks to queue
[2024-03-28T15:25:29.985+0000] {logging_mixin.py:120} INFO - [2024-03-28T15:25:29.985+0000] {dagbag.py:537} INFO - Filling up the DagBag from /home/airflow/.local/lib/python3.7/site-packages/airflow/example_dags/example_external_task_marker_dag.py
[2024-03-28T15:25:33.812+0000] {processor.py:766} INFO - DAG(s) dict_keys(['example_external_task_marker_parent', 'example_external_task_marker_child']) retrieved from /home/airflow/.local/lib/python3.7/site-packages/airflow/example_dags/example_external_task_marker_dag.py
[2024-03-28T15:25:35.561+0000] {logging_mixin.py:120} INFO - [2024-03-28T15:25:35.560+0000] {dag.py:2585} INFO - Sync 2 DAGs
[2024-03-28T15:25:35.613+0000] {logging_mixin.py:120} INFO - [2024-03-28T15:25:35.613+0000] {dag.py:3340} INFO - Setting next_dagrun for example_external_task_marker_child to None, run_after=None
[2024-03-28T15:25:35.618+0000] {logging_mixin.py:120} INFO - [2024-03-28T15:25:35.618+0000] {dag.py:3340} INFO - Setting next_dagrun for example_external_task_marker_parent to None, run_after=None
[2024-03-28T15:25:35.686+0000] {processor.py:176} INFO - Processing /home/airflow/.local/lib/python3.7/site-packages/airflow/example_dags/example_external_task_marker_dag.py took 6.048 seconds
[2024-03-28T15:27:40.631+0000] {processor.py:154} INFO - Started process (PID=102) to work on /home/airflow/.local/lib/python3.7/site-packages/airflow/example_dags/example_external_task_marker_dag.py
[2024-03-28T15:27:40.635+0000] {processor.py:756} INFO - Processing file /home/airflow/.local/lib/python3.7/site-packages/airflow/example_dags/example_external_task_marker_dag.py for tasks to queue
[2024-03-28T15:27:40.636+0000] {logging_mixin.py:120} INFO - [2024-03-28T15:27:40.636+0000] {dagbag.py:537} INFO - Filling up the DagBag from /home/airflow/.local/lib/python3.7/site-packages/airflow/example_dags/example_external_task_marker_dag.py
[2024-03-28T15:27:40.669+0000] {processor.py:766} INFO - DAG(s) dict_keys(['example_external_task_marker_parent', 'example_external_task_marker_child']) retrieved from /home/airflow/.local/lib/python3.7/site-packages/airflow/example_dags/example_external_task_marker_dag.py
[2024-03-28T15:27:43.639+0000] {logging_mixin.py:120} INFO - [2024-03-28T15:27:43.627+0000] {dag.py:2585} INFO - Sync 2 DAGs
[2024-03-28T15:27:43.848+0000] {logging_mixin.py:120} INFO - [2024-03-28T15:27:43.848+0000] {dag.py:3340} INFO - Setting next_dagrun for example_external_task_marker_child to None, run_after=None
[2024-03-28T15:27:43.855+0000] {logging_mixin.py:120} INFO - [2024-03-28T15:27:43.855+0000] {dag.py:3340} INFO - Setting next_dagrun for example_external_task_marker_parent to None, run_after=None
[2024-03-28T15:27:44.045+0000] {processor.py:176} INFO - Processing /home/airflow/.local/lib/python3.7/site-packages/airflow/example_dags/example_external_task_marker_dag.py took 3.423 seconds
[2024-03-28T15:30:32.610+0000] {processor.py:154} INFO - Started process (PID=110) to work on /home/airflow/.local/lib/python3.7/site-packages/airflow/example_dags/example_external_task_marker_dag.py
[2024-03-28T15:30:32.613+0000] {processor.py:756} INFO - Processing file /home/airflow/.local/lib/python3.7/site-packages/airflow/example_dags/example_external_task_marker_dag.py for tasks to queue
[2024-03-28T15:30:32.616+0000] {logging_mixin.py:120} INFO - [2024-03-28T15:30:32.616+0000] {dagbag.py:537} INFO - Filling up the DagBag from /home/airflow/.local/lib/python3.7/site-packages/airflow/example_dags/example_external_task_marker_dag.py
[2024-03-28T15:30:32.691+0000] {processor.py:766} INFO - DAG(s) dict_keys(['example_external_task_marker_parent', 'example_external_task_marker_child']) retrieved from /home/airflow/.local/lib/python3.7/site-packages/airflow/example_dags/example_external_task_marker_dag.py
[2024-03-28T15:38:49.322+0000] {processor.py:154} INFO - Started process (PID=120) to work on /home/airflow/.local/lib/python3.7/site-packages/airflow/example_dags/example_external_task_marker_dag.py
[2024-03-28T15:38:49.326+0000] {processor.py:756} INFO - Processing file /home/airflow/.local/lib/python3.7/site-packages/airflow/example_dags/example_external_task_marker_dag.py for tasks to queue
[2024-03-28T15:38:49.329+0000] {logging_mixin.py:120} INFO - [2024-03-28T15:38:49.329+0000] {dagbag.py:537} INFO - Filling up the DagBag from /home/airflow/.local/lib/python3.7/site-packages/airflow/example_dags/example_external_task_marker_dag.py
[2024-03-28T15:38:49.372+0000] {processor.py:766} INFO - DAG(s) dict_keys(['example_external_task_marker_parent', 'example_external_task_marker_child']) retrieved from /home/airflow/.local/lib/python3.7/site-packages/airflow/example_dags/example_external_task_marker_dag.py
[2024-03-28T15:38:51.299+0000] {logging_mixin.py:120} INFO - [2024-03-28T15:38:51.292+0000] {dag.py:2585} INFO - Sync 2 DAGs
[2024-03-28T15:38:51.400+0000] {logging_mixin.py:120} INFO - [2024-03-28T15:38:51.400+0000] {dag.py:3340} INFO - Setting next_dagrun for example_external_task_marker_child to None, run_after=None
[2024-03-28T15:38:51.417+0000] {logging_mixin.py:120} INFO - [2024-03-28T15:38:51.415+0000] {dag.py:3340} INFO - Setting next_dagrun for example_external_task_marker_parent to None, run_after=None
[2024-03-28T15:38:51.809+0000] {processor.py:176} INFO - Processing /home/airflow/.local/lib/python3.7/site-packages/airflow/example_dags/example_external_task_marker_dag.py took 2.493 seconds
[2024-03-28T15:42:24.672+0000] {processor.py:154} INFO - Started process (PID=115) to work on /home/airflow/.local/lib/python3.7/site-packages/airflow/example_dags/example_external_task_marker_dag.py
[2024-03-28T15:42:24.674+0000] {processor.py:756} INFO - Processing file /home/airflow/.local/lib/python3.7/site-packages/airflow/example_dags/example_external_task_marker_dag.py for tasks to queue
[2024-03-28T15:42:24.676+0000] {logging_mixin.py:120} INFO - [2024-03-28T15:42:24.676+0000] {dagbag.py:537} INFO - Filling up the DagBag from /home/airflow/.local/lib/python3.7/site-packages/airflow/example_dags/example_external_task_marker_dag.py
[2024-03-28T15:42:24.945+0000] {processor.py:766} INFO - DAG(s) dict_keys(['example_external_task_marker_parent', 'example_external_task_marker_child']) retrieved from /home/airflow/.local/lib/python3.7/site-packages/airflow/example_dags/example_external_task_marker_dag.py
[2024-03-28T15:42:36.791+0000] {logging_mixin.py:120} INFO - [2024-03-28T15:42:36.781+0000] {dag.py:2585} INFO - Sync 2 DAGs
[2024-03-28T15:42:36.893+0000] {logging_mixin.py:120} INFO - [2024-03-28T15:42:36.893+0000] {dag.py:3340} INFO - Setting next_dagrun for example_external_task_marker_child to None, run_after=None
[2024-03-28T15:42:36.907+0000] {logging_mixin.py:120} INFO - [2024-03-28T15:42:36.906+0000] {dag.py:3340} INFO - Setting next_dagrun for example_external_task_marker_parent to None, run_after=None
[2024-03-28T15:42:37.130+0000] {processor.py:176} INFO - Processing /home/airflow/.local/lib/python3.7/site-packages/airflow/example_dags/example_external_task_marker_dag.py took 12.466 seconds
[2024-03-28T15:42:57.070+0000] {processor.py:154} INFO - Started process (PID=66) to work on /home/airflow/.local/lib/python3.7/site-packages/airflow/example_dags/example_external_task_marker_dag.py
[2024-03-28T15:42:57.071+0000] {processor.py:756} INFO - Processing file /home/airflow/.local/lib/python3.7/site-packages/airflow/example_dags/example_external_task_marker_dag.py for tasks to queue
[2024-03-28T15:42:57.072+0000] {logging_mixin.py:120} INFO - [2024-03-28T15:42:57.072+0000] {dagbag.py:537} INFO - Filling up the DagBag from /home/airflow/.local/lib/python3.7/site-packages/airflow/example_dags/example_external_task_marker_dag.py
[2024-03-28T15:42:57.091+0000] {processor.py:766} INFO - DAG(s) dict_keys(['example_external_task_marker_parent', 'example_external_task_marker_child']) retrieved from /home/airflow/.local/lib/python3.7/site-packages/airflow/example_dags/example_external_task_marker_dag.py
[2024-03-28T15:42:57.293+0000] {logging_mixin.py:120} INFO - [2024-03-28T15:42:57.293+0000] {dag.py:2585} INFO - Sync 2 DAGs
[2024-03-28T15:42:57.310+0000] {logging_mixin.py:120} INFO - [2024-03-28T15:42:57.310+0000] {dag.py:3340} INFO - Setting next_dagrun for example_external_task_marker_child to None, run_after=None
[2024-03-28T15:42:57.313+0000] {logging_mixin.py:120} INFO - [2024-03-28T15:42:57.312+0000] {dag.py:3340} INFO - Setting next_dagrun for example_external_task_marker_parent to None, run_after=None
[2024-03-28T15:42:57.325+0000] {processor.py:176} INFO - Processing /home/airflow/.local/lib/python3.7/site-packages/airflow/example_dags/example_external_task_marker_dag.py took 0.258 seconds
[2024-03-28T15:45:21.103+0000] {processor.py:154} INFO - Started process (PID=84) to work on /home/airflow/.local/lib/python3.7/site-packages/airflow/example_dags/example_external_task_marker_dag.py
[2024-03-28T15:45:21.104+0000] {processor.py:756} INFO - Processing file /home/airflow/.local/lib/python3.7/site-packages/airflow/example_dags/example_external_task_marker_dag.py for tasks to queue
[2024-03-28T15:45:21.105+0000] {logging_mixin.py:120} INFO - [2024-03-28T15:45:21.105+0000] {dagbag.py:537} INFO - Filling up the DagBag from /home/airflow/.local/lib/python3.7/site-packages/airflow/example_dags/example_external_task_marker_dag.py
[2024-03-28T15:45:21.115+0000] {processor.py:766} INFO - DAG(s) dict_keys(['example_external_task_marker_child', 'example_external_task_marker_parent']) retrieved from /home/airflow/.local/lib/python3.7/site-packages/airflow/example_dags/example_external_task_marker_dag.py
[2024-03-28T15:45:21.256+0000] {logging_mixin.py:120} INFO - [2024-03-28T15:45:21.256+0000] {dag.py:2585} INFO - Sync 2 DAGs
[2024-03-28T15:45:21.272+0000] {logging_mixin.py:120} INFO - [2024-03-28T15:45:21.272+0000] {dag.py:3340} INFO - Setting next_dagrun for example_external_task_marker_child to None, run_after=None
[2024-03-28T15:45:21.275+0000] {logging_mixin.py:120} INFO - [2024-03-28T15:45:21.275+0000] {dag.py:3340} INFO - Setting next_dagrun for example_external_task_marker_parent to None, run_after=None
[2024-03-28T15:45:21.291+0000] {processor.py:176} INFO - Processing /home/airflow/.local/lib/python3.7/site-packages/airflow/example_dags/example_external_task_marker_dag.py took 0.189 seconds
[2024-03-28T15:50:49.558+0000] {processor.py:154} INFO - Started process (PID=118) to work on /home/airflow/.local/lib/python3.7/site-packages/airflow/example_dags/example_external_task_marker_dag.py
[2024-03-28T15:50:49.559+0000] {processor.py:756} INFO - Processing file /home/airflow/.local/lib/python3.7/site-packages/airflow/example_dags/example_external_task_marker_dag.py for tasks to queue
[2024-03-28T15:50:49.560+0000] {logging_mixin.py:120} INFO - [2024-03-28T15:50:49.560+0000] {dagbag.py:537} INFO - Filling up the DagBag from /home/airflow/.local/lib/python3.7/site-packages/airflow/example_dags/example_external_task_marker_dag.py
[2024-03-28T15:50:49.594+0000] {processor.py:766} INFO - DAG(s) dict_keys(['example_external_task_marker_child', 'example_external_task_marker_parent']) retrieved from /home/airflow/.local/lib/python3.7/site-packages/airflow/example_dags/example_external_task_marker_dag.py
[2024-03-28T15:50:52.373+0000] {logging_mixin.py:120} INFO - [2024-03-28T15:50:52.373+0000] {dag.py:2585} INFO - Sync 2 DAGs
[2024-03-28T15:50:52.648+0000] {logging_mixin.py:120} INFO - [2024-03-28T15:50:52.642+0000] {dag.py:3340} INFO - Setting next_dagrun for example_external_task_marker_child to None, run_after=None
[2024-03-28T15:50:52.675+0000] {logging_mixin.py:120} INFO - [2024-03-28T15:50:52.674+0000] {dag.py:3340} INFO - Setting next_dagrun for example_external_task_marker_parent to None, run_after=None
[2024-03-28T15:50:52.768+0000] {processor.py:176} INFO - Processing /home/airflow/.local/lib/python3.7/site-packages/airflow/example_dags/example_external_task_marker_dag.py took 3.216 seconds
[2024-03-28T15:54:10.681+0000] {processor.py:154} INFO - Started process (PID=101) to work on /home/airflow/.local/lib/python3.7/site-packages/airflow/example_dags/example_external_task_marker_dag.py
[2024-03-28T15:54:10.683+0000] {processor.py:756} INFO - Processing file /home/airflow/.local/lib/python3.7/site-packages/airflow/example_dags/example_external_task_marker_dag.py for tasks to queue
[2024-03-28T15:54:10.685+0000] {logging_mixin.py:120} INFO - [2024-03-28T15:54:10.685+0000] {dagbag.py:537} INFO - Filling up the DagBag from /home/airflow/.local/lib/python3.7/site-packages/airflow/example_dags/example_external_task_marker_dag.py
[2024-03-28T15:54:10.732+0000] {processor.py:766} INFO - DAG(s) dict_keys(['example_external_task_marker_parent', 'example_external_task_marker_child']) retrieved from /home/airflow/.local/lib/python3.7/site-packages/airflow/example_dags/example_external_task_marker_dag.py
[2024-03-28T15:54:11.480+0000] {logging_mixin.py:120} INFO - [2024-03-28T15:54:11.479+0000] {dag.py:2585} INFO - Sync 2 DAGs
[2024-03-28T15:54:11.547+0000] {logging_mixin.py:120} INFO - [2024-03-28T15:54:11.547+0000] {dag.py:3340} INFO - Setting next_dagrun for example_external_task_marker_child to None, run_after=None
[2024-03-28T15:54:11.569+0000] {logging_mixin.py:120} INFO - [2024-03-28T15:54:11.568+0000] {dag.py:3340} INFO - Setting next_dagrun for example_external_task_marker_parent to None, run_after=None
[2024-03-28T15:54:11.973+0000] {processor.py:176} INFO - Processing /home/airflow/.local/lib/python3.7/site-packages/airflow/example_dags/example_external_task_marker_dag.py took 1.298 seconds
[2024-03-28T15:58:44.209+0000] {processor.py:154} INFO - Started process (PID=135) to work on /home/airflow/.local/lib/python3.7/site-packages/airflow/example_dags/example_external_task_marker_dag.py
[2024-03-28T15:58:44.210+0000] {processor.py:756} INFO - Processing file /home/airflow/.local/lib/python3.7/site-packages/airflow/example_dags/example_external_task_marker_dag.py for tasks to queue
[2024-03-28T15:58:44.211+0000] {logging_mixin.py:120} INFO - [2024-03-28T15:58:44.211+0000] {dagbag.py:537} INFO - Filling up the DagBag from /home/airflow/.local/lib/python3.7/site-packages/airflow/example_dags/example_external_task_marker_dag.py
[2024-03-28T15:58:44.420+0000] {processor.py:766} INFO - DAG(s) dict_keys(['example_external_task_marker_parent', 'example_external_task_marker_child']) retrieved from /home/airflow/.local/lib/python3.7/site-packages/airflow/example_dags/example_external_task_marker_dag.py
[2024-03-28T15:58:46.976+0000] {logging_mixin.py:120} INFO - [2024-03-28T15:58:46.974+0000] {dag.py:2585} INFO - Sync 2 DAGs
[2024-03-28T15:58:47.099+0000] {logging_mixin.py:120} INFO - [2024-03-28T15:58:47.098+0000] {dag.py:3340} INFO - Setting next_dagrun for example_external_task_marker_child to None, run_after=None
[2024-03-28T15:58:47.112+0000] {logging_mixin.py:120} INFO - [2024-03-28T15:58:47.107+0000] {dag.py:3340} INFO - Setting next_dagrun for example_external_task_marker_parent to None, run_after=None
[2024-03-28T15:58:47.301+0000] {processor.py:176} INFO - Processing /home/airflow/.local/lib/python3.7/site-packages/airflow/example_dags/example_external_task_marker_dag.py took 3.116 seconds
