[2024-03-28T15:20:31.101+0000] {processor.py:154} INFO - Started process (PID=58) to work on /home/airflow/.local/lib/python3.7/site-packages/airflow/example_dags/example_dag_decorator.py
[2024-03-28T15:20:31.125+0000] {processor.py:756} INFO - Processing file /home/airflow/.local/lib/python3.7/site-packages/airflow/example_dags/example_dag_decorator.py for tasks to queue
[2024-03-28T15:20:31.206+0000] {logging_mixin.py:120} INFO - [2024-03-28T15:20:31.205+0000] {dagbag.py:537} INFO - Filling up the DagBag from /home/airflow/.local/lib/python3.7/site-packages/airflow/example_dags/example_dag_decorator.py
[2024-03-28T15:20:31.367+0000] {logging_mixin.py:120} INFO - [2024-03-28T15:20:31.367+0000] {taskmixin.py:205} WARNING - Dependency <Task(_PythonDecoratedOperator): prepare_email>, send_email already registered for DAG: example_dag_decorator
[2024-03-28T15:20:31.369+0000] {logging_mixin.py:120} INFO - [2024-03-28T15:20:31.368+0000] {taskmixin.py:205} WARNING - Dependency <Task(EmailOperator): send_email>, prepare_email already registered for DAG: example_dag_decorator
[2024-03-28T15:20:31.508+0000] {processor.py:766} INFO - DAG(s) dict_keys(['example_dag_decorator']) retrieved from /home/airflow/.local/lib/python3.7/site-packages/airflow/example_dags/example_dag_decorator.py
[2024-03-28T15:20:32.923+0000] {logging_mixin.py:120} INFO - [2024-03-28T15:20:32.902+0000] {dag.py:2585} INFO - Sync 1 DAGs
[2024-03-28T15:20:33.204+0000] {logging_mixin.py:120} INFO - [2024-03-28T15:20:33.204+0000] {dag.py:3340} INFO - Setting next_dagrun for example_dag_decorator to None, run_after=None
[2024-03-28T15:20:33.383+0000] {processor.py:176} INFO - Processing /home/airflow/.local/lib/python3.7/site-packages/airflow/example_dags/example_dag_decorator.py took 2.299 seconds
[2024-03-28T15:25:12.838+0000] {processor.py:154} INFO - Started process (PID=98) to work on /home/airflow/.local/lib/python3.7/site-packages/airflow/example_dags/example_dag_decorator.py
[2024-03-28T15:25:12.846+0000] {processor.py:756} INFO - Processing file /home/airflow/.local/lib/python3.7/site-packages/airflow/example_dags/example_dag_decorator.py for tasks to queue
[2024-03-28T15:25:12.855+0000] {logging_mixin.py:120} INFO - [2024-03-28T15:25:12.854+0000] {dagbag.py:537} INFO - Filling up the DagBag from /home/airflow/.local/lib/python3.7/site-packages/airflow/example_dags/example_dag_decorator.py
[2024-03-28T15:25:13.082+0000] {logging_mixin.py:120} INFO - [2024-03-28T15:25:13.081+0000] {taskmixin.py:205} WARNING - Dependency <Task(_PythonDecoratedOperator): prepare_email>, send_email already registered for DAG: example_dag_decorator
[2024-03-28T15:25:13.083+0000] {logging_mixin.py:120} INFO - [2024-03-28T15:25:13.083+0000] {taskmixin.py:205} WARNING - Dependency <Task(EmailOperator): send_email>, prepare_email already registered for DAG: example_dag_decorator
[2024-03-28T15:25:13.365+0000] {processor.py:766} INFO - DAG(s) dict_keys(['example_dag_decorator']) retrieved from /home/airflow/.local/lib/python3.7/site-packages/airflow/example_dags/example_dag_decorator.py
[2024-03-28T15:25:14.211+0000] {logging_mixin.py:120} INFO - [2024-03-28T15:25:14.200+0000] {dag.py:2585} INFO - Sync 1 DAGs
[2024-03-28T15:25:14.666+0000] {logging_mixin.py:120} INFO - [2024-03-28T15:25:14.661+0000] {dag.py:3340} INFO - Setting next_dagrun for example_dag_decorator to None, run_after=None
[2024-03-28T15:25:16.340+0000] {processor.py:176} INFO - Processing /home/airflow/.local/lib/python3.7/site-packages/airflow/example_dags/example_dag_decorator.py took 3.519 seconds
[2024-03-28T15:27:28.729+0000] {processor.py:154} INFO - Started process (PID=90) to work on /home/airflow/.local/lib/python3.7/site-packages/airflow/example_dags/example_dag_decorator.py
[2024-03-28T15:27:28.730+0000] {processor.py:756} INFO - Processing file /home/airflow/.local/lib/python3.7/site-packages/airflow/example_dags/example_dag_decorator.py for tasks to queue
[2024-03-28T15:27:28.732+0000] {logging_mixin.py:120} INFO - [2024-03-28T15:27:28.732+0000] {dagbag.py:537} INFO - Filling up the DagBag from /home/airflow/.local/lib/python3.7/site-packages/airflow/example_dags/example_dag_decorator.py
[2024-03-28T15:27:28.886+0000] {logging_mixin.py:120} INFO - [2024-03-28T15:27:28.880+0000] {taskmixin.py:205} WARNING - Dependency <Task(_PythonDecoratedOperator): prepare_email>, send_email already registered for DAG: example_dag_decorator
[2024-03-28T15:27:28.888+0000] {logging_mixin.py:120} INFO - [2024-03-28T15:27:28.887+0000] {taskmixin.py:205} WARNING - Dependency <Task(EmailOperator): send_email>, prepare_email already registered for DAG: example_dag_decorator
[2024-03-28T15:27:29.038+0000] {processor.py:766} INFO - DAG(s) dict_keys(['example_dag_decorator']) retrieved from /home/airflow/.local/lib/python3.7/site-packages/airflow/example_dags/example_dag_decorator.py
[2024-03-28T15:27:30.278+0000] {logging_mixin.py:120} INFO - [2024-03-28T15:27:30.274+0000] {dag.py:2585} INFO - Sync 1 DAGs
[2024-03-28T15:27:30.566+0000] {logging_mixin.py:120} INFO - [2024-03-28T15:27:30.565+0000] {dag.py:3340} INFO - Setting next_dagrun for example_dag_decorator to None, run_after=None
[2024-03-28T15:27:31.818+0000] {processor.py:176} INFO - Processing /home/airflow/.local/lib/python3.7/site-packages/airflow/example_dags/example_dag_decorator.py took 3.109 seconds
[2024-03-28T15:28:04.438+0000] {processor.py:154} INFO - Started process (PID=146) to work on /home/airflow/.local/lib/python3.7/site-packages/airflow/example_dags/example_dag_decorator.py
[2024-03-28T15:28:04.442+0000] {processor.py:756} INFO - Processing file /home/airflow/.local/lib/python3.7/site-packages/airflow/example_dags/example_dag_decorator.py for tasks to queue
[2024-03-28T15:28:04.445+0000] {logging_mixin.py:120} INFO - [2024-03-28T15:28:04.444+0000] {dagbag.py:537} INFO - Filling up the DagBag from /home/airflow/.local/lib/python3.7/site-packages/airflow/example_dags/example_dag_decorator.py
[2024-03-28T15:28:04.496+0000] {logging_mixin.py:120} INFO - [2024-03-28T15:28:04.496+0000] {taskmixin.py:205} WARNING - Dependency <Task(_PythonDecoratedOperator): prepare_email>, send_email already registered for DAG: example_dag_decorator
[2024-03-28T15:28:04.498+0000] {logging_mixin.py:120} INFO - [2024-03-28T15:28:04.498+0000] {taskmixin.py:205} WARNING - Dependency <Task(EmailOperator): send_email>, prepare_email already registered for DAG: example_dag_decorator
[2024-03-28T15:28:04.531+0000] {processor.py:766} INFO - DAG(s) dict_keys(['example_dag_decorator']) retrieved from /home/airflow/.local/lib/python3.7/site-packages/airflow/example_dags/example_dag_decorator.py
[2024-03-28T15:28:04.792+0000] {logging_mixin.py:120} INFO - [2024-03-28T15:28:04.791+0000] {dag.py:2585} INFO - Sync 1 DAGs
[2024-03-28T15:28:04.920+0000] {logging_mixin.py:120} INFO - [2024-03-28T15:28:04.920+0000] {dag.py:3340} INFO - Setting next_dagrun for example_dag_decorator to None, run_after=None
[2024-03-28T15:28:05.007+0000] {processor.py:176} INFO - Processing /home/airflow/.local/lib/python3.7/site-packages/airflow/example_dags/example_dag_decorator.py took 0.576 seconds
[2024-03-28T15:30:14.700+0000] {processor.py:154} INFO - Started process (PID=89) to work on /home/airflow/.local/lib/python3.7/site-packages/airflow/example_dags/example_dag_decorator.py
[2024-03-28T15:30:14.705+0000] {processor.py:756} INFO - Processing file /home/airflow/.local/lib/python3.7/site-packages/airflow/example_dags/example_dag_decorator.py for tasks to queue
[2024-03-28T15:30:14.707+0000] {logging_mixin.py:120} INFO - [2024-03-28T15:30:14.706+0000] {dagbag.py:537} INFO - Filling up the DagBag from /home/airflow/.local/lib/python3.7/site-packages/airflow/example_dags/example_dag_decorator.py
[2024-03-28T15:30:14.783+0000] {logging_mixin.py:120} INFO - [2024-03-28T15:30:14.783+0000] {taskmixin.py:205} WARNING - Dependency <Task(_PythonDecoratedOperator): prepare_email>, send_email already registered for DAG: example_dag_decorator
[2024-03-28T15:30:14.784+0000] {logging_mixin.py:120} INFO - [2024-03-28T15:30:14.784+0000] {taskmixin.py:205} WARNING - Dependency <Task(EmailOperator): send_email>, prepare_email already registered for DAG: example_dag_decorator
[2024-03-28T15:30:14.825+0000] {processor.py:766} INFO - DAG(s) dict_keys(['example_dag_decorator']) retrieved from /home/airflow/.local/lib/python3.7/site-packages/airflow/example_dags/example_dag_decorator.py
[2024-03-28T15:30:15.240+0000] {logging_mixin.py:120} INFO - [2024-03-28T15:30:15.238+0000] {dag.py:2585} INFO - Sync 1 DAGs
[2024-03-28T15:30:15.338+0000] {logging_mixin.py:120} INFO - [2024-03-28T15:30:15.337+0000] {dag.py:3340} INFO - Setting next_dagrun for example_dag_decorator to None, run_after=None
[2024-03-28T15:30:15.433+0000] {processor.py:176} INFO - Processing /home/airflow/.local/lib/python3.7/site-packages/airflow/example_dags/example_dag_decorator.py took 0.756 seconds
[2024-03-28T15:35:18.327+0000] {processor.py:154} INFO - Started process (PID=99) to work on /home/airflow/.local/lib/python3.7/site-packages/airflow/example_dags/example_dag_decorator.py
[2024-03-28T15:35:18.330+0000] {processor.py:756} INFO - Processing file /home/airflow/.local/lib/python3.7/site-packages/airflow/example_dags/example_dag_decorator.py for tasks to queue
[2024-03-28T15:35:18.332+0000] {logging_mixin.py:120} INFO - [2024-03-28T15:35:18.332+0000] {dagbag.py:537} INFO - Filling up the DagBag from /home/airflow/.local/lib/python3.7/site-packages/airflow/example_dags/example_dag_decorator.py
[2024-03-28T15:35:18.508+0000] {logging_mixin.py:120} INFO - [2024-03-28T15:35:18.500+0000] {taskmixin.py:205} WARNING - Dependency <Task(_PythonDecoratedOperator): prepare_email>, send_email already registered for DAG: example_dag_decorator
[2024-03-28T15:35:18.510+0000] {logging_mixin.py:120} INFO - [2024-03-28T15:35:18.510+0000] {taskmixin.py:205} WARNING - Dependency <Task(EmailOperator): send_email>, prepare_email already registered for DAG: example_dag_decorator
[2024-03-28T15:35:18.657+0000] {processor.py:766} INFO - DAG(s) dict_keys(['example_dag_decorator']) retrieved from /home/airflow/.local/lib/python3.7/site-packages/airflow/example_dags/example_dag_decorator.py
[2024-03-28T15:35:19.701+0000] {logging_mixin.py:120} INFO - [2024-03-28T15:35:19.686+0000] {dag.py:2585} INFO - Sync 1 DAGs
[2024-03-28T15:35:19.938+0000] {logging_mixin.py:120} INFO - [2024-03-28T15:35:19.929+0000] {dag.py:3340} INFO - Setting next_dagrun for example_dag_decorator to None, run_after=None
[2024-03-28T15:35:20.638+0000] {processor.py:176} INFO - Processing /home/airflow/.local/lib/python3.7/site-packages/airflow/example_dags/example_dag_decorator.py took 2.320 seconds
[2024-03-28T15:42:15.771+0000] {processor.py:154} INFO - Started process (PID=96) to work on /home/airflow/.local/lib/python3.7/site-packages/airflow/example_dags/example_dag_decorator.py
[2024-03-28T15:42:15.774+0000] {processor.py:756} INFO - Processing file /home/airflow/.local/lib/python3.7/site-packages/airflow/example_dags/example_dag_decorator.py for tasks to queue
[2024-03-28T15:42:15.786+0000] {logging_mixin.py:120} INFO - [2024-03-28T15:42:15.786+0000] {dagbag.py:537} INFO - Filling up the DagBag from /home/airflow/.local/lib/python3.7/site-packages/airflow/example_dags/example_dag_decorator.py
[2024-03-28T15:42:15.937+0000] {logging_mixin.py:120} INFO - [2024-03-28T15:42:15.936+0000] {taskmixin.py:205} WARNING - Dependency <Task(_PythonDecoratedOperator): prepare_email>, send_email already registered for DAG: example_dag_decorator
[2024-03-28T15:42:15.938+0000] {logging_mixin.py:120} INFO - [2024-03-28T15:42:15.938+0000] {taskmixin.py:205} WARNING - Dependency <Task(EmailOperator): send_email>, prepare_email already registered for DAG: example_dag_decorator
[2024-03-28T15:42:16.122+0000] {processor.py:766} INFO - DAG(s) dict_keys(['example_dag_decorator']) retrieved from /home/airflow/.local/lib/python3.7/site-packages/airflow/example_dags/example_dag_decorator.py
[2024-03-28T15:42:17.015+0000] {logging_mixin.py:120} INFO - [2024-03-28T15:42:16.998+0000] {dag.py:2585} INFO - Sync 1 DAGs
[2024-03-28T15:42:17.105+0000] {logging_mixin.py:120} INFO - [2024-03-28T15:42:17.103+0000] {dag.py:3340} INFO - Setting next_dagrun for example_dag_decorator to None, run_after=None
[2024-03-28T15:42:17.370+0000] {processor.py:176} INFO - Processing /home/airflow/.local/lib/python3.7/site-packages/airflow/example_dags/example_dag_decorator.py took 1.610 seconds
[2024-03-28T15:42:55.747+0000] {processor.py:154} INFO - Started process (PID=54) to work on /home/airflow/.local/lib/python3.7/site-packages/airflow/example_dags/example_dag_decorator.py
[2024-03-28T15:42:55.752+0000] {processor.py:756} INFO - Processing file /home/airflow/.local/lib/python3.7/site-packages/airflow/example_dags/example_dag_decorator.py for tasks to queue
[2024-03-28T15:42:55.753+0000] {logging_mixin.py:120} INFO - [2024-03-28T15:42:55.753+0000] {dagbag.py:537} INFO - Filling up the DagBag from /home/airflow/.local/lib/python3.7/site-packages/airflow/example_dags/example_dag_decorator.py
[2024-03-28T15:42:55.770+0000] {logging_mixin.py:120} INFO - [2024-03-28T15:42:55.769+0000] {taskmixin.py:205} WARNING - Dependency <Task(_PythonDecoratedOperator): prepare_email>, send_email already registered for DAG: example_dag_decorator
[2024-03-28T15:42:55.770+0000] {logging_mixin.py:120} INFO - [2024-03-28T15:42:55.770+0000] {taskmixin.py:205} WARNING - Dependency <Task(EmailOperator): send_email>, prepare_email already registered for DAG: example_dag_decorator
[2024-03-28T15:42:55.784+0000] {processor.py:766} INFO - DAG(s) dict_keys(['example_dag_decorator']) retrieved from /home/airflow/.local/lib/python3.7/site-packages/airflow/example_dags/example_dag_decorator.py
[2024-03-28T15:42:55.857+0000] {logging_mixin.py:120} INFO - [2024-03-28T15:42:55.857+0000] {dag.py:2585} INFO - Sync 1 DAGs
[2024-03-28T15:42:55.877+0000] {logging_mixin.py:120} INFO - [2024-03-28T15:42:55.877+0000] {dag.py:3340} INFO - Setting next_dagrun for example_dag_decorator to None, run_after=None
[2024-03-28T15:42:55.894+0000] {processor.py:176} INFO - Processing /home/airflow/.local/lib/python3.7/site-packages/airflow/example_dags/example_dag_decorator.py took 0.150 seconds
[2024-03-28T15:44:16.331+0000] {processor.py:154} INFO - Started process (PID=135) to work on /home/airflow/.local/lib/python3.7/site-packages/airflow/example_dags/example_dag_decorator.py
[2024-03-28T15:44:16.335+0000] {processor.py:756} INFO - Processing file /home/airflow/.local/lib/python3.7/site-packages/airflow/example_dags/example_dag_decorator.py for tasks to queue
[2024-03-28T15:44:16.336+0000] {logging_mixin.py:120} INFO - [2024-03-28T15:44:16.336+0000] {dagbag.py:537} INFO - Filling up the DagBag from /home/airflow/.local/lib/python3.7/site-packages/airflow/example_dags/example_dag_decorator.py
[2024-03-28T15:44:16.539+0000] {logging_mixin.py:120} INFO - [2024-03-28T15:44:16.538+0000] {taskmixin.py:205} WARNING - Dependency <Task(_PythonDecoratedOperator): prepare_email>, send_email already registered for DAG: example_dag_decorator
[2024-03-28T15:44:16.541+0000] {logging_mixin.py:120} INFO - [2024-03-28T15:44:16.540+0000] {taskmixin.py:205} WARNING - Dependency <Task(EmailOperator): send_email>, prepare_email already registered for DAG: example_dag_decorator
[2024-03-28T15:44:16.682+0000] {processor.py:766} INFO - DAG(s) dict_keys(['example_dag_decorator']) retrieved from /home/airflow/.local/lib/python3.7/site-packages/airflow/example_dags/example_dag_decorator.py
[2024-03-28T15:44:18.766+0000] {logging_mixin.py:120} INFO - [2024-03-28T15:44:18.762+0000] {dag.py:2585} INFO - Sync 1 DAGs
[2024-03-28T15:44:21.426+0000] {logging_mixin.py:120} INFO - [2024-03-28T15:44:21.415+0000] {dag.py:3340} INFO - Setting next_dagrun for example_dag_decorator to None, run_after=None
[2024-03-28T15:44:21.536+0000] {processor.py:176} INFO - Processing /home/airflow/.local/lib/python3.7/site-packages/airflow/example_dags/example_dag_decorator.py took 5.213 seconds
[2024-03-28T15:45:20.463+0000] {processor.py:154} INFO - Started process (PID=72) to work on /home/airflow/.local/lib/python3.7/site-packages/airflow/example_dags/example_dag_decorator.py
[2024-03-28T15:45:20.464+0000] {processor.py:756} INFO - Processing file /home/airflow/.local/lib/python3.7/site-packages/airflow/example_dags/example_dag_decorator.py for tasks to queue
[2024-03-28T15:45:20.464+0000] {logging_mixin.py:120} INFO - [2024-03-28T15:45:20.464+0000] {dagbag.py:537} INFO - Filling up the DagBag from /home/airflow/.local/lib/python3.7/site-packages/airflow/example_dags/example_dag_decorator.py
[2024-03-28T15:45:20.477+0000] {logging_mixin.py:120} INFO - [2024-03-28T15:45:20.477+0000] {taskmixin.py:205} WARNING - Dependency <Task(_PythonDecoratedOperator): prepare_email>, send_email already registered for DAG: example_dag_decorator
[2024-03-28T15:45:20.478+0000] {logging_mixin.py:120} INFO - [2024-03-28T15:45:20.478+0000] {taskmixin.py:205} WARNING - Dependency <Task(EmailOperator): send_email>, prepare_email already registered for DAG: example_dag_decorator
[2024-03-28T15:45:20.488+0000] {processor.py:766} INFO - DAG(s) dict_keys(['example_dag_decorator']) retrieved from /home/airflow/.local/lib/python3.7/site-packages/airflow/example_dags/example_dag_decorator.py
[2024-03-28T15:45:20.538+0000] {logging_mixin.py:120} INFO - [2024-03-28T15:45:20.538+0000] {dag.py:2585} INFO - Sync 1 DAGs
[2024-03-28T15:45:20.553+0000] {logging_mixin.py:120} INFO - [2024-03-28T15:45:20.553+0000] {dag.py:3340} INFO - Setting next_dagrun for example_dag_decorator to None, run_after=None
[2024-03-28T15:45:20.565+0000] {processor.py:176} INFO - Processing /home/airflow/.local/lib/python3.7/site-packages/airflow/example_dags/example_dag_decorator.py took 0.104 seconds
[2024-03-28T15:50:41.443+0000] {processor.py:154} INFO - Started process (PID=106) to work on /home/airflow/.local/lib/python3.7/site-packages/airflow/example_dags/example_dag_decorator.py
[2024-03-28T15:50:41.445+0000] {processor.py:756} INFO - Processing file /home/airflow/.local/lib/python3.7/site-packages/airflow/example_dags/example_dag_decorator.py for tasks to queue
[2024-03-28T15:50:41.447+0000] {logging_mixin.py:120} INFO - [2024-03-28T15:50:41.447+0000] {dagbag.py:537} INFO - Filling up the DagBag from /home/airflow/.local/lib/python3.7/site-packages/airflow/example_dags/example_dag_decorator.py
[2024-03-28T15:50:41.511+0000] {logging_mixin.py:120} INFO - [2024-03-28T15:50:41.511+0000] {taskmixin.py:205} WARNING - Dependency <Task(_PythonDecoratedOperator): prepare_email>, send_email already registered for DAG: example_dag_decorator
[2024-03-28T15:50:41.513+0000] {logging_mixin.py:120} INFO - [2024-03-28T15:50:41.513+0000] {taskmixin.py:205} WARNING - Dependency <Task(EmailOperator): send_email>, prepare_email already registered for DAG: example_dag_decorator
[2024-03-28T15:50:41.612+0000] {processor.py:766} INFO - DAG(s) dict_keys(['example_dag_decorator']) retrieved from /home/airflow/.local/lib/python3.7/site-packages/airflow/example_dags/example_dag_decorator.py
[2024-03-28T15:50:42.236+0000] {logging_mixin.py:120} INFO - [2024-03-28T15:50:42.230+0000] {dag.py:2585} INFO - Sync 1 DAGs
[2024-03-28T15:50:42.475+0000] {logging_mixin.py:120} INFO - [2024-03-28T15:50:42.472+0000] {dag.py:3340} INFO - Setting next_dagrun for example_dag_decorator to None, run_after=None
[2024-03-28T15:50:43.063+0000] {processor.py:176} INFO - Processing /home/airflow/.local/lib/python3.7/site-packages/airflow/example_dags/example_dag_decorator.py took 1.627 seconds
[2024-03-28T15:53:58.929+0000] {processor.py:154} INFO - Started process (PID=80) to work on /home/airflow/.local/lib/python3.7/site-packages/airflow/example_dags/example_dag_decorator.py
[2024-03-28T15:53:58.933+0000] {processor.py:756} INFO - Processing file /home/airflow/.local/lib/python3.7/site-packages/airflow/example_dags/example_dag_decorator.py for tasks to queue
[2024-03-28T15:53:58.936+0000] {logging_mixin.py:120} INFO - [2024-03-28T15:53:58.936+0000] {dagbag.py:537} INFO - Filling up the DagBag from /home/airflow/.local/lib/python3.7/site-packages/airflow/example_dags/example_dag_decorator.py
[2024-03-28T15:53:58.974+0000] {logging_mixin.py:120} INFO - [2024-03-28T15:53:58.974+0000] {taskmixin.py:205} WARNING - Dependency <Task(_PythonDecoratedOperator): prepare_email>, send_email already registered for DAG: example_dag_decorator
[2024-03-28T15:53:58.975+0000] {logging_mixin.py:120} INFO - [2024-03-28T15:53:58.975+0000] {taskmixin.py:205} WARNING - Dependency <Task(EmailOperator): send_email>, prepare_email already registered for DAG: example_dag_decorator
[2024-03-28T15:53:59.003+0000] {processor.py:766} INFO - DAG(s) dict_keys(['example_dag_decorator']) retrieved from /home/airflow/.local/lib/python3.7/site-packages/airflow/example_dags/example_dag_decorator.py
[2024-03-28T15:53:59.924+0000] {logging_mixin.py:120} INFO - [2024-03-28T15:53:59.923+0000] {dag.py:2585} INFO - Sync 1 DAGs
[2024-03-28T15:54:00.505+0000] {logging_mixin.py:120} INFO - [2024-03-28T15:54:00.499+0000] {dag.py:3340} INFO - Setting next_dagrun for example_dag_decorator to None, run_after=None
[2024-03-28T15:54:00.569+0000] {processor.py:176} INFO - Processing /home/airflow/.local/lib/python3.7/site-packages/airflow/example_dags/example_dag_decorator.py took 1.646 seconds
[2024-03-28T15:58:22.372+0000] {processor.py:154} INFO - Started process (PID=114) to work on /home/airflow/.local/lib/python3.7/site-packages/airflow/example_dags/example_dag_decorator.py
[2024-03-28T15:58:22.386+0000] {processor.py:756} INFO - Processing file /home/airflow/.local/lib/python3.7/site-packages/airflow/example_dags/example_dag_decorator.py for tasks to queue
[2024-03-28T15:58:22.399+0000] {logging_mixin.py:120} INFO - [2024-03-28T15:58:22.397+0000] {dagbag.py:537} INFO - Filling up the DagBag from /home/airflow/.local/lib/python3.7/site-packages/airflow/example_dags/example_dag_decorator.py
[2024-03-28T15:58:22.753+0000] {logging_mixin.py:120} INFO - [2024-03-28T15:58:22.740+0000] {taskmixin.py:205} WARNING - Dependency <Task(_PythonDecoratedOperator): prepare_email>, send_email already registered for DAG: example_dag_decorator
[2024-03-28T15:58:22.810+0000] {logging_mixin.py:120} INFO - [2024-03-28T15:58:22.765+0000] {taskmixin.py:205} WARNING - Dependency <Task(EmailOperator): send_email>, prepare_email already registered for DAG: example_dag_decorator
[2024-03-28T15:58:23.850+0000] {processor.py:766} INFO - DAG(s) dict_keys(['example_dag_decorator']) retrieved from /home/airflow/.local/lib/python3.7/site-packages/airflow/example_dags/example_dag_decorator.py
[2024-03-28T15:58:24.827+0000] {logging_mixin.py:120} INFO - [2024-03-28T15:58:24.826+0000] {dag.py:2585} INFO - Sync 1 DAGs
[2024-03-28T15:58:27.789+0000] {logging_mixin.py:120} INFO - [2024-03-28T15:58:27.781+0000] {dag.py:3340} INFO - Setting next_dagrun for example_dag_decorator to None, run_after=None
[2024-03-28T15:58:28.052+0000] {processor.py:176} INFO - Processing /home/airflow/.local/lib/python3.7/site-packages/airflow/example_dags/example_dag_decorator.py took 5.925 seconds
