[2024-03-28T15:20:29.707+0000] {processor.py:154} INFO - Started process (PID=50) to work on /home/airflow/.local/lib/python3.7/site-packages/airflow/example_dags/tutorial_dag.py
[2024-03-28T15:20:29.708+0000] {processor.py:756} INFO - Processing file /home/airflow/.local/lib/python3.7/site-packages/airflow/example_dags/tutorial_dag.py for tasks to queue
[2024-03-28T15:20:29.709+0000] {logging_mixin.py:120} INFO - [2024-03-28T15:20:29.709+0000] {dagbag.py:537} INFO - Filling up the DagBag from /home/airflow/.local/lib/python3.7/site-packages/airflow/example_dags/tutorial_dag.py
[2024-03-28T15:20:29.730+0000] {processor.py:766} INFO - DAG(s) dict_keys(['tutorial_dag']) retrieved from /home/airflow/.local/lib/python3.7/site-packages/airflow/example_dags/tutorial_dag.py
[2024-03-28T15:20:29.833+0000] {logging_mixin.py:120} INFO - [2024-03-28T15:20:29.832+0000] {dag.py:2585} INFO - Sync 1 DAGs
[2024-03-28T15:20:29.932+0000] {logging_mixin.py:120} INFO - [2024-03-28T15:20:29.932+0000] {dag.py:3340} INFO - Setting next_dagrun for tutorial_dag to None, run_after=None
[2024-03-28T15:20:29.973+0000] {processor.py:176} INFO - Processing /home/airflow/.local/lib/python3.7/site-packages/airflow/example_dags/tutorial_dag.py took 0.273 seconds
[2024-03-28T15:22:35.510+0000] {processor.py:154} INFO - Started process (PID=131) to work on /home/airflow/.local/lib/python3.7/site-packages/airflow/example_dags/tutorial_dag.py
[2024-03-28T15:22:35.515+0000] {processor.py:756} INFO - Processing file /home/airflow/.local/lib/python3.7/site-packages/airflow/example_dags/tutorial_dag.py for tasks to queue
[2024-03-28T15:22:35.518+0000] {logging_mixin.py:120} INFO - [2024-03-28T15:22:35.517+0000] {dagbag.py:537} INFO - Filling up the DagBag from /home/airflow/.local/lib/python3.7/site-packages/airflow/example_dags/tutorial_dag.py
[2024-03-28T15:22:36.120+0000] {processor.py:766} INFO - DAG(s) dict_keys(['tutorial_dag']) retrieved from /home/airflow/.local/lib/python3.7/site-packages/airflow/example_dags/tutorial_dag.py
[2024-03-28T15:22:37.161+0000] {logging_mixin.py:120} INFO - [2024-03-28T15:22:37.160+0000] {dag.py:2585} INFO - Sync 1 DAGs
[2024-03-28T15:22:37.213+0000] {logging_mixin.py:120} INFO - [2024-03-28T15:22:37.213+0000] {dag.py:3340} INFO - Setting next_dagrun for tutorial_dag to None, run_after=None
[2024-03-28T15:22:37.240+0000] {processor.py:176} INFO - Processing /home/airflow/.local/lib/python3.7/site-packages/airflow/example_dags/tutorial_dag.py took 1.743 seconds
[2024-03-28T15:24:55.592+0000] {processor.py:154} INFO - Started process (PID=80) to work on /home/airflow/.local/lib/python3.7/site-packages/airflow/example_dags/tutorial_dag.py
[2024-03-28T15:24:55.596+0000] {processor.py:756} INFO - Processing file /home/airflow/.local/lib/python3.7/site-packages/airflow/example_dags/tutorial_dag.py for tasks to queue
[2024-03-28T15:24:55.600+0000] {logging_mixin.py:120} INFO - [2024-03-28T15:24:55.599+0000] {dagbag.py:537} INFO - Filling up the DagBag from /home/airflow/.local/lib/python3.7/site-packages/airflow/example_dags/tutorial_dag.py
[2024-03-28T15:24:55.804+0000] {processor.py:766} INFO - DAG(s) dict_keys(['tutorial_dag']) retrieved from /home/airflow/.local/lib/python3.7/site-packages/airflow/example_dags/tutorial_dag.py
[2024-03-28T15:24:57.386+0000] {logging_mixin.py:120} INFO - [2024-03-28T15:24:57.360+0000] {dag.py:2585} INFO - Sync 1 DAGs
[2024-03-28T15:24:59.402+0000] {logging_mixin.py:120} INFO - [2024-03-28T15:24:59.383+0000] {dag.py:3340} INFO - Setting next_dagrun for tutorial_dag to None, run_after=None
[2024-03-28T15:24:59.717+0000] {processor.py:176} INFO - Processing /home/airflow/.local/lib/python3.7/site-packages/airflow/example_dags/tutorial_dag.py took 4.142 seconds
[2024-03-28T15:27:17.201+0000] {processor.py:154} INFO - Started process (PID=73) to work on /home/airflow/.local/lib/python3.7/site-packages/airflow/example_dags/tutorial_dag.py
[2024-03-28T15:27:17.209+0000] {processor.py:756} INFO - Processing file /home/airflow/.local/lib/python3.7/site-packages/airflow/example_dags/tutorial_dag.py for tasks to queue
[2024-03-28T15:27:17.211+0000] {logging_mixin.py:120} INFO - [2024-03-28T15:27:17.211+0000] {dagbag.py:537} INFO - Filling up the DagBag from /home/airflow/.local/lib/python3.7/site-packages/airflow/example_dags/tutorial_dag.py
[2024-03-28T15:27:17.705+0000] {processor.py:766} INFO - DAG(s) dict_keys(['tutorial_dag']) retrieved from /home/airflow/.local/lib/python3.7/site-packages/airflow/example_dags/tutorial_dag.py
[2024-03-28T15:27:21.251+0000] {logging_mixin.py:120} INFO - [2024-03-28T15:27:21.249+0000] {dag.py:2585} INFO - Sync 1 DAGs
[2024-03-28T15:27:21.350+0000] {logging_mixin.py:120} INFO - [2024-03-28T15:27:21.349+0000] {dag.py:3340} INFO - Setting next_dagrun for tutorial_dag to None, run_after=None
[2024-03-28T15:27:21.662+0000] {processor.py:176} INFO - Processing /home/airflow/.local/lib/python3.7/site-packages/airflow/example_dags/tutorial_dag.py took 4.501 seconds
[2024-03-28T15:28:01.097+0000] {processor.py:154} INFO - Started process (PID=137) to work on /home/airflow/.local/lib/python3.7/site-packages/airflow/example_dags/tutorial_dag.py
[2024-03-28T15:28:01.101+0000] {processor.py:756} INFO - Processing file /home/airflow/.local/lib/python3.7/site-packages/airflow/example_dags/tutorial_dag.py for tasks to queue
[2024-03-28T15:28:01.104+0000] {logging_mixin.py:120} INFO - [2024-03-28T15:28:01.104+0000] {dagbag.py:537} INFO - Filling up the DagBag from /home/airflow/.local/lib/python3.7/site-packages/airflow/example_dags/tutorial_dag.py
[2024-03-28T15:28:01.197+0000] {processor.py:766} INFO - DAG(s) dict_keys(['tutorial_dag']) retrieved from /home/airflow/.local/lib/python3.7/site-packages/airflow/example_dags/tutorial_dag.py
[2024-03-28T15:28:01.368+0000] {logging_mixin.py:120} INFO - [2024-03-28T15:28:01.368+0000] {dag.py:2585} INFO - Sync 1 DAGs
[2024-03-28T15:28:01.467+0000] {logging_mixin.py:120} INFO - [2024-03-28T15:28:01.467+0000] {dag.py:3340} INFO - Setting next_dagrun for tutorial_dag to None, run_after=None
[2024-03-28T15:28:01.496+0000] {processor.py:176} INFO - Processing /home/airflow/.local/lib/python3.7/site-packages/airflow/example_dags/tutorial_dag.py took 0.419 seconds
[2024-03-28T15:30:05.400+0000] {processor.py:154} INFO - Started process (PID=81) to work on /home/airflow/.local/lib/python3.7/site-packages/airflow/example_dags/tutorial_dag.py
[2024-03-28T15:30:05.406+0000] {processor.py:756} INFO - Processing file /home/airflow/.local/lib/python3.7/site-packages/airflow/example_dags/tutorial_dag.py for tasks to queue
[2024-03-28T15:30:05.408+0000] {logging_mixin.py:120} INFO - [2024-03-28T15:30:05.407+0000] {dagbag.py:537} INFO - Filling up the DagBag from /home/airflow/.local/lib/python3.7/site-packages/airflow/example_dags/tutorial_dag.py
[2024-03-28T15:30:10.462+0000] {processor.py:766} INFO - DAG(s) dict_keys(['tutorial_dag']) retrieved from /home/airflow/.local/lib/python3.7/site-packages/airflow/example_dags/tutorial_dag.py
[2024-03-28T15:30:11.416+0000] {logging_mixin.py:120} INFO - [2024-03-28T15:30:11.408+0000] {dag.py:2585} INFO - Sync 1 DAGs
[2024-03-28T15:30:11.570+0000] {logging_mixin.py:120} INFO - [2024-03-28T15:30:11.569+0000] {dag.py:3340} INFO - Setting next_dagrun for tutorial_dag to None, run_after=None
[2024-03-28T15:30:11.682+0000] {processor.py:176} INFO - Processing /home/airflow/.local/lib/python3.7/site-packages/airflow/example_dags/tutorial_dag.py took 5.385 seconds
[2024-03-28T15:35:06.794+0000] {processor.py:154} INFO - Started process (PID=89) to work on /home/airflow/.local/lib/python3.7/site-packages/airflow/example_dags/tutorial_dag.py
[2024-03-28T15:35:06.800+0000] {processor.py:756} INFO - Processing file /home/airflow/.local/lib/python3.7/site-packages/airflow/example_dags/tutorial_dag.py for tasks to queue
[2024-03-28T15:35:06.804+0000] {logging_mixin.py:120} INFO - [2024-03-28T15:35:06.803+0000] {dagbag.py:537} INFO - Filling up the DagBag from /home/airflow/.local/lib/python3.7/site-packages/airflow/example_dags/tutorial_dag.py
[2024-03-28T15:35:07.141+0000] {processor.py:766} INFO - DAG(s) dict_keys(['tutorial_dag']) retrieved from /home/airflow/.local/lib/python3.7/site-packages/airflow/example_dags/tutorial_dag.py
[2024-03-28T15:35:08.729+0000] {logging_mixin.py:120} INFO - [2024-03-28T15:35:08.729+0000] {dag.py:2585} INFO - Sync 1 DAGs
[2024-03-28T15:35:08.863+0000] {logging_mixin.py:120} INFO - [2024-03-28T15:35:08.863+0000] {dag.py:3340} INFO - Setting next_dagrun for tutorial_dag to None, run_after=None
[2024-03-28T15:35:09.011+0000] {processor.py:176} INFO - Processing /home/airflow/.local/lib/python3.7/site-packages/airflow/example_dags/tutorial_dag.py took 2.250 seconds
[2024-03-28T15:39:23.919+0000] {processor.py:154} INFO - Started process (PID=155) to work on /home/airflow/.local/lib/python3.7/site-packages/airflow/example_dags/tutorial_dag.py
[2024-03-28T15:39:23.921+0000] {processor.py:756} INFO - Processing file /home/airflow/.local/lib/python3.7/site-packages/airflow/example_dags/tutorial_dag.py for tasks to queue
[2024-03-28T15:39:23.923+0000] {logging_mixin.py:120} INFO - [2024-03-28T15:39:23.923+0000] {dagbag.py:537} INFO - Filling up the DagBag from /home/airflow/.local/lib/python3.7/site-packages/airflow/example_dags/tutorial_dag.py
[2024-03-28T15:39:24.064+0000] {processor.py:766} INFO - DAG(s) dict_keys(['tutorial_dag']) retrieved from /home/airflow/.local/lib/python3.7/site-packages/airflow/example_dags/tutorial_dag.py
[2024-03-28T15:39:25.157+0000] {logging_mixin.py:120} INFO - [2024-03-28T15:39:25.152+0000] {dag.py:2585} INFO - Sync 1 DAGs
[2024-03-28T15:39:25.355+0000] {logging_mixin.py:120} INFO - [2024-03-28T15:39:25.352+0000] {dag.py:3340} INFO - Setting next_dagrun for tutorial_dag to None, run_after=None
[2024-03-28T15:39:25.515+0000] {processor.py:176} INFO - Processing /home/airflow/.local/lib/python3.7/site-packages/airflow/example_dags/tutorial_dag.py took 1.622 seconds
[2024-03-28T15:42:03.923+0000] {processor.py:154} INFO - Started process (PID=86) to work on /home/airflow/.local/lib/python3.7/site-packages/airflow/example_dags/tutorial_dag.py
[2024-03-28T15:42:03.927+0000] {processor.py:756} INFO - Processing file /home/airflow/.local/lib/python3.7/site-packages/airflow/example_dags/tutorial_dag.py for tasks to queue
[2024-03-28T15:42:03.928+0000] {logging_mixin.py:120} INFO - [2024-03-28T15:42:03.928+0000] {dagbag.py:537} INFO - Filling up the DagBag from /home/airflow/.local/lib/python3.7/site-packages/airflow/example_dags/tutorial_dag.py
[2024-03-28T15:42:04.047+0000] {processor.py:766} INFO - DAG(s) dict_keys(['tutorial_dag']) retrieved from /home/airflow/.local/lib/python3.7/site-packages/airflow/example_dags/tutorial_dag.py
[2024-03-28T15:42:04.375+0000] {logging_mixin.py:120} INFO - [2024-03-28T15:42:04.371+0000] {dag.py:2585} INFO - Sync 1 DAGs
[2024-03-28T15:42:04.519+0000] {logging_mixin.py:120} INFO - [2024-03-28T15:42:04.517+0000] {dag.py:3340} INFO - Setting next_dagrun for tutorial_dag to None, run_after=None
[2024-03-28T15:42:06.764+0000] {processor.py:176} INFO - Processing /home/airflow/.local/lib/python3.7/site-packages/airflow/example_dags/tutorial_dag.py took 2.846 seconds
[2024-03-28T15:42:54.864+0000] {processor.py:154} INFO - Started process (PID=46) to work on /home/airflow/.local/lib/python3.7/site-packages/airflow/example_dags/tutorial_dag.py
[2024-03-28T15:42:54.866+0000] {processor.py:756} INFO - Processing file /home/airflow/.local/lib/python3.7/site-packages/airflow/example_dags/tutorial_dag.py for tasks to queue
[2024-03-28T15:42:54.867+0000] {logging_mixin.py:120} INFO - [2024-03-28T15:42:54.867+0000] {dagbag.py:537} INFO - Filling up the DagBag from /home/airflow/.local/lib/python3.7/site-packages/airflow/example_dags/tutorial_dag.py
[2024-03-28T15:42:54.881+0000] {processor.py:766} INFO - DAG(s) dict_keys(['tutorial_dag']) retrieved from /home/airflow/.local/lib/python3.7/site-packages/airflow/example_dags/tutorial_dag.py
[2024-03-28T15:42:54.918+0000] {logging_mixin.py:120} INFO - [2024-03-28T15:42:54.918+0000] {dag.py:2585} INFO - Sync 1 DAGs
[2024-03-28T15:42:54.961+0000] {logging_mixin.py:120} INFO - [2024-03-28T15:42:54.960+0000] {dag.py:3340} INFO - Setting next_dagrun for tutorial_dag to None, run_after=None
[2024-03-28T15:42:54.981+0000] {processor.py:176} INFO - Processing /home/airflow/.local/lib/python3.7/site-packages/airflow/example_dags/tutorial_dag.py took 0.119 seconds
[2024-03-28T15:44:00.157+0000] {processor.py:154} INFO - Started process (PID=118) to work on /home/airflow/.local/lib/python3.7/site-packages/airflow/example_dags/tutorial_dag.py
[2024-03-28T15:44:00.292+0000] {processor.py:756} INFO - Processing file /home/airflow/.local/lib/python3.7/site-packages/airflow/example_dags/tutorial_dag.py for tasks to queue
[2024-03-28T15:44:00.298+0000] {logging_mixin.py:120} INFO - [2024-03-28T15:44:00.298+0000] {dagbag.py:537} INFO - Filling up the DagBag from /home/airflow/.local/lib/python3.7/site-packages/airflow/example_dags/tutorial_dag.py
[2024-03-28T15:44:00.416+0000] {processor.py:766} INFO - DAG(s) dict_keys(['tutorial_dag']) retrieved from /home/airflow/.local/lib/python3.7/site-packages/airflow/example_dags/tutorial_dag.py
[2024-03-28T15:44:00.864+0000] {logging_mixin.py:120} INFO - [2024-03-28T15:44:00.858+0000] {dag.py:2585} INFO - Sync 1 DAGs
[2024-03-28T15:44:00.993+0000] {logging_mixin.py:120} INFO - [2024-03-28T15:44:00.988+0000] {dag.py:3340} INFO - Setting next_dagrun for tutorial_dag to None, run_after=None
[2024-03-28T15:44:01.772+0000] {processor.py:176} INFO - Processing /home/airflow/.local/lib/python3.7/site-packages/airflow/example_dags/tutorial_dag.py took 1.633 seconds
[2024-03-28T15:45:19.748+0000] {processor.py:154} INFO - Started process (PID=64) to work on /home/airflow/.local/lib/python3.7/site-packages/airflow/example_dags/tutorial_dag.py
[2024-03-28T15:45:19.749+0000] {processor.py:756} INFO - Processing file /home/airflow/.local/lib/python3.7/site-packages/airflow/example_dags/tutorial_dag.py for tasks to queue
[2024-03-28T15:45:19.750+0000] {logging_mixin.py:120} INFO - [2024-03-28T15:45:19.750+0000] {dagbag.py:537} INFO - Filling up the DagBag from /home/airflow/.local/lib/python3.7/site-packages/airflow/example_dags/tutorial_dag.py
[2024-03-28T15:45:19.762+0000] {processor.py:766} INFO - DAG(s) dict_keys(['tutorial_dag']) retrieved from /home/airflow/.local/lib/python3.7/site-packages/airflow/example_dags/tutorial_dag.py
[2024-03-28T15:45:19.876+0000] {logging_mixin.py:120} INFO - [2024-03-28T15:45:19.875+0000] {dag.py:2585} INFO - Sync 1 DAGs
[2024-03-28T15:45:19.915+0000] {logging_mixin.py:120} INFO - [2024-03-28T15:45:19.915+0000] {dag.py:3340} INFO - Setting next_dagrun for tutorial_dag to None, run_after=None
[2024-03-28T15:45:19.932+0000] {processor.py:176} INFO - Processing /home/airflow/.local/lib/python3.7/site-packages/airflow/example_dags/tutorial_dag.py took 0.186 seconds
[2024-03-28T15:46:36.576+0000] {processor.py:154} INFO - Started process (PID=142) to work on /home/airflow/.local/lib/python3.7/site-packages/airflow/example_dags/tutorial_dag.py
[2024-03-28T15:46:36.578+0000] {processor.py:756} INFO - Processing file /home/airflow/.local/lib/python3.7/site-packages/airflow/example_dags/tutorial_dag.py for tasks to queue
[2024-03-28T15:46:36.580+0000] {logging_mixin.py:120} INFO - [2024-03-28T15:46:36.579+0000] {dagbag.py:537} INFO - Filling up the DagBag from /home/airflow/.local/lib/python3.7/site-packages/airflow/example_dags/tutorial_dag.py
[2024-03-28T15:46:36.685+0000] {processor.py:766} INFO - DAG(s) dict_keys(['tutorial_dag']) retrieved from /home/airflow/.local/lib/python3.7/site-packages/airflow/example_dags/tutorial_dag.py
[2024-03-28T15:46:38.494+0000] {logging_mixin.py:120} INFO - [2024-03-28T15:46:38.493+0000] {dag.py:2585} INFO - Sync 1 DAGs
[2024-03-28T15:46:38.612+0000] {logging_mixin.py:120} INFO - [2024-03-28T15:46:38.610+0000] {dag.py:3340} INFO - Setting next_dagrun for tutorial_dag to None, run_after=None
[2024-03-28T15:46:38.810+0000] {processor.py:176} INFO - Processing /home/airflow/.local/lib/python3.7/site-packages/airflow/example_dags/tutorial_dag.py took 2.241 seconds
[2024-03-28T15:50:23.179+0000] {processor.py:154} INFO - Started process (PID=90) to work on /home/airflow/.local/lib/python3.7/site-packages/airflow/example_dags/tutorial_dag.py
[2024-03-28T15:50:23.187+0000] {processor.py:756} INFO - Processing file /home/airflow/.local/lib/python3.7/site-packages/airflow/example_dags/tutorial_dag.py for tasks to queue
[2024-03-28T15:50:23.203+0000] {logging_mixin.py:120} INFO - [2024-03-28T15:50:23.196+0000] {dagbag.py:537} INFO - Filling up the DagBag from /home/airflow/.local/lib/python3.7/site-packages/airflow/example_dags/tutorial_dag.py
[2024-03-28T15:50:23.707+0000] {processor.py:766} INFO - DAG(s) dict_keys(['tutorial_dag']) retrieved from /home/airflow/.local/lib/python3.7/site-packages/airflow/example_dags/tutorial_dag.py
[2024-03-28T15:50:24.282+0000] {logging_mixin.py:120} INFO - [2024-03-28T15:50:24.276+0000] {dag.py:2585} INFO - Sync 1 DAGs
[2024-03-28T15:50:24.466+0000] {logging_mixin.py:120} INFO - [2024-03-28T15:50:24.462+0000] {dag.py:3340} INFO - Setting next_dagrun for tutorial_dag to None, run_after=None
[2024-03-28T15:50:24.791+0000] {processor.py:176} INFO - Processing /home/airflow/.local/lib/python3.7/site-packages/airflow/example_dags/tutorial_dag.py took 1.622 seconds
[2024-03-28T15:53:44.760+0000] {processor.py:154} INFO - Started process (PID=72) to work on /home/airflow/.local/lib/python3.7/site-packages/airflow/example_dags/tutorial_dag.py
[2024-03-28T15:53:44.763+0000] {processor.py:756} INFO - Processing file /home/airflow/.local/lib/python3.7/site-packages/airflow/example_dags/tutorial_dag.py for tasks to queue
[2024-03-28T15:53:44.766+0000] {logging_mixin.py:120} INFO - [2024-03-28T15:53:44.765+0000] {dagbag.py:537} INFO - Filling up the DagBag from /home/airflow/.local/lib/python3.7/site-packages/airflow/example_dags/tutorial_dag.py
[2024-03-28T15:53:44.915+0000] {processor.py:766} INFO - DAG(s) dict_keys(['tutorial_dag']) retrieved from /home/airflow/.local/lib/python3.7/site-packages/airflow/example_dags/tutorial_dag.py
[2024-03-28T15:53:50.335+0000] {logging_mixin.py:120} INFO - [2024-03-28T15:53:50.330+0000] {dag.py:2585} INFO - Sync 1 DAGs
[2024-03-28T15:53:50.863+0000] {logging_mixin.py:120} INFO - [2024-03-28T15:53:50.854+0000] {dag.py:3340} INFO - Setting next_dagrun for tutorial_dag to None, run_after=None
[2024-03-28T15:53:51.018+0000] {processor.py:176} INFO - Processing /home/airflow/.local/lib/python3.7/site-packages/airflow/example_dags/tutorial_dag.py took 6.526 seconds
[2024-03-28T15:54:38.561+0000] {processor.py:154} INFO - Started process (PID=136) to work on /home/airflow/.local/lib/python3.7/site-packages/airflow/example_dags/tutorial_dag.py
[2024-03-28T15:54:38.563+0000] {processor.py:756} INFO - Processing file /home/airflow/.local/lib/python3.7/site-packages/airflow/example_dags/tutorial_dag.py for tasks to queue
[2024-03-28T15:54:38.565+0000] {logging_mixin.py:120} INFO - [2024-03-28T15:54:38.565+0000] {dagbag.py:537} INFO - Filling up the DagBag from /home/airflow/.local/lib/python3.7/site-packages/airflow/example_dags/tutorial_dag.py
[2024-03-28T15:54:38.753+0000] {processor.py:766} INFO - DAG(s) dict_keys(['tutorial_dag']) retrieved from /home/airflow/.local/lib/python3.7/site-packages/airflow/example_dags/tutorial_dag.py
[2024-03-28T15:54:49.476+0000] {logging_mixin.py:120} INFO - [2024-03-28T15:54:49.473+0000] {dag.py:2585} INFO - Sync 1 DAGs
[2024-03-28T15:54:50.045+0000] {logging_mixin.py:120} INFO - [2024-03-28T15:54:50.045+0000] {dag.py:3340} INFO - Setting next_dagrun for tutorial_dag to None, run_after=None
[2024-03-28T15:54:50.079+0000] {processor.py:176} INFO - Processing /home/airflow/.local/lib/python3.7/site-packages/airflow/example_dags/tutorial_dag.py took 11.526 seconds
[2024-03-28T15:58:11.232+0000] {processor.py:154} INFO - Started process (PID=97) to work on /home/airflow/.local/lib/python3.7/site-packages/airflow/example_dags/tutorial_dag.py
[2024-03-28T15:58:11.233+0000] {processor.py:756} INFO - Processing file /home/airflow/.local/lib/python3.7/site-packages/airflow/example_dags/tutorial_dag.py for tasks to queue
[2024-03-28T15:58:11.235+0000] {logging_mixin.py:120} INFO - [2024-03-28T15:58:11.235+0000] {dagbag.py:537} INFO - Filling up the DagBag from /home/airflow/.local/lib/python3.7/site-packages/airflow/example_dags/tutorial_dag.py
[2024-03-28T15:58:11.332+0000] {processor.py:766} INFO - DAG(s) dict_keys(['tutorial_dag']) retrieved from /home/airflow/.local/lib/python3.7/site-packages/airflow/example_dags/tutorial_dag.py
[2024-03-28T15:58:12.358+0000] {logging_mixin.py:120} INFO - [2024-03-28T15:58:12.354+0000] {dag.py:2585} INFO - Sync 1 DAGs
[2024-03-28T15:58:12.838+0000] {logging_mixin.py:120} INFO - [2024-03-28T15:58:12.836+0000] {dag.py:3340} INFO - Setting next_dagrun for tutorial_dag to None, run_after=None
[2024-03-28T15:58:13.112+0000] {processor.py:176} INFO - Processing /home/airflow/.local/lib/python3.7/site-packages/airflow/example_dags/tutorial_dag.py took 1.883 seconds
