[2024-03-28T15:22:49.942+0000] {taskinstance.py:1165} INFO - Dependencies all met for <TaskInstance: example_subdag_operator.section-1 scheduled__2022-01-01T00:00:00+00:00 [queued]>
[2024-03-28T15:22:50.051+0000] {taskinstance.py:1165} INFO - Dependencies all met for <TaskInstance: example_subdag_operator.section-1 scheduled__2022-01-01T00:00:00+00:00 [queued]>
[2024-03-28T15:22:50.052+0000] {taskinstance.py:1362} INFO - 
--------------------------------------------------------------------------------
[2024-03-28T15:22:50.052+0000] {taskinstance.py:1363} INFO - Starting attempt 1 of 3
[2024-03-28T15:22:50.053+0000] {taskinstance.py:1364} INFO - 
--------------------------------------------------------------------------------
[2024-03-28T15:22:50.173+0000] {taskinstance.py:1383} INFO - Executing <Task(SubDagOperator): section-1> on 2022-01-01 00:00:00+00:00
[2024-03-28T15:22:50.205+0000] {standard_task_runner.py:55} INFO - Started process 128 to run task
[2024-03-28T15:22:50.218+0000] {standard_task_runner.py:82} INFO - Running: ['***', 'tasks', 'run', 'example_subdag_operator', 'section-1', 'scheduled__2022-01-01T00:00:00+00:00', '--job-id', '63', '--raw', '--subdir', '/home/***/.local/lib/python3.7/site-packages/***/example_dags/example_subdag_operator.py', '--cfg-path', '/tmp/tmpfgrl5g0m']
[2024-03-28T15:22:50.221+0000] {standard_task_runner.py:83} INFO - Job 63: Subtask section-1
[2024-03-28T15:22:51.513+0000] {task_command.py:376} INFO - Running <TaskInstance: example_subdag_operator.section-1 scheduled__2022-01-01T00:00:00+00:00 [running]> on host 1186947611cb
[2024-03-28T15:22:51.748+0000] {taskinstance.py:1592} INFO - Exporting the following env vars:
AIRFLOW_CTX_DAG_OWNER=***
AIRFLOW_CTX_DAG_ID=example_subdag_operator
AIRFLOW_CTX_TASK_ID=section-1
AIRFLOW_CTX_EXECUTION_DATE=2022-01-01T00:00:00+00:00
AIRFLOW_CTX_TRY_NUMBER=1
AIRFLOW_CTX_DAG_RUN_ID=scheduled__2022-01-01T00:00:00+00:00
[2024-03-28T15:22:51.755+0000] {warnings.py:110} WARNING - /home/***/.local/lib/python3.7/site-packages/***/utils/context.py:204: AirflowContextDeprecationWarning: Accessing 'execution_date' from the template is deprecated and will be removed in a future version. Please use 'data_interval_start' or 'logical_date' instead.
  warnings.warn(_create_deprecation_warning(key, self._deprecation_replacements[key]))

[2024-03-28T15:22:51.856+0000] {subdag.py:171} INFO - Created DagRun: scheduled__2022-01-01T00:00:00+00:00
