[2024-03-27T19:09:50.759+0000] {processor.py:154} INFO - Started process (PID=67) to work on /home/airflow/.local/lib/python3.7/site-packages/airflow/example_dags/example_latest_only_with_trigger.py
[2024-03-27T19:09:50.762+0000] {processor.py:756} INFO - Processing file /home/airflow/.local/lib/python3.7/site-packages/airflow/example_dags/example_latest_only_with_trigger.py for tasks to queue
[2024-03-27T19:09:50.763+0000] {logging_mixin.py:120} INFO - [2024-03-27T19:09:50.763+0000] {dagbag.py:537} INFO - Filling up the DagBag from /home/airflow/.local/lib/python3.7/site-packages/airflow/example_dags/example_latest_only_with_trigger.py
[2024-03-27T19:09:50.786+0000] {processor.py:766} INFO - DAG(s) dict_keys(['latest_only_with_trigger']) retrieved from /home/airflow/.local/lib/python3.7/site-packages/airflow/example_dags/example_latest_only_with_trigger.py
[2024-03-27T19:09:50.834+0000] {logging_mixin.py:120} INFO - [2024-03-27T19:09:50.834+0000] {dag.py:2585} INFO - Sync 1 DAGs
[2024-03-27T19:09:50.858+0000] {logging_mixin.py:120} INFO - [2024-03-27T19:09:50.858+0000] {dag.py:3340} INFO - Setting next_dagrun for latest_only_with_trigger to 2024-03-27T15:09:50.857792+00:00, run_after=2024-03-27T19:09:50.857792+00:00
[2024-03-27T19:09:50.907+0000] {processor.py:176} INFO - Processing /home/airflow/.local/lib/python3.7/site-packages/airflow/example_dags/example_latest_only_with_trigger.py took 0.153 seconds
[2024-03-27T19:10:21.282+0000] {processor.py:154} INFO - Started process (PID=134) to work on /home/airflow/.local/lib/python3.7/site-packages/airflow/example_dags/example_latest_only_with_trigger.py
[2024-03-27T19:10:21.283+0000] {processor.py:756} INFO - Processing file /home/airflow/.local/lib/python3.7/site-packages/airflow/example_dags/example_latest_only_with_trigger.py for tasks to queue
[2024-03-27T19:10:21.284+0000] {logging_mixin.py:120} INFO - [2024-03-27T19:10:21.284+0000] {dagbag.py:537} INFO - Filling up the DagBag from /home/airflow/.local/lib/python3.7/site-packages/airflow/example_dags/example_latest_only_with_trigger.py
[2024-03-27T19:10:21.293+0000] {processor.py:766} INFO - DAG(s) dict_keys(['latest_only_with_trigger']) retrieved from /home/airflow/.local/lib/python3.7/site-packages/airflow/example_dags/example_latest_only_with_trigger.py
[2024-03-27T19:10:21.320+0000] {logging_mixin.py:120} INFO - [2024-03-27T19:10:21.320+0000] {dag.py:2585} INFO - Sync 1 DAGs
[2024-03-27T19:10:21.337+0000] {logging_mixin.py:120} INFO - [2024-03-27T19:10:21.336+0000] {dag.py:3340} INFO - Setting next_dagrun for latest_only_with_trigger to 2024-03-27T15:10:21.336688+00:00, run_after=2024-03-27T19:10:21.336688+00:00
[2024-03-27T19:10:21.348+0000] {processor.py:176} INFO - Processing /home/airflow/.local/lib/python3.7/site-packages/airflow/example_dags/example_latest_only_with_trigger.py took 0.068 seconds
[2024-03-27T19:10:44.227+0000] {processor.py:154} INFO - Started process (PID=58) to work on /home/airflow/.local/lib/python3.7/site-packages/airflow/example_dags/example_latest_only_with_trigger.py
[2024-03-27T19:10:44.233+0000] {processor.py:756} INFO - Processing file /home/airflow/.local/lib/python3.7/site-packages/airflow/example_dags/example_latest_only_with_trigger.py for tasks to queue
[2024-03-27T19:10:44.234+0000] {logging_mixin.py:120} INFO - [2024-03-27T19:10:44.234+0000] {dagbag.py:537} INFO - Filling up the DagBag from /home/airflow/.local/lib/python3.7/site-packages/airflow/example_dags/example_latest_only_with_trigger.py
[2024-03-27T19:10:44.296+0000] {processor.py:766} INFO - DAG(s) dict_keys(['latest_only_with_trigger']) retrieved from /home/airflow/.local/lib/python3.7/site-packages/airflow/example_dags/example_latest_only_with_trigger.py
[2024-03-27T19:10:44.979+0000] {logging_mixin.py:120} INFO - [2024-03-27T19:10:44.978+0000] {dag.py:2585} INFO - Sync 1 DAGs
[2024-03-27T19:10:45.109+0000] {logging_mixin.py:120} INFO - [2024-03-27T19:10:45.108+0000] {dag.py:3340} INFO - Setting next_dagrun for latest_only_with_trigger to 2024-03-27T15:10:45.105132+00:00, run_after=2024-03-27T19:10:45.105132+00:00
[2024-03-27T19:10:45.167+0000] {processor.py:176} INFO - Processing /home/airflow/.local/lib/python3.7/site-packages/airflow/example_dags/example_latest_only_with_trigger.py took 0.964 seconds
[2024-03-27T19:11:15.843+0000] {processor.py:154} INFO - Started process (PID=116) to work on /home/airflow/.local/lib/python3.7/site-packages/airflow/example_dags/example_latest_only_with_trigger.py
[2024-03-27T19:11:15.845+0000] {processor.py:756} INFO - Processing file /home/airflow/.local/lib/python3.7/site-packages/airflow/example_dags/example_latest_only_with_trigger.py for tasks to queue
[2024-03-27T19:11:15.845+0000] {logging_mixin.py:120} INFO - [2024-03-27T19:11:15.845+0000] {dagbag.py:537} INFO - Filling up the DagBag from /home/airflow/.local/lib/python3.7/site-packages/airflow/example_dags/example_latest_only_with_trigger.py
[2024-03-27T19:11:15.893+0000] {processor.py:766} INFO - DAG(s) dict_keys(['latest_only_with_trigger']) retrieved from /home/airflow/.local/lib/python3.7/site-packages/airflow/example_dags/example_latest_only_with_trigger.py
[2024-03-27T19:11:15.977+0000] {logging_mixin.py:120} INFO - [2024-03-27T19:11:15.976+0000] {dag.py:2585} INFO - Sync 1 DAGs
[2024-03-27T19:11:16.025+0000] {logging_mixin.py:120} INFO - [2024-03-27T19:11:16.024+0000] {dag.py:3340} INFO - Setting next_dagrun for latest_only_with_trigger to 2024-03-27T15:11:16.024688+00:00, run_after=2024-03-27T19:11:16.024688+00:00
[2024-03-27T19:11:16.048+0000] {processor.py:176} INFO - Processing /home/airflow/.local/lib/python3.7/site-packages/airflow/example_dags/example_latest_only_with_trigger.py took 0.207 seconds
[2024-03-27T19:11:48.077+0000] {processor.py:154} INFO - Started process (PID=169) to work on /home/airflow/.local/lib/python3.7/site-packages/airflow/example_dags/example_latest_only_with_trigger.py
[2024-03-27T19:11:48.080+0000] {processor.py:756} INFO - Processing file /home/airflow/.local/lib/python3.7/site-packages/airflow/example_dags/example_latest_only_with_trigger.py for tasks to queue
[2024-03-27T19:11:48.080+0000] {logging_mixin.py:120} INFO - [2024-03-27T19:11:48.080+0000] {dagbag.py:537} INFO - Filling up the DagBag from /home/airflow/.local/lib/python3.7/site-packages/airflow/example_dags/example_latest_only_with_trigger.py
[2024-03-27T19:11:48.099+0000] {processor.py:766} INFO - DAG(s) dict_keys(['latest_only_with_trigger']) retrieved from /home/airflow/.local/lib/python3.7/site-packages/airflow/example_dags/example_latest_only_with_trigger.py
[2024-03-27T19:11:48.159+0000] {logging_mixin.py:120} INFO - [2024-03-27T19:11:48.159+0000] {dag.py:2585} INFO - Sync 1 DAGs
[2024-03-27T19:11:48.239+0000] {logging_mixin.py:120} INFO - [2024-03-27T19:11:48.239+0000] {dag.py:3340} INFO - Setting next_dagrun for latest_only_with_trigger to 2024-03-27T15:11:48.239060+00:00, run_after=2024-03-27T19:11:48.239060+00:00
[2024-03-27T19:11:48.264+0000] {processor.py:176} INFO - Processing /home/airflow/.local/lib/python3.7/site-packages/airflow/example_dags/example_latest_only_with_trigger.py took 0.189 seconds
[2024-03-27T19:12:21.360+0000] {processor.py:154} INFO - Started process (PID=68) to work on /home/airflow/.local/lib/python3.7/site-packages/airflow/example_dags/example_latest_only_with_trigger.py
[2024-03-27T19:12:21.361+0000] {processor.py:756} INFO - Processing file /home/airflow/.local/lib/python3.7/site-packages/airflow/example_dags/example_latest_only_with_trigger.py for tasks to queue
[2024-03-27T19:12:21.362+0000] {logging_mixin.py:120} INFO - [2024-03-27T19:12:21.362+0000] {dagbag.py:537} INFO - Filling up the DagBag from /home/airflow/.local/lib/python3.7/site-packages/airflow/example_dags/example_latest_only_with_trigger.py
[2024-03-27T19:12:21.385+0000] {processor.py:766} INFO - DAG(s) dict_keys(['latest_only_with_trigger']) retrieved from /home/airflow/.local/lib/python3.7/site-packages/airflow/example_dags/example_latest_only_with_trigger.py
[2024-03-27T19:12:21.423+0000] {logging_mixin.py:120} INFO - [2024-03-27T19:12:21.423+0000] {dag.py:2585} INFO - Sync 1 DAGs
[2024-03-27T19:12:21.437+0000] {logging_mixin.py:120} INFO - [2024-03-27T19:12:21.437+0000] {dag.py:3340} INFO - Setting next_dagrun for latest_only_with_trigger to 2024-03-27T15:12:21.437525+00:00, run_after=2024-03-27T19:12:21.437525+00:00
[2024-03-27T19:12:21.451+0000] {processor.py:176} INFO - Processing /home/airflow/.local/lib/python3.7/site-packages/airflow/example_dags/example_latest_only_with_trigger.py took 0.095 seconds
[2024-03-27T19:12:52.308+0000] {processor.py:154} INFO - Started process (PID=118) to work on /home/airflow/.local/lib/python3.7/site-packages/airflow/example_dags/example_latest_only_with_trigger.py
[2024-03-27T19:12:52.309+0000] {processor.py:756} INFO - Processing file /home/airflow/.local/lib/python3.7/site-packages/airflow/example_dags/example_latest_only_with_trigger.py for tasks to queue
[2024-03-27T19:12:52.310+0000] {logging_mixin.py:120} INFO - [2024-03-27T19:12:52.310+0000] {dagbag.py:537} INFO - Filling up the DagBag from /home/airflow/.local/lib/python3.7/site-packages/airflow/example_dags/example_latest_only_with_trigger.py
[2024-03-27T19:12:52.322+0000] {processor.py:766} INFO - DAG(s) dict_keys(['latest_only_with_trigger']) retrieved from /home/airflow/.local/lib/python3.7/site-packages/airflow/example_dags/example_latest_only_with_trigger.py
[2024-03-27T19:12:52.349+0000] {logging_mixin.py:120} INFO - [2024-03-27T19:12:52.349+0000] {dag.py:2585} INFO - Sync 1 DAGs
[2024-03-27T19:12:52.368+0000] {logging_mixin.py:120} INFO - [2024-03-27T19:12:52.368+0000] {dag.py:3340} INFO - Setting next_dagrun for latest_only_with_trigger to 2024-03-27T15:12:52.368646+00:00, run_after=2024-03-27T19:12:52.368646+00:00
[2024-03-27T19:12:52.379+0000] {processor.py:176} INFO - Processing /home/airflow/.local/lib/python3.7/site-packages/airflow/example_dags/example_latest_only_with_trigger.py took 0.073 seconds
[2024-03-27T19:13:32.429+0000] {processor.py:154} INFO - Started process (PID=179) to work on /home/airflow/.local/lib/python3.7/site-packages/airflow/example_dags/example_latest_only_with_trigger.py
[2024-03-27T19:13:32.431+0000] {processor.py:756} INFO - Processing file /home/airflow/.local/lib/python3.7/site-packages/airflow/example_dags/example_latest_only_with_trigger.py for tasks to queue
[2024-03-27T19:13:32.432+0000] {logging_mixin.py:120} INFO - [2024-03-27T19:13:32.432+0000] {dagbag.py:537} INFO - Filling up the DagBag from /home/airflow/.local/lib/python3.7/site-packages/airflow/example_dags/example_latest_only_with_trigger.py
[2024-03-27T19:13:32.456+0000] {processor.py:766} INFO - DAG(s) dict_keys(['latest_only_with_trigger']) retrieved from /home/airflow/.local/lib/python3.7/site-packages/airflow/example_dags/example_latest_only_with_trigger.py
[2024-03-27T19:13:32.512+0000] {logging_mixin.py:120} INFO - [2024-03-27T19:13:32.512+0000] {dag.py:2585} INFO - Sync 1 DAGs
[2024-03-27T19:13:32.535+0000] {logging_mixin.py:120} INFO - [2024-03-27T19:13:32.535+0000] {dag.py:3340} INFO - Setting next_dagrun for latest_only_with_trigger to 2024-03-27T15:13:32.535570+00:00, run_after=2024-03-27T19:13:32.535570+00:00
[2024-03-27T19:13:32.559+0000] {processor.py:176} INFO - Processing /home/airflow/.local/lib/python3.7/site-packages/airflow/example_dags/example_latest_only_with_trigger.py took 0.137 seconds
[2024-03-27T19:13:56.992+0000] {processor.py:154} INFO - Started process (PID=67) to work on /home/airflow/.local/lib/python3.7/site-packages/airflow/example_dags/example_latest_only_with_trigger.py
[2024-03-27T19:13:56.993+0000] {processor.py:756} INFO - Processing file /home/airflow/.local/lib/python3.7/site-packages/airflow/example_dags/example_latest_only_with_trigger.py for tasks to queue
[2024-03-27T19:13:56.993+0000] {logging_mixin.py:120} INFO - [2024-03-27T19:13:56.993+0000] {dagbag.py:537} INFO - Filling up the DagBag from /home/airflow/.local/lib/python3.7/site-packages/airflow/example_dags/example_latest_only_with_trigger.py
[2024-03-27T19:13:57.006+0000] {processor.py:766} INFO - DAG(s) dict_keys(['latest_only_with_trigger']) retrieved from /home/airflow/.local/lib/python3.7/site-packages/airflow/example_dags/example_latest_only_with_trigger.py
[2024-03-27T19:13:57.031+0000] {logging_mixin.py:120} INFO - [2024-03-27T19:13:57.031+0000] {dag.py:2585} INFO - Sync 1 DAGs
[2024-03-27T19:13:57.046+0000] {logging_mixin.py:120} INFO - [2024-03-27T19:13:57.046+0000] {dag.py:3340} INFO - Setting next_dagrun for latest_only_with_trigger to 2024-03-27T15:13:57.046053+00:00, run_after=2024-03-27T19:13:57.046053+00:00
[2024-03-27T19:13:57.057+0000] {processor.py:176} INFO - Processing /home/airflow/.local/lib/python3.7/site-packages/airflow/example_dags/example_latest_only_with_trigger.py took 0.067 seconds
[2024-03-27T19:14:49.265+0000] {processor.py:154} INFO - Started process (PID=126) to work on /home/airflow/.local/lib/python3.7/site-packages/airflow/example_dags/example_latest_only_with_trigger.py
[2024-03-27T19:14:49.267+0000] {processor.py:756} INFO - Processing file /home/airflow/.local/lib/python3.7/site-packages/airflow/example_dags/example_latest_only_with_trigger.py for tasks to queue
[2024-03-27T19:14:49.274+0000] {logging_mixin.py:120} INFO - [2024-03-27T19:14:49.274+0000] {dagbag.py:537} INFO - Filling up the DagBag from /home/airflow/.local/lib/python3.7/site-packages/airflow/example_dags/example_latest_only_with_trigger.py
[2024-03-27T19:14:49.308+0000] {processor.py:766} INFO - DAG(s) dict_keys(['latest_only_with_trigger']) retrieved from /home/airflow/.local/lib/python3.7/site-packages/airflow/example_dags/example_latest_only_with_trigger.py
[2024-03-27T19:14:49.362+0000] {logging_mixin.py:120} INFO - [2024-03-27T19:14:49.362+0000] {dag.py:2585} INFO - Sync 1 DAGs
[2024-03-27T19:14:49.388+0000] {logging_mixin.py:120} INFO - [2024-03-27T19:14:49.388+0000] {dag.py:3340} INFO - Setting next_dagrun for latest_only_with_trigger to 2024-03-27T15:14:49.388449+00:00, run_after=2024-03-27T19:14:49.388449+00:00
[2024-03-27T19:14:49.413+0000] {processor.py:176} INFO - Processing /home/airflow/.local/lib/python3.7/site-packages/airflow/example_dags/example_latest_only_with_trigger.py took 0.154 seconds
[2024-03-27T19:15:21.826+0000] {processor.py:154} INFO - Started process (PID=67) to work on /home/airflow/.local/lib/python3.7/site-packages/airflow/example_dags/example_latest_only_with_trigger.py
[2024-03-27T19:15:21.827+0000] {processor.py:756} INFO - Processing file /home/airflow/.local/lib/python3.7/site-packages/airflow/example_dags/example_latest_only_with_trigger.py for tasks to queue
[2024-03-27T19:15:21.827+0000] {logging_mixin.py:120} INFO - [2024-03-27T19:15:21.827+0000] {dagbag.py:537} INFO - Filling up the DagBag from /home/airflow/.local/lib/python3.7/site-packages/airflow/example_dags/example_latest_only_with_trigger.py
[2024-03-27T19:15:21.841+0000] {processor.py:766} INFO - DAG(s) dict_keys(['latest_only_with_trigger']) retrieved from /home/airflow/.local/lib/python3.7/site-packages/airflow/example_dags/example_latest_only_with_trigger.py
[2024-03-27T19:15:21.867+0000] {logging_mixin.py:120} INFO - [2024-03-27T19:15:21.866+0000] {dag.py:2585} INFO - Sync 1 DAGs
[2024-03-27T19:15:21.909+0000] {logging_mixin.py:120} INFO - [2024-03-27T19:15:21.908+0000] {dag.py:3340} INFO - Setting next_dagrun for latest_only_with_trigger to 2024-03-27T15:15:21.908002+00:00, run_after=2024-03-27T19:15:21.908002+00:00
[2024-03-27T19:15:21.929+0000] {processor.py:176} INFO - Processing /home/airflow/.local/lib/python3.7/site-packages/airflow/example_dags/example_latest_only_with_trigger.py took 0.105 seconds
[2024-03-27T19:15:54.463+0000] {processor.py:154} INFO - Started process (PID=126) to work on /home/airflow/.local/lib/python3.7/site-packages/airflow/example_dags/example_latest_only_with_trigger.py
[2024-03-27T19:15:54.466+0000] {processor.py:756} INFO - Processing file /home/airflow/.local/lib/python3.7/site-packages/airflow/example_dags/example_latest_only_with_trigger.py for tasks to queue
[2024-03-27T19:15:54.467+0000] {logging_mixin.py:120} INFO - [2024-03-27T19:15:54.467+0000] {dagbag.py:537} INFO - Filling up the DagBag from /home/airflow/.local/lib/python3.7/site-packages/airflow/example_dags/example_latest_only_with_trigger.py
[2024-03-27T19:15:54.507+0000] {processor.py:766} INFO - DAG(s) dict_keys(['latest_only_with_trigger']) retrieved from /home/airflow/.local/lib/python3.7/site-packages/airflow/example_dags/example_latest_only_with_trigger.py
[2024-03-27T19:15:54.593+0000] {logging_mixin.py:120} INFO - [2024-03-27T19:15:54.593+0000] {dag.py:2585} INFO - Sync 1 DAGs
[2024-03-27T19:15:54.632+0000] {logging_mixin.py:120} INFO - [2024-03-27T19:15:54.632+0000] {dag.py:3340} INFO - Setting next_dagrun for latest_only_with_trigger to 2024-03-27T15:15:54.632315+00:00, run_after=2024-03-27T19:15:54.632315+00:00
[2024-03-27T19:15:54.646+0000] {processor.py:176} INFO - Processing /home/airflow/.local/lib/python3.7/site-packages/airflow/example_dags/example_latest_only_with_trigger.py took 0.194 seconds
[2024-03-27T19:16:26.030+0000] {processor.py:154} INFO - Started process (PID=185) to work on /home/airflow/.local/lib/python3.7/site-packages/airflow/example_dags/example_latest_only_with_trigger.py
[2024-03-27T19:16:26.032+0000] {processor.py:756} INFO - Processing file /home/airflow/.local/lib/python3.7/site-packages/airflow/example_dags/example_latest_only_with_trigger.py for tasks to queue
[2024-03-27T19:16:26.034+0000] {logging_mixin.py:120} INFO - [2024-03-27T19:16:26.034+0000] {dagbag.py:537} INFO - Filling up the DagBag from /home/airflow/.local/lib/python3.7/site-packages/airflow/example_dags/example_latest_only_with_trigger.py
[2024-03-27T19:16:26.067+0000] {processor.py:766} INFO - DAG(s) dict_keys(['latest_only_with_trigger']) retrieved from /home/airflow/.local/lib/python3.7/site-packages/airflow/example_dags/example_latest_only_with_trigger.py
[2024-03-27T19:16:26.213+0000] {logging_mixin.py:120} INFO - [2024-03-27T19:16:26.213+0000] {dag.py:2585} INFO - Sync 1 DAGs
[2024-03-27T19:16:26.279+0000] {logging_mixin.py:120} INFO - [2024-03-27T19:16:26.279+0000] {dag.py:3340} INFO - Setting next_dagrun for latest_only_with_trigger to 2024-03-27T15:16:26.279000+00:00, run_after=2024-03-27T19:16:26.279000+00:00
[2024-03-27T19:16:26.323+0000] {processor.py:176} INFO - Processing /home/airflow/.local/lib/python3.7/site-packages/airflow/example_dags/example_latest_only_with_trigger.py took 0.300 seconds
[2024-03-27T19:16:50.828+0000] {processor.py:154} INFO - Started process (PID=66) to work on /home/airflow/.local/lib/python3.7/site-packages/airflow/example_dags/example_latest_only_with_trigger.py
[2024-03-27T19:16:50.829+0000] {processor.py:756} INFO - Processing file /home/airflow/.local/lib/python3.7/site-packages/airflow/example_dags/example_latest_only_with_trigger.py for tasks to queue
[2024-03-27T19:16:50.830+0000] {logging_mixin.py:120} INFO - [2024-03-27T19:16:50.830+0000] {dagbag.py:537} INFO - Filling up the DagBag from /home/airflow/.local/lib/python3.7/site-packages/airflow/example_dags/example_latest_only_with_trigger.py
[2024-03-27T19:16:50.840+0000] {processor.py:766} INFO - DAG(s) dict_keys(['latest_only_with_trigger']) retrieved from /home/airflow/.local/lib/python3.7/site-packages/airflow/example_dags/example_latest_only_with_trigger.py
[2024-03-27T19:16:50.868+0000] {logging_mixin.py:120} INFO - [2024-03-27T19:16:50.868+0000] {dag.py:2585} INFO - Sync 1 DAGs
[2024-03-27T19:16:50.888+0000] {logging_mixin.py:120} INFO - [2024-03-27T19:16:50.888+0000] {dag.py:3340} INFO - Setting next_dagrun for latest_only_with_trigger to 2024-03-27T15:16:50.887956+00:00, run_after=2024-03-27T19:16:50.887956+00:00
[2024-03-27T19:16:50.901+0000] {processor.py:176} INFO - Processing /home/airflow/.local/lib/python3.7/site-packages/airflow/example_dags/example_latest_only_with_trigger.py took 0.076 seconds
[2024-03-27T19:17:28.264+0000] {processor.py:154} INFO - Started process (PID=124) to work on /home/airflow/.local/lib/python3.7/site-packages/airflow/example_dags/example_latest_only_with_trigger.py
[2024-03-27T19:17:28.269+0000] {processor.py:756} INFO - Processing file /home/airflow/.local/lib/python3.7/site-packages/airflow/example_dags/example_latest_only_with_trigger.py for tasks to queue
[2024-03-27T19:17:28.271+0000] {logging_mixin.py:120} INFO - [2024-03-27T19:17:28.271+0000] {dagbag.py:537} INFO - Filling up the DagBag from /home/airflow/.local/lib/python3.7/site-packages/airflow/example_dags/example_latest_only_with_trigger.py
[2024-03-27T19:17:28.319+0000] {processor.py:766} INFO - DAG(s) dict_keys(['latest_only_with_trigger']) retrieved from /home/airflow/.local/lib/python3.7/site-packages/airflow/example_dags/example_latest_only_with_trigger.py
[2024-03-27T19:17:28.460+0000] {logging_mixin.py:120} INFO - [2024-03-27T19:17:28.460+0000] {dag.py:2585} INFO - Sync 1 DAGs
[2024-03-27T19:17:28.512+0000] {logging_mixin.py:120} INFO - [2024-03-27T19:17:28.511+0000] {dag.py:3340} INFO - Setting next_dagrun for latest_only_with_trigger to 2024-03-27T15:17:28.511571+00:00, run_after=2024-03-27T19:17:28.511571+00:00
[2024-03-27T19:17:28.562+0000] {processor.py:176} INFO - Processing /home/airflow/.local/lib/python3.7/site-packages/airflow/example_dags/example_latest_only_with_trigger.py took 0.309 seconds
[2024-03-27T19:18:20.120+0000] {processor.py:154} INFO - Started process (PID=67) to work on /home/airflow/.local/lib/python3.7/site-packages/airflow/example_dags/example_latest_only_with_trigger.py
[2024-03-27T19:18:20.123+0000] {processor.py:756} INFO - Processing file /home/airflow/.local/lib/python3.7/site-packages/airflow/example_dags/example_latest_only_with_trigger.py for tasks to queue
[2024-03-27T19:18:20.124+0000] {logging_mixin.py:120} INFO - [2024-03-27T19:18:20.124+0000] {dagbag.py:537} INFO - Filling up the DagBag from /home/airflow/.local/lib/python3.7/site-packages/airflow/example_dags/example_latest_only_with_trigger.py
[2024-03-27T19:18:20.138+0000] {processor.py:766} INFO - DAG(s) dict_keys(['latest_only_with_trigger']) retrieved from /home/airflow/.local/lib/python3.7/site-packages/airflow/example_dags/example_latest_only_with_trigger.py
[2024-03-27T19:18:20.178+0000] {logging_mixin.py:120} INFO - [2024-03-27T19:18:20.178+0000] {dag.py:2585} INFO - Sync 1 DAGs
[2024-03-27T19:18:20.200+0000] {logging_mixin.py:120} INFO - [2024-03-27T19:18:20.199+0000] {dag.py:3340} INFO - Setting next_dagrun for latest_only_with_trigger to 2024-03-27T15:18:20.199786+00:00, run_after=2024-03-27T19:18:20.199786+00:00
[2024-03-27T19:18:20.217+0000] {processor.py:176} INFO - Processing /home/airflow/.local/lib/python3.7/site-packages/airflow/example_dags/example_latest_only_with_trigger.py took 0.099 seconds
[2024-03-27T19:18:51.251+0000] {processor.py:154} INFO - Started process (PID=125) to work on /home/airflow/.local/lib/python3.7/site-packages/airflow/example_dags/example_latest_only_with_trigger.py
[2024-03-27T19:18:51.253+0000] {processor.py:756} INFO - Processing file /home/airflow/.local/lib/python3.7/site-packages/airflow/example_dags/example_latest_only_with_trigger.py for tasks to queue
[2024-03-27T19:18:51.253+0000] {logging_mixin.py:120} INFO - [2024-03-27T19:18:51.253+0000] {dagbag.py:537} INFO - Filling up the DagBag from /home/airflow/.local/lib/python3.7/site-packages/airflow/example_dags/example_latest_only_with_trigger.py
[2024-03-27T19:18:51.266+0000] {processor.py:766} INFO - DAG(s) dict_keys(['latest_only_with_trigger']) retrieved from /home/airflow/.local/lib/python3.7/site-packages/airflow/example_dags/example_latest_only_with_trigger.py
[2024-03-27T19:18:51.293+0000] {logging_mixin.py:120} INFO - [2024-03-27T19:18:51.292+0000] {dag.py:2585} INFO - Sync 1 DAGs
[2024-03-27T19:18:51.307+0000] {logging_mixin.py:120} INFO - [2024-03-27T19:18:51.307+0000] {dag.py:3340} INFO - Setting next_dagrun for latest_only_with_trigger to 2024-03-27T15:18:51.307180+00:00, run_after=2024-03-27T19:18:51.307180+00:00
[2024-03-27T19:18:51.321+0000] {processor.py:176} INFO - Processing /home/airflow/.local/lib/python3.7/site-packages/airflow/example_dags/example_latest_only_with_trigger.py took 0.072 seconds
[2024-03-27T19:19:41.372+0000] {processor.py:154} INFO - Started process (PID=67) to work on /home/airflow/.local/lib/python3.7/site-packages/airflow/example_dags/example_latest_only_with_trigger.py
[2024-03-27T19:19:41.373+0000] {processor.py:756} INFO - Processing file /home/airflow/.local/lib/python3.7/site-packages/airflow/example_dags/example_latest_only_with_trigger.py for tasks to queue
[2024-03-27T19:19:41.374+0000] {logging_mixin.py:120} INFO - [2024-03-27T19:19:41.374+0000] {dagbag.py:537} INFO - Filling up the DagBag from /home/airflow/.local/lib/python3.7/site-packages/airflow/example_dags/example_latest_only_with_trigger.py
[2024-03-27T19:19:41.385+0000] {processor.py:766} INFO - DAG(s) dict_keys(['latest_only_with_trigger']) retrieved from /home/airflow/.local/lib/python3.7/site-packages/airflow/example_dags/example_latest_only_with_trigger.py
[2024-03-27T19:19:41.408+0000] {logging_mixin.py:120} INFO - [2024-03-27T19:19:41.408+0000] {dag.py:2585} INFO - Sync 1 DAGs
[2024-03-27T19:19:41.426+0000] {logging_mixin.py:120} INFO - [2024-03-27T19:19:41.426+0000] {dag.py:3340} INFO - Setting next_dagrun for latest_only_with_trigger to 2024-03-27T15:19:41.426324+00:00, run_after=2024-03-27T19:19:41.426324+00:00
[2024-03-27T19:19:41.446+0000] {processor.py:176} INFO - Processing /home/airflow/.local/lib/python3.7/site-packages/airflow/example_dags/example_latest_only_with_trigger.py took 0.076 seconds
[2024-03-27T19:20:22.341+0000] {processor.py:154} INFO - Started process (PID=126) to work on /home/airflow/.local/lib/python3.7/site-packages/airflow/example_dags/example_latest_only_with_trigger.py
[2024-03-27T19:20:22.342+0000] {processor.py:756} INFO - Processing file /home/airflow/.local/lib/python3.7/site-packages/airflow/example_dags/example_latest_only_with_trigger.py for tasks to queue
[2024-03-27T19:20:22.343+0000] {logging_mixin.py:120} INFO - [2024-03-27T19:20:22.343+0000] {dagbag.py:537} INFO - Filling up the DagBag from /home/airflow/.local/lib/python3.7/site-packages/airflow/example_dags/example_latest_only_with_trigger.py
[2024-03-27T19:20:22.377+0000] {processor.py:766} INFO - DAG(s) dict_keys(['latest_only_with_trigger']) retrieved from /home/airflow/.local/lib/python3.7/site-packages/airflow/example_dags/example_latest_only_with_trigger.py
[2024-03-27T19:20:22.440+0000] {logging_mixin.py:120} INFO - [2024-03-27T19:20:22.440+0000] {dag.py:2585} INFO - Sync 1 DAGs
[2024-03-27T19:20:22.491+0000] {logging_mixin.py:120} INFO - [2024-03-27T19:20:22.491+0000] {dag.py:3340} INFO - Setting next_dagrun for latest_only_with_trigger to 2024-03-27T15:20:22.491244+00:00, run_after=2024-03-27T19:20:22.491244+00:00
[2024-03-27T19:20:22.521+0000] {processor.py:176} INFO - Processing /home/airflow/.local/lib/python3.7/site-packages/airflow/example_dags/example_latest_only_with_trigger.py took 0.190 seconds
[2024-03-27T19:21:23.829+0000] {processor.py:154} INFO - Started process (PID=66) to work on /home/airflow/.local/lib/python3.7/site-packages/airflow/example_dags/example_latest_only_with_trigger.py
[2024-03-27T19:21:23.830+0000] {processor.py:756} INFO - Processing file /home/airflow/.local/lib/python3.7/site-packages/airflow/example_dags/example_latest_only_with_trigger.py for tasks to queue
[2024-03-27T19:21:23.831+0000] {logging_mixin.py:120} INFO - [2024-03-27T19:21:23.830+0000] {dagbag.py:537} INFO - Filling up the DagBag from /home/airflow/.local/lib/python3.7/site-packages/airflow/example_dags/example_latest_only_with_trigger.py
[2024-03-27T19:21:23.841+0000] {processor.py:766} INFO - DAG(s) dict_keys(['latest_only_with_trigger']) retrieved from /home/airflow/.local/lib/python3.7/site-packages/airflow/example_dags/example_latest_only_with_trigger.py
[2024-03-27T19:21:23.865+0000] {logging_mixin.py:120} INFO - [2024-03-27T19:21:23.865+0000] {dag.py:2585} INFO - Sync 1 DAGs
[2024-03-27T19:21:23.881+0000] {logging_mixin.py:120} INFO - [2024-03-27T19:21:23.881+0000] {dag.py:3340} INFO - Setting next_dagrun for latest_only_with_trigger to 2024-03-27T15:21:23.881486+00:00, run_after=2024-03-27T19:21:23.881486+00:00
[2024-03-27T19:21:23.894+0000] {processor.py:176} INFO - Processing /home/airflow/.local/lib/python3.7/site-packages/airflow/example_dags/example_latest_only_with_trigger.py took 0.067 seconds
[2024-03-27T19:21:54.409+0000] {processor.py:154} INFO - Started process (PID=116) to work on /home/airflow/.local/lib/python3.7/site-packages/airflow/example_dags/example_latest_only_with_trigger.py
[2024-03-27T19:21:54.411+0000] {processor.py:756} INFO - Processing file /home/airflow/.local/lib/python3.7/site-packages/airflow/example_dags/example_latest_only_with_trigger.py for tasks to queue
[2024-03-27T19:21:54.411+0000] {logging_mixin.py:120} INFO - [2024-03-27T19:21:54.411+0000] {dagbag.py:537} INFO - Filling up the DagBag from /home/airflow/.local/lib/python3.7/site-packages/airflow/example_dags/example_latest_only_with_trigger.py
[2024-03-27T19:21:54.424+0000] {processor.py:766} INFO - DAG(s) dict_keys(['latest_only_with_trigger']) retrieved from /home/airflow/.local/lib/python3.7/site-packages/airflow/example_dags/example_latest_only_with_trigger.py
[2024-03-27T19:21:54.455+0000] {logging_mixin.py:120} INFO - [2024-03-27T19:21:54.455+0000] {dag.py:2585} INFO - Sync 1 DAGs
[2024-03-27T19:21:54.473+0000] {logging_mixin.py:120} INFO - [2024-03-27T19:21:54.473+0000] {dag.py:3340} INFO - Setting next_dagrun for latest_only_with_trigger to 2024-03-27T15:21:54.473243+00:00, run_after=2024-03-27T19:21:54.473243+00:00
[2024-03-27T19:21:54.485+0000] {processor.py:176} INFO - Processing /home/airflow/.local/lib/python3.7/site-packages/airflow/example_dags/example_latest_only_with_trigger.py took 0.078 seconds
[2024-03-27T19:22:31.106+0000] {processor.py:154} INFO - Started process (PID=57) to work on /home/airflow/.local/lib/python3.7/site-packages/airflow/example_dags/example_latest_only_with_trigger.py
[2024-03-27T19:22:31.106+0000] {processor.py:756} INFO - Processing file /home/airflow/.local/lib/python3.7/site-packages/airflow/example_dags/example_latest_only_with_trigger.py for tasks to queue
[2024-03-27T19:22:31.107+0000] {logging_mixin.py:120} INFO - [2024-03-27T19:22:31.107+0000] {dagbag.py:537} INFO - Filling up the DagBag from /home/airflow/.local/lib/python3.7/site-packages/airflow/example_dags/example_latest_only_with_trigger.py
[2024-03-27T19:22:31.118+0000] {processor.py:766} INFO - DAG(s) dict_keys(['latest_only_with_trigger']) retrieved from /home/airflow/.local/lib/python3.7/site-packages/airflow/example_dags/example_latest_only_with_trigger.py
[2024-03-27T19:22:31.143+0000] {logging_mixin.py:120} INFO - [2024-03-27T19:22:31.143+0000] {dag.py:2585} INFO - Sync 1 DAGs
[2024-03-27T19:22:31.156+0000] {logging_mixin.py:120} INFO - [2024-03-27T19:22:31.156+0000] {dag.py:3340} INFO - Setting next_dagrun for latest_only_with_trigger to 2024-03-27T15:22:31.156658+00:00, run_after=2024-03-27T19:22:31.156658+00:00
[2024-03-27T19:22:31.170+0000] {processor.py:176} INFO - Processing /home/airflow/.local/lib/python3.7/site-packages/airflow/example_dags/example_latest_only_with_trigger.py took 0.066 seconds
[2024-03-27T19:23:01.595+0000] {processor.py:154} INFO - Started process (PID=125) to work on /home/airflow/.local/lib/python3.7/site-packages/airflow/example_dags/example_latest_only_with_trigger.py
[2024-03-27T19:23:01.596+0000] {processor.py:756} INFO - Processing file /home/airflow/.local/lib/python3.7/site-packages/airflow/example_dags/example_latest_only_with_trigger.py for tasks to queue
[2024-03-27T19:23:01.597+0000] {logging_mixin.py:120} INFO - [2024-03-27T19:23:01.597+0000] {dagbag.py:537} INFO - Filling up the DagBag from /home/airflow/.local/lib/python3.7/site-packages/airflow/example_dags/example_latest_only_with_trigger.py
[2024-03-27T19:23:01.607+0000] {processor.py:766} INFO - DAG(s) dict_keys(['latest_only_with_trigger']) retrieved from /home/airflow/.local/lib/python3.7/site-packages/airflow/example_dags/example_latest_only_with_trigger.py
[2024-03-27T19:23:01.627+0000] {logging_mixin.py:120} INFO - [2024-03-27T19:23:01.627+0000] {dag.py:2585} INFO - Sync 1 DAGs
[2024-03-27T19:23:01.641+0000] {logging_mixin.py:120} INFO - [2024-03-27T19:23:01.641+0000] {dag.py:3340} INFO - Setting next_dagrun for latest_only_with_trigger to 2024-03-27T15:23:01.641641+00:00, run_after=2024-03-27T19:23:01.641641+00:00
[2024-03-27T19:23:01.651+0000] {processor.py:176} INFO - Processing /home/airflow/.local/lib/python3.7/site-packages/airflow/example_dags/example_latest_only_with_trigger.py took 0.057 seconds
[2024-03-27T19:24:28.341+0000] {processor.py:154} INFO - Started process (PID=184) to work on /home/airflow/.local/lib/python3.7/site-packages/airflow/example_dags/example_latest_only_with_trigger.py
[2024-03-27T19:24:28.342+0000] {processor.py:756} INFO - Processing file /home/airflow/.local/lib/python3.7/site-packages/airflow/example_dags/example_latest_only_with_trigger.py for tasks to queue
[2024-03-27T19:24:28.343+0000] {logging_mixin.py:120} INFO - [2024-03-27T19:24:28.342+0000] {dagbag.py:537} INFO - Filling up the DagBag from /home/airflow/.local/lib/python3.7/site-packages/airflow/example_dags/example_latest_only_with_trigger.py
[2024-03-27T19:24:28.351+0000] {processor.py:766} INFO - DAG(s) dict_keys(['latest_only_with_trigger']) retrieved from /home/airflow/.local/lib/python3.7/site-packages/airflow/example_dags/example_latest_only_with_trigger.py
[2024-03-27T19:24:28.375+0000] {logging_mixin.py:120} INFO - [2024-03-27T19:24:28.375+0000] {dag.py:2585} INFO - Sync 1 DAGs
[2024-03-27T19:24:28.389+0000] {logging_mixin.py:120} INFO - [2024-03-27T19:24:28.389+0000] {dag.py:3340} INFO - Setting next_dagrun for latest_only_with_trigger to 2024-03-27T15:24:28.389086+00:00, run_after=2024-03-27T19:24:28.389086+00:00
[2024-03-27T19:24:28.399+0000] {processor.py:176} INFO - Processing /home/airflow/.local/lib/python3.7/site-packages/airflow/example_dags/example_latest_only_with_trigger.py took 0.060 seconds
[2024-03-27T19:24:54.308+0000] {processor.py:154} INFO - Started process (PID=57) to work on /home/airflow/.local/lib/python3.7/site-packages/airflow/example_dags/example_latest_only_with_trigger.py
[2024-03-27T19:24:54.308+0000] {processor.py:756} INFO - Processing file /home/airflow/.local/lib/python3.7/site-packages/airflow/example_dags/example_latest_only_with_trigger.py for tasks to queue
[2024-03-27T19:24:54.309+0000] {logging_mixin.py:120} INFO - [2024-03-27T19:24:54.309+0000] {dagbag.py:537} INFO - Filling up the DagBag from /home/airflow/.local/lib/python3.7/site-packages/airflow/example_dags/example_latest_only_with_trigger.py
[2024-03-27T19:24:54.319+0000] {processor.py:766} INFO - DAG(s) dict_keys(['latest_only_with_trigger']) retrieved from /home/airflow/.local/lib/python3.7/site-packages/airflow/example_dags/example_latest_only_with_trigger.py
[2024-03-27T19:24:54.374+0000] {logging_mixin.py:120} INFO - [2024-03-27T19:24:54.374+0000] {dag.py:2585} INFO - Sync 1 DAGs
[2024-03-27T19:24:54.400+0000] {logging_mixin.py:120} INFO - [2024-03-27T19:24:54.399+0000] {dag.py:3340} INFO - Setting next_dagrun for latest_only_with_trigger to 2024-03-27T15:24:54.399711+00:00, run_after=2024-03-27T19:24:54.399711+00:00
[2024-03-27T19:24:54.420+0000] {processor.py:176} INFO - Processing /home/airflow/.local/lib/python3.7/site-packages/airflow/example_dags/example_latest_only_with_trigger.py took 0.115 seconds
[2024-03-27T19:25:24.769+0000] {processor.py:154} INFO - Started process (PID=124) to work on /home/airflow/.local/lib/python3.7/site-packages/airflow/example_dags/example_latest_only_with_trigger.py
[2024-03-27T19:25:24.769+0000] {processor.py:756} INFO - Processing file /home/airflow/.local/lib/python3.7/site-packages/airflow/example_dags/example_latest_only_with_trigger.py for tasks to queue
[2024-03-27T19:25:24.770+0000] {logging_mixin.py:120} INFO - [2024-03-27T19:25:24.770+0000] {dagbag.py:537} INFO - Filling up the DagBag from /home/airflow/.local/lib/python3.7/site-packages/airflow/example_dags/example_latest_only_with_trigger.py
[2024-03-27T19:25:24.777+0000] {processor.py:766} INFO - DAG(s) dict_keys(['latest_only_with_trigger']) retrieved from /home/airflow/.local/lib/python3.7/site-packages/airflow/example_dags/example_latest_only_with_trigger.py
[2024-03-27T19:25:24.798+0000] {logging_mixin.py:120} INFO - [2024-03-27T19:25:24.797+0000] {dag.py:2585} INFO - Sync 1 DAGs
[2024-03-27T19:25:24.811+0000] {logging_mixin.py:120} INFO - [2024-03-27T19:25:24.811+0000] {dag.py:3340} INFO - Setting next_dagrun for latest_only_with_trigger to 2024-03-27T15:25:24.811503+00:00, run_after=2024-03-27T19:25:24.811503+00:00
[2024-03-27T19:25:24.820+0000] {processor.py:176} INFO - Processing /home/airflow/.local/lib/python3.7/site-packages/airflow/example_dags/example_latest_only_with_trigger.py took 0.053 seconds
[2024-03-27T19:25:55.322+0000] {processor.py:154} INFO - Started process (PID=193) to work on /home/airflow/.local/lib/python3.7/site-packages/airflow/example_dags/example_latest_only_with_trigger.py
[2024-03-27T19:25:55.323+0000] {processor.py:756} INFO - Processing file /home/airflow/.local/lib/python3.7/site-packages/airflow/example_dags/example_latest_only_with_trigger.py for tasks to queue
[2024-03-27T19:25:55.323+0000] {logging_mixin.py:120} INFO - [2024-03-27T19:25:55.323+0000] {dagbag.py:537} INFO - Filling up the DagBag from /home/airflow/.local/lib/python3.7/site-packages/airflow/example_dags/example_latest_only_with_trigger.py
[2024-03-27T19:25:55.331+0000] {processor.py:766} INFO - DAG(s) dict_keys(['latest_only_with_trigger']) retrieved from /home/airflow/.local/lib/python3.7/site-packages/airflow/example_dags/example_latest_only_with_trigger.py
[2024-03-27T19:25:55.351+0000] {logging_mixin.py:120} INFO - [2024-03-27T19:25:55.351+0000] {dag.py:2585} INFO - Sync 1 DAGs
[2024-03-27T19:25:55.362+0000] {logging_mixin.py:120} INFO - [2024-03-27T19:25:55.362+0000] {dag.py:3340} INFO - Setting next_dagrun for latest_only_with_trigger to 2024-03-27T15:25:55.362767+00:00, run_after=2024-03-27T19:25:55.362767+00:00
[2024-03-27T19:25:55.372+0000] {processor.py:176} INFO - Processing /home/airflow/.local/lib/python3.7/site-packages/airflow/example_dags/example_latest_only_with_trigger.py took 0.051 seconds
[2024-03-27T19:26:25.638+0000] {processor.py:154} INFO - Started process (PID=252) to work on /home/airflow/.local/lib/python3.7/site-packages/airflow/example_dags/example_latest_only_with_trigger.py
[2024-03-27T19:26:25.639+0000] {processor.py:756} INFO - Processing file /home/airflow/.local/lib/python3.7/site-packages/airflow/example_dags/example_latest_only_with_trigger.py for tasks to queue
[2024-03-27T19:26:25.641+0000] {logging_mixin.py:120} INFO - [2024-03-27T19:26:25.641+0000] {dagbag.py:537} INFO - Filling up the DagBag from /home/airflow/.local/lib/python3.7/site-packages/airflow/example_dags/example_latest_only_with_trigger.py
[2024-03-27T19:26:25.649+0000] {processor.py:766} INFO - DAG(s) dict_keys(['latest_only_with_trigger']) retrieved from /home/airflow/.local/lib/python3.7/site-packages/airflow/example_dags/example_latest_only_with_trigger.py
[2024-03-27T19:26:25.674+0000] {logging_mixin.py:120} INFO - [2024-03-27T19:26:25.674+0000] {dag.py:2585} INFO - Sync 1 DAGs
[2024-03-27T19:26:25.688+0000] {logging_mixin.py:120} INFO - [2024-03-27T19:26:25.688+0000] {dag.py:3340} INFO - Setting next_dagrun for latest_only_with_trigger to 2024-03-27T15:26:25.688348+00:00, run_after=2024-03-27T19:26:25.688348+00:00
[2024-03-27T19:26:25.699+0000] {processor.py:176} INFO - Processing /home/airflow/.local/lib/python3.7/site-packages/airflow/example_dags/example_latest_only_with_trigger.py took 0.063 seconds
[2024-03-27T19:26:57.254+0000] {processor.py:154} INFO - Started process (PID=58) to work on /home/airflow/.local/lib/python3.7/site-packages/airflow/example_dags/example_latest_only_with_trigger.py
[2024-03-27T19:26:57.255+0000] {processor.py:756} INFO - Processing file /home/airflow/.local/lib/python3.7/site-packages/airflow/example_dags/example_latest_only_with_trigger.py for tasks to queue
[2024-03-27T19:26:57.256+0000] {logging_mixin.py:120} INFO - [2024-03-27T19:26:57.256+0000] {dagbag.py:537} INFO - Filling up the DagBag from /home/airflow/.local/lib/python3.7/site-packages/airflow/example_dags/example_latest_only_with_trigger.py
[2024-03-27T19:26:57.265+0000] {processor.py:766} INFO - DAG(s) dict_keys(['latest_only_with_trigger']) retrieved from /home/airflow/.local/lib/python3.7/site-packages/airflow/example_dags/example_latest_only_with_trigger.py
[2024-03-27T19:26:57.283+0000] {logging_mixin.py:120} INFO - [2024-03-27T19:26:57.283+0000] {dag.py:2585} INFO - Sync 1 DAGs
[2024-03-27T19:26:57.295+0000] {logging_mixin.py:120} INFO - [2024-03-27T19:26:57.295+0000] {dag.py:3340} INFO - Setting next_dagrun for latest_only_with_trigger to 2024-03-27T15:26:57.295603+00:00, run_after=2024-03-27T19:26:57.295603+00:00
[2024-03-27T19:26:57.305+0000] {processor.py:176} INFO - Processing /home/airflow/.local/lib/python3.7/site-packages/airflow/example_dags/example_latest_only_with_trigger.py took 0.053 seconds
[2024-03-27T19:27:27.536+0000] {processor.py:154} INFO - Started process (PID=125) to work on /home/airflow/.local/lib/python3.7/site-packages/airflow/example_dags/example_latest_only_with_trigger.py
[2024-03-27T19:27:27.537+0000] {processor.py:756} INFO - Processing file /home/airflow/.local/lib/python3.7/site-packages/airflow/example_dags/example_latest_only_with_trigger.py for tasks to queue
[2024-03-27T19:27:27.537+0000] {logging_mixin.py:120} INFO - [2024-03-27T19:27:27.537+0000] {dagbag.py:537} INFO - Filling up the DagBag from /home/airflow/.local/lib/python3.7/site-packages/airflow/example_dags/example_latest_only_with_trigger.py
[2024-03-27T19:27:27.545+0000] {processor.py:766} INFO - DAG(s) dict_keys(['latest_only_with_trigger']) retrieved from /home/airflow/.local/lib/python3.7/site-packages/airflow/example_dags/example_latest_only_with_trigger.py
[2024-03-27T19:27:27.565+0000] {logging_mixin.py:120} INFO - [2024-03-27T19:27:27.565+0000] {dag.py:2585} INFO - Sync 1 DAGs
[2024-03-27T19:27:27.578+0000] {logging_mixin.py:120} INFO - [2024-03-27T19:27:27.578+0000] {dag.py:3340} INFO - Setting next_dagrun for latest_only_with_trigger to 2024-03-27T15:27:27.578440+00:00, run_after=2024-03-27T19:27:27.578440+00:00
[2024-03-27T19:27:27.588+0000] {processor.py:176} INFO - Processing /home/airflow/.local/lib/python3.7/site-packages/airflow/example_dags/example_latest_only_with_trigger.py took 0.054 seconds
[2024-03-27T19:28:22.965+0000] {processor.py:154} INFO - Started process (PID=233) to work on /home/airflow/.local/lib/python3.7/site-packages/airflow/example_dags/example_latest_only_with_trigger.py
[2024-03-27T19:28:22.970+0000] {processor.py:756} INFO - Processing file /home/airflow/.local/lib/python3.7/site-packages/airflow/example_dags/example_latest_only_with_trigger.py for tasks to queue
[2024-03-27T19:28:22.973+0000] {logging_mixin.py:120} INFO - [2024-03-27T19:28:22.972+0000] {dagbag.py:537} INFO - Filling up the DagBag from /home/airflow/.local/lib/python3.7/site-packages/airflow/example_dags/example_latest_only_with_trigger.py
[2024-03-27T19:28:23.003+0000] {processor.py:766} INFO - DAG(s) dict_keys(['latest_only_with_trigger']) retrieved from /home/airflow/.local/lib/python3.7/site-packages/airflow/example_dags/example_latest_only_with_trigger.py
[2024-03-27T19:28:23.096+0000] {logging_mixin.py:120} INFO - [2024-03-27T19:28:23.096+0000] {dag.py:2585} INFO - Sync 1 DAGs
[2024-03-27T19:28:23.305+0000] {logging_mixin.py:120} INFO - [2024-03-27T19:28:23.304+0000] {dag.py:3340} INFO - Setting next_dagrun for latest_only_with_trigger to 2024-03-27T19:27:27.578440+00:00, run_after=2024-03-27T23:27:27.578440+00:00
[2024-03-27T19:28:23.382+0000] {processor.py:176} INFO - Processing /home/airflow/.local/lib/python3.7/site-packages/airflow/example_dags/example_latest_only_with_trigger.py took 0.435 seconds
[2024-03-27T19:28:53.434+0000] {processor.py:154} INFO - Started process (PID=293) to work on /home/airflow/.local/lib/python3.7/site-packages/airflow/example_dags/example_latest_only_with_trigger.py
[2024-03-27T19:28:53.435+0000] {processor.py:756} INFO - Processing file /home/airflow/.local/lib/python3.7/site-packages/airflow/example_dags/example_latest_only_with_trigger.py for tasks to queue
[2024-03-27T19:28:53.436+0000] {logging_mixin.py:120} INFO - [2024-03-27T19:28:53.436+0000] {dagbag.py:537} INFO - Filling up the DagBag from /home/airflow/.local/lib/python3.7/site-packages/airflow/example_dags/example_latest_only_with_trigger.py
[2024-03-27T19:28:53.452+0000] {processor.py:766} INFO - DAG(s) dict_keys(['latest_only_with_trigger']) retrieved from /home/airflow/.local/lib/python3.7/site-packages/airflow/example_dags/example_latest_only_with_trigger.py
[2024-03-27T19:28:53.500+0000] {logging_mixin.py:120} INFO - [2024-03-27T19:28:53.500+0000] {dag.py:2585} INFO - Sync 1 DAGs
[2024-03-27T19:28:53.517+0000] {logging_mixin.py:120} INFO - [2024-03-27T19:28:53.517+0000] {dag.py:3340} INFO - Setting next_dagrun for latest_only_with_trigger to 2024-03-27T19:27:27.578440+00:00, run_after=2024-03-27T23:27:27.578440+00:00
[2024-03-27T19:28:53.529+0000] {processor.py:176} INFO - Processing /home/airflow/.local/lib/python3.7/site-packages/airflow/example_dags/example_latest_only_with_trigger.py took 0.101 seconds
[2024-03-27T19:29:34.406+0000] {processor.py:154} INFO - Started process (PID=362) to work on /home/airflow/.local/lib/python3.7/site-packages/airflow/example_dags/example_latest_only_with_trigger.py
[2024-03-27T19:29:34.408+0000] {processor.py:756} INFO - Processing file /home/airflow/.local/lib/python3.7/site-packages/airflow/example_dags/example_latest_only_with_trigger.py for tasks to queue
[2024-03-27T19:29:34.410+0000] {logging_mixin.py:120} INFO - [2024-03-27T19:29:34.410+0000] {dagbag.py:537} INFO - Filling up the DagBag from /home/airflow/.local/lib/python3.7/site-packages/airflow/example_dags/example_latest_only_with_trigger.py
[2024-03-27T19:29:34.424+0000] {processor.py:766} INFO - DAG(s) dict_keys(['latest_only_with_trigger']) retrieved from /home/airflow/.local/lib/python3.7/site-packages/airflow/example_dags/example_latest_only_with_trigger.py
[2024-03-27T19:29:34.453+0000] {logging_mixin.py:120} INFO - [2024-03-27T19:29:34.453+0000] {dag.py:2585} INFO - Sync 1 DAGs
[2024-03-27T19:29:34.474+0000] {logging_mixin.py:120} INFO - [2024-03-27T19:29:34.474+0000] {dag.py:3340} INFO - Setting next_dagrun for latest_only_with_trigger to 2024-03-27T19:27:27.578440+00:00, run_after=2024-03-27T23:27:27.578440+00:00
[2024-03-27T19:29:34.495+0000] {processor.py:176} INFO - Processing /home/airflow/.local/lib/python3.7/site-packages/airflow/example_dags/example_latest_only_with_trigger.py took 0.093 seconds
[2024-03-27T19:30:11.310+0000] {processor.py:154} INFO - Started process (PID=417) to work on /home/airflow/.local/lib/python3.7/site-packages/airflow/example_dags/example_latest_only_with_trigger.py
[2024-03-27T19:30:11.312+0000] {processor.py:756} INFO - Processing file /home/airflow/.local/lib/python3.7/site-packages/airflow/example_dags/example_latest_only_with_trigger.py for tasks to queue
[2024-03-27T19:30:11.314+0000] {logging_mixin.py:120} INFO - [2024-03-27T19:30:11.314+0000] {dagbag.py:537} INFO - Filling up the DagBag from /home/airflow/.local/lib/python3.7/site-packages/airflow/example_dags/example_latest_only_with_trigger.py
[2024-03-27T19:30:11.339+0000] {processor.py:766} INFO - DAG(s) dict_keys(['latest_only_with_trigger']) retrieved from /home/airflow/.local/lib/python3.7/site-packages/airflow/example_dags/example_latest_only_with_trigger.py
[2024-03-27T19:30:11.369+0000] {logging_mixin.py:120} INFO - [2024-03-27T19:30:11.369+0000] {dag.py:2585} INFO - Sync 1 DAGs
[2024-03-27T19:30:11.387+0000] {logging_mixin.py:120} INFO - [2024-03-27T19:30:11.387+0000] {dag.py:3340} INFO - Setting next_dagrun for latest_only_with_trigger to 2024-03-27T19:27:27.578440+00:00, run_after=2024-03-27T23:27:27.578440+00:00
[2024-03-27T19:30:11.464+0000] {processor.py:176} INFO - Processing /home/airflow/.local/lib/python3.7/site-packages/airflow/example_dags/example_latest_only_with_trigger.py took 0.156 seconds
[2024-03-27T19:30:55.148+0000] {processor.py:154} INFO - Started process (PID=467) to work on /home/airflow/.local/lib/python3.7/site-packages/airflow/example_dags/example_latest_only_with_trigger.py
[2024-03-27T19:30:55.149+0000] {processor.py:756} INFO - Processing file /home/airflow/.local/lib/python3.7/site-packages/airflow/example_dags/example_latest_only_with_trigger.py for tasks to queue
[2024-03-27T19:30:55.150+0000] {logging_mixin.py:120} INFO - [2024-03-27T19:30:55.150+0000] {dagbag.py:537} INFO - Filling up the DagBag from /home/airflow/.local/lib/python3.7/site-packages/airflow/example_dags/example_latest_only_with_trigger.py
[2024-03-27T19:30:55.174+0000] {processor.py:766} INFO - DAG(s) dict_keys(['latest_only_with_trigger']) retrieved from /home/airflow/.local/lib/python3.7/site-packages/airflow/example_dags/example_latest_only_with_trigger.py
[2024-03-27T19:30:55.213+0000] {logging_mixin.py:120} INFO - [2024-03-27T19:30:55.212+0000] {dag.py:2585} INFO - Sync 1 DAGs
[2024-03-27T19:30:55.240+0000] {logging_mixin.py:120} INFO - [2024-03-27T19:30:55.240+0000] {dag.py:3340} INFO - Setting next_dagrun for latest_only_with_trigger to 2024-03-27T19:27:27.578440+00:00, run_after=2024-03-27T23:27:27.578440+00:00
[2024-03-27T19:30:55.266+0000] {processor.py:176} INFO - Processing /home/airflow/.local/lib/python3.7/site-packages/airflow/example_dags/example_latest_only_with_trigger.py took 0.122 seconds
[2024-03-27T19:31:25.439+0000] {processor.py:154} INFO - Started process (PID=519) to work on /home/airflow/.local/lib/python3.7/site-packages/airflow/example_dags/example_latest_only_with_trigger.py
[2024-03-27T19:31:25.439+0000] {processor.py:756} INFO - Processing file /home/airflow/.local/lib/python3.7/site-packages/airflow/example_dags/example_latest_only_with_trigger.py for tasks to queue
[2024-03-27T19:31:25.440+0000] {logging_mixin.py:120} INFO - [2024-03-27T19:31:25.440+0000] {dagbag.py:537} INFO - Filling up the DagBag from /home/airflow/.local/lib/python3.7/site-packages/airflow/example_dags/example_latest_only_with_trigger.py
[2024-03-27T19:31:25.450+0000] {processor.py:766} INFO - DAG(s) dict_keys(['latest_only_with_trigger']) retrieved from /home/airflow/.local/lib/python3.7/site-packages/airflow/example_dags/example_latest_only_with_trigger.py
[2024-03-27T19:31:25.476+0000] {logging_mixin.py:120} INFO - [2024-03-27T19:31:25.476+0000] {dag.py:2585} INFO - Sync 1 DAGs
[2024-03-27T19:31:25.493+0000] {logging_mixin.py:120} INFO - [2024-03-27T19:31:25.493+0000] {dag.py:3340} INFO - Setting next_dagrun for latest_only_with_trigger to 2024-03-27T19:27:27.578440+00:00, run_after=2024-03-27T23:27:27.578440+00:00
[2024-03-27T19:31:25.506+0000] {processor.py:176} INFO - Processing /home/airflow/.local/lib/python3.7/site-packages/airflow/example_dags/example_latest_only_with_trigger.py took 0.069 seconds
[2024-03-27T19:32:04.373+0000] {processor.py:154} INFO - Started process (PID=574) to work on /home/airflow/.local/lib/python3.7/site-packages/airflow/example_dags/example_latest_only_with_trigger.py
[2024-03-27T19:32:04.377+0000] {processor.py:756} INFO - Processing file /home/airflow/.local/lib/python3.7/site-packages/airflow/example_dags/example_latest_only_with_trigger.py for tasks to queue
[2024-03-27T19:32:04.379+0000] {logging_mixin.py:120} INFO - [2024-03-27T19:32:04.379+0000] {dagbag.py:537} INFO - Filling up the DagBag from /home/airflow/.local/lib/python3.7/site-packages/airflow/example_dags/example_latest_only_with_trigger.py
[2024-03-27T19:32:04.397+0000] {processor.py:766} INFO - DAG(s) dict_keys(['latest_only_with_trigger']) retrieved from /home/airflow/.local/lib/python3.7/site-packages/airflow/example_dags/example_latest_only_with_trigger.py
[2024-03-27T19:32:04.437+0000] {logging_mixin.py:120} INFO - [2024-03-27T19:32:04.437+0000] {dag.py:2585} INFO - Sync 1 DAGs
[2024-03-27T19:32:04.474+0000] {logging_mixin.py:120} INFO - [2024-03-27T19:32:04.474+0000] {dag.py:3340} INFO - Setting next_dagrun for latest_only_with_trigger to 2024-03-27T19:27:27.578440+00:00, run_after=2024-03-27T23:27:27.578440+00:00
[2024-03-27T19:32:04.495+0000] {processor.py:176} INFO - Processing /home/airflow/.local/lib/python3.7/site-packages/airflow/example_dags/example_latest_only_with_trigger.py took 0.126 seconds
[2024-03-27T19:32:53.073+0000] {processor.py:154} INFO - Started process (PID=629) to work on /home/airflow/.local/lib/python3.7/site-packages/airflow/example_dags/example_latest_only_with_trigger.py
[2024-03-27T19:32:53.076+0000] {processor.py:756} INFO - Processing file /home/airflow/.local/lib/python3.7/site-packages/airflow/example_dags/example_latest_only_with_trigger.py for tasks to queue
[2024-03-27T19:32:53.077+0000] {logging_mixin.py:120} INFO - [2024-03-27T19:32:53.077+0000] {dagbag.py:537} INFO - Filling up the DagBag from /home/airflow/.local/lib/python3.7/site-packages/airflow/example_dags/example_latest_only_with_trigger.py
[2024-03-27T19:32:53.092+0000] {processor.py:766} INFO - DAG(s) dict_keys(['latest_only_with_trigger']) retrieved from /home/airflow/.local/lib/python3.7/site-packages/airflow/example_dags/example_latest_only_with_trigger.py
[2024-03-27T19:32:53.122+0000] {logging_mixin.py:120} INFO - [2024-03-27T19:32:53.122+0000] {dag.py:2585} INFO - Sync 1 DAGs
[2024-03-27T19:32:53.142+0000] {logging_mixin.py:120} INFO - [2024-03-27T19:32:53.142+0000] {dag.py:3340} INFO - Setting next_dagrun for latest_only_with_trigger to 2024-03-27T19:27:27.578440+00:00, run_after=2024-03-27T23:27:27.578440+00:00
[2024-03-27T19:32:53.155+0000] {processor.py:176} INFO - Processing /home/airflow/.local/lib/python3.7/site-packages/airflow/example_dags/example_latest_only_with_trigger.py took 0.084 seconds
[2024-03-27T19:33:23.414+0000] {processor.py:154} INFO - Started process (PID=682) to work on /home/airflow/.local/lib/python3.7/site-packages/airflow/example_dags/example_latest_only_with_trigger.py
[2024-03-27T19:33:23.415+0000] {processor.py:756} INFO - Processing file /home/airflow/.local/lib/python3.7/site-packages/airflow/example_dags/example_latest_only_with_trigger.py for tasks to queue
[2024-03-27T19:33:23.415+0000] {logging_mixin.py:120} INFO - [2024-03-27T19:33:23.415+0000] {dagbag.py:537} INFO - Filling up the DagBag from /home/airflow/.local/lib/python3.7/site-packages/airflow/example_dags/example_latest_only_with_trigger.py
[2024-03-27T19:33:23.425+0000] {processor.py:766} INFO - DAG(s) dict_keys(['latest_only_with_trigger']) retrieved from /home/airflow/.local/lib/python3.7/site-packages/airflow/example_dags/example_latest_only_with_trigger.py
[2024-03-27T19:33:23.474+0000] {logging_mixin.py:120} INFO - [2024-03-27T19:33:23.473+0000] {dag.py:2585} INFO - Sync 1 DAGs
[2024-03-27T19:33:23.504+0000] {logging_mixin.py:120} INFO - [2024-03-27T19:33:23.503+0000] {dag.py:3340} INFO - Setting next_dagrun for latest_only_with_trigger to 2024-03-27T19:27:27.578440+00:00, run_after=2024-03-27T23:27:27.578440+00:00
[2024-03-27T19:33:23.518+0000] {processor.py:176} INFO - Processing /home/airflow/.local/lib/python3.7/site-packages/airflow/example_dags/example_latest_only_with_trigger.py took 0.107 seconds
[2024-03-27T19:34:12.220+0000] {processor.py:154} INFO - Started process (PID=753) to work on /home/airflow/.local/lib/python3.7/site-packages/airflow/example_dags/example_latest_only_with_trigger.py
[2024-03-27T19:34:12.221+0000] {processor.py:756} INFO - Processing file /home/airflow/.local/lib/python3.7/site-packages/airflow/example_dags/example_latest_only_with_trigger.py for tasks to queue
[2024-03-27T19:34:12.221+0000] {logging_mixin.py:120} INFO - [2024-03-27T19:34:12.221+0000] {dagbag.py:537} INFO - Filling up the DagBag from /home/airflow/.local/lib/python3.7/site-packages/airflow/example_dags/example_latest_only_with_trigger.py
[2024-03-27T19:34:12.235+0000] {processor.py:766} INFO - DAG(s) dict_keys(['latest_only_with_trigger']) retrieved from /home/airflow/.local/lib/python3.7/site-packages/airflow/example_dags/example_latest_only_with_trigger.py
[2024-03-27T19:34:12.303+0000] {logging_mixin.py:120} INFO - [2024-03-27T19:34:12.303+0000] {dag.py:2585} INFO - Sync 1 DAGs
[2024-03-27T19:34:12.359+0000] {logging_mixin.py:120} INFO - [2024-03-27T19:34:12.359+0000] {dag.py:3340} INFO - Setting next_dagrun for latest_only_with_trigger to 2024-03-27T19:27:27.578440+00:00, run_after=2024-03-27T23:27:27.578440+00:00
[2024-03-27T19:34:12.389+0000] {processor.py:176} INFO - Processing /home/airflow/.local/lib/python3.7/site-packages/airflow/example_dags/example_latest_only_with_trigger.py took 0.174 seconds
[2024-03-27T19:34:43.748+0000] {processor.py:154} INFO - Started process (PID=815) to work on /home/airflow/.local/lib/python3.7/site-packages/airflow/example_dags/example_latest_only_with_trigger.py
[2024-03-27T19:34:43.749+0000] {processor.py:756} INFO - Processing file /home/airflow/.local/lib/python3.7/site-packages/airflow/example_dags/example_latest_only_with_trigger.py for tasks to queue
[2024-03-27T19:34:43.750+0000] {logging_mixin.py:120} INFO - [2024-03-27T19:34:43.750+0000] {dagbag.py:537} INFO - Filling up the DagBag from /home/airflow/.local/lib/python3.7/site-packages/airflow/example_dags/example_latest_only_with_trigger.py
[2024-03-27T19:34:43.780+0000] {processor.py:766} INFO - DAG(s) dict_keys(['latest_only_with_trigger']) retrieved from /home/airflow/.local/lib/python3.7/site-packages/airflow/example_dags/example_latest_only_with_trigger.py
[2024-03-27T19:34:43.840+0000] {logging_mixin.py:120} INFO - [2024-03-27T19:34:43.840+0000] {dag.py:2585} INFO - Sync 1 DAGs
[2024-03-27T19:34:43.863+0000] {logging_mixin.py:120} INFO - [2024-03-27T19:34:43.863+0000] {dag.py:3340} INFO - Setting next_dagrun for latest_only_with_trigger to 2024-03-27T19:27:27.578440+00:00, run_after=2024-03-27T23:27:27.578440+00:00
[2024-03-27T19:34:43.895+0000] {processor.py:176} INFO - Processing /home/airflow/.local/lib/python3.7/site-packages/airflow/example_dags/example_latest_only_with_trigger.py took 0.150 seconds
[2024-03-27T19:35:19.626+0000] {processor.py:154} INFO - Started process (PID=865) to work on /home/airflow/.local/lib/python3.7/site-packages/airflow/example_dags/example_latest_only_with_trigger.py
[2024-03-27T19:35:19.628+0000] {processor.py:756} INFO - Processing file /home/airflow/.local/lib/python3.7/site-packages/airflow/example_dags/example_latest_only_with_trigger.py for tasks to queue
[2024-03-27T19:35:19.628+0000] {logging_mixin.py:120} INFO - [2024-03-27T19:35:19.628+0000] {dagbag.py:537} INFO - Filling up the DagBag from /home/airflow/.local/lib/python3.7/site-packages/airflow/example_dags/example_latest_only_with_trigger.py
[2024-03-27T19:35:19.640+0000] {processor.py:766} INFO - DAG(s) dict_keys(['latest_only_with_trigger']) retrieved from /home/airflow/.local/lib/python3.7/site-packages/airflow/example_dags/example_latest_only_with_trigger.py
[2024-03-27T19:35:19.678+0000] {logging_mixin.py:120} INFO - [2024-03-27T19:35:19.677+0000] {dag.py:2585} INFO - Sync 1 DAGs
[2024-03-27T19:35:19.701+0000] {logging_mixin.py:120} INFO - [2024-03-27T19:35:19.701+0000] {dag.py:3340} INFO - Setting next_dagrun for latest_only_with_trigger to 2024-03-27T19:27:27.578440+00:00, run_after=2024-03-27T23:27:27.578440+00:00
[2024-03-27T19:35:19.717+0000] {processor.py:176} INFO - Processing /home/airflow/.local/lib/python3.7/site-packages/airflow/example_dags/example_latest_only_with_trigger.py took 0.093 seconds
[2024-03-27T19:36:15.734+0000] {processor.py:154} INFO - Started process (PID=932) to work on /home/airflow/.local/lib/python3.7/site-packages/airflow/example_dags/example_latest_only_with_trigger.py
[2024-03-27T19:36:15.736+0000] {processor.py:756} INFO - Processing file /home/airflow/.local/lib/python3.7/site-packages/airflow/example_dags/example_latest_only_with_trigger.py for tasks to queue
[2024-03-27T19:36:15.737+0000] {logging_mixin.py:120} INFO - [2024-03-27T19:36:15.737+0000] {dagbag.py:537} INFO - Filling up the DagBag from /home/airflow/.local/lib/python3.7/site-packages/airflow/example_dags/example_latest_only_with_trigger.py
[2024-03-27T19:36:15.761+0000] {processor.py:766} INFO - DAG(s) dict_keys(['latest_only_with_trigger']) retrieved from /home/airflow/.local/lib/python3.7/site-packages/airflow/example_dags/example_latest_only_with_trigger.py
[2024-03-27T19:36:15.839+0000] {logging_mixin.py:120} INFO - [2024-03-27T19:36:15.838+0000] {dag.py:2585} INFO - Sync 1 DAGs
[2024-03-27T19:36:15.864+0000] {logging_mixin.py:120} INFO - [2024-03-27T19:36:15.864+0000] {dag.py:3340} INFO - Setting next_dagrun for latest_only_with_trigger to 2024-03-27T19:27:27.578440+00:00, run_after=2024-03-27T23:27:27.578440+00:00
[2024-03-27T19:36:15.883+0000] {processor.py:176} INFO - Processing /home/airflow/.local/lib/python3.7/site-packages/airflow/example_dags/example_latest_only_with_trigger.py took 0.153 seconds
[2024-03-27T19:37:12.263+0000] {processor.py:154} INFO - Started process (PID=66) to work on /home/airflow/.local/lib/python3.7/site-packages/airflow/example_dags/example_latest_only_with_trigger.py
[2024-03-27T19:37:12.264+0000] {processor.py:756} INFO - Processing file /home/airflow/.local/lib/python3.7/site-packages/airflow/example_dags/example_latest_only_with_trigger.py for tasks to queue
[2024-03-27T19:37:12.265+0000] {logging_mixin.py:120} INFO - [2024-03-27T19:37:12.265+0000] {dagbag.py:537} INFO - Filling up the DagBag from /home/airflow/.local/lib/python3.7/site-packages/airflow/example_dags/example_latest_only_with_trigger.py
[2024-03-27T19:37:12.290+0000] {processor.py:766} INFO - DAG(s) dict_keys(['latest_only_with_trigger']) retrieved from /home/airflow/.local/lib/python3.7/site-packages/airflow/example_dags/example_latest_only_with_trigger.py
[2024-03-27T19:37:12.543+0000] {logging_mixin.py:120} INFO - [2024-03-27T19:37:12.543+0000] {dag.py:2585} INFO - Sync 1 DAGs
[2024-03-27T19:37:12.632+0000] {logging_mixin.py:120} INFO - [2024-03-27T19:37:12.632+0000] {dag.py:3340} INFO - Setting next_dagrun for latest_only_with_trigger to 2024-03-27T19:27:27.578440+00:00, run_after=2024-03-27T23:27:27.578440+00:00
[2024-03-27T19:37:12.910+0000] {processor.py:176} INFO - Processing /home/airflow/.local/lib/python3.7/site-packages/airflow/example_dags/example_latest_only_with_trigger.py took 0.650 seconds
[2024-03-27T19:37:44.745+0000] {processor.py:154} INFO - Started process (PID=125) to work on /home/airflow/.local/lib/python3.7/site-packages/airflow/example_dags/example_latest_only_with_trigger.py
[2024-03-27T19:37:44.746+0000] {processor.py:756} INFO - Processing file /home/airflow/.local/lib/python3.7/site-packages/airflow/example_dags/example_latest_only_with_trigger.py for tasks to queue
[2024-03-27T19:37:44.747+0000] {logging_mixin.py:120} INFO - [2024-03-27T19:37:44.747+0000] {dagbag.py:537} INFO - Filling up the DagBag from /home/airflow/.local/lib/python3.7/site-packages/airflow/example_dags/example_latest_only_with_trigger.py
[2024-03-27T19:37:44.761+0000] {processor.py:766} INFO - DAG(s) dict_keys(['latest_only_with_trigger']) retrieved from /home/airflow/.local/lib/python3.7/site-packages/airflow/example_dags/example_latest_only_with_trigger.py
[2024-03-27T19:37:44.792+0000] {logging_mixin.py:120} INFO - [2024-03-27T19:37:44.792+0000] {dag.py:2585} INFO - Sync 1 DAGs
[2024-03-27T19:37:44.812+0000] {logging_mixin.py:120} INFO - [2024-03-27T19:37:44.812+0000] {dag.py:3340} INFO - Setting next_dagrun for latest_only_with_trigger to 2024-03-27T19:27:27.578440+00:00, run_after=2024-03-27T23:27:27.578440+00:00
[2024-03-27T19:37:44.827+0000] {processor.py:176} INFO - Processing /home/airflow/.local/lib/python3.7/site-packages/airflow/example_dags/example_latest_only_with_trigger.py took 0.088 seconds
[2024-03-27T19:38:27.333+0000] {processor.py:154} INFO - Started process (PID=66) to work on /home/airflow/.local/lib/python3.7/site-packages/airflow/example_dags/example_latest_only_with_trigger.py
[2024-03-27T19:38:27.335+0000] {processor.py:756} INFO - Processing file /home/airflow/.local/lib/python3.7/site-packages/airflow/example_dags/example_latest_only_with_trigger.py for tasks to queue
[2024-03-27T19:38:27.337+0000] {logging_mixin.py:120} INFO - [2024-03-27T19:38:27.336+0000] {dagbag.py:537} INFO - Filling up the DagBag from /home/airflow/.local/lib/python3.7/site-packages/airflow/example_dags/example_latest_only_with_trigger.py
[2024-03-27T19:38:27.383+0000] {processor.py:766} INFO - DAG(s) dict_keys(['latest_only_with_trigger']) retrieved from /home/airflow/.local/lib/python3.7/site-packages/airflow/example_dags/example_latest_only_with_trigger.py
[2024-03-27T19:38:27.482+0000] {logging_mixin.py:120} INFO - [2024-03-27T19:38:27.482+0000] {dag.py:2585} INFO - Sync 1 DAGs
[2024-03-27T19:38:27.553+0000] {logging_mixin.py:120} INFO - [2024-03-27T19:38:27.549+0000] {dag.py:3340} INFO - Setting next_dagrun for latest_only_with_trigger to 2024-03-27T19:27:27.578440+00:00, run_after=2024-03-27T23:27:27.578440+00:00
[2024-03-27T19:38:27.670+0000] {processor.py:176} INFO - Processing /home/airflow/.local/lib/python3.7/site-packages/airflow/example_dags/example_latest_only_with_trigger.py took 0.347 seconds
[2024-03-27T19:39:52.078+0000] {processor.py:154} INFO - Started process (PID=76) to work on /home/airflow/.local/lib/python3.7/site-packages/airflow/example_dags/example_latest_only_with_trigger.py
[2024-03-27T19:39:52.079+0000] {processor.py:756} INFO - Processing file /home/airflow/.local/lib/python3.7/site-packages/airflow/example_dags/example_latest_only_with_trigger.py for tasks to queue
[2024-03-27T19:39:52.080+0000] {logging_mixin.py:120} INFO - [2024-03-27T19:39:52.080+0000] {dagbag.py:537} INFO - Filling up the DagBag from /home/airflow/.local/lib/python3.7/site-packages/airflow/example_dags/example_latest_only_with_trigger.py
[2024-03-27T19:39:52.100+0000] {processor.py:766} INFO - DAG(s) dict_keys(['latest_only_with_trigger']) retrieved from /home/airflow/.local/lib/python3.7/site-packages/airflow/example_dags/example_latest_only_with_trigger.py
[2024-03-27T19:39:52.141+0000] {logging_mixin.py:120} INFO - [2024-03-27T19:39:52.140+0000] {dag.py:2585} INFO - Sync 1 DAGs
[2024-03-27T19:39:52.166+0000] {logging_mixin.py:120} INFO - [2024-03-27T19:39:52.166+0000] {dag.py:3340} INFO - Setting next_dagrun for latest_only_with_trigger to 2024-03-27T19:27:27.578440+00:00, run_after=2024-03-27T23:27:27.578440+00:00
[2024-03-27T19:39:52.183+0000] {processor.py:176} INFO - Processing /home/airflow/.local/lib/python3.7/site-packages/airflow/example_dags/example_latest_only_with_trigger.py took 0.108 seconds
[2024-03-27T19:40:31.910+0000] {processor.py:154} INFO - Started process (PID=134) to work on /home/airflow/.local/lib/python3.7/site-packages/airflow/example_dags/example_latest_only_with_trigger.py
[2024-03-27T19:40:31.911+0000] {processor.py:756} INFO - Processing file /home/airflow/.local/lib/python3.7/site-packages/airflow/example_dags/example_latest_only_with_trigger.py for tasks to queue
[2024-03-27T19:40:31.911+0000] {logging_mixin.py:120} INFO - [2024-03-27T19:40:31.911+0000] {dagbag.py:537} INFO - Filling up the DagBag from /home/airflow/.local/lib/python3.7/site-packages/airflow/example_dags/example_latest_only_with_trigger.py
[2024-03-27T19:40:31.928+0000] {processor.py:766} INFO - DAG(s) dict_keys(['latest_only_with_trigger']) retrieved from /home/airflow/.local/lib/python3.7/site-packages/airflow/example_dags/example_latest_only_with_trigger.py
[2024-03-27T19:40:31.977+0000] {logging_mixin.py:120} INFO - [2024-03-27T19:40:31.977+0000] {dag.py:2585} INFO - Sync 1 DAGs
[2024-03-27T19:40:32.024+0000] {logging_mixin.py:120} INFO - [2024-03-27T19:40:32.024+0000] {dag.py:3340} INFO - Setting next_dagrun for latest_only_with_trigger to 2024-03-27T19:27:27.578440+00:00, run_after=2024-03-27T23:27:27.578440+00:00
[2024-03-27T19:40:32.071+0000] {processor.py:176} INFO - Processing /home/airflow/.local/lib/python3.7/site-packages/airflow/example_dags/example_latest_only_with_trigger.py took 0.166 seconds
[2024-03-27T19:41:08.345+0000] {processor.py:154} INFO - Started process (PID=185) to work on /home/airflow/.local/lib/python3.7/site-packages/airflow/example_dags/example_latest_only_with_trigger.py
[2024-03-27T19:41:08.346+0000] {processor.py:756} INFO - Processing file /home/airflow/.local/lib/python3.7/site-packages/airflow/example_dags/example_latest_only_with_trigger.py for tasks to queue
[2024-03-27T19:41:08.346+0000] {logging_mixin.py:120} INFO - [2024-03-27T19:41:08.346+0000] {dagbag.py:537} INFO - Filling up the DagBag from /home/airflow/.local/lib/python3.7/site-packages/airflow/example_dags/example_latest_only_with_trigger.py
[2024-03-27T19:41:08.365+0000] {processor.py:766} INFO - DAG(s) dict_keys(['latest_only_with_trigger']) retrieved from /home/airflow/.local/lib/python3.7/site-packages/airflow/example_dags/example_latest_only_with_trigger.py
[2024-03-27T19:41:08.433+0000] {logging_mixin.py:120} INFO - [2024-03-27T19:41:08.433+0000] {dag.py:2585} INFO - Sync 1 DAGs
[2024-03-27T19:41:08.466+0000] {logging_mixin.py:120} INFO - [2024-03-27T19:41:08.466+0000] {dag.py:3340} INFO - Setting next_dagrun for latest_only_with_trigger to 2024-03-27T19:27:27.578440+00:00, run_after=2024-03-27T23:27:27.578440+00:00
[2024-03-27T19:41:08.501+0000] {processor.py:176} INFO - Processing /home/airflow/.local/lib/python3.7/site-packages/airflow/example_dags/example_latest_only_with_trigger.py took 0.161 seconds
[2024-03-27T19:41:39.844+0000] {processor.py:154} INFO - Started process (PID=66) to work on /home/airflow/.local/lib/python3.7/site-packages/airflow/example_dags/example_latest_only_with_trigger.py
[2024-03-27T19:41:39.845+0000] {processor.py:756} INFO - Processing file /home/airflow/.local/lib/python3.7/site-packages/airflow/example_dags/example_latest_only_with_trigger.py for tasks to queue
[2024-03-27T19:41:39.845+0000] {logging_mixin.py:120} INFO - [2024-03-27T19:41:39.845+0000] {dagbag.py:537} INFO - Filling up the DagBag from /home/airflow/.local/lib/python3.7/site-packages/airflow/example_dags/example_latest_only_with_trigger.py
[2024-03-27T19:41:39.856+0000] {processor.py:766} INFO - DAG(s) dict_keys(['latest_only_with_trigger']) retrieved from /home/airflow/.local/lib/python3.7/site-packages/airflow/example_dags/example_latest_only_with_trigger.py
[2024-03-27T19:41:39.884+0000] {logging_mixin.py:120} INFO - [2024-03-27T19:41:39.884+0000] {dag.py:2585} INFO - Sync 1 DAGs
[2024-03-27T19:41:39.902+0000] {logging_mixin.py:120} INFO - [2024-03-27T19:41:39.902+0000] {dag.py:3340} INFO - Setting next_dagrun for latest_only_with_trigger to 2024-03-27T19:27:27.578440+00:00, run_after=2024-03-27T23:27:27.578440+00:00
[2024-03-27T19:41:39.918+0000] {processor.py:176} INFO - Processing /home/airflow/.local/lib/python3.7/site-packages/airflow/example_dags/example_latest_only_with_trigger.py took 0.076 seconds
[2024-03-27T19:42:11.235+0000] {processor.py:154} INFO - Started process (PID=116) to work on /home/airflow/.local/lib/python3.7/site-packages/airflow/example_dags/example_latest_only_with_trigger.py
[2024-03-27T19:42:11.239+0000] {processor.py:756} INFO - Processing file /home/airflow/.local/lib/python3.7/site-packages/airflow/example_dags/example_latest_only_with_trigger.py for tasks to queue
[2024-03-27T19:42:11.239+0000] {logging_mixin.py:120} INFO - [2024-03-27T19:42:11.239+0000] {dagbag.py:537} INFO - Filling up the DagBag from /home/airflow/.local/lib/python3.7/site-packages/airflow/example_dags/example_latest_only_with_trigger.py
[2024-03-27T19:42:11.254+0000] {processor.py:766} INFO - DAG(s) dict_keys(['latest_only_with_trigger']) retrieved from /home/airflow/.local/lib/python3.7/site-packages/airflow/example_dags/example_latest_only_with_trigger.py
[2024-03-27T19:42:11.288+0000] {logging_mixin.py:120} INFO - [2024-03-27T19:42:11.288+0000] {dag.py:2585} INFO - Sync 1 DAGs
[2024-03-27T19:42:11.307+0000] {logging_mixin.py:120} INFO - [2024-03-27T19:42:11.307+0000] {dag.py:3340} INFO - Setting next_dagrun for latest_only_with_trigger to 2024-03-27T19:27:27.578440+00:00, run_after=2024-03-27T23:27:27.578440+00:00
[2024-03-27T19:42:11.321+0000] {processor.py:176} INFO - Processing /home/airflow/.local/lib/python3.7/site-packages/airflow/example_dags/example_latest_only_with_trigger.py took 0.088 seconds
[2024-03-27T19:42:50.975+0000] {processor.py:154} INFO - Started process (PID=176) to work on /home/airflow/.local/lib/python3.7/site-packages/airflow/example_dags/example_latest_only_with_trigger.py
[2024-03-27T19:42:50.978+0000] {processor.py:756} INFO - Processing file /home/airflow/.local/lib/python3.7/site-packages/airflow/example_dags/example_latest_only_with_trigger.py for tasks to queue
[2024-03-27T19:42:50.980+0000] {logging_mixin.py:120} INFO - [2024-03-27T19:42:50.980+0000] {dagbag.py:537} INFO - Filling up the DagBag from /home/airflow/.local/lib/python3.7/site-packages/airflow/example_dags/example_latest_only_with_trigger.py
[2024-03-27T19:42:51.012+0000] {processor.py:766} INFO - DAG(s) dict_keys(['latest_only_with_trigger']) retrieved from /home/airflow/.local/lib/python3.7/site-packages/airflow/example_dags/example_latest_only_with_trigger.py
[2024-03-27T19:42:51.168+0000] {logging_mixin.py:120} INFO - [2024-03-27T19:42:51.168+0000] {dag.py:2585} INFO - Sync 1 DAGs
[2024-03-27T19:42:51.219+0000] {logging_mixin.py:120} INFO - [2024-03-27T19:42:51.219+0000] {dag.py:3340} INFO - Setting next_dagrun for latest_only_with_trigger to 2024-03-27T19:27:27.578440+00:00, run_after=2024-03-27T23:27:27.578440+00:00
[2024-03-27T19:42:51.267+0000] {processor.py:176} INFO - Processing /home/airflow/.local/lib/python3.7/site-packages/airflow/example_dags/example_latest_only_with_trigger.py took 0.294 seconds
[2024-03-27T19:44:28.124+0000] {processor.py:154} INFO - Started process (PID=67) to work on /home/airflow/.local/lib/python3.7/site-packages/airflow/example_dags/example_latest_only_with_trigger.py
[2024-03-27T19:44:28.125+0000] {processor.py:756} INFO - Processing file /home/airflow/.local/lib/python3.7/site-packages/airflow/example_dags/example_latest_only_with_trigger.py for tasks to queue
[2024-03-27T19:44:28.126+0000] {logging_mixin.py:120} INFO - [2024-03-27T19:44:28.126+0000] {dagbag.py:537} INFO - Filling up the DagBag from /home/airflow/.local/lib/python3.7/site-packages/airflow/example_dags/example_latest_only_with_trigger.py
[2024-03-27T19:44:28.150+0000] {processor.py:766} INFO - DAG(s) dict_keys(['latest_only_with_trigger']) retrieved from /home/airflow/.local/lib/python3.7/site-packages/airflow/example_dags/example_latest_only_with_trigger.py
[2024-03-27T19:44:28.211+0000] {logging_mixin.py:120} INFO - [2024-03-27T19:44:28.211+0000] {dag.py:2585} INFO - Sync 1 DAGs
[2024-03-27T19:44:28.231+0000] {logging_mixin.py:120} INFO - [2024-03-27T19:44:28.231+0000] {dag.py:3340} INFO - Setting next_dagrun for latest_only_with_trigger to 2024-03-27T19:27:27.578440+00:00, run_after=2024-03-27T23:27:27.578440+00:00
[2024-03-27T19:44:28.250+0000] {processor.py:176} INFO - Processing /home/airflow/.local/lib/python3.7/site-packages/airflow/example_dags/example_latest_only_with_trigger.py took 0.128 seconds
[2024-03-27T19:45:22.284+0000] {processor.py:154} INFO - Started process (PID=126) to work on /home/airflow/.local/lib/python3.7/site-packages/airflow/example_dags/example_latest_only_with_trigger.py
[2024-03-27T19:45:22.288+0000] {processor.py:756} INFO - Processing file /home/airflow/.local/lib/python3.7/site-packages/airflow/example_dags/example_latest_only_with_trigger.py for tasks to queue
[2024-03-27T19:45:22.289+0000] {logging_mixin.py:120} INFO - [2024-03-27T19:45:22.289+0000] {dagbag.py:537} INFO - Filling up the DagBag from /home/airflow/.local/lib/python3.7/site-packages/airflow/example_dags/example_latest_only_with_trigger.py
[2024-03-27T19:45:22.314+0000] {processor.py:766} INFO - DAG(s) dict_keys(['latest_only_with_trigger']) retrieved from /home/airflow/.local/lib/python3.7/site-packages/airflow/example_dags/example_latest_only_with_trigger.py
[2024-03-27T19:45:22.362+0000] {logging_mixin.py:120} INFO - [2024-03-27T19:45:22.361+0000] {dag.py:2585} INFO - Sync 1 DAGs
[2024-03-27T19:45:22.398+0000] {logging_mixin.py:120} INFO - [2024-03-27T19:45:22.397+0000] {dag.py:3340} INFO - Setting next_dagrun for latest_only_with_trigger to 2024-03-27T19:27:27.578440+00:00, run_after=2024-03-27T23:27:27.578440+00:00
[2024-03-27T19:45:22.423+0000] {processor.py:176} INFO - Processing /home/airflow/.local/lib/python3.7/site-packages/airflow/example_dags/example_latest_only_with_trigger.py took 0.142 seconds
[2024-03-27T19:46:40.644+0000] {processor.py:154} INFO - Started process (PID=79) to work on /home/airflow/.local/lib/python3.7/site-packages/airflow/example_dags/example_latest_only_with_trigger.py
[2024-03-27T19:46:40.647+0000] {processor.py:756} INFO - Processing file /home/airflow/.local/lib/python3.7/site-packages/airflow/example_dags/example_latest_only_with_trigger.py for tasks to queue
[2024-03-27T19:46:40.647+0000] {logging_mixin.py:120} INFO - [2024-03-27T19:46:40.647+0000] {dagbag.py:537} INFO - Filling up the DagBag from /home/airflow/.local/lib/python3.7/site-packages/airflow/example_dags/example_latest_only_with_trigger.py
[2024-03-27T19:46:40.673+0000] {processor.py:766} INFO - DAG(s) dict_keys(['latest_only_with_trigger']) retrieved from /home/airflow/.local/lib/python3.7/site-packages/airflow/example_dags/example_latest_only_with_trigger.py
[2024-03-27T19:46:40.723+0000] {logging_mixin.py:120} INFO - [2024-03-27T19:46:40.723+0000] {dag.py:2585} INFO - Sync 1 DAGs
[2024-03-27T19:46:40.754+0000] {logging_mixin.py:120} INFO - [2024-03-27T19:46:40.753+0000] {dag.py:3340} INFO - Setting next_dagrun for latest_only_with_trigger to 2024-03-27T19:27:27.578440+00:00, run_after=2024-03-27T23:27:27.578440+00:00
[2024-03-27T19:46:40.767+0000] {processor.py:176} INFO - Processing /home/airflow/.local/lib/python3.7/site-packages/airflow/example_dags/example_latest_only_with_trigger.py took 0.126 seconds
[2024-03-27T19:47:24.773+0000] {processor.py:154} INFO - Started process (PID=134) to work on /home/airflow/.local/lib/python3.7/site-packages/airflow/example_dags/example_latest_only_with_trigger.py
[2024-03-27T19:47:24.773+0000] {processor.py:756} INFO - Processing file /home/airflow/.local/lib/python3.7/site-packages/airflow/example_dags/example_latest_only_with_trigger.py for tasks to queue
[2024-03-27T19:47:24.776+0000] {logging_mixin.py:120} INFO - [2024-03-27T19:47:24.776+0000] {dagbag.py:537} INFO - Filling up the DagBag from /home/airflow/.local/lib/python3.7/site-packages/airflow/example_dags/example_latest_only_with_trigger.py
[2024-03-27T19:47:24.812+0000] {processor.py:766} INFO - DAG(s) dict_keys(['latest_only_with_trigger']) retrieved from /home/airflow/.local/lib/python3.7/site-packages/airflow/example_dags/example_latest_only_with_trigger.py
[2024-03-27T19:47:24.882+0000] {logging_mixin.py:120} INFO - [2024-03-27T19:47:24.882+0000] {dag.py:2585} INFO - Sync 1 DAGs
[2024-03-27T19:47:24.918+0000] {logging_mixin.py:120} INFO - [2024-03-27T19:47:24.918+0000] {dag.py:3340} INFO - Setting next_dagrun for latest_only_with_trigger to 2024-03-27T19:27:27.578440+00:00, run_after=2024-03-27T23:27:27.578440+00:00
[2024-03-27T19:47:24.943+0000] {processor.py:176} INFO - Processing /home/airflow/.local/lib/python3.7/site-packages/airflow/example_dags/example_latest_only_with_trigger.py took 0.177 seconds
[2024-03-27T19:47:47.365+0000] {processor.py:154} INFO - Started process (PID=66) to work on /home/airflow/.local/lib/python3.7/site-packages/airflow/example_dags/example_latest_only_with_trigger.py
[2024-03-27T19:47:47.366+0000] {processor.py:756} INFO - Processing file /home/airflow/.local/lib/python3.7/site-packages/airflow/example_dags/example_latest_only_with_trigger.py for tasks to queue
[2024-03-27T19:47:47.366+0000] {logging_mixin.py:120} INFO - [2024-03-27T19:47:47.366+0000] {dagbag.py:537} INFO - Filling up the DagBag from /home/airflow/.local/lib/python3.7/site-packages/airflow/example_dags/example_latest_only_with_trigger.py
[2024-03-27T19:47:47.379+0000] {processor.py:766} INFO - DAG(s) dict_keys(['latest_only_with_trigger']) retrieved from /home/airflow/.local/lib/python3.7/site-packages/airflow/example_dags/example_latest_only_with_trigger.py
[2024-03-27T19:47:47.407+0000] {logging_mixin.py:120} INFO - [2024-03-27T19:47:47.407+0000] {dag.py:2585} INFO - Sync 1 DAGs
[2024-03-27T19:47:47.425+0000] {logging_mixin.py:120} INFO - [2024-03-27T19:47:47.425+0000] {dag.py:3340} INFO - Setting next_dagrun for latest_only_with_trigger to 2024-03-27T19:27:27.578440+00:00, run_after=2024-03-27T23:27:27.578440+00:00
[2024-03-27T19:47:47.441+0000] {processor.py:176} INFO - Processing /home/airflow/.local/lib/python3.7/site-packages/airflow/example_dags/example_latest_only_with_trigger.py took 0.079 seconds
[2024-03-27T19:48:35.847+0000] {processor.py:154} INFO - Started process (PID=123) to work on /home/airflow/.local/lib/python3.7/site-packages/airflow/example_dags/example_latest_only_with_trigger.py
[2024-03-27T19:48:35.850+0000] {processor.py:756} INFO - Processing file /home/airflow/.local/lib/python3.7/site-packages/airflow/example_dags/example_latest_only_with_trigger.py for tasks to queue
[2024-03-27T19:48:35.852+0000] {logging_mixin.py:120} INFO - [2024-03-27T19:48:35.852+0000] {dagbag.py:537} INFO - Filling up the DagBag from /home/airflow/.local/lib/python3.7/site-packages/airflow/example_dags/example_latest_only_with_trigger.py
[2024-03-27T19:48:35.876+0000] {processor.py:766} INFO - DAG(s) dict_keys(['latest_only_with_trigger']) retrieved from /home/airflow/.local/lib/python3.7/site-packages/airflow/example_dags/example_latest_only_with_trigger.py
[2024-03-27T19:48:35.947+0000] {logging_mixin.py:120} INFO - [2024-03-27T19:48:35.947+0000] {dag.py:2585} INFO - Sync 1 DAGs
[2024-03-27T19:48:35.992+0000] {logging_mixin.py:120} INFO - [2024-03-27T19:48:35.991+0000] {dag.py:3340} INFO - Setting next_dagrun for latest_only_with_trigger to 2024-03-27T19:27:27.578440+00:00, run_after=2024-03-27T23:27:27.578440+00:00
[2024-03-27T19:48:36.018+0000] {processor.py:176} INFO - Processing /home/airflow/.local/lib/python3.7/site-packages/airflow/example_dags/example_latest_only_with_trigger.py took 0.173 seconds
[2024-03-27T19:49:27.150+0000] {processor.py:154} INFO - Started process (PID=67) to work on /home/airflow/.local/lib/python3.7/site-packages/airflow/example_dags/example_latest_only_with_trigger.py
[2024-03-27T19:49:27.151+0000] {processor.py:756} INFO - Processing file /home/airflow/.local/lib/python3.7/site-packages/airflow/example_dags/example_latest_only_with_trigger.py for tasks to queue
[2024-03-27T19:49:27.152+0000] {logging_mixin.py:120} INFO - [2024-03-27T19:49:27.152+0000] {dagbag.py:537} INFO - Filling up the DagBag from /home/airflow/.local/lib/python3.7/site-packages/airflow/example_dags/example_latest_only_with_trigger.py
[2024-03-27T19:49:27.169+0000] {processor.py:766} INFO - DAG(s) dict_keys(['latest_only_with_trigger']) retrieved from /home/airflow/.local/lib/python3.7/site-packages/airflow/example_dags/example_latest_only_with_trigger.py
[2024-03-27T19:49:27.216+0000] {logging_mixin.py:120} INFO - [2024-03-27T19:49:27.216+0000] {dag.py:2585} INFO - Sync 1 DAGs
[2024-03-27T19:49:27.236+0000] {logging_mixin.py:120} INFO - [2024-03-27T19:49:27.236+0000] {dag.py:3340} INFO - Setting next_dagrun for latest_only_with_trigger to 2024-03-27T19:27:27.578440+00:00, run_after=2024-03-27T23:27:27.578440+00:00
[2024-03-27T19:49:27.251+0000] {processor.py:176} INFO - Processing /home/airflow/.local/lib/python3.7/site-packages/airflow/example_dags/example_latest_only_with_trigger.py took 0.103 seconds
[2024-03-27T19:50:01.844+0000] {processor.py:154} INFO - Started process (PID=125) to work on /home/airflow/.local/lib/python3.7/site-packages/airflow/example_dags/example_latest_only_with_trigger.py
[2024-03-27T19:50:01.845+0000] {processor.py:756} INFO - Processing file /home/airflow/.local/lib/python3.7/site-packages/airflow/example_dags/example_latest_only_with_trigger.py for tasks to queue
[2024-03-27T19:50:01.846+0000] {logging_mixin.py:120} INFO - [2024-03-27T19:50:01.845+0000] {dagbag.py:537} INFO - Filling up the DagBag from /home/airflow/.local/lib/python3.7/site-packages/airflow/example_dags/example_latest_only_with_trigger.py
[2024-03-27T19:50:01.858+0000] {processor.py:766} INFO - DAG(s) dict_keys(['latest_only_with_trigger']) retrieved from /home/airflow/.local/lib/python3.7/site-packages/airflow/example_dags/example_latest_only_with_trigger.py
[2024-03-27T19:50:01.888+0000] {logging_mixin.py:120} INFO - [2024-03-27T19:50:01.888+0000] {dag.py:2585} INFO - Sync 1 DAGs
[2024-03-27T19:50:01.910+0000] {logging_mixin.py:120} INFO - [2024-03-27T19:50:01.910+0000] {dag.py:3340} INFO - Setting next_dagrun for latest_only_with_trigger to 2024-03-27T19:27:27.578440+00:00, run_after=2024-03-27T23:27:27.578440+00:00
[2024-03-27T19:50:01.925+0000] {processor.py:176} INFO - Processing /home/airflow/.local/lib/python3.7/site-packages/airflow/example_dags/example_latest_only_with_trigger.py took 0.084 seconds
[2024-03-27T19:54:22.532+0000] {processor.py:154} INFO - Started process (PID=59) to work on /home/airflow/.local/lib/python3.7/site-packages/airflow/example_dags/example_latest_only_with_trigger.py
[2024-03-27T19:54:22.534+0000] {processor.py:756} INFO - Processing file /home/airflow/.local/lib/python3.7/site-packages/airflow/example_dags/example_latest_only_with_trigger.py for tasks to queue
[2024-03-27T19:54:22.536+0000] {logging_mixin.py:120} INFO - [2024-03-27T19:54:22.536+0000] {dagbag.py:537} INFO - Filling up the DagBag from /home/airflow/.local/lib/python3.7/site-packages/airflow/example_dags/example_latest_only_with_trigger.py
[2024-03-27T19:54:22.585+0000] {processor.py:766} INFO - DAG(s) dict_keys(['latest_only_with_trigger']) retrieved from /home/airflow/.local/lib/python3.7/site-packages/airflow/example_dags/example_latest_only_with_trigger.py
[2024-03-27T19:54:22.650+0000] {logging_mixin.py:120} INFO - [2024-03-27T19:54:22.649+0000] {dag.py:2585} INFO - Sync 1 DAGs
[2024-03-27T19:54:22.666+0000] {logging_mixin.py:120} INFO - [2024-03-27T19:54:22.666+0000] {dag.py:3340} INFO - Setting next_dagrun for latest_only_with_trigger to 2024-03-27T19:27:27.578440+00:00, run_after=2024-03-27T23:27:27.578440+00:00
[2024-03-27T19:54:22.681+0000] {processor.py:176} INFO - Processing /home/airflow/.local/lib/python3.7/site-packages/airflow/example_dags/example_latest_only_with_trigger.py took 0.152 seconds
