[2024-03-27T19:09:50.712+0000] {processor.py:154} INFO - Started process (PID=66) to work on /home/airflow/.local/lib/python3.7/site-packages/airflow/example_dags/example_branch_labels.py
[2024-03-27T19:09:50.714+0000] {processor.py:756} INFO - Processing file /home/airflow/.local/lib/python3.7/site-packages/airflow/example_dags/example_branch_labels.py for tasks to queue
[2024-03-27T19:09:50.716+0000] {logging_mixin.py:120} INFO - [2024-03-27T19:09:50.716+0000] {dagbag.py:537} INFO - Filling up the DagBag from /home/airflow/.local/lib/python3.7/site-packages/airflow/example_dags/example_branch_labels.py
[2024-03-27T19:09:50.744+0000] {processor.py:766} INFO - DAG(s) dict_keys(['example_branch_labels']) retrieved from /home/airflow/.local/lib/python3.7/site-packages/airflow/example_dags/example_branch_labels.py
[2024-03-27T19:09:50.802+0000] {logging_mixin.py:120} INFO - [2024-03-27T19:09:50.802+0000] {dag.py:2585} INFO - Sync 1 DAGs
[2024-03-27T19:09:50.836+0000] {logging_mixin.py:120} INFO - [2024-03-27T19:09:50.836+0000] {dag.py:3340} INFO - Setting next_dagrun for example_branch_labels to 2024-03-26T00:00:00+00:00, run_after=2024-03-27T00:00:00+00:00
[2024-03-27T19:09:50.865+0000] {processor.py:176} INFO - Processing /home/airflow/.local/lib/python3.7/site-packages/airflow/example_dags/example_branch_labels.py took 0.159 seconds
[2024-03-27T19:10:21.282+0000] {processor.py:154} INFO - Started process (PID=133) to work on /home/airflow/.local/lib/python3.7/site-packages/airflow/example_dags/example_branch_labels.py
[2024-03-27T19:10:21.283+0000] {processor.py:756} INFO - Processing file /home/airflow/.local/lib/python3.7/site-packages/airflow/example_dags/example_branch_labels.py for tasks to queue
[2024-03-27T19:10:21.284+0000] {logging_mixin.py:120} INFO - [2024-03-27T19:10:21.284+0000] {dagbag.py:537} INFO - Filling up the DagBag from /home/airflow/.local/lib/python3.7/site-packages/airflow/example_dags/example_branch_labels.py
[2024-03-27T19:10:21.293+0000] {processor.py:766} INFO - DAG(s) dict_keys(['example_branch_labels']) retrieved from /home/airflow/.local/lib/python3.7/site-packages/airflow/example_dags/example_branch_labels.py
[2024-03-27T19:10:21.320+0000] {logging_mixin.py:120} INFO - [2024-03-27T19:10:21.320+0000] {dag.py:2585} INFO - Sync 1 DAGs
[2024-03-27T19:10:21.337+0000] {logging_mixin.py:120} INFO - [2024-03-27T19:10:21.337+0000] {dag.py:3340} INFO - Setting next_dagrun for example_branch_labels to 2024-03-26T00:00:00+00:00, run_after=2024-03-27T00:00:00+00:00
[2024-03-27T19:10:21.350+0000] {processor.py:176} INFO - Processing /home/airflow/.local/lib/python3.7/site-packages/airflow/example_dags/example_branch_labels.py took 0.070 seconds
[2024-03-27T19:10:44.191+0000] {processor.py:154} INFO - Started process (PID=57) to work on /home/airflow/.local/lib/python3.7/site-packages/airflow/example_dags/example_branch_labels.py
[2024-03-27T19:10:44.203+0000] {processor.py:756} INFO - Processing file /home/airflow/.local/lib/python3.7/site-packages/airflow/example_dags/example_branch_labels.py for tasks to queue
[2024-03-27T19:10:44.215+0000] {logging_mixin.py:120} INFO - [2024-03-27T19:10:44.210+0000] {dagbag.py:537} INFO - Filling up the DagBag from /home/airflow/.local/lib/python3.7/site-packages/airflow/example_dags/example_branch_labels.py
[2024-03-27T19:10:44.769+0000] {processor.py:766} INFO - DAG(s) dict_keys(['example_branch_labels']) retrieved from /home/airflow/.local/lib/python3.7/site-packages/airflow/example_dags/example_branch_labels.py
[2024-03-27T19:10:45.239+0000] {logging_mixin.py:120} INFO - [2024-03-27T19:10:45.237+0000] {dag.py:2585} INFO - Sync 1 DAGs
[2024-03-27T19:10:45.779+0000] {logging_mixin.py:120} INFO - [2024-03-27T19:10:45.777+0000] {dag.py:3340} INFO - Setting next_dagrun for example_branch_labels to 2024-03-26T00:00:00+00:00, run_after=2024-03-27T00:00:00+00:00
[2024-03-27T19:10:45.825+0000] {processor.py:176} INFO - Processing /home/airflow/.local/lib/python3.7/site-packages/airflow/example_dags/example_branch_labels.py took 1.652 seconds
[2024-03-27T19:11:16.025+0000] {processor.py:154} INFO - Started process (PID=117) to work on /home/airflow/.local/lib/python3.7/site-packages/airflow/example_dags/example_branch_labels.py
[2024-03-27T19:11:16.026+0000] {processor.py:756} INFO - Processing file /home/airflow/.local/lib/python3.7/site-packages/airflow/example_dags/example_branch_labels.py for tasks to queue
[2024-03-27T19:11:16.027+0000] {logging_mixin.py:120} INFO - [2024-03-27T19:11:16.027+0000] {dagbag.py:537} INFO - Filling up the DagBag from /home/airflow/.local/lib/python3.7/site-packages/airflow/example_dags/example_branch_labels.py
[2024-03-27T19:11:16.050+0000] {processor.py:766} INFO - DAG(s) dict_keys(['example_branch_labels']) retrieved from /home/airflow/.local/lib/python3.7/site-packages/airflow/example_dags/example_branch_labels.py
[2024-03-27T19:11:16.081+0000] {logging_mixin.py:120} INFO - [2024-03-27T19:11:16.081+0000] {dag.py:2585} INFO - Sync 1 DAGs
[2024-03-27T19:11:16.104+0000] {logging_mixin.py:120} INFO - [2024-03-27T19:11:16.104+0000] {dag.py:3340} INFO - Setting next_dagrun for example_branch_labels to 2024-03-26T00:00:00+00:00, run_after=2024-03-27T00:00:00+00:00
[2024-03-27T19:11:16.141+0000] {processor.py:176} INFO - Processing /home/airflow/.local/lib/python3.7/site-packages/airflow/example_dags/example_branch_labels.py took 0.119 seconds
[2024-03-27T19:11:48.077+0000] {processor.py:154} INFO - Started process (PID=168) to work on /home/airflow/.local/lib/python3.7/site-packages/airflow/example_dags/example_branch_labels.py
[2024-03-27T19:11:48.078+0000] {processor.py:756} INFO - Processing file /home/airflow/.local/lib/python3.7/site-packages/airflow/example_dags/example_branch_labels.py for tasks to queue
[2024-03-27T19:11:48.079+0000] {logging_mixin.py:120} INFO - [2024-03-27T19:11:48.079+0000] {dagbag.py:537} INFO - Filling up the DagBag from /home/airflow/.local/lib/python3.7/site-packages/airflow/example_dags/example_branch_labels.py
[2024-03-27T19:11:48.101+0000] {processor.py:766} INFO - DAG(s) dict_keys(['example_branch_labels']) retrieved from /home/airflow/.local/lib/python3.7/site-packages/airflow/example_dags/example_branch_labels.py
[2024-03-27T19:11:48.220+0000] {logging_mixin.py:120} INFO - [2024-03-27T19:11:48.220+0000] {dag.py:2585} INFO - Sync 1 DAGs
[2024-03-27T19:11:48.291+0000] {logging_mixin.py:120} INFO - [2024-03-27T19:11:48.291+0000] {dag.py:3340} INFO - Setting next_dagrun for example_branch_labels to 2024-03-26T00:00:00+00:00, run_after=2024-03-27T00:00:00+00:00
[2024-03-27T19:11:48.352+0000] {processor.py:176} INFO - Processing /home/airflow/.local/lib/python3.7/site-packages/airflow/example_dags/example_branch_labels.py took 0.282 seconds
[2024-03-27T19:12:21.277+0000] {processor.py:154} INFO - Started process (PID=67) to work on /home/airflow/.local/lib/python3.7/site-packages/airflow/example_dags/example_branch_labels.py
[2024-03-27T19:12:21.280+0000] {processor.py:756} INFO - Processing file /home/airflow/.local/lib/python3.7/site-packages/airflow/example_dags/example_branch_labels.py for tasks to queue
[2024-03-27T19:12:21.280+0000] {logging_mixin.py:120} INFO - [2024-03-27T19:12:21.280+0000] {dagbag.py:537} INFO - Filling up the DagBag from /home/airflow/.local/lib/python3.7/site-packages/airflow/example_dags/example_branch_labels.py
[2024-03-27T19:12:21.292+0000] {processor.py:766} INFO - DAG(s) dict_keys(['example_branch_labels']) retrieved from /home/airflow/.local/lib/python3.7/site-packages/airflow/example_dags/example_branch_labels.py
[2024-03-27T19:12:21.315+0000] {logging_mixin.py:120} INFO - [2024-03-27T19:12:21.315+0000] {dag.py:2585} INFO - Sync 1 DAGs
[2024-03-27T19:12:21.335+0000] {logging_mixin.py:120} INFO - [2024-03-27T19:12:21.335+0000] {dag.py:3340} INFO - Setting next_dagrun for example_branch_labels to 2024-03-26T00:00:00+00:00, run_after=2024-03-27T00:00:00+00:00
[2024-03-27T19:12:21.355+0000] {processor.py:176} INFO - Processing /home/airflow/.local/lib/python3.7/site-packages/airflow/example_dags/example_branch_labels.py took 0.080 seconds
[2024-03-27T19:12:52.240+0000] {processor.py:154} INFO - Started process (PID=117) to work on /home/airflow/.local/lib/python3.7/site-packages/airflow/example_dags/example_branch_labels.py
[2024-03-27T19:12:52.241+0000] {processor.py:756} INFO - Processing file /home/airflow/.local/lib/python3.7/site-packages/airflow/example_dags/example_branch_labels.py for tasks to queue
[2024-03-27T19:12:52.242+0000] {logging_mixin.py:120} INFO - [2024-03-27T19:12:52.242+0000] {dagbag.py:537} INFO - Filling up the DagBag from /home/airflow/.local/lib/python3.7/site-packages/airflow/example_dags/example_branch_labels.py
[2024-03-27T19:12:52.260+0000] {processor.py:766} INFO - DAG(s) dict_keys(['example_branch_labels']) retrieved from /home/airflow/.local/lib/python3.7/site-packages/airflow/example_dags/example_branch_labels.py
[2024-03-27T19:12:52.304+0000] {logging_mixin.py:120} INFO - [2024-03-27T19:12:52.304+0000] {dag.py:2585} INFO - Sync 1 DAGs
[2024-03-27T19:12:52.321+0000] {logging_mixin.py:120} INFO - [2024-03-27T19:12:52.320+0000] {dag.py:3340} INFO - Setting next_dagrun for example_branch_labels to 2024-03-26T00:00:00+00:00, run_after=2024-03-27T00:00:00+00:00
[2024-03-27T19:12:52.331+0000] {processor.py:176} INFO - Processing /home/airflow/.local/lib/python3.7/site-packages/airflow/example_dags/example_branch_labels.py took 0.093 seconds
[2024-03-27T19:13:32.210+0000] {processor.py:154} INFO - Started process (PID=178) to work on /home/airflow/.local/lib/python3.7/site-packages/airflow/example_dags/example_branch_labels.py
[2024-03-27T19:13:32.211+0000] {processor.py:756} INFO - Processing file /home/airflow/.local/lib/python3.7/site-packages/airflow/example_dags/example_branch_labels.py for tasks to queue
[2024-03-27T19:13:32.212+0000] {logging_mixin.py:120} INFO - [2024-03-27T19:13:32.212+0000] {dagbag.py:537} INFO - Filling up the DagBag from /home/airflow/.local/lib/python3.7/site-packages/airflow/example_dags/example_branch_labels.py
[2024-03-27T19:13:32.226+0000] {processor.py:766} INFO - DAG(s) dict_keys(['example_branch_labels']) retrieved from /home/airflow/.local/lib/python3.7/site-packages/airflow/example_dags/example_branch_labels.py
[2024-03-27T19:13:32.328+0000] {logging_mixin.py:120} INFO - [2024-03-27T19:13:32.328+0000] {dag.py:2585} INFO - Sync 1 DAGs
[2024-03-27T19:13:32.367+0000] {logging_mixin.py:120} INFO - [2024-03-27T19:13:32.367+0000] {dag.py:3340} INFO - Setting next_dagrun for example_branch_labels to 2024-03-26T00:00:00+00:00, run_after=2024-03-27T00:00:00+00:00
[2024-03-27T19:13:32.387+0000] {processor.py:176} INFO - Processing /home/airflow/.local/lib/python3.7/site-packages/airflow/example_dags/example_branch_labels.py took 0.181 seconds
[2024-03-27T19:13:56.906+0000] {processor.py:154} INFO - Started process (PID=66) to work on /home/airflow/.local/lib/python3.7/site-packages/airflow/example_dags/example_branch_labels.py
[2024-03-27T19:13:56.907+0000] {processor.py:756} INFO - Processing file /home/airflow/.local/lib/python3.7/site-packages/airflow/example_dags/example_branch_labels.py for tasks to queue
[2024-03-27T19:13:56.908+0000] {logging_mixin.py:120} INFO - [2024-03-27T19:13:56.908+0000] {dagbag.py:537} INFO - Filling up the DagBag from /home/airflow/.local/lib/python3.7/site-packages/airflow/example_dags/example_branch_labels.py
[2024-03-27T19:13:56.922+0000] {processor.py:766} INFO - DAG(s) dict_keys(['example_branch_labels']) retrieved from /home/airflow/.local/lib/python3.7/site-packages/airflow/example_dags/example_branch_labels.py
[2024-03-27T19:13:56.956+0000] {logging_mixin.py:120} INFO - [2024-03-27T19:13:56.956+0000] {dag.py:2585} INFO - Sync 1 DAGs
[2024-03-27T19:13:56.972+0000] {logging_mixin.py:120} INFO - [2024-03-27T19:13:56.972+0000] {dag.py:3340} INFO - Setting next_dagrun for example_branch_labels to 2024-03-26T00:00:00+00:00, run_after=2024-03-27T00:00:00+00:00
[2024-03-27T19:13:56.985+0000] {processor.py:176} INFO - Processing /home/airflow/.local/lib/python3.7/site-packages/airflow/example_dags/example_branch_labels.py took 0.084 seconds
[2024-03-27T19:14:48.890+0000] {processor.py:154} INFO - Started process (PID=125) to work on /home/airflow/.local/lib/python3.7/site-packages/airflow/example_dags/example_branch_labels.py
[2024-03-27T19:14:48.892+0000] {processor.py:756} INFO - Processing file /home/airflow/.local/lib/python3.7/site-packages/airflow/example_dags/example_branch_labels.py for tasks to queue
[2024-03-27T19:14:48.895+0000] {logging_mixin.py:120} INFO - [2024-03-27T19:14:48.895+0000] {dagbag.py:537} INFO - Filling up the DagBag from /home/airflow/.local/lib/python3.7/site-packages/airflow/example_dags/example_branch_labels.py
[2024-03-27T19:14:48.930+0000] {processor.py:766} INFO - DAG(s) dict_keys(['example_branch_labels']) retrieved from /home/airflow/.local/lib/python3.7/site-packages/airflow/example_dags/example_branch_labels.py
[2024-03-27T19:14:49.005+0000] {logging_mixin.py:120} INFO - [2024-03-27T19:14:49.004+0000] {dag.py:2585} INFO - Sync 1 DAGs
[2024-03-27T19:14:49.038+0000] {logging_mixin.py:120} INFO - [2024-03-27T19:14:49.037+0000] {dag.py:3340} INFO - Setting next_dagrun for example_branch_labels to 2024-03-26T00:00:00+00:00, run_after=2024-03-27T00:00:00+00:00
[2024-03-27T19:14:49.227+0000] {processor.py:176} INFO - Processing /home/airflow/.local/lib/python3.7/site-packages/airflow/example_dags/example_branch_labels.py took 0.246 seconds
[2024-03-27T19:15:21.743+0000] {processor.py:154} INFO - Started process (PID=66) to work on /home/airflow/.local/lib/python3.7/site-packages/airflow/example_dags/example_branch_labels.py
[2024-03-27T19:15:21.746+0000] {processor.py:756} INFO - Processing file /home/airflow/.local/lib/python3.7/site-packages/airflow/example_dags/example_branch_labels.py for tasks to queue
[2024-03-27T19:15:21.747+0000] {logging_mixin.py:120} INFO - [2024-03-27T19:15:21.747+0000] {dagbag.py:537} INFO - Filling up the DagBag from /home/airflow/.local/lib/python3.7/site-packages/airflow/example_dags/example_branch_labels.py
[2024-03-27T19:15:21.759+0000] {processor.py:766} INFO - DAG(s) dict_keys(['example_branch_labels']) retrieved from /home/airflow/.local/lib/python3.7/site-packages/airflow/example_dags/example_branch_labels.py
[2024-03-27T19:15:21.785+0000] {logging_mixin.py:120} INFO - [2024-03-27T19:15:21.784+0000] {dag.py:2585} INFO - Sync 1 DAGs
[2024-03-27T19:15:21.802+0000] {logging_mixin.py:120} INFO - [2024-03-27T19:15:21.801+0000] {dag.py:3340} INFO - Setting next_dagrun for example_branch_labels to 2024-03-26T00:00:00+00:00, run_after=2024-03-27T00:00:00+00:00
[2024-03-27T19:15:21.818+0000] {processor.py:176} INFO - Processing /home/airflow/.local/lib/python3.7/site-packages/airflow/example_dags/example_branch_labels.py took 0.077 seconds
[2024-03-27T19:15:54.273+0000] {processor.py:154} INFO - Started process (PID=125) to work on /home/airflow/.local/lib/python3.7/site-packages/airflow/example_dags/example_branch_labels.py
[2024-03-27T19:15:54.274+0000] {processor.py:756} INFO - Processing file /home/airflow/.local/lib/python3.7/site-packages/airflow/example_dags/example_branch_labels.py for tasks to queue
[2024-03-27T19:15:54.275+0000] {logging_mixin.py:120} INFO - [2024-03-27T19:15:54.275+0000] {dagbag.py:537} INFO - Filling up the DagBag from /home/airflow/.local/lib/python3.7/site-packages/airflow/example_dags/example_branch_labels.py
[2024-03-27T19:15:54.297+0000] {processor.py:766} INFO - DAG(s) dict_keys(['example_branch_labels']) retrieved from /home/airflow/.local/lib/python3.7/site-packages/airflow/example_dags/example_branch_labels.py
[2024-03-27T19:15:54.343+0000] {logging_mixin.py:120} INFO - [2024-03-27T19:15:54.343+0000] {dag.py:2585} INFO - Sync 1 DAGs
[2024-03-27T19:15:54.378+0000] {logging_mixin.py:120} INFO - [2024-03-27T19:15:54.378+0000] {dag.py:3340} INFO - Setting next_dagrun for example_branch_labels to 2024-03-26T00:00:00+00:00, run_after=2024-03-27T00:00:00+00:00
[2024-03-27T19:15:54.413+0000] {processor.py:176} INFO - Processing /home/airflow/.local/lib/python3.7/site-packages/airflow/example_dags/example_branch_labels.py took 0.144 seconds
[2024-03-27T19:16:26.014+0000] {processor.py:154} INFO - Started process (PID=184) to work on /home/airflow/.local/lib/python3.7/site-packages/airflow/example_dags/example_branch_labels.py
[2024-03-27T19:16:26.018+0000] {processor.py:756} INFO - Processing file /home/airflow/.local/lib/python3.7/site-packages/airflow/example_dags/example_branch_labels.py for tasks to queue
[2024-03-27T19:16:26.018+0000] {logging_mixin.py:120} INFO - [2024-03-27T19:16:26.018+0000] {dagbag.py:537} INFO - Filling up the DagBag from /home/airflow/.local/lib/python3.7/site-packages/airflow/example_dags/example_branch_labels.py
[2024-03-27T19:16:26.035+0000] {processor.py:766} INFO - DAG(s) dict_keys(['example_branch_labels']) retrieved from /home/airflow/.local/lib/python3.7/site-packages/airflow/example_dags/example_branch_labels.py
[2024-03-27T19:16:26.090+0000] {logging_mixin.py:120} INFO - [2024-03-27T19:16:26.090+0000] {dag.py:2585} INFO - Sync 1 DAGs
[2024-03-27T19:16:26.128+0000] {logging_mixin.py:120} INFO - [2024-03-27T19:16:26.128+0000] {dag.py:3340} INFO - Setting next_dagrun for example_branch_labels to 2024-03-26T00:00:00+00:00, run_after=2024-03-27T00:00:00+00:00
[2024-03-27T19:16:26.154+0000] {processor.py:176} INFO - Processing /home/airflow/.local/lib/python3.7/site-packages/airflow/example_dags/example_branch_labels.py took 0.146 seconds
[2024-03-27T19:16:50.802+0000] {processor.py:154} INFO - Started process (PID=65) to work on /home/airflow/.local/lib/python3.7/site-packages/airflow/example_dags/example_branch_labels.py
[2024-03-27T19:16:50.803+0000] {processor.py:756} INFO - Processing file /home/airflow/.local/lib/python3.7/site-packages/airflow/example_dags/example_branch_labels.py for tasks to queue
[2024-03-27T19:16:50.804+0000] {logging_mixin.py:120} INFO - [2024-03-27T19:16:50.804+0000] {dagbag.py:537} INFO - Filling up the DagBag from /home/airflow/.local/lib/python3.7/site-packages/airflow/example_dags/example_branch_labels.py
[2024-03-27T19:16:50.827+0000] {processor.py:766} INFO - DAG(s) dict_keys(['example_branch_labels']) retrieved from /home/airflow/.local/lib/python3.7/site-packages/airflow/example_dags/example_branch_labels.py
[2024-03-27T19:16:50.857+0000] {logging_mixin.py:120} INFO - [2024-03-27T19:16:50.857+0000] {dag.py:2585} INFO - Sync 1 DAGs
[2024-03-27T19:16:50.886+0000] {logging_mixin.py:120} INFO - [2024-03-27T19:16:50.886+0000] {dag.py:3340} INFO - Setting next_dagrun for example_branch_labels to 2024-03-26T00:00:00+00:00, run_after=2024-03-27T00:00:00+00:00
[2024-03-27T19:16:50.901+0000] {processor.py:176} INFO - Processing /home/airflow/.local/lib/python3.7/site-packages/airflow/example_dags/example_branch_labels.py took 0.102 seconds
[2024-03-27T19:17:28.075+0000] {processor.py:154} INFO - Started process (PID=123) to work on /home/airflow/.local/lib/python3.7/site-packages/airflow/example_dags/example_branch_labels.py
[2024-03-27T19:17:28.089+0000] {processor.py:756} INFO - Processing file /home/airflow/.local/lib/python3.7/site-packages/airflow/example_dags/example_branch_labels.py for tasks to queue
[2024-03-27T19:17:28.093+0000] {logging_mixin.py:120} INFO - [2024-03-27T19:17:28.092+0000] {dagbag.py:537} INFO - Filling up the DagBag from /home/airflow/.local/lib/python3.7/site-packages/airflow/example_dags/example_branch_labels.py
[2024-03-27T19:17:28.171+0000] {processor.py:766} INFO - DAG(s) dict_keys(['example_branch_labels']) retrieved from /home/airflow/.local/lib/python3.7/site-packages/airflow/example_dags/example_branch_labels.py
[2024-03-27T19:17:28.302+0000] {logging_mixin.py:120} INFO - [2024-03-27T19:17:28.302+0000] {dag.py:2585} INFO - Sync 1 DAGs
[2024-03-27T19:17:28.410+0000] {logging_mixin.py:120} INFO - [2024-03-27T19:17:28.410+0000] {dag.py:3340} INFO - Setting next_dagrun for example_branch_labels to 2024-03-26T00:00:00+00:00, run_after=2024-03-27T00:00:00+00:00
[2024-03-27T19:17:28.473+0000] {processor.py:176} INFO - Processing /home/airflow/.local/lib/python3.7/site-packages/airflow/example_dags/example_branch_labels.py took 0.422 seconds
[2024-03-27T19:18:20.027+0000] {processor.py:154} INFO - Started process (PID=66) to work on /home/airflow/.local/lib/python3.7/site-packages/airflow/example_dags/example_branch_labels.py
[2024-03-27T19:18:20.028+0000] {processor.py:756} INFO - Processing file /home/airflow/.local/lib/python3.7/site-packages/airflow/example_dags/example_branch_labels.py for tasks to queue
[2024-03-27T19:18:20.028+0000] {logging_mixin.py:120} INFO - [2024-03-27T19:18:20.028+0000] {dagbag.py:537} INFO - Filling up the DagBag from /home/airflow/.local/lib/python3.7/site-packages/airflow/example_dags/example_branch_labels.py
[2024-03-27T19:18:20.040+0000] {processor.py:766} INFO - DAG(s) dict_keys(['example_branch_labels']) retrieved from /home/airflow/.local/lib/python3.7/site-packages/airflow/example_dags/example_branch_labels.py
[2024-03-27T19:18:20.078+0000] {logging_mixin.py:120} INFO - [2024-03-27T19:18:20.078+0000] {dag.py:2585} INFO - Sync 1 DAGs
[2024-03-27T19:18:20.096+0000] {logging_mixin.py:120} INFO - [2024-03-27T19:18:20.096+0000] {dag.py:3340} INFO - Setting next_dagrun for example_branch_labels to 2024-03-26T00:00:00+00:00, run_after=2024-03-27T00:00:00+00:00
[2024-03-27T19:18:20.112+0000] {processor.py:176} INFO - Processing /home/airflow/.local/lib/python3.7/site-packages/airflow/example_dags/example_branch_labels.py took 0.088 seconds
[2024-03-27T19:18:51.248+0000] {processor.py:154} INFO - Started process (PID=124) to work on /home/airflow/.local/lib/python3.7/site-packages/airflow/example_dags/example_branch_labels.py
[2024-03-27T19:18:51.253+0000] {processor.py:756} INFO - Processing file /home/airflow/.local/lib/python3.7/site-packages/airflow/example_dags/example_branch_labels.py for tasks to queue
[2024-03-27T19:18:51.254+0000] {logging_mixin.py:120} INFO - [2024-03-27T19:18:51.254+0000] {dagbag.py:537} INFO - Filling up the DagBag from /home/airflow/.local/lib/python3.7/site-packages/airflow/example_dags/example_branch_labels.py
[2024-03-27T19:18:51.268+0000] {processor.py:766} INFO - DAG(s) dict_keys(['example_branch_labels']) retrieved from /home/airflow/.local/lib/python3.7/site-packages/airflow/example_dags/example_branch_labels.py
[2024-03-27T19:18:51.296+0000] {logging_mixin.py:120} INFO - [2024-03-27T19:18:51.296+0000] {dag.py:2585} INFO - Sync 1 DAGs
[2024-03-27T19:18:51.313+0000] {logging_mixin.py:120} INFO - [2024-03-27T19:18:51.313+0000] {dag.py:3340} INFO - Setting next_dagrun for example_branch_labels to 2024-03-26T00:00:00+00:00, run_after=2024-03-27T00:00:00+00:00
[2024-03-27T19:18:51.324+0000] {processor.py:176} INFO - Processing /home/airflow/.local/lib/python3.7/site-packages/airflow/example_dags/example_branch_labels.py took 0.080 seconds
[2024-03-27T19:19:41.368+0000] {processor.py:154} INFO - Started process (PID=66) to work on /home/airflow/.local/lib/python3.7/site-packages/airflow/example_dags/example_branch_labels.py
[2024-03-27T19:19:41.369+0000] {processor.py:756} INFO - Processing file /home/airflow/.local/lib/python3.7/site-packages/airflow/example_dags/example_branch_labels.py for tasks to queue
[2024-03-27T19:19:41.370+0000] {logging_mixin.py:120} INFO - [2024-03-27T19:19:41.370+0000] {dagbag.py:537} INFO - Filling up the DagBag from /home/airflow/.local/lib/python3.7/site-packages/airflow/example_dags/example_branch_labels.py
[2024-03-27T19:19:41.381+0000] {processor.py:766} INFO - DAG(s) dict_keys(['example_branch_labels']) retrieved from /home/airflow/.local/lib/python3.7/site-packages/airflow/example_dags/example_branch_labels.py
[2024-03-27T19:19:41.405+0000] {logging_mixin.py:120} INFO - [2024-03-27T19:19:41.405+0000] {dag.py:2585} INFO - Sync 1 DAGs
[2024-03-27T19:19:41.420+0000] {logging_mixin.py:120} INFO - [2024-03-27T19:19:41.420+0000] {dag.py:3340} INFO - Setting next_dagrun for example_branch_labels to 2024-03-26T00:00:00+00:00, run_after=2024-03-27T00:00:00+00:00
[2024-03-27T19:19:41.433+0000] {processor.py:176} INFO - Processing /home/airflow/.local/lib/python3.7/site-packages/airflow/example_dags/example_branch_labels.py took 0.067 seconds
[2024-03-27T19:20:22.163+0000] {processor.py:154} INFO - Started process (PID=125) to work on /home/airflow/.local/lib/python3.7/site-packages/airflow/example_dags/example_branch_labels.py
[2024-03-27T19:20:22.165+0000] {processor.py:756} INFO - Processing file /home/airflow/.local/lib/python3.7/site-packages/airflow/example_dags/example_branch_labels.py for tasks to queue
[2024-03-27T19:20:22.167+0000] {logging_mixin.py:120} INFO - [2024-03-27T19:20:22.167+0000] {dagbag.py:537} INFO - Filling up the DagBag from /home/airflow/.local/lib/python3.7/site-packages/airflow/example_dags/example_branch_labels.py
[2024-03-27T19:20:22.183+0000] {processor.py:766} INFO - DAG(s) dict_keys(['example_branch_labels']) retrieved from /home/airflow/.local/lib/python3.7/site-packages/airflow/example_dags/example_branch_labels.py
[2024-03-27T19:20:22.226+0000] {logging_mixin.py:120} INFO - [2024-03-27T19:20:22.226+0000] {dag.py:2585} INFO - Sync 1 DAGs
[2024-03-27T19:20:22.270+0000] {logging_mixin.py:120} INFO - [2024-03-27T19:20:22.270+0000] {dag.py:3340} INFO - Setting next_dagrun for example_branch_labels to 2024-03-26T00:00:00+00:00, run_after=2024-03-27T00:00:00+00:00
[2024-03-27T19:20:22.307+0000] {processor.py:176} INFO - Processing /home/airflow/.local/lib/python3.7/site-packages/airflow/example_dags/example_branch_labels.py took 0.152 seconds
[2024-03-27T19:21:23.754+0000] {processor.py:154} INFO - Started process (PID=65) to work on /home/airflow/.local/lib/python3.7/site-packages/airflow/example_dags/example_branch_labels.py
[2024-03-27T19:21:23.755+0000] {processor.py:756} INFO - Processing file /home/airflow/.local/lib/python3.7/site-packages/airflow/example_dags/example_branch_labels.py for tasks to queue
[2024-03-27T19:21:23.755+0000] {logging_mixin.py:120} INFO - [2024-03-27T19:21:23.755+0000] {dagbag.py:537} INFO - Filling up the DagBag from /home/airflow/.local/lib/python3.7/site-packages/airflow/example_dags/example_branch_labels.py
[2024-03-27T19:21:23.769+0000] {processor.py:766} INFO - DAG(s) dict_keys(['example_branch_labels']) retrieved from /home/airflow/.local/lib/python3.7/site-packages/airflow/example_dags/example_branch_labels.py
[2024-03-27T19:21:23.795+0000] {logging_mixin.py:120} INFO - [2024-03-27T19:21:23.794+0000] {dag.py:2585} INFO - Sync 1 DAGs
[2024-03-27T19:21:23.809+0000] {logging_mixin.py:120} INFO - [2024-03-27T19:21:23.809+0000] {dag.py:3340} INFO - Setting next_dagrun for example_branch_labels to 2024-03-26T00:00:00+00:00, run_after=2024-03-27T00:00:00+00:00
[2024-03-27T19:21:23.823+0000] {processor.py:176} INFO - Processing /home/airflow/.local/lib/python3.7/site-packages/airflow/example_dags/example_branch_labels.py took 0.071 seconds
[2024-03-27T19:21:54.383+0000] {processor.py:154} INFO - Started process (PID=115) to work on /home/airflow/.local/lib/python3.7/site-packages/airflow/example_dags/example_branch_labels.py
[2024-03-27T19:21:54.384+0000] {processor.py:756} INFO - Processing file /home/airflow/.local/lib/python3.7/site-packages/airflow/example_dags/example_branch_labels.py for tasks to queue
[2024-03-27T19:21:54.385+0000] {logging_mixin.py:120} INFO - [2024-03-27T19:21:54.384+0000] {dagbag.py:537} INFO - Filling up the DagBag from /home/airflow/.local/lib/python3.7/site-packages/airflow/example_dags/example_branch_labels.py
[2024-03-27T19:21:54.397+0000] {processor.py:766} INFO - DAG(s) dict_keys(['example_branch_labels']) retrieved from /home/airflow/.local/lib/python3.7/site-packages/airflow/example_dags/example_branch_labels.py
[2024-03-27T19:21:54.429+0000] {logging_mixin.py:120} INFO - [2024-03-27T19:21:54.428+0000] {dag.py:2585} INFO - Sync 1 DAGs
[2024-03-27T19:21:54.451+0000] {logging_mixin.py:120} INFO - [2024-03-27T19:21:54.451+0000] {dag.py:3340} INFO - Setting next_dagrun for example_branch_labels to 2024-03-26T00:00:00+00:00, run_after=2024-03-27T00:00:00+00:00
[2024-03-27T19:21:54.469+0000] {processor.py:176} INFO - Processing /home/airflow/.local/lib/python3.7/site-packages/airflow/example_dags/example_branch_labels.py took 0.087 seconds
[2024-03-27T19:22:31.051+0000] {processor.py:154} INFO - Started process (PID=56) to work on /home/airflow/.local/lib/python3.7/site-packages/airflow/example_dags/example_branch_labels.py
[2024-03-27T19:22:31.051+0000] {processor.py:756} INFO - Processing file /home/airflow/.local/lib/python3.7/site-packages/airflow/example_dags/example_branch_labels.py for tasks to queue
[2024-03-27T19:22:31.052+0000] {logging_mixin.py:120} INFO - [2024-03-27T19:22:31.052+0000] {dagbag.py:537} INFO - Filling up the DagBag from /home/airflow/.local/lib/python3.7/site-packages/airflow/example_dags/example_branch_labels.py
[2024-03-27T19:22:31.062+0000] {processor.py:766} INFO - DAG(s) dict_keys(['example_branch_labels']) retrieved from /home/airflow/.local/lib/python3.7/site-packages/airflow/example_dags/example_branch_labels.py
[2024-03-27T19:22:31.085+0000] {logging_mixin.py:120} INFO - [2024-03-27T19:22:31.085+0000] {dag.py:2585} INFO - Sync 1 DAGs
[2024-03-27T19:22:31.100+0000] {logging_mixin.py:120} INFO - [2024-03-27T19:22:31.100+0000] {dag.py:3340} INFO - Setting next_dagrun for example_branch_labels to 2024-03-26T00:00:00+00:00, run_after=2024-03-27T00:00:00+00:00
[2024-03-27T19:22:31.111+0000] {processor.py:176} INFO - Processing /home/airflow/.local/lib/python3.7/site-packages/airflow/example_dags/example_branch_labels.py took 0.062 seconds
[2024-03-27T19:23:01.562+0000] {processor.py:154} INFO - Started process (PID=124) to work on /home/airflow/.local/lib/python3.7/site-packages/airflow/example_dags/example_branch_labels.py
[2024-03-27T19:23:01.563+0000] {processor.py:756} INFO - Processing file /home/airflow/.local/lib/python3.7/site-packages/airflow/example_dags/example_branch_labels.py for tasks to queue
[2024-03-27T19:23:01.564+0000] {logging_mixin.py:120} INFO - [2024-03-27T19:23:01.564+0000] {dagbag.py:537} INFO - Filling up the DagBag from /home/airflow/.local/lib/python3.7/site-packages/airflow/example_dags/example_branch_labels.py
[2024-03-27T19:23:01.572+0000] {processor.py:766} INFO - DAG(s) dict_keys(['example_branch_labels']) retrieved from /home/airflow/.local/lib/python3.7/site-packages/airflow/example_dags/example_branch_labels.py
[2024-03-27T19:23:01.593+0000] {logging_mixin.py:120} INFO - [2024-03-27T19:23:01.593+0000] {dag.py:2585} INFO - Sync 1 DAGs
[2024-03-27T19:23:01.612+0000] {logging_mixin.py:120} INFO - [2024-03-27T19:23:01.612+0000] {dag.py:3340} INFO - Setting next_dagrun for example_branch_labels to 2024-03-26T00:00:00+00:00, run_after=2024-03-27T00:00:00+00:00
[2024-03-27T19:23:01.621+0000] {processor.py:176} INFO - Processing /home/airflow/.local/lib/python3.7/site-packages/airflow/example_dags/example_branch_labels.py took 0.061 seconds
[2024-03-27T19:24:28.299+0000] {processor.py:154} INFO - Started process (PID=183) to work on /home/airflow/.local/lib/python3.7/site-packages/airflow/example_dags/example_branch_labels.py
[2024-03-27T19:24:28.300+0000] {processor.py:756} INFO - Processing file /home/airflow/.local/lib/python3.7/site-packages/airflow/example_dags/example_branch_labels.py for tasks to queue
[2024-03-27T19:24:28.300+0000] {logging_mixin.py:120} INFO - [2024-03-27T19:24:28.300+0000] {dagbag.py:537} INFO - Filling up the DagBag from /home/airflow/.local/lib/python3.7/site-packages/airflow/example_dags/example_branch_labels.py
[2024-03-27T19:24:28.311+0000] {processor.py:766} INFO - DAG(s) dict_keys(['example_branch_labels']) retrieved from /home/airflow/.local/lib/python3.7/site-packages/airflow/example_dags/example_branch_labels.py
[2024-03-27T19:24:28.334+0000] {logging_mixin.py:120} INFO - [2024-03-27T19:24:28.334+0000] {dag.py:2585} INFO - Sync 1 DAGs
[2024-03-27T19:24:28.348+0000] {logging_mixin.py:120} INFO - [2024-03-27T19:24:28.348+0000] {dag.py:3340} INFO - Setting next_dagrun for example_branch_labels to 2024-03-26T00:00:00+00:00, run_after=2024-03-27T00:00:00+00:00
[2024-03-27T19:24:28.358+0000] {processor.py:176} INFO - Processing /home/airflow/.local/lib/python3.7/site-packages/airflow/example_dags/example_branch_labels.py took 0.061 seconds
[2024-03-27T19:24:54.290+0000] {processor.py:154} INFO - Started process (PID=56) to work on /home/airflow/.local/lib/python3.7/site-packages/airflow/example_dags/example_branch_labels.py
[2024-03-27T19:24:54.291+0000] {processor.py:756} INFO - Processing file /home/airflow/.local/lib/python3.7/site-packages/airflow/example_dags/example_branch_labels.py for tasks to queue
[2024-03-27T19:24:54.291+0000] {logging_mixin.py:120} INFO - [2024-03-27T19:24:54.291+0000] {dagbag.py:537} INFO - Filling up the DagBag from /home/airflow/.local/lib/python3.7/site-packages/airflow/example_dags/example_branch_labels.py
[2024-03-27T19:24:54.303+0000] {processor.py:766} INFO - DAG(s) dict_keys(['example_branch_labels']) retrieved from /home/airflow/.local/lib/python3.7/site-packages/airflow/example_dags/example_branch_labels.py
[2024-03-27T19:24:54.327+0000] {logging_mixin.py:120} INFO - [2024-03-27T19:24:54.327+0000] {dag.py:2585} INFO - Sync 1 DAGs
[2024-03-27T19:24:54.370+0000] {logging_mixin.py:120} INFO - [2024-03-27T19:24:54.370+0000] {dag.py:3340} INFO - Setting next_dagrun for example_branch_labels to 2024-03-26T00:00:00+00:00, run_after=2024-03-27T00:00:00+00:00
[2024-03-27T19:24:54.403+0000] {processor.py:176} INFO - Processing /home/airflow/.local/lib/python3.7/site-packages/airflow/example_dags/example_branch_labels.py took 0.116 seconds
[2024-03-27T19:25:24.737+0000] {processor.py:154} INFO - Started process (PID=123) to work on /home/airflow/.local/lib/python3.7/site-packages/airflow/example_dags/example_branch_labels.py
[2024-03-27T19:25:24.738+0000] {processor.py:756} INFO - Processing file /home/airflow/.local/lib/python3.7/site-packages/airflow/example_dags/example_branch_labels.py for tasks to queue
[2024-03-27T19:25:24.738+0000] {logging_mixin.py:120} INFO - [2024-03-27T19:25:24.738+0000] {dagbag.py:537} INFO - Filling up the DagBag from /home/airflow/.local/lib/python3.7/site-packages/airflow/example_dags/example_branch_labels.py
[2024-03-27T19:25:24.746+0000] {processor.py:766} INFO - DAG(s) dict_keys(['example_branch_labels']) retrieved from /home/airflow/.local/lib/python3.7/site-packages/airflow/example_dags/example_branch_labels.py
[2024-03-27T19:25:24.766+0000] {logging_mixin.py:120} INFO - [2024-03-27T19:25:24.766+0000] {dag.py:2585} INFO - Sync 1 DAGs
[2024-03-27T19:25:24.780+0000] {logging_mixin.py:120} INFO - [2024-03-27T19:25:24.780+0000] {dag.py:3340} INFO - Setting next_dagrun for example_branch_labels to 2024-03-26T00:00:00+00:00, run_after=2024-03-27T00:00:00+00:00
[2024-03-27T19:25:24.789+0000] {processor.py:176} INFO - Processing /home/airflow/.local/lib/python3.7/site-packages/airflow/example_dags/example_branch_labels.py took 0.054 seconds
[2024-03-27T19:25:55.312+0000] {processor.py:154} INFO - Started process (PID=192) to work on /home/airflow/.local/lib/python3.7/site-packages/airflow/example_dags/example_branch_labels.py
[2024-03-27T19:25:55.313+0000] {processor.py:756} INFO - Processing file /home/airflow/.local/lib/python3.7/site-packages/airflow/example_dags/example_branch_labels.py for tasks to queue
[2024-03-27T19:25:55.313+0000] {logging_mixin.py:120} INFO - [2024-03-27T19:25:55.313+0000] {dagbag.py:537} INFO - Filling up the DagBag from /home/airflow/.local/lib/python3.7/site-packages/airflow/example_dags/example_branch_labels.py
[2024-03-27T19:25:55.322+0000] {processor.py:766} INFO - DAG(s) dict_keys(['example_branch_labels']) retrieved from /home/airflow/.local/lib/python3.7/site-packages/airflow/example_dags/example_branch_labels.py
[2024-03-27T19:25:55.342+0000] {logging_mixin.py:120} INFO - [2024-03-27T19:25:55.342+0000] {dag.py:2585} INFO - Sync 1 DAGs
[2024-03-27T19:25:55.355+0000] {logging_mixin.py:120} INFO - [2024-03-27T19:25:55.355+0000] {dag.py:3340} INFO - Setting next_dagrun for example_branch_labels to 2024-03-26T00:00:00+00:00, run_after=2024-03-27T00:00:00+00:00
[2024-03-27T19:25:55.363+0000] {processor.py:176} INFO - Processing /home/airflow/.local/lib/python3.7/site-packages/airflow/example_dags/example_branch_labels.py took 0.053 seconds
[2024-03-27T19:26:25.611+0000] {processor.py:154} INFO - Started process (PID=251) to work on /home/airflow/.local/lib/python3.7/site-packages/airflow/example_dags/example_branch_labels.py
[2024-03-27T19:26:25.611+0000] {processor.py:756} INFO - Processing file /home/airflow/.local/lib/python3.7/site-packages/airflow/example_dags/example_branch_labels.py for tasks to queue
[2024-03-27T19:26:25.612+0000] {logging_mixin.py:120} INFO - [2024-03-27T19:26:25.612+0000] {dagbag.py:537} INFO - Filling up the DagBag from /home/airflow/.local/lib/python3.7/site-packages/airflow/example_dags/example_branch_labels.py
[2024-03-27T19:26:25.624+0000] {processor.py:766} INFO - DAG(s) dict_keys(['example_branch_labels']) retrieved from /home/airflow/.local/lib/python3.7/site-packages/airflow/example_dags/example_branch_labels.py
[2024-03-27T19:26:25.648+0000] {logging_mixin.py:120} INFO - [2024-03-27T19:26:25.648+0000] {dag.py:2585} INFO - Sync 1 DAGs
[2024-03-27T19:26:25.665+0000] {logging_mixin.py:120} INFO - [2024-03-27T19:26:25.665+0000] {dag.py:3340} INFO - Setting next_dagrun for example_branch_labels to 2024-03-26T00:00:00+00:00, run_after=2024-03-27T00:00:00+00:00
[2024-03-27T19:26:25.674+0000] {processor.py:176} INFO - Processing /home/airflow/.local/lib/python3.7/site-packages/airflow/example_dags/example_branch_labels.py took 0.065 seconds
[2024-03-27T19:26:57.237+0000] {processor.py:154} INFO - Started process (PID=57) to work on /home/airflow/.local/lib/python3.7/site-packages/airflow/example_dags/example_branch_labels.py
[2024-03-27T19:26:57.238+0000] {processor.py:756} INFO - Processing file /home/airflow/.local/lib/python3.7/site-packages/airflow/example_dags/example_branch_labels.py for tasks to queue
[2024-03-27T19:26:57.238+0000] {logging_mixin.py:120} INFO - [2024-03-27T19:26:57.238+0000] {dagbag.py:537} INFO - Filling up the DagBag from /home/airflow/.local/lib/python3.7/site-packages/airflow/example_dags/example_branch_labels.py
[2024-03-27T19:26:57.248+0000] {processor.py:766} INFO - DAG(s) dict_keys(['example_branch_labels']) retrieved from /home/airflow/.local/lib/python3.7/site-packages/airflow/example_dags/example_branch_labels.py
[2024-03-27T19:26:57.268+0000] {logging_mixin.py:120} INFO - [2024-03-27T19:26:57.268+0000] {dag.py:2585} INFO - Sync 1 DAGs
[2024-03-27T19:26:57.280+0000] {logging_mixin.py:120} INFO - [2024-03-27T19:26:57.280+0000] {dag.py:3340} INFO - Setting next_dagrun for example_branch_labels to 2024-03-26T00:00:00+00:00, run_after=2024-03-27T00:00:00+00:00
[2024-03-27T19:26:57.291+0000] {processor.py:176} INFO - Processing /home/airflow/.local/lib/python3.7/site-packages/airflow/example_dags/example_branch_labels.py took 0.055 seconds
[2024-03-27T19:27:27.525+0000] {processor.py:154} INFO - Started process (PID=124) to work on /home/airflow/.local/lib/python3.7/site-packages/airflow/example_dags/example_branch_labels.py
[2024-03-27T19:27:27.526+0000] {processor.py:756} INFO - Processing file /home/airflow/.local/lib/python3.7/site-packages/airflow/example_dags/example_branch_labels.py for tasks to queue
[2024-03-27T19:27:27.526+0000] {logging_mixin.py:120} INFO - [2024-03-27T19:27:27.526+0000] {dagbag.py:537} INFO - Filling up the DagBag from /home/airflow/.local/lib/python3.7/site-packages/airflow/example_dags/example_branch_labels.py
[2024-03-27T19:27:27.535+0000] {processor.py:766} INFO - DAG(s) dict_keys(['example_branch_labels']) retrieved from /home/airflow/.local/lib/python3.7/site-packages/airflow/example_dags/example_branch_labels.py
[2024-03-27T19:27:27.555+0000] {logging_mixin.py:120} INFO - [2024-03-27T19:27:27.555+0000] {dag.py:2585} INFO - Sync 1 DAGs
[2024-03-27T19:27:27.568+0000] {logging_mixin.py:120} INFO - [2024-03-27T19:27:27.568+0000] {dag.py:3340} INFO - Setting next_dagrun for example_branch_labels to 2024-03-26T00:00:00+00:00, run_after=2024-03-27T00:00:00+00:00
[2024-03-27T19:27:27.577+0000] {processor.py:176} INFO - Processing /home/airflow/.local/lib/python3.7/site-packages/airflow/example_dags/example_branch_labels.py took 0.054 seconds
[2024-03-27T19:28:22.668+0000] {processor.py:154} INFO - Started process (PID=232) to work on /home/airflow/.local/lib/python3.7/site-packages/airflow/example_dags/example_branch_labels.py
[2024-03-27T19:28:22.670+0000] {processor.py:756} INFO - Processing file /home/airflow/.local/lib/python3.7/site-packages/airflow/example_dags/example_branch_labels.py for tasks to queue
[2024-03-27T19:28:22.672+0000] {logging_mixin.py:120} INFO - [2024-03-27T19:28:22.672+0000] {dagbag.py:537} INFO - Filling up the DagBag from /home/airflow/.local/lib/python3.7/site-packages/airflow/example_dags/example_branch_labels.py
[2024-03-27T19:28:22.706+0000] {processor.py:766} INFO - DAG(s) dict_keys(['example_branch_labels']) retrieved from /home/airflow/.local/lib/python3.7/site-packages/airflow/example_dags/example_branch_labels.py
[2024-03-27T19:28:22.804+0000] {logging_mixin.py:120} INFO - [2024-03-27T19:28:22.803+0000] {dag.py:2585} INFO - Sync 1 DAGs
[2024-03-27T19:28:22.861+0000] {logging_mixin.py:120} INFO - [2024-03-27T19:28:22.861+0000] {dag.py:3340} INFO - Setting next_dagrun for example_branch_labels to 2024-03-27T00:00:00+00:00, run_after=2024-03-28T00:00:00+00:00
[2024-03-27T19:28:22.897+0000] {processor.py:176} INFO - Processing /home/airflow/.local/lib/python3.7/site-packages/airflow/example_dags/example_branch_labels.py took 0.232 seconds
[2024-03-27T19:28:53.249+0000] {processor.py:154} INFO - Started process (PID=292) to work on /home/airflow/.local/lib/python3.7/site-packages/airflow/example_dags/example_branch_labels.py
[2024-03-27T19:28:53.251+0000] {processor.py:756} INFO - Processing file /home/airflow/.local/lib/python3.7/site-packages/airflow/example_dags/example_branch_labels.py for tasks to queue
[2024-03-27T19:28:53.254+0000] {logging_mixin.py:120} INFO - [2024-03-27T19:28:53.254+0000] {dagbag.py:537} INFO - Filling up the DagBag from /home/airflow/.local/lib/python3.7/site-packages/airflow/example_dags/example_branch_labels.py
[2024-03-27T19:28:53.300+0000] {processor.py:766} INFO - DAG(s) dict_keys(['example_branch_labels']) retrieved from /home/airflow/.local/lib/python3.7/site-packages/airflow/example_dags/example_branch_labels.py
[2024-03-27T19:28:53.375+0000] {logging_mixin.py:120} INFO - [2024-03-27T19:28:53.375+0000] {dag.py:2585} INFO - Sync 1 DAGs
[2024-03-27T19:28:53.405+0000] {logging_mixin.py:120} INFO - [2024-03-27T19:28:53.405+0000] {dag.py:3340} INFO - Setting next_dagrun for example_branch_labels to 2024-03-27T00:00:00+00:00, run_after=2024-03-28T00:00:00+00:00
[2024-03-27T19:28:53.444+0000] {processor.py:176} INFO - Processing /home/airflow/.local/lib/python3.7/site-packages/airflow/example_dags/example_branch_labels.py took 0.209 seconds
[2024-03-27T19:29:34.396+0000] {processor.py:154} INFO - Started process (PID=361) to work on /home/airflow/.local/lib/python3.7/site-packages/airflow/example_dags/example_branch_labels.py
[2024-03-27T19:29:34.401+0000] {processor.py:756} INFO - Processing file /home/airflow/.local/lib/python3.7/site-packages/airflow/example_dags/example_branch_labels.py for tasks to queue
[2024-03-27T19:29:34.404+0000] {logging_mixin.py:120} INFO - [2024-03-27T19:29:34.403+0000] {dagbag.py:537} INFO - Filling up the DagBag from /home/airflow/.local/lib/python3.7/site-packages/airflow/example_dags/example_branch_labels.py
[2024-03-27T19:29:34.444+0000] {processor.py:766} INFO - DAG(s) dict_keys(['example_branch_labels']) retrieved from /home/airflow/.local/lib/python3.7/site-packages/airflow/example_dags/example_branch_labels.py
[2024-03-27T19:29:34.523+0000] {logging_mixin.py:120} INFO - [2024-03-27T19:29:34.523+0000] {dag.py:2585} INFO - Sync 1 DAGs
[2024-03-27T19:29:34.551+0000] {logging_mixin.py:120} INFO - [2024-03-27T19:29:34.551+0000] {dag.py:3340} INFO - Setting next_dagrun for example_branch_labels to 2024-03-27T00:00:00+00:00, run_after=2024-03-28T00:00:00+00:00
[2024-03-27T19:29:34.581+0000] {processor.py:176} INFO - Processing /home/airflow/.local/lib/python3.7/site-packages/airflow/example_dags/example_branch_labels.py took 0.190 seconds
[2024-03-27T19:30:11.282+0000] {processor.py:154} INFO - Started process (PID=416) to work on /home/airflow/.local/lib/python3.7/site-packages/airflow/example_dags/example_branch_labels.py
[2024-03-27T19:30:11.284+0000] {processor.py:756} INFO - Processing file /home/airflow/.local/lib/python3.7/site-packages/airflow/example_dags/example_branch_labels.py for tasks to queue
[2024-03-27T19:30:11.285+0000] {logging_mixin.py:120} INFO - [2024-03-27T19:30:11.285+0000] {dagbag.py:537} INFO - Filling up the DagBag from /home/airflow/.local/lib/python3.7/site-packages/airflow/example_dags/example_branch_labels.py
[2024-03-27T19:30:11.305+0000] {processor.py:766} INFO - DAG(s) dict_keys(['example_branch_labels']) retrieved from /home/airflow/.local/lib/python3.7/site-packages/airflow/example_dags/example_branch_labels.py
[2024-03-27T19:30:11.371+0000] {logging_mixin.py:120} INFO - [2024-03-27T19:30:11.370+0000] {dag.py:2585} INFO - Sync 1 DAGs
[2024-03-27T19:30:11.526+0000] {logging_mixin.py:120} INFO - [2024-03-27T19:30:11.526+0000] {dag.py:3340} INFO - Setting next_dagrun for example_branch_labels to 2024-03-27T00:00:00+00:00, run_after=2024-03-28T00:00:00+00:00
[2024-03-27T19:30:11.578+0000] {processor.py:176} INFO - Processing /home/airflow/.local/lib/python3.7/site-packages/airflow/example_dags/example_branch_labels.py took 0.301 seconds
[2024-03-27T19:30:54.978+0000] {processor.py:154} INFO - Started process (PID=466) to work on /home/airflow/.local/lib/python3.7/site-packages/airflow/example_dags/example_branch_labels.py
[2024-03-27T19:30:54.981+0000] {processor.py:756} INFO - Processing file /home/airflow/.local/lib/python3.7/site-packages/airflow/example_dags/example_branch_labels.py for tasks to queue
[2024-03-27T19:30:54.983+0000] {logging_mixin.py:120} INFO - [2024-03-27T19:30:54.983+0000] {dagbag.py:537} INFO - Filling up the DagBag from /home/airflow/.local/lib/python3.7/site-packages/airflow/example_dags/example_branch_labels.py
[2024-03-27T19:30:55.013+0000] {processor.py:766} INFO - DAG(s) dict_keys(['example_branch_labels']) retrieved from /home/airflow/.local/lib/python3.7/site-packages/airflow/example_dags/example_branch_labels.py
[2024-03-27T19:30:55.091+0000] {logging_mixin.py:120} INFO - [2024-03-27T19:30:55.090+0000] {dag.py:2585} INFO - Sync 1 DAGs
[2024-03-27T19:30:55.126+0000] {logging_mixin.py:120} INFO - [2024-03-27T19:30:55.126+0000] {dag.py:3340} INFO - Setting next_dagrun for example_branch_labels to 2024-03-27T00:00:00+00:00, run_after=2024-03-28T00:00:00+00:00
[2024-03-27T19:30:55.156+0000] {processor.py:176} INFO - Processing /home/airflow/.local/lib/python3.7/site-packages/airflow/example_dags/example_branch_labels.py took 0.188 seconds
[2024-03-27T19:31:25.379+0000] {processor.py:154} INFO - Started process (PID=518) to work on /home/airflow/.local/lib/python3.7/site-packages/airflow/example_dags/example_branch_labels.py
[2024-03-27T19:31:25.380+0000] {processor.py:756} INFO - Processing file /home/airflow/.local/lib/python3.7/site-packages/airflow/example_dags/example_branch_labels.py for tasks to queue
[2024-03-27T19:31:25.380+0000] {logging_mixin.py:120} INFO - [2024-03-27T19:31:25.380+0000] {dagbag.py:537} INFO - Filling up the DagBag from /home/airflow/.local/lib/python3.7/site-packages/airflow/example_dags/example_branch_labels.py
[2024-03-27T19:31:25.390+0000] {processor.py:766} INFO - DAG(s) dict_keys(['example_branch_labels']) retrieved from /home/airflow/.local/lib/python3.7/site-packages/airflow/example_dags/example_branch_labels.py
[2024-03-27T19:31:25.414+0000] {logging_mixin.py:120} INFO - [2024-03-27T19:31:25.414+0000] {dag.py:2585} INFO - Sync 1 DAGs
[2024-03-27T19:31:25.429+0000] {logging_mixin.py:120} INFO - [2024-03-27T19:31:25.429+0000] {dag.py:3340} INFO - Setting next_dagrun for example_branch_labels to 2024-03-27T00:00:00+00:00, run_after=2024-03-28T00:00:00+00:00
[2024-03-27T19:31:25.440+0000] {processor.py:176} INFO - Processing /home/airflow/.local/lib/python3.7/site-packages/airflow/example_dags/example_branch_labels.py took 0.063 seconds
[2024-03-27T19:32:04.271+0000] {processor.py:154} INFO - Started process (PID=573) to work on /home/airflow/.local/lib/python3.7/site-packages/airflow/example_dags/example_branch_labels.py
[2024-03-27T19:32:04.276+0000] {processor.py:756} INFO - Processing file /home/airflow/.local/lib/python3.7/site-packages/airflow/example_dags/example_branch_labels.py for tasks to queue
[2024-03-27T19:32:04.278+0000] {logging_mixin.py:120} INFO - [2024-03-27T19:32:04.278+0000] {dagbag.py:537} INFO - Filling up the DagBag from /home/airflow/.local/lib/python3.7/site-packages/airflow/example_dags/example_branch_labels.py
[2024-03-27T19:32:04.308+0000] {processor.py:766} INFO - DAG(s) dict_keys(['example_branch_labels']) retrieved from /home/airflow/.local/lib/python3.7/site-packages/airflow/example_dags/example_branch_labels.py
[2024-03-27T19:32:04.384+0000] {logging_mixin.py:120} INFO - [2024-03-27T19:32:04.384+0000] {dag.py:2585} INFO - Sync 1 DAGs
[2024-03-27T19:32:04.424+0000] {logging_mixin.py:120} INFO - [2024-03-27T19:32:04.424+0000] {dag.py:3340} INFO - Setting next_dagrun for example_branch_labels to 2024-03-27T00:00:00+00:00, run_after=2024-03-28T00:00:00+00:00
[2024-03-27T19:32:04.441+0000] {processor.py:176} INFO - Processing /home/airflow/.local/lib/python3.7/site-packages/airflow/example_dags/example_branch_labels.py took 0.174 seconds
[2024-03-27T19:32:52.995+0000] {processor.py:154} INFO - Started process (PID=628) to work on /home/airflow/.local/lib/python3.7/site-packages/airflow/example_dags/example_branch_labels.py
[2024-03-27T19:32:52.996+0000] {processor.py:756} INFO - Processing file /home/airflow/.local/lib/python3.7/site-packages/airflow/example_dags/example_branch_labels.py for tasks to queue
[2024-03-27T19:32:52.996+0000] {logging_mixin.py:120} INFO - [2024-03-27T19:32:52.996+0000] {dagbag.py:537} INFO - Filling up the DagBag from /home/airflow/.local/lib/python3.7/site-packages/airflow/example_dags/example_branch_labels.py
[2024-03-27T19:32:53.014+0000] {processor.py:766} INFO - DAG(s) dict_keys(['example_branch_labels']) retrieved from /home/airflow/.local/lib/python3.7/site-packages/airflow/example_dags/example_branch_labels.py
[2024-03-27T19:32:53.043+0000] {logging_mixin.py:120} INFO - [2024-03-27T19:32:53.043+0000] {dag.py:2585} INFO - Sync 1 DAGs
[2024-03-27T19:32:53.064+0000] {logging_mixin.py:120} INFO - [2024-03-27T19:32:53.064+0000] {dag.py:3340} INFO - Setting next_dagrun for example_branch_labels to 2024-03-27T00:00:00+00:00, run_after=2024-03-28T00:00:00+00:00
[2024-03-27T19:32:53.077+0000] {processor.py:176} INFO - Processing /home/airflow/.local/lib/python3.7/site-packages/airflow/example_dags/example_branch_labels.py took 0.085 seconds
[2024-03-27T19:33:23.398+0000] {processor.py:154} INFO - Started process (PID=681) to work on /home/airflow/.local/lib/python3.7/site-packages/airflow/example_dags/example_branch_labels.py
[2024-03-27T19:33:23.399+0000] {processor.py:756} INFO - Processing file /home/airflow/.local/lib/python3.7/site-packages/airflow/example_dags/example_branch_labels.py for tasks to queue
[2024-03-27T19:33:23.399+0000] {logging_mixin.py:120} INFO - [2024-03-27T19:33:23.399+0000] {dagbag.py:537} INFO - Filling up the DagBag from /home/airflow/.local/lib/python3.7/site-packages/airflow/example_dags/example_branch_labels.py
[2024-03-27T19:33:23.408+0000] {processor.py:766} INFO - DAG(s) dict_keys(['example_branch_labels']) retrieved from /home/airflow/.local/lib/python3.7/site-packages/airflow/example_dags/example_branch_labels.py
[2024-03-27T19:33:23.438+0000] {logging_mixin.py:120} INFO - [2024-03-27T19:33:23.437+0000] {dag.py:2585} INFO - Sync 1 DAGs
[2024-03-27T19:33:23.466+0000] {logging_mixin.py:120} INFO - [2024-03-27T19:33:23.466+0000] {dag.py:3340} INFO - Setting next_dagrun for example_branch_labels to 2024-03-27T00:00:00+00:00, run_after=2024-03-28T00:00:00+00:00
[2024-03-27T19:33:23.485+0000] {processor.py:176} INFO - Processing /home/airflow/.local/lib/python3.7/site-packages/airflow/example_dags/example_branch_labels.py took 0.090 seconds
[2024-03-27T19:34:12.093+0000] {processor.py:154} INFO - Started process (PID=752) to work on /home/airflow/.local/lib/python3.7/site-packages/airflow/example_dags/example_branch_labels.py
[2024-03-27T19:34:12.094+0000] {processor.py:756} INFO - Processing file /home/airflow/.local/lib/python3.7/site-packages/airflow/example_dags/example_branch_labels.py for tasks to queue
[2024-03-27T19:34:12.095+0000] {logging_mixin.py:120} INFO - [2024-03-27T19:34:12.095+0000] {dagbag.py:537} INFO - Filling up the DagBag from /home/airflow/.local/lib/python3.7/site-packages/airflow/example_dags/example_branch_labels.py
[2024-03-27T19:34:12.113+0000] {processor.py:766} INFO - DAG(s) dict_keys(['example_branch_labels']) retrieved from /home/airflow/.local/lib/python3.7/site-packages/airflow/example_dags/example_branch_labels.py
[2024-03-27T19:34:12.165+0000] {logging_mixin.py:120} INFO - [2024-03-27T19:34:12.165+0000] {dag.py:2585} INFO - Sync 1 DAGs
[2024-03-27T19:34:12.198+0000] {logging_mixin.py:120} INFO - [2024-03-27T19:34:12.198+0000] {dag.py:3340} INFO - Setting next_dagrun for example_branch_labels to 2024-03-27T00:00:00+00:00, run_after=2024-03-28T00:00:00+00:00
[2024-03-27T19:34:12.220+0000] {processor.py:176} INFO - Processing /home/airflow/.local/lib/python3.7/site-packages/airflow/example_dags/example_branch_labels.py took 0.131 seconds
[2024-03-27T19:34:43.406+0000] {processor.py:154} INFO - Started process (PID=814) to work on /home/airflow/.local/lib/python3.7/site-packages/airflow/example_dags/example_branch_labels.py
[2024-03-27T19:34:43.409+0000] {processor.py:756} INFO - Processing file /home/airflow/.local/lib/python3.7/site-packages/airflow/example_dags/example_branch_labels.py for tasks to queue
[2024-03-27T19:34:43.413+0000] {logging_mixin.py:120} INFO - [2024-03-27T19:34:43.412+0000] {dagbag.py:537} INFO - Filling up the DagBag from /home/airflow/.local/lib/python3.7/site-packages/airflow/example_dags/example_branch_labels.py
[2024-03-27T19:34:43.489+0000] {processor.py:766} INFO - DAG(s) dict_keys(['example_branch_labels']) retrieved from /home/airflow/.local/lib/python3.7/site-packages/airflow/example_dags/example_branch_labels.py
[2024-03-27T19:34:43.580+0000] {logging_mixin.py:120} INFO - [2024-03-27T19:34:43.580+0000] {dag.py:2585} INFO - Sync 1 DAGs
[2024-03-27T19:34:43.676+0000] {logging_mixin.py:120} INFO - [2024-03-27T19:34:43.676+0000] {dag.py:3340} INFO - Setting next_dagrun for example_branch_labels to 2024-03-27T00:00:00+00:00, run_after=2024-03-28T00:00:00+00:00
[2024-03-27T19:34:43.720+0000] {processor.py:176} INFO - Processing /home/airflow/.local/lib/python3.7/site-packages/airflow/example_dags/example_branch_labels.py took 0.325 seconds
[2024-03-27T19:35:19.574+0000] {processor.py:154} INFO - Started process (PID=864) to work on /home/airflow/.local/lib/python3.7/site-packages/airflow/example_dags/example_branch_labels.py
[2024-03-27T19:35:19.579+0000] {processor.py:756} INFO - Processing file /home/airflow/.local/lib/python3.7/site-packages/airflow/example_dags/example_branch_labels.py for tasks to queue
[2024-03-27T19:35:19.579+0000] {logging_mixin.py:120} INFO - [2024-03-27T19:35:19.579+0000] {dagbag.py:537} INFO - Filling up the DagBag from /home/airflow/.local/lib/python3.7/site-packages/airflow/example_dags/example_branch_labels.py
[2024-03-27T19:35:19.593+0000] {processor.py:766} INFO - DAG(s) dict_keys(['example_branch_labels']) retrieved from /home/airflow/.local/lib/python3.7/site-packages/airflow/example_dags/example_branch_labels.py
[2024-03-27T19:35:19.637+0000] {logging_mixin.py:120} INFO - [2024-03-27T19:35:19.637+0000] {dag.py:2585} INFO - Sync 1 DAGs
[2024-03-27T19:35:19.674+0000] {logging_mixin.py:120} INFO - [2024-03-27T19:35:19.674+0000] {dag.py:3340} INFO - Setting next_dagrun for example_branch_labels to 2024-03-27T00:00:00+00:00, run_after=2024-03-28T00:00:00+00:00
[2024-03-27T19:35:19.694+0000] {processor.py:176} INFO - Processing /home/airflow/.local/lib/python3.7/site-packages/airflow/example_dags/example_branch_labels.py took 0.124 seconds
[2024-03-27T19:36:15.565+0000] {processor.py:154} INFO - Started process (PID=931) to work on /home/airflow/.local/lib/python3.7/site-packages/airflow/example_dags/example_branch_labels.py
[2024-03-27T19:36:15.572+0000] {processor.py:756} INFO - Processing file /home/airflow/.local/lib/python3.7/site-packages/airflow/example_dags/example_branch_labels.py for tasks to queue
[2024-03-27T19:36:15.575+0000] {logging_mixin.py:120} INFO - [2024-03-27T19:36:15.575+0000] {dagbag.py:537} INFO - Filling up the DagBag from /home/airflow/.local/lib/python3.7/site-packages/airflow/example_dags/example_branch_labels.py
[2024-03-27T19:36:15.607+0000] {processor.py:766} INFO - DAG(s) dict_keys(['example_branch_labels']) retrieved from /home/airflow/.local/lib/python3.7/site-packages/airflow/example_dags/example_branch_labels.py
[2024-03-27T19:36:15.673+0000] {logging_mixin.py:120} INFO - [2024-03-27T19:36:15.672+0000] {dag.py:2585} INFO - Sync 1 DAGs
[2024-03-27T19:36:15.707+0000] {logging_mixin.py:120} INFO - [2024-03-27T19:36:15.707+0000] {dag.py:3340} INFO - Setting next_dagrun for example_branch_labels to 2024-03-27T00:00:00+00:00, run_after=2024-03-28T00:00:00+00:00
[2024-03-27T19:36:15.764+0000] {processor.py:176} INFO - Processing /home/airflow/.local/lib/python3.7/site-packages/airflow/example_dags/example_branch_labels.py took 0.204 seconds
[2024-03-27T19:37:12.017+0000] {processor.py:154} INFO - Started process (PID=65) to work on /home/airflow/.local/lib/python3.7/site-packages/airflow/example_dags/example_branch_labels.py
[2024-03-27T19:37:12.018+0000] {processor.py:756} INFO - Processing file /home/airflow/.local/lib/python3.7/site-packages/airflow/example_dags/example_branch_labels.py for tasks to queue
[2024-03-27T19:37:12.018+0000] {logging_mixin.py:120} INFO - [2024-03-27T19:37:12.018+0000] {dagbag.py:537} INFO - Filling up the DagBag from /home/airflow/.local/lib/python3.7/site-packages/airflow/example_dags/example_branch_labels.py
[2024-03-27T19:37:12.056+0000] {processor.py:766} INFO - DAG(s) dict_keys(['example_branch_labels']) retrieved from /home/airflow/.local/lib/python3.7/site-packages/airflow/example_dags/example_branch_labels.py
[2024-03-27T19:37:12.211+0000] {logging_mixin.py:120} INFO - [2024-03-27T19:37:12.210+0000] {dag.py:2585} INFO - Sync 1 DAGs
[2024-03-27T19:37:12.252+0000] {logging_mixin.py:120} INFO - [2024-03-27T19:37:12.252+0000] {dag.py:3340} INFO - Setting next_dagrun for example_branch_labels to 2024-03-27T00:00:00+00:00, run_after=2024-03-28T00:00:00+00:00
[2024-03-27T19:37:12.273+0000] {processor.py:176} INFO - Processing /home/airflow/.local/lib/python3.7/site-packages/airflow/example_dags/example_branch_labels.py took 0.260 seconds
[2024-03-27T19:37:44.614+0000] {processor.py:154} INFO - Started process (PID=124) to work on /home/airflow/.local/lib/python3.7/site-packages/airflow/example_dags/example_branch_labels.py
[2024-03-27T19:37:44.616+0000] {processor.py:756} INFO - Processing file /home/airflow/.local/lib/python3.7/site-packages/airflow/example_dags/example_branch_labels.py for tasks to queue
[2024-03-27T19:37:44.617+0000] {logging_mixin.py:120} INFO - [2024-03-27T19:37:44.617+0000] {dagbag.py:537} INFO - Filling up the DagBag from /home/airflow/.local/lib/python3.7/site-packages/airflow/example_dags/example_branch_labels.py
[2024-03-27T19:37:44.651+0000] {processor.py:766} INFO - DAG(s) dict_keys(['example_branch_labels']) retrieved from /home/airflow/.local/lib/python3.7/site-packages/airflow/example_dags/example_branch_labels.py
[2024-03-27T19:37:44.729+0000] {logging_mixin.py:120} INFO - [2024-03-27T19:37:44.728+0000] {dag.py:2585} INFO - Sync 1 DAGs
[2024-03-27T19:37:44.777+0000] {logging_mixin.py:120} INFO - [2024-03-27T19:37:44.776+0000] {dag.py:3340} INFO - Setting next_dagrun for example_branch_labels to 2024-03-27T00:00:00+00:00, run_after=2024-03-28T00:00:00+00:00
[2024-03-27T19:37:44.817+0000] {processor.py:176} INFO - Processing /home/airflow/.local/lib/python3.7/site-packages/airflow/example_dags/example_branch_labels.py took 0.207 seconds
[2024-03-27T19:38:27.042+0000] {processor.py:154} INFO - Started process (PID=65) to work on /home/airflow/.local/lib/python3.7/site-packages/airflow/example_dags/example_branch_labels.py
[2024-03-27T19:38:27.043+0000] {processor.py:756} INFO - Processing file /home/airflow/.local/lib/python3.7/site-packages/airflow/example_dags/example_branch_labels.py for tasks to queue
[2024-03-27T19:38:27.044+0000] {logging_mixin.py:120} INFO - [2024-03-27T19:38:27.044+0000] {dagbag.py:537} INFO - Filling up the DagBag from /home/airflow/.local/lib/python3.7/site-packages/airflow/example_dags/example_branch_labels.py
[2024-03-27T19:38:27.092+0000] {processor.py:766} INFO - DAG(s) dict_keys(['example_branch_labels']) retrieved from /home/airflow/.local/lib/python3.7/site-packages/airflow/example_dags/example_branch_labels.py
[2024-03-27T19:38:27.216+0000] {logging_mixin.py:120} INFO - [2024-03-27T19:38:27.216+0000] {dag.py:2585} INFO - Sync 1 DAGs
[2024-03-27T19:38:27.248+0000] {logging_mixin.py:120} INFO - [2024-03-27T19:38:27.248+0000] {dag.py:3340} INFO - Setting next_dagrun for example_branch_labels to 2024-03-27T00:00:00+00:00, run_after=2024-03-28T00:00:00+00:00
[2024-03-27T19:38:27.281+0000] {processor.py:176} INFO - Processing /home/airflow/.local/lib/python3.7/site-packages/airflow/example_dags/example_branch_labels.py took 0.241 seconds
[2024-03-27T19:39:51.979+0000] {processor.py:154} INFO - Started process (PID=75) to work on /home/airflow/.local/lib/python3.7/site-packages/airflow/example_dags/example_branch_labels.py
[2024-03-27T19:39:51.980+0000] {processor.py:756} INFO - Processing file /home/airflow/.local/lib/python3.7/site-packages/airflow/example_dags/example_branch_labels.py for tasks to queue
[2024-03-27T19:39:51.981+0000] {logging_mixin.py:120} INFO - [2024-03-27T19:39:51.981+0000] {dagbag.py:537} INFO - Filling up the DagBag from /home/airflow/.local/lib/python3.7/site-packages/airflow/example_dags/example_branch_labels.py
[2024-03-27T19:39:51.997+0000] {processor.py:766} INFO - DAG(s) dict_keys(['example_branch_labels']) retrieved from /home/airflow/.local/lib/python3.7/site-packages/airflow/example_dags/example_branch_labels.py
[2024-03-27T19:39:52.026+0000] {logging_mixin.py:120} INFO - [2024-03-27T19:39:52.025+0000] {dag.py:2585} INFO - Sync 1 DAGs
[2024-03-27T19:39:52.055+0000] {logging_mixin.py:120} INFO - [2024-03-27T19:39:52.055+0000] {dag.py:3340} INFO - Setting next_dagrun for example_branch_labels to 2024-03-27T00:00:00+00:00, run_after=2024-03-28T00:00:00+00:00
[2024-03-27T19:39:52.071+0000] {processor.py:176} INFO - Processing /home/airflow/.local/lib/python3.7/site-packages/airflow/example_dags/example_branch_labels.py took 0.094 seconds
[2024-03-27T19:40:31.865+0000] {processor.py:154} INFO - Started process (PID=133) to work on /home/airflow/.local/lib/python3.7/site-packages/airflow/example_dags/example_branch_labels.py
[2024-03-27T19:40:31.884+0000] {processor.py:756} INFO - Processing file /home/airflow/.local/lib/python3.7/site-packages/airflow/example_dags/example_branch_labels.py for tasks to queue
[2024-03-27T19:40:31.884+0000] {logging_mixin.py:120} INFO - [2024-03-27T19:40:31.884+0000] {dagbag.py:537} INFO - Filling up the DagBag from /home/airflow/.local/lib/python3.7/site-packages/airflow/example_dags/example_branch_labels.py
[2024-03-27T19:40:31.923+0000] {processor.py:766} INFO - DAG(s) dict_keys(['example_branch_labels']) retrieved from /home/airflow/.local/lib/python3.7/site-packages/airflow/example_dags/example_branch_labels.py
[2024-03-27T19:40:32.030+0000] {logging_mixin.py:120} INFO - [2024-03-27T19:40:32.030+0000] {dag.py:2585} INFO - Sync 1 DAGs
[2024-03-27T19:40:32.075+0000] {logging_mixin.py:120} INFO - [2024-03-27T19:40:32.072+0000] {dag.py:3340} INFO - Setting next_dagrun for example_branch_labels to 2024-03-27T00:00:00+00:00, run_after=2024-03-28T00:00:00+00:00
[2024-03-27T19:40:32.109+0000] {processor.py:176} INFO - Processing /home/airflow/.local/lib/python3.7/site-packages/airflow/example_dags/example_branch_labels.py took 0.246 seconds
[2024-03-27T19:41:08.237+0000] {processor.py:154} INFO - Started process (PID=184) to work on /home/airflow/.local/lib/python3.7/site-packages/airflow/example_dags/example_branch_labels.py
[2024-03-27T19:41:08.238+0000] {processor.py:756} INFO - Processing file /home/airflow/.local/lib/python3.7/site-packages/airflow/example_dags/example_branch_labels.py for tasks to queue
[2024-03-27T19:41:08.239+0000] {logging_mixin.py:120} INFO - [2024-03-27T19:41:08.239+0000] {dagbag.py:537} INFO - Filling up the DagBag from /home/airflow/.local/lib/python3.7/site-packages/airflow/example_dags/example_branch_labels.py
[2024-03-27T19:41:08.255+0000] {processor.py:766} INFO - DAG(s) dict_keys(['example_branch_labels']) retrieved from /home/airflow/.local/lib/python3.7/site-packages/airflow/example_dags/example_branch_labels.py
[2024-03-27T19:41:08.294+0000] {logging_mixin.py:120} INFO - [2024-03-27T19:41:08.294+0000] {dag.py:2585} INFO - Sync 1 DAGs
[2024-03-27T19:41:08.312+0000] {logging_mixin.py:120} INFO - [2024-03-27T19:41:08.312+0000] {dag.py:3340} INFO - Setting next_dagrun for example_branch_labels to 2024-03-27T00:00:00+00:00, run_after=2024-03-28T00:00:00+00:00
[2024-03-27T19:41:08.323+0000] {processor.py:176} INFO - Processing /home/airflow/.local/lib/python3.7/site-packages/airflow/example_dags/example_branch_labels.py took 0.089 seconds
[2024-03-27T19:41:39.792+0000] {processor.py:154} INFO - Started process (PID=65) to work on /home/airflow/.local/lib/python3.7/site-packages/airflow/example_dags/example_branch_labels.py
[2024-03-27T19:41:39.793+0000] {processor.py:756} INFO - Processing file /home/airflow/.local/lib/python3.7/site-packages/airflow/example_dags/example_branch_labels.py for tasks to queue
[2024-03-27T19:41:39.793+0000] {logging_mixin.py:120} INFO - [2024-03-27T19:41:39.793+0000] {dagbag.py:537} INFO - Filling up the DagBag from /home/airflow/.local/lib/python3.7/site-packages/airflow/example_dags/example_branch_labels.py
[2024-03-27T19:41:39.804+0000] {processor.py:766} INFO - DAG(s) dict_keys(['example_branch_labels']) retrieved from /home/airflow/.local/lib/python3.7/site-packages/airflow/example_dags/example_branch_labels.py
[2024-03-27T19:41:39.835+0000] {logging_mixin.py:120} INFO - [2024-03-27T19:41:39.834+0000] {dag.py:2585} INFO - Sync 1 DAGs
[2024-03-27T19:41:39.854+0000] {logging_mixin.py:120} INFO - [2024-03-27T19:41:39.854+0000] {dag.py:3340} INFO - Setting next_dagrun for example_branch_labels to 2024-03-27T00:00:00+00:00, run_after=2024-03-28T00:00:00+00:00
[2024-03-27T19:41:39.866+0000] {processor.py:176} INFO - Processing /home/airflow/.local/lib/python3.7/site-packages/airflow/example_dags/example_branch_labels.py took 0.077 seconds
[2024-03-27T19:42:11.174+0000] {processor.py:154} INFO - Started process (PID=115) to work on /home/airflow/.local/lib/python3.7/site-packages/airflow/example_dags/example_branch_labels.py
[2024-03-27T19:42:11.175+0000] {processor.py:756} INFO - Processing file /home/airflow/.local/lib/python3.7/site-packages/airflow/example_dags/example_branch_labels.py for tasks to queue
[2024-03-27T19:42:11.177+0000] {logging_mixin.py:120} INFO - [2024-03-27T19:42:11.176+0000] {dagbag.py:537} INFO - Filling up the DagBag from /home/airflow/.local/lib/python3.7/site-packages/airflow/example_dags/example_branch_labels.py
[2024-03-27T19:42:11.188+0000] {processor.py:766} INFO - DAG(s) dict_keys(['example_branch_labels']) retrieved from /home/airflow/.local/lib/python3.7/site-packages/airflow/example_dags/example_branch_labels.py
[2024-03-27T19:42:11.224+0000] {logging_mixin.py:120} INFO - [2024-03-27T19:42:11.223+0000] {dag.py:2585} INFO - Sync 1 DAGs
[2024-03-27T19:42:11.246+0000] {logging_mixin.py:120} INFO - [2024-03-27T19:42:11.246+0000] {dag.py:3340} INFO - Setting next_dagrun for example_branch_labels to 2024-03-27T00:00:00+00:00, run_after=2024-03-28T00:00:00+00:00
[2024-03-27T19:42:11.260+0000] {processor.py:176} INFO - Processing /home/airflow/.local/lib/python3.7/site-packages/airflow/example_dags/example_branch_labels.py took 0.088 seconds
[2024-03-27T19:42:50.801+0000] {processor.py:154} INFO - Started process (PID=175) to work on /home/airflow/.local/lib/python3.7/site-packages/airflow/example_dags/example_branch_labels.py
[2024-03-27T19:42:50.804+0000] {processor.py:756} INFO - Processing file /home/airflow/.local/lib/python3.7/site-packages/airflow/example_dags/example_branch_labels.py for tasks to queue
[2024-03-27T19:42:50.805+0000] {logging_mixin.py:120} INFO - [2024-03-27T19:42:50.805+0000] {dagbag.py:537} INFO - Filling up the DagBag from /home/airflow/.local/lib/python3.7/site-packages/airflow/example_dags/example_branch_labels.py
[2024-03-27T19:42:50.830+0000] {processor.py:766} INFO - DAG(s) dict_keys(['example_branch_labels']) retrieved from /home/airflow/.local/lib/python3.7/site-packages/airflow/example_dags/example_branch_labels.py
[2024-03-27T19:42:50.885+0000] {logging_mixin.py:120} INFO - [2024-03-27T19:42:50.885+0000] {dag.py:2585} INFO - Sync 1 DAGs
[2024-03-27T19:42:50.908+0000] {logging_mixin.py:120} INFO - [2024-03-27T19:42:50.908+0000] {dag.py:3340} INFO - Setting next_dagrun for example_branch_labels to 2024-03-27T00:00:00+00:00, run_after=2024-03-28T00:00:00+00:00
[2024-03-27T19:42:50.926+0000] {processor.py:176} INFO - Processing /home/airflow/.local/lib/python3.7/site-packages/airflow/example_dags/example_branch_labels.py took 0.130 seconds
[2024-03-27T19:44:28.039+0000] {processor.py:154} INFO - Started process (PID=66) to work on /home/airflow/.local/lib/python3.7/site-packages/airflow/example_dags/example_branch_labels.py
[2024-03-27T19:44:28.040+0000] {processor.py:756} INFO - Processing file /home/airflow/.local/lib/python3.7/site-packages/airflow/example_dags/example_branch_labels.py for tasks to queue
[2024-03-27T19:44:28.041+0000] {logging_mixin.py:120} INFO - [2024-03-27T19:44:28.041+0000] {dagbag.py:537} INFO - Filling up the DagBag from /home/airflow/.local/lib/python3.7/site-packages/airflow/example_dags/example_branch_labels.py
[2024-03-27T19:44:28.061+0000] {processor.py:766} INFO - DAG(s) dict_keys(['example_branch_labels']) retrieved from /home/airflow/.local/lib/python3.7/site-packages/airflow/example_dags/example_branch_labels.py
[2024-03-27T19:44:28.138+0000] {logging_mixin.py:120} INFO - [2024-03-27T19:44:28.137+0000] {dag.py:2585} INFO - Sync 1 DAGs
[2024-03-27T19:44:28.176+0000] {logging_mixin.py:120} INFO - [2024-03-27T19:44:28.176+0000] {dag.py:3340} INFO - Setting next_dagrun for example_branch_labels to 2024-03-27T00:00:00+00:00, run_after=2024-03-28T00:00:00+00:00
[2024-03-27T19:44:28.197+0000] {processor.py:176} INFO - Processing /home/airflow/.local/lib/python3.7/site-packages/airflow/example_dags/example_branch_labels.py took 0.160 seconds
[2024-03-27T19:45:22.192+0000] {processor.py:154} INFO - Started process (PID=125) to work on /home/airflow/.local/lib/python3.7/site-packages/airflow/example_dags/example_branch_labels.py
[2024-03-27T19:45:22.196+0000] {processor.py:756} INFO - Processing file /home/airflow/.local/lib/python3.7/site-packages/airflow/example_dags/example_branch_labels.py for tasks to queue
[2024-03-27T19:45:22.200+0000] {logging_mixin.py:120} INFO - [2024-03-27T19:45:22.199+0000] {dagbag.py:537} INFO - Filling up the DagBag from /home/airflow/.local/lib/python3.7/site-packages/airflow/example_dags/example_branch_labels.py
[2024-03-27T19:45:22.223+0000] {processor.py:766} INFO - DAG(s) dict_keys(['example_branch_labels']) retrieved from /home/airflow/.local/lib/python3.7/site-packages/airflow/example_dags/example_branch_labels.py
[2024-03-27T19:45:22.273+0000] {logging_mixin.py:120} INFO - [2024-03-27T19:45:22.273+0000] {dag.py:2585} INFO - Sync 1 DAGs
[2024-03-27T19:45:22.312+0000] {logging_mixin.py:120} INFO - [2024-03-27T19:45:22.312+0000] {dag.py:3340} INFO - Setting next_dagrun for example_branch_labels to 2024-03-27T00:00:00+00:00, run_after=2024-03-28T00:00:00+00:00
[2024-03-27T19:45:22.336+0000] {processor.py:176} INFO - Processing /home/airflow/.local/lib/python3.7/site-packages/airflow/example_dags/example_branch_labels.py took 0.148 seconds
[2024-03-27T19:46:40.470+0000] {processor.py:154} INFO - Started process (PID=78) to work on /home/airflow/.local/lib/python3.7/site-packages/airflow/example_dags/example_branch_labels.py
[2024-03-27T19:46:40.472+0000] {processor.py:756} INFO - Processing file /home/airflow/.local/lib/python3.7/site-packages/airflow/example_dags/example_branch_labels.py for tasks to queue
[2024-03-27T19:46:40.472+0000] {logging_mixin.py:120} INFO - [2024-03-27T19:46:40.472+0000] {dagbag.py:537} INFO - Filling up the DagBag from /home/airflow/.local/lib/python3.7/site-packages/airflow/example_dags/example_branch_labels.py
[2024-03-27T19:46:40.499+0000] {processor.py:766} INFO - DAG(s) dict_keys(['example_branch_labels']) retrieved from /home/airflow/.local/lib/python3.7/site-packages/airflow/example_dags/example_branch_labels.py
[2024-03-27T19:46:40.547+0000] {logging_mixin.py:120} INFO - [2024-03-27T19:46:40.547+0000] {dag.py:2585} INFO - Sync 1 DAGs
[2024-03-27T19:46:40.588+0000] {logging_mixin.py:120} INFO - [2024-03-27T19:46:40.587+0000] {dag.py:3340} INFO - Setting next_dagrun for example_branch_labels to 2024-03-27T00:00:00+00:00, run_after=2024-03-28T00:00:00+00:00
[2024-03-27T19:46:40.616+0000] {processor.py:176} INFO - Processing /home/airflow/.local/lib/python3.7/site-packages/airflow/example_dags/example_branch_labels.py took 0.151 seconds
[2024-03-27T19:47:24.763+0000] {processor.py:154} INFO - Started process (PID=133) to work on /home/airflow/.local/lib/python3.7/site-packages/airflow/example_dags/example_branch_labels.py
[2024-03-27T19:47:24.765+0000] {processor.py:756} INFO - Processing file /home/airflow/.local/lib/python3.7/site-packages/airflow/example_dags/example_branch_labels.py for tasks to queue
[2024-03-27T19:47:24.768+0000] {logging_mixin.py:120} INFO - [2024-03-27T19:47:24.768+0000] {dagbag.py:537} INFO - Filling up the DagBag from /home/airflow/.local/lib/python3.7/site-packages/airflow/example_dags/example_branch_labels.py
[2024-03-27T19:47:24.817+0000] {processor.py:766} INFO - DAG(s) dict_keys(['example_branch_labels']) retrieved from /home/airflow/.local/lib/python3.7/site-packages/airflow/example_dags/example_branch_labels.py
[2024-03-27T19:47:24.893+0000] {logging_mixin.py:120} INFO - [2024-03-27T19:47:24.893+0000] {dag.py:2585} INFO - Sync 1 DAGs
[2024-03-27T19:47:24.927+0000] {logging_mixin.py:120} INFO - [2024-03-27T19:47:24.927+0000] {dag.py:3340} INFO - Setting next_dagrun for example_branch_labels to 2024-03-27T00:00:00+00:00, run_after=2024-03-28T00:00:00+00:00
[2024-03-27T19:47:24.950+0000] {processor.py:176} INFO - Processing /home/airflow/.local/lib/python3.7/site-packages/airflow/example_dags/example_branch_labels.py took 0.190 seconds
[2024-03-27T19:47:47.330+0000] {processor.py:154} INFO - Started process (PID=65) to work on /home/airflow/.local/lib/python3.7/site-packages/airflow/example_dags/example_branch_labels.py
[2024-03-27T19:47:47.331+0000] {processor.py:756} INFO - Processing file /home/airflow/.local/lib/python3.7/site-packages/airflow/example_dags/example_branch_labels.py for tasks to queue
[2024-03-27T19:47:47.332+0000] {logging_mixin.py:120} INFO - [2024-03-27T19:47:47.332+0000] {dagbag.py:537} INFO - Filling up the DagBag from /home/airflow/.local/lib/python3.7/site-packages/airflow/example_dags/example_branch_labels.py
[2024-03-27T19:47:47.344+0000] {processor.py:766} INFO - DAG(s) dict_keys(['example_branch_labels']) retrieved from /home/airflow/.local/lib/python3.7/site-packages/airflow/example_dags/example_branch_labels.py
[2024-03-27T19:47:47.371+0000] {logging_mixin.py:120} INFO - [2024-03-27T19:47:47.371+0000] {dag.py:2585} INFO - Sync 1 DAGs
[2024-03-27T19:47:47.390+0000] {logging_mixin.py:120} INFO - [2024-03-27T19:47:47.390+0000] {dag.py:3340} INFO - Setting next_dagrun for example_branch_labels to 2024-03-27T00:00:00+00:00, run_after=2024-03-28T00:00:00+00:00
[2024-03-27T19:47:47.405+0000] {processor.py:176} INFO - Processing /home/airflow/.local/lib/python3.7/site-packages/airflow/example_dags/example_branch_labels.py took 0.076 seconds
[2024-03-27T19:48:35.781+0000] {processor.py:154} INFO - Started process (PID=122) to work on /home/airflow/.local/lib/python3.7/site-packages/airflow/example_dags/example_branch_labels.py
[2024-03-27T19:48:35.784+0000] {processor.py:756} INFO - Processing file /home/airflow/.local/lib/python3.7/site-packages/airflow/example_dags/example_branch_labels.py for tasks to queue
[2024-03-27T19:48:35.784+0000] {logging_mixin.py:120} INFO - [2024-03-27T19:48:35.784+0000] {dagbag.py:537} INFO - Filling up the DagBag from /home/airflow/.local/lib/python3.7/site-packages/airflow/example_dags/example_branch_labels.py
[2024-03-27T19:48:35.828+0000] {processor.py:766} INFO - DAG(s) dict_keys(['example_branch_labels']) retrieved from /home/airflow/.local/lib/python3.7/site-packages/airflow/example_dags/example_branch_labels.py
[2024-03-27T19:48:35.895+0000] {logging_mixin.py:120} INFO - [2024-03-27T19:48:35.895+0000] {dag.py:2585} INFO - Sync 1 DAGs
[2024-03-27T19:48:35.926+0000] {logging_mixin.py:120} INFO - [2024-03-27T19:48:35.926+0000] {dag.py:3340} INFO - Setting next_dagrun for example_branch_labels to 2024-03-27T00:00:00+00:00, run_after=2024-03-28T00:00:00+00:00
[2024-03-27T19:48:35.947+0000] {processor.py:176} INFO - Processing /home/airflow/.local/lib/python3.7/site-packages/airflow/example_dags/example_branch_labels.py took 0.170 seconds
[2024-03-27T19:49:27.071+0000] {processor.py:154} INFO - Started process (PID=66) to work on /home/airflow/.local/lib/python3.7/site-packages/airflow/example_dags/example_branch_labels.py
[2024-03-27T19:49:27.073+0000] {processor.py:756} INFO - Processing file /home/airflow/.local/lib/python3.7/site-packages/airflow/example_dags/example_branch_labels.py for tasks to queue
[2024-03-27T19:49:27.073+0000] {logging_mixin.py:120} INFO - [2024-03-27T19:49:27.073+0000] {dagbag.py:537} INFO - Filling up the DagBag from /home/airflow/.local/lib/python3.7/site-packages/airflow/example_dags/example_branch_labels.py
[2024-03-27T19:49:27.086+0000] {processor.py:766} INFO - DAG(s) dict_keys(['example_branch_labels']) retrieved from /home/airflow/.local/lib/python3.7/site-packages/airflow/example_dags/example_branch_labels.py
[2024-03-27T19:49:27.123+0000] {logging_mixin.py:120} INFO - [2024-03-27T19:49:27.123+0000] {dag.py:2585} INFO - Sync 1 DAGs
[2024-03-27T19:49:27.144+0000] {logging_mixin.py:120} INFO - [2024-03-27T19:49:27.144+0000] {dag.py:3340} INFO - Setting next_dagrun for example_branch_labels to 2024-03-27T00:00:00+00:00, run_after=2024-03-28T00:00:00+00:00
[2024-03-27T19:49:27.158+0000] {processor.py:176} INFO - Processing /home/airflow/.local/lib/python3.7/site-packages/airflow/example_dags/example_branch_labels.py took 0.089 seconds
[2024-03-27T19:50:01.827+0000] {processor.py:154} INFO - Started process (PID=124) to work on /home/airflow/.local/lib/python3.7/site-packages/airflow/example_dags/example_branch_labels.py
[2024-03-27T19:50:01.828+0000] {processor.py:756} INFO - Processing file /home/airflow/.local/lib/python3.7/site-packages/airflow/example_dags/example_branch_labels.py for tasks to queue
[2024-03-27T19:50:01.829+0000] {logging_mixin.py:120} INFO - [2024-03-27T19:50:01.829+0000] {dagbag.py:537} INFO - Filling up the DagBag from /home/airflow/.local/lib/python3.7/site-packages/airflow/example_dags/example_branch_labels.py
[2024-03-27T19:50:01.847+0000] {processor.py:766} INFO - DAG(s) dict_keys(['example_branch_labels']) retrieved from /home/airflow/.local/lib/python3.7/site-packages/airflow/example_dags/example_branch_labels.py
[2024-03-27T19:50:01.876+0000] {logging_mixin.py:120} INFO - [2024-03-27T19:50:01.876+0000] {dag.py:2585} INFO - Sync 1 DAGs
[2024-03-27T19:50:01.899+0000] {logging_mixin.py:120} INFO - [2024-03-27T19:50:01.899+0000] {dag.py:3340} INFO - Setting next_dagrun for example_branch_labels to 2024-03-27T00:00:00+00:00, run_after=2024-03-28T00:00:00+00:00
[2024-03-27T19:50:01.913+0000] {processor.py:176} INFO - Processing /home/airflow/.local/lib/python3.7/site-packages/airflow/example_dags/example_branch_labels.py took 0.088 seconds
[2024-03-27T19:54:21.330+0000] {processor.py:154} INFO - Started process (PID=58) to work on /home/airflow/.local/lib/python3.7/site-packages/airflow/example_dags/example_branch_labels.py
[2024-03-27T19:54:21.333+0000] {processor.py:756} INFO - Processing file /home/airflow/.local/lib/python3.7/site-packages/airflow/example_dags/example_branch_labels.py for tasks to queue
[2024-03-27T19:54:21.334+0000] {logging_mixin.py:120} INFO - [2024-03-27T19:54:21.334+0000] {dagbag.py:537} INFO - Filling up the DagBag from /home/airflow/.local/lib/python3.7/site-packages/airflow/example_dags/example_branch_labels.py
[2024-03-27T19:54:21.385+0000] {processor.py:766} INFO - DAG(s) dict_keys(['example_branch_labels']) retrieved from /home/airflow/.local/lib/python3.7/site-packages/airflow/example_dags/example_branch_labels.py
[2024-03-27T19:54:21.791+0000] {logging_mixin.py:120} INFO - [2024-03-27T19:54:21.786+0000] {dag.py:2585} INFO - Sync 1 DAGs
[2024-03-27T19:54:22.451+0000] {logging_mixin.py:120} INFO - [2024-03-27T19:54:22.449+0000] {dag.py:3340} INFO - Setting next_dagrun for example_branch_labels to 2024-03-27T00:00:00+00:00, run_after=2024-03-28T00:00:00+00:00
[2024-03-27T19:54:22.498+0000] {processor.py:176} INFO - Processing /home/airflow/.local/lib/python3.7/site-packages/airflow/example_dags/example_branch_labels.py took 1.173 seconds
