[2024-03-27T19:09:50.258+0000] {processor.py:154} INFO - Started process (PID=62) to work on /home/airflow/.local/lib/python3.7/site-packages/airflow/example_dags/example_branch_operator.py
[2024-03-27T19:09:50.261+0000] {processor.py:756} INFO - Processing file /home/airflow/.local/lib/python3.7/site-packages/airflow/example_dags/example_branch_operator.py for tasks to queue
[2024-03-27T19:09:50.263+0000] {logging_mixin.py:120} INFO - [2024-03-27T19:09:50.263+0000] {dagbag.py:537} INFO - Filling up the DagBag from /home/airflow/.local/lib/python3.7/site-packages/airflow/example_dags/example_branch_operator.py
[2024-03-27T19:09:50.286+0000] {processor.py:766} INFO - DAG(s) dict_keys(['example_branch_operator']) retrieved from /home/airflow/.local/lib/python3.7/site-packages/airflow/example_dags/example_branch_operator.py
[2024-03-27T19:09:50.344+0000] {logging_mixin.py:120} INFO - [2024-03-27T19:09:50.344+0000] {dag.py:2585} INFO - Sync 1 DAGs
[2024-03-27T19:09:50.386+0000] {logging_mixin.py:120} INFO - [2024-03-27T19:09:50.385+0000] {dag.py:3340} INFO - Setting next_dagrun for example_branch_operator to 2024-03-26T00:00:00+00:00, run_after=2024-03-27T00:00:00+00:00
[2024-03-27T19:09:50.399+0000] {processor.py:176} INFO - Processing /home/airflow/.local/lib/python3.7/site-packages/airflow/example_dags/example_branch_operator.py took 0.143 seconds
[2024-03-27T19:10:21.056+0000] {processor.py:154} INFO - Started process (PID=129) to work on /home/airflow/.local/lib/python3.7/site-packages/airflow/example_dags/example_branch_operator.py
[2024-03-27T19:10:21.057+0000] {processor.py:756} INFO - Processing file /home/airflow/.local/lib/python3.7/site-packages/airflow/example_dags/example_branch_operator.py for tasks to queue
[2024-03-27T19:10:21.058+0000] {logging_mixin.py:120} INFO - [2024-03-27T19:10:21.058+0000] {dagbag.py:537} INFO - Filling up the DagBag from /home/airflow/.local/lib/python3.7/site-packages/airflow/example_dags/example_branch_operator.py
[2024-03-27T19:10:21.068+0000] {processor.py:766} INFO - DAG(s) dict_keys(['example_branch_operator']) retrieved from /home/airflow/.local/lib/python3.7/site-packages/airflow/example_dags/example_branch_operator.py
[2024-03-27T19:10:21.099+0000] {logging_mixin.py:120} INFO - [2024-03-27T19:10:21.099+0000] {dag.py:2585} INFO - Sync 1 DAGs
[2024-03-27T19:10:21.116+0000] {logging_mixin.py:120} INFO - [2024-03-27T19:10:21.116+0000] {dag.py:3340} INFO - Setting next_dagrun for example_branch_operator to 2024-03-26T00:00:00+00:00, run_after=2024-03-27T00:00:00+00:00
[2024-03-27T19:10:21.126+0000] {processor.py:176} INFO - Processing /home/airflow/.local/lib/python3.7/site-packages/airflow/example_dags/example_branch_operator.py took 0.072 seconds
[2024-03-27T19:10:40.649+0000] {processor.py:154} INFO - Started process (PID=53) to work on /home/airflow/.local/lib/python3.7/site-packages/airflow/example_dags/example_branch_operator.py
[2024-03-27T19:10:40.677+0000] {processor.py:756} INFO - Processing file /home/airflow/.local/lib/python3.7/site-packages/airflow/example_dags/example_branch_operator.py for tasks to queue
[2024-03-27T19:10:40.693+0000] {logging_mixin.py:120} INFO - [2024-03-27T19:10:40.692+0000] {dagbag.py:537} INFO - Filling up the DagBag from /home/airflow/.local/lib/python3.7/site-packages/airflow/example_dags/example_branch_operator.py
[2024-03-27T19:10:40.891+0000] {processor.py:766} INFO - DAG(s) dict_keys(['example_branch_operator']) retrieved from /home/airflow/.local/lib/python3.7/site-packages/airflow/example_dags/example_branch_operator.py
[2024-03-27T19:10:41.800+0000] {logging_mixin.py:120} INFO - [2024-03-27T19:10:41.787+0000] {dag.py:2585} INFO - Sync 1 DAGs
[2024-03-27T19:10:41.908+0000] {logging_mixin.py:120} INFO - [2024-03-27T19:10:41.908+0000] {dag.py:3340} INFO - Setting next_dagrun for example_branch_operator to 2024-03-26T00:00:00+00:00, run_after=2024-03-27T00:00:00+00:00
[2024-03-27T19:10:41.979+0000] {processor.py:176} INFO - Processing /home/airflow/.local/lib/python3.7/site-packages/airflow/example_dags/example_branch_operator.py took 1.334 seconds
[2024-03-27T19:11:14.324+0000] {processor.py:154} INFO - Started process (PID=112) to work on /home/airflow/.local/lib/python3.7/site-packages/airflow/example_dags/example_branch_operator.py
[2024-03-27T19:11:14.332+0000] {processor.py:756} INFO - Processing file /home/airflow/.local/lib/python3.7/site-packages/airflow/example_dags/example_branch_operator.py for tasks to queue
[2024-03-27T19:11:14.334+0000] {logging_mixin.py:120} INFO - [2024-03-27T19:11:14.334+0000] {dagbag.py:537} INFO - Filling up the DagBag from /home/airflow/.local/lib/python3.7/site-packages/airflow/example_dags/example_branch_operator.py
[2024-03-27T19:11:14.396+0000] {processor.py:766} INFO - DAG(s) dict_keys(['example_branch_operator']) retrieved from /home/airflow/.local/lib/python3.7/site-packages/airflow/example_dags/example_branch_operator.py
[2024-03-27T19:11:14.511+0000] {logging_mixin.py:120} INFO - [2024-03-27T19:11:14.511+0000] {dag.py:2585} INFO - Sync 1 DAGs
[2024-03-27T19:11:14.537+0000] {logging_mixin.py:120} INFO - [2024-03-27T19:11:14.534+0000] {dag.py:3340} INFO - Setting next_dagrun for example_branch_operator to 2024-03-26T00:00:00+00:00, run_after=2024-03-27T00:00:00+00:00
[2024-03-27T19:11:14.595+0000] {processor.py:176} INFO - Processing /home/airflow/.local/lib/python3.7/site-packages/airflow/example_dags/example_branch_operator.py took 0.280 seconds
[2024-03-27T19:11:47.689+0000] {processor.py:154} INFO - Started process (PID=164) to work on /home/airflow/.local/lib/python3.7/site-packages/airflow/example_dags/example_branch_operator.py
[2024-03-27T19:11:47.692+0000] {processor.py:756} INFO - Processing file /home/airflow/.local/lib/python3.7/site-packages/airflow/example_dags/example_branch_operator.py for tasks to queue
[2024-03-27T19:11:47.695+0000] {logging_mixin.py:120} INFO - [2024-03-27T19:11:47.695+0000] {dagbag.py:537} INFO - Filling up the DagBag from /home/airflow/.local/lib/python3.7/site-packages/airflow/example_dags/example_branch_operator.py
[2024-03-27T19:11:47.719+0000] {processor.py:766} INFO - DAG(s) dict_keys(['example_branch_operator']) retrieved from /home/airflow/.local/lib/python3.7/site-packages/airflow/example_dags/example_branch_operator.py
[2024-03-27T19:11:47.798+0000] {logging_mixin.py:120} INFO - [2024-03-27T19:11:47.798+0000] {dag.py:2585} INFO - Sync 1 DAGs
[2024-03-27T19:11:47.835+0000] {logging_mixin.py:120} INFO - [2024-03-27T19:11:47.835+0000] {dag.py:3340} INFO - Setting next_dagrun for example_branch_operator to 2024-03-26T00:00:00+00:00, run_after=2024-03-27T00:00:00+00:00
[2024-03-27T19:11:47.866+0000] {processor.py:176} INFO - Processing /home/airflow/.local/lib/python3.7/site-packages/airflow/example_dags/example_branch_operator.py took 0.180 seconds
[2024-03-27T19:12:21.080+0000] {processor.py:154} INFO - Started process (PID=63) to work on /home/airflow/.local/lib/python3.7/site-packages/airflow/example_dags/example_branch_operator.py
[2024-03-27T19:12:21.081+0000] {processor.py:756} INFO - Processing file /home/airflow/.local/lib/python3.7/site-packages/airflow/example_dags/example_branch_operator.py for tasks to queue
[2024-03-27T19:12:21.081+0000] {logging_mixin.py:120} INFO - [2024-03-27T19:12:21.081+0000] {dagbag.py:537} INFO - Filling up the DagBag from /home/airflow/.local/lib/python3.7/site-packages/airflow/example_dags/example_branch_operator.py
[2024-03-27T19:12:21.096+0000] {processor.py:766} INFO - DAG(s) dict_keys(['example_branch_operator']) retrieved from /home/airflow/.local/lib/python3.7/site-packages/airflow/example_dags/example_branch_operator.py
[2024-03-27T19:12:21.138+0000] {logging_mixin.py:120} INFO - [2024-03-27T19:12:21.138+0000] {dag.py:2585} INFO - Sync 1 DAGs
[2024-03-27T19:12:21.159+0000] {logging_mixin.py:120} INFO - [2024-03-27T19:12:21.159+0000] {dag.py:3340} INFO - Setting next_dagrun for example_branch_operator to 2024-03-26T00:00:00+00:00, run_after=2024-03-27T00:00:00+00:00
[2024-03-27T19:12:21.171+0000] {processor.py:176} INFO - Processing /home/airflow/.local/lib/python3.7/site-packages/airflow/example_dags/example_branch_operator.py took 0.094 seconds
[2024-03-27T19:12:52.060+0000] {processor.py:154} INFO - Started process (PID=113) to work on /home/airflow/.local/lib/python3.7/site-packages/airflow/example_dags/example_branch_operator.py
[2024-03-27T19:12:52.061+0000] {processor.py:756} INFO - Processing file /home/airflow/.local/lib/python3.7/site-packages/airflow/example_dags/example_branch_operator.py for tasks to queue
[2024-03-27T19:12:52.061+0000] {logging_mixin.py:120} INFO - [2024-03-27T19:12:52.061+0000] {dagbag.py:537} INFO - Filling up the DagBag from /home/airflow/.local/lib/python3.7/site-packages/airflow/example_dags/example_branch_operator.py
[2024-03-27T19:12:52.073+0000] {processor.py:766} INFO - DAG(s) dict_keys(['example_branch_operator']) retrieved from /home/airflow/.local/lib/python3.7/site-packages/airflow/example_dags/example_branch_operator.py
[2024-03-27T19:12:52.097+0000] {logging_mixin.py:120} INFO - [2024-03-27T19:12:52.097+0000] {dag.py:2585} INFO - Sync 1 DAGs
[2024-03-27T19:12:52.118+0000] {logging_mixin.py:120} INFO - [2024-03-27T19:12:52.118+0000] {dag.py:3340} INFO - Setting next_dagrun for example_branch_operator to 2024-03-26T00:00:00+00:00, run_after=2024-03-27T00:00:00+00:00
[2024-03-27T19:12:52.134+0000] {processor.py:176} INFO - Processing /home/airflow/.local/lib/python3.7/site-packages/airflow/example_dags/example_branch_operator.py took 0.077 seconds
[2024-03-27T19:13:31.763+0000] {processor.py:154} INFO - Started process (PID=174) to work on /home/airflow/.local/lib/python3.7/site-packages/airflow/example_dags/example_branch_operator.py
[2024-03-27T19:13:31.765+0000] {processor.py:756} INFO - Processing file /home/airflow/.local/lib/python3.7/site-packages/airflow/example_dags/example_branch_operator.py for tasks to queue
[2024-03-27T19:13:31.767+0000] {logging_mixin.py:120} INFO - [2024-03-27T19:13:31.767+0000] {dagbag.py:537} INFO - Filling up the DagBag from /home/airflow/.local/lib/python3.7/site-packages/airflow/example_dags/example_branch_operator.py
[2024-03-27T19:13:31.782+0000] {processor.py:766} INFO - DAG(s) dict_keys(['example_branch_operator']) retrieved from /home/airflow/.local/lib/python3.7/site-packages/airflow/example_dags/example_branch_operator.py
[2024-03-27T19:13:31.837+0000] {logging_mixin.py:120} INFO - [2024-03-27T19:13:31.837+0000] {dag.py:2585} INFO - Sync 1 DAGs
[2024-03-27T19:13:31.887+0000] {logging_mixin.py:120} INFO - [2024-03-27T19:13:31.887+0000] {dag.py:3340} INFO - Setting next_dagrun for example_branch_operator to 2024-03-26T00:00:00+00:00, run_after=2024-03-27T00:00:00+00:00
[2024-03-27T19:13:31.920+0000] {processor.py:176} INFO - Processing /home/airflow/.local/lib/python3.7/site-packages/airflow/example_dags/example_branch_operator.py took 0.164 seconds
[2024-03-27T19:13:56.721+0000] {processor.py:154} INFO - Started process (PID=62) to work on /home/airflow/.local/lib/python3.7/site-packages/airflow/example_dags/example_branch_operator.py
[2024-03-27T19:13:56.722+0000] {processor.py:756} INFO - Processing file /home/airflow/.local/lib/python3.7/site-packages/airflow/example_dags/example_branch_operator.py for tasks to queue
[2024-03-27T19:13:56.722+0000] {logging_mixin.py:120} INFO - [2024-03-27T19:13:56.722+0000] {dagbag.py:537} INFO - Filling up the DagBag from /home/airflow/.local/lib/python3.7/site-packages/airflow/example_dags/example_branch_operator.py
[2024-03-27T19:13:56.735+0000] {processor.py:766} INFO - DAG(s) dict_keys(['example_branch_operator']) retrieved from /home/airflow/.local/lib/python3.7/site-packages/airflow/example_dags/example_branch_operator.py
[2024-03-27T19:13:56.759+0000] {logging_mixin.py:120} INFO - [2024-03-27T19:13:56.759+0000] {dag.py:2585} INFO - Sync 1 DAGs
[2024-03-27T19:13:56.775+0000] {logging_mixin.py:120} INFO - [2024-03-27T19:13:56.775+0000] {dag.py:3340} INFO - Setting next_dagrun for example_branch_operator to 2024-03-26T00:00:00+00:00, run_after=2024-03-27T00:00:00+00:00
[2024-03-27T19:13:56.788+0000] {processor.py:176} INFO - Processing /home/airflow/.local/lib/python3.7/site-packages/airflow/example_dags/example_branch_operator.py took 0.069 seconds
[2024-03-27T19:14:47.884+0000] {processor.py:154} INFO - Started process (PID=121) to work on /home/airflow/.local/lib/python3.7/site-packages/airflow/example_dags/example_branch_operator.py
[2024-03-27T19:14:47.886+0000] {processor.py:756} INFO - Processing file /home/airflow/.local/lib/python3.7/site-packages/airflow/example_dags/example_branch_operator.py for tasks to queue
[2024-03-27T19:14:47.887+0000] {logging_mixin.py:120} INFO - [2024-03-27T19:14:47.886+0000] {dagbag.py:537} INFO - Filling up the DagBag from /home/airflow/.local/lib/python3.7/site-packages/airflow/example_dags/example_branch_operator.py
[2024-03-27T19:14:47.952+0000] {processor.py:766} INFO - DAG(s) dict_keys(['example_branch_operator']) retrieved from /home/airflow/.local/lib/python3.7/site-packages/airflow/example_dags/example_branch_operator.py
[2024-03-27T19:14:48.226+0000] {logging_mixin.py:120} INFO - [2024-03-27T19:14:48.224+0000] {dag.py:2585} INFO - Sync 1 DAGs
[2024-03-27T19:14:48.390+0000] {logging_mixin.py:120} INFO - [2024-03-27T19:14:48.390+0000] {dag.py:3340} INFO - Setting next_dagrun for example_branch_operator to 2024-03-26T00:00:00+00:00, run_after=2024-03-27T00:00:00+00:00
[2024-03-27T19:14:48.475+0000] {processor.py:176} INFO - Processing /home/airflow/.local/lib/python3.7/site-packages/airflow/example_dags/example_branch_operator.py took 0.601 seconds
[2024-03-27T19:15:21.570+0000] {processor.py:154} INFO - Started process (PID=62) to work on /home/airflow/.local/lib/python3.7/site-packages/airflow/example_dags/example_branch_operator.py
[2024-03-27T19:15:21.571+0000] {processor.py:756} INFO - Processing file /home/airflow/.local/lib/python3.7/site-packages/airflow/example_dags/example_branch_operator.py for tasks to queue
[2024-03-27T19:15:21.572+0000] {logging_mixin.py:120} INFO - [2024-03-27T19:15:21.572+0000] {dagbag.py:537} INFO - Filling up the DagBag from /home/airflow/.local/lib/python3.7/site-packages/airflow/example_dags/example_branch_operator.py
[2024-03-27T19:15:21.584+0000] {processor.py:766} INFO - DAG(s) dict_keys(['example_branch_operator']) retrieved from /home/airflow/.local/lib/python3.7/site-packages/airflow/example_dags/example_branch_operator.py
[2024-03-27T19:15:21.609+0000] {logging_mixin.py:120} INFO - [2024-03-27T19:15:21.609+0000] {dag.py:2585} INFO - Sync 1 DAGs
[2024-03-27T19:15:21.630+0000] {logging_mixin.py:120} INFO - [2024-03-27T19:15:21.630+0000] {dag.py:3340} INFO - Setting next_dagrun for example_branch_operator to 2024-03-26T00:00:00+00:00, run_after=2024-03-27T00:00:00+00:00
[2024-03-27T19:15:21.642+0000] {processor.py:176} INFO - Processing /home/airflow/.local/lib/python3.7/site-packages/airflow/example_dags/example_branch_operator.py took 0.073 seconds
[2024-03-27T19:15:53.819+0000] {processor.py:154} INFO - Started process (PID=121) to work on /home/airflow/.local/lib/python3.7/site-packages/airflow/example_dags/example_branch_operator.py
[2024-03-27T19:15:53.821+0000] {processor.py:756} INFO - Processing file /home/airflow/.local/lib/python3.7/site-packages/airflow/example_dags/example_branch_operator.py for tasks to queue
[2024-03-27T19:15:53.822+0000] {logging_mixin.py:120} INFO - [2024-03-27T19:15:53.822+0000] {dagbag.py:537} INFO - Filling up the DagBag from /home/airflow/.local/lib/python3.7/site-packages/airflow/example_dags/example_branch_operator.py
[2024-03-27T19:15:53.854+0000] {processor.py:766} INFO - DAG(s) dict_keys(['example_branch_operator']) retrieved from /home/airflow/.local/lib/python3.7/site-packages/airflow/example_dags/example_branch_operator.py
[2024-03-27T19:15:53.939+0000] {logging_mixin.py:120} INFO - [2024-03-27T19:15:53.939+0000] {dag.py:2585} INFO - Sync 1 DAGs
[2024-03-27T19:15:53.975+0000] {logging_mixin.py:120} INFO - [2024-03-27T19:15:53.975+0000] {dag.py:3340} INFO - Setting next_dagrun for example_branch_operator to 2024-03-26T00:00:00+00:00, run_after=2024-03-27T00:00:00+00:00
[2024-03-27T19:15:54.000+0000] {processor.py:176} INFO - Processing /home/airflow/.local/lib/python3.7/site-packages/airflow/example_dags/example_branch_operator.py took 0.189 seconds
[2024-03-27T19:16:25.534+0000] {processor.py:154} INFO - Started process (PID=180) to work on /home/airflow/.local/lib/python3.7/site-packages/airflow/example_dags/example_branch_operator.py
[2024-03-27T19:16:25.535+0000] {processor.py:756} INFO - Processing file /home/airflow/.local/lib/python3.7/site-packages/airflow/example_dags/example_branch_operator.py for tasks to queue
[2024-03-27T19:16:25.537+0000] {logging_mixin.py:120} INFO - [2024-03-27T19:16:25.537+0000] {dagbag.py:537} INFO - Filling up the DagBag from /home/airflow/.local/lib/python3.7/site-packages/airflow/example_dags/example_branch_operator.py
[2024-03-27T19:16:25.581+0000] {processor.py:766} INFO - DAG(s) dict_keys(['example_branch_operator']) retrieved from /home/airflow/.local/lib/python3.7/site-packages/airflow/example_dags/example_branch_operator.py
[2024-03-27T19:16:25.638+0000] {logging_mixin.py:120} INFO - [2024-03-27T19:16:25.638+0000] {dag.py:2585} INFO - Sync 1 DAGs
[2024-03-27T19:16:25.688+0000] {logging_mixin.py:120} INFO - [2024-03-27T19:16:25.688+0000] {dag.py:3340} INFO - Setting next_dagrun for example_branch_operator to 2024-03-26T00:00:00+00:00, run_after=2024-03-27T00:00:00+00:00
[2024-03-27T19:16:25.713+0000] {processor.py:176} INFO - Processing /home/airflow/.local/lib/python3.7/site-packages/airflow/example_dags/example_branch_operator.py took 0.188 seconds
[2024-03-27T19:16:50.487+0000] {processor.py:154} INFO - Started process (PID=61) to work on /home/airflow/.local/lib/python3.7/site-packages/airflow/example_dags/example_branch_operator.py
[2024-03-27T19:16:50.488+0000] {processor.py:756} INFO - Processing file /home/airflow/.local/lib/python3.7/site-packages/airflow/example_dags/example_branch_operator.py for tasks to queue
[2024-03-27T19:16:50.489+0000] {logging_mixin.py:120} INFO - [2024-03-27T19:16:50.489+0000] {dagbag.py:537} INFO - Filling up the DagBag from /home/airflow/.local/lib/python3.7/site-packages/airflow/example_dags/example_branch_operator.py
[2024-03-27T19:16:50.503+0000] {processor.py:766} INFO - DAG(s) dict_keys(['example_branch_operator']) retrieved from /home/airflow/.local/lib/python3.7/site-packages/airflow/example_dags/example_branch_operator.py
[2024-03-27T19:16:50.531+0000] {logging_mixin.py:120} INFO - [2024-03-27T19:16:50.530+0000] {dag.py:2585} INFO - Sync 1 DAGs
[2024-03-27T19:16:50.558+0000] {logging_mixin.py:120} INFO - [2024-03-27T19:16:50.558+0000] {dag.py:3340} INFO - Setting next_dagrun for example_branch_operator to 2024-03-26T00:00:00+00:00, run_after=2024-03-27T00:00:00+00:00
[2024-03-27T19:16:50.583+0000] {processor.py:176} INFO - Processing /home/airflow/.local/lib/python3.7/site-packages/airflow/example_dags/example_branch_operator.py took 0.099 seconds
[2024-03-27T19:17:27.447+0000] {processor.py:154} INFO - Started process (PID=119) to work on /home/airflow/.local/lib/python3.7/site-packages/airflow/example_dags/example_branch_operator.py
[2024-03-27T19:17:27.449+0000] {processor.py:756} INFO - Processing file /home/airflow/.local/lib/python3.7/site-packages/airflow/example_dags/example_branch_operator.py for tasks to queue
[2024-03-27T19:17:27.450+0000] {logging_mixin.py:120} INFO - [2024-03-27T19:17:27.450+0000] {dagbag.py:537} INFO - Filling up the DagBag from /home/airflow/.local/lib/python3.7/site-packages/airflow/example_dags/example_branch_operator.py
[2024-03-27T19:17:27.483+0000] {processor.py:766} INFO - DAG(s) dict_keys(['example_branch_operator']) retrieved from /home/airflow/.local/lib/python3.7/site-packages/airflow/example_dags/example_branch_operator.py
[2024-03-27T19:17:27.552+0000] {logging_mixin.py:120} INFO - [2024-03-27T19:17:27.552+0000] {dag.py:2585} INFO - Sync 1 DAGs
[2024-03-27T19:17:27.584+0000] {logging_mixin.py:120} INFO - [2024-03-27T19:17:27.583+0000] {dag.py:3340} INFO - Setting next_dagrun for example_branch_operator to 2024-03-26T00:00:00+00:00, run_after=2024-03-27T00:00:00+00:00
[2024-03-27T19:17:27.610+0000] {processor.py:176} INFO - Processing /home/airflow/.local/lib/python3.7/site-packages/airflow/example_dags/example_branch_operator.py took 0.169 seconds
[2024-03-27T19:18:19.808+0000] {processor.py:154} INFO - Started process (PID=62) to work on /home/airflow/.local/lib/python3.7/site-packages/airflow/example_dags/example_branch_operator.py
[2024-03-27T19:18:19.809+0000] {processor.py:756} INFO - Processing file /home/airflow/.local/lib/python3.7/site-packages/airflow/example_dags/example_branch_operator.py for tasks to queue
[2024-03-27T19:18:19.809+0000] {logging_mixin.py:120} INFO - [2024-03-27T19:18:19.809+0000] {dagbag.py:537} INFO - Filling up the DagBag from /home/airflow/.local/lib/python3.7/site-packages/airflow/example_dags/example_branch_operator.py
[2024-03-27T19:18:19.823+0000] {processor.py:766} INFO - DAG(s) dict_keys(['example_branch_operator']) retrieved from /home/airflow/.local/lib/python3.7/site-packages/airflow/example_dags/example_branch_operator.py
[2024-03-27T19:18:19.856+0000] {logging_mixin.py:120} INFO - [2024-03-27T19:18:19.856+0000] {dag.py:2585} INFO - Sync 1 DAGs
[2024-03-27T19:18:19.874+0000] {logging_mixin.py:120} INFO - [2024-03-27T19:18:19.874+0000] {dag.py:3340} INFO - Setting next_dagrun for example_branch_operator to 2024-03-26T00:00:00+00:00, run_after=2024-03-27T00:00:00+00:00
[2024-03-27T19:18:19.891+0000] {processor.py:176} INFO - Processing /home/airflow/.local/lib/python3.7/site-packages/airflow/example_dags/example_branch_operator.py took 0.085 seconds
[2024-03-27T19:18:50.958+0000] {processor.py:154} INFO - Started process (PID=120) to work on /home/airflow/.local/lib/python3.7/site-packages/airflow/example_dags/example_branch_operator.py
[2024-03-27T19:18:50.959+0000] {processor.py:756} INFO - Processing file /home/airflow/.local/lib/python3.7/site-packages/airflow/example_dags/example_branch_operator.py for tasks to queue
[2024-03-27T19:18:50.960+0000] {logging_mixin.py:120} INFO - [2024-03-27T19:18:50.960+0000] {dagbag.py:537} INFO - Filling up the DagBag from /home/airflow/.local/lib/python3.7/site-packages/airflow/example_dags/example_branch_operator.py
[2024-03-27T19:18:50.975+0000] {processor.py:766} INFO - DAG(s) dict_keys(['example_branch_operator']) retrieved from /home/airflow/.local/lib/python3.7/site-packages/airflow/example_dags/example_branch_operator.py
[2024-03-27T19:18:51.009+0000] {logging_mixin.py:120} INFO - [2024-03-27T19:18:51.009+0000] {dag.py:2585} INFO - Sync 1 DAGs
[2024-03-27T19:18:51.027+0000] {logging_mixin.py:120} INFO - [2024-03-27T19:18:51.027+0000] {dag.py:3340} INFO - Setting next_dagrun for example_branch_operator to 2024-03-26T00:00:00+00:00, run_after=2024-03-27T00:00:00+00:00
[2024-03-27T19:18:51.041+0000] {processor.py:176} INFO - Processing /home/airflow/.local/lib/python3.7/site-packages/airflow/example_dags/example_branch_operator.py took 0.085 seconds
[2024-03-27T19:19:41.121+0000] {processor.py:154} INFO - Started process (PID=62) to work on /home/airflow/.local/lib/python3.7/site-packages/airflow/example_dags/example_branch_operator.py
[2024-03-27T19:19:41.123+0000] {processor.py:756} INFO - Processing file /home/airflow/.local/lib/python3.7/site-packages/airflow/example_dags/example_branch_operator.py for tasks to queue
[2024-03-27T19:19:41.123+0000] {logging_mixin.py:120} INFO - [2024-03-27T19:19:41.123+0000] {dagbag.py:537} INFO - Filling up the DagBag from /home/airflow/.local/lib/python3.7/site-packages/airflow/example_dags/example_branch_operator.py
[2024-03-27T19:19:41.136+0000] {processor.py:766} INFO - DAG(s) dict_keys(['example_branch_operator']) retrieved from /home/airflow/.local/lib/python3.7/site-packages/airflow/example_dags/example_branch_operator.py
[2024-03-27T19:19:41.168+0000] {logging_mixin.py:120} INFO - [2024-03-27T19:19:41.168+0000] {dag.py:2585} INFO - Sync 1 DAGs
[2024-03-27T19:19:41.185+0000] {logging_mixin.py:120} INFO - [2024-03-27T19:19:41.185+0000] {dag.py:3340} INFO - Setting next_dagrun for example_branch_operator to 2024-03-26T00:00:00+00:00, run_after=2024-03-27T00:00:00+00:00
[2024-03-27T19:19:41.199+0000] {processor.py:176} INFO - Processing /home/airflow/.local/lib/python3.7/site-packages/airflow/example_dags/example_branch_operator.py took 0.079 seconds
[2024-03-27T19:20:21.830+0000] {processor.py:154} INFO - Started process (PID=121) to work on /home/airflow/.local/lib/python3.7/site-packages/airflow/example_dags/example_branch_operator.py
[2024-03-27T19:20:21.834+0000] {processor.py:756} INFO - Processing file /home/airflow/.local/lib/python3.7/site-packages/airflow/example_dags/example_branch_operator.py for tasks to queue
[2024-03-27T19:20:21.834+0000] {logging_mixin.py:120} INFO - [2024-03-27T19:20:21.834+0000] {dagbag.py:537} INFO - Filling up the DagBag from /home/airflow/.local/lib/python3.7/site-packages/airflow/example_dags/example_branch_operator.py
[2024-03-27T19:20:21.857+0000] {processor.py:766} INFO - DAG(s) dict_keys(['example_branch_operator']) retrieved from /home/airflow/.local/lib/python3.7/site-packages/airflow/example_dags/example_branch_operator.py
[2024-03-27T19:20:21.907+0000] {logging_mixin.py:120} INFO - [2024-03-27T19:20:21.907+0000] {dag.py:2585} INFO - Sync 1 DAGs
[2024-03-27T19:20:21.939+0000] {logging_mixin.py:120} INFO - [2024-03-27T19:20:21.939+0000] {dag.py:3340} INFO - Setting next_dagrun for example_branch_operator to 2024-03-26T00:00:00+00:00, run_after=2024-03-27T00:00:00+00:00
[2024-03-27T19:20:21.956+0000] {processor.py:176} INFO - Processing /home/airflow/.local/lib/python3.7/site-packages/airflow/example_dags/example_branch_operator.py took 0.128 seconds
[2024-03-27T19:21:23.570+0000] {processor.py:154} INFO - Started process (PID=61) to work on /home/airflow/.local/lib/python3.7/site-packages/airflow/example_dags/example_branch_operator.py
[2024-03-27T19:21:23.571+0000] {processor.py:756} INFO - Processing file /home/airflow/.local/lib/python3.7/site-packages/airflow/example_dags/example_branch_operator.py for tasks to queue
[2024-03-27T19:21:23.571+0000] {logging_mixin.py:120} INFO - [2024-03-27T19:21:23.571+0000] {dagbag.py:537} INFO - Filling up the DagBag from /home/airflow/.local/lib/python3.7/site-packages/airflow/example_dags/example_branch_operator.py
[2024-03-27T19:21:23.584+0000] {processor.py:766} INFO - DAG(s) dict_keys(['example_branch_operator']) retrieved from /home/airflow/.local/lib/python3.7/site-packages/airflow/example_dags/example_branch_operator.py
[2024-03-27T19:21:23.614+0000] {logging_mixin.py:120} INFO - [2024-03-27T19:21:23.614+0000] {dag.py:2585} INFO - Sync 1 DAGs
[2024-03-27T19:21:23.633+0000] {logging_mixin.py:120} INFO - [2024-03-27T19:21:23.633+0000] {dag.py:3340} INFO - Setting next_dagrun for example_branch_operator to 2024-03-26T00:00:00+00:00, run_after=2024-03-27T00:00:00+00:00
[2024-03-27T19:21:23.645+0000] {processor.py:176} INFO - Processing /home/airflow/.local/lib/python3.7/site-packages/airflow/example_dags/example_branch_operator.py took 0.078 seconds
[2024-03-27T19:21:54.211+0000] {processor.py:154} INFO - Started process (PID=111) to work on /home/airflow/.local/lib/python3.7/site-packages/airflow/example_dags/example_branch_operator.py
[2024-03-27T19:21:54.212+0000] {processor.py:756} INFO - Processing file /home/airflow/.local/lib/python3.7/site-packages/airflow/example_dags/example_branch_operator.py for tasks to queue
[2024-03-27T19:21:54.213+0000] {logging_mixin.py:120} INFO - [2024-03-27T19:21:54.213+0000] {dagbag.py:537} INFO - Filling up the DagBag from /home/airflow/.local/lib/python3.7/site-packages/airflow/example_dags/example_branch_operator.py
[2024-03-27T19:21:54.225+0000] {processor.py:766} INFO - DAG(s) dict_keys(['example_branch_operator']) retrieved from /home/airflow/.local/lib/python3.7/site-packages/airflow/example_dags/example_branch_operator.py
[2024-03-27T19:21:54.251+0000] {logging_mixin.py:120} INFO - [2024-03-27T19:21:54.251+0000] {dag.py:2585} INFO - Sync 1 DAGs
[2024-03-27T19:21:54.269+0000] {logging_mixin.py:120} INFO - [2024-03-27T19:21:54.269+0000] {dag.py:3340} INFO - Setting next_dagrun for example_branch_operator to 2024-03-26T00:00:00+00:00, run_after=2024-03-27T00:00:00+00:00
[2024-03-27T19:21:54.281+0000] {processor.py:176} INFO - Processing /home/airflow/.local/lib/python3.7/site-packages/airflow/example_dags/example_branch_operator.py took 0.072 seconds
[2024-03-27T19:22:30.829+0000] {processor.py:154} INFO - Started process (PID=52) to work on /home/airflow/.local/lib/python3.7/site-packages/airflow/example_dags/example_branch_operator.py
[2024-03-27T19:22:30.830+0000] {processor.py:756} INFO - Processing file /home/airflow/.local/lib/python3.7/site-packages/airflow/example_dags/example_branch_operator.py for tasks to queue
[2024-03-27T19:22:30.831+0000] {logging_mixin.py:120} INFO - [2024-03-27T19:22:30.831+0000] {dagbag.py:537} INFO - Filling up the DagBag from /home/airflow/.local/lib/python3.7/site-packages/airflow/example_dags/example_branch_operator.py
[2024-03-27T19:22:30.842+0000] {processor.py:766} INFO - DAG(s) dict_keys(['example_branch_operator']) retrieved from /home/airflow/.local/lib/python3.7/site-packages/airflow/example_dags/example_branch_operator.py
[2024-03-27T19:22:30.868+0000] {logging_mixin.py:120} INFO - [2024-03-27T19:22:30.868+0000] {dag.py:2585} INFO - Sync 1 DAGs
[2024-03-27T19:22:30.885+0000] {logging_mixin.py:120} INFO - [2024-03-27T19:22:30.885+0000] {dag.py:3340} INFO - Setting next_dagrun for example_branch_operator to 2024-03-26T00:00:00+00:00, run_after=2024-03-27T00:00:00+00:00
[2024-03-27T19:22:30.905+0000] {processor.py:176} INFO - Processing /home/airflow/.local/lib/python3.7/site-packages/airflow/example_dags/example_branch_operator.py took 0.077 seconds
[2024-03-27T19:23:01.419+0000] {processor.py:154} INFO - Started process (PID=120) to work on /home/airflow/.local/lib/python3.7/site-packages/airflow/example_dags/example_branch_operator.py
[2024-03-27T19:23:01.419+0000] {processor.py:756} INFO - Processing file /home/airflow/.local/lib/python3.7/site-packages/airflow/example_dags/example_branch_operator.py for tasks to queue
[2024-03-27T19:23:01.420+0000] {logging_mixin.py:120} INFO - [2024-03-27T19:23:01.420+0000] {dagbag.py:537} INFO - Filling up the DagBag from /home/airflow/.local/lib/python3.7/site-packages/airflow/example_dags/example_branch_operator.py
[2024-03-27T19:23:01.429+0000] {processor.py:766} INFO - DAG(s) dict_keys(['example_branch_operator']) retrieved from /home/airflow/.local/lib/python3.7/site-packages/airflow/example_dags/example_branch_operator.py
[2024-03-27T19:23:01.451+0000] {logging_mixin.py:120} INFO - [2024-03-27T19:23:01.450+0000] {dag.py:2585} INFO - Sync 1 DAGs
[2024-03-27T19:23:01.467+0000] {logging_mixin.py:120} INFO - [2024-03-27T19:23:01.467+0000] {dag.py:3340} INFO - Setting next_dagrun for example_branch_operator to 2024-03-26T00:00:00+00:00, run_after=2024-03-27T00:00:00+00:00
[2024-03-27T19:23:01.476+0000] {processor.py:176} INFO - Processing /home/airflow/.local/lib/python3.7/site-packages/airflow/example_dags/example_branch_operator.py took 0.059 seconds
[2024-03-27T19:24:28.147+0000] {processor.py:154} INFO - Started process (PID=179) to work on /home/airflow/.local/lib/python3.7/site-packages/airflow/example_dags/example_branch_operator.py
[2024-03-27T19:24:28.148+0000] {processor.py:756} INFO - Processing file /home/airflow/.local/lib/python3.7/site-packages/airflow/example_dags/example_branch_operator.py for tasks to queue
[2024-03-27T19:24:28.148+0000] {logging_mixin.py:120} INFO - [2024-03-27T19:24:28.148+0000] {dagbag.py:537} INFO - Filling up the DagBag from /home/airflow/.local/lib/python3.7/site-packages/airflow/example_dags/example_branch_operator.py
[2024-03-27T19:24:28.161+0000] {processor.py:766} INFO - DAG(s) dict_keys(['example_branch_operator']) retrieved from /home/airflow/.local/lib/python3.7/site-packages/airflow/example_dags/example_branch_operator.py
[2024-03-27T19:24:28.184+0000] {logging_mixin.py:120} INFO - [2024-03-27T19:24:28.184+0000] {dag.py:2585} INFO - Sync 1 DAGs
[2024-03-27T19:24:28.200+0000] {logging_mixin.py:120} INFO - [2024-03-27T19:24:28.200+0000] {dag.py:3340} INFO - Setting next_dagrun for example_branch_operator to 2024-03-26T00:00:00+00:00, run_after=2024-03-27T00:00:00+00:00
[2024-03-27T19:24:28.210+0000] {processor.py:176} INFO - Processing /home/airflow/.local/lib/python3.7/site-packages/airflow/example_dags/example_branch_operator.py took 0.065 seconds
[2024-03-27T19:24:54.007+0000] {processor.py:154} INFO - Started process (PID=52) to work on /home/airflow/.local/lib/python3.7/site-packages/airflow/example_dags/example_branch_operator.py
[2024-03-27T19:24:54.009+0000] {processor.py:756} INFO - Processing file /home/airflow/.local/lib/python3.7/site-packages/airflow/example_dags/example_branch_operator.py for tasks to queue
[2024-03-27T19:24:54.009+0000] {logging_mixin.py:120} INFO - [2024-03-27T19:24:54.009+0000] {dagbag.py:537} INFO - Filling up the DagBag from /home/airflow/.local/lib/python3.7/site-packages/airflow/example_dags/example_branch_operator.py
[2024-03-27T19:24:54.024+0000] {processor.py:766} INFO - DAG(s) dict_keys(['example_branch_operator']) retrieved from /home/airflow/.local/lib/python3.7/site-packages/airflow/example_dags/example_branch_operator.py
[2024-03-27T19:24:54.064+0000] {logging_mixin.py:120} INFO - [2024-03-27T19:24:54.064+0000] {dag.py:2585} INFO - Sync 1 DAGs
[2024-03-27T19:24:54.080+0000] {logging_mixin.py:120} INFO - [2024-03-27T19:24:54.080+0000] {dag.py:3340} INFO - Setting next_dagrun for example_branch_operator to 2024-03-26T00:00:00+00:00, run_after=2024-03-27T00:00:00+00:00
[2024-03-27T19:24:54.096+0000] {processor.py:176} INFO - Processing /home/airflow/.local/lib/python3.7/site-packages/airflow/example_dags/example_branch_operator.py took 0.091 seconds
[2024-03-27T19:25:24.582+0000] {processor.py:154} INFO - Started process (PID=119) to work on /home/airflow/.local/lib/python3.7/site-packages/airflow/example_dags/example_branch_operator.py
[2024-03-27T19:25:24.583+0000] {processor.py:756} INFO - Processing file /home/airflow/.local/lib/python3.7/site-packages/airflow/example_dags/example_branch_operator.py for tasks to queue
[2024-03-27T19:25:24.583+0000] {logging_mixin.py:120} INFO - [2024-03-27T19:25:24.583+0000] {dagbag.py:537} INFO - Filling up the DagBag from /home/airflow/.local/lib/python3.7/site-packages/airflow/example_dags/example_branch_operator.py
[2024-03-27T19:25:24.593+0000] {processor.py:766} INFO - DAG(s) dict_keys(['example_branch_operator']) retrieved from /home/airflow/.local/lib/python3.7/site-packages/airflow/example_dags/example_branch_operator.py
[2024-03-27T19:25:24.613+0000] {logging_mixin.py:120} INFO - [2024-03-27T19:25:24.613+0000] {dag.py:2585} INFO - Sync 1 DAGs
[2024-03-27T19:25:24.629+0000] {logging_mixin.py:120} INFO - [2024-03-27T19:25:24.629+0000] {dag.py:3340} INFO - Setting next_dagrun for example_branch_operator to 2024-03-26T00:00:00+00:00, run_after=2024-03-27T00:00:00+00:00
[2024-03-27T19:25:24.651+0000] {processor.py:176} INFO - Processing /home/airflow/.local/lib/python3.7/site-packages/airflow/example_dags/example_branch_operator.py took 0.070 seconds
[2024-03-27T19:25:55.177+0000] {processor.py:154} INFO - Started process (PID=188) to work on /home/airflow/.local/lib/python3.7/site-packages/airflow/example_dags/example_branch_operator.py
[2024-03-27T19:25:55.178+0000] {processor.py:756} INFO - Processing file /home/airflow/.local/lib/python3.7/site-packages/airflow/example_dags/example_branch_operator.py for tasks to queue
[2024-03-27T19:25:55.178+0000] {logging_mixin.py:120} INFO - [2024-03-27T19:25:55.178+0000] {dagbag.py:537} INFO - Filling up the DagBag from /home/airflow/.local/lib/python3.7/site-packages/airflow/example_dags/example_branch_operator.py
[2024-03-27T19:25:55.188+0000] {processor.py:766} INFO - DAG(s) dict_keys(['example_branch_operator']) retrieved from /home/airflow/.local/lib/python3.7/site-packages/airflow/example_dags/example_branch_operator.py
[2024-03-27T19:25:55.209+0000] {logging_mixin.py:120} INFO - [2024-03-27T19:25:55.209+0000] {dag.py:2585} INFO - Sync 1 DAGs
[2024-03-27T19:25:55.224+0000] {logging_mixin.py:120} INFO - [2024-03-27T19:25:55.224+0000] {dag.py:3340} INFO - Setting next_dagrun for example_branch_operator to 2024-03-26T00:00:00+00:00, run_after=2024-03-27T00:00:00+00:00
[2024-03-27T19:25:55.233+0000] {processor.py:176} INFO - Processing /home/airflow/.local/lib/python3.7/site-packages/airflow/example_dags/example_branch_operator.py took 0.057 seconds
[2024-03-27T19:26:25.450+0000] {processor.py:154} INFO - Started process (PID=247) to work on /home/airflow/.local/lib/python3.7/site-packages/airflow/example_dags/example_branch_operator.py
[2024-03-27T19:26:25.451+0000] {processor.py:756} INFO - Processing file /home/airflow/.local/lib/python3.7/site-packages/airflow/example_dags/example_branch_operator.py for tasks to queue
[2024-03-27T19:26:25.452+0000] {logging_mixin.py:120} INFO - [2024-03-27T19:26:25.451+0000] {dagbag.py:537} INFO - Filling up the DagBag from /home/airflow/.local/lib/python3.7/site-packages/airflow/example_dags/example_branch_operator.py
[2024-03-27T19:26:25.461+0000] {processor.py:766} INFO - DAG(s) dict_keys(['example_branch_operator']) retrieved from /home/airflow/.local/lib/python3.7/site-packages/airflow/example_dags/example_branch_operator.py
[2024-03-27T19:26:25.482+0000] {logging_mixin.py:120} INFO - [2024-03-27T19:26:25.482+0000] {dag.py:2585} INFO - Sync 1 DAGs
[2024-03-27T19:26:25.507+0000] {logging_mixin.py:120} INFO - [2024-03-27T19:26:25.506+0000] {dag.py:3340} INFO - Setting next_dagrun for example_branch_operator to 2024-03-26T00:00:00+00:00, run_after=2024-03-27T00:00:00+00:00
[2024-03-27T19:26:25.521+0000] {processor.py:176} INFO - Processing /home/airflow/.local/lib/python3.7/site-packages/airflow/example_dags/example_branch_operator.py took 0.072 seconds
[2024-03-27T19:26:57.063+0000] {processor.py:154} INFO - Started process (PID=53) to work on /home/airflow/.local/lib/python3.7/site-packages/airflow/example_dags/example_branch_operator.py
[2024-03-27T19:26:57.064+0000] {processor.py:756} INFO - Processing file /home/airflow/.local/lib/python3.7/site-packages/airflow/example_dags/example_branch_operator.py for tasks to queue
[2024-03-27T19:26:57.064+0000] {logging_mixin.py:120} INFO - [2024-03-27T19:26:57.064+0000] {dagbag.py:537} INFO - Filling up the DagBag from /home/airflow/.local/lib/python3.7/site-packages/airflow/example_dags/example_branch_operator.py
[2024-03-27T19:26:57.074+0000] {processor.py:766} INFO - DAG(s) dict_keys(['example_branch_operator']) retrieved from /home/airflow/.local/lib/python3.7/site-packages/airflow/example_dags/example_branch_operator.py
[2024-03-27T19:26:57.095+0000] {logging_mixin.py:120} INFO - [2024-03-27T19:26:57.095+0000] {dag.py:2585} INFO - Sync 1 DAGs
[2024-03-27T19:26:57.107+0000] {logging_mixin.py:120} INFO - [2024-03-27T19:26:57.106+0000] {dag.py:3340} INFO - Setting next_dagrun for example_branch_operator to 2024-03-26T00:00:00+00:00, run_after=2024-03-27T00:00:00+00:00
[2024-03-27T19:26:57.116+0000] {processor.py:176} INFO - Processing /home/airflow/.local/lib/python3.7/site-packages/airflow/example_dags/example_branch_operator.py took 0.054 seconds
[2024-03-27T19:27:27.331+0000] {processor.py:154} INFO - Started process (PID=119) to work on /home/airflow/.local/lib/python3.7/site-packages/airflow/example_dags/example_branch_operator.py
[2024-03-27T19:27:27.332+0000] {processor.py:756} INFO - Processing file /home/airflow/.local/lib/python3.7/site-packages/airflow/example_dags/example_branch_operator.py for tasks to queue
[2024-03-27T19:27:27.333+0000] {logging_mixin.py:120} INFO - [2024-03-27T19:27:27.333+0000] {dagbag.py:537} INFO - Filling up the DagBag from /home/airflow/.local/lib/python3.7/site-packages/airflow/example_dags/example_branch_operator.py
[2024-03-27T19:27:27.342+0000] {processor.py:766} INFO - DAG(s) dict_keys(['example_branch_operator']) retrieved from /home/airflow/.local/lib/python3.7/site-packages/airflow/example_dags/example_branch_operator.py
[2024-03-27T19:27:27.363+0000] {logging_mixin.py:120} INFO - [2024-03-27T19:27:27.363+0000] {dag.py:2585} INFO - Sync 1 DAGs
[2024-03-27T19:27:27.379+0000] {logging_mixin.py:120} INFO - [2024-03-27T19:27:27.379+0000] {dag.py:3340} INFO - Setting next_dagrun for example_branch_operator to 2024-03-26T00:00:00+00:00, run_after=2024-03-27T00:00:00+00:00
[2024-03-27T19:27:27.389+0000] {processor.py:176} INFO - Processing /home/airflow/.local/lib/python3.7/site-packages/airflow/example_dags/example_branch_operator.py took 0.060 seconds
[2024-03-27T19:28:22.256+0000] {processor.py:154} INFO - Started process (PID=228) to work on /home/airflow/.local/lib/python3.7/site-packages/airflow/example_dags/example_branch_operator.py
[2024-03-27T19:28:22.261+0000] {processor.py:756} INFO - Processing file /home/airflow/.local/lib/python3.7/site-packages/airflow/example_dags/example_branch_operator.py for tasks to queue
[2024-03-27T19:28:22.263+0000] {logging_mixin.py:120} INFO - [2024-03-27T19:28:22.262+0000] {dagbag.py:537} INFO - Filling up the DagBag from /home/airflow/.local/lib/python3.7/site-packages/airflow/example_dags/example_branch_operator.py
[2024-03-27T19:28:22.317+0000] {processor.py:766} INFO - DAG(s) dict_keys(['example_branch_operator']) retrieved from /home/airflow/.local/lib/python3.7/site-packages/airflow/example_dags/example_branch_operator.py
[2024-03-27T19:28:22.397+0000] {logging_mixin.py:120} INFO - [2024-03-27T19:28:22.396+0000] {dag.py:2585} INFO - Sync 1 DAGs
[2024-03-27T19:28:22.435+0000] {logging_mixin.py:120} INFO - [2024-03-27T19:28:22.435+0000] {dag.py:3340} INFO - Setting next_dagrun for example_branch_operator to 2024-03-27T00:00:00+00:00, run_after=2024-03-28T00:00:00+00:00
[2024-03-27T19:28:22.466+0000] {processor.py:176} INFO - Processing /home/airflow/.local/lib/python3.7/site-packages/airflow/example_dags/example_branch_operator.py took 0.216 seconds
[2024-03-27T19:28:52.945+0000] {processor.py:154} INFO - Started process (PID=289) to work on /home/airflow/.local/lib/python3.7/site-packages/airflow/example_dags/example_branch_operator.py
[2024-03-27T19:28:52.946+0000] {processor.py:756} INFO - Processing file /home/airflow/.local/lib/python3.7/site-packages/airflow/example_dags/example_branch_operator.py for tasks to queue
[2024-03-27T19:28:52.947+0000] {logging_mixin.py:120} INFO - [2024-03-27T19:28:52.947+0000] {dagbag.py:537} INFO - Filling up the DagBag from /home/airflow/.local/lib/python3.7/site-packages/airflow/example_dags/example_branch_operator.py
[2024-03-27T19:28:52.971+0000] {processor.py:766} INFO - DAG(s) dict_keys(['example_branch_operator']) retrieved from /home/airflow/.local/lib/python3.7/site-packages/airflow/example_dags/example_branch_operator.py
[2024-03-27T19:28:53.057+0000] {logging_mixin.py:120} INFO - [2024-03-27T19:28:53.057+0000] {dag.py:2585} INFO - Sync 1 DAGs
[2024-03-27T19:28:53.082+0000] {logging_mixin.py:120} INFO - [2024-03-27T19:28:53.082+0000] {dag.py:3340} INFO - Setting next_dagrun for example_branch_operator to 2024-03-27T00:00:00+00:00, run_after=2024-03-28T00:00:00+00:00
[2024-03-27T19:28:53.154+0000] {processor.py:176} INFO - Processing /home/airflow/.local/lib/python3.7/site-packages/airflow/example_dags/example_branch_operator.py took 0.213 seconds
[2024-03-27T19:29:33.700+0000] {processor.py:154} INFO - Started process (PID=349) to work on /home/airflow/.local/lib/python3.7/site-packages/airflow/example_dags/example_branch_operator.py
[2024-03-27T19:29:33.706+0000] {processor.py:756} INFO - Processing file /home/airflow/.local/lib/python3.7/site-packages/airflow/example_dags/example_branch_operator.py for tasks to queue
[2024-03-27T19:29:33.722+0000] {logging_mixin.py:120} INFO - [2024-03-27T19:29:33.720+0000] {dagbag.py:537} INFO - Filling up the DagBag from /home/airflow/.local/lib/python3.7/site-packages/airflow/example_dags/example_branch_operator.py
[2024-03-27T19:29:33.883+0000] {processor.py:766} INFO - DAG(s) dict_keys(['example_branch_operator']) retrieved from /home/airflow/.local/lib/python3.7/site-packages/airflow/example_dags/example_branch_operator.py
[2024-03-27T19:29:33.983+0000] {logging_mixin.py:120} INFO - [2024-03-27T19:29:33.983+0000] {dag.py:2585} INFO - Sync 1 DAGs
[2024-03-27T19:29:34.019+0000] {logging_mixin.py:120} INFO - [2024-03-27T19:29:34.019+0000] {dag.py:3340} INFO - Setting next_dagrun for example_branch_operator to 2024-03-27T00:00:00+00:00, run_after=2024-03-28T00:00:00+00:00
[2024-03-27T19:29:34.047+0000] {processor.py:176} INFO - Processing /home/airflow/.local/lib/python3.7/site-packages/airflow/example_dags/example_branch_operator.py took 0.361 seconds
[2024-03-27T19:30:10.914+0000] {processor.py:154} INFO - Started process (PID=412) to work on /home/airflow/.local/lib/python3.7/site-packages/airflow/example_dags/example_branch_operator.py
[2024-03-27T19:30:10.915+0000] {processor.py:756} INFO - Processing file /home/airflow/.local/lib/python3.7/site-packages/airflow/example_dags/example_branch_operator.py for tasks to queue
[2024-03-27T19:30:10.915+0000] {logging_mixin.py:120} INFO - [2024-03-27T19:30:10.915+0000] {dagbag.py:537} INFO - Filling up the DagBag from /home/airflow/.local/lib/python3.7/site-packages/airflow/example_dags/example_branch_operator.py
[2024-03-27T19:30:10.927+0000] {processor.py:766} INFO - DAG(s) dict_keys(['example_branch_operator']) retrieved from /home/airflow/.local/lib/python3.7/site-packages/airflow/example_dags/example_branch_operator.py
[2024-03-27T19:30:10.953+0000] {logging_mixin.py:120} INFO - [2024-03-27T19:30:10.953+0000] {dag.py:2585} INFO - Sync 1 DAGs
[2024-03-27T19:30:10.970+0000] {logging_mixin.py:120} INFO - [2024-03-27T19:30:10.970+0000] {dag.py:3340} INFO - Setting next_dagrun for example_branch_operator to 2024-03-27T00:00:00+00:00, run_after=2024-03-28T00:00:00+00:00
[2024-03-27T19:30:10.982+0000] {processor.py:176} INFO - Processing /home/airflow/.local/lib/python3.7/site-packages/airflow/example_dags/example_branch_operator.py took 0.070 seconds
[2024-03-27T19:30:54.698+0000] {processor.py:154} INFO - Started process (PID=462) to work on /home/airflow/.local/lib/python3.7/site-packages/airflow/example_dags/example_branch_operator.py
[2024-03-27T19:30:54.699+0000] {processor.py:756} INFO - Processing file /home/airflow/.local/lib/python3.7/site-packages/airflow/example_dags/example_branch_operator.py for tasks to queue
[2024-03-27T19:30:54.700+0000] {logging_mixin.py:120} INFO - [2024-03-27T19:30:54.700+0000] {dagbag.py:537} INFO - Filling up the DagBag from /home/airflow/.local/lib/python3.7/site-packages/airflow/example_dags/example_branch_operator.py
[2024-03-27T19:30:54.711+0000] {processor.py:766} INFO - DAG(s) dict_keys(['example_branch_operator']) retrieved from /home/airflow/.local/lib/python3.7/site-packages/airflow/example_dags/example_branch_operator.py
[2024-03-27T19:30:54.740+0000] {logging_mixin.py:120} INFO - [2024-03-27T19:30:54.740+0000] {dag.py:2585} INFO - Sync 1 DAGs
[2024-03-27T19:30:54.758+0000] {logging_mixin.py:120} INFO - [2024-03-27T19:30:54.758+0000] {dag.py:3340} INFO - Setting next_dagrun for example_branch_operator to 2024-03-27T00:00:00+00:00, run_after=2024-03-28T00:00:00+00:00
[2024-03-27T19:30:54.770+0000] {processor.py:176} INFO - Processing /home/airflow/.local/lib/python3.7/site-packages/airflow/example_dags/example_branch_operator.py took 0.074 seconds
[2024-03-27T19:31:25.154+0000] {processor.py:154} INFO - Started process (PID=514) to work on /home/airflow/.local/lib/python3.7/site-packages/airflow/example_dags/example_branch_operator.py
[2024-03-27T19:31:25.156+0000] {processor.py:756} INFO - Processing file /home/airflow/.local/lib/python3.7/site-packages/airflow/example_dags/example_branch_operator.py for tasks to queue
[2024-03-27T19:31:25.157+0000] {logging_mixin.py:120} INFO - [2024-03-27T19:31:25.157+0000] {dagbag.py:537} INFO - Filling up the DagBag from /home/airflow/.local/lib/python3.7/site-packages/airflow/example_dags/example_branch_operator.py
[2024-03-27T19:31:25.174+0000] {processor.py:766} INFO - DAG(s) dict_keys(['example_branch_operator']) retrieved from /home/airflow/.local/lib/python3.7/site-packages/airflow/example_dags/example_branch_operator.py
[2024-03-27T19:31:25.207+0000] {logging_mixin.py:120} INFO - [2024-03-27T19:31:25.206+0000] {dag.py:2585} INFO - Sync 1 DAGs
[2024-03-27T19:31:25.231+0000] {logging_mixin.py:120} INFO - [2024-03-27T19:31:25.231+0000] {dag.py:3340} INFO - Setting next_dagrun for example_branch_operator to 2024-03-27T00:00:00+00:00, run_after=2024-03-28T00:00:00+00:00
[2024-03-27T19:31:25.250+0000] {processor.py:176} INFO - Processing /home/airflow/.local/lib/python3.7/site-packages/airflow/example_dags/example_branch_operator.py took 0.108 seconds
[2024-03-27T19:32:03.950+0000] {processor.py:154} INFO - Started process (PID=569) to work on /home/airflow/.local/lib/python3.7/site-packages/airflow/example_dags/example_branch_operator.py
[2024-03-27T19:32:03.951+0000] {processor.py:756} INFO - Processing file /home/airflow/.local/lib/python3.7/site-packages/airflow/example_dags/example_branch_operator.py for tasks to queue
[2024-03-27T19:32:03.952+0000] {logging_mixin.py:120} INFO - [2024-03-27T19:32:03.952+0000] {dagbag.py:537} INFO - Filling up the DagBag from /home/airflow/.local/lib/python3.7/site-packages/airflow/example_dags/example_branch_operator.py
[2024-03-27T19:32:03.971+0000] {processor.py:766} INFO - DAG(s) dict_keys(['example_branch_operator']) retrieved from /home/airflow/.local/lib/python3.7/site-packages/airflow/example_dags/example_branch_operator.py
[2024-03-27T19:32:04.012+0000] {logging_mixin.py:120} INFO - [2024-03-27T19:32:04.012+0000] {dag.py:2585} INFO - Sync 1 DAGs
[2024-03-27T19:32:04.041+0000] {logging_mixin.py:120} INFO - [2024-03-27T19:32:04.041+0000] {dag.py:3340} INFO - Setting next_dagrun for example_branch_operator to 2024-03-27T00:00:00+00:00, run_after=2024-03-28T00:00:00+00:00
[2024-03-27T19:32:04.061+0000] {processor.py:176} INFO - Processing /home/airflow/.local/lib/python3.7/site-packages/airflow/example_dags/example_branch_operator.py took 0.116 seconds
[2024-03-27T19:32:52.687+0000] {processor.py:154} INFO - Started process (PID=624) to work on /home/airflow/.local/lib/python3.7/site-packages/airflow/example_dags/example_branch_operator.py
[2024-03-27T19:32:52.688+0000] {processor.py:756} INFO - Processing file /home/airflow/.local/lib/python3.7/site-packages/airflow/example_dags/example_branch_operator.py for tasks to queue
[2024-03-27T19:32:52.689+0000] {logging_mixin.py:120} INFO - [2024-03-27T19:32:52.689+0000] {dagbag.py:537} INFO - Filling up the DagBag from /home/airflow/.local/lib/python3.7/site-packages/airflow/example_dags/example_branch_operator.py
[2024-03-27T19:32:52.701+0000] {processor.py:766} INFO - DAG(s) dict_keys(['example_branch_operator']) retrieved from /home/airflow/.local/lib/python3.7/site-packages/airflow/example_dags/example_branch_operator.py
[2024-03-27T19:32:52.732+0000] {logging_mixin.py:120} INFO - [2024-03-27T19:32:52.732+0000] {dag.py:2585} INFO - Sync 1 DAGs
[2024-03-27T19:32:52.757+0000] {logging_mixin.py:120} INFO - [2024-03-27T19:32:52.757+0000] {dag.py:3340} INFO - Setting next_dagrun for example_branch_operator to 2024-03-27T00:00:00+00:00, run_after=2024-03-28T00:00:00+00:00
[2024-03-27T19:32:52.784+0000] {processor.py:176} INFO - Processing /home/airflow/.local/lib/python3.7/site-packages/airflow/example_dags/example_branch_operator.py took 0.100 seconds
[2024-03-27T19:33:23.220+0000] {processor.py:154} INFO - Started process (PID=677) to work on /home/airflow/.local/lib/python3.7/site-packages/airflow/example_dags/example_branch_operator.py
[2024-03-27T19:33:23.220+0000] {processor.py:756} INFO - Processing file /home/airflow/.local/lib/python3.7/site-packages/airflow/example_dags/example_branch_operator.py for tasks to queue
[2024-03-27T19:33:23.221+0000] {logging_mixin.py:120} INFO - [2024-03-27T19:33:23.221+0000] {dagbag.py:537} INFO - Filling up the DagBag from /home/airflow/.local/lib/python3.7/site-packages/airflow/example_dags/example_branch_operator.py
[2024-03-27T19:33:23.235+0000] {processor.py:766} INFO - DAG(s) dict_keys(['example_branch_operator']) retrieved from /home/airflow/.local/lib/python3.7/site-packages/airflow/example_dags/example_branch_operator.py
[2024-03-27T19:33:23.263+0000] {logging_mixin.py:120} INFO - [2024-03-27T19:33:23.263+0000] {dag.py:2585} INFO - Sync 1 DAGs
[2024-03-27T19:33:23.281+0000] {logging_mixin.py:120} INFO - [2024-03-27T19:33:23.281+0000] {dag.py:3340} INFO - Setting next_dagrun for example_branch_operator to 2024-03-27T00:00:00+00:00, run_after=2024-03-28T00:00:00+00:00
[2024-03-27T19:33:23.295+0000] {processor.py:176} INFO - Processing /home/airflow/.local/lib/python3.7/site-packages/airflow/example_dags/example_branch_operator.py took 0.078 seconds
[2024-03-27T19:34:11.681+0000] {processor.py:154} INFO - Started process (PID=748) to work on /home/airflow/.local/lib/python3.7/site-packages/airflow/example_dags/example_branch_operator.py
[2024-03-27T19:34:11.683+0000] {processor.py:756} INFO - Processing file /home/airflow/.local/lib/python3.7/site-packages/airflow/example_dags/example_branch_operator.py for tasks to queue
[2024-03-27T19:34:11.684+0000] {logging_mixin.py:120} INFO - [2024-03-27T19:34:11.684+0000] {dagbag.py:537} INFO - Filling up the DagBag from /home/airflow/.local/lib/python3.7/site-packages/airflow/example_dags/example_branch_operator.py
[2024-03-27T19:34:11.705+0000] {processor.py:766} INFO - DAG(s) dict_keys(['example_branch_operator']) retrieved from /home/airflow/.local/lib/python3.7/site-packages/airflow/example_dags/example_branch_operator.py
[2024-03-27T19:34:11.770+0000] {logging_mixin.py:120} INFO - [2024-03-27T19:34:11.770+0000] {dag.py:2585} INFO - Sync 1 DAGs
[2024-03-27T19:34:11.816+0000] {logging_mixin.py:120} INFO - [2024-03-27T19:34:11.816+0000] {dag.py:3340} INFO - Setting next_dagrun for example_branch_operator to 2024-03-27T00:00:00+00:00, run_after=2024-03-28T00:00:00+00:00
[2024-03-27T19:34:11.853+0000] {processor.py:176} INFO - Processing /home/airflow/.local/lib/python3.7/site-packages/airflow/example_dags/example_branch_operator.py took 0.176 seconds
[2024-03-27T19:34:42.643+0000] {processor.py:154} INFO - Started process (PID=810) to work on /home/airflow/.local/lib/python3.7/site-packages/airflow/example_dags/example_branch_operator.py
[2024-03-27T19:34:42.645+0000] {processor.py:756} INFO - Processing file /home/airflow/.local/lib/python3.7/site-packages/airflow/example_dags/example_branch_operator.py for tasks to queue
[2024-03-27T19:34:42.645+0000] {logging_mixin.py:120} INFO - [2024-03-27T19:34:42.645+0000] {dagbag.py:537} INFO - Filling up the DagBag from /home/airflow/.local/lib/python3.7/site-packages/airflow/example_dags/example_branch_operator.py
[2024-03-27T19:34:42.661+0000] {processor.py:766} INFO - DAG(s) dict_keys(['example_branch_operator']) retrieved from /home/airflow/.local/lib/python3.7/site-packages/airflow/example_dags/example_branch_operator.py
[2024-03-27T19:34:42.714+0000] {logging_mixin.py:120} INFO - [2024-03-27T19:34:42.714+0000] {dag.py:2585} INFO - Sync 1 DAGs
[2024-03-27T19:34:42.746+0000] {logging_mixin.py:120} INFO - [2024-03-27T19:34:42.744+0000] {dag.py:3340} INFO - Setting next_dagrun for example_branch_operator to 2024-03-27T00:00:00+00:00, run_after=2024-03-28T00:00:00+00:00
[2024-03-27T19:34:42.957+0000] {processor.py:176} INFO - Processing /home/airflow/.local/lib/python3.7/site-packages/airflow/example_dags/example_branch_operator.py took 0.318 seconds
[2024-03-27T19:35:19.213+0000] {processor.py:154} INFO - Started process (PID=860) to work on /home/airflow/.local/lib/python3.7/site-packages/airflow/example_dags/example_branch_operator.py
[2024-03-27T19:35:19.217+0000] {processor.py:756} INFO - Processing file /home/airflow/.local/lib/python3.7/site-packages/airflow/example_dags/example_branch_operator.py for tasks to queue
[2024-03-27T19:35:19.218+0000] {logging_mixin.py:120} INFO - [2024-03-27T19:35:19.217+0000] {dagbag.py:537} INFO - Filling up the DagBag from /home/airflow/.local/lib/python3.7/site-packages/airflow/example_dags/example_branch_operator.py
[2024-03-27T19:35:19.244+0000] {processor.py:766} INFO - DAG(s) dict_keys(['example_branch_operator']) retrieved from /home/airflow/.local/lib/python3.7/site-packages/airflow/example_dags/example_branch_operator.py
[2024-03-27T19:35:19.304+0000] {logging_mixin.py:120} INFO - [2024-03-27T19:35:19.304+0000] {dag.py:2585} INFO - Sync 1 DAGs
[2024-03-27T19:35:19.340+0000] {logging_mixin.py:120} INFO - [2024-03-27T19:35:19.340+0000] {dag.py:3340} INFO - Setting next_dagrun for example_branch_operator to 2024-03-27T00:00:00+00:00, run_after=2024-03-28T00:00:00+00:00
[2024-03-27T19:35:19.374+0000] {processor.py:176} INFO - Processing /home/airflow/.local/lib/python3.7/site-packages/airflow/example_dags/example_branch_operator.py took 0.166 seconds
[2024-03-27T19:36:15.218+0000] {processor.py:154} INFO - Started process (PID=927) to work on /home/airflow/.local/lib/python3.7/site-packages/airflow/example_dags/example_branch_operator.py
[2024-03-27T19:36:15.221+0000] {processor.py:756} INFO - Processing file /home/airflow/.local/lib/python3.7/site-packages/airflow/example_dags/example_branch_operator.py for tasks to queue
[2024-03-27T19:36:15.221+0000] {logging_mixin.py:120} INFO - [2024-03-27T19:36:15.221+0000] {dagbag.py:537} INFO - Filling up the DagBag from /home/airflow/.local/lib/python3.7/site-packages/airflow/example_dags/example_branch_operator.py
[2024-03-27T19:36:15.243+0000] {processor.py:766} INFO - DAG(s) dict_keys(['example_branch_operator']) retrieved from /home/airflow/.local/lib/python3.7/site-packages/airflow/example_dags/example_branch_operator.py
[2024-03-27T19:36:15.294+0000] {logging_mixin.py:120} INFO - [2024-03-27T19:36:15.294+0000] {dag.py:2585} INFO - Sync 1 DAGs
[2024-03-27T19:36:15.354+0000] {logging_mixin.py:120} INFO - [2024-03-27T19:36:15.354+0000] {dag.py:3340} INFO - Setting next_dagrun for example_branch_operator to 2024-03-27T00:00:00+00:00, run_after=2024-03-28T00:00:00+00:00
[2024-03-27T19:36:15.391+0000] {processor.py:176} INFO - Processing /home/airflow/.local/lib/python3.7/site-packages/airflow/example_dags/example_branch_operator.py took 0.175 seconds
[2024-03-27T19:37:04.161+0000] {processor.py:154} INFO - Started process (PID=61) to work on /home/airflow/.local/lib/python3.7/site-packages/airflow/example_dags/example_branch_operator.py
[2024-03-27T19:37:04.162+0000] {processor.py:756} INFO - Processing file /home/airflow/.local/lib/python3.7/site-packages/airflow/example_dags/example_branch_operator.py for tasks to queue
[2024-03-27T19:37:04.162+0000] {logging_mixin.py:120} INFO - [2024-03-27T19:37:04.162+0000] {dagbag.py:537} INFO - Filling up the DagBag from /home/airflow/.local/lib/python3.7/site-packages/airflow/example_dags/example_branch_operator.py
[2024-03-27T19:37:04.223+0000] {processor.py:766} INFO - DAG(s) dict_keys(['example_branch_operator']) retrieved from /home/airflow/.local/lib/python3.7/site-packages/airflow/example_dags/example_branch_operator.py
[2024-03-27T19:37:04.447+0000] {logging_mixin.py:120} INFO - [2024-03-27T19:37:04.447+0000] {dag.py:2585} INFO - Sync 1 DAGs
[2024-03-27T19:37:04.539+0000] {logging_mixin.py:120} INFO - [2024-03-27T19:37:04.539+0000] {dag.py:3340} INFO - Setting next_dagrun for example_branch_operator to 2024-03-27T00:00:00+00:00, run_after=2024-03-28T00:00:00+00:00
[2024-03-27T19:37:04.707+0000] {processor.py:176} INFO - Processing /home/airflow/.local/lib/python3.7/site-packages/airflow/example_dags/example_branch_operator.py took 0.549 seconds
[2024-03-27T19:37:44.009+0000] {processor.py:154} INFO - Started process (PID=120) to work on /home/airflow/.local/lib/python3.7/site-packages/airflow/example_dags/example_branch_operator.py
[2024-03-27T19:37:44.014+0000] {processor.py:756} INFO - Processing file /home/airflow/.local/lib/python3.7/site-packages/airflow/example_dags/example_branch_operator.py for tasks to queue
[2024-03-27T19:37:44.016+0000] {logging_mixin.py:120} INFO - [2024-03-27T19:37:44.016+0000] {dagbag.py:537} INFO - Filling up the DagBag from /home/airflow/.local/lib/python3.7/site-packages/airflow/example_dags/example_branch_operator.py
[2024-03-27T19:37:44.094+0000] {processor.py:766} INFO - DAG(s) dict_keys(['example_branch_operator']) retrieved from /home/airflow/.local/lib/python3.7/site-packages/airflow/example_dags/example_branch_operator.py
[2024-03-27T19:37:44.243+0000] {logging_mixin.py:120} INFO - [2024-03-27T19:37:44.243+0000] {dag.py:2585} INFO - Sync 1 DAGs
[2024-03-27T19:37:44.304+0000] {logging_mixin.py:120} INFO - [2024-03-27T19:37:44.304+0000] {dag.py:3340} INFO - Setting next_dagrun for example_branch_operator to 2024-03-27T00:00:00+00:00, run_after=2024-03-28T00:00:00+00:00
[2024-03-27T19:37:44.318+0000] {processor.py:176} INFO - Processing /home/airflow/.local/lib/python3.7/site-packages/airflow/example_dags/example_branch_operator.py took 0.323 seconds
[2024-03-27T19:38:26.353+0000] {processor.py:154} INFO - Started process (PID=61) to work on /home/airflow/.local/lib/python3.7/site-packages/airflow/example_dags/example_branch_operator.py
[2024-03-27T19:38:26.360+0000] {processor.py:756} INFO - Processing file /home/airflow/.local/lib/python3.7/site-packages/airflow/example_dags/example_branch_operator.py for tasks to queue
[2024-03-27T19:38:26.361+0000] {logging_mixin.py:120} INFO - [2024-03-27T19:38:26.361+0000] {dagbag.py:537} INFO - Filling up the DagBag from /home/airflow/.local/lib/python3.7/site-packages/airflow/example_dags/example_branch_operator.py
[2024-03-27T19:38:26.478+0000] {processor.py:766} INFO - DAG(s) dict_keys(['example_branch_operator']) retrieved from /home/airflow/.local/lib/python3.7/site-packages/airflow/example_dags/example_branch_operator.py
[2024-03-27T19:38:26.597+0000] {logging_mixin.py:120} INFO - [2024-03-27T19:38:26.596+0000] {dag.py:2585} INFO - Sync 1 DAGs
[2024-03-27T19:38:26.649+0000] {logging_mixin.py:120} INFO - [2024-03-27T19:38:26.649+0000] {dag.py:3340} INFO - Setting next_dagrun for example_branch_operator to 2024-03-27T00:00:00+00:00, run_after=2024-03-28T00:00:00+00:00
[2024-03-27T19:38:26.688+0000] {processor.py:176} INFO - Processing /home/airflow/.local/lib/python3.7/site-packages/airflow/example_dags/example_branch_operator.py took 0.341 seconds
[2024-03-27T19:39:51.803+0000] {processor.py:154} INFO - Started process (PID=71) to work on /home/airflow/.local/lib/python3.7/site-packages/airflow/example_dags/example_branch_operator.py
[2024-03-27T19:39:51.804+0000] {processor.py:756} INFO - Processing file /home/airflow/.local/lib/python3.7/site-packages/airflow/example_dags/example_branch_operator.py for tasks to queue
[2024-03-27T19:39:51.804+0000] {logging_mixin.py:120} INFO - [2024-03-27T19:39:51.804+0000] {dagbag.py:537} INFO - Filling up the DagBag from /home/airflow/.local/lib/python3.7/site-packages/airflow/example_dags/example_branch_operator.py
[2024-03-27T19:39:51.819+0000] {processor.py:766} INFO - DAG(s) dict_keys(['example_branch_operator']) retrieved from /home/airflow/.local/lib/python3.7/site-packages/airflow/example_dags/example_branch_operator.py
[2024-03-27T19:39:51.846+0000] {logging_mixin.py:120} INFO - [2024-03-27T19:39:51.845+0000] {dag.py:2585} INFO - Sync 1 DAGs
[2024-03-27T19:39:51.864+0000] {logging_mixin.py:120} INFO - [2024-03-27T19:39:51.864+0000] {dag.py:3340} INFO - Setting next_dagrun for example_branch_operator to 2024-03-27T00:00:00+00:00, run_after=2024-03-28T00:00:00+00:00
[2024-03-27T19:39:51.878+0000] {processor.py:176} INFO - Processing /home/airflow/.local/lib/python3.7/site-packages/airflow/example_dags/example_branch_operator.py took 0.078 seconds
[2024-03-27T19:40:31.426+0000] {processor.py:154} INFO - Started process (PID=129) to work on /home/airflow/.local/lib/python3.7/site-packages/airflow/example_dags/example_branch_operator.py
[2024-03-27T19:40:31.428+0000] {processor.py:756} INFO - Processing file /home/airflow/.local/lib/python3.7/site-packages/airflow/example_dags/example_branch_operator.py for tasks to queue
[2024-03-27T19:40:31.429+0000] {logging_mixin.py:120} INFO - [2024-03-27T19:40:31.429+0000] {dagbag.py:537} INFO - Filling up the DagBag from /home/airflow/.local/lib/python3.7/site-packages/airflow/example_dags/example_branch_operator.py
[2024-03-27T19:40:31.457+0000] {processor.py:766} INFO - DAG(s) dict_keys(['example_branch_operator']) retrieved from /home/airflow/.local/lib/python3.7/site-packages/airflow/example_dags/example_branch_operator.py
[2024-03-27T19:40:31.517+0000] {logging_mixin.py:120} INFO - [2024-03-27T19:40:31.517+0000] {dag.py:2585} INFO - Sync 1 DAGs
[2024-03-27T19:40:31.555+0000] {logging_mixin.py:120} INFO - [2024-03-27T19:40:31.555+0000] {dag.py:3340} INFO - Setting next_dagrun for example_branch_operator to 2024-03-27T00:00:00+00:00, run_after=2024-03-28T00:00:00+00:00
[2024-03-27T19:40:31.576+0000] {processor.py:176} INFO - Processing /home/airflow/.local/lib/python3.7/site-packages/airflow/example_dags/example_branch_operator.py took 0.157 seconds
[2024-03-27T19:41:07.797+0000] {processor.py:154} INFO - Started process (PID=180) to work on /home/airflow/.local/lib/python3.7/site-packages/airflow/example_dags/example_branch_operator.py
[2024-03-27T19:41:07.801+0000] {processor.py:756} INFO - Processing file /home/airflow/.local/lib/python3.7/site-packages/airflow/example_dags/example_branch_operator.py for tasks to queue
[2024-03-27T19:41:07.801+0000] {logging_mixin.py:120} INFO - [2024-03-27T19:41:07.801+0000] {dagbag.py:537} INFO - Filling up the DagBag from /home/airflow/.local/lib/python3.7/site-packages/airflow/example_dags/example_branch_operator.py
[2024-03-27T19:41:07.825+0000] {processor.py:766} INFO - DAG(s) dict_keys(['example_branch_operator']) retrieved from /home/airflow/.local/lib/python3.7/site-packages/airflow/example_dags/example_branch_operator.py
[2024-03-27T19:41:07.888+0000] {logging_mixin.py:120} INFO - [2024-03-27T19:41:07.887+0000] {dag.py:2585} INFO - Sync 1 DAGs
[2024-03-27T19:41:07.932+0000] {logging_mixin.py:120} INFO - [2024-03-27T19:41:07.932+0000] {dag.py:3340} INFO - Setting next_dagrun for example_branch_operator to 2024-03-27T00:00:00+00:00, run_after=2024-03-28T00:00:00+00:00
[2024-03-27T19:41:07.992+0000] {processor.py:176} INFO - Processing /home/airflow/.local/lib/python3.7/site-packages/airflow/example_dags/example_branch_operator.py took 0.198 seconds
[2024-03-27T19:41:39.588+0000] {processor.py:154} INFO - Started process (PID=61) to work on /home/airflow/.local/lib/python3.7/site-packages/airflow/example_dags/example_branch_operator.py
[2024-03-27T19:41:39.589+0000] {processor.py:756} INFO - Processing file /home/airflow/.local/lib/python3.7/site-packages/airflow/example_dags/example_branch_operator.py for tasks to queue
[2024-03-27T19:41:39.590+0000] {logging_mixin.py:120} INFO - [2024-03-27T19:41:39.590+0000] {dagbag.py:537} INFO - Filling up the DagBag from /home/airflow/.local/lib/python3.7/site-packages/airflow/example_dags/example_branch_operator.py
[2024-03-27T19:41:39.609+0000] {processor.py:766} INFO - DAG(s) dict_keys(['example_branch_operator']) retrieved from /home/airflow/.local/lib/python3.7/site-packages/airflow/example_dags/example_branch_operator.py
[2024-03-27T19:41:39.643+0000] {logging_mixin.py:120} INFO - [2024-03-27T19:41:39.643+0000] {dag.py:2585} INFO - Sync 1 DAGs
[2024-03-27T19:41:39.663+0000] {logging_mixin.py:120} INFO - [2024-03-27T19:41:39.663+0000] {dag.py:3340} INFO - Setting next_dagrun for example_branch_operator to 2024-03-27T00:00:00+00:00, run_after=2024-03-28T00:00:00+00:00
[2024-03-27T19:41:39.677+0000] {processor.py:176} INFO - Processing /home/airflow/.local/lib/python3.7/site-packages/airflow/example_dags/example_branch_operator.py took 0.091 seconds
[2024-03-27T19:42:11.002+0000] {processor.py:154} INFO - Started process (PID=111) to work on /home/airflow/.local/lib/python3.7/site-packages/airflow/example_dags/example_branch_operator.py
[2024-03-27T19:42:11.002+0000] {processor.py:756} INFO - Processing file /home/airflow/.local/lib/python3.7/site-packages/airflow/example_dags/example_branch_operator.py for tasks to queue
[2024-03-27T19:42:11.003+0000] {logging_mixin.py:120} INFO - [2024-03-27T19:42:11.003+0000] {dagbag.py:537} INFO - Filling up the DagBag from /home/airflow/.local/lib/python3.7/site-packages/airflow/example_dags/example_branch_operator.py
[2024-03-27T19:42:11.017+0000] {processor.py:766} INFO - DAG(s) dict_keys(['example_branch_operator']) retrieved from /home/airflow/.local/lib/python3.7/site-packages/airflow/example_dags/example_branch_operator.py
[2024-03-27T19:42:11.042+0000] {logging_mixin.py:120} INFO - [2024-03-27T19:42:11.042+0000] {dag.py:2585} INFO - Sync 1 DAGs
[2024-03-27T19:42:11.063+0000] {logging_mixin.py:120} INFO - [2024-03-27T19:42:11.063+0000] {dag.py:3340} INFO - Setting next_dagrun for example_branch_operator to 2024-03-27T00:00:00+00:00, run_after=2024-03-28T00:00:00+00:00
[2024-03-27T19:42:11.075+0000] {processor.py:176} INFO - Processing /home/airflow/.local/lib/python3.7/site-packages/airflow/example_dags/example_branch_operator.py took 0.076 seconds
[2024-03-27T19:42:50.190+0000] {processor.py:154} INFO - Started process (PID=171) to work on /home/airflow/.local/lib/python3.7/site-packages/airflow/example_dags/example_branch_operator.py
[2024-03-27T19:42:50.198+0000] {processor.py:756} INFO - Processing file /home/airflow/.local/lib/python3.7/site-packages/airflow/example_dags/example_branch_operator.py for tasks to queue
[2024-03-27T19:42:50.208+0000] {logging_mixin.py:120} INFO - [2024-03-27T19:42:50.208+0000] {dagbag.py:537} INFO - Filling up the DagBag from /home/airflow/.local/lib/python3.7/site-packages/airflow/example_dags/example_branch_operator.py
[2024-03-27T19:42:50.304+0000] {processor.py:766} INFO - DAG(s) dict_keys(['example_branch_operator']) retrieved from /home/airflow/.local/lib/python3.7/site-packages/airflow/example_dags/example_branch_operator.py
[2024-03-27T19:42:50.377+0000] {logging_mixin.py:120} INFO - [2024-03-27T19:42:50.377+0000] {dag.py:2585} INFO - Sync 1 DAGs
[2024-03-27T19:42:50.421+0000] {logging_mixin.py:120} INFO - [2024-03-27T19:42:50.420+0000] {dag.py:3340} INFO - Setting next_dagrun for example_branch_operator to 2024-03-27T00:00:00+00:00, run_after=2024-03-28T00:00:00+00:00
[2024-03-27T19:42:50.459+0000] {processor.py:176} INFO - Processing /home/airflow/.local/lib/python3.7/site-packages/airflow/example_dags/example_branch_operator.py took 0.294 seconds
[2024-03-27T19:44:27.695+0000] {processor.py:154} INFO - Started process (PID=62) to work on /home/airflow/.local/lib/python3.7/site-packages/airflow/example_dags/example_branch_operator.py
[2024-03-27T19:44:27.696+0000] {processor.py:756} INFO - Processing file /home/airflow/.local/lib/python3.7/site-packages/airflow/example_dags/example_branch_operator.py for tasks to queue
[2024-03-27T19:44:27.696+0000] {logging_mixin.py:120} INFO - [2024-03-27T19:44:27.696+0000] {dagbag.py:537} INFO - Filling up the DagBag from /home/airflow/.local/lib/python3.7/site-packages/airflow/example_dags/example_branch_operator.py
[2024-03-27T19:44:27.710+0000] {processor.py:766} INFO - DAG(s) dict_keys(['example_branch_operator']) retrieved from /home/airflow/.local/lib/python3.7/site-packages/airflow/example_dags/example_branch_operator.py
[2024-03-27T19:44:27.741+0000] {logging_mixin.py:120} INFO - [2024-03-27T19:44:27.741+0000] {dag.py:2585} INFO - Sync 1 DAGs
[2024-03-27T19:44:27.766+0000] {logging_mixin.py:120} INFO - [2024-03-27T19:44:27.766+0000] {dag.py:3340} INFO - Setting next_dagrun for example_branch_operator to 2024-03-27T00:00:00+00:00, run_after=2024-03-28T00:00:00+00:00
[2024-03-27T19:44:27.783+0000] {processor.py:176} INFO - Processing /home/airflow/.local/lib/python3.7/site-packages/airflow/example_dags/example_branch_operator.py took 0.090 seconds
[2024-03-27T19:45:21.870+0000] {processor.py:154} INFO - Started process (PID=121) to work on /home/airflow/.local/lib/python3.7/site-packages/airflow/example_dags/example_branch_operator.py
[2024-03-27T19:45:21.873+0000] {processor.py:756} INFO - Processing file /home/airflow/.local/lib/python3.7/site-packages/airflow/example_dags/example_branch_operator.py for tasks to queue
[2024-03-27T19:45:21.873+0000] {logging_mixin.py:120} INFO - [2024-03-27T19:45:21.873+0000] {dagbag.py:537} INFO - Filling up the DagBag from /home/airflow/.local/lib/python3.7/site-packages/airflow/example_dags/example_branch_operator.py
[2024-03-27T19:45:21.896+0000] {processor.py:766} INFO - DAG(s) dict_keys(['example_branch_operator']) retrieved from /home/airflow/.local/lib/python3.7/site-packages/airflow/example_dags/example_branch_operator.py
[2024-03-27T19:45:21.946+0000] {logging_mixin.py:120} INFO - [2024-03-27T19:45:21.946+0000] {dag.py:2585} INFO - Sync 1 DAGs
[2024-03-27T19:45:21.978+0000] {logging_mixin.py:120} INFO - [2024-03-27T19:45:21.978+0000] {dag.py:3340} INFO - Setting next_dagrun for example_branch_operator to 2024-03-27T00:00:00+00:00, run_after=2024-03-28T00:00:00+00:00
[2024-03-27T19:45:22.001+0000] {processor.py:176} INFO - Processing /home/airflow/.local/lib/python3.7/site-packages/airflow/example_dags/example_branch_operator.py took 0.133 seconds
[2024-03-27T19:46:39.894+0000] {processor.py:154} INFO - Started process (PID=74) to work on /home/airflow/.local/lib/python3.7/site-packages/airflow/example_dags/example_branch_operator.py
[2024-03-27T19:46:39.897+0000] {processor.py:756} INFO - Processing file /home/airflow/.local/lib/python3.7/site-packages/airflow/example_dags/example_branch_operator.py for tasks to queue
[2024-03-27T19:46:39.899+0000] {logging_mixin.py:120} INFO - [2024-03-27T19:46:39.899+0000] {dagbag.py:537} INFO - Filling up the DagBag from /home/airflow/.local/lib/python3.7/site-packages/airflow/example_dags/example_branch_operator.py
[2024-03-27T19:46:39.964+0000] {processor.py:766} INFO - DAG(s) dict_keys(['example_branch_operator']) retrieved from /home/airflow/.local/lib/python3.7/site-packages/airflow/example_dags/example_branch_operator.py
[2024-03-27T19:46:40.069+0000] {logging_mixin.py:120} INFO - [2024-03-27T19:46:40.069+0000] {dag.py:2585} INFO - Sync 1 DAGs
[2024-03-27T19:46:40.134+0000] {logging_mixin.py:120} INFO - [2024-03-27T19:46:40.133+0000] {dag.py:3340} INFO - Setting next_dagrun for example_branch_operator to 2024-03-27T00:00:00+00:00, run_after=2024-03-28T00:00:00+00:00
[2024-03-27T19:46:40.179+0000] {processor.py:176} INFO - Processing /home/airflow/.local/lib/python3.7/site-packages/airflow/example_dags/example_branch_operator.py took 0.298 seconds
[2024-03-27T19:47:24.277+0000] {processor.py:154} INFO - Started process (PID=129) to work on /home/airflow/.local/lib/python3.7/site-packages/airflow/example_dags/example_branch_operator.py
[2024-03-27T19:47:24.278+0000] {processor.py:756} INFO - Processing file /home/airflow/.local/lib/python3.7/site-packages/airflow/example_dags/example_branch_operator.py for tasks to queue
[2024-03-27T19:47:24.278+0000] {logging_mixin.py:120} INFO - [2024-03-27T19:47:24.278+0000] {dagbag.py:537} INFO - Filling up the DagBag from /home/airflow/.local/lib/python3.7/site-packages/airflow/example_dags/example_branch_operator.py
[2024-03-27T19:47:24.307+0000] {processor.py:766} INFO - DAG(s) dict_keys(['example_branch_operator']) retrieved from /home/airflow/.local/lib/python3.7/site-packages/airflow/example_dags/example_branch_operator.py
[2024-03-27T19:47:24.374+0000] {logging_mixin.py:120} INFO - [2024-03-27T19:47:24.374+0000] {dag.py:2585} INFO - Sync 1 DAGs
[2024-03-27T19:47:24.407+0000] {logging_mixin.py:120} INFO - [2024-03-27T19:47:24.407+0000] {dag.py:3340} INFO - Setting next_dagrun for example_branch_operator to 2024-03-27T00:00:00+00:00, run_after=2024-03-28T00:00:00+00:00
[2024-03-27T19:47:24.431+0000] {processor.py:176} INFO - Processing /home/airflow/.local/lib/python3.7/site-packages/airflow/example_dags/example_branch_operator.py took 0.161 seconds
[2024-03-27T19:47:47.077+0000] {processor.py:154} INFO - Started process (PID=61) to work on /home/airflow/.local/lib/python3.7/site-packages/airflow/example_dags/example_branch_operator.py
[2024-03-27T19:47:47.078+0000] {processor.py:756} INFO - Processing file /home/airflow/.local/lib/python3.7/site-packages/airflow/example_dags/example_branch_operator.py for tasks to queue
[2024-03-27T19:47:47.078+0000] {logging_mixin.py:120} INFO - [2024-03-27T19:47:47.078+0000] {dagbag.py:537} INFO - Filling up the DagBag from /home/airflow/.local/lib/python3.7/site-packages/airflow/example_dags/example_branch_operator.py
[2024-03-27T19:47:47.092+0000] {processor.py:766} INFO - DAG(s) dict_keys(['example_branch_operator']) retrieved from /home/airflow/.local/lib/python3.7/site-packages/airflow/example_dags/example_branch_operator.py
[2024-03-27T19:47:47.121+0000] {logging_mixin.py:120} INFO - [2024-03-27T19:47:47.121+0000] {dag.py:2585} INFO - Sync 1 DAGs
[2024-03-27T19:47:47.140+0000] {logging_mixin.py:120} INFO - [2024-03-27T19:47:47.140+0000] {dag.py:3340} INFO - Setting next_dagrun for example_branch_operator to 2024-03-27T00:00:00+00:00, run_after=2024-03-28T00:00:00+00:00
[2024-03-27T19:47:47.153+0000] {processor.py:176} INFO - Processing /home/airflow/.local/lib/python3.7/site-packages/airflow/example_dags/example_branch_operator.py took 0.078 seconds
[2024-03-27T19:48:35.307+0000] {processor.py:154} INFO - Started process (PID=118) to work on /home/airflow/.local/lib/python3.7/site-packages/airflow/example_dags/example_branch_operator.py
[2024-03-27T19:48:35.308+0000] {processor.py:756} INFO - Processing file /home/airflow/.local/lib/python3.7/site-packages/airflow/example_dags/example_branch_operator.py for tasks to queue
[2024-03-27T19:48:35.311+0000] {logging_mixin.py:120} INFO - [2024-03-27T19:48:35.310+0000] {dagbag.py:537} INFO - Filling up the DagBag from /home/airflow/.local/lib/python3.7/site-packages/airflow/example_dags/example_branch_operator.py
[2024-03-27T19:48:35.340+0000] {processor.py:766} INFO - DAG(s) dict_keys(['example_branch_operator']) retrieved from /home/airflow/.local/lib/python3.7/site-packages/airflow/example_dags/example_branch_operator.py
[2024-03-27T19:48:35.402+0000] {logging_mixin.py:120} INFO - [2024-03-27T19:48:35.402+0000] {dag.py:2585} INFO - Sync 1 DAGs
[2024-03-27T19:48:35.438+0000] {logging_mixin.py:120} INFO - [2024-03-27T19:48:35.438+0000] {dag.py:3340} INFO - Setting next_dagrun for example_branch_operator to 2024-03-27T00:00:00+00:00, run_after=2024-03-28T00:00:00+00:00
[2024-03-27T19:48:35.480+0000] {processor.py:176} INFO - Processing /home/airflow/.local/lib/python3.7/site-packages/airflow/example_dags/example_branch_operator.py took 0.176 seconds
[2024-03-27T19:49:26.825+0000] {processor.py:154} INFO - Started process (PID=62) to work on /home/airflow/.local/lib/python3.7/site-packages/airflow/example_dags/example_branch_operator.py
[2024-03-27T19:49:26.826+0000] {processor.py:756} INFO - Processing file /home/airflow/.local/lib/python3.7/site-packages/airflow/example_dags/example_branch_operator.py for tasks to queue
[2024-03-27T19:49:26.827+0000] {logging_mixin.py:120} INFO - [2024-03-27T19:49:26.827+0000] {dagbag.py:537} INFO - Filling up the DagBag from /home/airflow/.local/lib/python3.7/site-packages/airflow/example_dags/example_branch_operator.py
[2024-03-27T19:49:26.839+0000] {processor.py:766} INFO - DAG(s) dict_keys(['example_branch_operator']) retrieved from /home/airflow/.local/lib/python3.7/site-packages/airflow/example_dags/example_branch_operator.py
[2024-03-27T19:49:26.868+0000] {logging_mixin.py:120} INFO - [2024-03-27T19:49:26.868+0000] {dag.py:2585} INFO - Sync 1 DAGs
[2024-03-27T19:49:26.887+0000] {logging_mixin.py:120} INFO - [2024-03-27T19:49:26.887+0000] {dag.py:3340} INFO - Setting next_dagrun for example_branch_operator to 2024-03-27T00:00:00+00:00, run_after=2024-03-28T00:00:00+00:00
[2024-03-27T19:49:26.902+0000] {processor.py:176} INFO - Processing /home/airflow/.local/lib/python3.7/site-packages/airflow/example_dags/example_branch_operator.py took 0.079 seconds
[2024-03-27T19:50:01.527+0000] {processor.py:154} INFO - Started process (PID=120) to work on /home/airflow/.local/lib/python3.7/site-packages/airflow/example_dags/example_branch_operator.py
[2024-03-27T19:50:01.529+0000] {processor.py:756} INFO - Processing file /home/airflow/.local/lib/python3.7/site-packages/airflow/example_dags/example_branch_operator.py for tasks to queue
[2024-03-27T19:50:01.529+0000] {logging_mixin.py:120} INFO - [2024-03-27T19:50:01.529+0000] {dagbag.py:537} INFO - Filling up the DagBag from /home/airflow/.local/lib/python3.7/site-packages/airflow/example_dags/example_branch_operator.py
[2024-03-27T19:50:01.546+0000] {processor.py:766} INFO - DAG(s) dict_keys(['example_branch_operator']) retrieved from /home/airflow/.local/lib/python3.7/site-packages/airflow/example_dags/example_branch_operator.py
[2024-03-27T19:50:01.585+0000] {logging_mixin.py:120} INFO - [2024-03-27T19:50:01.585+0000] {dag.py:2585} INFO - Sync 1 DAGs
[2024-03-27T19:50:01.613+0000] {logging_mixin.py:120} INFO - [2024-03-27T19:50:01.613+0000] {dag.py:3340} INFO - Setting next_dagrun for example_branch_operator to 2024-03-27T00:00:00+00:00, run_after=2024-03-28T00:00:00+00:00
[2024-03-27T19:50:01.631+0000] {processor.py:176} INFO - Processing /home/airflow/.local/lib/python3.7/site-packages/airflow/example_dags/example_branch_operator.py took 0.106 seconds
[2024-03-27T19:54:20.320+0000] {processor.py:154} INFO - Started process (PID=54) to work on /home/airflow/.local/lib/python3.7/site-packages/airflow/example_dags/example_branch_operator.py
[2024-03-27T19:54:20.322+0000] {processor.py:756} INFO - Processing file /home/airflow/.local/lib/python3.7/site-packages/airflow/example_dags/example_branch_operator.py for tasks to queue
[2024-03-27T19:54:20.323+0000] {logging_mixin.py:120} INFO - [2024-03-27T19:54:20.322+0000] {dagbag.py:537} INFO - Filling up the DagBag from /home/airflow/.local/lib/python3.7/site-packages/airflow/example_dags/example_branch_operator.py
[2024-03-27T19:54:20.368+0000] {processor.py:766} INFO - DAG(s) dict_keys(['example_branch_operator']) retrieved from /home/airflow/.local/lib/python3.7/site-packages/airflow/example_dags/example_branch_operator.py
[2024-03-27T19:54:20.448+0000] {logging_mixin.py:120} INFO - [2024-03-27T19:54:20.447+0000] {dag.py:2585} INFO - Sync 1 DAGs
[2024-03-27T19:54:20.469+0000] {logging_mixin.py:120} INFO - [2024-03-27T19:54:20.469+0000] {dag.py:3340} INFO - Setting next_dagrun for example_branch_operator to 2024-03-27T00:00:00+00:00, run_after=2024-03-28T00:00:00+00:00
[2024-03-27T19:54:20.491+0000] {processor.py:176} INFO - Processing /home/airflow/.local/lib/python3.7/site-packages/airflow/example_dags/example_branch_operator.py took 0.178 seconds
