[2024-03-27T19:09:51.257+0000] {processor.py:154} INFO - Started process (PID=70) to work on /home/airflow/.local/lib/python3.7/site-packages/airflow/example_dags/example_short_circuit_decorator.py
[2024-03-27T19:09:51.260+0000] {processor.py:756} INFO - Processing file /home/airflow/.local/lib/python3.7/site-packages/airflow/example_dags/example_short_circuit_decorator.py for tasks to queue
[2024-03-27T19:09:51.260+0000] {logging_mixin.py:120} INFO - [2024-03-27T19:09:51.260+0000] {dagbag.py:537} INFO - Filling up the DagBag from /home/airflow/.local/lib/python3.7/site-packages/airflow/example_dags/example_short_circuit_decorator.py
[2024-03-27T19:09:51.303+0000] {processor.py:766} INFO - DAG(s) dict_keys(['example_short_circuit_decorator']) retrieved from /home/airflow/.local/lib/python3.7/site-packages/airflow/example_dags/example_short_circuit_decorator.py
[2024-03-27T19:09:51.349+0000] {logging_mixin.py:120} INFO - [2024-03-27T19:09:51.349+0000] {dag.py:2585} INFO - Sync 1 DAGs
[2024-03-27T19:09:51.380+0000] {logging_mixin.py:120} INFO - [2024-03-27T19:09:51.380+0000] {dag.py:3340} INFO - Setting next_dagrun for example_short_circuit_decorator to 2024-03-26T19:09:51.380172+00:00, run_after=2024-03-27T19:09:51.380172+00:00
[2024-03-27T19:09:51.397+0000] {processor.py:176} INFO - Processing /home/airflow/.local/lib/python3.7/site-packages/airflow/example_dags/example_short_circuit_decorator.py took 0.143 seconds
[2024-03-27T19:10:21.696+0000] {processor.py:154} INFO - Started process (PID=137) to work on /home/airflow/.local/lib/python3.7/site-packages/airflow/example_dags/example_short_circuit_decorator.py
[2024-03-27T19:10:21.696+0000] {processor.py:756} INFO - Processing file /home/airflow/.local/lib/python3.7/site-packages/airflow/example_dags/example_short_circuit_decorator.py for tasks to queue
[2024-03-27T19:10:21.697+0000] {logging_mixin.py:120} INFO - [2024-03-27T19:10:21.697+0000] {dagbag.py:537} INFO - Filling up the DagBag from /home/airflow/.local/lib/python3.7/site-packages/airflow/example_dags/example_short_circuit_decorator.py
[2024-03-27T19:10:21.712+0000] {processor.py:766} INFO - DAG(s) dict_keys(['example_short_circuit_decorator']) retrieved from /home/airflow/.local/lib/python3.7/site-packages/airflow/example_dags/example_short_circuit_decorator.py
[2024-03-27T19:10:21.738+0000] {logging_mixin.py:120} INFO - [2024-03-27T19:10:21.738+0000] {dag.py:2585} INFO - Sync 1 DAGs
[2024-03-27T19:10:21.757+0000] {logging_mixin.py:120} INFO - [2024-03-27T19:10:21.757+0000] {dag.py:3340} INFO - Setting next_dagrun for example_short_circuit_decorator to 2024-03-26T19:10:21.756916+00:00, run_after=2024-03-27T19:10:21.756916+00:00
[2024-03-27T19:10:21.769+0000] {processor.py:176} INFO - Processing /home/airflow/.local/lib/python3.7/site-packages/airflow/example_dags/example_short_circuit_decorator.py took 0.075 seconds
[2024-03-27T19:10:52.555+0000] {processor.py:154} INFO - Started process (PID=70) to work on /home/airflow/.local/lib/python3.7/site-packages/airflow/example_dags/example_short_circuit_decorator.py
[2024-03-27T19:10:52.560+0000] {processor.py:756} INFO - Processing file /home/airflow/.local/lib/python3.7/site-packages/airflow/example_dags/example_short_circuit_decorator.py for tasks to queue
[2024-03-27T19:10:52.562+0000] {logging_mixin.py:120} INFO - [2024-03-27T19:10:52.561+0000] {dagbag.py:537} INFO - Filling up the DagBag from /home/airflow/.local/lib/python3.7/site-packages/airflow/example_dags/example_short_circuit_decorator.py
[2024-03-27T19:10:52.712+0000] {processor.py:766} INFO - DAG(s) dict_keys(['example_short_circuit_decorator']) retrieved from /home/airflow/.local/lib/python3.7/site-packages/airflow/example_dags/example_short_circuit_decorator.py
[2024-03-27T19:10:52.892+0000] {logging_mixin.py:120} INFO - [2024-03-27T19:10:52.892+0000] {dag.py:2585} INFO - Sync 1 DAGs
[2024-03-27T19:10:52.922+0000] {logging_mixin.py:120} INFO - [2024-03-27T19:10:52.922+0000] {dag.py:3340} INFO - Setting next_dagrun for example_short_circuit_decorator to 2024-03-26T19:10:52.922145+00:00, run_after=2024-03-27T19:10:52.922145+00:00
[2024-03-27T19:10:52.937+0000] {processor.py:176} INFO - Processing /home/airflow/.local/lib/python3.7/site-packages/airflow/example_dags/example_short_circuit_decorator.py took 0.399 seconds
[2024-03-27T19:11:40.194+0000] {processor.py:154} INFO - Started process (PID=130) to work on /home/airflow/.local/lib/python3.7/site-packages/airflow/example_dags/example_short_circuit_decorator.py
[2024-03-27T19:11:40.213+0000] {processor.py:756} INFO - Processing file /home/airflow/.local/lib/python3.7/site-packages/airflow/example_dags/example_short_circuit_decorator.py for tasks to queue
[2024-03-27T19:11:40.223+0000] {logging_mixin.py:120} INFO - [2024-03-27T19:11:40.223+0000] {dagbag.py:537} INFO - Filling up the DagBag from /home/airflow/.local/lib/python3.7/site-packages/airflow/example_dags/example_short_circuit_decorator.py
[2024-03-27T19:11:40.622+0000] {processor.py:766} INFO - DAG(s) dict_keys(['example_short_circuit_decorator']) retrieved from /home/airflow/.local/lib/python3.7/site-packages/airflow/example_dags/example_short_circuit_decorator.py
[2024-03-27T19:11:40.960+0000] {logging_mixin.py:120} INFO - [2024-03-27T19:11:40.960+0000] {dag.py:2585} INFO - Sync 1 DAGs
[2024-03-27T19:11:41.063+0000] {logging_mixin.py:120} INFO - [2024-03-27T19:11:41.062+0000] {dag.py:3340} INFO - Setting next_dagrun for example_short_circuit_decorator to 2024-03-26T19:11:41.059950+00:00, run_after=2024-03-27T19:11:41.059950+00:00
[2024-03-27T19:11:41.170+0000] {processor.py:176} INFO - Processing /home/airflow/.local/lib/python3.7/site-packages/airflow/example_dags/example_short_circuit_decorator.py took 1.028 seconds
[2024-03-27T19:12:21.645+0000] {processor.py:154} INFO - Started process (PID=71) to work on /home/airflow/.local/lib/python3.7/site-packages/airflow/example_dags/example_short_circuit_decorator.py
[2024-03-27T19:12:21.646+0000] {processor.py:756} INFO - Processing file /home/airflow/.local/lib/python3.7/site-packages/airflow/example_dags/example_short_circuit_decorator.py for tasks to queue
[2024-03-27T19:12:21.646+0000] {logging_mixin.py:120} INFO - [2024-03-27T19:12:21.646+0000] {dagbag.py:537} INFO - Filling up the DagBag from /home/airflow/.local/lib/python3.7/site-packages/airflow/example_dags/example_short_circuit_decorator.py
[2024-03-27T19:12:21.681+0000] {processor.py:766} INFO - DAG(s) dict_keys(['example_short_circuit_decorator']) retrieved from /home/airflow/.local/lib/python3.7/site-packages/airflow/example_dags/example_short_circuit_decorator.py
[2024-03-27T19:12:21.714+0000] {logging_mixin.py:120} INFO - [2024-03-27T19:12:21.714+0000] {dag.py:2585} INFO - Sync 1 DAGs
[2024-03-27T19:12:21.732+0000] {logging_mixin.py:120} INFO - [2024-03-27T19:12:21.732+0000] {dag.py:3340} INFO - Setting next_dagrun for example_short_circuit_decorator to 2024-03-26T19:12:21.732335+00:00, run_after=2024-03-27T19:12:21.732335+00:00
[2024-03-27T19:12:21.745+0000] {processor.py:176} INFO - Processing /home/airflow/.local/lib/python3.7/site-packages/airflow/example_dags/example_short_circuit_decorator.py took 0.102 seconds
[2024-03-27T19:12:52.545+0000] {processor.py:154} INFO - Started process (PID=121) to work on /home/airflow/.local/lib/python3.7/site-packages/airflow/example_dags/example_short_circuit_decorator.py
[2024-03-27T19:12:52.546+0000] {processor.py:756} INFO - Processing file /home/airflow/.local/lib/python3.7/site-packages/airflow/example_dags/example_short_circuit_decorator.py for tasks to queue
[2024-03-27T19:12:52.547+0000] {logging_mixin.py:120} INFO - [2024-03-27T19:12:52.547+0000] {dagbag.py:537} INFO - Filling up the DagBag from /home/airflow/.local/lib/python3.7/site-packages/airflow/example_dags/example_short_circuit_decorator.py
[2024-03-27T19:12:52.576+0000] {processor.py:766} INFO - DAG(s) dict_keys(['example_short_circuit_decorator']) retrieved from /home/airflow/.local/lib/python3.7/site-packages/airflow/example_dags/example_short_circuit_decorator.py
[2024-03-27T19:12:52.612+0000] {logging_mixin.py:120} INFO - [2024-03-27T19:12:52.612+0000] {dag.py:2585} INFO - Sync 1 DAGs
[2024-03-27T19:12:52.628+0000] {logging_mixin.py:120} INFO - [2024-03-27T19:12:52.628+0000] {dag.py:3340} INFO - Setting next_dagrun for example_short_circuit_decorator to 2024-03-26T19:12:52.628314+00:00, run_after=2024-03-27T19:12:52.628314+00:00
[2024-03-27T19:12:52.640+0000] {processor.py:176} INFO - Processing /home/airflow/.local/lib/python3.7/site-packages/airflow/example_dags/example_short_circuit_decorator.py took 0.096 seconds
[2024-03-27T19:13:32.881+0000] {processor.py:154} INFO - Started process (PID=182) to work on /home/airflow/.local/lib/python3.7/site-packages/airflow/example_dags/example_short_circuit_decorator.py
[2024-03-27T19:13:32.888+0000] {processor.py:756} INFO - Processing file /home/airflow/.local/lib/python3.7/site-packages/airflow/example_dags/example_short_circuit_decorator.py for tasks to queue
[2024-03-27T19:13:32.890+0000] {logging_mixin.py:120} INFO - [2024-03-27T19:13:32.890+0000] {dagbag.py:537} INFO - Filling up the DagBag from /home/airflow/.local/lib/python3.7/site-packages/airflow/example_dags/example_short_circuit_decorator.py
[2024-03-27T19:13:32.980+0000] {processor.py:766} INFO - DAG(s) dict_keys(['example_short_circuit_decorator']) retrieved from /home/airflow/.local/lib/python3.7/site-packages/airflow/example_dags/example_short_circuit_decorator.py
[2024-03-27T19:13:33.074+0000] {logging_mixin.py:120} INFO - [2024-03-27T19:13:33.074+0000] {dag.py:2585} INFO - Sync 1 DAGs
[2024-03-27T19:13:33.107+0000] {logging_mixin.py:120} INFO - [2024-03-27T19:13:33.107+0000] {dag.py:3340} INFO - Setting next_dagrun for example_short_circuit_decorator to 2024-03-26T19:13:33.106923+00:00, run_after=2024-03-27T19:13:33.106923+00:00
[2024-03-27T19:13:33.145+0000] {processor.py:176} INFO - Processing /home/airflow/.local/lib/python3.7/site-packages/airflow/example_dags/example_short_circuit_decorator.py took 0.284 seconds
[2024-03-27T19:13:57.244+0000] {processor.py:154} INFO - Started process (PID=70) to work on /home/airflow/.local/lib/python3.7/site-packages/airflow/example_dags/example_short_circuit_decorator.py
[2024-03-27T19:13:57.246+0000] {processor.py:756} INFO - Processing file /home/airflow/.local/lib/python3.7/site-packages/airflow/example_dags/example_short_circuit_decorator.py for tasks to queue
[2024-03-27T19:13:57.248+0000] {logging_mixin.py:120} INFO - [2024-03-27T19:13:57.247+0000] {dagbag.py:537} INFO - Filling up the DagBag from /home/airflow/.local/lib/python3.7/site-packages/airflow/example_dags/example_short_circuit_decorator.py
[2024-03-27T19:13:57.305+0000] {processor.py:766} INFO - DAG(s) dict_keys(['example_short_circuit_decorator']) retrieved from /home/airflow/.local/lib/python3.7/site-packages/airflow/example_dags/example_short_circuit_decorator.py
[2024-03-27T19:13:57.341+0000] {logging_mixin.py:120} INFO - [2024-03-27T19:13:57.341+0000] {dag.py:2585} INFO - Sync 1 DAGs
[2024-03-27T19:13:57.359+0000] {logging_mixin.py:120} INFO - [2024-03-27T19:13:57.359+0000] {dag.py:3340} INFO - Setting next_dagrun for example_short_circuit_decorator to 2024-03-26T19:13:57.359532+00:00, run_after=2024-03-27T19:13:57.359532+00:00
[2024-03-27T19:13:57.372+0000] {processor.py:176} INFO - Processing /home/airflow/.local/lib/python3.7/site-packages/airflow/example_dags/example_short_circuit_decorator.py took 0.135 seconds
[2024-03-27T19:14:49.832+0000] {processor.py:154} INFO - Started process (PID=129) to work on /home/airflow/.local/lib/python3.7/site-packages/airflow/example_dags/example_short_circuit_decorator.py
[2024-03-27T19:14:49.834+0000] {processor.py:756} INFO - Processing file /home/airflow/.local/lib/python3.7/site-packages/airflow/example_dags/example_short_circuit_decorator.py for tasks to queue
[2024-03-27T19:14:49.837+0000] {logging_mixin.py:120} INFO - [2024-03-27T19:14:49.836+0000] {dagbag.py:537} INFO - Filling up the DagBag from /home/airflow/.local/lib/python3.7/site-packages/airflow/example_dags/example_short_circuit_decorator.py
[2024-03-27T19:14:49.916+0000] {processor.py:766} INFO - DAG(s) dict_keys(['example_short_circuit_decorator']) retrieved from /home/airflow/.local/lib/python3.7/site-packages/airflow/example_dags/example_short_circuit_decorator.py
[2024-03-27T19:14:49.988+0000] {logging_mixin.py:120} INFO - [2024-03-27T19:14:49.988+0000] {dag.py:2585} INFO - Sync 1 DAGs
[2024-03-27T19:14:50.023+0000] {logging_mixin.py:120} INFO - [2024-03-27T19:14:50.022+0000] {dag.py:3340} INFO - Setting next_dagrun for example_short_circuit_decorator to 2024-03-26T19:14:50.022608+00:00, run_after=2024-03-27T19:14:50.022608+00:00
[2024-03-27T19:14:50.047+0000] {processor.py:176} INFO - Processing /home/airflow/.local/lib/python3.7/site-packages/airflow/example_dags/example_short_circuit_decorator.py took 0.222 seconds
[2024-03-27T19:15:22.198+0000] {processor.py:154} INFO - Started process (PID=70) to work on /home/airflow/.local/lib/python3.7/site-packages/airflow/example_dags/example_short_circuit_decorator.py
[2024-03-27T19:15:22.201+0000] {processor.py:756} INFO - Processing file /home/airflow/.local/lib/python3.7/site-packages/airflow/example_dags/example_short_circuit_decorator.py for tasks to queue
[2024-03-27T19:15:22.203+0000] {logging_mixin.py:120} INFO - [2024-03-27T19:15:22.202+0000] {dagbag.py:537} INFO - Filling up the DagBag from /home/airflow/.local/lib/python3.7/site-packages/airflow/example_dags/example_short_circuit_decorator.py
[2024-03-27T19:15:22.229+0000] {processor.py:766} INFO - DAG(s) dict_keys(['example_short_circuit_decorator']) retrieved from /home/airflow/.local/lib/python3.7/site-packages/airflow/example_dags/example_short_circuit_decorator.py
[2024-03-27T19:15:22.268+0000] {logging_mixin.py:120} INFO - [2024-03-27T19:15:22.268+0000] {dag.py:2585} INFO - Sync 1 DAGs
[2024-03-27T19:15:22.294+0000] {logging_mixin.py:120} INFO - [2024-03-27T19:15:22.294+0000] {dag.py:3340} INFO - Setting next_dagrun for example_short_circuit_decorator to 2024-03-26T19:15:22.294240+00:00, run_after=2024-03-27T19:15:22.294240+00:00
[2024-03-27T19:15:22.312+0000] {processor.py:176} INFO - Processing /home/airflow/.local/lib/python3.7/site-packages/airflow/example_dags/example_short_circuit_decorator.py took 0.118 seconds
[2024-03-27T19:15:55.044+0000] {processor.py:154} INFO - Started process (PID=129) to work on /home/airflow/.local/lib/python3.7/site-packages/airflow/example_dags/example_short_circuit_decorator.py
[2024-03-27T19:15:55.049+0000] {processor.py:756} INFO - Processing file /home/airflow/.local/lib/python3.7/site-packages/airflow/example_dags/example_short_circuit_decorator.py for tasks to queue
[2024-03-27T19:15:55.050+0000] {logging_mixin.py:120} INFO - [2024-03-27T19:15:55.050+0000] {dagbag.py:537} INFO - Filling up the DagBag from /home/airflow/.local/lib/python3.7/site-packages/airflow/example_dags/example_short_circuit_decorator.py
[2024-03-27T19:15:55.098+0000] {processor.py:766} INFO - DAG(s) dict_keys(['example_short_circuit_decorator']) retrieved from /home/airflow/.local/lib/python3.7/site-packages/airflow/example_dags/example_short_circuit_decorator.py
[2024-03-27T19:15:55.160+0000] {logging_mixin.py:120} INFO - [2024-03-27T19:15:55.160+0000] {dag.py:2585} INFO - Sync 1 DAGs
[2024-03-27T19:15:55.217+0000] {logging_mixin.py:120} INFO - [2024-03-27T19:15:55.217+0000] {dag.py:3340} INFO - Setting next_dagrun for example_short_circuit_decorator to 2024-03-26T19:15:55.217276+00:00, run_after=2024-03-27T19:15:55.217276+00:00
[2024-03-27T19:15:55.253+0000] {processor.py:176} INFO - Processing /home/airflow/.local/lib/python3.7/site-packages/airflow/example_dags/example_short_circuit_decorator.py took 0.220 seconds
[2024-03-27T19:16:26.684+0000] {processor.py:154} INFO - Started process (PID=188) to work on /home/airflow/.local/lib/python3.7/site-packages/airflow/example_dags/example_short_circuit_decorator.py
[2024-03-27T19:16:26.685+0000] {processor.py:756} INFO - Processing file /home/airflow/.local/lib/python3.7/site-packages/airflow/example_dags/example_short_circuit_decorator.py for tasks to queue
[2024-03-27T19:16:26.686+0000] {logging_mixin.py:120} INFO - [2024-03-27T19:16:26.686+0000] {dagbag.py:537} INFO - Filling up the DagBag from /home/airflow/.local/lib/python3.7/site-packages/airflow/example_dags/example_short_circuit_decorator.py
[2024-03-27T19:16:26.724+0000] {processor.py:766} INFO - DAG(s) dict_keys(['example_short_circuit_decorator']) retrieved from /home/airflow/.local/lib/python3.7/site-packages/airflow/example_dags/example_short_circuit_decorator.py
[2024-03-27T19:16:26.798+0000] {logging_mixin.py:120} INFO - [2024-03-27T19:16:26.798+0000] {dag.py:2585} INFO - Sync 1 DAGs
[2024-03-27T19:16:26.830+0000] {logging_mixin.py:120} INFO - [2024-03-27T19:16:26.830+0000] {dag.py:3340} INFO - Setting next_dagrun for example_short_circuit_decorator to 2024-03-26T19:16:26.830349+00:00, run_after=2024-03-27T19:16:26.830349+00:00
[2024-03-27T19:16:26.858+0000] {processor.py:176} INFO - Processing /home/airflow/.local/lib/python3.7/site-packages/airflow/example_dags/example_short_circuit_decorator.py took 0.176 seconds
[2024-03-27T19:16:51.199+0000] {processor.py:154} INFO - Started process (PID=69) to work on /home/airflow/.local/lib/python3.7/site-packages/airflow/example_dags/example_short_circuit_decorator.py
[2024-03-27T19:16:51.200+0000] {processor.py:756} INFO - Processing file /home/airflow/.local/lib/python3.7/site-packages/airflow/example_dags/example_short_circuit_decorator.py for tasks to queue
[2024-03-27T19:16:51.201+0000] {logging_mixin.py:120} INFO - [2024-03-27T19:16:51.201+0000] {dagbag.py:537} INFO - Filling up the DagBag from /home/airflow/.local/lib/python3.7/site-packages/airflow/example_dags/example_short_circuit_decorator.py
[2024-03-27T19:16:51.223+0000] {processor.py:766} INFO - DAG(s) dict_keys(['example_short_circuit_decorator']) retrieved from /home/airflow/.local/lib/python3.7/site-packages/airflow/example_dags/example_short_circuit_decorator.py
[2024-03-27T19:16:51.253+0000] {logging_mixin.py:120} INFO - [2024-03-27T19:16:51.253+0000] {dag.py:2585} INFO - Sync 1 DAGs
[2024-03-27T19:16:51.269+0000] {logging_mixin.py:120} INFO - [2024-03-27T19:16:51.269+0000] {dag.py:3340} INFO - Setting next_dagrun for example_short_circuit_decorator to 2024-03-26T19:16:51.268903+00:00, run_after=2024-03-27T19:16:51.268903+00:00
[2024-03-27T19:16:51.285+0000] {processor.py:176} INFO - Processing /home/airflow/.local/lib/python3.7/site-packages/airflow/example_dags/example_short_circuit_decorator.py took 0.087 seconds
[2024-03-27T19:17:29.399+0000] {processor.py:154} INFO - Started process (PID=127) to work on /home/airflow/.local/lib/python3.7/site-packages/airflow/example_dags/example_short_circuit_decorator.py
[2024-03-27T19:17:29.405+0000] {processor.py:756} INFO - Processing file /home/airflow/.local/lib/python3.7/site-packages/airflow/example_dags/example_short_circuit_decorator.py for tasks to queue
[2024-03-27T19:17:29.407+0000] {logging_mixin.py:120} INFO - [2024-03-27T19:17:29.407+0000] {dagbag.py:537} INFO - Filling up the DagBag from /home/airflow/.local/lib/python3.7/site-packages/airflow/example_dags/example_short_circuit_decorator.py
[2024-03-27T19:17:29.497+0000] {processor.py:766} INFO - DAG(s) dict_keys(['example_short_circuit_decorator']) retrieved from /home/airflow/.local/lib/python3.7/site-packages/airflow/example_dags/example_short_circuit_decorator.py
[2024-03-27T19:17:29.615+0000] {logging_mixin.py:120} INFO - [2024-03-27T19:17:29.615+0000] {dag.py:2585} INFO - Sync 1 DAGs
[2024-03-27T19:17:29.661+0000] {logging_mixin.py:120} INFO - [2024-03-27T19:17:29.661+0000] {dag.py:3340} INFO - Setting next_dagrun for example_short_circuit_decorator to 2024-03-26T19:17:29.661591+00:00, run_after=2024-03-27T19:17:29.661591+00:00
[2024-03-27T19:17:29.709+0000] {processor.py:176} INFO - Processing /home/airflow/.local/lib/python3.7/site-packages/airflow/example_dags/example_short_circuit_decorator.py took 0.330 seconds
[2024-03-27T19:18:20.526+0000] {processor.py:154} INFO - Started process (PID=70) to work on /home/airflow/.local/lib/python3.7/site-packages/airflow/example_dags/example_short_circuit_decorator.py
[2024-03-27T19:18:20.527+0000] {processor.py:756} INFO - Processing file /home/airflow/.local/lib/python3.7/site-packages/airflow/example_dags/example_short_circuit_decorator.py for tasks to queue
[2024-03-27T19:18:20.528+0000] {logging_mixin.py:120} INFO - [2024-03-27T19:18:20.527+0000] {dagbag.py:537} INFO - Filling up the DagBag from /home/airflow/.local/lib/python3.7/site-packages/airflow/example_dags/example_short_circuit_decorator.py
[2024-03-27T19:18:20.555+0000] {processor.py:766} INFO - DAG(s) dict_keys(['example_short_circuit_decorator']) retrieved from /home/airflow/.local/lib/python3.7/site-packages/airflow/example_dags/example_short_circuit_decorator.py
[2024-03-27T19:18:20.587+0000] {logging_mixin.py:120} INFO - [2024-03-27T19:18:20.587+0000] {dag.py:2585} INFO - Sync 1 DAGs
[2024-03-27T19:18:20.605+0000] {logging_mixin.py:120} INFO - [2024-03-27T19:18:20.605+0000] {dag.py:3340} INFO - Setting next_dagrun for example_short_circuit_decorator to 2024-03-26T19:18:20.604647+00:00, run_after=2024-03-27T19:18:20.604647+00:00
[2024-03-27T19:18:20.620+0000] {processor.py:176} INFO - Processing /home/airflow/.local/lib/python3.7/site-packages/airflow/example_dags/example_short_circuit_decorator.py took 0.096 seconds
[2024-03-27T19:18:51.561+0000] {processor.py:154} INFO - Started process (PID=128) to work on /home/airflow/.local/lib/python3.7/site-packages/airflow/example_dags/example_short_circuit_decorator.py
[2024-03-27T19:18:51.562+0000] {processor.py:756} INFO - Processing file /home/airflow/.local/lib/python3.7/site-packages/airflow/example_dags/example_short_circuit_decorator.py for tasks to queue
[2024-03-27T19:18:51.562+0000] {logging_mixin.py:120} INFO - [2024-03-27T19:18:51.562+0000] {dagbag.py:537} INFO - Filling up the DagBag from /home/airflow/.local/lib/python3.7/site-packages/airflow/example_dags/example_short_circuit_decorator.py
[2024-03-27T19:18:51.575+0000] {processor.py:766} INFO - DAG(s) dict_keys(['example_short_circuit_decorator']) retrieved from /home/airflow/.local/lib/python3.7/site-packages/airflow/example_dags/example_short_circuit_decorator.py
[2024-03-27T19:18:51.597+0000] {logging_mixin.py:120} INFO - [2024-03-27T19:18:51.597+0000] {dag.py:2585} INFO - Sync 1 DAGs
[2024-03-27T19:18:51.610+0000] {logging_mixin.py:120} INFO - [2024-03-27T19:18:51.610+0000] {dag.py:3340} INFO - Setting next_dagrun for example_short_circuit_decorator to 2024-03-26T19:18:51.610548+00:00, run_after=2024-03-27T19:18:51.610548+00:00
[2024-03-27T19:18:51.619+0000] {processor.py:176} INFO - Processing /home/airflow/.local/lib/python3.7/site-packages/airflow/example_dags/example_short_circuit_decorator.py took 0.060 seconds
[2024-03-27T19:19:41.623+0000] {processor.py:154} INFO - Started process (PID=70) to work on /home/airflow/.local/lib/python3.7/site-packages/airflow/example_dags/example_short_circuit_decorator.py
[2024-03-27T19:19:41.625+0000] {processor.py:756} INFO - Processing file /home/airflow/.local/lib/python3.7/site-packages/airflow/example_dags/example_short_circuit_decorator.py for tasks to queue
[2024-03-27T19:19:41.625+0000] {logging_mixin.py:120} INFO - [2024-03-27T19:19:41.625+0000] {dagbag.py:537} INFO - Filling up the DagBag from /home/airflow/.local/lib/python3.7/site-packages/airflow/example_dags/example_short_circuit_decorator.py
[2024-03-27T19:19:41.644+0000] {processor.py:766} INFO - DAG(s) dict_keys(['example_short_circuit_decorator']) retrieved from /home/airflow/.local/lib/python3.7/site-packages/airflow/example_dags/example_short_circuit_decorator.py
[2024-03-27T19:19:41.672+0000] {logging_mixin.py:120} INFO - [2024-03-27T19:19:41.672+0000] {dag.py:2585} INFO - Sync 1 DAGs
[2024-03-27T19:19:41.687+0000] {logging_mixin.py:120} INFO - [2024-03-27T19:19:41.687+0000] {dag.py:3340} INFO - Setting next_dagrun for example_short_circuit_decorator to 2024-03-26T19:19:41.687197+00:00, run_after=2024-03-27T19:19:41.687197+00:00
[2024-03-27T19:19:41.699+0000] {processor.py:176} INFO - Processing /home/airflow/.local/lib/python3.7/site-packages/airflow/example_dags/example_short_circuit_decorator.py took 0.077 seconds
[2024-03-27T19:20:22.760+0000] {processor.py:154} INFO - Started process (PID=129) to work on /home/airflow/.local/lib/python3.7/site-packages/airflow/example_dags/example_short_circuit_decorator.py
[2024-03-27T19:20:22.763+0000] {processor.py:756} INFO - Processing file /home/airflow/.local/lib/python3.7/site-packages/airflow/example_dags/example_short_circuit_decorator.py for tasks to queue
[2024-03-27T19:20:22.764+0000] {logging_mixin.py:120} INFO - [2024-03-27T19:20:22.764+0000] {dagbag.py:537} INFO - Filling up the DagBag from /home/airflow/.local/lib/python3.7/site-packages/airflow/example_dags/example_short_circuit_decorator.py
[2024-03-27T19:20:22.794+0000] {processor.py:766} INFO - DAG(s) dict_keys(['example_short_circuit_decorator']) retrieved from /home/airflow/.local/lib/python3.7/site-packages/airflow/example_dags/example_short_circuit_decorator.py
[2024-03-27T19:20:22.830+0000] {logging_mixin.py:120} INFO - [2024-03-27T19:20:22.830+0000] {dag.py:2585} INFO - Sync 1 DAGs
[2024-03-27T19:20:22.851+0000] {logging_mixin.py:120} INFO - [2024-03-27T19:20:22.851+0000] {dag.py:3340} INFO - Setting next_dagrun for example_short_circuit_decorator to 2024-03-26T19:20:22.849323+00:00, run_after=2024-03-27T19:20:22.849323+00:00
[2024-03-27T19:20:22.877+0000] {processor.py:176} INFO - Processing /home/airflow/.local/lib/python3.7/site-packages/airflow/example_dags/example_short_circuit_decorator.py took 0.121 seconds
[2024-03-27T19:21:24.074+0000] {processor.py:154} INFO - Started process (PID=69) to work on /home/airflow/.local/lib/python3.7/site-packages/airflow/example_dags/example_short_circuit_decorator.py
[2024-03-27T19:21:24.074+0000] {processor.py:756} INFO - Processing file /home/airflow/.local/lib/python3.7/site-packages/airflow/example_dags/example_short_circuit_decorator.py for tasks to queue
[2024-03-27T19:21:24.075+0000] {logging_mixin.py:120} INFO - [2024-03-27T19:21:24.075+0000] {dagbag.py:537} INFO - Filling up the DagBag from /home/airflow/.local/lib/python3.7/site-packages/airflow/example_dags/example_short_circuit_decorator.py
[2024-03-27T19:21:24.098+0000] {processor.py:766} INFO - DAG(s) dict_keys(['example_short_circuit_decorator']) retrieved from /home/airflow/.local/lib/python3.7/site-packages/airflow/example_dags/example_short_circuit_decorator.py
[2024-03-27T19:21:24.141+0000] {logging_mixin.py:120} INFO - [2024-03-27T19:21:24.141+0000] {dag.py:2585} INFO - Sync 1 DAGs
[2024-03-27T19:21:24.158+0000] {logging_mixin.py:120} INFO - [2024-03-27T19:21:24.158+0000] {dag.py:3340} INFO - Setting next_dagrun for example_short_circuit_decorator to 2024-03-26T19:21:24.158153+00:00, run_after=2024-03-27T19:21:24.158153+00:00
[2024-03-27T19:21:24.172+0000] {processor.py:176} INFO - Processing /home/airflow/.local/lib/python3.7/site-packages/airflow/example_dags/example_short_circuit_decorator.py took 0.101 seconds
[2024-03-27T19:21:54.933+0000] {processor.py:154} INFO - Started process (PID=128) to work on /home/airflow/.local/lib/python3.7/site-packages/airflow/example_dags/example_short_circuit_decorator.py
[2024-03-27T19:21:54.934+0000] {processor.py:756} INFO - Processing file /home/airflow/.local/lib/python3.7/site-packages/airflow/example_dags/example_short_circuit_decorator.py for tasks to queue
[2024-03-27T19:21:54.937+0000] {logging_mixin.py:120} INFO - [2024-03-27T19:21:54.936+0000] {dagbag.py:537} INFO - Filling up the DagBag from /home/airflow/.local/lib/python3.7/site-packages/airflow/example_dags/example_short_circuit_decorator.py
[2024-03-27T19:21:55.033+0000] {processor.py:766} INFO - DAG(s) dict_keys(['example_short_circuit_decorator']) retrieved from /home/airflow/.local/lib/python3.7/site-packages/airflow/example_dags/example_short_circuit_decorator.py
[2024-03-27T19:21:55.140+0000] {logging_mixin.py:120} INFO - [2024-03-27T19:21:55.140+0000] {dag.py:2585} INFO - Sync 1 DAGs
[2024-03-27T19:21:55.520+0000] {logging_mixin.py:120} INFO - [2024-03-27T19:21:55.499+0000] {dag.py:3340} INFO - Setting next_dagrun for example_short_circuit_decorator to 2024-03-26T19:21:55.489537+00:00, run_after=2024-03-27T19:21:55.489537+00:00
[2024-03-27T19:22:04.593+0000] {processor.py:176} INFO - Processing /home/airflow/.local/lib/python3.7/site-packages/airflow/example_dags/example_short_circuit_decorator.py took 9.665 seconds
[2024-03-27T19:22:31.363+0000] {processor.py:154} INFO - Started process (PID=60) to work on /home/airflow/.local/lib/python3.7/site-packages/airflow/example_dags/example_short_circuit_decorator.py
[2024-03-27T19:22:31.363+0000] {processor.py:756} INFO - Processing file /home/airflow/.local/lib/python3.7/site-packages/airflow/example_dags/example_short_circuit_decorator.py for tasks to queue
[2024-03-27T19:22:31.364+0000] {logging_mixin.py:120} INFO - [2024-03-27T19:22:31.364+0000] {dagbag.py:537} INFO - Filling up the DagBag from /home/airflow/.local/lib/python3.7/site-packages/airflow/example_dags/example_short_circuit_decorator.py
[2024-03-27T19:22:31.381+0000] {processor.py:766} INFO - DAG(s) dict_keys(['example_short_circuit_decorator']) retrieved from /home/airflow/.local/lib/python3.7/site-packages/airflow/example_dags/example_short_circuit_decorator.py
[2024-03-27T19:22:31.406+0000] {logging_mixin.py:120} INFO - [2024-03-27T19:22:31.406+0000] {dag.py:2585} INFO - Sync 1 DAGs
[2024-03-27T19:22:31.421+0000] {logging_mixin.py:120} INFO - [2024-03-27T19:22:31.421+0000] {dag.py:3340} INFO - Setting next_dagrun for example_short_circuit_decorator to 2024-03-26T19:22:31.421666+00:00, run_after=2024-03-27T19:22:31.421666+00:00
[2024-03-27T19:22:31.434+0000] {processor.py:176} INFO - Processing /home/airflow/.local/lib/python3.7/site-packages/airflow/example_dags/example_short_circuit_decorator.py took 0.074 seconds
[2024-03-27T19:23:01.785+0000] {processor.py:154} INFO - Started process (PID=128) to work on /home/airflow/.local/lib/python3.7/site-packages/airflow/example_dags/example_short_circuit_decorator.py
[2024-03-27T19:23:01.786+0000] {processor.py:756} INFO - Processing file /home/airflow/.local/lib/python3.7/site-packages/airflow/example_dags/example_short_circuit_decorator.py for tasks to queue
[2024-03-27T19:23:01.787+0000] {logging_mixin.py:120} INFO - [2024-03-27T19:23:01.787+0000] {dagbag.py:537} INFO - Filling up the DagBag from /home/airflow/.local/lib/python3.7/site-packages/airflow/example_dags/example_short_circuit_decorator.py
[2024-03-27T19:23:01.803+0000] {processor.py:766} INFO - DAG(s) dict_keys(['example_short_circuit_decorator']) retrieved from /home/airflow/.local/lib/python3.7/site-packages/airflow/example_dags/example_short_circuit_decorator.py
[2024-03-27T19:23:01.838+0000] {logging_mixin.py:120} INFO - [2024-03-27T19:23:01.838+0000] {dag.py:2585} INFO - Sync 1 DAGs
[2024-03-27T19:23:01.862+0000] {logging_mixin.py:120} INFO - [2024-03-27T19:23:01.862+0000] {dag.py:3340} INFO - Setting next_dagrun for example_short_circuit_decorator to 2024-03-26T19:23:01.862292+00:00, run_after=2024-03-27T19:23:01.862292+00:00
[2024-03-27T19:23:01.891+0000] {processor.py:176} INFO - Processing /home/airflow/.local/lib/python3.7/site-packages/airflow/example_dags/example_short_circuit_decorator.py took 0.108 seconds
[2024-03-27T19:24:28.575+0000] {processor.py:154} INFO - Started process (PID=187) to work on /home/airflow/.local/lib/python3.7/site-packages/airflow/example_dags/example_short_circuit_decorator.py
[2024-03-27T19:24:28.576+0000] {processor.py:756} INFO - Processing file /home/airflow/.local/lib/python3.7/site-packages/airflow/example_dags/example_short_circuit_decorator.py for tasks to queue
[2024-03-27T19:24:28.577+0000] {logging_mixin.py:120} INFO - [2024-03-27T19:24:28.576+0000] {dagbag.py:537} INFO - Filling up the DagBag from /home/airflow/.local/lib/python3.7/site-packages/airflow/example_dags/example_short_circuit_decorator.py
[2024-03-27T19:24:28.600+0000] {processor.py:766} INFO - DAG(s) dict_keys(['example_short_circuit_decorator']) retrieved from /home/airflow/.local/lib/python3.7/site-packages/airflow/example_dags/example_short_circuit_decorator.py
[2024-03-27T19:24:28.639+0000] {logging_mixin.py:120} INFO - [2024-03-27T19:24:28.639+0000] {dag.py:2585} INFO - Sync 1 DAGs
[2024-03-27T19:24:28.660+0000] {logging_mixin.py:120} INFO - [2024-03-27T19:24:28.659+0000] {dag.py:3340} INFO - Setting next_dagrun for example_short_circuit_decorator to 2024-03-26T19:24:28.659785+00:00, run_after=2024-03-27T19:24:28.659785+00:00
[2024-03-27T19:24:28.686+0000] {processor.py:176} INFO - Processing /home/airflow/.local/lib/python3.7/site-packages/airflow/example_dags/example_short_circuit_decorator.py took 0.114 seconds
[2024-03-27T19:24:54.694+0000] {processor.py:154} INFO - Started process (PID=60) to work on /home/airflow/.local/lib/python3.7/site-packages/airflow/example_dags/example_short_circuit_decorator.py
[2024-03-27T19:24:54.695+0000] {processor.py:756} INFO - Processing file /home/airflow/.local/lib/python3.7/site-packages/airflow/example_dags/example_short_circuit_decorator.py for tasks to queue
[2024-03-27T19:24:54.696+0000] {logging_mixin.py:120} INFO - [2024-03-27T19:24:54.696+0000] {dagbag.py:537} INFO - Filling up the DagBag from /home/airflow/.local/lib/python3.7/site-packages/airflow/example_dags/example_short_circuit_decorator.py
[2024-03-27T19:24:54.712+0000] {processor.py:766} INFO - DAG(s) dict_keys(['example_short_circuit_decorator']) retrieved from /home/airflow/.local/lib/python3.7/site-packages/airflow/example_dags/example_short_circuit_decorator.py
[2024-03-27T19:24:54.734+0000] {logging_mixin.py:120} INFO - [2024-03-27T19:24:54.734+0000] {dag.py:2585} INFO - Sync 1 DAGs
[2024-03-27T19:24:54.746+0000] {logging_mixin.py:120} INFO - [2024-03-27T19:24:54.746+0000] {dag.py:3340} INFO - Setting next_dagrun for example_short_circuit_decorator to 2024-03-26T19:24:54.746283+00:00, run_after=2024-03-27T19:24:54.746283+00:00
[2024-03-27T19:24:54.755+0000] {processor.py:176} INFO - Processing /home/airflow/.local/lib/python3.7/site-packages/airflow/example_dags/example_short_circuit_decorator.py took 0.063 seconds
[2024-03-27T19:25:24.936+0000] {processor.py:154} INFO - Started process (PID=127) to work on /home/airflow/.local/lib/python3.7/site-packages/airflow/example_dags/example_short_circuit_decorator.py
[2024-03-27T19:25:24.937+0000] {processor.py:756} INFO - Processing file /home/airflow/.local/lib/python3.7/site-packages/airflow/example_dags/example_short_circuit_decorator.py for tasks to queue
[2024-03-27T19:25:24.937+0000] {logging_mixin.py:120} INFO - [2024-03-27T19:25:24.937+0000] {dagbag.py:537} INFO - Filling up the DagBag from /home/airflow/.local/lib/python3.7/site-packages/airflow/example_dags/example_short_circuit_decorator.py
[2024-03-27T19:25:24.950+0000] {processor.py:766} INFO - DAG(s) dict_keys(['example_short_circuit_decorator']) retrieved from /home/airflow/.local/lib/python3.7/site-packages/airflow/example_dags/example_short_circuit_decorator.py
[2024-03-27T19:25:24.971+0000] {logging_mixin.py:120} INFO - [2024-03-27T19:25:24.971+0000] {dag.py:2585} INFO - Sync 1 DAGs
[2024-03-27T19:25:24.983+0000] {logging_mixin.py:120} INFO - [2024-03-27T19:25:24.983+0000] {dag.py:3340} INFO - Setting next_dagrun for example_short_circuit_decorator to 2024-03-26T19:25:24.983425+00:00, run_after=2024-03-27T19:25:24.983425+00:00
[2024-03-27T19:25:24.992+0000] {processor.py:176} INFO - Processing /home/airflow/.local/lib/python3.7/site-packages/airflow/example_dags/example_short_circuit_decorator.py took 0.058 seconds
[2024-03-27T19:25:55.554+0000] {processor.py:154} INFO - Started process (PID=196) to work on /home/airflow/.local/lib/python3.7/site-packages/airflow/example_dags/example_short_circuit_decorator.py
[2024-03-27T19:25:55.554+0000] {processor.py:756} INFO - Processing file /home/airflow/.local/lib/python3.7/site-packages/airflow/example_dags/example_short_circuit_decorator.py for tasks to queue
[2024-03-27T19:25:55.555+0000] {logging_mixin.py:120} INFO - [2024-03-27T19:25:55.555+0000] {dagbag.py:537} INFO - Filling up the DagBag from /home/airflow/.local/lib/python3.7/site-packages/airflow/example_dags/example_short_circuit_decorator.py
[2024-03-27T19:25:55.568+0000] {processor.py:766} INFO - DAG(s) dict_keys(['example_short_circuit_decorator']) retrieved from /home/airflow/.local/lib/python3.7/site-packages/airflow/example_dags/example_short_circuit_decorator.py
[2024-03-27T19:25:55.589+0000] {logging_mixin.py:120} INFO - [2024-03-27T19:25:55.589+0000] {dag.py:2585} INFO - Sync 1 DAGs
[2024-03-27T19:25:55.601+0000] {logging_mixin.py:120} INFO - [2024-03-27T19:25:55.601+0000] {dag.py:3340} INFO - Setting next_dagrun for example_short_circuit_decorator to 2024-03-26T19:25:55.601001+00:00, run_after=2024-03-27T19:25:55.601001+00:00
[2024-03-27T19:25:55.610+0000] {processor.py:176} INFO - Processing /home/airflow/.local/lib/python3.7/site-packages/airflow/example_dags/example_short_circuit_decorator.py took 0.057 seconds
[2024-03-27T19:26:25.890+0000] {processor.py:154} INFO - Started process (PID=264) to work on /home/airflow/.local/lib/python3.7/site-packages/airflow/example_dags/example_short_circuit_decorator.py
[2024-03-27T19:26:25.891+0000] {processor.py:756} INFO - Processing file /home/airflow/.local/lib/python3.7/site-packages/airflow/example_dags/example_short_circuit_decorator.py for tasks to queue
[2024-03-27T19:26:25.891+0000] {logging_mixin.py:120} INFO - [2024-03-27T19:26:25.891+0000] {dagbag.py:537} INFO - Filling up the DagBag from /home/airflow/.local/lib/python3.7/site-packages/airflow/example_dags/example_short_circuit_decorator.py
[2024-03-27T19:26:25.909+0000] {processor.py:766} INFO - DAG(s) dict_keys(['example_short_circuit_decorator']) retrieved from /home/airflow/.local/lib/python3.7/site-packages/airflow/example_dags/example_short_circuit_decorator.py
[2024-03-27T19:26:25.936+0000] {logging_mixin.py:120} INFO - [2024-03-27T19:26:25.936+0000] {dag.py:2585} INFO - Sync 1 DAGs
[2024-03-27T19:26:25.949+0000] {logging_mixin.py:120} INFO - [2024-03-27T19:26:25.949+0000] {dag.py:3340} INFO - Setting next_dagrun for example_short_circuit_decorator to 2024-03-26T19:26:25.949054+00:00, run_after=2024-03-27T19:26:25.949054+00:00
[2024-03-27T19:26:25.960+0000] {processor.py:176} INFO - Processing /home/airflow/.local/lib/python3.7/site-packages/airflow/example_dags/example_short_circuit_decorator.py took 0.072 seconds
[2024-03-27T19:26:57.437+0000] {processor.py:154} INFO - Started process (PID=61) to work on /home/airflow/.local/lib/python3.7/site-packages/airflow/example_dags/example_short_circuit_decorator.py
[2024-03-27T19:26:57.438+0000] {processor.py:756} INFO - Processing file /home/airflow/.local/lib/python3.7/site-packages/airflow/example_dags/example_short_circuit_decorator.py for tasks to queue
[2024-03-27T19:26:57.438+0000] {logging_mixin.py:120} INFO - [2024-03-27T19:26:57.438+0000] {dagbag.py:537} INFO - Filling up the DagBag from /home/airflow/.local/lib/python3.7/site-packages/airflow/example_dags/example_short_circuit_decorator.py
[2024-03-27T19:26:57.454+0000] {processor.py:766} INFO - DAG(s) dict_keys(['example_short_circuit_decorator']) retrieved from /home/airflow/.local/lib/python3.7/site-packages/airflow/example_dags/example_short_circuit_decorator.py
[2024-03-27T19:26:57.474+0000] {logging_mixin.py:120} INFO - [2024-03-27T19:26:57.474+0000] {dag.py:2585} INFO - Sync 1 DAGs
[2024-03-27T19:26:57.487+0000] {logging_mixin.py:120} INFO - [2024-03-27T19:26:57.487+0000] {dag.py:3340} INFO - Setting next_dagrun for example_short_circuit_decorator to 2024-03-26T19:26:57.487244+00:00, run_after=2024-03-27T19:26:57.487244+00:00
[2024-03-27T19:26:57.496+0000] {processor.py:176} INFO - Processing /home/airflow/.local/lib/python3.7/site-packages/airflow/example_dags/example_short_circuit_decorator.py took 0.060 seconds
[2024-03-27T19:27:27.734+0000] {processor.py:154} INFO - Started process (PID=128) to work on /home/airflow/.local/lib/python3.7/site-packages/airflow/example_dags/example_short_circuit_decorator.py
[2024-03-27T19:27:27.735+0000] {processor.py:756} INFO - Processing file /home/airflow/.local/lib/python3.7/site-packages/airflow/example_dags/example_short_circuit_decorator.py for tasks to queue
[2024-03-27T19:27:27.735+0000] {logging_mixin.py:120} INFO - [2024-03-27T19:27:27.735+0000] {dagbag.py:537} INFO - Filling up the DagBag from /home/airflow/.local/lib/python3.7/site-packages/airflow/example_dags/example_short_circuit_decorator.py
[2024-03-27T19:27:27.748+0000] {processor.py:766} INFO - DAG(s) dict_keys(['example_short_circuit_decorator']) retrieved from /home/airflow/.local/lib/python3.7/site-packages/airflow/example_dags/example_short_circuit_decorator.py
[2024-03-27T19:27:27.767+0000] {logging_mixin.py:120} INFO - [2024-03-27T19:27:27.767+0000] {dag.py:2585} INFO - Sync 1 DAGs
[2024-03-27T19:27:27.779+0000] {logging_mixin.py:120} INFO - [2024-03-27T19:27:27.779+0000] {dag.py:3340} INFO - Setting next_dagrun for example_short_circuit_decorator to 2024-03-26T19:27:27.779360+00:00, run_after=2024-03-27T19:27:27.779360+00:00
[2024-03-27T19:27:27.788+0000] {processor.py:176} INFO - Processing /home/airflow/.local/lib/python3.7/site-packages/airflow/example_dags/example_short_circuit_decorator.py took 0.055 seconds
[2024-03-27T19:28:31.494+0000] {processor.py:154} INFO - Started process (PID=243) to work on /home/airflow/.local/lib/python3.7/site-packages/airflow/example_dags/example_short_circuit_decorator.py
[2024-03-27T19:28:31.497+0000] {processor.py:756} INFO - Processing file /home/airflow/.local/lib/python3.7/site-packages/airflow/example_dags/example_short_circuit_decorator.py for tasks to queue
[2024-03-27T19:28:31.498+0000] {logging_mixin.py:120} INFO - [2024-03-27T19:28:31.498+0000] {dagbag.py:537} INFO - Filling up the DagBag from /home/airflow/.local/lib/python3.7/site-packages/airflow/example_dags/example_short_circuit_decorator.py
[2024-03-27T19:28:31.594+0000] {processor.py:766} INFO - DAG(s) dict_keys(['example_short_circuit_decorator']) retrieved from /home/airflow/.local/lib/python3.7/site-packages/airflow/example_dags/example_short_circuit_decorator.py
[2024-03-27T19:28:31.717+0000] {logging_mixin.py:120} INFO - [2024-03-27T19:28:31.717+0000] {dag.py:2585} INFO - Sync 1 DAGs
[2024-03-27T19:28:31.793+0000] {logging_mixin.py:120} INFO - [2024-03-27T19:28:31.793+0000] {dag.py:3340} INFO - Setting next_dagrun for example_short_circuit_decorator to 2024-03-27T19:27:27.779360+00:00, run_after=2024-03-28T19:27:27.779360+00:00
[2024-03-27T19:28:31.843+0000] {processor.py:176} INFO - Processing /home/airflow/.local/lib/python3.7/site-packages/airflow/example_dags/example_short_circuit_decorator.py took 0.357 seconds
[2024-03-27T19:29:06.405+0000] {processor.py:154} INFO - Started process (PID=305) to work on /home/airflow/.local/lib/python3.7/site-packages/airflow/example_dags/example_short_circuit_decorator.py
[2024-03-27T19:29:06.407+0000] {processor.py:756} INFO - Processing file /home/airflow/.local/lib/python3.7/site-packages/airflow/example_dags/example_short_circuit_decorator.py for tasks to queue
[2024-03-27T19:29:06.407+0000] {logging_mixin.py:120} INFO - [2024-03-27T19:29:06.407+0000] {dagbag.py:537} INFO - Filling up the DagBag from /home/airflow/.local/lib/python3.7/site-packages/airflow/example_dags/example_short_circuit_decorator.py
[2024-03-27T19:29:06.453+0000] {processor.py:766} INFO - DAG(s) dict_keys(['example_short_circuit_decorator']) retrieved from /home/airflow/.local/lib/python3.7/site-packages/airflow/example_dags/example_short_circuit_decorator.py
[2024-03-27T19:29:06.543+0000] {logging_mixin.py:120} INFO - [2024-03-27T19:29:06.543+0000] {dag.py:2585} INFO - Sync 1 DAGs
[2024-03-27T19:29:06.592+0000] {logging_mixin.py:120} INFO - [2024-03-27T19:29:06.592+0000] {dag.py:3340} INFO - Setting next_dagrun for example_short_circuit_decorator to 2024-03-27T19:27:27.779360+00:00, run_after=2024-03-28T19:27:27.779360+00:00
[2024-03-27T19:29:06.634+0000] {processor.py:176} INFO - Processing /home/airflow/.local/lib/python3.7/site-packages/airflow/example_dags/example_short_circuit_decorator.py took 0.234 seconds
[2024-03-27T19:29:55.170+0000] {processor.py:154} INFO - Started process (PID=376) to work on /home/airflow/.local/lib/python3.7/site-packages/airflow/example_dags/example_short_circuit_decorator.py
[2024-03-27T19:29:55.171+0000] {processor.py:756} INFO - Processing file /home/airflow/.local/lib/python3.7/site-packages/airflow/example_dags/example_short_circuit_decorator.py for tasks to queue
[2024-03-27T19:29:55.173+0000] {logging_mixin.py:120} INFO - [2024-03-27T19:29:55.173+0000] {dagbag.py:537} INFO - Filling up the DagBag from /home/airflow/.local/lib/python3.7/site-packages/airflow/example_dags/example_short_circuit_decorator.py
[2024-03-27T19:29:55.247+0000] {processor.py:766} INFO - DAG(s) dict_keys(['example_short_circuit_decorator']) retrieved from /home/airflow/.local/lib/python3.7/site-packages/airflow/example_dags/example_short_circuit_decorator.py
[2024-03-27T19:29:55.403+0000] {logging_mixin.py:120} INFO - [2024-03-27T19:29:55.403+0000] {dag.py:2585} INFO - Sync 1 DAGs
[2024-03-27T19:29:55.467+0000] {logging_mixin.py:120} INFO - [2024-03-27T19:29:55.467+0000] {dag.py:3340} INFO - Setting next_dagrun for example_short_circuit_decorator to 2024-03-27T19:27:27.779360+00:00, run_after=2024-03-28T19:27:27.779360+00:00
[2024-03-27T19:29:55.490+0000] {processor.py:176} INFO - Processing /home/airflow/.local/lib/python3.7/site-packages/airflow/example_dags/example_short_circuit_decorator.py took 0.329 seconds
[2024-03-27T19:30:28.247+0000] {processor.py:154} INFO - Started process (PID=433) to work on /home/airflow/.local/lib/python3.7/site-packages/airflow/example_dags/example_short_circuit_decorator.py
[2024-03-27T19:30:28.248+0000] {processor.py:756} INFO - Processing file /home/airflow/.local/lib/python3.7/site-packages/airflow/example_dags/example_short_circuit_decorator.py for tasks to queue
[2024-03-27T19:30:28.252+0000] {logging_mixin.py:120} INFO - [2024-03-27T19:30:28.252+0000] {dagbag.py:537} INFO - Filling up the DagBag from /home/airflow/.local/lib/python3.7/site-packages/airflow/example_dags/example_short_circuit_decorator.py
[2024-03-27T19:30:28.302+0000] {processor.py:766} INFO - DAG(s) dict_keys(['example_short_circuit_decorator']) retrieved from /home/airflow/.local/lib/python3.7/site-packages/airflow/example_dags/example_short_circuit_decorator.py
[2024-03-27T19:30:28.344+0000] {logging_mixin.py:120} INFO - [2024-03-27T19:30:28.344+0000] {dag.py:2585} INFO - Sync 1 DAGs
[2024-03-27T19:30:28.367+0000] {logging_mixin.py:120} INFO - [2024-03-27T19:30:28.367+0000] {dag.py:3340} INFO - Setting next_dagrun for example_short_circuit_decorator to 2024-03-27T19:27:27.779360+00:00, run_after=2024-03-28T19:27:27.779360+00:00
[2024-03-27T19:30:28.387+0000] {processor.py:176} INFO - Processing /home/airflow/.local/lib/python3.7/site-packages/airflow/example_dags/example_short_circuit_decorator.py took 0.144 seconds
[2024-03-27T19:31:20.381+0000] {processor.py:154} INFO - Started process (PID=494) to work on /home/airflow/.local/lib/python3.7/site-packages/airflow/example_dags/example_short_circuit_decorator.py
[2024-03-27T19:31:20.386+0000] {processor.py:756} INFO - Processing file /home/airflow/.local/lib/python3.7/site-packages/airflow/example_dags/example_short_circuit_decorator.py for tasks to queue
[2024-03-27T19:31:20.388+0000] {logging_mixin.py:120} INFO - [2024-03-27T19:31:20.388+0000] {dagbag.py:537} INFO - Filling up the DagBag from /home/airflow/.local/lib/python3.7/site-packages/airflow/example_dags/example_short_circuit_decorator.py
[2024-03-27T19:31:20.475+0000] {processor.py:766} INFO - DAG(s) dict_keys(['example_short_circuit_decorator']) retrieved from /home/airflow/.local/lib/python3.7/site-packages/airflow/example_dags/example_short_circuit_decorator.py
[2024-03-27T19:31:20.870+0000] {logging_mixin.py:120} INFO - [2024-03-27T19:31:20.866+0000] {dag.py:2585} INFO - Sync 1 DAGs
[2024-03-27T19:31:21.371+0000] {logging_mixin.py:120} INFO - [2024-03-27T19:31:21.368+0000] {dag.py:3340} INFO - Setting next_dagrun for example_short_circuit_decorator to 2024-03-27T19:27:27.779360+00:00, run_after=2024-03-28T19:27:27.779360+00:00
[2024-03-27T19:31:21.435+0000] {processor.py:176} INFO - Processing /home/airflow/.local/lib/python3.7/site-packages/airflow/example_dags/example_short_circuit_decorator.py took 1.068 seconds
[2024-03-27T19:32:01.311+0000] {processor.py:154} INFO - Started process (PID=547) to work on /home/airflow/.local/lib/python3.7/site-packages/airflow/example_dags/example_short_circuit_decorator.py
[2024-03-27T19:32:01.314+0000] {processor.py:756} INFO - Processing file /home/airflow/.local/lib/python3.7/site-packages/airflow/example_dags/example_short_circuit_decorator.py for tasks to queue
[2024-03-27T19:32:01.316+0000] {logging_mixin.py:120} INFO - [2024-03-27T19:32:01.316+0000] {dagbag.py:537} INFO - Filling up the DagBag from /home/airflow/.local/lib/python3.7/site-packages/airflow/example_dags/example_short_circuit_decorator.py
[2024-03-27T19:32:01.342+0000] {processor.py:766} INFO - DAG(s) dict_keys(['example_short_circuit_decorator']) retrieved from /home/airflow/.local/lib/python3.7/site-packages/airflow/example_dags/example_short_circuit_decorator.py
[2024-03-27T19:32:01.384+0000] {logging_mixin.py:120} INFO - [2024-03-27T19:32:01.384+0000] {dag.py:2585} INFO - Sync 1 DAGs
[2024-03-27T19:32:01.406+0000] {logging_mixin.py:120} INFO - [2024-03-27T19:32:01.406+0000] {dag.py:3340} INFO - Setting next_dagrun for example_short_circuit_decorator to 2024-03-27T19:27:27.779360+00:00, run_after=2024-03-28T19:27:27.779360+00:00
[2024-03-27T19:32:01.418+0000] {processor.py:176} INFO - Processing /home/airflow/.local/lib/python3.7/site-packages/airflow/example_dags/example_short_circuit_decorator.py took 0.111 seconds
[2024-03-27T19:32:53.403+0000] {processor.py:154} INFO - Started process (PID=632) to work on /home/airflow/.local/lib/python3.7/site-packages/airflow/example_dags/example_short_circuit_decorator.py
[2024-03-27T19:32:53.407+0000] {processor.py:756} INFO - Processing file /home/airflow/.local/lib/python3.7/site-packages/airflow/example_dags/example_short_circuit_decorator.py for tasks to queue
[2024-03-27T19:32:53.407+0000] {logging_mixin.py:120} INFO - [2024-03-27T19:32:53.407+0000] {dagbag.py:537} INFO - Filling up the DagBag from /home/airflow/.local/lib/python3.7/site-packages/airflow/example_dags/example_short_circuit_decorator.py
[2024-03-27T19:32:53.446+0000] {processor.py:766} INFO - DAG(s) dict_keys(['example_short_circuit_decorator']) retrieved from /home/airflow/.local/lib/python3.7/site-packages/airflow/example_dags/example_short_circuit_decorator.py
[2024-03-27T19:32:53.498+0000] {logging_mixin.py:120} INFO - [2024-03-27T19:32:53.498+0000] {dag.py:2585} INFO - Sync 1 DAGs
[2024-03-27T19:32:53.522+0000] {logging_mixin.py:120} INFO - [2024-03-27T19:32:53.522+0000] {dag.py:3340} INFO - Setting next_dagrun for example_short_circuit_decorator to 2024-03-27T19:27:27.779360+00:00, run_after=2024-03-28T19:27:27.779360+00:00
[2024-03-27T19:32:53.549+0000] {processor.py:176} INFO - Processing /home/airflow/.local/lib/python3.7/site-packages/airflow/example_dags/example_short_circuit_decorator.py took 0.150 seconds
[2024-03-27T19:33:23.713+0000] {processor.py:154} INFO - Started process (PID=685) to work on /home/airflow/.local/lib/python3.7/site-packages/airflow/example_dags/example_short_circuit_decorator.py
[2024-03-27T19:33:23.714+0000] {processor.py:756} INFO - Processing file /home/airflow/.local/lib/python3.7/site-packages/airflow/example_dags/example_short_circuit_decorator.py for tasks to queue
[2024-03-27T19:33:23.715+0000] {logging_mixin.py:120} INFO - [2024-03-27T19:33:23.715+0000] {dagbag.py:537} INFO - Filling up the DagBag from /home/airflow/.local/lib/python3.7/site-packages/airflow/example_dags/example_short_circuit_decorator.py
[2024-03-27T19:33:23.730+0000] {processor.py:766} INFO - DAG(s) dict_keys(['example_short_circuit_decorator']) retrieved from /home/airflow/.local/lib/python3.7/site-packages/airflow/example_dags/example_short_circuit_decorator.py
[2024-03-27T19:33:23.758+0000] {logging_mixin.py:120} INFO - [2024-03-27T19:33:23.758+0000] {dag.py:2585} INFO - Sync 1 DAGs
[2024-03-27T19:33:23.776+0000] {logging_mixin.py:120} INFO - [2024-03-27T19:33:23.776+0000] {dag.py:3340} INFO - Setting next_dagrun for example_short_circuit_decorator to 2024-03-27T19:27:27.779360+00:00, run_after=2024-03-28T19:27:27.779360+00:00
[2024-03-27T19:33:23.792+0000] {processor.py:176} INFO - Processing /home/airflow/.local/lib/python3.7/site-packages/airflow/example_dags/example_short_circuit_decorator.py took 0.080 seconds
[2024-03-27T19:34:12.667+0000] {processor.py:154} INFO - Started process (PID=756) to work on /home/airflow/.local/lib/python3.7/site-packages/airflow/example_dags/example_short_circuit_decorator.py
[2024-03-27T19:34:12.671+0000] {processor.py:756} INFO - Processing file /home/airflow/.local/lib/python3.7/site-packages/airflow/example_dags/example_short_circuit_decorator.py for tasks to queue
[2024-03-27T19:34:12.671+0000] {logging_mixin.py:120} INFO - [2024-03-27T19:34:12.671+0000] {dagbag.py:537} INFO - Filling up the DagBag from /home/airflow/.local/lib/python3.7/site-packages/airflow/example_dags/example_short_circuit_decorator.py
[2024-03-27T19:34:12.722+0000] {processor.py:766} INFO - DAG(s) dict_keys(['example_short_circuit_decorator']) retrieved from /home/airflow/.local/lib/python3.7/site-packages/airflow/example_dags/example_short_circuit_decorator.py
[2024-03-27T19:34:12.791+0000] {logging_mixin.py:120} INFO - [2024-03-27T19:34:12.791+0000] {dag.py:2585} INFO - Sync 1 DAGs
[2024-03-27T19:34:12.824+0000] {logging_mixin.py:120} INFO - [2024-03-27T19:34:12.824+0000] {dag.py:3340} INFO - Setting next_dagrun for example_short_circuit_decorator to 2024-03-27T19:27:27.779360+00:00, run_after=2024-03-28T19:27:27.779360+00:00
[2024-03-27T19:34:12.849+0000] {processor.py:176} INFO - Processing /home/airflow/.local/lib/python3.7/site-packages/airflow/example_dags/example_short_circuit_decorator.py took 0.187 seconds
[2024-03-27T19:34:44.887+0000] {processor.py:154} INFO - Started process (PID=818) to work on /home/airflow/.local/lib/python3.7/site-packages/airflow/example_dags/example_short_circuit_decorator.py
[2024-03-27T19:34:44.889+0000] {processor.py:756} INFO - Processing file /home/airflow/.local/lib/python3.7/site-packages/airflow/example_dags/example_short_circuit_decorator.py for tasks to queue
[2024-03-27T19:34:44.890+0000] {logging_mixin.py:120} INFO - [2024-03-27T19:34:44.889+0000] {dagbag.py:537} INFO - Filling up the DagBag from /home/airflow/.local/lib/python3.7/site-packages/airflow/example_dags/example_short_circuit_decorator.py
[2024-03-27T19:34:44.949+0000] {processor.py:766} INFO - DAG(s) dict_keys(['example_short_circuit_decorator']) retrieved from /home/airflow/.local/lib/python3.7/site-packages/airflow/example_dags/example_short_circuit_decorator.py
[2024-03-27T19:34:45.097+0000] {logging_mixin.py:120} INFO - [2024-03-27T19:34:45.096+0000] {dag.py:2585} INFO - Sync 1 DAGs
[2024-03-27T19:34:45.184+0000] {logging_mixin.py:120} INFO - [2024-03-27T19:34:45.184+0000] {dag.py:3340} INFO - Setting next_dagrun for example_short_circuit_decorator to 2024-03-27T19:27:27.779360+00:00, run_after=2024-03-28T19:27:27.779360+00:00
[2024-03-27T19:34:45.231+0000] {processor.py:176} INFO - Processing /home/airflow/.local/lib/python3.7/site-packages/airflow/example_dags/example_short_circuit_decorator.py took 0.348 seconds
[2024-03-27T19:35:20.104+0000] {processor.py:154} INFO - Started process (PID=868) to work on /home/airflow/.local/lib/python3.7/site-packages/airflow/example_dags/example_short_circuit_decorator.py
[2024-03-27T19:35:20.107+0000] {processor.py:756} INFO - Processing file /home/airflow/.local/lib/python3.7/site-packages/airflow/example_dags/example_short_circuit_decorator.py for tasks to queue
[2024-03-27T19:35:20.108+0000] {logging_mixin.py:120} INFO - [2024-03-27T19:35:20.108+0000] {dagbag.py:537} INFO - Filling up the DagBag from /home/airflow/.local/lib/python3.7/site-packages/airflow/example_dags/example_short_circuit_decorator.py
[2024-03-27T19:35:20.139+0000] {processor.py:766} INFO - DAG(s) dict_keys(['example_short_circuit_decorator']) retrieved from /home/airflow/.local/lib/python3.7/site-packages/airflow/example_dags/example_short_circuit_decorator.py
[2024-03-27T19:35:20.170+0000] {logging_mixin.py:120} INFO - [2024-03-27T19:35:20.170+0000] {dag.py:2585} INFO - Sync 1 DAGs
[2024-03-27T19:35:20.191+0000] {logging_mixin.py:120} INFO - [2024-03-27T19:35:20.191+0000] {dag.py:3340} INFO - Setting next_dagrun for example_short_circuit_decorator to 2024-03-27T19:27:27.779360+00:00, run_after=2024-03-28T19:27:27.779360+00:00
[2024-03-27T19:35:20.203+0000] {processor.py:176} INFO - Processing /home/airflow/.local/lib/python3.7/site-packages/airflow/example_dags/example_short_circuit_decorator.py took 0.104 seconds
[2024-03-27T19:36:16.263+0000] {processor.py:154} INFO - Started process (PID=935) to work on /home/airflow/.local/lib/python3.7/site-packages/airflow/example_dags/example_short_circuit_decorator.py
[2024-03-27T19:36:16.264+0000] {processor.py:756} INFO - Processing file /home/airflow/.local/lib/python3.7/site-packages/airflow/example_dags/example_short_circuit_decorator.py for tasks to queue
[2024-03-27T19:36:16.265+0000] {logging_mixin.py:120} INFO - [2024-03-27T19:36:16.265+0000] {dagbag.py:537} INFO - Filling up the DagBag from /home/airflow/.local/lib/python3.7/site-packages/airflow/example_dags/example_short_circuit_decorator.py
[2024-03-27T19:36:16.306+0000] {processor.py:766} INFO - DAG(s) dict_keys(['example_short_circuit_decorator']) retrieved from /home/airflow/.local/lib/python3.7/site-packages/airflow/example_dags/example_short_circuit_decorator.py
[2024-03-27T19:36:16.377+0000] {logging_mixin.py:120} INFO - [2024-03-27T19:36:16.377+0000] {dag.py:2585} INFO - Sync 1 DAGs
[2024-03-27T19:36:16.415+0000] {logging_mixin.py:120} INFO - [2024-03-27T19:36:16.415+0000] {dag.py:3340} INFO - Setting next_dagrun for example_short_circuit_decorator to 2024-03-27T19:27:27.779360+00:00, run_after=2024-03-28T19:27:27.779360+00:00
[2024-03-27T19:36:16.449+0000] {processor.py:176} INFO - Processing /home/airflow/.local/lib/python3.7/site-packages/airflow/example_dags/example_short_circuit_decorator.py took 0.191 seconds
[2024-03-27T19:37:14.312+0000] {processor.py:154} INFO - Started process (PID=69) to work on /home/airflow/.local/lib/python3.7/site-packages/airflow/example_dags/example_short_circuit_decorator.py
[2024-03-27T19:37:14.314+0000] {processor.py:756} INFO - Processing file /home/airflow/.local/lib/python3.7/site-packages/airflow/example_dags/example_short_circuit_decorator.py for tasks to queue
[2024-03-27T19:37:14.315+0000] {logging_mixin.py:120} INFO - [2024-03-27T19:37:14.314+0000] {dagbag.py:537} INFO - Filling up the DagBag from /home/airflow/.local/lib/python3.7/site-packages/airflow/example_dags/example_short_circuit_decorator.py
[2024-03-27T19:37:14.370+0000] {processor.py:766} INFO - DAG(s) dict_keys(['example_short_circuit_decorator']) retrieved from /home/airflow/.local/lib/python3.7/site-packages/airflow/example_dags/example_short_circuit_decorator.py
[2024-03-27T19:37:14.499+0000] {logging_mixin.py:120} INFO - [2024-03-27T19:37:14.499+0000] {dag.py:2585} INFO - Sync 1 DAGs
[2024-03-27T19:37:14.547+0000] {logging_mixin.py:120} INFO - [2024-03-27T19:37:14.547+0000] {dag.py:3340} INFO - Setting next_dagrun for example_short_circuit_decorator to 2024-03-27T19:27:27.779360+00:00, run_after=2024-03-28T19:27:27.779360+00:00
[2024-03-27T19:37:14.583+0000] {processor.py:176} INFO - Processing /home/airflow/.local/lib/python3.7/site-packages/airflow/example_dags/example_short_circuit_decorator.py took 0.276 seconds
[2024-03-27T19:37:45.462+0000] {processor.py:154} INFO - Started process (PID=129) to work on /home/airflow/.local/lib/python3.7/site-packages/airflow/example_dags/example_short_circuit_decorator.py
[2024-03-27T19:37:45.466+0000] {processor.py:756} INFO - Processing file /home/airflow/.local/lib/python3.7/site-packages/airflow/example_dags/example_short_circuit_decorator.py for tasks to queue
[2024-03-27T19:37:45.468+0000] {logging_mixin.py:120} INFO - [2024-03-27T19:37:45.468+0000] {dagbag.py:537} INFO - Filling up the DagBag from /home/airflow/.local/lib/python3.7/site-packages/airflow/example_dags/example_short_circuit_decorator.py
[2024-03-27T19:37:45.502+0000] {processor.py:766} INFO - DAG(s) dict_keys(['example_short_circuit_decorator']) retrieved from /home/airflow/.local/lib/python3.7/site-packages/airflow/example_dags/example_short_circuit_decorator.py
[2024-03-27T19:37:45.551+0000] {logging_mixin.py:120} INFO - [2024-03-27T19:37:45.551+0000] {dag.py:2585} INFO - Sync 1 DAGs
[2024-03-27T19:37:45.583+0000] {logging_mixin.py:120} INFO - [2024-03-27T19:37:45.581+0000] {dag.py:3340} INFO - Setting next_dagrun for example_short_circuit_decorator to 2024-03-27T19:27:27.779360+00:00, run_after=2024-03-28T19:27:27.779360+00:00
[2024-03-27T19:37:45.600+0000] {processor.py:176} INFO - Processing /home/airflow/.local/lib/python3.7/site-packages/airflow/example_dags/example_short_circuit_decorator.py took 0.144 seconds
[2024-03-27T19:38:28.061+0000] {processor.py:154} INFO - Started process (PID=69) to work on /home/airflow/.local/lib/python3.7/site-packages/airflow/example_dags/example_short_circuit_decorator.py
[2024-03-27T19:38:28.068+0000] {processor.py:756} INFO - Processing file /home/airflow/.local/lib/python3.7/site-packages/airflow/example_dags/example_short_circuit_decorator.py for tasks to queue
[2024-03-27T19:38:28.069+0000] {logging_mixin.py:120} INFO - [2024-03-27T19:38:28.069+0000] {dagbag.py:537} INFO - Filling up the DagBag from /home/airflow/.local/lib/python3.7/site-packages/airflow/example_dags/example_short_circuit_decorator.py
[2024-03-27T19:38:28.135+0000] {processor.py:766} INFO - DAG(s) dict_keys(['example_short_circuit_decorator']) retrieved from /home/airflow/.local/lib/python3.7/site-packages/airflow/example_dags/example_short_circuit_decorator.py
[2024-03-27T19:38:28.191+0000] {logging_mixin.py:120} INFO - [2024-03-27T19:38:28.191+0000] {dag.py:2585} INFO - Sync 1 DAGs
[2024-03-27T19:38:28.221+0000] {logging_mixin.py:120} INFO - [2024-03-27T19:38:28.221+0000] {dag.py:3340} INFO - Setting next_dagrun for example_short_circuit_decorator to 2024-03-27T19:27:27.779360+00:00, run_after=2024-03-28T19:27:27.779360+00:00
[2024-03-27T19:38:28.246+0000] {processor.py:176} INFO - Processing /home/airflow/.local/lib/python3.7/site-packages/airflow/example_dags/example_short_circuit_decorator.py took 0.190 seconds
[2024-03-27T19:39:52.391+0000] {processor.py:154} INFO - Started process (PID=79) to work on /home/airflow/.local/lib/python3.7/site-packages/airflow/example_dags/example_short_circuit_decorator.py
[2024-03-27T19:39:52.393+0000] {processor.py:756} INFO - Processing file /home/airflow/.local/lib/python3.7/site-packages/airflow/example_dags/example_short_circuit_decorator.py for tasks to queue
[2024-03-27T19:39:52.394+0000] {logging_mixin.py:120} INFO - [2024-03-27T19:39:52.394+0000] {dagbag.py:537} INFO - Filling up the DagBag from /home/airflow/.local/lib/python3.7/site-packages/airflow/example_dags/example_short_circuit_decorator.py
[2024-03-27T19:39:52.428+0000] {processor.py:766} INFO - DAG(s) dict_keys(['example_short_circuit_decorator']) retrieved from /home/airflow/.local/lib/python3.7/site-packages/airflow/example_dags/example_short_circuit_decorator.py
[2024-03-27T19:39:52.475+0000] {logging_mixin.py:120} INFO - [2024-03-27T19:39:52.474+0000] {dag.py:2585} INFO - Sync 1 DAGs
[2024-03-27T19:39:52.508+0000] {logging_mixin.py:120} INFO - [2024-03-27T19:39:52.508+0000] {dag.py:3340} INFO - Setting next_dagrun for example_short_circuit_decorator to 2024-03-27T19:27:27.779360+00:00, run_after=2024-03-28T19:27:27.779360+00:00
[2024-03-27T19:39:52.533+0000] {processor.py:176} INFO - Processing /home/airflow/.local/lib/python3.7/site-packages/airflow/example_dags/example_short_circuit_decorator.py took 0.144 seconds
[2024-03-27T19:40:32.483+0000] {processor.py:154} INFO - Started process (PID=137) to work on /home/airflow/.local/lib/python3.7/site-packages/airflow/example_dags/example_short_circuit_decorator.py
[2024-03-27T19:40:32.484+0000] {processor.py:756} INFO - Processing file /home/airflow/.local/lib/python3.7/site-packages/airflow/example_dags/example_short_circuit_decorator.py for tasks to queue
[2024-03-27T19:40:32.485+0000] {logging_mixin.py:120} INFO - [2024-03-27T19:40:32.485+0000] {dagbag.py:537} INFO - Filling up the DagBag from /home/airflow/.local/lib/python3.7/site-packages/airflow/example_dags/example_short_circuit_decorator.py
[2024-03-27T19:40:32.516+0000] {processor.py:766} INFO - DAG(s) dict_keys(['example_short_circuit_decorator']) retrieved from /home/airflow/.local/lib/python3.7/site-packages/airflow/example_dags/example_short_circuit_decorator.py
[2024-03-27T19:40:32.573+0000] {logging_mixin.py:120} INFO - [2024-03-27T19:40:32.573+0000] {dag.py:2585} INFO - Sync 1 DAGs
[2024-03-27T19:40:32.616+0000] {logging_mixin.py:120} INFO - [2024-03-27T19:40:32.616+0000] {dag.py:3340} INFO - Setting next_dagrun for example_short_circuit_decorator to 2024-03-27T19:27:27.779360+00:00, run_after=2024-03-28T19:27:27.779360+00:00
[2024-03-27T19:40:32.673+0000] {processor.py:176} INFO - Processing /home/airflow/.local/lib/python3.7/site-packages/airflow/example_dags/example_short_circuit_decorator.py took 0.201 seconds
[2024-03-27T19:41:08.759+0000] {processor.py:154} INFO - Started process (PID=188) to work on /home/airflow/.local/lib/python3.7/site-packages/airflow/example_dags/example_short_circuit_decorator.py
[2024-03-27T19:41:08.761+0000] {processor.py:756} INFO - Processing file /home/airflow/.local/lib/python3.7/site-packages/airflow/example_dags/example_short_circuit_decorator.py for tasks to queue
[2024-03-27T19:41:08.763+0000] {logging_mixin.py:120} INFO - [2024-03-27T19:41:08.763+0000] {dagbag.py:537} INFO - Filling up the DagBag from /home/airflow/.local/lib/python3.7/site-packages/airflow/example_dags/example_short_circuit_decorator.py
[2024-03-27T19:41:08.805+0000] {processor.py:766} INFO - DAG(s) dict_keys(['example_short_circuit_decorator']) retrieved from /home/airflow/.local/lib/python3.7/site-packages/airflow/example_dags/example_short_circuit_decorator.py
[2024-03-27T19:41:08.865+0000] {logging_mixin.py:120} INFO - [2024-03-27T19:41:08.865+0000] {dag.py:2585} INFO - Sync 1 DAGs
[2024-03-27T19:41:08.893+0000] {logging_mixin.py:120} INFO - [2024-03-27T19:41:08.893+0000] {dag.py:3340} INFO - Setting next_dagrun for example_short_circuit_decorator to 2024-03-27T19:27:27.779360+00:00, run_after=2024-03-28T19:27:27.779360+00:00
[2024-03-27T19:41:08.914+0000] {processor.py:176} INFO - Processing /home/airflow/.local/lib/python3.7/site-packages/airflow/example_dags/example_short_circuit_decorator.py took 0.159 seconds
[2024-03-27T19:41:40.101+0000] {processor.py:154} INFO - Started process (PID=69) to work on /home/airflow/.local/lib/python3.7/site-packages/airflow/example_dags/example_short_circuit_decorator.py
[2024-03-27T19:41:40.102+0000] {processor.py:756} INFO - Processing file /home/airflow/.local/lib/python3.7/site-packages/airflow/example_dags/example_short_circuit_decorator.py for tasks to queue
[2024-03-27T19:41:40.104+0000] {logging_mixin.py:120} INFO - [2024-03-27T19:41:40.104+0000] {dagbag.py:537} INFO - Filling up the DagBag from /home/airflow/.local/lib/python3.7/site-packages/airflow/example_dags/example_short_circuit_decorator.py
[2024-03-27T19:41:40.126+0000] {processor.py:766} INFO - DAG(s) dict_keys(['example_short_circuit_decorator']) retrieved from /home/airflow/.local/lib/python3.7/site-packages/airflow/example_dags/example_short_circuit_decorator.py
[2024-03-27T19:41:40.155+0000] {logging_mixin.py:120} INFO - [2024-03-27T19:41:40.155+0000] {dag.py:2585} INFO - Sync 1 DAGs
[2024-03-27T19:41:40.175+0000] {logging_mixin.py:120} INFO - [2024-03-27T19:41:40.175+0000] {dag.py:3340} INFO - Setting next_dagrun for example_short_circuit_decorator to 2024-03-27T19:27:27.779360+00:00, run_after=2024-03-28T19:27:27.779360+00:00
[2024-03-27T19:41:40.188+0000] {processor.py:176} INFO - Processing /home/airflow/.local/lib/python3.7/site-packages/airflow/example_dags/example_short_circuit_decorator.py took 0.089 seconds
[2024-03-27T19:42:11.501+0000] {processor.py:154} INFO - Started process (PID=119) to work on /home/airflow/.local/lib/python3.7/site-packages/airflow/example_dags/example_short_circuit_decorator.py
[2024-03-27T19:42:11.501+0000] {processor.py:756} INFO - Processing file /home/airflow/.local/lib/python3.7/site-packages/airflow/example_dags/example_short_circuit_decorator.py for tasks to queue
[2024-03-27T19:42:11.502+0000] {logging_mixin.py:120} INFO - [2024-03-27T19:42:11.502+0000] {dagbag.py:537} INFO - Filling up the DagBag from /home/airflow/.local/lib/python3.7/site-packages/airflow/example_dags/example_short_circuit_decorator.py
[2024-03-27T19:42:11.522+0000] {processor.py:766} INFO - DAG(s) dict_keys(['example_short_circuit_decorator']) retrieved from /home/airflow/.local/lib/python3.7/site-packages/airflow/example_dags/example_short_circuit_decorator.py
[2024-03-27T19:42:11.546+0000] {logging_mixin.py:120} INFO - [2024-03-27T19:42:11.546+0000] {dag.py:2585} INFO - Sync 1 DAGs
[2024-03-27T19:42:11.566+0000] {logging_mixin.py:120} INFO - [2024-03-27T19:42:11.566+0000] {dag.py:3340} INFO - Setting next_dagrun for example_short_circuit_decorator to 2024-03-27T19:27:27.779360+00:00, run_after=2024-03-28T19:27:27.779360+00:00
[2024-03-27T19:42:11.584+0000] {processor.py:176} INFO - Processing /home/airflow/.local/lib/python3.7/site-packages/airflow/example_dags/example_short_circuit_decorator.py took 0.085 seconds
[2024-03-27T19:44:36.674+0000] {processor.py:154} INFO - Started process (PID=77) to work on /home/airflow/.local/lib/python3.7/site-packages/airflow/example_dags/example_short_circuit_decorator.py
[2024-03-27T19:44:36.677+0000] {processor.py:756} INFO - Processing file /home/airflow/.local/lib/python3.7/site-packages/airflow/example_dags/example_short_circuit_decorator.py for tasks to queue
[2024-03-27T19:44:36.678+0000] {logging_mixin.py:120} INFO - [2024-03-27T19:44:36.678+0000] {dagbag.py:537} INFO - Filling up the DagBag from /home/airflow/.local/lib/python3.7/site-packages/airflow/example_dags/example_short_circuit_decorator.py
[2024-03-27T19:44:36.734+0000] {processor.py:766} INFO - DAG(s) dict_keys(['example_short_circuit_decorator']) retrieved from /home/airflow/.local/lib/python3.7/site-packages/airflow/example_dags/example_short_circuit_decorator.py
[2024-03-27T19:44:36.806+0000] {logging_mixin.py:120} INFO - [2024-03-27T19:44:36.805+0000] {dag.py:2585} INFO - Sync 1 DAGs
[2024-03-27T19:44:36.858+0000] {logging_mixin.py:120} INFO - [2024-03-27T19:44:36.858+0000] {dag.py:3340} INFO - Setting next_dagrun for example_short_circuit_decorator to 2024-03-27T19:27:27.779360+00:00, run_after=2024-03-28T19:27:27.779360+00:00
[2024-03-27T19:44:36.897+0000] {processor.py:176} INFO - Processing /home/airflow/.local/lib/python3.7/site-packages/airflow/example_dags/example_short_circuit_decorator.py took 0.228 seconds
[2024-03-27T19:45:22.773+0000] {processor.py:154} INFO - Started process (PID=129) to work on /home/airflow/.local/lib/python3.7/site-packages/airflow/example_dags/example_short_circuit_decorator.py
[2024-03-27T19:45:22.775+0000] {processor.py:756} INFO - Processing file /home/airflow/.local/lib/python3.7/site-packages/airflow/example_dags/example_short_circuit_decorator.py for tasks to queue
[2024-03-27T19:45:22.777+0000] {logging_mixin.py:120} INFO - [2024-03-27T19:45:22.777+0000] {dagbag.py:537} INFO - Filling up the DagBag from /home/airflow/.local/lib/python3.7/site-packages/airflow/example_dags/example_short_circuit_decorator.py
[2024-03-27T19:45:22.818+0000] {processor.py:766} INFO - DAG(s) dict_keys(['example_short_circuit_decorator']) retrieved from /home/airflow/.local/lib/python3.7/site-packages/airflow/example_dags/example_short_circuit_decorator.py
[2024-03-27T19:45:22.906+0000] {logging_mixin.py:120} INFO - [2024-03-27T19:45:22.906+0000] {dag.py:2585} INFO - Sync 1 DAGs
[2024-03-27T19:45:22.949+0000] {logging_mixin.py:120} INFO - [2024-03-27T19:45:22.949+0000] {dag.py:3340} INFO - Setting next_dagrun for example_short_circuit_decorator to 2024-03-27T19:27:27.779360+00:00, run_after=2024-03-28T19:27:27.779360+00:00
[2024-03-27T19:45:22.971+0000] {processor.py:176} INFO - Processing /home/airflow/.local/lib/python3.7/site-packages/airflow/example_dags/example_short_circuit_decorator.py took 0.200 seconds
[2024-03-27T19:46:40.943+0000] {processor.py:154} INFO - Started process (PID=82) to work on /home/airflow/.local/lib/python3.7/site-packages/airflow/example_dags/example_short_circuit_decorator.py
[2024-03-27T19:46:40.945+0000] {processor.py:756} INFO - Processing file /home/airflow/.local/lib/python3.7/site-packages/airflow/example_dags/example_short_circuit_decorator.py for tasks to queue
[2024-03-27T19:46:40.946+0000] {logging_mixin.py:120} INFO - [2024-03-27T19:46:40.946+0000] {dagbag.py:537} INFO - Filling up the DagBag from /home/airflow/.local/lib/python3.7/site-packages/airflow/example_dags/example_short_circuit_decorator.py
[2024-03-27T19:46:40.973+0000] {processor.py:766} INFO - DAG(s) dict_keys(['example_short_circuit_decorator']) retrieved from /home/airflow/.local/lib/python3.7/site-packages/airflow/example_dags/example_short_circuit_decorator.py
[2024-03-27T19:46:41.049+0000] {logging_mixin.py:120} INFO - [2024-03-27T19:46:41.048+0000] {dag.py:2585} INFO - Sync 1 DAGs
[2024-03-27T19:46:41.073+0000] {logging_mixin.py:120} INFO - [2024-03-27T19:46:41.073+0000] {dag.py:3340} INFO - Setting next_dagrun for example_short_circuit_decorator to 2024-03-27T19:27:27.779360+00:00, run_after=2024-03-28T19:27:27.779360+00:00
[2024-03-27T19:46:41.085+0000] {processor.py:176} INFO - Processing /home/airflow/.local/lib/python3.7/site-packages/airflow/example_dags/example_short_circuit_decorator.py took 0.145 seconds
[2024-03-27T19:47:25.382+0000] {processor.py:154} INFO - Started process (PID=137) to work on /home/airflow/.local/lib/python3.7/site-packages/airflow/example_dags/example_short_circuit_decorator.py
[2024-03-27T19:47:25.383+0000] {processor.py:756} INFO - Processing file /home/airflow/.local/lib/python3.7/site-packages/airflow/example_dags/example_short_circuit_decorator.py for tasks to queue
[2024-03-27T19:47:25.384+0000] {logging_mixin.py:120} INFO - [2024-03-27T19:47:25.384+0000] {dagbag.py:537} INFO - Filling up the DagBag from /home/airflow/.local/lib/python3.7/site-packages/airflow/example_dags/example_short_circuit_decorator.py
[2024-03-27T19:47:25.802+0000] {processor.py:766} INFO - DAG(s) dict_keys(['example_short_circuit_decorator']) retrieved from /home/airflow/.local/lib/python3.7/site-packages/airflow/example_dags/example_short_circuit_decorator.py
[2024-03-27T19:47:25.894+0000] {logging_mixin.py:120} INFO - [2024-03-27T19:47:25.893+0000] {dag.py:2585} INFO - Sync 1 DAGs
[2024-03-27T19:47:25.924+0000] {logging_mixin.py:120} INFO - [2024-03-27T19:47:25.924+0000] {dag.py:3340} INFO - Setting next_dagrun for example_short_circuit_decorator to 2024-03-27T19:27:27.779360+00:00, run_after=2024-03-28T19:27:27.779360+00:00
[2024-03-27T19:47:25.972+0000] {processor.py:176} INFO - Processing /home/airflow/.local/lib/python3.7/site-packages/airflow/example_dags/example_short_circuit_decorator.py took 0.293 seconds
[2024-03-27T19:47:47.660+0000] {processor.py:154} INFO - Started process (PID=69) to work on /home/airflow/.local/lib/python3.7/site-packages/airflow/example_dags/example_short_circuit_decorator.py
[2024-03-27T19:47:47.661+0000] {processor.py:756} INFO - Processing file /home/airflow/.local/lib/python3.7/site-packages/airflow/example_dags/example_short_circuit_decorator.py for tasks to queue
[2024-03-27T19:47:47.663+0000] {logging_mixin.py:120} INFO - [2024-03-27T19:47:47.663+0000] {dagbag.py:537} INFO - Filling up the DagBag from /home/airflow/.local/lib/python3.7/site-packages/airflow/example_dags/example_short_circuit_decorator.py
[2024-03-27T19:47:47.687+0000] {processor.py:766} INFO - DAG(s) dict_keys(['example_short_circuit_decorator']) retrieved from /home/airflow/.local/lib/python3.7/site-packages/airflow/example_dags/example_short_circuit_decorator.py
[2024-03-27T19:47:47.716+0000] {logging_mixin.py:120} INFO - [2024-03-27T19:47:47.716+0000] {dag.py:2585} INFO - Sync 1 DAGs
[2024-03-27T19:47:47.734+0000] {logging_mixin.py:120} INFO - [2024-03-27T19:47:47.734+0000] {dag.py:3340} INFO - Setting next_dagrun for example_short_circuit_decorator to 2024-03-27T19:27:27.779360+00:00, run_after=2024-03-28T19:27:27.779360+00:00
[2024-03-27T19:47:47.746+0000] {processor.py:176} INFO - Processing /home/airflow/.local/lib/python3.7/site-packages/airflow/example_dags/example_short_circuit_decorator.py took 0.088 seconds
[2024-03-27T19:48:36.480+0000] {processor.py:154} INFO - Started process (PID=126) to work on /home/airflow/.local/lib/python3.7/site-packages/airflow/example_dags/example_short_circuit_decorator.py
[2024-03-27T19:48:36.481+0000] {processor.py:756} INFO - Processing file /home/airflow/.local/lib/python3.7/site-packages/airflow/example_dags/example_short_circuit_decorator.py for tasks to queue
[2024-03-27T19:48:36.482+0000] {logging_mixin.py:120} INFO - [2024-03-27T19:48:36.481+0000] {dagbag.py:537} INFO - Filling up the DagBag from /home/airflow/.local/lib/python3.7/site-packages/airflow/example_dags/example_short_circuit_decorator.py
[2024-03-27T19:48:36.508+0000] {processor.py:766} INFO - DAG(s) dict_keys(['example_short_circuit_decorator']) retrieved from /home/airflow/.local/lib/python3.7/site-packages/airflow/example_dags/example_short_circuit_decorator.py
[2024-03-27T19:48:36.545+0000] {logging_mixin.py:120} INFO - [2024-03-27T19:48:36.545+0000] {dag.py:2585} INFO - Sync 1 DAGs
[2024-03-27T19:48:36.571+0000] {logging_mixin.py:120} INFO - [2024-03-27T19:48:36.571+0000] {dag.py:3340} INFO - Setting next_dagrun for example_short_circuit_decorator to 2024-03-27T19:27:27.779360+00:00, run_after=2024-03-28T19:27:27.779360+00:00
[2024-03-27T19:48:36.588+0000] {processor.py:176} INFO - Processing /home/airflow/.local/lib/python3.7/site-packages/airflow/example_dags/example_short_circuit_decorator.py took 0.115 seconds
[2024-03-27T19:49:27.465+0000] {processor.py:154} INFO - Started process (PID=70) to work on /home/airflow/.local/lib/python3.7/site-packages/airflow/example_dags/example_short_circuit_decorator.py
[2024-03-27T19:49:27.468+0000] {processor.py:756} INFO - Processing file /home/airflow/.local/lib/python3.7/site-packages/airflow/example_dags/example_short_circuit_decorator.py for tasks to queue
[2024-03-27T19:49:27.471+0000] {logging_mixin.py:120} INFO - [2024-03-27T19:49:27.471+0000] {dagbag.py:537} INFO - Filling up the DagBag from /home/airflow/.local/lib/python3.7/site-packages/airflow/example_dags/example_short_circuit_decorator.py
[2024-03-27T19:49:27.507+0000] {processor.py:766} INFO - DAG(s) dict_keys(['example_short_circuit_decorator']) retrieved from /home/airflow/.local/lib/python3.7/site-packages/airflow/example_dags/example_short_circuit_decorator.py
[2024-03-27T19:49:27.542+0000] {logging_mixin.py:120} INFO - [2024-03-27T19:49:27.542+0000] {dag.py:2585} INFO - Sync 1 DAGs
[2024-03-27T19:49:27.569+0000] {logging_mixin.py:120} INFO - [2024-03-27T19:49:27.568+0000] {dag.py:3340} INFO - Setting next_dagrun for example_short_circuit_decorator to 2024-03-27T19:27:27.779360+00:00, run_after=2024-03-28T19:27:27.779360+00:00
[2024-03-27T19:49:27.582+0000] {processor.py:176} INFO - Processing /home/airflow/.local/lib/python3.7/site-packages/airflow/example_dags/example_short_circuit_decorator.py took 0.120 seconds
[2024-03-27T19:50:02.152+0000] {processor.py:154} INFO - Started process (PID=128) to work on /home/airflow/.local/lib/python3.7/site-packages/airflow/example_dags/example_short_circuit_decorator.py
[2024-03-27T19:50:02.153+0000] {processor.py:756} INFO - Processing file /home/airflow/.local/lib/python3.7/site-packages/airflow/example_dags/example_short_circuit_decorator.py for tasks to queue
[2024-03-27T19:50:02.154+0000] {logging_mixin.py:120} INFO - [2024-03-27T19:50:02.154+0000] {dagbag.py:537} INFO - Filling up the DagBag from /home/airflow/.local/lib/python3.7/site-packages/airflow/example_dags/example_short_circuit_decorator.py
[2024-03-27T19:50:02.183+0000] {processor.py:766} INFO - DAG(s) dict_keys(['example_short_circuit_decorator']) retrieved from /home/airflow/.local/lib/python3.7/site-packages/airflow/example_dags/example_short_circuit_decorator.py
[2024-03-27T19:50:02.222+0000] {logging_mixin.py:120} INFO - [2024-03-27T19:50:02.222+0000] {dag.py:2585} INFO - Sync 1 DAGs
[2024-03-27T19:50:02.242+0000] {logging_mixin.py:120} INFO - [2024-03-27T19:50:02.241+0000] {dag.py:3340} INFO - Setting next_dagrun for example_short_circuit_decorator to 2024-03-27T19:27:27.779360+00:00, run_after=2024-03-28T19:27:27.779360+00:00
[2024-03-27T19:50:02.255+0000] {processor.py:176} INFO - Processing /home/airflow/.local/lib/python3.7/site-packages/airflow/example_dags/example_short_circuit_decorator.py took 0.108 seconds
[2024-03-27T19:54:23.050+0000] {processor.py:154} INFO - Started process (PID=62) to work on /home/airflow/.local/lib/python3.7/site-packages/airflow/example_dags/example_short_circuit_decorator.py
[2024-03-27T19:54:23.051+0000] {processor.py:756} INFO - Processing file /home/airflow/.local/lib/python3.7/site-packages/airflow/example_dags/example_short_circuit_decorator.py for tasks to queue
[2024-03-27T19:54:23.053+0000] {logging_mixin.py:120} INFO - [2024-03-27T19:54:23.053+0000] {dagbag.py:537} INFO - Filling up the DagBag from /home/airflow/.local/lib/python3.7/site-packages/airflow/example_dags/example_short_circuit_decorator.py
[2024-03-27T19:54:23.086+0000] {processor.py:766} INFO - DAG(s) dict_keys(['example_short_circuit_decorator']) retrieved from /home/airflow/.local/lib/python3.7/site-packages/airflow/example_dags/example_short_circuit_decorator.py
[2024-03-27T19:54:23.121+0000] {logging_mixin.py:120} INFO - [2024-03-27T19:54:23.121+0000] {dag.py:2585} INFO - Sync 1 DAGs
[2024-03-27T19:54:23.144+0000] {logging_mixin.py:120} INFO - [2024-03-27T19:54:23.144+0000] {dag.py:3340} INFO - Setting next_dagrun for example_short_circuit_decorator to 2024-03-27T19:27:27.779360+00:00, run_after=2024-03-28T19:27:27.779360+00:00
[2024-03-27T19:54:23.171+0000] {processor.py:176} INFO - Processing /home/airflow/.local/lib/python3.7/site-packages/airflow/example_dags/example_short_circuit_decorator.py took 0.123 seconds
