[2024-03-27T19:09:51.297+0000] {processor.py:154} INFO - Started process (PID=71) to work on /home/airflow/.local/lib/python3.7/site-packages/airflow/example_dags/example_xcom.py
[2024-03-27T19:09:51.300+0000] {processor.py:756} INFO - Processing file /home/airflow/.local/lib/python3.7/site-packages/airflow/example_dags/example_xcom.py for tasks to queue
[2024-03-27T19:09:51.301+0000] {logging_mixin.py:120} INFO - [2024-03-27T19:09:51.301+0000] {dagbag.py:537} INFO - Filling up the DagBag from /home/airflow/.local/lib/python3.7/site-packages/airflow/example_dags/example_xcom.py
[2024-03-27T19:09:51.321+0000] {processor.py:766} INFO - DAG(s) dict_keys(['example_xcom']) retrieved from /home/airflow/.local/lib/python3.7/site-packages/airflow/example_dags/example_xcom.py
[2024-03-27T19:09:51.353+0000] {logging_mixin.py:120} INFO - [2024-03-27T19:09:51.353+0000] {dag.py:2585} INFO - Sync 1 DAGs
[2024-03-27T19:09:51.380+0000] {logging_mixin.py:120} INFO - [2024-03-27T19:09:51.380+0000] {dag.py:3340} INFO - Setting next_dagrun for example_xcom to 2021-01-01T00:00:00+00:00, run_after=2021-01-01T00:00:00+00:00
[2024-03-27T19:09:51.400+0000] {processor.py:176} INFO - Processing /home/airflow/.local/lib/python3.7/site-packages/airflow/example_dags/example_xcom.py took 0.106 seconds
[2024-03-27T19:10:21.696+0000] {processor.py:154} INFO - Started process (PID=138) to work on /home/airflow/.local/lib/python3.7/site-packages/airflow/example_dags/example_xcom.py
[2024-03-27T19:10:21.697+0000] {processor.py:756} INFO - Processing file /home/airflow/.local/lib/python3.7/site-packages/airflow/example_dags/example_xcom.py for tasks to queue
[2024-03-27T19:10:21.697+0000] {logging_mixin.py:120} INFO - [2024-03-27T19:10:21.697+0000] {dagbag.py:537} INFO - Filling up the DagBag from /home/airflow/.local/lib/python3.7/site-packages/airflow/example_dags/example_xcom.py
[2024-03-27T19:10:21.712+0000] {processor.py:766} INFO - DAG(s) dict_keys(['example_xcom']) retrieved from /home/airflow/.local/lib/python3.7/site-packages/airflow/example_dags/example_xcom.py
[2024-03-27T19:10:21.738+0000] {logging_mixin.py:120} INFO - [2024-03-27T19:10:21.738+0000] {dag.py:2585} INFO - Sync 1 DAGs
[2024-03-27T19:10:21.756+0000] {logging_mixin.py:120} INFO - [2024-03-27T19:10:21.756+0000] {dag.py:3340} INFO - Setting next_dagrun for example_xcom to 2021-01-01T00:00:00+00:00, run_after=2021-01-01T00:00:00+00:00
[2024-03-27T19:10:21.769+0000] {processor.py:176} INFO - Processing /home/airflow/.local/lib/python3.7/site-packages/airflow/example_dags/example_xcom.py took 0.074 seconds
[2024-03-27T19:10:52.797+0000] {processor.py:154} INFO - Started process (PID=71) to work on /home/airflow/.local/lib/python3.7/site-packages/airflow/example_dags/example_xcom.py
[2024-03-27T19:10:52.799+0000] {processor.py:756} INFO - Processing file /home/airflow/.local/lib/python3.7/site-packages/airflow/example_dags/example_xcom.py for tasks to queue
[2024-03-27T19:10:52.802+0000] {logging_mixin.py:120} INFO - [2024-03-27T19:10:52.802+0000] {dagbag.py:537} INFO - Filling up the DagBag from /home/airflow/.local/lib/python3.7/site-packages/airflow/example_dags/example_xcom.py
[2024-03-27T19:10:52.861+0000] {processor.py:766} INFO - DAG(s) dict_keys(['example_xcom']) retrieved from /home/airflow/.local/lib/python3.7/site-packages/airflow/example_dags/example_xcom.py
[2024-03-27T19:10:52.992+0000] {logging_mixin.py:120} INFO - [2024-03-27T19:10:52.991+0000] {dag.py:2585} INFO - Sync 1 DAGs
[2024-03-27T19:10:53.063+0000] {logging_mixin.py:120} INFO - [2024-03-27T19:10:53.062+0000] {dag.py:3340} INFO - Setting next_dagrun for example_xcom to 2021-01-01T00:00:00+00:00, run_after=2021-01-01T00:00:00+00:00
[2024-03-27T19:10:53.120+0000] {processor.py:176} INFO - Processing /home/airflow/.local/lib/python3.7/site-packages/airflow/example_dags/example_xcom.py took 0.331 seconds
[2024-03-27T19:11:40.369+0000] {processor.py:154} INFO - Started process (PID=131) to work on /home/airflow/.local/lib/python3.7/site-packages/airflow/example_dags/example_xcom.py
[2024-03-27T19:11:40.377+0000] {processor.py:756} INFO - Processing file /home/airflow/.local/lib/python3.7/site-packages/airflow/example_dags/example_xcom.py for tasks to queue
[2024-03-27T19:11:40.389+0000] {logging_mixin.py:120} INFO - [2024-03-27T19:11:40.387+0000] {dagbag.py:537} INFO - Filling up the DagBag from /home/airflow/.local/lib/python3.7/site-packages/airflow/example_dags/example_xcom.py
[2024-03-27T19:11:40.623+0000] {processor.py:766} INFO - DAG(s) dict_keys(['example_xcom']) retrieved from /home/airflow/.local/lib/python3.7/site-packages/airflow/example_dags/example_xcom.py
[2024-03-27T19:11:41.040+0000] {logging_mixin.py:120} INFO - [2024-03-27T19:11:41.039+0000] {dag.py:2585} INFO - Sync 1 DAGs
[2024-03-27T19:11:41.116+0000] {logging_mixin.py:120} INFO - [2024-03-27T19:11:41.116+0000] {dag.py:3340} INFO - Setting next_dagrun for example_xcom to 2021-01-01T00:00:00+00:00, run_after=2021-01-01T00:00:00+00:00
[2024-03-27T19:11:41.195+0000] {processor.py:176} INFO - Processing /home/airflow/.local/lib/python3.7/site-packages/airflow/example_dags/example_xcom.py took 0.852 seconds
[2024-03-27T19:12:21.676+0000] {processor.py:154} INFO - Started process (PID=72) to work on /home/airflow/.local/lib/python3.7/site-packages/airflow/example_dags/example_xcom.py
[2024-03-27T19:12:21.676+0000] {processor.py:756} INFO - Processing file /home/airflow/.local/lib/python3.7/site-packages/airflow/example_dags/example_xcom.py for tasks to queue
[2024-03-27T19:12:21.677+0000] {logging_mixin.py:120} INFO - [2024-03-27T19:12:21.677+0000] {dagbag.py:537} INFO - Filling up the DagBag from /home/airflow/.local/lib/python3.7/site-packages/airflow/example_dags/example_xcom.py
[2024-03-27T19:12:21.696+0000] {processor.py:766} INFO - DAG(s) dict_keys(['example_xcom']) retrieved from /home/airflow/.local/lib/python3.7/site-packages/airflow/example_dags/example_xcom.py
[2024-03-27T19:12:21.723+0000] {logging_mixin.py:120} INFO - [2024-03-27T19:12:21.723+0000] {dag.py:2585} INFO - Sync 1 DAGs
[2024-03-27T19:12:21.741+0000] {logging_mixin.py:120} INFO - [2024-03-27T19:12:21.741+0000] {dag.py:3340} INFO - Setting next_dagrun for example_xcom to 2021-01-01T00:00:00+00:00, run_after=2021-01-01T00:00:00+00:00
[2024-03-27T19:12:21.756+0000] {processor.py:176} INFO - Processing /home/airflow/.local/lib/python3.7/site-packages/airflow/example_dags/example_xcom.py took 0.083 seconds
[2024-03-27T19:12:52.578+0000] {processor.py:154} INFO - Started process (PID=122) to work on /home/airflow/.local/lib/python3.7/site-packages/airflow/example_dags/example_xcom.py
[2024-03-27T19:12:52.579+0000] {processor.py:756} INFO - Processing file /home/airflow/.local/lib/python3.7/site-packages/airflow/example_dags/example_xcom.py for tasks to queue
[2024-03-27T19:12:52.579+0000] {logging_mixin.py:120} INFO - [2024-03-27T19:12:52.579+0000] {dagbag.py:537} INFO - Filling up the DagBag from /home/airflow/.local/lib/python3.7/site-packages/airflow/example_dags/example_xcom.py
[2024-03-27T19:12:52.603+0000] {processor.py:766} INFO - DAG(s) dict_keys(['example_xcom']) retrieved from /home/airflow/.local/lib/python3.7/site-packages/airflow/example_dags/example_xcom.py
[2024-03-27T19:12:52.629+0000] {logging_mixin.py:120} INFO - [2024-03-27T19:12:52.629+0000] {dag.py:2585} INFO - Sync 1 DAGs
[2024-03-27T19:12:52.647+0000] {logging_mixin.py:120} INFO - [2024-03-27T19:12:52.647+0000] {dag.py:3340} INFO - Setting next_dagrun for example_xcom to 2021-01-01T00:00:00+00:00, run_after=2021-01-01T00:00:00+00:00
[2024-03-27T19:12:52.660+0000] {processor.py:176} INFO - Processing /home/airflow/.local/lib/python3.7/site-packages/airflow/example_dags/example_xcom.py took 0.084 seconds
[2024-03-27T19:13:33.001+0000] {processor.py:154} INFO - Started process (PID=183) to work on /home/airflow/.local/lib/python3.7/site-packages/airflow/example_dags/example_xcom.py
[2024-03-27T19:13:33.003+0000] {processor.py:756} INFO - Processing file /home/airflow/.local/lib/python3.7/site-packages/airflow/example_dags/example_xcom.py for tasks to queue
[2024-03-27T19:13:33.003+0000] {logging_mixin.py:120} INFO - [2024-03-27T19:13:33.003+0000] {dagbag.py:537} INFO - Filling up the DagBag from /home/airflow/.local/lib/python3.7/site-packages/airflow/example_dags/example_xcom.py
[2024-03-27T19:13:33.055+0000] {processor.py:766} INFO - DAG(s) dict_keys(['example_xcom']) retrieved from /home/airflow/.local/lib/python3.7/site-packages/airflow/example_dags/example_xcom.py
[2024-03-27T19:13:33.094+0000] {logging_mixin.py:120} INFO - [2024-03-27T19:13:33.094+0000] {dag.py:2585} INFO - Sync 1 DAGs
[2024-03-27T19:13:33.115+0000] {logging_mixin.py:120} INFO - [2024-03-27T19:13:33.115+0000] {dag.py:3340} INFO - Setting next_dagrun for example_xcom to 2021-01-01T00:00:00+00:00, run_after=2021-01-01T00:00:00+00:00
[2024-03-27T19:13:33.143+0000] {processor.py:176} INFO - Processing /home/airflow/.local/lib/python3.7/site-packages/airflow/example_dags/example_xcom.py took 0.155 seconds
[2024-03-27T19:13:57.336+0000] {processor.py:154} INFO - Started process (PID=71) to work on /home/airflow/.local/lib/python3.7/site-packages/airflow/example_dags/example_xcom.py
[2024-03-27T19:13:57.337+0000] {processor.py:756} INFO - Processing file /home/airflow/.local/lib/python3.7/site-packages/airflow/example_dags/example_xcom.py for tasks to queue
[2024-03-27T19:13:57.338+0000] {logging_mixin.py:120} INFO - [2024-03-27T19:13:57.338+0000] {dagbag.py:537} INFO - Filling up the DagBag from /home/airflow/.local/lib/python3.7/site-packages/airflow/example_dags/example_xcom.py
[2024-03-27T19:13:57.354+0000] {processor.py:766} INFO - DAG(s) dict_keys(['example_xcom']) retrieved from /home/airflow/.local/lib/python3.7/site-packages/airflow/example_dags/example_xcom.py
[2024-03-27T19:13:57.379+0000] {logging_mixin.py:120} INFO - [2024-03-27T19:13:57.379+0000] {dag.py:2585} INFO - Sync 1 DAGs
[2024-03-27T19:13:57.396+0000] {logging_mixin.py:120} INFO - [2024-03-27T19:13:57.395+0000] {dag.py:3340} INFO - Setting next_dagrun for example_xcom to 2021-01-01T00:00:00+00:00, run_after=2021-01-01T00:00:00+00:00
[2024-03-27T19:13:57.406+0000] {processor.py:176} INFO - Processing /home/airflow/.local/lib/python3.7/site-packages/airflow/example_dags/example_xcom.py took 0.072 seconds
[2024-03-27T19:14:49.857+0000] {processor.py:154} INFO - Started process (PID=130) to work on /home/airflow/.local/lib/python3.7/site-packages/airflow/example_dags/example_xcom.py
[2024-03-27T19:14:49.860+0000] {processor.py:756} INFO - Processing file /home/airflow/.local/lib/python3.7/site-packages/airflow/example_dags/example_xcom.py for tasks to queue
[2024-03-27T19:14:49.862+0000] {logging_mixin.py:120} INFO - [2024-03-27T19:14:49.862+0000] {dagbag.py:537} INFO - Filling up the DagBag from /home/airflow/.local/lib/python3.7/site-packages/airflow/example_dags/example_xcom.py
[2024-03-27T19:14:49.903+0000] {processor.py:766} INFO - DAG(s) dict_keys(['example_xcom']) retrieved from /home/airflow/.local/lib/python3.7/site-packages/airflow/example_dags/example_xcom.py
[2024-03-27T19:14:49.965+0000] {logging_mixin.py:120} INFO - [2024-03-27T19:14:49.965+0000] {dag.py:2585} INFO - Sync 1 DAGs
[2024-03-27T19:14:49.994+0000] {logging_mixin.py:120} INFO - [2024-03-27T19:14:49.994+0000] {dag.py:3340} INFO - Setting next_dagrun for example_xcom to 2021-01-01T00:00:00+00:00, run_after=2021-01-01T00:00:00+00:00
[2024-03-27T19:14:50.032+0000] {processor.py:176} INFO - Processing /home/airflow/.local/lib/python3.7/site-packages/airflow/example_dags/example_xcom.py took 0.180 seconds
[2024-03-27T19:15:22.229+0000] {processor.py:154} INFO - Started process (PID=71) to work on /home/airflow/.local/lib/python3.7/site-packages/airflow/example_dags/example_xcom.py
[2024-03-27T19:15:22.230+0000] {processor.py:756} INFO - Processing file /home/airflow/.local/lib/python3.7/site-packages/airflow/example_dags/example_xcom.py for tasks to queue
[2024-03-27T19:15:22.232+0000] {logging_mixin.py:120} INFO - [2024-03-27T19:15:22.232+0000] {dagbag.py:537} INFO - Filling up the DagBag from /home/airflow/.local/lib/python3.7/site-packages/airflow/example_dags/example_xcom.py
[2024-03-27T19:15:22.249+0000] {processor.py:766} INFO - DAG(s) dict_keys(['example_xcom']) retrieved from /home/airflow/.local/lib/python3.7/site-packages/airflow/example_dags/example_xcom.py
[2024-03-27T19:15:22.285+0000] {logging_mixin.py:120} INFO - [2024-03-27T19:15:22.285+0000] {dag.py:2585} INFO - Sync 1 DAGs
[2024-03-27T19:15:22.307+0000] {logging_mixin.py:120} INFO - [2024-03-27T19:15:22.307+0000] {dag.py:3340} INFO - Setting next_dagrun for example_xcom to 2021-01-01T00:00:00+00:00, run_after=2021-01-01T00:00:00+00:00
[2024-03-27T19:15:22.325+0000] {processor.py:176} INFO - Processing /home/airflow/.local/lib/python3.7/site-packages/airflow/example_dags/example_xcom.py took 0.098 seconds
[2024-03-27T19:15:55.086+0000] {processor.py:154} INFO - Started process (PID=130) to work on /home/airflow/.local/lib/python3.7/site-packages/airflow/example_dags/example_xcom.py
[2024-03-27T19:15:55.090+0000] {processor.py:756} INFO - Processing file /home/airflow/.local/lib/python3.7/site-packages/airflow/example_dags/example_xcom.py for tasks to queue
[2024-03-27T19:15:55.091+0000] {logging_mixin.py:120} INFO - [2024-03-27T19:15:55.091+0000] {dagbag.py:537} INFO - Filling up the DagBag from /home/airflow/.local/lib/python3.7/site-packages/airflow/example_dags/example_xcom.py
[2024-03-27T19:15:55.127+0000] {processor.py:766} INFO - DAG(s) dict_keys(['example_xcom']) retrieved from /home/airflow/.local/lib/python3.7/site-packages/airflow/example_dags/example_xcom.py
[2024-03-27T19:15:55.203+0000] {logging_mixin.py:120} INFO - [2024-03-27T19:15:55.203+0000] {dag.py:2585} INFO - Sync 1 DAGs
[2024-03-27T19:15:55.226+0000] {logging_mixin.py:120} INFO - [2024-03-27T19:15:55.226+0000] {dag.py:3340} INFO - Setting next_dagrun for example_xcom to 2021-01-01T00:00:00+00:00, run_after=2021-01-01T00:00:00+00:00
[2024-03-27T19:15:55.241+0000] {processor.py:176} INFO - Processing /home/airflow/.local/lib/python3.7/site-packages/airflow/example_dags/example_xcom.py took 0.161 seconds
[2024-03-27T19:16:26.745+0000] {processor.py:154} INFO - Started process (PID=189) to work on /home/airflow/.local/lib/python3.7/site-packages/airflow/example_dags/example_xcom.py
[2024-03-27T19:16:26.747+0000] {processor.py:756} INFO - Processing file /home/airflow/.local/lib/python3.7/site-packages/airflow/example_dags/example_xcom.py for tasks to queue
[2024-03-27T19:16:26.748+0000] {logging_mixin.py:120} INFO - [2024-03-27T19:16:26.748+0000] {dagbag.py:537} INFO - Filling up the DagBag from /home/airflow/.local/lib/python3.7/site-packages/airflow/example_dags/example_xcom.py
[2024-03-27T19:16:26.792+0000] {processor.py:766} INFO - DAG(s) dict_keys(['example_xcom']) retrieved from /home/airflow/.local/lib/python3.7/site-packages/airflow/example_dags/example_xcom.py
[2024-03-27T19:16:26.858+0000] {logging_mixin.py:120} INFO - [2024-03-27T19:16:26.858+0000] {dag.py:2585} INFO - Sync 1 DAGs
[2024-03-27T19:16:26.881+0000] {logging_mixin.py:120} INFO - [2024-03-27T19:16:26.881+0000] {dag.py:3340} INFO - Setting next_dagrun for example_xcom to 2021-01-01T00:00:00+00:00, run_after=2021-01-01T00:00:00+00:00
[2024-03-27T19:16:26.900+0000] {processor.py:176} INFO - Processing /home/airflow/.local/lib/python3.7/site-packages/airflow/example_dags/example_xcom.py took 0.163 seconds
[2024-03-27T19:16:51.301+0000] {processor.py:154} INFO - Started process (PID=70) to work on /home/airflow/.local/lib/python3.7/site-packages/airflow/example_dags/example_xcom.py
[2024-03-27T19:16:51.302+0000] {processor.py:756} INFO - Processing file /home/airflow/.local/lib/python3.7/site-packages/airflow/example_dags/example_xcom.py for tasks to queue
[2024-03-27T19:16:51.303+0000] {logging_mixin.py:120} INFO - [2024-03-27T19:16:51.303+0000] {dagbag.py:537} INFO - Filling up the DagBag from /home/airflow/.local/lib/python3.7/site-packages/airflow/example_dags/example_xcom.py
[2024-03-27T19:16:51.321+0000] {processor.py:766} INFO - DAG(s) dict_keys(['example_xcom']) retrieved from /home/airflow/.local/lib/python3.7/site-packages/airflow/example_dags/example_xcom.py
[2024-03-27T19:16:51.344+0000] {logging_mixin.py:120} INFO - [2024-03-27T19:16:51.344+0000] {dag.py:2585} INFO - Sync 1 DAGs
[2024-03-27T19:16:51.362+0000] {logging_mixin.py:120} INFO - [2024-03-27T19:16:51.362+0000] {dag.py:3340} INFO - Setting next_dagrun for example_xcom to 2021-01-01T00:00:00+00:00, run_after=2021-01-01T00:00:00+00:00
[2024-03-27T19:16:51.373+0000] {processor.py:176} INFO - Processing /home/airflow/.local/lib/python3.7/site-packages/airflow/example_dags/example_xcom.py took 0.074 seconds
[2024-03-27T19:17:29.447+0000] {processor.py:154} INFO - Started process (PID=128) to work on /home/airflow/.local/lib/python3.7/site-packages/airflow/example_dags/example_xcom.py
[2024-03-27T19:17:29.449+0000] {processor.py:756} INFO - Processing file /home/airflow/.local/lib/python3.7/site-packages/airflow/example_dags/example_xcom.py for tasks to queue
[2024-03-27T19:17:29.452+0000] {logging_mixin.py:120} INFO - [2024-03-27T19:17:29.452+0000] {dagbag.py:537} INFO - Filling up the DagBag from /home/airflow/.local/lib/python3.7/site-packages/airflow/example_dags/example_xcom.py
[2024-03-27T19:17:29.491+0000] {processor.py:766} INFO - DAG(s) dict_keys(['example_xcom']) retrieved from /home/airflow/.local/lib/python3.7/site-packages/airflow/example_dags/example_xcom.py
[2024-03-27T19:17:29.599+0000] {logging_mixin.py:120} INFO - [2024-03-27T19:17:29.599+0000] {dag.py:2585} INFO - Sync 1 DAGs
[2024-03-27T19:17:29.643+0000] {logging_mixin.py:120} INFO - [2024-03-27T19:17:29.643+0000] {dag.py:3340} INFO - Setting next_dagrun for example_xcom to 2021-01-01T00:00:00+00:00, run_after=2021-01-01T00:00:00+00:00
[2024-03-27T19:17:29.668+0000] {processor.py:176} INFO - Processing /home/airflow/.local/lib/python3.7/site-packages/airflow/example_dags/example_xcom.py took 0.226 seconds
[2024-03-27T19:18:20.641+0000] {processor.py:154} INFO - Started process (PID=71) to work on /home/airflow/.local/lib/python3.7/site-packages/airflow/example_dags/example_xcom.py
[2024-03-27T19:18:20.643+0000] {processor.py:756} INFO - Processing file /home/airflow/.local/lib/python3.7/site-packages/airflow/example_dags/example_xcom.py for tasks to queue
[2024-03-27T19:18:20.644+0000] {logging_mixin.py:120} INFO - [2024-03-27T19:18:20.644+0000] {dagbag.py:537} INFO - Filling up the DagBag from /home/airflow/.local/lib/python3.7/site-packages/airflow/example_dags/example_xcom.py
[2024-03-27T19:18:20.662+0000] {processor.py:766} INFO - DAG(s) dict_keys(['example_xcom']) retrieved from /home/airflow/.local/lib/python3.7/site-packages/airflow/example_dags/example_xcom.py
[2024-03-27T19:18:20.698+0000] {logging_mixin.py:120} INFO - [2024-03-27T19:18:20.698+0000] {dag.py:2585} INFO - Sync 1 DAGs
[2024-03-27T19:18:20.723+0000] {logging_mixin.py:120} INFO - [2024-03-27T19:18:20.723+0000] {dag.py:3340} INFO - Setting next_dagrun for example_xcom to 2021-01-01T00:00:00+00:00, run_after=2021-01-01T00:00:00+00:00
[2024-03-27T19:18:20.737+0000] {processor.py:176} INFO - Processing /home/airflow/.local/lib/python3.7/site-packages/airflow/example_dags/example_xcom.py took 0.099 seconds
[2024-03-27T19:18:51.631+0000] {processor.py:154} INFO - Started process (PID=129) to work on /home/airflow/.local/lib/python3.7/site-packages/airflow/example_dags/example_xcom.py
[2024-03-27T19:18:51.632+0000] {processor.py:756} INFO - Processing file /home/airflow/.local/lib/python3.7/site-packages/airflow/example_dags/example_xcom.py for tasks to queue
[2024-03-27T19:18:51.632+0000] {logging_mixin.py:120} INFO - [2024-03-27T19:18:51.632+0000] {dagbag.py:537} INFO - Filling up the DagBag from /home/airflow/.local/lib/python3.7/site-packages/airflow/example_dags/example_xcom.py
[2024-03-27T19:18:51.644+0000] {processor.py:766} INFO - DAG(s) dict_keys(['example_xcom']) retrieved from /home/airflow/.local/lib/python3.7/site-packages/airflow/example_dags/example_xcom.py
[2024-03-27T19:18:51.666+0000] {logging_mixin.py:120} INFO - [2024-03-27T19:18:51.666+0000] {dag.py:2585} INFO - Sync 1 DAGs
[2024-03-27T19:18:51.678+0000] {logging_mixin.py:120} INFO - [2024-03-27T19:18:51.678+0000] {dag.py:3340} INFO - Setting next_dagrun for example_xcom to 2021-01-01T00:00:00+00:00, run_after=2021-01-01T00:00:00+00:00
[2024-03-27T19:18:51.687+0000] {processor.py:176} INFO - Processing /home/airflow/.local/lib/python3.7/site-packages/airflow/example_dags/example_xcom.py took 0.058 seconds
[2024-03-27T19:19:41.653+0000] {processor.py:154} INFO - Started process (PID=71) to work on /home/airflow/.local/lib/python3.7/site-packages/airflow/example_dags/example_xcom.py
[2024-03-27T19:19:41.654+0000] {processor.py:756} INFO - Processing file /home/airflow/.local/lib/python3.7/site-packages/airflow/example_dags/example_xcom.py for tasks to queue
[2024-03-27T19:19:41.655+0000] {logging_mixin.py:120} INFO - [2024-03-27T19:19:41.655+0000] {dagbag.py:537} INFO - Filling up the DagBag from /home/airflow/.local/lib/python3.7/site-packages/airflow/example_dags/example_xcom.py
[2024-03-27T19:19:41.670+0000] {processor.py:766} INFO - DAG(s) dict_keys(['example_xcom']) retrieved from /home/airflow/.local/lib/python3.7/site-packages/airflow/example_dags/example_xcom.py
[2024-03-27T19:19:41.693+0000] {logging_mixin.py:120} INFO - [2024-03-27T19:19:41.693+0000] {dag.py:2585} INFO - Sync 1 DAGs
[2024-03-27T19:19:41.709+0000] {logging_mixin.py:120} INFO - [2024-03-27T19:19:41.709+0000] {dag.py:3340} INFO - Setting next_dagrun for example_xcom to 2021-01-01T00:00:00+00:00, run_after=2021-01-01T00:00:00+00:00
[2024-03-27T19:19:41.720+0000] {processor.py:176} INFO - Processing /home/airflow/.local/lib/python3.7/site-packages/airflow/example_dags/example_xcom.py took 0.069 seconds
[2024-03-27T19:20:22.866+0000] {processor.py:154} INFO - Started process (PID=130) to work on /home/airflow/.local/lib/python3.7/site-packages/airflow/example_dags/example_xcom.py
[2024-03-27T19:20:22.868+0000] {processor.py:756} INFO - Processing file /home/airflow/.local/lib/python3.7/site-packages/airflow/example_dags/example_xcom.py for tasks to queue
[2024-03-27T19:20:22.869+0000] {logging_mixin.py:120} INFO - [2024-03-27T19:20:22.868+0000] {dagbag.py:537} INFO - Filling up the DagBag from /home/airflow/.local/lib/python3.7/site-packages/airflow/example_dags/example_xcom.py
[2024-03-27T19:20:22.906+0000] {processor.py:766} INFO - DAG(s) dict_keys(['example_xcom']) retrieved from /home/airflow/.local/lib/python3.7/site-packages/airflow/example_dags/example_xcom.py
[2024-03-27T19:20:22.949+0000] {logging_mixin.py:120} INFO - [2024-03-27T19:20:22.949+0000] {dag.py:2585} INFO - Sync 1 DAGs
[2024-03-27T19:20:22.976+0000] {logging_mixin.py:120} INFO - [2024-03-27T19:20:22.975+0000] {dag.py:3340} INFO - Setting next_dagrun for example_xcom to 2021-01-01T00:00:00+00:00, run_after=2021-01-01T00:00:00+00:00
[2024-03-27T19:20:22.993+0000] {processor.py:176} INFO - Processing /home/airflow/.local/lib/python3.7/site-packages/airflow/example_dags/example_xcom.py took 0.138 seconds
[2024-03-27T19:21:24.176+0000] {processor.py:154} INFO - Started process (PID=70) to work on /home/airflow/.local/lib/python3.7/site-packages/airflow/example_dags/example_xcom.py
[2024-03-27T19:21:24.176+0000] {processor.py:756} INFO - Processing file /home/airflow/.local/lib/python3.7/site-packages/airflow/example_dags/example_xcom.py for tasks to queue
[2024-03-27T19:21:24.177+0000] {logging_mixin.py:120} INFO - [2024-03-27T19:21:24.177+0000] {dagbag.py:537} INFO - Filling up the DagBag from /home/airflow/.local/lib/python3.7/site-packages/airflow/example_dags/example_xcom.py
[2024-03-27T19:21:24.196+0000] {processor.py:766} INFO - DAG(s) dict_keys(['example_xcom']) retrieved from /home/airflow/.local/lib/python3.7/site-packages/airflow/example_dags/example_xcom.py
[2024-03-27T19:21:24.221+0000] {logging_mixin.py:120} INFO - [2024-03-27T19:21:24.221+0000] {dag.py:2585} INFO - Sync 1 DAGs
[2024-03-27T19:21:24.242+0000] {logging_mixin.py:120} INFO - [2024-03-27T19:21:24.242+0000] {dag.py:3340} INFO - Setting next_dagrun for example_xcom to 2021-01-01T00:00:00+00:00, run_after=2021-01-01T00:00:00+00:00
[2024-03-27T19:21:24.256+0000] {processor.py:176} INFO - Processing /home/airflow/.local/lib/python3.7/site-packages/airflow/example_dags/example_xcom.py took 0.083 seconds
[2024-03-27T19:21:55.018+0000] {processor.py:154} INFO - Started process (PID=129) to work on /home/airflow/.local/lib/python3.7/site-packages/airflow/example_dags/example_xcom.py
[2024-03-27T19:21:55.027+0000] {processor.py:756} INFO - Processing file /home/airflow/.local/lib/python3.7/site-packages/airflow/example_dags/example_xcom.py for tasks to queue
[2024-03-27T19:21:55.029+0000] {logging_mixin.py:120} INFO - [2024-03-27T19:21:55.029+0000] {dagbag.py:537} INFO - Filling up the DagBag from /home/airflow/.local/lib/python3.7/site-packages/airflow/example_dags/example_xcom.py
[2024-03-27T19:21:55.080+0000] {processor.py:766} INFO - DAG(s) dict_keys(['example_xcom']) retrieved from /home/airflow/.local/lib/python3.7/site-packages/airflow/example_dags/example_xcom.py
[2024-03-27T19:21:55.170+0000] {logging_mixin.py:120} INFO - [2024-03-27T19:21:55.168+0000] {dag.py:2585} INFO - Sync 1 DAGs
[2024-03-27T19:21:55.640+0000] {logging_mixin.py:120} INFO - [2024-03-27T19:21:55.617+0000] {dag.py:3340} INFO - Setting next_dagrun for example_xcom to 2021-01-01T00:00:00+00:00, run_after=2021-01-01T00:00:00+00:00
[2024-03-27T19:22:04.645+0000] {processor.py:176} INFO - Processing /home/airflow/.local/lib/python3.7/site-packages/airflow/example_dags/example_xcom.py took 9.640 seconds
[2024-03-27T19:22:31.399+0000] {processor.py:154} INFO - Started process (PID=61) to work on /home/airflow/.local/lib/python3.7/site-packages/airflow/example_dags/example_xcom.py
[2024-03-27T19:22:31.399+0000] {processor.py:756} INFO - Processing file /home/airflow/.local/lib/python3.7/site-packages/airflow/example_dags/example_xcom.py for tasks to queue
[2024-03-27T19:22:31.400+0000] {logging_mixin.py:120} INFO - [2024-03-27T19:22:31.400+0000] {dagbag.py:537} INFO - Filling up the DagBag from /home/airflow/.local/lib/python3.7/site-packages/airflow/example_dags/example_xcom.py
[2024-03-27T19:22:31.417+0000] {processor.py:766} INFO - DAG(s) dict_keys(['example_xcom']) retrieved from /home/airflow/.local/lib/python3.7/site-packages/airflow/example_dags/example_xcom.py
[2024-03-27T19:22:31.441+0000] {logging_mixin.py:120} INFO - [2024-03-27T19:22:31.441+0000] {dag.py:2585} INFO - Sync 1 DAGs
[2024-03-27T19:22:31.457+0000] {logging_mixin.py:120} INFO - [2024-03-27T19:22:31.457+0000] {dag.py:3340} INFO - Setting next_dagrun for example_xcom to 2021-01-01T00:00:00+00:00, run_after=2021-01-01T00:00:00+00:00
[2024-03-27T19:22:31.468+0000] {processor.py:176} INFO - Processing /home/airflow/.local/lib/python3.7/site-packages/airflow/example_dags/example_xcom.py took 0.072 seconds
[2024-03-27T19:23:01.811+0000] {processor.py:154} INFO - Started process (PID=129) to work on /home/airflow/.local/lib/python3.7/site-packages/airflow/example_dags/example_xcom.py
[2024-03-27T19:23:01.812+0000] {processor.py:756} INFO - Processing file /home/airflow/.local/lib/python3.7/site-packages/airflow/example_dags/example_xcom.py for tasks to queue
[2024-03-27T19:23:01.812+0000] {logging_mixin.py:120} INFO - [2024-03-27T19:23:01.812+0000] {dagbag.py:537} INFO - Filling up the DagBag from /home/airflow/.local/lib/python3.7/site-packages/airflow/example_dags/example_xcom.py
[2024-03-27T19:23:01.827+0000] {processor.py:766} INFO - DAG(s) dict_keys(['example_xcom']) retrieved from /home/airflow/.local/lib/python3.7/site-packages/airflow/example_dags/example_xcom.py
[2024-03-27T19:23:01.890+0000] {logging_mixin.py:120} INFO - [2024-03-27T19:23:01.890+0000] {dag.py:2585} INFO - Sync 1 DAGs
[2024-03-27T19:23:01.906+0000] {logging_mixin.py:120} INFO - [2024-03-27T19:23:01.906+0000] {dag.py:3340} INFO - Setting next_dagrun for example_xcom to 2021-01-01T00:00:00+00:00, run_after=2021-01-01T00:00:00+00:00
[2024-03-27T19:23:01.917+0000] {processor.py:176} INFO - Processing /home/airflow/.local/lib/python3.7/site-packages/airflow/example_dags/example_xcom.py took 0.108 seconds
[2024-03-27T19:24:28.613+0000] {processor.py:154} INFO - Started process (PID=188) to work on /home/airflow/.local/lib/python3.7/site-packages/airflow/example_dags/example_xcom.py
[2024-03-27T19:24:28.615+0000] {processor.py:756} INFO - Processing file /home/airflow/.local/lib/python3.7/site-packages/airflow/example_dags/example_xcom.py for tasks to queue
[2024-03-27T19:24:28.618+0000] {logging_mixin.py:120} INFO - [2024-03-27T19:24:28.617+0000] {dagbag.py:537} INFO - Filling up the DagBag from /home/airflow/.local/lib/python3.7/site-packages/airflow/example_dags/example_xcom.py
[2024-03-27T19:24:28.640+0000] {processor.py:766} INFO - DAG(s) dict_keys(['example_xcom']) retrieved from /home/airflow/.local/lib/python3.7/site-packages/airflow/example_dags/example_xcom.py
[2024-03-27T19:24:28.677+0000] {logging_mixin.py:120} INFO - [2024-03-27T19:24:28.676+0000] {dag.py:2585} INFO - Sync 1 DAGs
[2024-03-27T19:24:28.693+0000] {logging_mixin.py:120} INFO - [2024-03-27T19:24:28.693+0000] {dag.py:3340} INFO - Setting next_dagrun for example_xcom to 2021-01-01T00:00:00+00:00, run_after=2021-01-01T00:00:00+00:00
[2024-03-27T19:24:28.705+0000] {processor.py:176} INFO - Processing /home/airflow/.local/lib/python3.7/site-packages/airflow/example_dags/example_xcom.py took 0.095 seconds
[2024-03-27T19:24:54.767+0000] {processor.py:154} INFO - Started process (PID=61) to work on /home/airflow/.local/lib/python3.7/site-packages/airflow/example_dags/example_xcom.py
[2024-03-27T19:24:54.767+0000] {processor.py:756} INFO - Processing file /home/airflow/.local/lib/python3.7/site-packages/airflow/example_dags/example_xcom.py for tasks to queue
[2024-03-27T19:24:54.768+0000] {logging_mixin.py:120} INFO - [2024-03-27T19:24:54.768+0000] {dagbag.py:537} INFO - Filling up the DagBag from /home/airflow/.local/lib/python3.7/site-packages/airflow/example_dags/example_xcom.py
[2024-03-27T19:24:54.782+0000] {processor.py:766} INFO - DAG(s) dict_keys(['example_xcom']) retrieved from /home/airflow/.local/lib/python3.7/site-packages/airflow/example_dags/example_xcom.py
[2024-03-27T19:24:54.802+0000] {logging_mixin.py:120} INFO - [2024-03-27T19:24:54.802+0000] {dag.py:2585} INFO - Sync 1 DAGs
[2024-03-27T19:24:54.816+0000] {logging_mixin.py:120} INFO - [2024-03-27T19:24:54.816+0000] {dag.py:3340} INFO - Setting next_dagrun for example_xcom to 2021-01-01T00:00:00+00:00, run_after=2021-01-01T00:00:00+00:00
[2024-03-27T19:24:54.825+0000] {processor.py:176} INFO - Processing /home/airflow/.local/lib/python3.7/site-packages/airflow/example_dags/example_xcom.py took 0.060 seconds
[2024-03-27T19:25:24.958+0000] {processor.py:154} INFO - Started process (PID=128) to work on /home/airflow/.local/lib/python3.7/site-packages/airflow/example_dags/example_xcom.py
[2024-03-27T19:25:24.959+0000] {processor.py:756} INFO - Processing file /home/airflow/.local/lib/python3.7/site-packages/airflow/example_dags/example_xcom.py for tasks to queue
[2024-03-27T19:25:24.959+0000] {logging_mixin.py:120} INFO - [2024-03-27T19:25:24.959+0000] {dagbag.py:537} INFO - Filling up the DagBag from /home/airflow/.local/lib/python3.7/site-packages/airflow/example_dags/example_xcom.py
[2024-03-27T19:25:24.971+0000] {processor.py:766} INFO - DAG(s) dict_keys(['example_xcom']) retrieved from /home/airflow/.local/lib/python3.7/site-packages/airflow/example_dags/example_xcom.py
[2024-03-27T19:25:24.991+0000] {logging_mixin.py:120} INFO - [2024-03-27T19:25:24.991+0000] {dag.py:2585} INFO - Sync 1 DAGs
[2024-03-27T19:25:25.004+0000] {logging_mixin.py:120} INFO - [2024-03-27T19:25:25.003+0000] {dag.py:3340} INFO - Setting next_dagrun for example_xcom to 2021-01-01T00:00:00+00:00, run_after=2021-01-01T00:00:00+00:00
[2024-03-27T19:25:25.012+0000] {processor.py:176} INFO - Processing /home/airflow/.local/lib/python3.7/site-packages/airflow/example_dags/example_xcom.py took 0.056 seconds
[2024-03-27T19:25:55.569+0000] {processor.py:154} INFO - Started process (PID=197) to work on /home/airflow/.local/lib/python3.7/site-packages/airflow/example_dags/example_xcom.py
[2024-03-27T19:25:55.572+0000] {processor.py:756} INFO - Processing file /home/airflow/.local/lib/python3.7/site-packages/airflow/example_dags/example_xcom.py for tasks to queue
[2024-03-27T19:25:55.572+0000] {logging_mixin.py:120} INFO - [2024-03-27T19:25:55.572+0000] {dagbag.py:537} INFO - Filling up the DagBag from /home/airflow/.local/lib/python3.7/site-packages/airflow/example_dags/example_xcom.py
[2024-03-27T19:25:55.584+0000] {processor.py:766} INFO - DAG(s) dict_keys(['example_xcom']) retrieved from /home/airflow/.local/lib/python3.7/site-packages/airflow/example_dags/example_xcom.py
[2024-03-27T19:25:55.604+0000] {logging_mixin.py:120} INFO - [2024-03-27T19:25:55.603+0000] {dag.py:2585} INFO - Sync 1 DAGs
[2024-03-27T19:25:55.617+0000] {logging_mixin.py:120} INFO - [2024-03-27T19:25:55.617+0000] {dag.py:3340} INFO - Setting next_dagrun for example_xcom to 2021-01-01T00:00:00+00:00, run_after=2021-01-01T00:00:00+00:00
[2024-03-27T19:25:55.627+0000] {processor.py:176} INFO - Processing /home/airflow/.local/lib/python3.7/site-packages/airflow/example_dags/example_xcom.py took 0.060 seconds
[2024-03-27T19:26:25.896+0000] {processor.py:154} INFO - Started process (PID=265) to work on /home/airflow/.local/lib/python3.7/site-packages/airflow/example_dags/example_xcom.py
[2024-03-27T19:26:25.897+0000] {processor.py:756} INFO - Processing file /home/airflow/.local/lib/python3.7/site-packages/airflow/example_dags/example_xcom.py for tasks to queue
[2024-03-27T19:26:25.897+0000] {logging_mixin.py:120} INFO - [2024-03-27T19:26:25.897+0000] {dagbag.py:537} INFO - Filling up the DagBag from /home/airflow/.local/lib/python3.7/site-packages/airflow/example_dags/example_xcom.py
[2024-03-27T19:26:25.910+0000] {processor.py:766} INFO - DAG(s) dict_keys(['example_xcom']) retrieved from /home/airflow/.local/lib/python3.7/site-packages/airflow/example_dags/example_xcom.py
[2024-03-27T19:26:25.937+0000] {logging_mixin.py:120} INFO - [2024-03-27T19:26:25.937+0000] {dag.py:2585} INFO - Sync 1 DAGs
[2024-03-27T19:26:25.954+0000] {logging_mixin.py:120} INFO - [2024-03-27T19:26:25.954+0000] {dag.py:3340} INFO - Setting next_dagrun for example_xcom to 2021-01-01T00:00:00+00:00, run_after=2021-01-01T00:00:00+00:00
[2024-03-27T19:26:25.965+0000] {processor.py:176} INFO - Processing /home/airflow/.local/lib/python3.7/site-packages/airflow/example_dags/example_xcom.py took 0.071 seconds
[2024-03-27T19:26:57.461+0000] {processor.py:154} INFO - Started process (PID=62) to work on /home/airflow/.local/lib/python3.7/site-packages/airflow/example_dags/example_xcom.py
[2024-03-27T19:26:57.462+0000] {processor.py:756} INFO - Processing file /home/airflow/.local/lib/python3.7/site-packages/airflow/example_dags/example_xcom.py for tasks to queue
[2024-03-27T19:26:57.462+0000] {logging_mixin.py:120} INFO - [2024-03-27T19:26:57.462+0000] {dagbag.py:537} INFO - Filling up the DagBag from /home/airflow/.local/lib/python3.7/site-packages/airflow/example_dags/example_xcom.py
[2024-03-27T19:26:57.476+0000] {processor.py:766} INFO - DAG(s) dict_keys(['example_xcom']) retrieved from /home/airflow/.local/lib/python3.7/site-packages/airflow/example_dags/example_xcom.py
[2024-03-27T19:26:57.495+0000] {logging_mixin.py:120} INFO - [2024-03-27T19:26:57.495+0000] {dag.py:2585} INFO - Sync 1 DAGs
[2024-03-27T19:26:57.512+0000] {logging_mixin.py:120} INFO - [2024-03-27T19:26:57.511+0000] {dag.py:3340} INFO - Setting next_dagrun for example_xcom to 2021-01-01T00:00:00+00:00, run_after=2021-01-01T00:00:00+00:00
[2024-03-27T19:26:57.520+0000] {processor.py:176} INFO - Processing /home/airflow/.local/lib/python3.7/site-packages/airflow/example_dags/example_xcom.py took 0.061 seconds
[2024-03-27T19:27:27.801+0000] {processor.py:154} INFO - Started process (PID=129) to work on /home/airflow/.local/lib/python3.7/site-packages/airflow/example_dags/example_xcom.py
[2024-03-27T19:27:27.802+0000] {processor.py:756} INFO - Processing file /home/airflow/.local/lib/python3.7/site-packages/airflow/example_dags/example_xcom.py for tasks to queue
[2024-03-27T19:27:27.802+0000] {logging_mixin.py:120} INFO - [2024-03-27T19:27:27.802+0000] {dagbag.py:537} INFO - Filling up the DagBag from /home/airflow/.local/lib/python3.7/site-packages/airflow/example_dags/example_xcom.py
[2024-03-27T19:27:27.815+0000] {processor.py:766} INFO - DAG(s) dict_keys(['example_xcom']) retrieved from /home/airflow/.local/lib/python3.7/site-packages/airflow/example_dags/example_xcom.py
[2024-03-27T19:27:27.840+0000] {logging_mixin.py:120} INFO - [2024-03-27T19:27:27.840+0000] {dag.py:2585} INFO - Sync 1 DAGs
[2024-03-27T19:27:27.853+0000] {logging_mixin.py:120} INFO - [2024-03-27T19:27:27.853+0000] {dag.py:3340} INFO - Setting next_dagrun for example_xcom to 2021-01-01T00:00:00+00:00, run_after=2021-01-01T00:00:00+00:00
[2024-03-27T19:27:27.863+0000] {processor.py:176} INFO - Processing /home/airflow/.local/lib/python3.7/site-packages/airflow/example_dags/example_xcom.py took 0.064 seconds
[2024-03-27T19:28:31.591+0000] {processor.py:154} INFO - Started process (PID=244) to work on /home/airflow/.local/lib/python3.7/site-packages/airflow/example_dags/example_xcom.py
[2024-03-27T19:28:31.592+0000] {processor.py:756} INFO - Processing file /home/airflow/.local/lib/python3.7/site-packages/airflow/example_dags/example_xcom.py for tasks to queue
[2024-03-27T19:28:31.593+0000] {logging_mixin.py:120} INFO - [2024-03-27T19:28:31.593+0000] {dagbag.py:537} INFO - Filling up the DagBag from /home/airflow/.local/lib/python3.7/site-packages/airflow/example_dags/example_xcom.py
[2024-03-27T19:28:31.639+0000] {processor.py:766} INFO - DAG(s) dict_keys(['example_xcom']) retrieved from /home/airflow/.local/lib/python3.7/site-packages/airflow/example_dags/example_xcom.py
[2024-03-27T19:28:31.718+0000] {logging_mixin.py:120} INFO - [2024-03-27T19:28:31.716+0000] {dag.py:2585} INFO - Sync 1 DAGs
[2024-03-27T19:28:31.795+0000] {logging_mixin.py:120} INFO - [2024-03-27T19:28:31.794+0000] {dag.py:3340} INFO - Setting next_dagrun for example_xcom to None, run_after=None
[2024-03-27T19:28:31.850+0000] {processor.py:176} INFO - Processing /home/airflow/.local/lib/python3.7/site-packages/airflow/example_dags/example_xcom.py took 0.275 seconds
[2024-03-27T19:29:06.441+0000] {processor.py:154} INFO - Started process (PID=306) to work on /home/airflow/.local/lib/python3.7/site-packages/airflow/example_dags/example_xcom.py
[2024-03-27T19:29:06.447+0000] {processor.py:756} INFO - Processing file /home/airflow/.local/lib/python3.7/site-packages/airflow/example_dags/example_xcom.py for tasks to queue
[2024-03-27T19:29:06.447+0000] {logging_mixin.py:120} INFO - [2024-03-27T19:29:06.447+0000] {dagbag.py:537} INFO - Filling up the DagBag from /home/airflow/.local/lib/python3.7/site-packages/airflow/example_dags/example_xcom.py
[2024-03-27T19:29:06.514+0000] {processor.py:766} INFO - DAG(s) dict_keys(['example_xcom']) retrieved from /home/airflow/.local/lib/python3.7/site-packages/airflow/example_dags/example_xcom.py
[2024-03-27T19:29:06.617+0000] {logging_mixin.py:120} INFO - [2024-03-27T19:29:06.617+0000] {dag.py:2585} INFO - Sync 1 DAGs
[2024-03-27T19:29:06.672+0000] {logging_mixin.py:120} INFO - [2024-03-27T19:29:06.672+0000] {dag.py:3340} INFO - Setting next_dagrun for example_xcom to None, run_after=None
[2024-03-27T19:29:06.701+0000] {processor.py:176} INFO - Processing /home/airflow/.local/lib/python3.7/site-packages/airflow/example_dags/example_xcom.py took 0.262 seconds
[2024-03-27T19:29:55.207+0000] {processor.py:154} INFO - Started process (PID=377) to work on /home/airflow/.local/lib/python3.7/site-packages/airflow/example_dags/example_xcom.py
[2024-03-27T19:29:55.211+0000] {processor.py:756} INFO - Processing file /home/airflow/.local/lib/python3.7/site-packages/airflow/example_dags/example_xcom.py for tasks to queue
[2024-03-27T19:29:55.212+0000] {logging_mixin.py:120} INFO - [2024-03-27T19:29:55.212+0000] {dagbag.py:537} INFO - Filling up the DagBag from /home/airflow/.local/lib/python3.7/site-packages/airflow/example_dags/example_xcom.py
[2024-03-27T19:29:55.286+0000] {processor.py:766} INFO - DAG(s) dict_keys(['example_xcom']) retrieved from /home/airflow/.local/lib/python3.7/site-packages/airflow/example_dags/example_xcom.py
[2024-03-27T19:29:55.349+0000] {logging_mixin.py:120} INFO - [2024-03-27T19:29:55.349+0000] {dag.py:2585} INFO - Sync 1 DAGs
[2024-03-27T19:29:55.374+0000] {logging_mixin.py:120} INFO - [2024-03-27T19:29:55.374+0000] {dag.py:3340} INFO - Setting next_dagrun for example_xcom to None, run_after=None
[2024-03-27T19:29:55.395+0000] {processor.py:176} INFO - Processing /home/airflow/.local/lib/python3.7/site-packages/airflow/example_dags/example_xcom.py took 0.201 seconds
[2024-03-27T19:30:28.402+0000] {processor.py:154} INFO - Started process (PID=434) to work on /home/airflow/.local/lib/python3.7/site-packages/airflow/example_dags/example_xcom.py
[2024-03-27T19:30:28.405+0000] {processor.py:756} INFO - Processing file /home/airflow/.local/lib/python3.7/site-packages/airflow/example_dags/example_xcom.py for tasks to queue
[2024-03-27T19:30:28.410+0000] {logging_mixin.py:120} INFO - [2024-03-27T19:30:28.410+0000] {dagbag.py:537} INFO - Filling up the DagBag from /home/airflow/.local/lib/python3.7/site-packages/airflow/example_dags/example_xcom.py
[2024-03-27T19:30:28.450+0000] {processor.py:766} INFO - DAG(s) dict_keys(['example_xcom']) retrieved from /home/airflow/.local/lib/python3.7/site-packages/airflow/example_dags/example_xcom.py
[2024-03-27T19:30:28.526+0000] {logging_mixin.py:120} INFO - [2024-03-27T19:30:28.526+0000] {dag.py:2585} INFO - Sync 1 DAGs
[2024-03-27T19:30:28.567+0000] {logging_mixin.py:120} INFO - [2024-03-27T19:30:28.567+0000] {dag.py:3340} INFO - Setting next_dagrun for example_xcom to None, run_after=None
[2024-03-27T19:30:28.596+0000] {processor.py:176} INFO - Processing /home/airflow/.local/lib/python3.7/site-packages/airflow/example_dags/example_xcom.py took 0.197 seconds
[2024-03-27T19:31:21.468+0000] {processor.py:154} INFO - Started process (PID=495) to work on /home/airflow/.local/lib/python3.7/site-packages/airflow/example_dags/example_xcom.py
[2024-03-27T19:31:21.470+0000] {processor.py:756} INFO - Processing file /home/airflow/.local/lib/python3.7/site-packages/airflow/example_dags/example_xcom.py for tasks to queue
[2024-03-27T19:31:21.471+0000] {logging_mixin.py:120} INFO - [2024-03-27T19:31:21.471+0000] {dagbag.py:537} INFO - Filling up the DagBag from /home/airflow/.local/lib/python3.7/site-packages/airflow/example_dags/example_xcom.py
[2024-03-27T19:31:21.565+0000] {processor.py:766} INFO - DAG(s) dict_keys(['example_xcom']) retrieved from /home/airflow/.local/lib/python3.7/site-packages/airflow/example_dags/example_xcom.py
[2024-03-27T19:31:21.707+0000] {logging_mixin.py:120} INFO - [2024-03-27T19:31:21.707+0000] {dag.py:2585} INFO - Sync 1 DAGs
[2024-03-27T19:31:21.792+0000] {logging_mixin.py:120} INFO - [2024-03-27T19:31:21.791+0000] {dag.py:3340} INFO - Setting next_dagrun for example_xcom to None, run_after=None
[2024-03-27T19:31:21.865+0000] {processor.py:176} INFO - Processing /home/airflow/.local/lib/python3.7/site-packages/airflow/example_dags/example_xcom.py took 0.398 seconds
[2024-03-27T19:32:01.312+0000] {processor.py:154} INFO - Started process (PID=548) to work on /home/airflow/.local/lib/python3.7/site-packages/airflow/example_dags/example_xcom.py
[2024-03-27T19:32:01.314+0000] {processor.py:756} INFO - Processing file /home/airflow/.local/lib/python3.7/site-packages/airflow/example_dags/example_xcom.py for tasks to queue
[2024-03-27T19:32:01.316+0000] {logging_mixin.py:120} INFO - [2024-03-27T19:32:01.315+0000] {dagbag.py:537} INFO - Filling up the DagBag from /home/airflow/.local/lib/python3.7/site-packages/airflow/example_dags/example_xcom.py
[2024-03-27T19:32:01.339+0000] {processor.py:766} INFO - DAG(s) dict_keys(['example_xcom']) retrieved from /home/airflow/.local/lib/python3.7/site-packages/airflow/example_dags/example_xcom.py
[2024-03-27T19:32:01.394+0000] {logging_mixin.py:120} INFO - [2024-03-27T19:32:01.394+0000] {dag.py:2585} INFO - Sync 1 DAGs
[2024-03-27T19:32:01.427+0000] {logging_mixin.py:120} INFO - [2024-03-27T19:32:01.427+0000] {dag.py:3340} INFO - Setting next_dagrun for example_xcom to None, run_after=None
[2024-03-27T19:32:01.451+0000] {processor.py:176} INFO - Processing /home/airflow/.local/lib/python3.7/site-packages/airflow/example_dags/example_xcom.py took 0.142 seconds
[2024-03-27T19:32:53.565+0000] {processor.py:154} INFO - Started process (PID=633) to work on /home/airflow/.local/lib/python3.7/site-packages/airflow/example_dags/example_xcom.py
[2024-03-27T19:32:53.567+0000] {processor.py:756} INFO - Processing file /home/airflow/.local/lib/python3.7/site-packages/airflow/example_dags/example_xcom.py for tasks to queue
[2024-03-27T19:32:53.568+0000] {logging_mixin.py:120} INFO - [2024-03-27T19:32:53.568+0000] {dagbag.py:537} INFO - Filling up the DagBag from /home/airflow/.local/lib/python3.7/site-packages/airflow/example_dags/example_xcom.py
[2024-03-27T19:32:53.595+0000] {processor.py:766} INFO - DAG(s) dict_keys(['example_xcom']) retrieved from /home/airflow/.local/lib/python3.7/site-packages/airflow/example_dags/example_xcom.py
[2024-03-27T19:32:53.647+0000] {logging_mixin.py:120} INFO - [2024-03-27T19:32:53.647+0000] {dag.py:2585} INFO - Sync 1 DAGs
[2024-03-27T19:32:53.684+0000] {logging_mixin.py:120} INFO - [2024-03-27T19:32:53.684+0000] {dag.py:3340} INFO - Setting next_dagrun for example_xcom to None, run_after=None
[2024-03-27T19:32:53.715+0000] {processor.py:176} INFO - Processing /home/airflow/.local/lib/python3.7/site-packages/airflow/example_dags/example_xcom.py took 0.154 seconds
[2024-03-27T19:33:23.811+0000] {processor.py:154} INFO - Started process (PID=686) to work on /home/airflow/.local/lib/python3.7/site-packages/airflow/example_dags/example_xcom.py
[2024-03-27T19:33:23.812+0000] {processor.py:756} INFO - Processing file /home/airflow/.local/lib/python3.7/site-packages/airflow/example_dags/example_xcom.py for tasks to queue
[2024-03-27T19:33:23.813+0000] {logging_mixin.py:120} INFO - [2024-03-27T19:33:23.813+0000] {dagbag.py:537} INFO - Filling up the DagBag from /home/airflow/.local/lib/python3.7/site-packages/airflow/example_dags/example_xcom.py
[2024-03-27T19:33:23.836+0000] {processor.py:766} INFO - DAG(s) dict_keys(['example_xcom']) retrieved from /home/airflow/.local/lib/python3.7/site-packages/airflow/example_dags/example_xcom.py
[2024-03-27T19:33:23.875+0000] {logging_mixin.py:120} INFO - [2024-03-27T19:33:23.875+0000] {dag.py:2585} INFO - Sync 1 DAGs
[2024-03-27T19:33:23.895+0000] {logging_mixin.py:120} INFO - [2024-03-27T19:33:23.895+0000] {dag.py:3340} INFO - Setting next_dagrun for example_xcom to None, run_after=None
[2024-03-27T19:33:23.909+0000] {processor.py:176} INFO - Processing /home/airflow/.local/lib/python3.7/site-packages/airflow/example_dags/example_xcom.py took 0.101 seconds
[2024-03-27T19:34:12.876+0000] {processor.py:154} INFO - Started process (PID=757) to work on /home/airflow/.local/lib/python3.7/site-packages/airflow/example_dags/example_xcom.py
[2024-03-27T19:34:12.878+0000] {processor.py:756} INFO - Processing file /home/airflow/.local/lib/python3.7/site-packages/airflow/example_dags/example_xcom.py for tasks to queue
[2024-03-27T19:34:12.878+0000] {logging_mixin.py:120} INFO - [2024-03-27T19:34:12.878+0000] {dagbag.py:537} INFO - Filling up the DagBag from /home/airflow/.local/lib/python3.7/site-packages/airflow/example_dags/example_xcom.py
[2024-03-27T19:34:12.907+0000] {processor.py:766} INFO - DAG(s) dict_keys(['example_xcom']) retrieved from /home/airflow/.local/lib/python3.7/site-packages/airflow/example_dags/example_xcom.py
[2024-03-27T19:34:12.955+0000] {logging_mixin.py:120} INFO - [2024-03-27T19:34:12.955+0000] {dag.py:2585} INFO - Sync 1 DAGs
[2024-03-27T19:34:12.988+0000] {logging_mixin.py:120} INFO - [2024-03-27T19:34:12.987+0000] {dag.py:3340} INFO - Setting next_dagrun for example_xcom to None, run_after=None
[2024-03-27T19:34:13.009+0000] {processor.py:176} INFO - Processing /home/airflow/.local/lib/python3.7/site-packages/airflow/example_dags/example_xcom.py took 0.137 seconds
[2024-03-27T19:34:45.286+0000] {processor.py:154} INFO - Started process (PID=819) to work on /home/airflow/.local/lib/python3.7/site-packages/airflow/example_dags/example_xcom.py
[2024-03-27T19:34:45.292+0000] {processor.py:756} INFO - Processing file /home/airflow/.local/lib/python3.7/site-packages/airflow/example_dags/example_xcom.py for tasks to queue
[2024-03-27T19:34:45.292+0000] {logging_mixin.py:120} INFO - [2024-03-27T19:34:45.292+0000] {dagbag.py:537} INFO - Filling up the DagBag from /home/airflow/.local/lib/python3.7/site-packages/airflow/example_dags/example_xcom.py
[2024-03-27T19:34:45.335+0000] {processor.py:766} INFO - DAG(s) dict_keys(['example_xcom']) retrieved from /home/airflow/.local/lib/python3.7/site-packages/airflow/example_dags/example_xcom.py
[2024-03-27T19:34:45.451+0000] {logging_mixin.py:120} INFO - [2024-03-27T19:34:45.450+0000] {dag.py:2585} INFO - Sync 1 DAGs
[2024-03-27T19:34:45.491+0000] {logging_mixin.py:120} INFO - [2024-03-27T19:34:45.491+0000] {dag.py:3340} INFO - Setting next_dagrun for example_xcom to None, run_after=None
[2024-03-27T19:34:45.527+0000] {processor.py:176} INFO - Processing /home/airflow/.local/lib/python3.7/site-packages/airflow/example_dags/example_xcom.py took 0.256 seconds
[2024-03-27T19:35:20.222+0000] {processor.py:154} INFO - Started process (PID=869) to work on /home/airflow/.local/lib/python3.7/site-packages/airflow/example_dags/example_xcom.py
[2024-03-27T19:35:20.224+0000] {processor.py:756} INFO - Processing file /home/airflow/.local/lib/python3.7/site-packages/airflow/example_dags/example_xcom.py for tasks to queue
[2024-03-27T19:35:20.224+0000] {logging_mixin.py:120} INFO - [2024-03-27T19:35:20.224+0000] {dagbag.py:537} INFO - Filling up the DagBag from /home/airflow/.local/lib/python3.7/site-packages/airflow/example_dags/example_xcom.py
[2024-03-27T19:35:20.241+0000] {processor.py:766} INFO - DAG(s) dict_keys(['example_xcom']) retrieved from /home/airflow/.local/lib/python3.7/site-packages/airflow/example_dags/example_xcom.py
[2024-03-27T19:35:20.270+0000] {logging_mixin.py:120} INFO - [2024-03-27T19:35:20.270+0000] {dag.py:2585} INFO - Sync 1 DAGs
[2024-03-27T19:35:20.288+0000] {logging_mixin.py:120} INFO - [2024-03-27T19:35:20.288+0000] {dag.py:3340} INFO - Setting next_dagrun for example_xcom to None, run_after=None
[2024-03-27T19:35:20.313+0000] {processor.py:176} INFO - Processing /home/airflow/.local/lib/python3.7/site-packages/airflow/example_dags/example_xcom.py took 0.094 seconds
[2024-03-27T19:36:16.293+0000] {processor.py:154} INFO - Started process (PID=936) to work on /home/airflow/.local/lib/python3.7/site-packages/airflow/example_dags/example_xcom.py
[2024-03-27T19:36:16.296+0000] {processor.py:756} INFO - Processing file /home/airflow/.local/lib/python3.7/site-packages/airflow/example_dags/example_xcom.py for tasks to queue
[2024-03-27T19:36:16.297+0000] {logging_mixin.py:120} INFO - [2024-03-27T19:36:16.297+0000] {dagbag.py:537} INFO - Filling up the DagBag from /home/airflow/.local/lib/python3.7/site-packages/airflow/example_dags/example_xcom.py
[2024-03-27T19:36:16.331+0000] {processor.py:766} INFO - DAG(s) dict_keys(['example_xcom']) retrieved from /home/airflow/.local/lib/python3.7/site-packages/airflow/example_dags/example_xcom.py
[2024-03-27T19:36:16.364+0000] {logging_mixin.py:120} INFO - [2024-03-27T19:36:16.364+0000] {dag.py:2585} INFO - Sync 1 DAGs
[2024-03-27T19:36:16.386+0000] {logging_mixin.py:120} INFO - [2024-03-27T19:36:16.386+0000] {dag.py:3340} INFO - Setting next_dagrun for example_xcom to None, run_after=None
[2024-03-27T19:36:16.400+0000] {processor.py:176} INFO - Processing /home/airflow/.local/lib/python3.7/site-packages/airflow/example_dags/example_xcom.py took 0.110 seconds
[2024-03-27T19:37:14.596+0000] {processor.py:154} INFO - Started process (PID=70) to work on /home/airflow/.local/lib/python3.7/site-packages/airflow/example_dags/example_xcom.py
[2024-03-27T19:37:14.598+0000] {processor.py:756} INFO - Processing file /home/airflow/.local/lib/python3.7/site-packages/airflow/example_dags/example_xcom.py for tasks to queue
[2024-03-27T19:37:14.599+0000] {logging_mixin.py:120} INFO - [2024-03-27T19:37:14.599+0000] {dagbag.py:537} INFO - Filling up the DagBag from /home/airflow/.local/lib/python3.7/site-packages/airflow/example_dags/example_xcom.py
[2024-03-27T19:37:14.649+0000] {processor.py:766} INFO - DAG(s) dict_keys(['example_xcom']) retrieved from /home/airflow/.local/lib/python3.7/site-packages/airflow/example_dags/example_xcom.py
[2024-03-27T19:37:14.711+0000] {logging_mixin.py:120} INFO - [2024-03-27T19:37:14.711+0000] {dag.py:2585} INFO - Sync 1 DAGs
[2024-03-27T19:37:14.753+0000] {logging_mixin.py:120} INFO - [2024-03-27T19:37:14.753+0000] {dag.py:3340} INFO - Setting next_dagrun for example_xcom to None, run_after=None
[2024-03-27T19:37:14.786+0000] {processor.py:176} INFO - Processing /home/airflow/.local/lib/python3.7/site-packages/airflow/example_dags/example_xcom.py took 0.197 seconds
[2024-03-27T19:37:45.636+0000] {processor.py:154} INFO - Started process (PID=130) to work on /home/airflow/.local/lib/python3.7/site-packages/airflow/example_dags/example_xcom.py
[2024-03-27T19:37:45.640+0000] {processor.py:756} INFO - Processing file /home/airflow/.local/lib/python3.7/site-packages/airflow/example_dags/example_xcom.py for tasks to queue
[2024-03-27T19:37:45.642+0000] {logging_mixin.py:120} INFO - [2024-03-27T19:37:45.642+0000] {dagbag.py:537} INFO - Filling up the DagBag from /home/airflow/.local/lib/python3.7/site-packages/airflow/example_dags/example_xcom.py
[2024-03-27T19:37:45.702+0000] {processor.py:766} INFO - DAG(s) dict_keys(['example_xcom']) retrieved from /home/airflow/.local/lib/python3.7/site-packages/airflow/example_dags/example_xcom.py
[2024-03-27T19:37:45.837+0000] {logging_mixin.py:120} INFO - [2024-03-27T19:37:45.836+0000] {dag.py:2585} INFO - Sync 1 DAGs
[2024-03-27T19:37:45.870+0000] {logging_mixin.py:120} INFO - [2024-03-27T19:37:45.870+0000] {dag.py:3340} INFO - Setting next_dagrun for example_xcom to None, run_after=None
[2024-03-27T19:37:45.896+0000] {processor.py:176} INFO - Processing /home/airflow/.local/lib/python3.7/site-packages/airflow/example_dags/example_xcom.py took 0.271 seconds
[2024-03-27T19:38:28.253+0000] {processor.py:154} INFO - Started process (PID=70) to work on /home/airflow/.local/lib/python3.7/site-packages/airflow/example_dags/example_xcom.py
[2024-03-27T19:38:28.254+0000] {processor.py:756} INFO - Processing file /home/airflow/.local/lib/python3.7/site-packages/airflow/example_dags/example_xcom.py for tasks to queue
[2024-03-27T19:38:28.255+0000] {logging_mixin.py:120} INFO - [2024-03-27T19:38:28.255+0000] {dagbag.py:537} INFO - Filling up the DagBag from /home/airflow/.local/lib/python3.7/site-packages/airflow/example_dags/example_xcom.py
[2024-03-27T19:38:28.289+0000] {processor.py:766} INFO - DAG(s) dict_keys(['example_xcom']) retrieved from /home/airflow/.local/lib/python3.7/site-packages/airflow/example_dags/example_xcom.py
[2024-03-27T19:38:28.399+0000] {logging_mixin.py:120} INFO - [2024-03-27T19:38:28.399+0000] {dag.py:2585} INFO - Sync 1 DAGs
[2024-03-27T19:38:28.439+0000] {logging_mixin.py:120} INFO - [2024-03-27T19:38:28.439+0000] {dag.py:3340} INFO - Setting next_dagrun for example_xcom to None, run_after=None
[2024-03-27T19:38:28.470+0000] {processor.py:176} INFO - Processing /home/airflow/.local/lib/python3.7/site-packages/airflow/example_dags/example_xcom.py took 0.220 seconds
[2024-03-27T19:39:52.509+0000] {processor.py:154} INFO - Started process (PID=80) to work on /home/airflow/.local/lib/python3.7/site-packages/airflow/example_dags/example_xcom.py
[2024-03-27T19:39:52.511+0000] {processor.py:756} INFO - Processing file /home/airflow/.local/lib/python3.7/site-packages/airflow/example_dags/example_xcom.py for tasks to queue
[2024-03-27T19:39:52.516+0000] {logging_mixin.py:120} INFO - [2024-03-27T19:39:52.516+0000] {dagbag.py:537} INFO - Filling up the DagBag from /home/airflow/.local/lib/python3.7/site-packages/airflow/example_dags/example_xcom.py
[2024-03-27T19:39:52.543+0000] {processor.py:766} INFO - DAG(s) dict_keys(['example_xcom']) retrieved from /home/airflow/.local/lib/python3.7/site-packages/airflow/example_dags/example_xcom.py
[2024-03-27T19:39:52.575+0000] {logging_mixin.py:120} INFO - [2024-03-27T19:39:52.574+0000] {dag.py:2585} INFO - Sync 1 DAGs
[2024-03-27T19:39:52.607+0000] {logging_mixin.py:120} INFO - [2024-03-27T19:39:52.606+0000] {dag.py:3340} INFO - Setting next_dagrun for example_xcom to None, run_after=None
[2024-03-27T19:39:52.630+0000] {processor.py:176} INFO - Processing /home/airflow/.local/lib/python3.7/site-packages/airflow/example_dags/example_xcom.py took 0.127 seconds
[2024-03-27T19:40:32.517+0000] {processor.py:154} INFO - Started process (PID=138) to work on /home/airflow/.local/lib/python3.7/site-packages/airflow/example_dags/example_xcom.py
[2024-03-27T19:40:32.522+0000] {processor.py:756} INFO - Processing file /home/airflow/.local/lib/python3.7/site-packages/airflow/example_dags/example_xcom.py for tasks to queue
[2024-03-27T19:40:32.522+0000] {logging_mixin.py:120} INFO - [2024-03-27T19:40:32.522+0000] {dagbag.py:537} INFO - Filling up the DagBag from /home/airflow/.local/lib/python3.7/site-packages/airflow/example_dags/example_xcom.py
[2024-03-27T19:40:32.558+0000] {processor.py:766} INFO - DAG(s) dict_keys(['example_xcom']) retrieved from /home/airflow/.local/lib/python3.7/site-packages/airflow/example_dags/example_xcom.py
[2024-03-27T19:40:32.632+0000] {logging_mixin.py:120} INFO - [2024-03-27T19:40:32.632+0000] {dag.py:2585} INFO - Sync 1 DAGs
[2024-03-27T19:40:32.682+0000] {logging_mixin.py:120} INFO - [2024-03-27T19:40:32.682+0000] {dag.py:3340} INFO - Setting next_dagrun for example_xcom to None, run_after=None
[2024-03-27T19:40:32.728+0000] {processor.py:176} INFO - Processing /home/airflow/.local/lib/python3.7/site-packages/airflow/example_dags/example_xcom.py took 0.220 seconds
[2024-03-27T19:41:08.804+0000] {processor.py:154} INFO - Started process (PID=189) to work on /home/airflow/.local/lib/python3.7/site-packages/airflow/example_dags/example_xcom.py
[2024-03-27T19:41:08.807+0000] {processor.py:756} INFO - Processing file /home/airflow/.local/lib/python3.7/site-packages/airflow/example_dags/example_xcom.py for tasks to queue
[2024-03-27T19:41:08.808+0000] {logging_mixin.py:120} INFO - [2024-03-27T19:41:08.807+0000] {dagbag.py:537} INFO - Filling up the DagBag from /home/airflow/.local/lib/python3.7/site-packages/airflow/example_dags/example_xcom.py
[2024-03-27T19:41:08.841+0000] {processor.py:766} INFO - DAG(s) dict_keys(['example_xcom']) retrieved from /home/airflow/.local/lib/python3.7/site-packages/airflow/example_dags/example_xcom.py
[2024-03-27T19:41:08.903+0000] {logging_mixin.py:120} INFO - [2024-03-27T19:41:08.903+0000] {dag.py:2585} INFO - Sync 1 DAGs
[2024-03-27T19:41:08.935+0000] {logging_mixin.py:120} INFO - [2024-03-27T19:41:08.935+0000] {dag.py:3340} INFO - Setting next_dagrun for example_xcom to None, run_after=None
[2024-03-27T19:41:08.955+0000] {processor.py:176} INFO - Processing /home/airflow/.local/lib/python3.7/site-packages/airflow/example_dags/example_xcom.py took 0.156 seconds
[2024-03-27T19:41:40.133+0000] {processor.py:154} INFO - Started process (PID=70) to work on /home/airflow/.local/lib/python3.7/site-packages/airflow/example_dags/example_xcom.py
[2024-03-27T19:41:40.134+0000] {processor.py:756} INFO - Processing file /home/airflow/.local/lib/python3.7/site-packages/airflow/example_dags/example_xcom.py for tasks to queue
[2024-03-27T19:41:40.134+0000] {logging_mixin.py:120} INFO - [2024-03-27T19:41:40.134+0000] {dagbag.py:537} INFO - Filling up the DagBag from /home/airflow/.local/lib/python3.7/site-packages/airflow/example_dags/example_xcom.py
[2024-03-27T19:41:40.152+0000] {processor.py:766} INFO - DAG(s) dict_keys(['example_xcom']) retrieved from /home/airflow/.local/lib/python3.7/site-packages/airflow/example_dags/example_xcom.py
[2024-03-27T19:41:40.178+0000] {logging_mixin.py:120} INFO - [2024-03-27T19:41:40.178+0000] {dag.py:2585} INFO - Sync 1 DAGs
[2024-03-27T19:41:40.197+0000] {logging_mixin.py:120} INFO - [2024-03-27T19:41:40.196+0000] {dag.py:3340} INFO - Setting next_dagrun for example_xcom to None, run_after=None
[2024-03-27T19:41:40.212+0000] {processor.py:176} INFO - Processing /home/airflow/.local/lib/python3.7/site-packages/airflow/example_dags/example_xcom.py took 0.081 seconds
[2024-03-27T19:42:11.513+0000] {processor.py:154} INFO - Started process (PID=120) to work on /home/airflow/.local/lib/python3.7/site-packages/airflow/example_dags/example_xcom.py
[2024-03-27T19:42:11.517+0000] {processor.py:756} INFO - Processing file /home/airflow/.local/lib/python3.7/site-packages/airflow/example_dags/example_xcom.py for tasks to queue
[2024-03-27T19:42:11.517+0000] {logging_mixin.py:120} INFO - [2024-03-27T19:42:11.517+0000] {dagbag.py:537} INFO - Filling up the DagBag from /home/airflow/.local/lib/python3.7/site-packages/airflow/example_dags/example_xcom.py
[2024-03-27T19:42:11.533+0000] {processor.py:766} INFO - DAG(s) dict_keys(['example_xcom']) retrieved from /home/airflow/.local/lib/python3.7/site-packages/airflow/example_dags/example_xcom.py
[2024-03-27T19:42:11.561+0000] {logging_mixin.py:120} INFO - [2024-03-27T19:42:11.560+0000] {dag.py:2585} INFO - Sync 1 DAGs
[2024-03-27T19:42:11.580+0000] {logging_mixin.py:120} INFO - [2024-03-27T19:42:11.580+0000] {dag.py:3340} INFO - Setting next_dagrun for example_xcom to None, run_after=None
[2024-03-27T19:42:11.594+0000] {processor.py:176} INFO - Processing /home/airflow/.local/lib/python3.7/site-packages/airflow/example_dags/example_xcom.py took 0.082 seconds
[2024-03-27T19:44:36.688+0000] {processor.py:154} INFO - Started process (PID=78) to work on /home/airflow/.local/lib/python3.7/site-packages/airflow/example_dags/example_xcom.py
[2024-03-27T19:44:36.689+0000] {processor.py:756} INFO - Processing file /home/airflow/.local/lib/python3.7/site-packages/airflow/example_dags/example_xcom.py for tasks to queue
[2024-03-27T19:44:36.690+0000] {logging_mixin.py:120} INFO - [2024-03-27T19:44:36.690+0000] {dagbag.py:537} INFO - Filling up the DagBag from /home/airflow/.local/lib/python3.7/site-packages/airflow/example_dags/example_xcom.py
[2024-03-27T19:44:36.733+0000] {processor.py:766} INFO - DAG(s) dict_keys(['example_xcom']) retrieved from /home/airflow/.local/lib/python3.7/site-packages/airflow/example_dags/example_xcom.py
[2024-03-27T19:44:36.790+0000] {logging_mixin.py:120} INFO - [2024-03-27T19:44:36.790+0000] {dag.py:2585} INFO - Sync 1 DAGs
[2024-03-27T19:44:36.809+0000] {logging_mixin.py:120} INFO - [2024-03-27T19:44:36.809+0000] {dag.py:3340} INFO - Setting next_dagrun for example_xcom to None, run_after=None
[2024-03-27T19:44:36.822+0000] {processor.py:176} INFO - Processing /home/airflow/.local/lib/python3.7/site-packages/airflow/example_dags/example_xcom.py took 0.138 seconds
[2024-03-27T19:45:22.809+0000] {processor.py:154} INFO - Started process (PID=130) to work on /home/airflow/.local/lib/python3.7/site-packages/airflow/example_dags/example_xcom.py
[2024-03-27T19:45:22.810+0000] {processor.py:756} INFO - Processing file /home/airflow/.local/lib/python3.7/site-packages/airflow/example_dags/example_xcom.py for tasks to queue
[2024-03-27T19:45:22.811+0000] {logging_mixin.py:120} INFO - [2024-03-27T19:45:22.811+0000] {dagbag.py:537} INFO - Filling up the DagBag from /home/airflow/.local/lib/python3.7/site-packages/airflow/example_dags/example_xcom.py
[2024-03-27T19:45:22.839+0000] {processor.py:766} INFO - DAG(s) dict_keys(['example_xcom']) retrieved from /home/airflow/.local/lib/python3.7/site-packages/airflow/example_dags/example_xcom.py
[2024-03-27T19:45:22.905+0000] {logging_mixin.py:120} INFO - [2024-03-27T19:45:22.905+0000] {dag.py:2585} INFO - Sync 1 DAGs
[2024-03-27T19:45:22.928+0000] {logging_mixin.py:120} INFO - [2024-03-27T19:45:22.927+0000] {dag.py:3340} INFO - Setting next_dagrun for example_xcom to None, run_after=None
[2024-03-27T19:45:22.939+0000] {processor.py:176} INFO - Processing /home/airflow/.local/lib/python3.7/site-packages/airflow/example_dags/example_xcom.py took 0.132 seconds
[2024-03-27T19:46:41.101+0000] {processor.py:154} INFO - Started process (PID=83) to work on /home/airflow/.local/lib/python3.7/site-packages/airflow/example_dags/example_xcom.py
[2024-03-27T19:46:41.102+0000] {processor.py:756} INFO - Processing file /home/airflow/.local/lib/python3.7/site-packages/airflow/example_dags/example_xcom.py for tasks to queue
[2024-03-27T19:46:41.102+0000] {logging_mixin.py:120} INFO - [2024-03-27T19:46:41.102+0000] {dagbag.py:537} INFO - Filling up the DagBag from /home/airflow/.local/lib/python3.7/site-packages/airflow/example_dags/example_xcom.py
[2024-03-27T19:46:41.125+0000] {processor.py:766} INFO - DAG(s) dict_keys(['example_xcom']) retrieved from /home/airflow/.local/lib/python3.7/site-packages/airflow/example_dags/example_xcom.py
[2024-03-27T19:46:41.154+0000] {logging_mixin.py:120} INFO - [2024-03-27T19:46:41.153+0000] {dag.py:2585} INFO - Sync 1 DAGs
[2024-03-27T19:46:41.171+0000] {logging_mixin.py:120} INFO - [2024-03-27T19:46:41.171+0000] {dag.py:3340} INFO - Setting next_dagrun for example_xcom to None, run_after=None
[2024-03-27T19:46:41.185+0000] {processor.py:176} INFO - Processing /home/airflow/.local/lib/python3.7/site-packages/airflow/example_dags/example_xcom.py took 0.087 seconds
[2024-03-27T19:47:26.009+0000] {processor.py:154} INFO - Started process (PID=138) to work on /home/airflow/.local/lib/python3.7/site-packages/airflow/example_dags/example_xcom.py
[2024-03-27T19:47:26.010+0000] {processor.py:756} INFO - Processing file /home/airflow/.local/lib/python3.7/site-packages/airflow/example_dags/example_xcom.py for tasks to queue
[2024-03-27T19:47:26.012+0000] {logging_mixin.py:120} INFO - [2024-03-27T19:47:26.012+0000] {dagbag.py:537} INFO - Filling up the DagBag from /home/airflow/.local/lib/python3.7/site-packages/airflow/example_dags/example_xcom.py
[2024-03-27T19:47:26.072+0000] {processor.py:766} INFO - DAG(s) dict_keys(['example_xcom']) retrieved from /home/airflow/.local/lib/python3.7/site-packages/airflow/example_dags/example_xcom.py
[2024-03-27T19:47:26.171+0000] {logging_mixin.py:120} INFO - [2024-03-27T19:47:26.171+0000] {dag.py:2585} INFO - Sync 1 DAGs
[2024-03-27T19:47:26.221+0000] {logging_mixin.py:120} INFO - [2024-03-27T19:47:26.221+0000] {dag.py:3340} INFO - Setting next_dagrun for example_xcom to None, run_after=None
[2024-03-27T19:47:26.258+0000] {processor.py:176} INFO - Processing /home/airflow/.local/lib/python3.7/site-packages/airflow/example_dags/example_xcom.py took 0.257 seconds
[2024-03-27T19:47:47.678+0000] {processor.py:154} INFO - Started process (PID=70) to work on /home/airflow/.local/lib/python3.7/site-packages/airflow/example_dags/example_xcom.py
[2024-03-27T19:47:47.679+0000] {processor.py:756} INFO - Processing file /home/airflow/.local/lib/python3.7/site-packages/airflow/example_dags/example_xcom.py for tasks to queue
[2024-03-27T19:47:47.679+0000] {logging_mixin.py:120} INFO - [2024-03-27T19:47:47.679+0000] {dagbag.py:537} INFO - Filling up the DagBag from /home/airflow/.local/lib/python3.7/site-packages/airflow/example_dags/example_xcom.py
[2024-03-27T19:47:47.696+0000] {processor.py:766} INFO - DAG(s) dict_keys(['example_xcom']) retrieved from /home/airflow/.local/lib/python3.7/site-packages/airflow/example_dags/example_xcom.py
[2024-03-27T19:47:47.723+0000] {logging_mixin.py:120} INFO - [2024-03-27T19:47:47.723+0000] {dag.py:2585} INFO - Sync 1 DAGs
[2024-03-27T19:47:47.743+0000] {logging_mixin.py:120} INFO - [2024-03-27T19:47:47.743+0000] {dag.py:3340} INFO - Setting next_dagrun for example_xcom to None, run_after=None
[2024-03-27T19:47:47.758+0000] {processor.py:176} INFO - Processing /home/airflow/.local/lib/python3.7/site-packages/airflow/example_dags/example_xcom.py took 0.082 seconds
[2024-03-27T19:48:36.611+0000] {processor.py:154} INFO - Started process (PID=127) to work on /home/airflow/.local/lib/python3.7/site-packages/airflow/example_dags/example_xcom.py
[2024-03-27T19:48:36.613+0000] {processor.py:756} INFO - Processing file /home/airflow/.local/lib/python3.7/site-packages/airflow/example_dags/example_xcom.py for tasks to queue
[2024-03-27T19:48:36.613+0000] {logging_mixin.py:120} INFO - [2024-03-27T19:48:36.613+0000] {dagbag.py:537} INFO - Filling up the DagBag from /home/airflow/.local/lib/python3.7/site-packages/airflow/example_dags/example_xcom.py
[2024-03-27T19:48:36.677+0000] {processor.py:766} INFO - DAG(s) dict_keys(['example_xcom']) retrieved from /home/airflow/.local/lib/python3.7/site-packages/airflow/example_dags/example_xcom.py
[2024-03-27T19:48:36.751+0000] {logging_mixin.py:120} INFO - [2024-03-27T19:48:36.751+0000] {dag.py:2585} INFO - Sync 1 DAGs
[2024-03-27T19:48:36.789+0000] {logging_mixin.py:120} INFO - [2024-03-27T19:48:36.789+0000] {dag.py:3340} INFO - Setting next_dagrun for example_xcom to None, run_after=None
[2024-03-27T19:48:36.811+0000] {processor.py:176} INFO - Processing /home/airflow/.local/lib/python3.7/site-packages/airflow/example_dags/example_xcom.py took 0.205 seconds
[2024-03-27T19:49:27.504+0000] {processor.py:154} INFO - Started process (PID=71) to work on /home/airflow/.local/lib/python3.7/site-packages/airflow/example_dags/example_xcom.py
[2024-03-27T19:49:27.506+0000] {processor.py:756} INFO - Processing file /home/airflow/.local/lib/python3.7/site-packages/airflow/example_dags/example_xcom.py for tasks to queue
[2024-03-27T19:49:27.508+0000] {logging_mixin.py:120} INFO - [2024-03-27T19:49:27.508+0000] {dagbag.py:537} INFO - Filling up the DagBag from /home/airflow/.local/lib/python3.7/site-packages/airflow/example_dags/example_xcom.py
[2024-03-27T19:49:27.534+0000] {processor.py:766} INFO - DAG(s) dict_keys(['example_xcom']) retrieved from /home/airflow/.local/lib/python3.7/site-packages/airflow/example_dags/example_xcom.py
[2024-03-27T19:49:27.570+0000] {logging_mixin.py:120} INFO - [2024-03-27T19:49:27.570+0000] {dag.py:2585} INFO - Sync 1 DAGs
[2024-03-27T19:49:27.594+0000] {logging_mixin.py:120} INFO - [2024-03-27T19:49:27.593+0000] {dag.py:3340} INFO - Setting next_dagrun for example_xcom to None, run_after=None
[2024-03-27T19:49:27.613+0000] {processor.py:176} INFO - Processing /home/airflow/.local/lib/python3.7/site-packages/airflow/example_dags/example_xcom.py took 0.113 seconds
[2024-03-27T19:50:02.172+0000] {processor.py:154} INFO - Started process (PID=129) to work on /home/airflow/.local/lib/python3.7/site-packages/airflow/example_dags/example_xcom.py
[2024-03-27T19:50:02.173+0000] {processor.py:756} INFO - Processing file /home/airflow/.local/lib/python3.7/site-packages/airflow/example_dags/example_xcom.py for tasks to queue
[2024-03-27T19:50:02.176+0000] {logging_mixin.py:120} INFO - [2024-03-27T19:50:02.176+0000] {dagbag.py:537} INFO - Filling up the DagBag from /home/airflow/.local/lib/python3.7/site-packages/airflow/example_dags/example_xcom.py
[2024-03-27T19:50:02.196+0000] {processor.py:766} INFO - DAG(s) dict_keys(['example_xcom']) retrieved from /home/airflow/.local/lib/python3.7/site-packages/airflow/example_dags/example_xcom.py
[2024-03-27T19:50:02.232+0000] {logging_mixin.py:120} INFO - [2024-03-27T19:50:02.232+0000] {dag.py:2585} INFO - Sync 1 DAGs
[2024-03-27T19:50:02.250+0000] {logging_mixin.py:120} INFO - [2024-03-27T19:50:02.250+0000] {dag.py:3340} INFO - Setting next_dagrun for example_xcom to None, run_after=None
[2024-03-27T19:50:02.266+0000] {processor.py:176} INFO - Processing /home/airflow/.local/lib/python3.7/site-packages/airflow/example_dags/example_xcom.py took 0.097 seconds
[2024-03-27T19:54:23.206+0000] {processor.py:154} INFO - Started process (PID=63) to work on /home/airflow/.local/lib/python3.7/site-packages/airflow/example_dags/example_xcom.py
[2024-03-27T19:54:23.209+0000] {processor.py:756} INFO - Processing file /home/airflow/.local/lib/python3.7/site-packages/airflow/example_dags/example_xcom.py for tasks to queue
[2024-03-27T19:54:23.210+0000] {logging_mixin.py:120} INFO - [2024-03-27T19:54:23.210+0000] {dagbag.py:537} INFO - Filling up the DagBag from /home/airflow/.local/lib/python3.7/site-packages/airflow/example_dags/example_xcom.py
[2024-03-27T19:54:23.246+0000] {processor.py:766} INFO - DAG(s) dict_keys(['example_xcom']) retrieved from /home/airflow/.local/lib/python3.7/site-packages/airflow/example_dags/example_xcom.py
[2024-03-27T19:54:23.319+0000] {logging_mixin.py:120} INFO - [2024-03-27T19:54:23.319+0000] {dag.py:2585} INFO - Sync 1 DAGs
[2024-03-27T19:54:23.420+0000] {logging_mixin.py:120} INFO - [2024-03-27T19:54:23.420+0000] {dag.py:3340} INFO - Setting next_dagrun for example_xcom to None, run_after=None
[2024-03-27T19:54:23.473+0000] {processor.py:176} INFO - Processing /home/airflow/.local/lib/python3.7/site-packages/airflow/example_dags/example_xcom.py took 0.272 seconds
