[2024-03-27T19:09:49.648+0000] {processor.py:154} INFO - Started process (PID=59) to work on /home/airflow/.local/lib/python3.7/site-packages/airflow/example_dags/example_branch_python_dop_operator_3.py
[2024-03-27T19:09:49.651+0000] {processor.py:756} INFO - Processing file /home/airflow/.local/lib/python3.7/site-packages/airflow/example_dags/example_branch_python_dop_operator_3.py for tasks to queue
[2024-03-27T19:09:49.652+0000] {logging_mixin.py:120} INFO - [2024-03-27T19:09:49.652+0000] {dagbag.py:537} INFO - Filling up the DagBag from /home/airflow/.local/lib/python3.7/site-packages/airflow/example_dags/example_branch_python_dop_operator_3.py
[2024-03-27T19:09:49.714+0000] {processor.py:766} INFO - DAG(s) dict_keys(['example_branch_dop_operator_v3']) retrieved from /home/airflow/.local/lib/python3.7/site-packages/airflow/example_dags/example_branch_python_dop_operator_3.py
[2024-03-27T19:09:49.778+0000] {logging_mixin.py:120} INFO - [2024-03-27T19:09:49.778+0000] {dag.py:2585} INFO - Sync 1 DAGs
[2024-03-27T19:09:49.844+0000] {logging_mixin.py:120} INFO - [2024-03-27T19:09:49.841+0000] {dag.py:3340} INFO - Setting next_dagrun for example_branch_dop_operator_v3 to 2024-03-27T19:08:00+00:00, run_after=2024-03-27T19:09:00+00:00
[2024-03-27T19:09:49.883+0000] {processor.py:176} INFO - Processing /home/airflow/.local/lib/python3.7/site-packages/airflow/example_dags/example_branch_python_dop_operator_3.py took 0.241 seconds
[2024-03-27T19:10:20.745+0000] {processor.py:154} INFO - Started process (PID=126) to work on /home/airflow/.local/lib/python3.7/site-packages/airflow/example_dags/example_branch_python_dop_operator_3.py
[2024-03-27T19:10:20.745+0000] {processor.py:756} INFO - Processing file /home/airflow/.local/lib/python3.7/site-packages/airflow/example_dags/example_branch_python_dop_operator_3.py for tasks to queue
[2024-03-27T19:10:20.747+0000] {logging_mixin.py:120} INFO - [2024-03-27T19:10:20.747+0000] {dagbag.py:537} INFO - Filling up the DagBag from /home/airflow/.local/lib/python3.7/site-packages/airflow/example_dags/example_branch_python_dop_operator_3.py
[2024-03-27T19:10:20.775+0000] {processor.py:766} INFO - DAG(s) dict_keys(['example_branch_dop_operator_v3']) retrieved from /home/airflow/.local/lib/python3.7/site-packages/airflow/example_dags/example_branch_python_dop_operator_3.py
[2024-03-27T19:10:20.823+0000] {logging_mixin.py:120} INFO - [2024-03-27T19:10:20.823+0000] {dag.py:2585} INFO - Sync 1 DAGs
[2024-03-27T19:10:20.845+0000] {logging_mixin.py:120} INFO - [2024-03-27T19:10:20.845+0000] {dag.py:3340} INFO - Setting next_dagrun for example_branch_dop_operator_v3 to 2024-03-27T19:09:00+00:00, run_after=2024-03-27T19:10:00+00:00
[2024-03-27T19:10:20.862+0000] {processor.py:176} INFO - Processing /home/airflow/.local/lib/python3.7/site-packages/airflow/example_dags/example_branch_python_dop_operator_3.py took 0.119 seconds
[2024-03-27T19:10:39.653+0000] {processor.py:154} INFO - Started process (PID=50) to work on /home/airflow/.local/lib/python3.7/site-packages/airflow/example_dags/example_branch_python_dop_operator_3.py
[2024-03-27T19:10:39.654+0000] {processor.py:756} INFO - Processing file /home/airflow/.local/lib/python3.7/site-packages/airflow/example_dags/example_branch_python_dop_operator_3.py for tasks to queue
[2024-03-27T19:10:39.655+0000] {logging_mixin.py:120} INFO - [2024-03-27T19:10:39.655+0000] {dagbag.py:537} INFO - Filling up the DagBag from /home/airflow/.local/lib/python3.7/site-packages/airflow/example_dags/example_branch_python_dop_operator_3.py
[2024-03-27T19:10:39.691+0000] {processor.py:766} INFO - DAG(s) dict_keys(['example_branch_dop_operator_v3']) retrieved from /home/airflow/.local/lib/python3.7/site-packages/airflow/example_dags/example_branch_python_dop_operator_3.py
[2024-03-27T19:10:39.726+0000] {logging_mixin.py:120} INFO - [2024-03-27T19:10:39.726+0000] {dag.py:2585} INFO - Sync 1 DAGs
[2024-03-27T19:10:39.763+0000] {logging_mixin.py:120} INFO - [2024-03-27T19:10:39.763+0000] {dag.py:3340} INFO - Setting next_dagrun for example_branch_dop_operator_v3 to 2024-03-27T19:09:00+00:00, run_after=2024-03-27T19:10:00+00:00
[2024-03-27T19:10:39.800+0000] {processor.py:176} INFO - Processing /home/airflow/.local/lib/python3.7/site-packages/airflow/example_dags/example_branch_python_dop_operator_3.py took 0.149 seconds
[2024-03-27T19:11:13.841+0000] {processor.py:154} INFO - Started process (PID=107) to work on /home/airflow/.local/lib/python3.7/site-packages/airflow/example_dags/example_branch_python_dop_operator_3.py
[2024-03-27T19:11:13.842+0000] {processor.py:756} INFO - Processing file /home/airflow/.local/lib/python3.7/site-packages/airflow/example_dags/example_branch_python_dop_operator_3.py for tasks to queue
[2024-03-27T19:11:13.843+0000] {logging_mixin.py:120} INFO - [2024-03-27T19:11:13.843+0000] {dagbag.py:537} INFO - Filling up the DagBag from /home/airflow/.local/lib/python3.7/site-packages/airflow/example_dags/example_branch_python_dop_operator_3.py
[2024-03-27T19:11:13.861+0000] {processor.py:766} INFO - DAG(s) dict_keys(['example_branch_dop_operator_v3']) retrieved from /home/airflow/.local/lib/python3.7/site-packages/airflow/example_dags/example_branch_python_dop_operator_3.py
[2024-03-27T19:11:13.887+0000] {logging_mixin.py:120} INFO - [2024-03-27T19:11:13.887+0000] {dag.py:2585} INFO - Sync 1 DAGs
[2024-03-27T19:11:13.906+0000] {logging_mixin.py:120} INFO - [2024-03-27T19:11:13.906+0000] {dag.py:3340} INFO - Setting next_dagrun for example_branch_dop_operator_v3 to 2024-03-27T19:10:00+00:00, run_after=2024-03-27T19:11:00+00:00
[2024-03-27T19:11:13.919+0000] {processor.py:176} INFO - Processing /home/airflow/.local/lib/python3.7/site-packages/airflow/example_dags/example_branch_python_dop_operator_3.py took 0.080 seconds
[2024-03-27T19:11:46.915+0000] {processor.py:154} INFO - Started process (PID=161) to work on /home/airflow/.local/lib/python3.7/site-packages/airflow/example_dags/example_branch_python_dop_operator_3.py
[2024-03-27T19:11:46.918+0000] {processor.py:756} INFO - Processing file /home/airflow/.local/lib/python3.7/site-packages/airflow/example_dags/example_branch_python_dop_operator_3.py for tasks to queue
[2024-03-27T19:11:46.922+0000] {logging_mixin.py:120} INFO - [2024-03-27T19:11:46.919+0000] {dagbag.py:537} INFO - Filling up the DagBag from /home/airflow/.local/lib/python3.7/site-packages/airflow/example_dags/example_branch_python_dop_operator_3.py
[2024-03-27T19:11:46.980+0000] {processor.py:766} INFO - DAG(s) dict_keys(['example_branch_dop_operator_v3']) retrieved from /home/airflow/.local/lib/python3.7/site-packages/airflow/example_dags/example_branch_python_dop_operator_3.py
[2024-03-27T19:11:47.095+0000] {logging_mixin.py:120} INFO - [2024-03-27T19:11:47.095+0000] {dag.py:2585} INFO - Sync 1 DAGs
[2024-03-27T19:11:47.232+0000] {logging_mixin.py:120} INFO - [2024-03-27T19:11:47.232+0000] {dag.py:3340} INFO - Setting next_dagrun for example_branch_dop_operator_v3 to 2024-03-27T19:10:00+00:00, run_after=2024-03-27T19:11:00+00:00
[2024-03-27T19:11:47.352+0000] {processor.py:176} INFO - Processing /home/airflow/.local/lib/python3.7/site-packages/airflow/example_dags/example_branch_python_dop_operator_3.py took 0.449 seconds
[2024-03-27T19:12:20.908+0000] {processor.py:154} INFO - Started process (PID=60) to work on /home/airflow/.local/lib/python3.7/site-packages/airflow/example_dags/example_branch_python_dop_operator_3.py
[2024-03-27T19:12:20.909+0000] {processor.py:756} INFO - Processing file /home/airflow/.local/lib/python3.7/site-packages/airflow/example_dags/example_branch_python_dop_operator_3.py for tasks to queue
[2024-03-27T19:12:20.910+0000] {logging_mixin.py:120} INFO - [2024-03-27T19:12:20.910+0000] {dagbag.py:537} INFO - Filling up the DagBag from /home/airflow/.local/lib/python3.7/site-packages/airflow/example_dags/example_branch_python_dop_operator_3.py
[2024-03-27T19:12:20.927+0000] {processor.py:766} INFO - DAG(s) dict_keys(['example_branch_dop_operator_v3']) retrieved from /home/airflow/.local/lib/python3.7/site-packages/airflow/example_dags/example_branch_python_dop_operator_3.py
[2024-03-27T19:12:20.950+0000] {logging_mixin.py:120} INFO - [2024-03-27T19:12:20.950+0000] {dag.py:2585} INFO - Sync 1 DAGs
[2024-03-27T19:12:20.968+0000] {logging_mixin.py:120} INFO - [2024-03-27T19:12:20.968+0000] {dag.py:3340} INFO - Setting next_dagrun for example_branch_dop_operator_v3 to 2024-03-27T19:11:00+00:00, run_after=2024-03-27T19:12:00+00:00
[2024-03-27T19:12:20.982+0000] {processor.py:176} INFO - Processing /home/airflow/.local/lib/python3.7/site-packages/airflow/example_dags/example_branch_python_dop_operator_3.py took 0.076 seconds
[2024-03-27T19:12:51.889+0000] {processor.py:154} INFO - Started process (PID=110) to work on /home/airflow/.local/lib/python3.7/site-packages/airflow/example_dags/example_branch_python_dop_operator_3.py
[2024-03-27T19:12:51.890+0000] {processor.py:756} INFO - Processing file /home/airflow/.local/lib/python3.7/site-packages/airflow/example_dags/example_branch_python_dop_operator_3.py for tasks to queue
[2024-03-27T19:12:51.891+0000] {logging_mixin.py:120} INFO - [2024-03-27T19:12:51.891+0000] {dagbag.py:537} INFO - Filling up the DagBag from /home/airflow/.local/lib/python3.7/site-packages/airflow/example_dags/example_branch_python_dop_operator_3.py
[2024-03-27T19:12:51.909+0000] {processor.py:766} INFO - DAG(s) dict_keys(['example_branch_dop_operator_v3']) retrieved from /home/airflow/.local/lib/python3.7/site-packages/airflow/example_dags/example_branch_python_dop_operator_3.py
[2024-03-27T19:12:51.932+0000] {logging_mixin.py:120} INFO - [2024-03-27T19:12:51.932+0000] {dag.py:2585} INFO - Sync 1 DAGs
[2024-03-27T19:12:51.950+0000] {logging_mixin.py:120} INFO - [2024-03-27T19:12:51.950+0000] {dag.py:3340} INFO - Setting next_dagrun for example_branch_dop_operator_v3 to 2024-03-27T19:11:00+00:00, run_after=2024-03-27T19:12:00+00:00
[2024-03-27T19:12:51.960+0000] {processor.py:176} INFO - Processing /home/airflow/.local/lib/python3.7/site-packages/airflow/example_dags/example_branch_python_dop_operator_3.py took 0.074 seconds
[2024-03-27T19:13:30.948+0000] {processor.py:154} INFO - Started process (PID=171) to work on /home/airflow/.local/lib/python3.7/site-packages/airflow/example_dags/example_branch_python_dop_operator_3.py
[2024-03-27T19:13:30.949+0000] {processor.py:756} INFO - Processing file /home/airflow/.local/lib/python3.7/site-packages/airflow/example_dags/example_branch_python_dop_operator_3.py for tasks to queue
[2024-03-27T19:13:30.952+0000] {logging_mixin.py:120} INFO - [2024-03-27T19:13:30.952+0000] {dagbag.py:537} INFO - Filling up the DagBag from /home/airflow/.local/lib/python3.7/site-packages/airflow/example_dags/example_branch_python_dop_operator_3.py
[2024-03-27T19:13:31.042+0000] {processor.py:766} INFO - DAG(s) dict_keys(['example_branch_dop_operator_v3']) retrieved from /home/airflow/.local/lib/python3.7/site-packages/airflow/example_dags/example_branch_python_dop_operator_3.py
[2024-03-27T19:13:31.113+0000] {logging_mixin.py:120} INFO - [2024-03-27T19:13:31.113+0000] {dag.py:2585} INFO - Sync 1 DAGs
[2024-03-27T19:13:31.162+0000] {logging_mixin.py:120} INFO - [2024-03-27T19:13:31.161+0000] {dag.py:3340} INFO - Setting next_dagrun for example_branch_dop_operator_v3 to 2024-03-27T19:12:00+00:00, run_after=2024-03-27T19:13:00+00:00
[2024-03-27T19:13:31.230+0000] {processor.py:176} INFO - Processing /home/airflow/.local/lib/python3.7/site-packages/airflow/example_dags/example_branch_python_dop_operator_3.py took 0.286 seconds
[2024-03-27T19:13:56.527+0000] {processor.py:154} INFO - Started process (PID=59) to work on /home/airflow/.local/lib/python3.7/site-packages/airflow/example_dags/example_branch_python_dop_operator_3.py
[2024-03-27T19:13:56.528+0000] {processor.py:756} INFO - Processing file /home/airflow/.local/lib/python3.7/site-packages/airflow/example_dags/example_branch_python_dop_operator_3.py for tasks to queue
[2024-03-27T19:13:56.529+0000] {logging_mixin.py:120} INFO - [2024-03-27T19:13:56.528+0000] {dagbag.py:537} INFO - Filling up the DagBag from /home/airflow/.local/lib/python3.7/site-packages/airflow/example_dags/example_branch_python_dop_operator_3.py
[2024-03-27T19:13:56.554+0000] {processor.py:766} INFO - DAG(s) dict_keys(['example_branch_dop_operator_v3']) retrieved from /home/airflow/.local/lib/python3.7/site-packages/airflow/example_dags/example_branch_python_dop_operator_3.py
[2024-03-27T19:13:56.588+0000] {logging_mixin.py:120} INFO - [2024-03-27T19:13:56.588+0000] {dag.py:2585} INFO - Sync 1 DAGs
[2024-03-27T19:13:56.607+0000] {logging_mixin.py:120} INFO - [2024-03-27T19:13:56.607+0000] {dag.py:3340} INFO - Setting next_dagrun for example_branch_dop_operator_v3 to 2024-03-27T19:12:00+00:00, run_after=2024-03-27T19:13:00+00:00
[2024-03-27T19:13:56.619+0000] {processor.py:176} INFO - Processing /home/airflow/.local/lib/python3.7/site-packages/airflow/example_dags/example_branch_python_dop_operator_3.py took 0.094 seconds
[2024-03-27T19:14:36.641+0000] {processor.py:154} INFO - Started process (PID=118) to work on /home/airflow/.local/lib/python3.7/site-packages/airflow/example_dags/example_branch_python_dop_operator_3.py
[2024-03-27T19:14:36.645+0000] {processor.py:756} INFO - Processing file /home/airflow/.local/lib/python3.7/site-packages/airflow/example_dags/example_branch_python_dop_operator_3.py for tasks to queue
[2024-03-27T19:14:36.646+0000] {logging_mixin.py:120} INFO - [2024-03-27T19:14:36.646+0000] {dagbag.py:537} INFO - Filling up the DagBag from /home/airflow/.local/lib/python3.7/site-packages/airflow/example_dags/example_branch_python_dop_operator_3.py
[2024-03-27T19:14:39.201+0000] {processor.py:766} INFO - DAG(s) dict_keys(['example_branch_dop_operator_v3']) retrieved from /home/airflow/.local/lib/python3.7/site-packages/airflow/example_dags/example_branch_python_dop_operator_3.py
[2024-03-27T19:14:39.734+0000] {logging_mixin.py:120} INFO - [2024-03-27T19:14:39.723+0000] {dag.py:2585} INFO - Sync 1 DAGs
[2024-03-27T19:14:46.522+0000] {logging_mixin.py:120} INFO - [2024-03-27T19:14:46.509+0000] {dag.py:3340} INFO - Setting next_dagrun for example_branch_dop_operator_v3 to 2024-03-27T19:13:00+00:00, run_after=2024-03-27T19:14:00+00:00
[2024-03-27T19:14:46.758+0000] {processor.py:176} INFO - Processing /home/airflow/.local/lib/python3.7/site-packages/airflow/example_dags/example_branch_python_dop_operator_3.py took 10.129 seconds
[2024-03-27T19:15:21.268+0000] {processor.py:154} INFO - Started process (PID=59) to work on /home/airflow/.local/lib/python3.7/site-packages/airflow/example_dags/example_branch_python_dop_operator_3.py
[2024-03-27T19:15:21.269+0000] {processor.py:756} INFO - Processing file /home/airflow/.local/lib/python3.7/site-packages/airflow/example_dags/example_branch_python_dop_operator_3.py for tasks to queue
[2024-03-27T19:15:21.269+0000] {logging_mixin.py:120} INFO - [2024-03-27T19:15:21.269+0000] {dagbag.py:537} INFO - Filling up the DagBag from /home/airflow/.local/lib/python3.7/site-packages/airflow/example_dags/example_branch_python_dop_operator_3.py
[2024-03-27T19:15:21.291+0000] {processor.py:766} INFO - DAG(s) dict_keys(['example_branch_dop_operator_v3']) retrieved from /home/airflow/.local/lib/python3.7/site-packages/airflow/example_dags/example_branch_python_dop_operator_3.py
[2024-03-27T19:15:21.316+0000] {logging_mixin.py:120} INFO - [2024-03-27T19:15:21.316+0000] {dag.py:2585} INFO - Sync 1 DAGs
[2024-03-27T19:15:21.337+0000] {logging_mixin.py:120} INFO - [2024-03-27T19:15:21.337+0000] {dag.py:3340} INFO - Setting next_dagrun for example_branch_dop_operator_v3 to 2024-03-27T19:14:00+00:00, run_after=2024-03-27T19:15:00+00:00
[2024-03-27T19:15:21.349+0000] {processor.py:176} INFO - Processing /home/airflow/.local/lib/python3.7/site-packages/airflow/example_dags/example_branch_python_dop_operator_3.py took 0.083 seconds
[2024-03-27T19:15:53.320+0000] {processor.py:154} INFO - Started process (PID=118) to work on /home/airflow/.local/lib/python3.7/site-packages/airflow/example_dags/example_branch_python_dop_operator_3.py
[2024-03-27T19:15:53.322+0000] {processor.py:756} INFO - Processing file /home/airflow/.local/lib/python3.7/site-packages/airflow/example_dags/example_branch_python_dop_operator_3.py for tasks to queue
[2024-03-27T19:15:53.323+0000] {logging_mixin.py:120} INFO - [2024-03-27T19:15:53.323+0000] {dagbag.py:537} INFO - Filling up the DagBag from /home/airflow/.local/lib/python3.7/site-packages/airflow/example_dags/example_branch_python_dop_operator_3.py
[2024-03-27T19:15:53.356+0000] {processor.py:766} INFO - DAG(s) dict_keys(['example_branch_dop_operator_v3']) retrieved from /home/airflow/.local/lib/python3.7/site-packages/airflow/example_dags/example_branch_python_dop_operator_3.py
[2024-03-27T19:15:53.425+0000] {logging_mixin.py:120} INFO - [2024-03-27T19:15:53.425+0000] {dag.py:2585} INFO - Sync 1 DAGs
[2024-03-27T19:15:53.499+0000] {logging_mixin.py:120} INFO - [2024-03-27T19:15:53.499+0000] {dag.py:3340} INFO - Setting next_dagrun for example_branch_dop_operator_v3 to 2024-03-27T19:14:00+00:00, run_after=2024-03-27T19:15:00+00:00
[2024-03-27T19:15:53.544+0000] {processor.py:176} INFO - Processing /home/airflow/.local/lib/python3.7/site-packages/airflow/example_dags/example_branch_python_dop_operator_3.py took 0.229 seconds
[2024-03-27T19:16:25.175+0000] {processor.py:154} INFO - Started process (PID=177) to work on /home/airflow/.local/lib/python3.7/site-packages/airflow/example_dags/example_branch_python_dop_operator_3.py
[2024-03-27T19:16:25.177+0000] {processor.py:756} INFO - Processing file /home/airflow/.local/lib/python3.7/site-packages/airflow/example_dags/example_branch_python_dop_operator_3.py for tasks to queue
[2024-03-27T19:16:25.178+0000] {logging_mixin.py:120} INFO - [2024-03-27T19:16:25.178+0000] {dagbag.py:537} INFO - Filling up the DagBag from /home/airflow/.local/lib/python3.7/site-packages/airflow/example_dags/example_branch_python_dop_operator_3.py
[2024-03-27T19:16:25.236+0000] {processor.py:766} INFO - DAG(s) dict_keys(['example_branch_dop_operator_v3']) retrieved from /home/airflow/.local/lib/python3.7/site-packages/airflow/example_dags/example_branch_python_dop_operator_3.py
[2024-03-27T19:16:25.330+0000] {logging_mixin.py:120} INFO - [2024-03-27T19:16:25.329+0000] {dag.py:2585} INFO - Sync 1 DAGs
[2024-03-27T19:16:25.411+0000] {logging_mixin.py:120} INFO - [2024-03-27T19:16:25.411+0000] {dag.py:3340} INFO - Setting next_dagrun for example_branch_dop_operator_v3 to 2024-03-27T19:15:00+00:00, run_after=2024-03-27T19:16:00+00:00
[2024-03-27T19:16:25.479+0000] {processor.py:176} INFO - Processing /home/airflow/.local/lib/python3.7/site-packages/airflow/example_dags/example_branch_python_dop_operator_3.py took 0.315 seconds
[2024-03-27T19:16:50.294+0000] {processor.py:154} INFO - Started process (PID=58) to work on /home/airflow/.local/lib/python3.7/site-packages/airflow/example_dags/example_branch_python_dop_operator_3.py
[2024-03-27T19:16:50.295+0000] {processor.py:756} INFO - Processing file /home/airflow/.local/lib/python3.7/site-packages/airflow/example_dags/example_branch_python_dop_operator_3.py for tasks to queue
[2024-03-27T19:16:50.295+0000] {logging_mixin.py:120} INFO - [2024-03-27T19:16:50.295+0000] {dagbag.py:537} INFO - Filling up the DagBag from /home/airflow/.local/lib/python3.7/site-packages/airflow/example_dags/example_branch_python_dop_operator_3.py
[2024-03-27T19:16:50.324+0000] {processor.py:766} INFO - DAG(s) dict_keys(['example_branch_dop_operator_v3']) retrieved from /home/airflow/.local/lib/python3.7/site-packages/airflow/example_dags/example_branch_python_dop_operator_3.py
[2024-03-27T19:16:50.355+0000] {logging_mixin.py:120} INFO - [2024-03-27T19:16:50.355+0000] {dag.py:2585} INFO - Sync 1 DAGs
[2024-03-27T19:16:50.377+0000] {logging_mixin.py:120} INFO - [2024-03-27T19:16:50.377+0000] {dag.py:3340} INFO - Setting next_dagrun for example_branch_dop_operator_v3 to 2024-03-27T19:15:00+00:00, run_after=2024-03-27T19:16:00+00:00
[2024-03-27T19:16:50.389+0000] {processor.py:176} INFO - Processing /home/airflow/.local/lib/python3.7/site-packages/airflow/example_dags/example_branch_python_dop_operator_3.py took 0.097 seconds
[2024-03-27T19:17:27.034+0000] {processor.py:154} INFO - Started process (PID=116) to work on /home/airflow/.local/lib/python3.7/site-packages/airflow/example_dags/example_branch_python_dop_operator_3.py
[2024-03-27T19:17:27.035+0000] {processor.py:756} INFO - Processing file /home/airflow/.local/lib/python3.7/site-packages/airflow/example_dags/example_branch_python_dop_operator_3.py for tasks to queue
[2024-03-27T19:17:27.035+0000] {logging_mixin.py:120} INFO - [2024-03-27T19:17:27.035+0000] {dagbag.py:537} INFO - Filling up the DagBag from /home/airflow/.local/lib/python3.7/site-packages/airflow/example_dags/example_branch_python_dop_operator_3.py
[2024-03-27T19:17:27.068+0000] {processor.py:766} INFO - DAG(s) dict_keys(['example_branch_dop_operator_v3']) retrieved from /home/airflow/.local/lib/python3.7/site-packages/airflow/example_dags/example_branch_python_dop_operator_3.py
[2024-03-27T19:17:27.136+0000] {logging_mixin.py:120} INFO - [2024-03-27T19:17:27.136+0000] {dag.py:2585} INFO - Sync 1 DAGs
[2024-03-27T19:17:27.175+0000] {logging_mixin.py:120} INFO - [2024-03-27T19:17:27.175+0000] {dag.py:3340} INFO - Setting next_dagrun for example_branch_dop_operator_v3 to 2024-03-27T19:16:00+00:00, run_after=2024-03-27T19:17:00+00:00
[2024-03-27T19:17:27.199+0000] {processor.py:176} INFO - Processing /home/airflow/.local/lib/python3.7/site-packages/airflow/example_dags/example_branch_python_dop_operator_3.py took 0.173 seconds
[2024-03-27T19:18:19.589+0000] {processor.py:154} INFO - Started process (PID=59) to work on /home/airflow/.local/lib/python3.7/site-packages/airflow/example_dags/example_branch_python_dop_operator_3.py
[2024-03-27T19:18:19.591+0000] {processor.py:756} INFO - Processing file /home/airflow/.local/lib/python3.7/site-packages/airflow/example_dags/example_branch_python_dop_operator_3.py for tasks to queue
[2024-03-27T19:18:19.591+0000] {logging_mixin.py:120} INFO - [2024-03-27T19:18:19.591+0000] {dagbag.py:537} INFO - Filling up the DagBag from /home/airflow/.local/lib/python3.7/site-packages/airflow/example_dags/example_branch_python_dop_operator_3.py
[2024-03-27T19:18:19.615+0000] {processor.py:766} INFO - DAG(s) dict_keys(['example_branch_dop_operator_v3']) retrieved from /home/airflow/.local/lib/python3.7/site-packages/airflow/example_dags/example_branch_python_dop_operator_3.py
[2024-03-27T19:18:19.639+0000] {logging_mixin.py:120} INFO - [2024-03-27T19:18:19.639+0000] {dag.py:2585} INFO - Sync 1 DAGs
[2024-03-27T19:18:19.659+0000] {logging_mixin.py:120} INFO - [2024-03-27T19:18:19.659+0000] {dag.py:3340} INFO - Setting next_dagrun for example_branch_dop_operator_v3 to 2024-03-27T19:17:00+00:00, run_after=2024-03-27T19:18:00+00:00
[2024-03-27T19:18:19.681+0000] {processor.py:176} INFO - Processing /home/airflow/.local/lib/python3.7/site-packages/airflow/example_dags/example_branch_python_dop_operator_3.py took 0.094 seconds
[2024-03-27T19:18:50.722+0000] {processor.py:154} INFO - Started process (PID=117) to work on /home/airflow/.local/lib/python3.7/site-packages/airflow/example_dags/example_branch_python_dop_operator_3.py
[2024-03-27T19:18:50.723+0000] {processor.py:756} INFO - Processing file /home/airflow/.local/lib/python3.7/site-packages/airflow/example_dags/example_branch_python_dop_operator_3.py for tasks to queue
[2024-03-27T19:18:50.724+0000] {logging_mixin.py:120} INFO - [2024-03-27T19:18:50.724+0000] {dagbag.py:537} INFO - Filling up the DagBag from /home/airflow/.local/lib/python3.7/site-packages/airflow/example_dags/example_branch_python_dop_operator_3.py
[2024-03-27T19:18:50.769+0000] {processor.py:766} INFO - DAG(s) dict_keys(['example_branch_dop_operator_v3']) retrieved from /home/airflow/.local/lib/python3.7/site-packages/airflow/example_dags/example_branch_python_dop_operator_3.py
[2024-03-27T19:18:50.850+0000] {logging_mixin.py:120} INFO - [2024-03-27T19:18:50.850+0000] {dag.py:2585} INFO - Sync 1 DAGs
[2024-03-27T19:18:50.870+0000] {logging_mixin.py:120} INFO - [2024-03-27T19:18:50.870+0000] {dag.py:3340} INFO - Setting next_dagrun for example_branch_dop_operator_v3 to 2024-03-27T19:17:00+00:00, run_after=2024-03-27T19:18:00+00:00
[2024-03-27T19:18:50.884+0000] {processor.py:176} INFO - Processing /home/airflow/.local/lib/python3.7/site-packages/airflow/example_dags/example_branch_python_dop_operator_3.py took 0.166 seconds
[2024-03-27T19:19:40.949+0000] {processor.py:154} INFO - Started process (PID=59) to work on /home/airflow/.local/lib/python3.7/site-packages/airflow/example_dags/example_branch_python_dop_operator_3.py
[2024-03-27T19:19:40.949+0000] {processor.py:756} INFO - Processing file /home/airflow/.local/lib/python3.7/site-packages/airflow/example_dags/example_branch_python_dop_operator_3.py for tasks to queue
[2024-03-27T19:19:40.950+0000] {logging_mixin.py:120} INFO - [2024-03-27T19:19:40.950+0000] {dagbag.py:537} INFO - Filling up the DagBag from /home/airflow/.local/lib/python3.7/site-packages/airflow/example_dags/example_branch_python_dop_operator_3.py
[2024-03-27T19:19:40.966+0000] {processor.py:766} INFO - DAG(s) dict_keys(['example_branch_dop_operator_v3']) retrieved from /home/airflow/.local/lib/python3.7/site-packages/airflow/example_dags/example_branch_python_dop_operator_3.py
[2024-03-27T19:19:40.989+0000] {logging_mixin.py:120} INFO - [2024-03-27T19:19:40.989+0000] {dag.py:2585} INFO - Sync 1 DAGs
[2024-03-27T19:19:41.008+0000] {logging_mixin.py:120} INFO - [2024-03-27T19:19:41.008+0000] {dag.py:3340} INFO - Setting next_dagrun for example_branch_dop_operator_v3 to 2024-03-27T19:18:00+00:00, run_after=2024-03-27T19:19:00+00:00
[2024-03-27T19:19:41.019+0000] {processor.py:176} INFO - Processing /home/airflow/.local/lib/python3.7/site-packages/airflow/example_dags/example_branch_python_dop_operator_3.py took 0.072 seconds
[2024-03-27T19:20:21.535+0000] {processor.py:154} INFO - Started process (PID=118) to work on /home/airflow/.local/lib/python3.7/site-packages/airflow/example_dags/example_branch_python_dop_operator_3.py
[2024-03-27T19:20:21.538+0000] {processor.py:756} INFO - Processing file /home/airflow/.local/lib/python3.7/site-packages/airflow/example_dags/example_branch_python_dop_operator_3.py for tasks to queue
[2024-03-27T19:20:21.542+0000] {logging_mixin.py:120} INFO - [2024-03-27T19:20:21.541+0000] {dagbag.py:537} INFO - Filling up the DagBag from /home/airflow/.local/lib/python3.7/site-packages/airflow/example_dags/example_branch_python_dop_operator_3.py
[2024-03-27T19:20:21.576+0000] {processor.py:766} INFO - DAG(s) dict_keys(['example_branch_dop_operator_v3']) retrieved from /home/airflow/.local/lib/python3.7/site-packages/airflow/example_dags/example_branch_python_dop_operator_3.py
[2024-03-27T19:20:21.614+0000] {logging_mixin.py:120} INFO - [2024-03-27T19:20:21.614+0000] {dag.py:2585} INFO - Sync 1 DAGs
[2024-03-27T19:20:21.644+0000] {logging_mixin.py:120} INFO - [2024-03-27T19:20:21.643+0000] {dag.py:3340} INFO - Setting next_dagrun for example_branch_dop_operator_v3 to 2024-03-27T19:19:00+00:00, run_after=2024-03-27T19:20:00+00:00
[2024-03-27T19:20:21.660+0000] {processor.py:176} INFO - Processing /home/airflow/.local/lib/python3.7/site-packages/airflow/example_dags/example_branch_python_dop_operator_3.py took 0.128 seconds
[2024-03-27T19:21:23.404+0000] {processor.py:154} INFO - Started process (PID=58) to work on /home/airflow/.local/lib/python3.7/site-packages/airflow/example_dags/example_branch_python_dop_operator_3.py
[2024-03-27T19:21:23.405+0000] {processor.py:756} INFO - Processing file /home/airflow/.local/lib/python3.7/site-packages/airflow/example_dags/example_branch_python_dop_operator_3.py for tasks to queue
[2024-03-27T19:21:23.405+0000] {logging_mixin.py:120} INFO - [2024-03-27T19:21:23.405+0000] {dagbag.py:537} INFO - Filling up the DagBag from /home/airflow/.local/lib/python3.7/site-packages/airflow/example_dags/example_branch_python_dop_operator_3.py
[2024-03-27T19:21:23.421+0000] {processor.py:766} INFO - DAG(s) dict_keys(['example_branch_dop_operator_v3']) retrieved from /home/airflow/.local/lib/python3.7/site-packages/airflow/example_dags/example_branch_python_dop_operator_3.py
[2024-03-27T19:21:23.444+0000] {logging_mixin.py:120} INFO - [2024-03-27T19:21:23.444+0000] {dag.py:2585} INFO - Sync 1 DAGs
[2024-03-27T19:21:23.464+0000] {logging_mixin.py:120} INFO - [2024-03-27T19:21:23.463+0000] {dag.py:3340} INFO - Setting next_dagrun for example_branch_dop_operator_v3 to 2024-03-27T19:20:00+00:00, run_after=2024-03-27T19:21:00+00:00
[2024-03-27T19:21:23.475+0000] {processor.py:176} INFO - Processing /home/airflow/.local/lib/python3.7/site-packages/airflow/example_dags/example_branch_python_dop_operator_3.py took 0.073 seconds
[2024-03-27T19:21:54.049+0000] {processor.py:154} INFO - Started process (PID=108) to work on /home/airflow/.local/lib/python3.7/site-packages/airflow/example_dags/example_branch_python_dop_operator_3.py
[2024-03-27T19:21:54.050+0000] {processor.py:756} INFO - Processing file /home/airflow/.local/lib/python3.7/site-packages/airflow/example_dags/example_branch_python_dop_operator_3.py for tasks to queue
[2024-03-27T19:21:54.050+0000] {logging_mixin.py:120} INFO - [2024-03-27T19:21:54.050+0000] {dagbag.py:537} INFO - Filling up the DagBag from /home/airflow/.local/lib/python3.7/site-packages/airflow/example_dags/example_branch_python_dop_operator_3.py
[2024-03-27T19:21:54.065+0000] {processor.py:766} INFO - DAG(s) dict_keys(['example_branch_dop_operator_v3']) retrieved from /home/airflow/.local/lib/python3.7/site-packages/airflow/example_dags/example_branch_python_dop_operator_3.py
[2024-03-27T19:21:54.088+0000] {logging_mixin.py:120} INFO - [2024-03-27T19:21:54.088+0000] {dag.py:2585} INFO - Sync 1 DAGs
[2024-03-27T19:21:54.106+0000] {logging_mixin.py:120} INFO - [2024-03-27T19:21:54.106+0000] {dag.py:3340} INFO - Setting next_dagrun for example_branch_dop_operator_v3 to 2024-03-27T19:20:00+00:00, run_after=2024-03-27T19:21:00+00:00
[2024-03-27T19:21:54.117+0000] {processor.py:176} INFO - Processing /home/airflow/.local/lib/python3.7/site-packages/airflow/example_dags/example_branch_python_dop_operator_3.py took 0.070 seconds
[2024-03-27T19:22:30.658+0000] {processor.py:154} INFO - Started process (PID=49) to work on /home/airflow/.local/lib/python3.7/site-packages/airflow/example_dags/example_branch_python_dop_operator_3.py
[2024-03-27T19:22:30.659+0000] {processor.py:756} INFO - Processing file /home/airflow/.local/lib/python3.7/site-packages/airflow/example_dags/example_branch_python_dop_operator_3.py for tasks to queue
[2024-03-27T19:22:30.659+0000] {logging_mixin.py:120} INFO - [2024-03-27T19:22:30.659+0000] {dagbag.py:537} INFO - Filling up the DagBag from /home/airflow/.local/lib/python3.7/site-packages/airflow/example_dags/example_branch_python_dop_operator_3.py
[2024-03-27T19:22:30.675+0000] {processor.py:766} INFO - DAG(s) dict_keys(['example_branch_dop_operator_v3']) retrieved from /home/airflow/.local/lib/python3.7/site-packages/airflow/example_dags/example_branch_python_dop_operator_3.py
[2024-03-27T19:22:30.705+0000] {logging_mixin.py:120} INFO - [2024-03-27T19:22:30.705+0000] {dag.py:2585} INFO - Sync 1 DAGs
[2024-03-27T19:22:30.726+0000] {logging_mixin.py:120} INFO - [2024-03-27T19:22:30.726+0000] {dag.py:3340} INFO - Setting next_dagrun for example_branch_dop_operator_v3 to 2024-03-27T19:21:00+00:00, run_after=2024-03-27T19:22:00+00:00
[2024-03-27T19:22:30.737+0000] {processor.py:176} INFO - Processing /home/airflow/.local/lib/python3.7/site-packages/airflow/example_dags/example_branch_python_dop_operator_3.py took 0.081 seconds
[2024-03-27T19:23:01.273+0000] {processor.py:154} INFO - Started process (PID=117) to work on /home/airflow/.local/lib/python3.7/site-packages/airflow/example_dags/example_branch_python_dop_operator_3.py
[2024-03-27T19:23:01.274+0000] {processor.py:756} INFO - Processing file /home/airflow/.local/lib/python3.7/site-packages/airflow/example_dags/example_branch_python_dop_operator_3.py for tasks to queue
[2024-03-27T19:23:01.274+0000] {logging_mixin.py:120} INFO - [2024-03-27T19:23:01.274+0000] {dagbag.py:537} INFO - Filling up the DagBag from /home/airflow/.local/lib/python3.7/site-packages/airflow/example_dags/example_branch_python_dop_operator_3.py
[2024-03-27T19:23:01.287+0000] {processor.py:766} INFO - DAG(s) dict_keys(['example_branch_dop_operator_v3']) retrieved from /home/airflow/.local/lib/python3.7/site-packages/airflow/example_dags/example_branch_python_dop_operator_3.py
[2024-03-27T19:23:01.308+0000] {logging_mixin.py:120} INFO - [2024-03-27T19:23:01.308+0000] {dag.py:2585} INFO - Sync 1 DAGs
[2024-03-27T19:23:01.327+0000] {logging_mixin.py:120} INFO - [2024-03-27T19:23:01.327+0000] {dag.py:3340} INFO - Setting next_dagrun for example_branch_dop_operator_v3 to 2024-03-27T19:22:00+00:00, run_after=2024-03-27T19:23:00+00:00
[2024-03-27T19:23:01.337+0000] {processor.py:176} INFO - Processing /home/airflow/.local/lib/python3.7/site-packages/airflow/example_dags/example_branch_python_dop_operator_3.py took 0.066 seconds
[2024-03-27T19:24:28.021+0000] {processor.py:154} INFO - Started process (PID=176) to work on /home/airflow/.local/lib/python3.7/site-packages/airflow/example_dags/example_branch_python_dop_operator_3.py
[2024-03-27T19:24:28.022+0000] {processor.py:756} INFO - Processing file /home/airflow/.local/lib/python3.7/site-packages/airflow/example_dags/example_branch_python_dop_operator_3.py for tasks to queue
[2024-03-27T19:24:28.022+0000] {logging_mixin.py:120} INFO - [2024-03-27T19:24:28.022+0000] {dagbag.py:537} INFO - Filling up the DagBag from /home/airflow/.local/lib/python3.7/site-packages/airflow/example_dags/example_branch_python_dop_operator_3.py
[2024-03-27T19:24:28.036+0000] {processor.py:766} INFO - DAG(s) dict_keys(['example_branch_dop_operator_v3']) retrieved from /home/airflow/.local/lib/python3.7/site-packages/airflow/example_dags/example_branch_python_dop_operator_3.py
[2024-03-27T19:24:28.058+0000] {logging_mixin.py:120} INFO - [2024-03-27T19:24:28.058+0000] {dag.py:2585} INFO - Sync 1 DAGs
[2024-03-27T19:24:28.075+0000] {logging_mixin.py:120} INFO - [2024-03-27T19:24:28.074+0000] {dag.py:3340} INFO - Setting next_dagrun for example_branch_dop_operator_v3 to 2024-03-27T19:23:00+00:00, run_after=2024-03-27T19:24:00+00:00
[2024-03-27T19:24:28.086+0000] {processor.py:176} INFO - Processing /home/airflow/.local/lib/python3.7/site-packages/airflow/example_dags/example_branch_python_dop_operator_3.py took 0.066 seconds
[2024-03-27T19:24:53.866+0000] {processor.py:154} INFO - Started process (PID=49) to work on /home/airflow/.local/lib/python3.7/site-packages/airflow/example_dags/example_branch_python_dop_operator_3.py
[2024-03-27T19:24:53.866+0000] {processor.py:756} INFO - Processing file /home/airflow/.local/lib/python3.7/site-packages/airflow/example_dags/example_branch_python_dop_operator_3.py for tasks to queue
[2024-03-27T19:24:53.867+0000] {logging_mixin.py:120} INFO - [2024-03-27T19:24:53.867+0000] {dagbag.py:537} INFO - Filling up the DagBag from /home/airflow/.local/lib/python3.7/site-packages/airflow/example_dags/example_branch_python_dop_operator_3.py
[2024-03-27T19:24:53.880+0000] {processor.py:766} INFO - DAG(s) dict_keys(['example_branch_dop_operator_v3']) retrieved from /home/airflow/.local/lib/python3.7/site-packages/airflow/example_dags/example_branch_python_dop_operator_3.py
[2024-03-27T19:24:53.900+0000] {logging_mixin.py:120} INFO - [2024-03-27T19:24:53.900+0000] {dag.py:2585} INFO - Sync 1 DAGs
[2024-03-27T19:24:53.921+0000] {logging_mixin.py:120} INFO - [2024-03-27T19:24:53.921+0000] {dag.py:3340} INFO - Setting next_dagrun for example_branch_dop_operator_v3 to 2024-03-27T19:23:00+00:00, run_after=2024-03-27T19:24:00+00:00
[2024-03-27T19:24:53.930+0000] {processor.py:176} INFO - Processing /home/airflow/.local/lib/python3.7/site-packages/airflow/example_dags/example_branch_python_dop_operator_3.py took 0.066 seconds
[2024-03-27T19:25:24.440+0000] {processor.py:154} INFO - Started process (PID=116) to work on /home/airflow/.local/lib/python3.7/site-packages/airflow/example_dags/example_branch_python_dop_operator_3.py
[2024-03-27T19:25:24.440+0000] {processor.py:756} INFO - Processing file /home/airflow/.local/lib/python3.7/site-packages/airflow/example_dags/example_branch_python_dop_operator_3.py for tasks to queue
[2024-03-27T19:25:24.441+0000] {logging_mixin.py:120} INFO - [2024-03-27T19:25:24.441+0000] {dagbag.py:537} INFO - Filling up the DagBag from /home/airflow/.local/lib/python3.7/site-packages/airflow/example_dags/example_branch_python_dop_operator_3.py
[2024-03-27T19:25:24.453+0000] {processor.py:766} INFO - DAG(s) dict_keys(['example_branch_dop_operator_v3']) retrieved from /home/airflow/.local/lib/python3.7/site-packages/airflow/example_dags/example_branch_python_dop_operator_3.py
[2024-03-27T19:25:24.472+0000] {logging_mixin.py:120} INFO - [2024-03-27T19:25:24.472+0000] {dag.py:2585} INFO - Sync 1 DAGs
[2024-03-27T19:25:24.486+0000] {logging_mixin.py:120} INFO - [2024-03-27T19:25:24.486+0000] {dag.py:3340} INFO - Setting next_dagrun for example_branch_dop_operator_v3 to 2024-03-27T19:24:00+00:00, run_after=2024-03-27T19:25:00+00:00
[2024-03-27T19:25:24.495+0000] {processor.py:176} INFO - Processing /home/airflow/.local/lib/python3.7/site-packages/airflow/example_dags/example_branch_python_dop_operator_3.py took 0.057 seconds
[2024-03-27T19:25:54.983+0000] {processor.py:154} INFO - Started process (PID=185) to work on /home/airflow/.local/lib/python3.7/site-packages/airflow/example_dags/example_branch_python_dop_operator_3.py
[2024-03-27T19:25:54.984+0000] {processor.py:756} INFO - Processing file /home/airflow/.local/lib/python3.7/site-packages/airflow/example_dags/example_branch_python_dop_operator_3.py for tasks to queue
[2024-03-27T19:25:54.985+0000] {logging_mixin.py:120} INFO - [2024-03-27T19:25:54.985+0000] {dagbag.py:537} INFO - Filling up the DagBag from /home/airflow/.local/lib/python3.7/site-packages/airflow/example_dags/example_branch_python_dop_operator_3.py
[2024-03-27T19:25:55.013+0000] {processor.py:766} INFO - DAG(s) dict_keys(['example_branch_dop_operator_v3']) retrieved from /home/airflow/.local/lib/python3.7/site-packages/airflow/example_dags/example_branch_python_dop_operator_3.py
[2024-03-27T19:25:55.052+0000] {logging_mixin.py:120} INFO - [2024-03-27T19:25:55.051+0000] {dag.py:2585} INFO - Sync 1 DAGs
[2024-03-27T19:25:55.071+0000] {logging_mixin.py:120} INFO - [2024-03-27T19:25:55.071+0000] {dag.py:3340} INFO - Setting next_dagrun for example_branch_dop_operator_v3 to 2024-03-27T19:24:00+00:00, run_after=2024-03-27T19:25:00+00:00
[2024-03-27T19:25:55.087+0000] {processor.py:176} INFO - Processing /home/airflow/.local/lib/python3.7/site-packages/airflow/example_dags/example_branch_python_dop_operator_3.py took 0.106 seconds
[2024-03-27T19:26:25.243+0000] {processor.py:154} INFO - Started process (PID=244) to work on /home/airflow/.local/lib/python3.7/site-packages/airflow/example_dags/example_branch_python_dop_operator_3.py
[2024-03-27T19:26:25.244+0000] {processor.py:756} INFO - Processing file /home/airflow/.local/lib/python3.7/site-packages/airflow/example_dags/example_branch_python_dop_operator_3.py for tasks to queue
[2024-03-27T19:26:25.244+0000] {logging_mixin.py:120} INFO - [2024-03-27T19:26:25.244+0000] {dagbag.py:537} INFO - Filling up the DagBag from /home/airflow/.local/lib/python3.7/site-packages/airflow/example_dags/example_branch_python_dop_operator_3.py
[2024-03-27T19:26:25.261+0000] {processor.py:766} INFO - DAG(s) dict_keys(['example_branch_dop_operator_v3']) retrieved from /home/airflow/.local/lib/python3.7/site-packages/airflow/example_dags/example_branch_python_dop_operator_3.py
[2024-03-27T19:26:25.296+0000] {logging_mixin.py:120} INFO - [2024-03-27T19:26:25.296+0000] {dag.py:2585} INFO - Sync 1 DAGs
[2024-03-27T19:26:25.311+0000] {logging_mixin.py:120} INFO - [2024-03-27T19:26:25.311+0000] {dag.py:3340} INFO - Setting next_dagrun for example_branch_dop_operator_v3 to 2024-03-27T19:25:00+00:00, run_after=2024-03-27T19:26:00+00:00
[2024-03-27T19:26:25.323+0000] {processor.py:176} INFO - Processing /home/airflow/.local/lib/python3.7/site-packages/airflow/example_dags/example_branch_python_dop_operator_3.py took 0.082 seconds
[2024-03-27T19:26:56.930+0000] {processor.py:154} INFO - Started process (PID=50) to work on /home/airflow/.local/lib/python3.7/site-packages/airflow/example_dags/example_branch_python_dop_operator_3.py
[2024-03-27T19:26:56.930+0000] {processor.py:756} INFO - Processing file /home/airflow/.local/lib/python3.7/site-packages/airflow/example_dags/example_branch_python_dop_operator_3.py for tasks to queue
[2024-03-27T19:26:56.931+0000] {logging_mixin.py:120} INFO - [2024-03-27T19:26:56.931+0000] {dagbag.py:537} INFO - Filling up the DagBag from /home/airflow/.local/lib/python3.7/site-packages/airflow/example_dags/example_branch_python_dop_operator_3.py
[2024-03-27T19:26:56.943+0000] {processor.py:766} INFO - DAG(s) dict_keys(['example_branch_dop_operator_v3']) retrieved from /home/airflow/.local/lib/python3.7/site-packages/airflow/example_dags/example_branch_python_dop_operator_3.py
[2024-03-27T19:26:56.962+0000] {logging_mixin.py:120} INFO - [2024-03-27T19:26:56.962+0000] {dag.py:2585} INFO - Sync 1 DAGs
[2024-03-27T19:26:56.978+0000] {logging_mixin.py:120} INFO - [2024-03-27T19:26:56.978+0000] {dag.py:3340} INFO - Setting next_dagrun for example_branch_dop_operator_v3 to 2024-03-27T19:25:00+00:00, run_after=2024-03-27T19:26:00+00:00
[2024-03-27T19:26:56.987+0000] {processor.py:176} INFO - Processing /home/airflow/.local/lib/python3.7/site-packages/airflow/example_dags/example_branch_python_dop_operator_3.py took 0.059 seconds
[2024-03-27T19:27:27.257+0000] {processor.py:154} INFO - Started process (PID=117) to work on /home/airflow/.local/lib/python3.7/site-packages/airflow/example_dags/example_branch_python_dop_operator_3.py
[2024-03-27T19:27:27.257+0000] {processor.py:756} INFO - Processing file /home/airflow/.local/lib/python3.7/site-packages/airflow/example_dags/example_branch_python_dop_operator_3.py for tasks to queue
[2024-03-27T19:27:27.258+0000] {logging_mixin.py:120} INFO - [2024-03-27T19:27:27.258+0000] {dagbag.py:537} INFO - Filling up the DagBag from /home/airflow/.local/lib/python3.7/site-packages/airflow/example_dags/example_branch_python_dop_operator_3.py
[2024-03-27T19:27:27.271+0000] {processor.py:766} INFO - DAG(s) dict_keys(['example_branch_dop_operator_v3']) retrieved from /home/airflow/.local/lib/python3.7/site-packages/airflow/example_dags/example_branch_python_dop_operator_3.py
[2024-03-27T19:27:27.291+0000] {logging_mixin.py:120} INFO - [2024-03-27T19:27:27.291+0000] {dag.py:2585} INFO - Sync 1 DAGs
[2024-03-27T19:27:27.307+0000] {logging_mixin.py:120} INFO - [2024-03-27T19:27:27.307+0000] {dag.py:3340} INFO - Setting next_dagrun for example_branch_dop_operator_v3 to 2024-03-27T19:26:00+00:00, run_after=2024-03-27T19:27:00+00:00
[2024-03-27T19:27:27.316+0000] {processor.py:176} INFO - Processing /home/airflow/.local/lib/python3.7/site-packages/airflow/example_dags/example_branch_python_dop_operator_3.py took 0.062 seconds
[2024-03-27T19:28:15.238+0000] {processor.py:154} INFO - Started process (PID=225) to work on /home/airflow/.local/lib/python3.7/site-packages/airflow/example_dags/example_branch_python_dop_operator_3.py
[2024-03-27T19:28:15.242+0000] {processor.py:756} INFO - Processing file /home/airflow/.local/lib/python3.7/site-packages/airflow/example_dags/example_branch_python_dop_operator_3.py for tasks to queue
[2024-03-27T19:28:15.243+0000] {logging_mixin.py:120} INFO - [2024-03-27T19:28:15.243+0000] {dagbag.py:537} INFO - Filling up the DagBag from /home/airflow/.local/lib/python3.7/site-packages/airflow/example_dags/example_branch_python_dop_operator_3.py
[2024-03-27T19:28:15.385+0000] {processor.py:766} INFO - DAG(s) dict_keys(['example_branch_dop_operator_v3']) retrieved from /home/airflow/.local/lib/python3.7/site-packages/airflow/example_dags/example_branch_python_dop_operator_3.py
[2024-03-27T19:28:15.780+0000] {logging_mixin.py:120} INFO - [2024-03-27T19:28:15.777+0000] {dag.py:2585} INFO - Sync 1 DAGs
[2024-03-27T19:28:21.714+0000] {logging_mixin.py:120} INFO - [2024-03-27T19:28:21.709+0000] {dag.py:3340} INFO - Setting next_dagrun for example_branch_dop_operator_v3 to 2024-03-27T19:28:00+00:00, run_after=2024-03-27T19:29:00+00:00
[2024-03-27T19:28:21.866+0000] {processor.py:176} INFO - Processing /home/airflow/.local/lib/python3.7/site-packages/airflow/example_dags/example_branch_python_dop_operator_3.py took 6.636 seconds
[2024-03-27T19:28:52.148+0000] {processor.py:154} INFO - Started process (PID=285) to work on /home/airflow/.local/lib/python3.7/site-packages/airflow/example_dags/example_branch_python_dop_operator_3.py
[2024-03-27T19:28:52.151+0000] {processor.py:756} INFO - Processing file /home/airflow/.local/lib/python3.7/site-packages/airflow/example_dags/example_branch_python_dop_operator_3.py for tasks to queue
[2024-03-27T19:28:52.153+0000] {logging_mixin.py:120} INFO - [2024-03-27T19:28:52.152+0000] {dagbag.py:537} INFO - Filling up the DagBag from /home/airflow/.local/lib/python3.7/site-packages/airflow/example_dags/example_branch_python_dop_operator_3.py
[2024-03-27T19:28:52.219+0000] {processor.py:766} INFO - DAG(s) dict_keys(['example_branch_dop_operator_v3']) retrieved from /home/airflow/.local/lib/python3.7/site-packages/airflow/example_dags/example_branch_python_dop_operator_3.py
[2024-03-27T19:28:52.299+0000] {logging_mixin.py:120} INFO - [2024-03-27T19:28:52.299+0000] {dag.py:2585} INFO - Sync 1 DAGs
[2024-03-27T19:28:52.363+0000] {logging_mixin.py:120} INFO - [2024-03-27T19:28:52.363+0000] {dag.py:3340} INFO - Setting next_dagrun for example_branch_dop_operator_v3 to 2024-03-27T19:28:00+00:00, run_after=2024-03-27T19:29:00+00:00
[2024-03-27T19:28:52.435+0000] {processor.py:176} INFO - Processing /home/airflow/.local/lib/python3.7/site-packages/airflow/example_dags/example_branch_python_dop_operator_3.py took 0.297 seconds
[2024-03-27T19:29:30.136+0000] {processor.py:154} INFO - Started process (PID=346) to work on /home/airflow/.local/lib/python3.7/site-packages/airflow/example_dags/example_branch_python_dop_operator_3.py
[2024-03-27T19:29:30.142+0000] {processor.py:756} INFO - Processing file /home/airflow/.local/lib/python3.7/site-packages/airflow/example_dags/example_branch_python_dop_operator_3.py for tasks to queue
[2024-03-27T19:29:30.143+0000] {logging_mixin.py:120} INFO - [2024-03-27T19:29:30.143+0000] {dagbag.py:537} INFO - Filling up the DagBag from /home/airflow/.local/lib/python3.7/site-packages/airflow/example_dags/example_branch_python_dop_operator_3.py
[2024-03-27T19:29:30.272+0000] {processor.py:766} INFO - DAG(s) dict_keys(['example_branch_dop_operator_v3']) retrieved from /home/airflow/.local/lib/python3.7/site-packages/airflow/example_dags/example_branch_python_dop_operator_3.py
[2024-03-27T19:29:30.498+0000] {logging_mixin.py:120} INFO - [2024-03-27T19:29:30.498+0000] {dag.py:2585} INFO - Sync 1 DAGs
[2024-03-27T19:29:30.589+0000] {logging_mixin.py:120} INFO - [2024-03-27T19:29:30.589+0000] {dag.py:3340} INFO - Setting next_dagrun for example_branch_dop_operator_v3 to 2024-03-27T19:29:00+00:00, run_after=2024-03-27T19:30:00+00:00
[2024-03-27T19:29:30.694+0000] {processor.py:176} INFO - Processing /home/airflow/.local/lib/python3.7/site-packages/airflow/example_dags/example_branch_python_dop_operator_3.py took 0.566 seconds
[2024-03-27T19:30:10.633+0000] {processor.py:154} INFO - Started process (PID=409) to work on /home/airflow/.local/lib/python3.7/site-packages/airflow/example_dags/example_branch_python_dop_operator_3.py
[2024-03-27T19:30:10.634+0000] {processor.py:756} INFO - Processing file /home/airflow/.local/lib/python3.7/site-packages/airflow/example_dags/example_branch_python_dop_operator_3.py for tasks to queue
[2024-03-27T19:30:10.635+0000] {logging_mixin.py:120} INFO - [2024-03-27T19:30:10.634+0000] {dagbag.py:537} INFO - Filling up the DagBag from /home/airflow/.local/lib/python3.7/site-packages/airflow/example_dags/example_branch_python_dop_operator_3.py
[2024-03-27T19:30:10.665+0000] {processor.py:766} INFO - DAG(s) dict_keys(['example_branch_dop_operator_v3']) retrieved from /home/airflow/.local/lib/python3.7/site-packages/airflow/example_dags/example_branch_python_dop_operator_3.py
[2024-03-27T19:30:10.712+0000] {logging_mixin.py:120} INFO - [2024-03-27T19:30:10.711+0000] {dag.py:2585} INFO - Sync 1 DAGs
[2024-03-27T19:30:10.732+0000] {logging_mixin.py:120} INFO - [2024-03-27T19:30:10.732+0000] {dag.py:3340} INFO - Setting next_dagrun for example_branch_dop_operator_v3 to 2024-03-27T19:30:00+00:00, run_after=2024-03-27T19:31:00+00:00
[2024-03-27T19:30:10.744+0000] {processor.py:176} INFO - Processing /home/airflow/.local/lib/python3.7/site-packages/airflow/example_dags/example_branch_python_dop_operator_3.py took 0.115 seconds
[2024-03-27T19:30:54.199+0000] {processor.py:154} INFO - Started process (PID=459) to work on /home/airflow/.local/lib/python3.7/site-packages/airflow/example_dags/example_branch_python_dop_operator_3.py
[2024-03-27T19:30:54.201+0000] {processor.py:756} INFO - Processing file /home/airflow/.local/lib/python3.7/site-packages/airflow/example_dags/example_branch_python_dop_operator_3.py for tasks to queue
[2024-03-27T19:30:54.202+0000] {logging_mixin.py:120} INFO - [2024-03-27T19:30:54.202+0000] {dagbag.py:537} INFO - Filling up the DagBag from /home/airflow/.local/lib/python3.7/site-packages/airflow/example_dags/example_branch_python_dop_operator_3.py
[2024-03-27T19:30:54.239+0000] {processor.py:766} INFO - DAG(s) dict_keys(['example_branch_dop_operator_v3']) retrieved from /home/airflow/.local/lib/python3.7/site-packages/airflow/example_dags/example_branch_python_dop_operator_3.py
[2024-03-27T19:30:54.308+0000] {logging_mixin.py:120} INFO - [2024-03-27T19:30:54.308+0000] {dag.py:2585} INFO - Sync 1 DAGs
[2024-03-27T19:30:54.373+0000] {logging_mixin.py:120} INFO - [2024-03-27T19:30:54.373+0000] {dag.py:3340} INFO - Setting next_dagrun for example_branch_dop_operator_v3 to 2024-03-27T19:30:00+00:00, run_after=2024-03-27T19:31:00+00:00
[2024-03-27T19:30:54.429+0000] {processor.py:176} INFO - Processing /home/airflow/.local/lib/python3.7/site-packages/airflow/example_dags/example_branch_python_dop_operator_3.py took 0.235 seconds
[2024-03-27T19:31:25.003+0000] {processor.py:154} INFO - Started process (PID=511) to work on /home/airflow/.local/lib/python3.7/site-packages/airflow/example_dags/example_branch_python_dop_operator_3.py
[2024-03-27T19:31:25.004+0000] {processor.py:756} INFO - Processing file /home/airflow/.local/lib/python3.7/site-packages/airflow/example_dags/example_branch_python_dop_operator_3.py for tasks to queue
[2024-03-27T19:31:25.005+0000] {logging_mixin.py:120} INFO - [2024-03-27T19:31:25.005+0000] {dagbag.py:537} INFO - Filling up the DagBag from /home/airflow/.local/lib/python3.7/site-packages/airflow/example_dags/example_branch_python_dop_operator_3.py
[2024-03-27T19:31:25.036+0000] {processor.py:766} INFO - DAG(s) dict_keys(['example_branch_dop_operator_v3']) retrieved from /home/airflow/.local/lib/python3.7/site-packages/airflow/example_dags/example_branch_python_dop_operator_3.py
[2024-03-27T19:31:25.071+0000] {logging_mixin.py:120} INFO - [2024-03-27T19:31:25.071+0000] {dag.py:2585} INFO - Sync 1 DAGs
[2024-03-27T19:31:25.091+0000] {logging_mixin.py:120} INFO - [2024-03-27T19:31:25.091+0000] {dag.py:3340} INFO - Setting next_dagrun for example_branch_dop_operator_v3 to 2024-03-27T19:31:00+00:00, run_after=2024-03-27T19:32:00+00:00
[2024-03-27T19:31:25.105+0000] {processor.py:176} INFO - Processing /home/airflow/.local/lib/python3.7/site-packages/airflow/example_dags/example_branch_python_dop_operator_3.py took 0.105 seconds
[2024-03-27T19:32:03.683+0000] {processor.py:154} INFO - Started process (PID=566) to work on /home/airflow/.local/lib/python3.7/site-packages/airflow/example_dags/example_branch_python_dop_operator_3.py
[2024-03-27T19:32:03.684+0000] {processor.py:756} INFO - Processing file /home/airflow/.local/lib/python3.7/site-packages/airflow/example_dags/example_branch_python_dop_operator_3.py for tasks to queue
[2024-03-27T19:32:03.684+0000] {logging_mixin.py:120} INFO - [2024-03-27T19:32:03.684+0000] {dagbag.py:537} INFO - Filling up the DagBag from /home/airflow/.local/lib/python3.7/site-packages/airflow/example_dags/example_branch_python_dop_operator_3.py
[2024-03-27T19:32:03.713+0000] {processor.py:766} INFO - DAG(s) dict_keys(['example_branch_dop_operator_v3']) retrieved from /home/airflow/.local/lib/python3.7/site-packages/airflow/example_dags/example_branch_python_dop_operator_3.py
[2024-03-27T19:32:03.763+0000] {logging_mixin.py:120} INFO - [2024-03-27T19:32:03.763+0000] {dag.py:2585} INFO - Sync 1 DAGs
[2024-03-27T19:32:03.803+0000] {logging_mixin.py:120} INFO - [2024-03-27T19:32:03.803+0000] {dag.py:3340} INFO - Setting next_dagrun for example_branch_dop_operator_v3 to 2024-03-27T19:32:00+00:00, run_after=2024-03-27T19:33:00+00:00
[2024-03-27T19:32:03.836+0000] {processor.py:176} INFO - Processing /home/airflow/.local/lib/python3.7/site-packages/airflow/example_dags/example_branch_python_dop_operator_3.py took 0.157 seconds
[2024-03-27T19:32:51.988+0000] {processor.py:154} INFO - Started process (PID=621) to work on /home/airflow/.local/lib/python3.7/site-packages/airflow/example_dags/example_branch_python_dop_operator_3.py
[2024-03-27T19:32:51.990+0000] {processor.py:756} INFO - Processing file /home/airflow/.local/lib/python3.7/site-packages/airflow/example_dags/example_branch_python_dop_operator_3.py for tasks to queue
[2024-03-27T19:32:51.990+0000] {logging_mixin.py:120} INFO - [2024-03-27T19:32:51.990+0000] {dagbag.py:537} INFO - Filling up the DagBag from /home/airflow/.local/lib/python3.7/site-packages/airflow/example_dags/example_branch_python_dop_operator_3.py
[2024-03-27T19:32:52.008+0000] {processor.py:766} INFO - DAG(s) dict_keys(['example_branch_dop_operator_v3']) retrieved from /home/airflow/.local/lib/python3.7/site-packages/airflow/example_dags/example_branch_python_dop_operator_3.py
[2024-03-27T19:32:52.050+0000] {logging_mixin.py:120} INFO - [2024-03-27T19:32:52.050+0000] {dag.py:2585} INFO - Sync 1 DAGs
[2024-03-27T19:32:52.104+0000] {logging_mixin.py:120} INFO - [2024-03-27T19:32:52.104+0000] {dag.py:3340} INFO - Setting next_dagrun for example_branch_dop_operator_v3 to 2024-03-27T19:32:00+00:00, run_after=2024-03-27T19:33:00+00:00
[2024-03-27T19:32:52.165+0000] {processor.py:176} INFO - Processing /home/airflow/.local/lib/python3.7/site-packages/airflow/example_dags/example_branch_python_dop_operator_3.py took 0.179 seconds
[2024-03-27T19:33:22.268+0000] {processor.py:154} INFO - Started process (PID=673) to work on /home/airflow/.local/lib/python3.7/site-packages/airflow/example_dags/example_branch_python_dop_operator_3.py
[2024-03-27T19:33:22.269+0000] {processor.py:756} INFO - Processing file /home/airflow/.local/lib/python3.7/site-packages/airflow/example_dags/example_branch_python_dop_operator_3.py for tasks to queue
[2024-03-27T19:33:22.270+0000] {logging_mixin.py:120} INFO - [2024-03-27T19:33:22.270+0000] {dagbag.py:537} INFO - Filling up the DagBag from /home/airflow/.local/lib/python3.7/site-packages/airflow/example_dags/example_branch_python_dop_operator_3.py
[2024-03-27T19:33:22.286+0000] {processor.py:766} INFO - DAG(s) dict_keys(['example_branch_dop_operator_v3']) retrieved from /home/airflow/.local/lib/python3.7/site-packages/airflow/example_dags/example_branch_python_dop_operator_3.py
[2024-03-27T19:33:22.311+0000] {logging_mixin.py:120} INFO - [2024-03-27T19:33:22.311+0000] {dag.py:2585} INFO - Sync 1 DAGs
[2024-03-27T19:33:22.331+0000] {logging_mixin.py:120} INFO - [2024-03-27T19:33:22.331+0000] {dag.py:3340} INFO - Setting next_dagrun for example_branch_dop_operator_v3 to 2024-03-27T19:33:00+00:00, run_after=2024-03-27T19:34:00+00:00
[2024-03-27T19:33:22.342+0000] {processor.py:176} INFO - Processing /home/airflow/.local/lib/python3.7/site-packages/airflow/example_dags/example_branch_python_dop_operator_3.py took 0.076 seconds
[2024-03-27T19:34:03.552+0000] {processor.py:154} INFO - Started process (PID=742) to work on /home/airflow/.local/lib/python3.7/site-packages/airflow/example_dags/example_branch_python_dop_operator_3.py
[2024-03-27T19:34:03.553+0000] {processor.py:756} INFO - Processing file /home/airflow/.local/lib/python3.7/site-packages/airflow/example_dags/example_branch_python_dop_operator_3.py for tasks to queue
[2024-03-27T19:34:03.554+0000] {logging_mixin.py:120} INFO - [2024-03-27T19:34:03.553+0000] {dagbag.py:537} INFO - Filling up the DagBag from /home/airflow/.local/lib/python3.7/site-packages/airflow/example_dags/example_branch_python_dop_operator_3.py
[2024-03-27T19:34:03.735+0000] {processor.py:766} INFO - DAG(s) dict_keys(['example_branch_dop_operator_v3']) retrieved from /home/airflow/.local/lib/python3.7/site-packages/airflow/example_dags/example_branch_python_dop_operator_3.py
[2024-03-27T19:34:10.922+0000] {logging_mixin.py:120} INFO - [2024-03-27T19:34:10.922+0000] {dag.py:2585} INFO - Sync 1 DAGs
[2024-03-27T19:34:10.943+0000] {logging_mixin.py:120} INFO - [2024-03-27T19:34:10.943+0000] {dag.py:3340} INFO - Setting next_dagrun for example_branch_dop_operator_v3 to 2024-03-27T19:34:00+00:00, run_after=2024-03-27T19:35:00+00:00
[2024-03-27T19:34:11.004+0000] {processor.py:176} INFO - Processing /home/airflow/.local/lib/python3.7/site-packages/airflow/example_dags/example_branch_python_dop_operator_3.py took 7.404 seconds
[2024-03-27T19:34:41.849+0000] {processor.py:154} INFO - Started process (PID=805) to work on /home/airflow/.local/lib/python3.7/site-packages/airflow/example_dags/example_branch_python_dop_operator_3.py
[2024-03-27T19:34:41.851+0000] {processor.py:756} INFO - Processing file /home/airflow/.local/lib/python3.7/site-packages/airflow/example_dags/example_branch_python_dop_operator_3.py for tasks to queue
[2024-03-27T19:34:41.854+0000] {logging_mixin.py:120} INFO - [2024-03-27T19:34:41.854+0000] {dagbag.py:537} INFO - Filling up the DagBag from /home/airflow/.local/lib/python3.7/site-packages/airflow/example_dags/example_branch_python_dop_operator_3.py
[2024-03-27T19:34:41.921+0000] {processor.py:766} INFO - DAG(s) dict_keys(['example_branch_dop_operator_v3']) retrieved from /home/airflow/.local/lib/python3.7/site-packages/airflow/example_dags/example_branch_python_dop_operator_3.py
[2024-03-27T19:34:42.145+0000] {logging_mixin.py:120} INFO - [2024-03-27T19:34:42.144+0000] {dag.py:2585} INFO - Sync 1 DAGs
[2024-03-27T19:34:42.234+0000] {logging_mixin.py:120} INFO - [2024-03-27T19:34:42.234+0000] {dag.py:3340} INFO - Setting next_dagrun for example_branch_dop_operator_v3 to 2024-03-27T19:34:00+00:00, run_after=2024-03-27T19:35:00+00:00
[2024-03-27T19:34:42.294+0000] {processor.py:176} INFO - Processing /home/airflow/.local/lib/python3.7/site-packages/airflow/example_dags/example_branch_python_dop_operator_3.py took 0.488 seconds
[2024-03-27T19:35:18.629+0000] {processor.py:154} INFO - Started process (PID=857) to work on /home/airflow/.local/lib/python3.7/site-packages/airflow/example_dags/example_branch_python_dop_operator_3.py
[2024-03-27T19:35:18.630+0000] {processor.py:756} INFO - Processing file /home/airflow/.local/lib/python3.7/site-packages/airflow/example_dags/example_branch_python_dop_operator_3.py for tasks to queue
[2024-03-27T19:35:18.633+0000] {logging_mixin.py:120} INFO - [2024-03-27T19:35:18.633+0000] {dagbag.py:537} INFO - Filling up the DagBag from /home/airflow/.local/lib/python3.7/site-packages/airflow/example_dags/example_branch_python_dop_operator_3.py
[2024-03-27T19:35:18.713+0000] {processor.py:766} INFO - DAG(s) dict_keys(['example_branch_dop_operator_v3']) retrieved from /home/airflow/.local/lib/python3.7/site-packages/airflow/example_dags/example_branch_python_dop_operator_3.py
[2024-03-27T19:35:18.857+0000] {logging_mixin.py:120} INFO - [2024-03-27T19:35:18.857+0000] {dag.py:2585} INFO - Sync 1 DAGs
[2024-03-27T19:35:18.918+0000] {logging_mixin.py:120} INFO - [2024-03-27T19:35:18.918+0000] {dag.py:3340} INFO - Setting next_dagrun for example_branch_dop_operator_v3 to 2024-03-27T19:35:00+00:00, run_after=2024-03-27T19:36:00+00:00
[2024-03-27T19:35:18.958+0000] {processor.py:176} INFO - Processing /home/airflow/.local/lib/python3.7/site-packages/airflow/example_dags/example_branch_python_dop_operator_3.py took 0.336 seconds
[2024-03-27T19:36:14.795+0000] {processor.py:154} INFO - Started process (PID=924) to work on /home/airflow/.local/lib/python3.7/site-packages/airflow/example_dags/example_branch_python_dop_operator_3.py
[2024-03-27T19:36:14.799+0000] {processor.py:756} INFO - Processing file /home/airflow/.local/lib/python3.7/site-packages/airflow/example_dags/example_branch_python_dop_operator_3.py for tasks to queue
[2024-03-27T19:36:14.800+0000] {logging_mixin.py:120} INFO - [2024-03-27T19:36:14.800+0000] {dagbag.py:537} INFO - Filling up the DagBag from /home/airflow/.local/lib/python3.7/site-packages/airflow/example_dags/example_branch_python_dop_operator_3.py
[2024-03-27T19:36:14.841+0000] {processor.py:766} INFO - DAG(s) dict_keys(['example_branch_dop_operator_v3']) retrieved from /home/airflow/.local/lib/python3.7/site-packages/airflow/example_dags/example_branch_python_dop_operator_3.py
[2024-03-27T19:36:14.894+0000] {logging_mixin.py:120} INFO - [2024-03-27T19:36:14.893+0000] {dag.py:2585} INFO - Sync 1 DAGs
[2024-03-27T19:36:14.931+0000] {logging_mixin.py:120} INFO - [2024-03-27T19:36:14.931+0000] {dag.py:3340} INFO - Setting next_dagrun for example_branch_dop_operator_v3 to 2024-03-27T19:35:00+00:00, run_after=2024-03-27T19:36:00+00:00
[2024-03-27T19:36:14.955+0000] {processor.py:176} INFO - Processing /home/airflow/.local/lib/python3.7/site-packages/airflow/example_dags/example_branch_python_dop_operator_3.py took 0.165 seconds
[2024-03-27T19:37:03.042+0000] {processor.py:154} INFO - Started process (PID=56) to work on /home/airflow/.local/lib/python3.7/site-packages/airflow/example_dags/example_branch_python_dop_operator_3.py
[2024-03-27T19:37:03.044+0000] {processor.py:756} INFO - Processing file /home/airflow/.local/lib/python3.7/site-packages/airflow/example_dags/example_branch_python_dop_operator_3.py for tasks to queue
[2024-03-27T19:37:03.045+0000] {logging_mixin.py:120} INFO - [2024-03-27T19:37:03.045+0000] {dagbag.py:537} INFO - Filling up the DagBag from /home/airflow/.local/lib/python3.7/site-packages/airflow/example_dags/example_branch_python_dop_operator_3.py
[2024-03-27T19:37:03.120+0000] {processor.py:766} INFO - DAG(s) dict_keys(['example_branch_dop_operator_v3']) retrieved from /home/airflow/.local/lib/python3.7/site-packages/airflow/example_dags/example_branch_python_dop_operator_3.py
[2024-03-27T19:37:03.266+0000] {logging_mixin.py:120} INFO - [2024-03-27T19:37:03.265+0000] {dag.py:2585} INFO - Sync 1 DAGs
[2024-03-27T19:37:03.324+0000] {logging_mixin.py:120} INFO - [2024-03-27T19:37:03.324+0000] {dag.py:3340} INFO - Setting next_dagrun for example_branch_dop_operator_v3 to 2024-03-27T19:36:00+00:00, run_after=2024-03-27T19:37:00+00:00
[2024-03-27T19:37:03.496+0000] {processor.py:176} INFO - Processing /home/airflow/.local/lib/python3.7/site-packages/airflow/example_dags/example_branch_python_dop_operator_3.py took 0.458 seconds
[2024-03-27T19:37:43.253+0000] {processor.py:154} INFO - Started process (PID=117) to work on /home/airflow/.local/lib/python3.7/site-packages/airflow/example_dags/example_branch_python_dop_operator_3.py
[2024-03-27T19:37:43.255+0000] {processor.py:756} INFO - Processing file /home/airflow/.local/lib/python3.7/site-packages/airflow/example_dags/example_branch_python_dop_operator_3.py for tasks to queue
[2024-03-27T19:37:43.256+0000] {logging_mixin.py:120} INFO - [2024-03-27T19:37:43.256+0000] {dagbag.py:537} INFO - Filling up the DagBag from /home/airflow/.local/lib/python3.7/site-packages/airflow/example_dags/example_branch_python_dop_operator_3.py
[2024-03-27T19:37:43.338+0000] {processor.py:766} INFO - DAG(s) dict_keys(['example_branch_dop_operator_v3']) retrieved from /home/airflow/.local/lib/python3.7/site-packages/airflow/example_dags/example_branch_python_dop_operator_3.py
[2024-03-27T19:37:43.461+0000] {logging_mixin.py:120} INFO - [2024-03-27T19:37:43.461+0000] {dag.py:2585} INFO - Sync 1 DAGs
[2024-03-27T19:37:43.567+0000] {logging_mixin.py:120} INFO - [2024-03-27T19:37:43.567+0000] {dag.py:3340} INFO - Setting next_dagrun for example_branch_dop_operator_v3 to 2024-03-27T19:36:00+00:00, run_after=2024-03-27T19:37:00+00:00
[2024-03-27T19:37:43.666+0000] {processor.py:176} INFO - Processing /home/airflow/.local/lib/python3.7/site-packages/airflow/example_dags/example_branch_python_dop_operator_3.py took 0.420 seconds
[2024-03-27T19:38:23.881+0000] {processor.py:154} INFO - Started process (PID=58) to work on /home/airflow/.local/lib/python3.7/site-packages/airflow/example_dags/example_branch_python_dop_operator_3.py
[2024-03-27T19:38:23.888+0000] {processor.py:756} INFO - Processing file /home/airflow/.local/lib/python3.7/site-packages/airflow/example_dags/example_branch_python_dop_operator_3.py for tasks to queue
[2024-03-27T19:38:23.892+0000] {logging_mixin.py:120} INFO - [2024-03-27T19:38:23.892+0000] {dagbag.py:537} INFO - Filling up the DagBag from /home/airflow/.local/lib/python3.7/site-packages/airflow/example_dags/example_branch_python_dop_operator_3.py
[2024-03-27T19:38:23.973+0000] {processor.py:766} INFO - DAG(s) dict_keys(['example_branch_dop_operator_v3']) retrieved from /home/airflow/.local/lib/python3.7/site-packages/airflow/example_dags/example_branch_python_dop_operator_3.py
[2024-03-27T19:38:24.162+0000] {logging_mixin.py:120} INFO - [2024-03-27T19:38:24.160+0000] {dag.py:2585} INFO - Sync 1 DAGs
[2024-03-27T19:38:24.223+0000] {logging_mixin.py:120} INFO - [2024-03-27T19:38:24.221+0000] {dag.py:3340} INFO - Setting next_dagrun for example_branch_dop_operator_v3 to 2024-03-27T19:37:00+00:00, run_after=2024-03-27T19:38:00+00:00
[2024-03-27T19:38:24.541+0000] {processor.py:176} INFO - Processing /home/airflow/.local/lib/python3.7/site-packages/airflow/example_dags/example_branch_python_dop_operator_3.py took 0.665 seconds
[2024-03-27T19:38:55.077+0000] {processor.py:154} INFO - Started process (PID=109) to work on /home/airflow/.local/lib/python3.7/site-packages/airflow/example_dags/example_branch_python_dop_operator_3.py
[2024-03-27T19:38:55.079+0000] {processor.py:756} INFO - Processing file /home/airflow/.local/lib/python3.7/site-packages/airflow/example_dags/example_branch_python_dop_operator_3.py for tasks to queue
[2024-03-27T19:38:55.083+0000] {logging_mixin.py:120} INFO - [2024-03-27T19:38:55.083+0000] {dagbag.py:537} INFO - Filling up the DagBag from /home/airflow/.local/lib/python3.7/site-packages/airflow/example_dags/example_branch_python_dop_operator_3.py
[2024-03-27T19:38:55.136+0000] {processor.py:766} INFO - DAG(s) dict_keys(['example_branch_dop_operator_v3']) retrieved from /home/airflow/.local/lib/python3.7/site-packages/airflow/example_dags/example_branch_python_dop_operator_3.py
[2024-03-27T19:38:55.167+0000] {logging_mixin.py:120} INFO - [2024-03-27T19:38:55.167+0000] {dag.py:2585} INFO - Sync 1 DAGs
[2024-03-27T19:38:55.190+0000] {logging_mixin.py:120} INFO - [2024-03-27T19:38:55.190+0000] {dag.py:3340} INFO - Setting next_dagrun for example_branch_dop_operator_v3 to 2024-03-27T19:37:00+00:00, run_after=2024-03-27T19:38:00+00:00
[2024-03-27T19:38:55.202+0000] {processor.py:176} INFO - Processing /home/airflow/.local/lib/python3.7/site-packages/airflow/example_dags/example_branch_python_dop_operator_3.py took 0.132 seconds
[2024-03-27T19:39:51.578+0000] {processor.py:154} INFO - Started process (PID=68) to work on /home/airflow/.local/lib/python3.7/site-packages/airflow/example_dags/example_branch_python_dop_operator_3.py
[2024-03-27T19:39:51.579+0000] {processor.py:756} INFO - Processing file /home/airflow/.local/lib/python3.7/site-packages/airflow/example_dags/example_branch_python_dop_operator_3.py for tasks to queue
[2024-03-27T19:39:51.580+0000] {logging_mixin.py:120} INFO - [2024-03-27T19:39:51.580+0000] {dagbag.py:537} INFO - Filling up the DagBag from /home/airflow/.local/lib/python3.7/site-packages/airflow/example_dags/example_branch_python_dop_operator_3.py
[2024-03-27T19:39:51.598+0000] {processor.py:766} INFO - DAG(s) dict_keys(['example_branch_dop_operator_v3']) retrieved from /home/airflow/.local/lib/python3.7/site-packages/airflow/example_dags/example_branch_python_dop_operator_3.py
[2024-03-27T19:39:51.625+0000] {logging_mixin.py:120} INFO - [2024-03-27T19:39:51.625+0000] {dag.py:2585} INFO - Sync 1 DAGs
[2024-03-27T19:39:51.646+0000] {logging_mixin.py:120} INFO - [2024-03-27T19:39:51.646+0000] {dag.py:3340} INFO - Setting next_dagrun for example_branch_dop_operator_v3 to 2024-03-27T19:38:00+00:00, run_after=2024-03-27T19:39:00+00:00
[2024-03-27T19:39:51.659+0000] {processor.py:176} INFO - Processing /home/airflow/.local/lib/python3.7/site-packages/airflow/example_dags/example_branch_python_dop_operator_3.py took 0.082 seconds
[2024-03-27T19:40:31.126+0000] {processor.py:154} INFO - Started process (PID=126) to work on /home/airflow/.local/lib/python3.7/site-packages/airflow/example_dags/example_branch_python_dop_operator_3.py
[2024-03-27T19:40:31.127+0000] {processor.py:756} INFO - Processing file /home/airflow/.local/lib/python3.7/site-packages/airflow/example_dags/example_branch_python_dop_operator_3.py for tasks to queue
[2024-03-27T19:40:31.127+0000] {logging_mixin.py:120} INFO - [2024-03-27T19:40:31.127+0000] {dagbag.py:537} INFO - Filling up the DagBag from /home/airflow/.local/lib/python3.7/site-packages/airflow/example_dags/example_branch_python_dop_operator_3.py
[2024-03-27T19:40:31.152+0000] {processor.py:766} INFO - DAG(s) dict_keys(['example_branch_dop_operator_v3']) retrieved from /home/airflow/.local/lib/python3.7/site-packages/airflow/example_dags/example_branch_python_dop_operator_3.py
[2024-03-27T19:40:31.201+0000] {logging_mixin.py:120} INFO - [2024-03-27T19:40:31.201+0000] {dag.py:2585} INFO - Sync 1 DAGs
[2024-03-27T19:40:31.236+0000] {logging_mixin.py:120} INFO - [2024-03-27T19:40:31.236+0000] {dag.py:3340} INFO - Setting next_dagrun for example_branch_dop_operator_v3 to 2024-03-27T19:39:00+00:00, run_after=2024-03-27T19:40:00+00:00
[2024-03-27T19:40:31.268+0000] {processor.py:176} INFO - Processing /home/airflow/.local/lib/python3.7/site-packages/airflow/example_dags/example_branch_python_dop_operator_3.py took 0.149 seconds
[2024-03-27T19:41:07.397+0000] {processor.py:154} INFO - Started process (PID=177) to work on /home/airflow/.local/lib/python3.7/site-packages/airflow/example_dags/example_branch_python_dop_operator_3.py
[2024-03-27T19:41:07.399+0000] {processor.py:756} INFO - Processing file /home/airflow/.local/lib/python3.7/site-packages/airflow/example_dags/example_branch_python_dop_operator_3.py for tasks to queue
[2024-03-27T19:41:07.401+0000] {logging_mixin.py:120} INFO - [2024-03-27T19:41:07.401+0000] {dagbag.py:537} INFO - Filling up the DagBag from /home/airflow/.local/lib/python3.7/site-packages/airflow/example_dags/example_branch_python_dop_operator_3.py
[2024-03-27T19:41:07.447+0000] {processor.py:766} INFO - DAG(s) dict_keys(['example_branch_dop_operator_v3']) retrieved from /home/airflow/.local/lib/python3.7/site-packages/airflow/example_dags/example_branch_python_dop_operator_3.py
[2024-03-27T19:41:07.508+0000] {logging_mixin.py:120} INFO - [2024-03-27T19:41:07.508+0000] {dag.py:2585} INFO - Sync 1 DAGs
[2024-03-27T19:41:07.553+0000] {logging_mixin.py:120} INFO - [2024-03-27T19:41:07.553+0000] {dag.py:3340} INFO - Setting next_dagrun for example_branch_dop_operator_v3 to 2024-03-27T19:40:00+00:00, run_after=2024-03-27T19:41:00+00:00
[2024-03-27T19:41:07.590+0000] {processor.py:176} INFO - Processing /home/airflow/.local/lib/python3.7/site-packages/airflow/example_dags/example_branch_python_dop_operator_3.py took 0.200 seconds
[2024-03-27T19:41:39.401+0000] {processor.py:154} INFO - Started process (PID=58) to work on /home/airflow/.local/lib/python3.7/site-packages/airflow/example_dags/example_branch_python_dop_operator_3.py
[2024-03-27T19:41:39.402+0000] {processor.py:756} INFO - Processing file /home/airflow/.local/lib/python3.7/site-packages/airflow/example_dags/example_branch_python_dop_operator_3.py for tasks to queue
[2024-03-27T19:41:39.402+0000] {logging_mixin.py:120} INFO - [2024-03-27T19:41:39.402+0000] {dagbag.py:537} INFO - Filling up the DagBag from /home/airflow/.local/lib/python3.7/site-packages/airflow/example_dags/example_branch_python_dop_operator_3.py
[2024-03-27T19:41:39.420+0000] {processor.py:766} INFO - DAG(s) dict_keys(['example_branch_dop_operator_v3']) retrieved from /home/airflow/.local/lib/python3.7/site-packages/airflow/example_dags/example_branch_python_dop_operator_3.py
[2024-03-27T19:41:39.445+0000] {logging_mixin.py:120} INFO - [2024-03-27T19:41:39.445+0000] {dag.py:2585} INFO - Sync 1 DAGs
[2024-03-27T19:41:39.467+0000] {logging_mixin.py:120} INFO - [2024-03-27T19:41:39.467+0000] {dag.py:3340} INFO - Setting next_dagrun for example_branch_dop_operator_v3 to 2024-03-27T19:40:00+00:00, run_after=2024-03-27T19:41:00+00:00
[2024-03-27T19:41:39.480+0000] {processor.py:176} INFO - Processing /home/airflow/.local/lib/python3.7/site-packages/airflow/example_dags/example_branch_python_dop_operator_3.py took 0.081 seconds
[2024-03-27T19:42:10.831+0000] {processor.py:154} INFO - Started process (PID=108) to work on /home/airflow/.local/lib/python3.7/site-packages/airflow/example_dags/example_branch_python_dop_operator_3.py
[2024-03-27T19:42:10.832+0000] {processor.py:756} INFO - Processing file /home/airflow/.local/lib/python3.7/site-packages/airflow/example_dags/example_branch_python_dop_operator_3.py for tasks to queue
[2024-03-27T19:42:10.832+0000] {logging_mixin.py:120} INFO - [2024-03-27T19:42:10.832+0000] {dagbag.py:537} INFO - Filling up the DagBag from /home/airflow/.local/lib/python3.7/site-packages/airflow/example_dags/example_branch_python_dop_operator_3.py
[2024-03-27T19:42:10.848+0000] {processor.py:766} INFO - DAG(s) dict_keys(['example_branch_dop_operator_v3']) retrieved from /home/airflow/.local/lib/python3.7/site-packages/airflow/example_dags/example_branch_python_dop_operator_3.py
[2024-03-27T19:42:10.872+0000] {logging_mixin.py:120} INFO - [2024-03-27T19:42:10.872+0000] {dag.py:2585} INFO - Sync 1 DAGs
[2024-03-27T19:42:10.892+0000] {logging_mixin.py:120} INFO - [2024-03-27T19:42:10.892+0000] {dag.py:3340} INFO - Setting next_dagrun for example_branch_dop_operator_v3 to 2024-03-27T19:41:00+00:00, run_after=2024-03-27T19:42:00+00:00
[2024-03-27T19:42:10.904+0000] {processor.py:176} INFO - Processing /home/airflow/.local/lib/python3.7/site-packages/airflow/example_dags/example_branch_python_dop_operator_3.py took 0.075 seconds
[2024-03-27T19:42:49.728+0000] {processor.py:154} INFO - Started process (PID=168) to work on /home/airflow/.local/lib/python3.7/site-packages/airflow/example_dags/example_branch_python_dop_operator_3.py
[2024-03-27T19:42:49.734+0000] {processor.py:756} INFO - Processing file /home/airflow/.local/lib/python3.7/site-packages/airflow/example_dags/example_branch_python_dop_operator_3.py for tasks to queue
[2024-03-27T19:42:49.735+0000] {logging_mixin.py:120} INFO - [2024-03-27T19:42:49.735+0000] {dagbag.py:537} INFO - Filling up the DagBag from /home/airflow/.local/lib/python3.7/site-packages/airflow/example_dags/example_branch_python_dop_operator_3.py
[2024-03-27T19:42:49.775+0000] {processor.py:766} INFO - DAG(s) dict_keys(['example_branch_dop_operator_v3']) retrieved from /home/airflow/.local/lib/python3.7/site-packages/airflow/example_dags/example_branch_python_dop_operator_3.py
[2024-03-27T19:42:49.834+0000] {logging_mixin.py:120} INFO - [2024-03-27T19:42:49.834+0000] {dag.py:2585} INFO - Sync 1 DAGs
[2024-03-27T19:42:49.882+0000] {logging_mixin.py:120} INFO - [2024-03-27T19:42:49.882+0000] {dag.py:3340} INFO - Setting next_dagrun for example_branch_dop_operator_v3 to 2024-03-27T19:41:00+00:00, run_after=2024-03-27T19:42:00+00:00
[2024-03-27T19:42:49.923+0000] {processor.py:176} INFO - Processing /home/airflow/.local/lib/python3.7/site-packages/airflow/example_dags/example_branch_python_dop_operator_3.py took 0.208 seconds
[2024-03-27T19:44:27.456+0000] {processor.py:154} INFO - Started process (PID=59) to work on /home/airflow/.local/lib/python3.7/site-packages/airflow/example_dags/example_branch_python_dop_operator_3.py
[2024-03-27T19:44:27.457+0000] {processor.py:756} INFO - Processing file /home/airflow/.local/lib/python3.7/site-packages/airflow/example_dags/example_branch_python_dop_operator_3.py for tasks to queue
[2024-03-27T19:44:27.457+0000] {logging_mixin.py:120} INFO - [2024-03-27T19:44:27.457+0000] {dagbag.py:537} INFO - Filling up the DagBag from /home/airflow/.local/lib/python3.7/site-packages/airflow/example_dags/example_branch_python_dop_operator_3.py
[2024-03-27T19:44:27.480+0000] {processor.py:766} INFO - DAG(s) dict_keys(['example_branch_dop_operator_v3']) retrieved from /home/airflow/.local/lib/python3.7/site-packages/airflow/example_dags/example_branch_python_dop_operator_3.py
[2024-03-27T19:44:27.514+0000] {logging_mixin.py:120} INFO - [2024-03-27T19:44:27.514+0000] {dag.py:2585} INFO - Sync 1 DAGs
[2024-03-27T19:44:27.538+0000] {logging_mixin.py:120} INFO - [2024-03-27T19:44:27.538+0000] {dag.py:3340} INFO - Setting next_dagrun for example_branch_dop_operator_v3 to 2024-03-27T19:43:00+00:00, run_after=2024-03-27T19:44:00+00:00
[2024-03-27T19:44:27.552+0000] {processor.py:176} INFO - Processing /home/airflow/.local/lib/python3.7/site-packages/airflow/example_dags/example_branch_python_dop_operator_3.py took 0.099 seconds
[2024-03-27T19:45:21.314+0000] {processor.py:154} INFO - Started process (PID=118) to work on /home/airflow/.local/lib/python3.7/site-packages/airflow/example_dags/example_branch_python_dop_operator_3.py
[2024-03-27T19:45:21.317+0000] {processor.py:756} INFO - Processing file /home/airflow/.local/lib/python3.7/site-packages/airflow/example_dags/example_branch_python_dop_operator_3.py for tasks to queue
[2024-03-27T19:45:21.317+0000] {logging_mixin.py:120} INFO - [2024-03-27T19:45:21.317+0000] {dagbag.py:537} INFO - Filling up the DagBag from /home/airflow/.local/lib/python3.7/site-packages/airflow/example_dags/example_branch_python_dop_operator_3.py
[2024-03-27T19:45:21.356+0000] {processor.py:766} INFO - DAG(s) dict_keys(['example_branch_dop_operator_v3']) retrieved from /home/airflow/.local/lib/python3.7/site-packages/airflow/example_dags/example_branch_python_dop_operator_3.py
[2024-03-27T19:45:21.438+0000] {logging_mixin.py:120} INFO - [2024-03-27T19:45:21.438+0000] {dag.py:2585} INFO - Sync 1 DAGs
[2024-03-27T19:45:21.500+0000] {logging_mixin.py:120} INFO - [2024-03-27T19:45:21.499+0000] {dag.py:3340} INFO - Setting next_dagrun for example_branch_dop_operator_v3 to 2024-03-27T19:44:00+00:00, run_after=2024-03-27T19:45:00+00:00
[2024-03-27T19:45:21.529+0000] {processor.py:176} INFO - Processing /home/airflow/.local/lib/python3.7/site-packages/airflow/example_dags/example_branch_python_dop_operator_3.py took 0.218 seconds
[2024-03-27T19:46:35.269+0000] {processor.py:154} INFO - Started process (PID=71) to work on /home/airflow/.local/lib/python3.7/site-packages/airflow/example_dags/example_branch_python_dop_operator_3.py
[2024-03-27T19:46:35.273+0000] {processor.py:756} INFO - Processing file /home/airflow/.local/lib/python3.7/site-packages/airflow/example_dags/example_branch_python_dop_operator_3.py for tasks to queue
[2024-03-27T19:46:35.274+0000] {logging_mixin.py:120} INFO - [2024-03-27T19:46:35.274+0000] {dagbag.py:537} INFO - Filling up the DagBag from /home/airflow/.local/lib/python3.7/site-packages/airflow/example_dags/example_branch_python_dop_operator_3.py
[2024-03-27T19:46:35.337+0000] {processor.py:766} INFO - DAG(s) dict_keys(['example_branch_dop_operator_v3']) retrieved from /home/airflow/.local/lib/python3.7/site-packages/airflow/example_dags/example_branch_python_dop_operator_3.py
[2024-03-27T19:46:37.153+0000] {logging_mixin.py:120} INFO - [2024-03-27T19:46:36.958+0000] {dag.py:2585} INFO - Sync 1 DAGs
[2024-03-27T19:46:38.943+0000] {logging_mixin.py:120} INFO - [2024-03-27T19:46:38.942+0000] {dag.py:3340} INFO - Setting next_dagrun for example_branch_dop_operator_v3 to 2024-03-27T19:45:00+00:00, run_after=2024-03-27T19:46:00+00:00
[2024-03-27T19:46:38.976+0000] {processor.py:176} INFO - Processing /home/airflow/.local/lib/python3.7/site-packages/airflow/example_dags/example_branch_python_dop_operator_3.py took 3.717 seconds
[2024-03-27T19:47:23.941+0000] {processor.py:154} INFO - Started process (PID=125) to work on /home/airflow/.local/lib/python3.7/site-packages/airflow/example_dags/example_branch_python_dop_operator_3.py
[2024-03-27T19:47:23.943+0000] {processor.py:756} INFO - Processing file /home/airflow/.local/lib/python3.7/site-packages/airflow/example_dags/example_branch_python_dop_operator_3.py for tasks to queue
[2024-03-27T19:47:23.944+0000] {logging_mixin.py:120} INFO - [2024-03-27T19:47:23.944+0000] {dagbag.py:537} INFO - Filling up the DagBag from /home/airflow/.local/lib/python3.7/site-packages/airflow/example_dags/example_branch_python_dop_operator_3.py
[2024-03-27T19:47:23.985+0000] {processor.py:766} INFO - DAG(s) dict_keys(['example_branch_dop_operator_v3']) retrieved from /home/airflow/.local/lib/python3.7/site-packages/airflow/example_dags/example_branch_python_dop_operator_3.py
[2024-03-27T19:47:24.026+0000] {logging_mixin.py:120} INFO - [2024-03-27T19:47:24.026+0000] {dag.py:2585} INFO - Sync 1 DAGs
[2024-03-27T19:47:24.049+0000] {logging_mixin.py:120} INFO - [2024-03-27T19:47:24.049+0000] {dag.py:3340} INFO - Setting next_dagrun for example_branch_dop_operator_v3 to 2024-03-27T19:46:00+00:00, run_after=2024-03-27T19:47:00+00:00
[2024-03-27T19:47:24.076+0000] {processor.py:176} INFO - Processing /home/airflow/.local/lib/python3.7/site-packages/airflow/example_dags/example_branch_python_dop_operator_3.py took 0.139 seconds
[2024-03-27T19:47:46.891+0000] {processor.py:154} INFO - Started process (PID=58) to work on /home/airflow/.local/lib/python3.7/site-packages/airflow/example_dags/example_branch_python_dop_operator_3.py
[2024-03-27T19:47:46.892+0000] {processor.py:756} INFO - Processing file /home/airflow/.local/lib/python3.7/site-packages/airflow/example_dags/example_branch_python_dop_operator_3.py for tasks to queue
[2024-03-27T19:47:46.892+0000] {logging_mixin.py:120} INFO - [2024-03-27T19:47:46.892+0000] {dagbag.py:537} INFO - Filling up the DagBag from /home/airflow/.local/lib/python3.7/site-packages/airflow/example_dags/example_branch_python_dop_operator_3.py
[2024-03-27T19:47:46.909+0000] {processor.py:766} INFO - DAG(s) dict_keys(['example_branch_dop_operator_v3']) retrieved from /home/airflow/.local/lib/python3.7/site-packages/airflow/example_dags/example_branch_python_dop_operator_3.py
[2024-03-27T19:47:46.935+0000] {logging_mixin.py:120} INFO - [2024-03-27T19:47:46.935+0000] {dag.py:2585} INFO - Sync 1 DAGs
[2024-03-27T19:47:46.957+0000] {logging_mixin.py:120} INFO - [2024-03-27T19:47:46.957+0000] {dag.py:3340} INFO - Setting next_dagrun for example_branch_dop_operator_v3 to 2024-03-27T19:46:00+00:00, run_after=2024-03-27T19:47:00+00:00
[2024-03-27T19:47:46.974+0000] {processor.py:176} INFO - Processing /home/airflow/.local/lib/python3.7/site-packages/airflow/example_dags/example_branch_python_dop_operator_3.py took 0.086 seconds
[2024-03-27T19:48:35.005+0000] {processor.py:154} INFO - Started process (PID=115) to work on /home/airflow/.local/lib/python3.7/site-packages/airflow/example_dags/example_branch_python_dop_operator_3.py
[2024-03-27T19:48:35.008+0000] {processor.py:756} INFO - Processing file /home/airflow/.local/lib/python3.7/site-packages/airflow/example_dags/example_branch_python_dop_operator_3.py for tasks to queue
[2024-03-27T19:48:35.009+0000] {logging_mixin.py:120} INFO - [2024-03-27T19:48:35.009+0000] {dagbag.py:537} INFO - Filling up the DagBag from /home/airflow/.local/lib/python3.7/site-packages/airflow/example_dags/example_branch_python_dop_operator_3.py
[2024-03-27T19:48:35.062+0000] {processor.py:766} INFO - DAG(s) dict_keys(['example_branch_dop_operator_v3']) retrieved from /home/airflow/.local/lib/python3.7/site-packages/airflow/example_dags/example_branch_python_dop_operator_3.py
[2024-03-27T19:48:35.094+0000] {logging_mixin.py:120} INFO - [2024-03-27T19:48:35.094+0000] {dag.py:2585} INFO - Sync 1 DAGs
[2024-03-27T19:48:35.123+0000] {logging_mixin.py:120} INFO - [2024-03-27T19:48:35.123+0000] {dag.py:3340} INFO - Setting next_dagrun for example_branch_dop_operator_v3 to 2024-03-27T19:47:00+00:00, run_after=2024-03-27T19:48:00+00:00
[2024-03-27T19:48:35.146+0000] {processor.py:176} INFO - Processing /home/airflow/.local/lib/python3.7/site-packages/airflow/example_dags/example_branch_python_dop_operator_3.py took 0.145 seconds
[2024-03-27T19:49:26.595+0000] {processor.py:154} INFO - Started process (PID=59) to work on /home/airflow/.local/lib/python3.7/site-packages/airflow/example_dags/example_branch_python_dop_operator_3.py
[2024-03-27T19:49:26.596+0000] {processor.py:756} INFO - Processing file /home/airflow/.local/lib/python3.7/site-packages/airflow/example_dags/example_branch_python_dop_operator_3.py for tasks to queue
[2024-03-27T19:49:26.596+0000] {logging_mixin.py:120} INFO - [2024-03-27T19:49:26.596+0000] {dagbag.py:537} INFO - Filling up the DagBag from /home/airflow/.local/lib/python3.7/site-packages/airflow/example_dags/example_branch_python_dop_operator_3.py
[2024-03-27T19:49:26.614+0000] {processor.py:766} INFO - DAG(s) dict_keys(['example_branch_dop_operator_v3']) retrieved from /home/airflow/.local/lib/python3.7/site-packages/airflow/example_dags/example_branch_python_dop_operator_3.py
[2024-03-27T19:49:26.646+0000] {logging_mixin.py:120} INFO - [2024-03-27T19:49:26.646+0000] {dag.py:2585} INFO - Sync 1 DAGs
[2024-03-27T19:49:26.676+0000] {logging_mixin.py:120} INFO - [2024-03-27T19:49:26.676+0000] {dag.py:3340} INFO - Setting next_dagrun for example_branch_dop_operator_v3 to 2024-03-27T19:48:00+00:00, run_after=2024-03-27T19:49:00+00:00
[2024-03-27T19:49:26.695+0000] {processor.py:176} INFO - Processing /home/airflow/.local/lib/python3.7/site-packages/airflow/example_dags/example_branch_python_dop_operator_3.py took 0.102 seconds
[2024-03-27T19:50:01.305+0000] {processor.py:154} INFO - Started process (PID=117) to work on /home/airflow/.local/lib/python3.7/site-packages/airflow/example_dags/example_branch_python_dop_operator_3.py
[2024-03-27T19:50:01.308+0000] {processor.py:756} INFO - Processing file /home/airflow/.local/lib/python3.7/site-packages/airflow/example_dags/example_branch_python_dop_operator_3.py for tasks to queue
[2024-03-27T19:50:01.308+0000] {logging_mixin.py:120} INFO - [2024-03-27T19:50:01.308+0000] {dagbag.py:537} INFO - Filling up the DagBag from /home/airflow/.local/lib/python3.7/site-packages/airflow/example_dags/example_branch_python_dop_operator_3.py
[2024-03-27T19:50:01.328+0000] {processor.py:766} INFO - DAG(s) dict_keys(['example_branch_dop_operator_v3']) retrieved from /home/airflow/.local/lib/python3.7/site-packages/airflow/example_dags/example_branch_python_dop_operator_3.py
[2024-03-27T19:50:01.358+0000] {logging_mixin.py:120} INFO - [2024-03-27T19:50:01.358+0000] {dag.py:2585} INFO - Sync 1 DAGs
[2024-03-27T19:50:01.381+0000] {logging_mixin.py:120} INFO - [2024-03-27T19:50:01.381+0000] {dag.py:3340} INFO - Setting next_dagrun for example_branch_dop_operator_v3 to 2024-03-27T19:49:00+00:00, run_after=2024-03-27T19:50:00+00:00
[2024-03-27T19:50:01.395+0000] {processor.py:176} INFO - Processing /home/airflow/.local/lib/python3.7/site-packages/airflow/example_dags/example_branch_python_dop_operator_3.py took 0.093 seconds
[2024-03-27T19:54:19.343+0000] {processor.py:154} INFO - Started process (PID=51) to work on /home/airflow/.local/lib/python3.7/site-packages/airflow/example_dags/example_branch_python_dop_operator_3.py
[2024-03-27T19:54:19.346+0000] {processor.py:756} INFO - Processing file /home/airflow/.local/lib/python3.7/site-packages/airflow/example_dags/example_branch_python_dop_operator_3.py for tasks to queue
[2024-03-27T19:54:19.348+0000] {logging_mixin.py:120} INFO - [2024-03-27T19:54:19.347+0000] {dagbag.py:537} INFO - Filling up the DagBag from /home/airflow/.local/lib/python3.7/site-packages/airflow/example_dags/example_branch_python_dop_operator_3.py
[2024-03-27T19:54:19.404+0000] {processor.py:766} INFO - DAG(s) dict_keys(['example_branch_dop_operator_v3']) retrieved from /home/airflow/.local/lib/python3.7/site-packages/airflow/example_dags/example_branch_python_dop_operator_3.py
[2024-03-27T19:54:19.440+0000] {logging_mixin.py:120} INFO - [2024-03-27T19:54:19.440+0000] {dag.py:2585} INFO - Sync 1 DAGs
[2024-03-27T19:54:19.508+0000] {logging_mixin.py:120} INFO - [2024-03-27T19:54:19.508+0000] {dag.py:3340} INFO - Setting next_dagrun for example_branch_dop_operator_v3 to 2024-03-27T19:53:00+00:00, run_after=2024-03-27T19:54:00+00:00
[2024-03-27T19:54:19.627+0000] {processor.py:176} INFO - Processing /home/airflow/.local/lib/python3.7/site-packages/airflow/example_dags/example_branch_python_dop_operator_3.py took 0.288 seconds
