[2024-03-27T19:09:23.339+0000] {processor.py:154} INFO - Started process (PID=37) to work on /home/airflow/.local/lib/python3.7/site-packages/airflow/example_dags/example_kubernetes_executor.py
[2024-03-27T19:09:23.341+0000] {processor.py:756} INFO - Processing file /home/airflow/.local/lib/python3.7/site-packages/airflow/example_dags/example_kubernetes_executor.py for tasks to queue
[2024-03-27T19:09:23.342+0000] {logging_mixin.py:120} INFO - [2024-03-27T19:09:23.342+0000] {dagbag.py:537} INFO - Filling up the DagBag from /home/airflow/.local/lib/python3.7/site-packages/airflow/example_dags/example_kubernetes_executor.py
[2024-03-27T19:09:23.408+0000] {processor.py:766} INFO - DAG(s) dict_keys(['example_kubernetes_executor']) retrieved from /home/airflow/.local/lib/python3.7/site-packages/airflow/example_dags/example_kubernetes_executor.py
[2024-03-27T19:09:23.592+0000] {logging_mixin.py:120} INFO - [2024-03-27T19:09:23.592+0000] {dag.py:2585} INFO - Sync 1 DAGs
[2024-03-27T19:09:23.738+0000] {logging_mixin.py:120} INFO - [2024-03-27T19:09:23.738+0000] {dag.py:3340} INFO - Setting next_dagrun for example_kubernetes_executor to None, run_after=None
[2024-03-27T19:09:23.846+0000] {processor.py:176} INFO - Processing /home/airflow/.local/lib/python3.7/site-packages/airflow/example_dags/example_kubernetes_executor.py took 0.510 seconds
[2024-03-27T19:09:54.234+0000] {processor.py:154} INFO - Started process (PID=93) to work on /home/airflow/.local/lib/python3.7/site-packages/airflow/example_dags/example_kubernetes_executor.py
[2024-03-27T19:09:54.236+0000] {processor.py:756} INFO - Processing file /home/airflow/.local/lib/python3.7/site-packages/airflow/example_dags/example_kubernetes_executor.py for tasks to queue
[2024-03-27T19:09:54.238+0000] {logging_mixin.py:120} INFO - [2024-03-27T19:09:54.238+0000] {dagbag.py:537} INFO - Filling up the DagBag from /home/airflow/.local/lib/python3.7/site-packages/airflow/example_dags/example_kubernetes_executor.py
[2024-03-27T19:09:54.506+0000] {processor.py:766} INFO - DAG(s) dict_keys(['example_kubernetes_executor']) retrieved from /home/airflow/.local/lib/python3.7/site-packages/airflow/example_dags/example_kubernetes_executor.py
[2024-03-27T19:09:54.799+0000] {logging_mixin.py:120} INFO - [2024-03-27T19:09:54.799+0000] {dag.py:2585} INFO - Sync 1 DAGs
[2024-03-27T19:09:54.896+0000] {logging_mixin.py:120} INFO - [2024-03-27T19:09:54.896+0000] {dag.py:3340} INFO - Setting next_dagrun for example_kubernetes_executor to None, run_after=None
[2024-03-27T19:09:55.031+0000] {processor.py:176} INFO - Processing /home/airflow/.local/lib/python3.7/site-packages/airflow/example_dags/example_kubernetes_executor.py took 0.811 seconds
[2024-03-27T19:10:25.367+0000] {processor.py:154} INFO - Started process (PID=154) to work on /home/airflow/.local/lib/python3.7/site-packages/airflow/example_dags/example_kubernetes_executor.py
[2024-03-27T19:10:25.368+0000] {processor.py:756} INFO - Processing file /home/airflow/.local/lib/python3.7/site-packages/airflow/example_dags/example_kubernetes_executor.py for tasks to queue
[2024-03-27T19:10:25.369+0000] {logging_mixin.py:120} INFO - [2024-03-27T19:10:25.368+0000] {dagbag.py:537} INFO - Filling up the DagBag from /home/airflow/.local/lib/python3.7/site-packages/airflow/example_dags/example_kubernetes_executor.py
[2024-03-27T19:10:25.436+0000] {processor.py:766} INFO - DAG(s) dict_keys(['example_kubernetes_executor']) retrieved from /home/airflow/.local/lib/python3.7/site-packages/airflow/example_dags/example_kubernetes_executor.py
[2024-03-27T19:10:25.494+0000] {logging_mixin.py:120} INFO - [2024-03-27T19:10:25.494+0000] {dag.py:2585} INFO - Sync 1 DAGs
[2024-03-27T19:10:25.552+0000] {logging_mixin.py:120} INFO - [2024-03-27T19:10:25.552+0000] {dag.py:3340} INFO - Setting next_dagrun for example_kubernetes_executor to None, run_after=None
[2024-03-27T19:10:25.604+0000] {processor.py:176} INFO - Processing /home/airflow/.local/lib/python3.7/site-packages/airflow/example_dags/example_kubernetes_executor.py took 0.240 seconds
[2024-03-27T19:10:38.706+0000] {processor.py:154} INFO - Started process (PID=37) to work on /home/airflow/.local/lib/python3.7/site-packages/airflow/example_dags/example_kubernetes_executor.py
[2024-03-27T19:10:38.707+0000] {processor.py:756} INFO - Processing file /home/airflow/.local/lib/python3.7/site-packages/airflow/example_dags/example_kubernetes_executor.py for tasks to queue
[2024-03-27T19:10:38.708+0000] {logging_mixin.py:120} INFO - [2024-03-27T19:10:38.707+0000] {dagbag.py:537} INFO - Filling up the DagBag from /home/airflow/.local/lib/python3.7/site-packages/airflow/example_dags/example_kubernetes_executor.py
[2024-03-27T19:10:38.731+0000] {processor.py:766} INFO - DAG(s) dict_keys(['example_kubernetes_executor']) retrieved from /home/airflow/.local/lib/python3.7/site-packages/airflow/example_dags/example_kubernetes_executor.py
[2024-03-27T19:10:38.767+0000] {logging_mixin.py:120} INFO - [2024-03-27T19:10:38.767+0000] {dag.py:2585} INFO - Sync 1 DAGs
[2024-03-27T19:10:38.792+0000] {logging_mixin.py:120} INFO - [2024-03-27T19:10:38.792+0000] {dag.py:3340} INFO - Setting next_dagrun for example_kubernetes_executor to None, run_after=None
[2024-03-27T19:10:38.811+0000] {processor.py:176} INFO - Processing /home/airflow/.local/lib/python3.7/site-packages/airflow/example_dags/example_kubernetes_executor.py took 0.108 seconds
[2024-03-27T19:11:12.133+0000] {processor.py:154} INFO - Started process (PID=87) to work on /home/airflow/.local/lib/python3.7/site-packages/airflow/example_dags/example_kubernetes_executor.py
[2024-03-27T19:11:12.134+0000] {processor.py:756} INFO - Processing file /home/airflow/.local/lib/python3.7/site-packages/airflow/example_dags/example_kubernetes_executor.py for tasks to queue
[2024-03-27T19:11:12.135+0000] {logging_mixin.py:120} INFO - [2024-03-27T19:11:12.135+0000] {dagbag.py:537} INFO - Filling up the DagBag from /home/airflow/.local/lib/python3.7/site-packages/airflow/example_dags/example_kubernetes_executor.py
[2024-03-27T19:11:12.170+0000] {processor.py:766} INFO - DAG(s) dict_keys(['example_kubernetes_executor']) retrieved from /home/airflow/.local/lib/python3.7/site-packages/airflow/example_dags/example_kubernetes_executor.py
[2024-03-27T19:11:12.224+0000] {logging_mixin.py:120} INFO - [2024-03-27T19:11:12.224+0000] {dag.py:2585} INFO - Sync 1 DAGs
[2024-03-27T19:11:12.272+0000] {logging_mixin.py:120} INFO - [2024-03-27T19:11:12.272+0000] {dag.py:3340} INFO - Setting next_dagrun for example_kubernetes_executor to None, run_after=None
[2024-03-27T19:11:12.301+0000] {processor.py:176} INFO - Processing /home/airflow/.local/lib/python3.7/site-packages/airflow/example_dags/example_kubernetes_executor.py took 0.170 seconds
[2024-03-27T19:11:44.115+0000] {processor.py:154} INFO - Started process (PID=144) to work on /home/airflow/.local/lib/python3.7/site-packages/airflow/example_dags/example_kubernetes_executor.py
[2024-03-27T19:11:44.117+0000] {processor.py:756} INFO - Processing file /home/airflow/.local/lib/python3.7/site-packages/airflow/example_dags/example_kubernetes_executor.py for tasks to queue
[2024-03-27T19:11:44.120+0000] {logging_mixin.py:120} INFO - [2024-03-27T19:11:44.119+0000] {dagbag.py:537} INFO - Filling up the DagBag from /home/airflow/.local/lib/python3.7/site-packages/airflow/example_dags/example_kubernetes_executor.py
[2024-03-27T19:11:44.180+0000] {processor.py:766} INFO - DAG(s) dict_keys(['example_kubernetes_executor']) retrieved from /home/airflow/.local/lib/python3.7/site-packages/airflow/example_dags/example_kubernetes_executor.py
[2024-03-27T19:11:44.347+0000] {logging_mixin.py:120} INFO - [2024-03-27T19:11:44.347+0000] {dag.py:2585} INFO - Sync 1 DAGs
[2024-03-27T19:11:44.380+0000] {logging_mixin.py:120} INFO - [2024-03-27T19:11:44.380+0000] {dag.py:3340} INFO - Setting next_dagrun for example_kubernetes_executor to None, run_after=None
[2024-03-27T19:11:44.426+0000] {processor.py:176} INFO - Processing /home/airflow/.local/lib/python3.7/site-packages/airflow/example_dags/example_kubernetes_executor.py took 0.320 seconds
[2024-03-27T19:12:19.524+0000] {processor.py:154} INFO - Started process (PID=47) to work on /home/airflow/.local/lib/python3.7/site-packages/airflow/example_dags/example_kubernetes_executor.py
[2024-03-27T19:12:19.525+0000] {processor.py:756} INFO - Processing file /home/airflow/.local/lib/python3.7/site-packages/airflow/example_dags/example_kubernetes_executor.py for tasks to queue
[2024-03-27T19:12:19.527+0000] {logging_mixin.py:120} INFO - [2024-03-27T19:12:19.526+0000] {dagbag.py:537} INFO - Filling up the DagBag from /home/airflow/.local/lib/python3.7/site-packages/airflow/example_dags/example_kubernetes_executor.py
[2024-03-27T19:12:19.565+0000] {processor.py:766} INFO - DAG(s) dict_keys(['example_kubernetes_executor']) retrieved from /home/airflow/.local/lib/python3.7/site-packages/airflow/example_dags/example_kubernetes_executor.py
[2024-03-27T19:12:19.667+0000] {logging_mixin.py:120} INFO - [2024-03-27T19:12:19.667+0000] {dag.py:2585} INFO - Sync 1 DAGs
[2024-03-27T19:12:19.796+0000] {logging_mixin.py:120} INFO - [2024-03-27T19:12:19.795+0000] {dag.py:3340} INFO - Setting next_dagrun for example_kubernetes_executor to None, run_after=None
[2024-03-27T19:12:19.834+0000] {processor.py:176} INFO - Processing /home/airflow/.local/lib/python3.7/site-packages/airflow/example_dags/example_kubernetes_executor.py took 0.314 seconds
[2024-03-27T19:12:49.959+0000] {processor.py:154} INFO - Started process (PID=96) to work on /home/airflow/.local/lib/python3.7/site-packages/airflow/example_dags/example_kubernetes_executor.py
[2024-03-27T19:12:49.961+0000] {processor.py:756} INFO - Processing file /home/airflow/.local/lib/python3.7/site-packages/airflow/example_dags/example_kubernetes_executor.py for tasks to queue
[2024-03-27T19:12:49.962+0000] {logging_mixin.py:120} INFO - [2024-03-27T19:12:49.962+0000] {dagbag.py:537} INFO - Filling up the DagBag from /home/airflow/.local/lib/python3.7/site-packages/airflow/example_dags/example_kubernetes_executor.py
[2024-03-27T19:12:49.993+0000] {processor.py:766} INFO - DAG(s) dict_keys(['example_kubernetes_executor']) retrieved from /home/airflow/.local/lib/python3.7/site-packages/airflow/example_dags/example_kubernetes_executor.py
[2024-03-27T19:12:50.039+0000] {logging_mixin.py:120} INFO - [2024-03-27T19:12:50.039+0000] {dag.py:2585} INFO - Sync 1 DAGs
[2024-03-27T19:12:50.061+0000] {logging_mixin.py:120} INFO - [2024-03-27T19:12:50.060+0000] {dag.py:3340} INFO - Setting next_dagrun for example_kubernetes_executor to None, run_after=None
[2024-03-27T19:12:50.075+0000] {processor.py:176} INFO - Processing /home/airflow/.local/lib/python3.7/site-packages/airflow/example_dags/example_kubernetes_executor.py took 0.118 seconds
[2024-03-27T19:13:27.829+0000] {processor.py:154} INFO - Started process (PID=157) to work on /home/airflow/.local/lib/python3.7/site-packages/airflow/example_dags/example_kubernetes_executor.py
[2024-03-27T19:13:27.832+0000] {processor.py:756} INFO - Processing file /home/airflow/.local/lib/python3.7/site-packages/airflow/example_dags/example_kubernetes_executor.py for tasks to queue
[2024-03-27T19:13:27.834+0000] {logging_mixin.py:120} INFO - [2024-03-27T19:13:27.833+0000] {dagbag.py:537} INFO - Filling up the DagBag from /home/airflow/.local/lib/python3.7/site-packages/airflow/example_dags/example_kubernetes_executor.py
[2024-03-27T19:13:27.940+0000] {processor.py:766} INFO - DAG(s) dict_keys(['example_kubernetes_executor']) retrieved from /home/airflow/.local/lib/python3.7/site-packages/airflow/example_dags/example_kubernetes_executor.py
[2024-03-27T19:13:28.237+0000] {logging_mixin.py:120} INFO - [2024-03-27T19:13:28.236+0000] {dag.py:2585} INFO - Sync 1 DAGs
[2024-03-27T19:13:28.273+0000] {logging_mixin.py:120} INFO - [2024-03-27T19:13:28.272+0000] {dag.py:3340} INFO - Setting next_dagrun for example_kubernetes_executor to None, run_after=None
[2024-03-27T19:13:28.309+0000] {processor.py:176} INFO - Processing /home/airflow/.local/lib/python3.7/site-packages/airflow/example_dags/example_kubernetes_executor.py took 0.495 seconds
[2024-03-27T19:13:55.770+0000] {processor.py:154} INFO - Started process (PID=46) to work on /home/airflow/.local/lib/python3.7/site-packages/airflow/example_dags/example_kubernetes_executor.py
[2024-03-27T19:13:55.771+0000] {processor.py:756} INFO - Processing file /home/airflow/.local/lib/python3.7/site-packages/airflow/example_dags/example_kubernetes_executor.py for tasks to queue
[2024-03-27T19:13:55.772+0000] {logging_mixin.py:120} INFO - [2024-03-27T19:13:55.771+0000] {dagbag.py:537} INFO - Filling up the DagBag from /home/airflow/.local/lib/python3.7/site-packages/airflow/example_dags/example_kubernetes_executor.py
[2024-03-27T19:13:55.794+0000] {processor.py:766} INFO - DAG(s) dict_keys(['example_kubernetes_executor']) retrieved from /home/airflow/.local/lib/python3.7/site-packages/airflow/example_dags/example_kubernetes_executor.py
[2024-03-27T19:13:55.826+0000] {logging_mixin.py:120} INFO - [2024-03-27T19:13:55.825+0000] {dag.py:2585} INFO - Sync 1 DAGs
[2024-03-27T19:13:55.843+0000] {logging_mixin.py:120} INFO - [2024-03-27T19:13:55.843+0000] {dag.py:3340} INFO - Setting next_dagrun for example_kubernetes_executor to None, run_after=None
[2024-03-27T19:13:55.857+0000] {processor.py:176} INFO - Processing /home/airflow/.local/lib/python3.7/site-packages/airflow/example_dags/example_kubernetes_executor.py took 0.089 seconds
[2024-03-27T19:14:26.495+0000] {processor.py:154} INFO - Started process (PID=96) to work on /home/airflow/.local/lib/python3.7/site-packages/airflow/example_dags/example_kubernetes_executor.py
[2024-03-27T19:14:26.496+0000] {processor.py:756} INFO - Processing file /home/airflow/.local/lib/python3.7/site-packages/airflow/example_dags/example_kubernetes_executor.py for tasks to queue
[2024-03-27T19:14:26.497+0000] {logging_mixin.py:120} INFO - [2024-03-27T19:14:26.497+0000] {dagbag.py:537} INFO - Filling up the DagBag from /home/airflow/.local/lib/python3.7/site-packages/airflow/example_dags/example_kubernetes_executor.py
[2024-03-27T19:14:26.532+0000] {processor.py:766} INFO - DAG(s) dict_keys(['example_kubernetes_executor']) retrieved from /home/airflow/.local/lib/python3.7/site-packages/airflow/example_dags/example_kubernetes_executor.py
[2024-03-27T19:14:26.571+0000] {logging_mixin.py:120} INFO - [2024-03-27T19:14:26.571+0000] {dag.py:2585} INFO - Sync 1 DAGs
[2024-03-27T19:14:26.589+0000] {logging_mixin.py:120} INFO - [2024-03-27T19:14:26.589+0000] {dag.py:3340} INFO - Setting next_dagrun for example_kubernetes_executor to None, run_after=None
[2024-03-27T19:14:26.603+0000] {processor.py:176} INFO - Processing /home/airflow/.local/lib/python3.7/site-packages/airflow/example_dags/example_kubernetes_executor.py took 0.112 seconds
[2024-03-27T19:14:57.339+0000] {processor.py:154} INFO - Started process (PID=155) to work on /home/airflow/.local/lib/python3.7/site-packages/airflow/example_dags/example_kubernetes_executor.py
[2024-03-27T19:14:57.340+0000] {processor.py:756} INFO - Processing file /home/airflow/.local/lib/python3.7/site-packages/airflow/example_dags/example_kubernetes_executor.py for tasks to queue
[2024-03-27T19:14:57.342+0000] {logging_mixin.py:120} INFO - [2024-03-27T19:14:57.342+0000] {dagbag.py:537} INFO - Filling up the DagBag from /home/airflow/.local/lib/python3.7/site-packages/airflow/example_dags/example_kubernetes_executor.py
[2024-03-27T19:14:57.390+0000] {processor.py:766} INFO - DAG(s) dict_keys(['example_kubernetes_executor']) retrieved from /home/airflow/.local/lib/python3.7/site-packages/airflow/example_dags/example_kubernetes_executor.py
[2024-03-27T19:14:57.460+0000] {logging_mixin.py:120} INFO - [2024-03-27T19:14:57.460+0000] {dag.py:2585} INFO - Sync 1 DAGs
[2024-03-27T19:14:57.505+0000] {logging_mixin.py:120} INFO - [2024-03-27T19:14:57.504+0000] {dag.py:3340} INFO - Setting next_dagrun for example_kubernetes_executor to None, run_after=None
[2024-03-27T19:14:57.516+0000] {processor.py:176} INFO - Processing /home/airflow/.local/lib/python3.7/site-packages/airflow/example_dags/example_kubernetes_executor.py took 0.182 seconds
[2024-03-27T19:15:20.291+0000] {processor.py:154} INFO - Started process (PID=46) to work on /home/airflow/.local/lib/python3.7/site-packages/airflow/example_dags/example_kubernetes_executor.py
[2024-03-27T19:15:20.292+0000] {processor.py:756} INFO - Processing file /home/airflow/.local/lib/python3.7/site-packages/airflow/example_dags/example_kubernetes_executor.py for tasks to queue
[2024-03-27T19:15:20.292+0000] {logging_mixin.py:120} INFO - [2024-03-27T19:15:20.292+0000] {dagbag.py:537} INFO - Filling up the DagBag from /home/airflow/.local/lib/python3.7/site-packages/airflow/example_dags/example_kubernetes_executor.py
[2024-03-27T19:15:20.310+0000] {processor.py:766} INFO - DAG(s) dict_keys(['example_kubernetes_executor']) retrieved from /home/airflow/.local/lib/python3.7/site-packages/airflow/example_dags/example_kubernetes_executor.py
[2024-03-27T19:15:20.336+0000] {logging_mixin.py:120} INFO - [2024-03-27T19:15:20.336+0000] {dag.py:2585} INFO - Sync 1 DAGs
[2024-03-27T19:15:20.354+0000] {logging_mixin.py:120} INFO - [2024-03-27T19:15:20.354+0000] {dag.py:3340} INFO - Setting next_dagrun for example_kubernetes_executor to None, run_after=None
[2024-03-27T19:15:20.385+0000] {processor.py:176} INFO - Processing /home/airflow/.local/lib/python3.7/site-packages/airflow/example_dags/example_kubernetes_executor.py took 0.097 seconds
[2024-03-27T19:15:51.401+0000] {processor.py:154} INFO - Started process (PID=104) to work on /home/airflow/.local/lib/python3.7/site-packages/airflow/example_dags/example_kubernetes_executor.py
[2024-03-27T19:15:51.403+0000] {processor.py:756} INFO - Processing file /home/airflow/.local/lib/python3.7/site-packages/airflow/example_dags/example_kubernetes_executor.py for tasks to queue
[2024-03-27T19:15:51.404+0000] {logging_mixin.py:120} INFO - [2024-03-27T19:15:51.404+0000] {dagbag.py:537} INFO - Filling up the DagBag from /home/airflow/.local/lib/python3.7/site-packages/airflow/example_dags/example_kubernetes_executor.py
[2024-03-27T19:15:51.467+0000] {processor.py:766} INFO - DAG(s) dict_keys(['example_kubernetes_executor']) retrieved from /home/airflow/.local/lib/python3.7/site-packages/airflow/example_dags/example_kubernetes_executor.py
[2024-03-27T19:15:51.542+0000] {logging_mixin.py:120} INFO - [2024-03-27T19:15:51.542+0000] {dag.py:2585} INFO - Sync 1 DAGs
[2024-03-27T19:15:51.581+0000] {logging_mixin.py:120} INFO - [2024-03-27T19:15:51.581+0000] {dag.py:3340} INFO - Setting next_dagrun for example_kubernetes_executor to None, run_after=None
[2024-03-27T19:15:51.617+0000] {processor.py:176} INFO - Processing /home/airflow/.local/lib/python3.7/site-packages/airflow/example_dags/example_kubernetes_executor.py took 0.221 seconds
[2024-03-27T19:16:21.842+0000] {processor.py:154} INFO - Started process (PID=162) to work on /home/airflow/.local/lib/python3.7/site-packages/airflow/example_dags/example_kubernetes_executor.py
[2024-03-27T19:16:21.846+0000] {processor.py:756} INFO - Processing file /home/airflow/.local/lib/python3.7/site-packages/airflow/example_dags/example_kubernetes_executor.py for tasks to queue
[2024-03-27T19:16:21.847+0000] {logging_mixin.py:120} INFO - [2024-03-27T19:16:21.847+0000] {dagbag.py:537} INFO - Filling up the DagBag from /home/airflow/.local/lib/python3.7/site-packages/airflow/example_dags/example_kubernetes_executor.py
[2024-03-27T19:16:21.935+0000] {processor.py:766} INFO - DAG(s) dict_keys(['example_kubernetes_executor']) retrieved from /home/airflow/.local/lib/python3.7/site-packages/airflow/example_dags/example_kubernetes_executor.py
[2024-03-27T19:16:22.094+0000] {logging_mixin.py:120} INFO - [2024-03-27T19:16:22.094+0000] {dag.py:2585} INFO - Sync 1 DAGs
[2024-03-27T19:16:22.148+0000] {logging_mixin.py:120} INFO - [2024-03-27T19:16:22.148+0000] {dag.py:3340} INFO - Setting next_dagrun for example_kubernetes_executor to None, run_after=None
[2024-03-27T19:16:22.191+0000] {processor.py:176} INFO - Processing /home/airflow/.local/lib/python3.7/site-packages/airflow/example_dags/example_kubernetes_executor.py took 0.351 seconds
[2024-03-27T19:16:49.354+0000] {processor.py:154} INFO - Started process (PID=45) to work on /home/airflow/.local/lib/python3.7/site-packages/airflow/example_dags/example_kubernetes_executor.py
[2024-03-27T19:16:49.355+0000] {processor.py:756} INFO - Processing file /home/airflow/.local/lib/python3.7/site-packages/airflow/example_dags/example_kubernetes_executor.py for tasks to queue
[2024-03-27T19:16:49.356+0000] {logging_mixin.py:120} INFO - [2024-03-27T19:16:49.355+0000] {dagbag.py:537} INFO - Filling up the DagBag from /home/airflow/.local/lib/python3.7/site-packages/airflow/example_dags/example_kubernetes_executor.py
[2024-03-27T19:16:49.395+0000] {processor.py:766} INFO - DAG(s) dict_keys(['example_kubernetes_executor']) retrieved from /home/airflow/.local/lib/python3.7/site-packages/airflow/example_dags/example_kubernetes_executor.py
[2024-03-27T19:16:49.428+0000] {logging_mixin.py:120} INFO - [2024-03-27T19:16:49.428+0000] {dag.py:2585} INFO - Sync 1 DAGs
[2024-03-27T19:16:49.450+0000] {logging_mixin.py:120} INFO - [2024-03-27T19:16:49.449+0000] {dag.py:3340} INFO - Setting next_dagrun for example_kubernetes_executor to None, run_after=None
[2024-03-27T19:16:49.470+0000] {processor.py:176} INFO - Processing /home/airflow/.local/lib/python3.7/site-packages/airflow/example_dags/example_kubernetes_executor.py took 0.118 seconds
[2024-03-27T19:17:23.415+0000] {processor.py:154} INFO - Started process (PID=103) to work on /home/airflow/.local/lib/python3.7/site-packages/airflow/example_dags/example_kubernetes_executor.py
[2024-03-27T19:17:23.420+0000] {processor.py:756} INFO - Processing file /home/airflow/.local/lib/python3.7/site-packages/airflow/example_dags/example_kubernetes_executor.py for tasks to queue
[2024-03-27T19:17:23.422+0000] {logging_mixin.py:120} INFO - [2024-03-27T19:17:23.421+0000] {dagbag.py:537} INFO - Filling up the DagBag from /home/airflow/.local/lib/python3.7/site-packages/airflow/example_dags/example_kubernetes_executor.py
[2024-03-27T19:17:23.636+0000] {processor.py:766} INFO - DAG(s) dict_keys(['example_kubernetes_executor']) retrieved from /home/airflow/.local/lib/python3.7/site-packages/airflow/example_dags/example_kubernetes_executor.py
[2024-03-27T19:17:24.123+0000] {logging_mixin.py:120} INFO - [2024-03-27T19:17:24.122+0000] {dag.py:2585} INFO - Sync 1 DAGs
[2024-03-27T19:17:24.356+0000] {logging_mixin.py:120} INFO - [2024-03-27T19:17:24.356+0000] {dag.py:3340} INFO - Setting next_dagrun for example_kubernetes_executor to None, run_after=None
[2024-03-27T19:17:24.438+0000] {processor.py:176} INFO - Processing /home/airflow/.local/lib/python3.7/site-packages/airflow/example_dags/example_kubernetes_executor.py took 1.037 seconds
[2024-03-27T19:18:18.729+0000] {processor.py:154} INFO - Started process (PID=46) to work on /home/airflow/.local/lib/python3.7/site-packages/airflow/example_dags/example_kubernetes_executor.py
[2024-03-27T19:18:18.731+0000] {processor.py:756} INFO - Processing file /home/airflow/.local/lib/python3.7/site-packages/airflow/example_dags/example_kubernetes_executor.py for tasks to queue
[2024-03-27T19:18:18.732+0000] {logging_mixin.py:120} INFO - [2024-03-27T19:18:18.732+0000] {dagbag.py:537} INFO - Filling up the DagBag from /home/airflow/.local/lib/python3.7/site-packages/airflow/example_dags/example_kubernetes_executor.py
[2024-03-27T19:18:18.766+0000] {processor.py:766} INFO - DAG(s) dict_keys(['example_kubernetes_executor']) retrieved from /home/airflow/.local/lib/python3.7/site-packages/airflow/example_dags/example_kubernetes_executor.py
[2024-03-27T19:18:18.803+0000] {logging_mixin.py:120} INFO - [2024-03-27T19:18:18.803+0000] {dag.py:2585} INFO - Sync 1 DAGs
[2024-03-27T19:18:18.825+0000] {logging_mixin.py:120} INFO - [2024-03-27T19:18:18.825+0000] {dag.py:3340} INFO - Setting next_dagrun for example_kubernetes_executor to None, run_after=None
[2024-03-27T19:18:18.839+0000] {processor.py:176} INFO - Processing /home/airflow/.local/lib/python3.7/site-packages/airflow/example_dags/example_kubernetes_executor.py took 0.112 seconds
[2024-03-27T19:18:49.258+0000] {processor.py:154} INFO - Started process (PID=103) to work on /home/airflow/.local/lib/python3.7/site-packages/airflow/example_dags/example_kubernetes_executor.py
[2024-03-27T19:18:49.259+0000] {processor.py:756} INFO - Processing file /home/airflow/.local/lib/python3.7/site-packages/airflow/example_dags/example_kubernetes_executor.py for tasks to queue
[2024-03-27T19:18:49.259+0000] {logging_mixin.py:120} INFO - [2024-03-27T19:18:49.259+0000] {dagbag.py:537} INFO - Filling up the DagBag from /home/airflow/.local/lib/python3.7/site-packages/airflow/example_dags/example_kubernetes_executor.py
[2024-03-27T19:18:49.286+0000] {processor.py:766} INFO - DAG(s) dict_keys(['example_kubernetes_executor']) retrieved from /home/airflow/.local/lib/python3.7/site-packages/airflow/example_dags/example_kubernetes_executor.py
[2024-03-27T19:18:49.328+0000] {logging_mixin.py:120} INFO - [2024-03-27T19:18:49.328+0000] {dag.py:2585} INFO - Sync 1 DAGs
[2024-03-27T19:18:49.358+0000] {logging_mixin.py:120} INFO - [2024-03-27T19:18:49.358+0000] {dag.py:3340} INFO - Setting next_dagrun for example_kubernetes_executor to None, run_after=None
[2024-03-27T19:18:49.373+0000] {processor.py:176} INFO - Processing /home/airflow/.local/lib/python3.7/site-packages/airflow/example_dags/example_kubernetes_executor.py took 0.120 seconds
[2024-03-27T19:19:40.120+0000] {processor.py:154} INFO - Started process (PID=46) to work on /home/airflow/.local/lib/python3.7/site-packages/airflow/example_dags/example_kubernetes_executor.py
[2024-03-27T19:19:40.121+0000] {processor.py:756} INFO - Processing file /home/airflow/.local/lib/python3.7/site-packages/airflow/example_dags/example_kubernetes_executor.py for tasks to queue
[2024-03-27T19:19:40.121+0000] {logging_mixin.py:120} INFO - [2024-03-27T19:19:40.121+0000] {dagbag.py:537} INFO - Filling up the DagBag from /home/airflow/.local/lib/python3.7/site-packages/airflow/example_dags/example_kubernetes_executor.py
[2024-03-27T19:19:40.139+0000] {processor.py:766} INFO - DAG(s) dict_keys(['example_kubernetes_executor']) retrieved from /home/airflow/.local/lib/python3.7/site-packages/airflow/example_dags/example_kubernetes_executor.py
[2024-03-27T19:19:40.166+0000] {logging_mixin.py:120} INFO - [2024-03-27T19:19:40.166+0000] {dag.py:2585} INFO - Sync 1 DAGs
[2024-03-27T19:19:40.182+0000] {logging_mixin.py:120} INFO - [2024-03-27T19:19:40.182+0000] {dag.py:3340} INFO - Setting next_dagrun for example_kubernetes_executor to None, run_after=None
[2024-03-27T19:19:40.194+0000] {processor.py:176} INFO - Processing /home/airflow/.local/lib/python3.7/site-packages/airflow/example_dags/example_kubernetes_executor.py took 0.075 seconds
[2024-03-27T19:20:19.823+0000] {processor.py:154} INFO - Started process (PID=105) to work on /home/airflow/.local/lib/python3.7/site-packages/airflow/example_dags/example_kubernetes_executor.py
[2024-03-27T19:20:19.827+0000] {processor.py:756} INFO - Processing file /home/airflow/.local/lib/python3.7/site-packages/airflow/example_dags/example_kubernetes_executor.py for tasks to queue
[2024-03-27T19:20:19.827+0000] {logging_mixin.py:120} INFO - [2024-03-27T19:20:19.827+0000] {dagbag.py:537} INFO - Filling up the DagBag from /home/airflow/.local/lib/python3.7/site-packages/airflow/example_dags/example_kubernetes_executor.py
[2024-03-27T19:20:19.938+0000] {processor.py:766} INFO - DAG(s) dict_keys(['example_kubernetes_executor']) retrieved from /home/airflow/.local/lib/python3.7/site-packages/airflow/example_dags/example_kubernetes_executor.py
[2024-03-27T19:20:20.042+0000] {logging_mixin.py:120} INFO - [2024-03-27T19:20:20.042+0000] {dag.py:2585} INFO - Sync 1 DAGs
[2024-03-27T19:20:20.081+0000] {logging_mixin.py:120} INFO - [2024-03-27T19:20:20.080+0000] {dag.py:3340} INFO - Setting next_dagrun for example_kubernetes_executor to None, run_after=None
[2024-03-27T19:20:20.112+0000] {processor.py:176} INFO - Processing /home/airflow/.local/lib/python3.7/site-packages/airflow/example_dags/example_kubernetes_executor.py took 0.294 seconds
[2024-03-27T19:21:22.557+0000] {processor.py:154} INFO - Started process (PID=45) to work on /home/airflow/.local/lib/python3.7/site-packages/airflow/example_dags/example_kubernetes_executor.py
[2024-03-27T19:21:22.559+0000] {processor.py:756} INFO - Processing file /home/airflow/.local/lib/python3.7/site-packages/airflow/example_dags/example_kubernetes_executor.py for tasks to queue
[2024-03-27T19:21:22.559+0000] {logging_mixin.py:120} INFO - [2024-03-27T19:21:22.559+0000] {dagbag.py:537} INFO - Filling up the DagBag from /home/airflow/.local/lib/python3.7/site-packages/airflow/example_dags/example_kubernetes_executor.py
[2024-03-27T19:21:22.587+0000] {processor.py:766} INFO - DAG(s) dict_keys(['example_kubernetes_executor']) retrieved from /home/airflow/.local/lib/python3.7/site-packages/airflow/example_dags/example_kubernetes_executor.py
[2024-03-27T19:21:22.632+0000] {logging_mixin.py:120} INFO - [2024-03-27T19:21:22.632+0000] {dag.py:2585} INFO - Sync 1 DAGs
[2024-03-27T19:21:22.650+0000] {logging_mixin.py:120} INFO - [2024-03-27T19:21:22.650+0000] {dag.py:3340} INFO - Setting next_dagrun for example_kubernetes_executor to None, run_after=None
[2024-03-27T19:21:22.664+0000] {processor.py:176} INFO - Processing /home/airflow/.local/lib/python3.7/site-packages/airflow/example_dags/example_kubernetes_executor.py took 0.108 seconds
[2024-03-27T19:21:53.266+0000] {processor.py:154} INFO - Started process (PID=95) to work on /home/airflow/.local/lib/python3.7/site-packages/airflow/example_dags/example_kubernetes_executor.py
[2024-03-27T19:21:53.266+0000] {processor.py:756} INFO - Processing file /home/airflow/.local/lib/python3.7/site-packages/airflow/example_dags/example_kubernetes_executor.py for tasks to queue
[2024-03-27T19:21:53.267+0000] {logging_mixin.py:120} INFO - [2024-03-27T19:21:53.267+0000] {dagbag.py:537} INFO - Filling up the DagBag from /home/airflow/.local/lib/python3.7/site-packages/airflow/example_dags/example_kubernetes_executor.py
[2024-03-27T19:21:53.286+0000] {processor.py:766} INFO - DAG(s) dict_keys(['example_kubernetes_executor']) retrieved from /home/airflow/.local/lib/python3.7/site-packages/airflow/example_dags/example_kubernetes_executor.py
[2024-03-27T19:21:53.309+0000] {logging_mixin.py:120} INFO - [2024-03-27T19:21:53.309+0000] {dag.py:2585} INFO - Sync 1 DAGs
[2024-03-27T19:21:53.324+0000] {logging_mixin.py:120} INFO - [2024-03-27T19:21:53.324+0000] {dag.py:3340} INFO - Setting next_dagrun for example_kubernetes_executor to None, run_after=None
[2024-03-27T19:21:53.335+0000] {processor.py:176} INFO - Processing /home/airflow/.local/lib/python3.7/site-packages/airflow/example_dags/example_kubernetes_executor.py took 0.072 seconds
[2024-03-27T19:22:29.826+0000] {processor.py:154} INFO - Started process (PID=36) to work on /home/airflow/.local/lib/python3.7/site-packages/airflow/example_dags/example_kubernetes_executor.py
[2024-03-27T19:22:29.827+0000] {processor.py:756} INFO - Processing file /home/airflow/.local/lib/python3.7/site-packages/airflow/example_dags/example_kubernetes_executor.py for tasks to queue
[2024-03-27T19:22:29.827+0000] {logging_mixin.py:120} INFO - [2024-03-27T19:22:29.827+0000] {dagbag.py:537} INFO - Filling up the DagBag from /home/airflow/.local/lib/python3.7/site-packages/airflow/example_dags/example_kubernetes_executor.py
[2024-03-27T19:22:29.842+0000] {processor.py:766} INFO - DAG(s) dict_keys(['example_kubernetes_executor']) retrieved from /home/airflow/.local/lib/python3.7/site-packages/airflow/example_dags/example_kubernetes_executor.py
[2024-03-27T19:22:29.873+0000] {logging_mixin.py:120} INFO - [2024-03-27T19:22:29.872+0000] {dag.py:2585} INFO - Sync 1 DAGs
[2024-03-27T19:22:29.898+0000] {logging_mixin.py:120} INFO - [2024-03-27T19:22:29.898+0000] {dag.py:3340} INFO - Setting next_dagrun for example_kubernetes_executor to None, run_after=None
[2024-03-27T19:22:29.912+0000] {processor.py:176} INFO - Processing /home/airflow/.local/lib/python3.7/site-packages/airflow/example_dags/example_kubernetes_executor.py took 0.087 seconds
[2024-03-27T19:23:00.587+0000] {processor.py:154} INFO - Started process (PID=104) to work on /home/airflow/.local/lib/python3.7/site-packages/airflow/example_dags/example_kubernetes_executor.py
[2024-03-27T19:23:00.588+0000] {processor.py:756} INFO - Processing file /home/airflow/.local/lib/python3.7/site-packages/airflow/example_dags/example_kubernetes_executor.py for tasks to queue
[2024-03-27T19:23:00.588+0000] {logging_mixin.py:120} INFO - [2024-03-27T19:23:00.588+0000] {dagbag.py:537} INFO - Filling up the DagBag from /home/airflow/.local/lib/python3.7/site-packages/airflow/example_dags/example_kubernetes_executor.py
[2024-03-27T19:23:00.605+0000] {processor.py:766} INFO - DAG(s) dict_keys(['example_kubernetes_executor']) retrieved from /home/airflow/.local/lib/python3.7/site-packages/airflow/example_dags/example_kubernetes_executor.py
[2024-03-27T19:23:00.626+0000] {logging_mixin.py:120} INFO - [2024-03-27T19:23:00.626+0000] {dag.py:2585} INFO - Sync 1 DAGs
[2024-03-27T19:23:00.638+0000] {logging_mixin.py:120} INFO - [2024-03-27T19:23:00.638+0000] {dag.py:3340} INFO - Setting next_dagrun for example_kubernetes_executor to None, run_after=None
[2024-03-27T19:23:00.648+0000] {processor.py:176} INFO - Processing /home/airflow/.local/lib/python3.7/site-packages/airflow/example_dags/example_kubernetes_executor.py took 0.062 seconds
[2024-03-27T19:24:26.923+0000] {processor.py:154} INFO - Started process (PID=163) to work on /home/airflow/.local/lib/python3.7/site-packages/airflow/example_dags/example_kubernetes_executor.py
[2024-03-27T19:24:26.924+0000] {processor.py:756} INFO - Processing file /home/airflow/.local/lib/python3.7/site-packages/airflow/example_dags/example_kubernetes_executor.py for tasks to queue
[2024-03-27T19:24:26.925+0000] {logging_mixin.py:120} INFO - [2024-03-27T19:24:26.925+0000] {dagbag.py:537} INFO - Filling up the DagBag from /home/airflow/.local/lib/python3.7/site-packages/airflow/example_dags/example_kubernetes_executor.py
[2024-03-27T19:24:26.945+0000] {processor.py:766} INFO - DAG(s) dict_keys(['example_kubernetes_executor']) retrieved from /home/airflow/.local/lib/python3.7/site-packages/airflow/example_dags/example_kubernetes_executor.py
[2024-03-27T19:24:26.987+0000] {logging_mixin.py:120} INFO - [2024-03-27T19:24:26.986+0000] {dag.py:2585} INFO - Sync 1 DAGs
[2024-03-27T19:24:27.014+0000] {logging_mixin.py:120} INFO - [2024-03-27T19:24:27.014+0000] {dag.py:3340} INFO - Setting next_dagrun for example_kubernetes_executor to None, run_after=None
[2024-03-27T19:24:27.035+0000] {processor.py:176} INFO - Processing /home/airflow/.local/lib/python3.7/site-packages/airflow/example_dags/example_kubernetes_executor.py took 0.114 seconds
[2024-03-27T19:24:53.221+0000] {processor.py:154} INFO - Started process (PID=36) to work on /home/airflow/.local/lib/python3.7/site-packages/airflow/example_dags/example_kubernetes_executor.py
[2024-03-27T19:24:53.222+0000] {processor.py:756} INFO - Processing file /home/airflow/.local/lib/python3.7/site-packages/airflow/example_dags/example_kubernetes_executor.py for tasks to queue
[2024-03-27T19:24:53.223+0000] {logging_mixin.py:120} INFO - [2024-03-27T19:24:53.223+0000] {dagbag.py:537} INFO - Filling up the DagBag from /home/airflow/.local/lib/python3.7/site-packages/airflow/example_dags/example_kubernetes_executor.py
[2024-03-27T19:24:53.242+0000] {processor.py:766} INFO - DAG(s) dict_keys(['example_kubernetes_executor']) retrieved from /home/airflow/.local/lib/python3.7/site-packages/airflow/example_dags/example_kubernetes_executor.py
[2024-03-27T19:24:53.266+0000] {logging_mixin.py:120} INFO - [2024-03-27T19:24:53.266+0000] {dag.py:2585} INFO - Sync 1 DAGs
[2024-03-27T19:24:53.281+0000] {logging_mixin.py:120} INFO - [2024-03-27T19:24:53.281+0000] {dag.py:3340} INFO - Setting next_dagrun for example_kubernetes_executor to None, run_after=None
[2024-03-27T19:24:53.292+0000] {processor.py:176} INFO - Processing /home/airflow/.local/lib/python3.7/site-packages/airflow/example_dags/example_kubernetes_executor.py took 0.073 seconds
[2024-03-27T19:25:23.630+0000] {processor.py:154} INFO - Started process (PID=102) to work on /home/airflow/.local/lib/python3.7/site-packages/airflow/example_dags/example_kubernetes_executor.py
[2024-03-27T19:25:23.630+0000] {processor.py:756} INFO - Processing file /home/airflow/.local/lib/python3.7/site-packages/airflow/example_dags/example_kubernetes_executor.py for tasks to queue
[2024-03-27T19:25:23.631+0000] {logging_mixin.py:120} INFO - [2024-03-27T19:25:23.631+0000] {dagbag.py:537} INFO - Filling up the DagBag from /home/airflow/.local/lib/python3.7/site-packages/airflow/example_dags/example_kubernetes_executor.py
[2024-03-27T19:25:23.647+0000] {processor.py:766} INFO - DAG(s) dict_keys(['example_kubernetes_executor']) retrieved from /home/airflow/.local/lib/python3.7/site-packages/airflow/example_dags/example_kubernetes_executor.py
[2024-03-27T19:25:23.667+0000] {logging_mixin.py:120} INFO - [2024-03-27T19:25:23.667+0000] {dag.py:2585} INFO - Sync 1 DAGs
[2024-03-27T19:25:23.681+0000] {logging_mixin.py:120} INFO - [2024-03-27T19:25:23.680+0000] {dag.py:3340} INFO - Setting next_dagrun for example_kubernetes_executor to None, run_after=None
[2024-03-27T19:25:23.693+0000] {processor.py:176} INFO - Processing /home/airflow/.local/lib/python3.7/site-packages/airflow/example_dags/example_kubernetes_executor.py took 0.065 seconds
[2024-03-27T19:25:53.798+0000] {processor.py:154} INFO - Started process (PID=171) to work on /home/airflow/.local/lib/python3.7/site-packages/airflow/example_dags/example_kubernetes_executor.py
[2024-03-27T19:25:53.800+0000] {processor.py:756} INFO - Processing file /home/airflow/.local/lib/python3.7/site-packages/airflow/example_dags/example_kubernetes_executor.py for tasks to queue
[2024-03-27T19:25:53.801+0000] {logging_mixin.py:120} INFO - [2024-03-27T19:25:53.801+0000] {dagbag.py:537} INFO - Filling up the DagBag from /home/airflow/.local/lib/python3.7/site-packages/airflow/example_dags/example_kubernetes_executor.py
[2024-03-27T19:25:53.830+0000] {processor.py:766} INFO - DAG(s) dict_keys(['example_kubernetes_executor']) retrieved from /home/airflow/.local/lib/python3.7/site-packages/airflow/example_dags/example_kubernetes_executor.py
[2024-03-27T19:25:53.873+0000] {logging_mixin.py:120} INFO - [2024-03-27T19:25:53.872+0000] {dag.py:2585} INFO - Sync 1 DAGs
[2024-03-27T19:25:53.899+0000] {logging_mixin.py:120} INFO - [2024-03-27T19:25:53.899+0000] {dag.py:3340} INFO - Setting next_dagrun for example_kubernetes_executor to None, run_after=None
[2024-03-27T19:25:53.919+0000] {processor.py:176} INFO - Processing /home/airflow/.local/lib/python3.7/site-packages/airflow/example_dags/example_kubernetes_executor.py took 0.126 seconds
[2024-03-27T19:26:24.476+0000] {processor.py:154} INFO - Started process (PID=230) to work on /home/airflow/.local/lib/python3.7/site-packages/airflow/example_dags/example_kubernetes_executor.py
[2024-03-27T19:26:24.477+0000] {processor.py:756} INFO - Processing file /home/airflow/.local/lib/python3.7/site-packages/airflow/example_dags/example_kubernetes_executor.py for tasks to queue
[2024-03-27T19:26:24.478+0000] {logging_mixin.py:120} INFO - [2024-03-27T19:26:24.477+0000] {dagbag.py:537} INFO - Filling up the DagBag from /home/airflow/.local/lib/python3.7/site-packages/airflow/example_dags/example_kubernetes_executor.py
[2024-03-27T19:26:24.493+0000] {processor.py:766} INFO - DAG(s) dict_keys(['example_kubernetes_executor']) retrieved from /home/airflow/.local/lib/python3.7/site-packages/airflow/example_dags/example_kubernetes_executor.py
[2024-03-27T19:26:24.521+0000] {logging_mixin.py:120} INFO - [2024-03-27T19:26:24.521+0000] {dag.py:2585} INFO - Sync 1 DAGs
[2024-03-27T19:26:24.536+0000] {logging_mixin.py:120} INFO - [2024-03-27T19:26:24.535+0000] {dag.py:3340} INFO - Setting next_dagrun for example_kubernetes_executor to None, run_after=None
[2024-03-27T19:26:24.547+0000] {processor.py:176} INFO - Processing /home/airflow/.local/lib/python3.7/site-packages/airflow/example_dags/example_kubernetes_executor.py took 0.072 seconds
[2024-03-27T19:26:56.288+0000] {processor.py:154} INFO - Started process (PID=37) to work on /home/airflow/.local/lib/python3.7/site-packages/airflow/example_dags/example_kubernetes_executor.py
[2024-03-27T19:26:56.289+0000] {processor.py:756} INFO - Processing file /home/airflow/.local/lib/python3.7/site-packages/airflow/example_dags/example_kubernetes_executor.py for tasks to queue
[2024-03-27T19:26:56.290+0000] {logging_mixin.py:120} INFO - [2024-03-27T19:26:56.290+0000] {dagbag.py:537} INFO - Filling up the DagBag from /home/airflow/.local/lib/python3.7/site-packages/airflow/example_dags/example_kubernetes_executor.py
[2024-03-27T19:26:56.308+0000] {processor.py:766} INFO - DAG(s) dict_keys(['example_kubernetes_executor']) retrieved from /home/airflow/.local/lib/python3.7/site-packages/airflow/example_dags/example_kubernetes_executor.py
[2024-03-27T19:26:56.334+0000] {logging_mixin.py:120} INFO - [2024-03-27T19:26:56.334+0000] {dag.py:2585} INFO - Sync 1 DAGs
[2024-03-27T19:26:56.348+0000] {logging_mixin.py:120} INFO - [2024-03-27T19:26:56.348+0000] {dag.py:3340} INFO - Setting next_dagrun for example_kubernetes_executor to None, run_after=None
[2024-03-27T19:26:56.358+0000] {processor.py:176} INFO - Processing /home/airflow/.local/lib/python3.7/site-packages/airflow/example_dags/example_kubernetes_executor.py took 0.071 seconds
[2024-03-27T19:27:26.399+0000] {processor.py:154} INFO - Started process (PID=103) to work on /home/airflow/.local/lib/python3.7/site-packages/airflow/example_dags/example_kubernetes_executor.py
[2024-03-27T19:27:26.400+0000] {processor.py:756} INFO - Processing file /home/airflow/.local/lib/python3.7/site-packages/airflow/example_dags/example_kubernetes_executor.py for tasks to queue
[2024-03-27T19:27:26.400+0000] {logging_mixin.py:120} INFO - [2024-03-27T19:27:26.400+0000] {dagbag.py:537} INFO - Filling up the DagBag from /home/airflow/.local/lib/python3.7/site-packages/airflow/example_dags/example_kubernetes_executor.py
[2024-03-27T19:27:26.423+0000] {processor.py:766} INFO - DAG(s) dict_keys(['example_kubernetes_executor']) retrieved from /home/airflow/.local/lib/python3.7/site-packages/airflow/example_dags/example_kubernetes_executor.py
[2024-03-27T19:27:26.444+0000] {logging_mixin.py:120} INFO - [2024-03-27T19:27:26.444+0000] {dag.py:2585} INFO - Sync 1 DAGs
[2024-03-27T19:27:26.456+0000] {logging_mixin.py:120} INFO - [2024-03-27T19:27:26.456+0000] {dag.py:3340} INFO - Setting next_dagrun for example_kubernetes_executor to None, run_after=None
[2024-03-27T19:27:26.464+0000] {processor.py:176} INFO - Processing /home/airflow/.local/lib/python3.7/site-packages/airflow/example_dags/example_kubernetes_executor.py took 0.067 seconds
[2024-03-27T19:27:56.536+0000] {processor.py:154} INFO - Started process (PID=190) to work on /home/airflow/.local/lib/python3.7/site-packages/airflow/example_dags/example_kubernetes_executor.py
[2024-03-27T19:27:56.536+0000] {processor.py:756} INFO - Processing file /home/airflow/.local/lib/python3.7/site-packages/airflow/example_dags/example_kubernetes_executor.py for tasks to queue
[2024-03-27T19:27:56.537+0000] {logging_mixin.py:120} INFO - [2024-03-27T19:27:56.537+0000] {dagbag.py:537} INFO - Filling up the DagBag from /home/airflow/.local/lib/python3.7/site-packages/airflow/example_dags/example_kubernetes_executor.py
[2024-03-27T19:27:56.552+0000] {processor.py:766} INFO - DAG(s) dict_keys(['example_kubernetes_executor']) retrieved from /home/airflow/.local/lib/python3.7/site-packages/airflow/example_dags/example_kubernetes_executor.py
[2024-03-27T19:27:56.580+0000] {logging_mixin.py:120} INFO - [2024-03-27T19:27:56.580+0000] {dag.py:2585} INFO - Sync 1 DAGs
[2024-03-27T19:27:56.595+0000] {logging_mixin.py:120} INFO - [2024-03-27T19:27:56.595+0000] {dag.py:3340} INFO - Setting next_dagrun for example_kubernetes_executor to None, run_after=None
[2024-03-27T19:27:56.605+0000] {processor.py:176} INFO - Processing /home/airflow/.local/lib/python3.7/site-packages/airflow/example_dags/example_kubernetes_executor.py took 0.071 seconds
[2024-03-27T19:28:33.495+0000] {processor.py:154} INFO - Started process (PID=261) to work on /home/airflow/.local/lib/python3.7/site-packages/airflow/example_dags/example_kubernetes_executor.py
[2024-03-27T19:28:33.496+0000] {processor.py:756} INFO - Processing file /home/airflow/.local/lib/python3.7/site-packages/airflow/example_dags/example_kubernetes_executor.py for tasks to queue
[2024-03-27T19:28:33.497+0000] {logging_mixin.py:120} INFO - [2024-03-27T19:28:33.497+0000] {dagbag.py:537} INFO - Filling up the DagBag from /home/airflow/.local/lib/python3.7/site-packages/airflow/example_dags/example_kubernetes_executor.py
[2024-03-27T19:28:33.523+0000] {processor.py:766} INFO - DAG(s) dict_keys(['example_kubernetes_executor']) retrieved from /home/airflow/.local/lib/python3.7/site-packages/airflow/example_dags/example_kubernetes_executor.py
[2024-03-27T19:28:33.604+0000] {logging_mixin.py:120} INFO - [2024-03-27T19:28:33.604+0000] {dag.py:2585} INFO - Sync 1 DAGs
[2024-03-27T19:28:33.638+0000] {logging_mixin.py:120} INFO - [2024-03-27T19:28:33.638+0000] {dag.py:3340} INFO - Setting next_dagrun for example_kubernetes_executor to None, run_after=None
[2024-03-27T19:28:33.674+0000] {processor.py:176} INFO - Processing /home/airflow/.local/lib/python3.7/site-packages/airflow/example_dags/example_kubernetes_executor.py took 0.181 seconds
[2024-03-27T19:29:06.855+0000] {processor.py:154} INFO - Started process (PID=310) to work on /home/airflow/.local/lib/python3.7/site-packages/airflow/example_dags/example_kubernetes_executor.py
[2024-03-27T19:29:06.856+0000] {processor.py:756} INFO - Processing file /home/airflow/.local/lib/python3.7/site-packages/airflow/example_dags/example_kubernetes_executor.py for tasks to queue
[2024-03-27T19:29:06.856+0000] {logging_mixin.py:120} INFO - [2024-03-27T19:29:06.856+0000] {dagbag.py:537} INFO - Filling up the DagBag from /home/airflow/.local/lib/python3.7/site-packages/airflow/example_dags/example_kubernetes_executor.py
[2024-03-27T19:29:06.895+0000] {processor.py:766} INFO - DAG(s) dict_keys(['example_kubernetes_executor']) retrieved from /home/airflow/.local/lib/python3.7/site-packages/airflow/example_dags/example_kubernetes_executor.py
[2024-03-27T19:29:07.029+0000] {logging_mixin.py:120} INFO - [2024-03-27T19:29:07.029+0000] {dag.py:2585} INFO - Sync 1 DAGs
[2024-03-27T19:29:07.195+0000] {logging_mixin.py:120} INFO - [2024-03-27T19:29:07.195+0000] {dag.py:3340} INFO - Setting next_dagrun for example_kubernetes_executor to None, run_after=None
[2024-03-27T19:29:07.288+0000] {processor.py:176} INFO - Processing /home/airflow/.local/lib/python3.7/site-packages/airflow/example_dags/example_kubernetes_executor.py took 0.438 seconds
[2024-03-27T19:29:37.437+0000] {processor.py:154} INFO - Started process (PID=365) to work on /home/airflow/.local/lib/python3.7/site-packages/airflow/example_dags/example_kubernetes_executor.py
[2024-03-27T19:29:37.441+0000] {processor.py:756} INFO - Processing file /home/airflow/.local/lib/python3.7/site-packages/airflow/example_dags/example_kubernetes_executor.py for tasks to queue
[2024-03-27T19:29:37.442+0000] {logging_mixin.py:120} INFO - [2024-03-27T19:29:37.442+0000] {dagbag.py:537} INFO - Filling up the DagBag from /home/airflow/.local/lib/python3.7/site-packages/airflow/example_dags/example_kubernetes_executor.py
[2024-03-27T19:29:37.475+0000] {processor.py:766} INFO - DAG(s) dict_keys(['example_kubernetes_executor']) retrieved from /home/airflow/.local/lib/python3.7/site-packages/airflow/example_dags/example_kubernetes_executor.py
[2024-03-27T19:29:37.550+0000] {logging_mixin.py:120} INFO - [2024-03-27T19:29:37.549+0000] {dag.py:2585} INFO - Sync 1 DAGs
[2024-03-27T19:29:37.568+0000] {logging_mixin.py:120} INFO - [2024-03-27T19:29:37.568+0000] {dag.py:3340} INFO - Setting next_dagrun for example_kubernetes_executor to None, run_after=None
[2024-03-27T19:29:37.583+0000] {processor.py:176} INFO - Processing /home/airflow/.local/lib/python3.7/site-packages/airflow/example_dags/example_kubernetes_executor.py took 0.152 seconds
[2024-03-27T19:30:09.749+0000] {processor.py:154} INFO - Started process (PID=405) to work on /home/airflow/.local/lib/python3.7/site-packages/airflow/example_dags/example_kubernetes_executor.py
[2024-03-27T19:30:09.751+0000] {processor.py:756} INFO - Processing file /home/airflow/.local/lib/python3.7/site-packages/airflow/example_dags/example_kubernetes_executor.py for tasks to queue
[2024-03-27T19:30:09.753+0000] {logging_mixin.py:120} INFO - [2024-03-27T19:30:09.753+0000] {dagbag.py:537} INFO - Filling up the DagBag from /home/airflow/.local/lib/python3.7/site-packages/airflow/example_dags/example_kubernetes_executor.py
[2024-03-27T19:30:09.818+0000] {processor.py:766} INFO - DAG(s) dict_keys(['example_kubernetes_executor']) retrieved from /home/airflow/.local/lib/python3.7/site-packages/airflow/example_dags/example_kubernetes_executor.py
[2024-03-27T19:30:09.913+0000] {logging_mixin.py:120} INFO - [2024-03-27T19:30:09.913+0000] {dag.py:2585} INFO - Sync 1 DAGs
[2024-03-27T19:30:09.966+0000] {logging_mixin.py:120} INFO - [2024-03-27T19:30:09.966+0000] {dag.py:3340} INFO - Setting next_dagrun for example_kubernetes_executor to None, run_after=None
[2024-03-27T19:30:10.002+0000] {processor.py:176} INFO - Processing /home/airflow/.local/lib/python3.7/site-packages/airflow/example_dags/example_kubernetes_executor.py took 0.255 seconds
[2024-03-27T19:30:50.000+0000] {processor.py:154} INFO - Started process (PID=449) to work on /home/airflow/.local/lib/python3.7/site-packages/airflow/example_dags/example_kubernetes_executor.py
[2024-03-27T19:30:50.001+0000] {processor.py:756} INFO - Processing file /home/airflow/.local/lib/python3.7/site-packages/airflow/example_dags/example_kubernetes_executor.py for tasks to queue
[2024-03-27T19:30:50.003+0000] {logging_mixin.py:120} INFO - [2024-03-27T19:30:50.002+0000] {dagbag.py:537} INFO - Filling up the DagBag from /home/airflow/.local/lib/python3.7/site-packages/airflow/example_dags/example_kubernetes_executor.py
[2024-03-27T19:30:50.093+0000] {processor.py:766} INFO - DAG(s) dict_keys(['example_kubernetes_executor']) retrieved from /home/airflow/.local/lib/python3.7/site-packages/airflow/example_dags/example_kubernetes_executor.py
[2024-03-27T19:30:52.627+0000] {logging_mixin.py:120} INFO - [2024-03-27T19:30:52.626+0000] {dag.py:2585} INFO - Sync 1 DAGs
[2024-03-27T19:30:52.664+0000] {logging_mixin.py:120} INFO - [2024-03-27T19:30:52.664+0000] {dag.py:3340} INFO - Setting next_dagrun for example_kubernetes_executor to None, run_after=None
[2024-03-27T19:30:52.709+0000] {processor.py:176} INFO - Processing /home/airflow/.local/lib/python3.7/site-packages/airflow/example_dags/example_kubernetes_executor.py took 2.717 seconds
[2024-03-27T19:31:22.762+0000] {processor.py:154} INFO - Started process (PID=501) to work on /home/airflow/.local/lib/python3.7/site-packages/airflow/example_dags/example_kubernetes_executor.py
[2024-03-27T19:31:22.764+0000] {processor.py:756} INFO - Processing file /home/airflow/.local/lib/python3.7/site-packages/airflow/example_dags/example_kubernetes_executor.py for tasks to queue
[2024-03-27T19:31:22.764+0000] {logging_mixin.py:120} INFO - [2024-03-27T19:31:22.764+0000] {dagbag.py:537} INFO - Filling up the DagBag from /home/airflow/.local/lib/python3.7/site-packages/airflow/example_dags/example_kubernetes_executor.py
[2024-03-27T19:31:22.800+0000] {processor.py:766} INFO - DAG(s) dict_keys(['example_kubernetes_executor']) retrieved from /home/airflow/.local/lib/python3.7/site-packages/airflow/example_dags/example_kubernetes_executor.py
[2024-03-27T19:31:22.838+0000] {logging_mixin.py:120} INFO - [2024-03-27T19:31:22.838+0000] {dag.py:2585} INFO - Sync 1 DAGs
[2024-03-27T19:31:22.858+0000] {logging_mixin.py:120} INFO - [2024-03-27T19:31:22.858+0000] {dag.py:3340} INFO - Setting next_dagrun for example_kubernetes_executor to None, run_after=None
[2024-03-27T19:31:22.875+0000] {processor.py:176} INFO - Processing /home/airflow/.local/lib/python3.7/site-packages/airflow/example_dags/example_kubernetes_executor.py took 0.118 seconds
[2024-03-27T19:32:02.511+0000] {processor.py:154} INFO - Started process (PID=555) to work on /home/airflow/.local/lib/python3.7/site-packages/airflow/example_dags/example_kubernetes_executor.py
[2024-03-27T19:32:02.518+0000] {processor.py:756} INFO - Processing file /home/airflow/.local/lib/python3.7/site-packages/airflow/example_dags/example_kubernetes_executor.py for tasks to queue
[2024-03-27T19:32:02.522+0000] {logging_mixin.py:120} INFO - [2024-03-27T19:32:02.522+0000] {dagbag.py:537} INFO - Filling up the DagBag from /home/airflow/.local/lib/python3.7/site-packages/airflow/example_dags/example_kubernetes_executor.py
[2024-03-27T19:32:02.606+0000] {processor.py:766} INFO - DAG(s) dict_keys(['example_kubernetes_executor']) retrieved from /home/airflow/.local/lib/python3.7/site-packages/airflow/example_dags/example_kubernetes_executor.py
[2024-03-27T19:32:02.681+0000] {logging_mixin.py:120} INFO - [2024-03-27T19:32:02.681+0000] {dag.py:2585} INFO - Sync 1 DAGs
[2024-03-27T19:32:02.698+0000] {logging_mixin.py:120} INFO - [2024-03-27T19:32:02.698+0000] {dag.py:3340} INFO - Setting next_dagrun for example_kubernetes_executor to None, run_after=None
[2024-03-27T19:32:02.711+0000] {processor.py:176} INFO - Processing /home/airflow/.local/lib/python3.7/site-packages/airflow/example_dags/example_kubernetes_executor.py took 0.202 seconds
[2024-03-27T19:32:45.285+0000] {processor.py:154} INFO - Started process (PID=607) to work on /home/airflow/.local/lib/python3.7/site-packages/airflow/example_dags/example_kubernetes_executor.py
[2024-03-27T19:32:45.294+0000] {processor.py:756} INFO - Processing file /home/airflow/.local/lib/python3.7/site-packages/airflow/example_dags/example_kubernetes_executor.py for tasks to queue
[2024-03-27T19:32:45.295+0000] {logging_mixin.py:120} INFO - [2024-03-27T19:32:45.295+0000] {dagbag.py:537} INFO - Filling up the DagBag from /home/airflow/.local/lib/python3.7/site-packages/airflow/example_dags/example_kubernetes_executor.py
[2024-03-27T19:32:45.343+0000] {processor.py:766} INFO - DAG(s) dict_keys(['example_kubernetes_executor']) retrieved from /home/airflow/.local/lib/python3.7/site-packages/airflow/example_dags/example_kubernetes_executor.py
[2024-03-27T19:32:45.476+0000] {logging_mixin.py:120} INFO - [2024-03-27T19:32:45.476+0000] {dag.py:2585} INFO - Sync 1 DAGs
[2024-03-27T19:32:45.502+0000] {logging_mixin.py:120} INFO - [2024-03-27T19:32:45.502+0000] {dag.py:3340} INFO - Setting next_dagrun for example_kubernetes_executor to None, run_after=None
[2024-03-27T19:32:45.534+0000] {processor.py:176} INFO - Processing /home/airflow/.local/lib/python3.7/site-packages/airflow/example_dags/example_kubernetes_executor.py took 0.251 seconds
[2024-03-27T19:33:18.516+0000] {processor.py:154} INFO - Started process (PID=661) to work on /home/airflow/.local/lib/python3.7/site-packages/airflow/example_dags/example_kubernetes_executor.py
[2024-03-27T19:33:18.527+0000] {processor.py:756} INFO - Processing file /home/airflow/.local/lib/python3.7/site-packages/airflow/example_dags/example_kubernetes_executor.py for tasks to queue
[2024-03-27T19:33:18.528+0000] {logging_mixin.py:120} INFO - [2024-03-27T19:33:18.528+0000] {dagbag.py:537} INFO - Filling up the DagBag from /home/airflow/.local/lib/python3.7/site-packages/airflow/example_dags/example_kubernetes_executor.py
[2024-03-27T19:33:18.686+0000] {processor.py:766} INFO - DAG(s) dict_keys(['example_kubernetes_executor']) retrieved from /home/airflow/.local/lib/python3.7/site-packages/airflow/example_dags/example_kubernetes_executor.py
[2024-03-27T19:33:19.043+0000] {logging_mixin.py:120} INFO - [2024-03-27T19:33:19.031+0000] {dag.py:2585} INFO - Sync 1 DAGs
[2024-03-27T19:33:19.116+0000] {logging_mixin.py:120} INFO - [2024-03-27T19:33:19.116+0000] {dag.py:3340} INFO - Setting next_dagrun for example_kubernetes_executor to None, run_after=None
[2024-03-27T19:33:19.138+0000] {processor.py:176} INFO - Processing /home/airflow/.local/lib/python3.7/site-packages/airflow/example_dags/example_kubernetes_executor.py took 0.636 seconds
[2024-03-27T19:33:49.627+0000] {processor.py:154} INFO - Started process (PID=721) to work on /home/airflow/.local/lib/python3.7/site-packages/airflow/example_dags/example_kubernetes_executor.py
[2024-03-27T19:33:49.628+0000] {processor.py:756} INFO - Processing file /home/airflow/.local/lib/python3.7/site-packages/airflow/example_dags/example_kubernetes_executor.py for tasks to queue
[2024-03-27T19:33:49.629+0000] {logging_mixin.py:120} INFO - [2024-03-27T19:33:49.629+0000] {dagbag.py:537} INFO - Filling up the DagBag from /home/airflow/.local/lib/python3.7/site-packages/airflow/example_dags/example_kubernetes_executor.py
[2024-03-27T19:33:49.646+0000] {processor.py:766} INFO - DAG(s) dict_keys(['example_kubernetes_executor']) retrieved from /home/airflow/.local/lib/python3.7/site-packages/airflow/example_dags/example_kubernetes_executor.py
[2024-03-27T19:33:49.678+0000] {logging_mixin.py:120} INFO - [2024-03-27T19:33:49.678+0000] {dag.py:2585} INFO - Sync 1 DAGs
[2024-03-27T19:33:49.693+0000] {logging_mixin.py:120} INFO - [2024-03-27T19:33:49.693+0000] {dag.py:3340} INFO - Setting next_dagrun for example_kubernetes_executor to None, run_after=None
[2024-03-27T19:33:49.715+0000] {processor.py:176} INFO - Processing /home/airflow/.local/lib/python3.7/site-packages/airflow/example_dags/example_kubernetes_executor.py took 0.091 seconds
[2024-03-27T19:34:19.799+0000] {processor.py:154} INFO - Started process (PID=773) to work on /home/airflow/.local/lib/python3.7/site-packages/airflow/example_dags/example_kubernetes_executor.py
[2024-03-27T19:34:19.800+0000] {processor.py:756} INFO - Processing file /home/airflow/.local/lib/python3.7/site-packages/airflow/example_dags/example_kubernetes_executor.py for tasks to queue
[2024-03-27T19:34:19.802+0000] {logging_mixin.py:120} INFO - [2024-03-27T19:34:19.801+0000] {dagbag.py:537} INFO - Filling up the DagBag from /home/airflow/.local/lib/python3.7/site-packages/airflow/example_dags/example_kubernetes_executor.py
[2024-03-27T19:34:19.873+0000] {processor.py:766} INFO - DAG(s) dict_keys(['example_kubernetes_executor']) retrieved from /home/airflow/.local/lib/python3.7/site-packages/airflow/example_dags/example_kubernetes_executor.py
[2024-03-27T19:34:19.960+0000] {logging_mixin.py:120} INFO - [2024-03-27T19:34:19.960+0000] {dag.py:2585} INFO - Sync 1 DAGs
[2024-03-27T19:34:20.012+0000] {logging_mixin.py:120} INFO - [2024-03-27T19:34:20.011+0000] {dag.py:3340} INFO - Setting next_dagrun for example_kubernetes_executor to None, run_after=None
[2024-03-27T19:34:27.303+0000] {processor.py:176} INFO - Processing /home/airflow/.local/lib/python3.7/site-packages/airflow/example_dags/example_kubernetes_executor.py took 7.509 seconds
[2024-03-27T19:35:03.551+0000] {processor.py:154} INFO - Started process (PID=833) to work on /home/airflow/.local/lib/python3.7/site-packages/airflow/example_dags/example_kubernetes_executor.py
[2024-03-27T19:35:03.566+0000] {processor.py:756} INFO - Processing file /home/airflow/.local/lib/python3.7/site-packages/airflow/example_dags/example_kubernetes_executor.py for tasks to queue
[2024-03-27T19:35:03.567+0000] {logging_mixin.py:120} INFO - [2024-03-27T19:35:03.567+0000] {dagbag.py:537} INFO - Filling up the DagBag from /home/airflow/.local/lib/python3.7/site-packages/airflow/example_dags/example_kubernetes_executor.py
[2024-03-27T19:35:03.771+0000] {processor.py:766} INFO - DAG(s) dict_keys(['example_kubernetes_executor']) retrieved from /home/airflow/.local/lib/python3.7/site-packages/airflow/example_dags/example_kubernetes_executor.py
[2024-03-27T19:35:03.873+0000] {logging_mixin.py:120} INFO - [2024-03-27T19:35:03.873+0000] {dag.py:2585} INFO - Sync 1 DAGs
[2024-03-27T19:35:03.917+0000] {logging_mixin.py:120} INFO - [2024-03-27T19:35:03.917+0000] {dag.py:3340} INFO - Setting next_dagrun for example_kubernetes_executor to None, run_after=None
[2024-03-27T19:35:03.972+0000] {processor.py:176} INFO - Processing /home/airflow/.local/lib/python3.7/site-packages/airflow/example_dags/example_kubernetes_executor.py took 0.479 seconds
[2024-03-27T19:35:37.162+0000] {processor.py:154} INFO - Started process (PID=896) to work on /home/airflow/.local/lib/python3.7/site-packages/airflow/example_dags/example_kubernetes_executor.py
[2024-03-27T19:35:37.172+0000] {processor.py:756} INFO - Processing file /home/airflow/.local/lib/python3.7/site-packages/airflow/example_dags/example_kubernetes_executor.py for tasks to queue
[2024-03-27T19:35:37.176+0000] {logging_mixin.py:120} INFO - [2024-03-27T19:35:37.176+0000] {dagbag.py:537} INFO - Filling up the DagBag from /home/airflow/.local/lib/python3.7/site-packages/airflow/example_dags/example_kubernetes_executor.py
[2024-03-27T19:35:37.445+0000] {processor.py:766} INFO - DAG(s) dict_keys(['example_kubernetes_executor']) retrieved from /home/airflow/.local/lib/python3.7/site-packages/airflow/example_dags/example_kubernetes_executor.py
[2024-03-27T19:35:37.742+0000] {logging_mixin.py:120} INFO - [2024-03-27T19:35:37.739+0000] {dag.py:2585} INFO - Sync 1 DAGs
[2024-03-27T19:35:37.815+0000] {logging_mixin.py:120} INFO - [2024-03-27T19:35:37.815+0000] {dag.py:3340} INFO - Setting next_dagrun for example_kubernetes_executor to None, run_after=None
[2024-03-27T19:35:37.864+0000] {processor.py:176} INFO - Processing /home/airflow/.local/lib/python3.7/site-packages/airflow/example_dags/example_kubernetes_executor.py took 0.714 seconds
[2024-03-27T19:36:11.539+0000] {processor.py:154} INFO - Started process (PID=916) to work on /home/airflow/.local/lib/python3.7/site-packages/airflow/example_dags/example_kubernetes_executor.py
[2024-03-27T19:36:11.544+0000] {processor.py:756} INFO - Processing file /home/airflow/.local/lib/python3.7/site-packages/airflow/example_dags/example_kubernetes_executor.py for tasks to queue
[2024-03-27T19:36:11.546+0000] {logging_mixin.py:120} INFO - [2024-03-27T19:36:11.546+0000] {dagbag.py:537} INFO - Filling up the DagBag from /home/airflow/.local/lib/python3.7/site-packages/airflow/example_dags/example_kubernetes_executor.py
[2024-03-27T19:36:11.764+0000] {processor.py:766} INFO - DAG(s) dict_keys(['example_kubernetes_executor']) retrieved from /home/airflow/.local/lib/python3.7/site-packages/airflow/example_dags/example_kubernetes_executor.py
[2024-03-27T19:36:12.518+0000] {logging_mixin.py:120} INFO - [2024-03-27T19:36:12.518+0000] {dag.py:2585} INFO - Sync 1 DAGs
[2024-03-27T19:36:12.672+0000] {logging_mixin.py:120} INFO - [2024-03-27T19:36:12.671+0000] {dag.py:3340} INFO - Setting next_dagrun for example_kubernetes_executor to None, run_after=None
[2024-03-27T19:36:12.729+0000] {processor.py:176} INFO - Processing /home/airflow/.local/lib/python3.7/site-packages/airflow/example_dags/example_kubernetes_executor.py took 1.200 seconds
[2024-03-27T19:36:47.710+0000] {processor.py:154} INFO - Started process (PID=37) to work on /home/airflow/.local/lib/python3.7/site-packages/airflow/example_dags/example_kubernetes_executor.py
[2024-03-27T19:36:47.711+0000] {processor.py:756} INFO - Processing file /home/airflow/.local/lib/python3.7/site-packages/airflow/example_dags/example_kubernetes_executor.py for tasks to queue
[2024-03-27T19:36:47.711+0000] {logging_mixin.py:120} INFO - [2024-03-27T19:36:47.711+0000] {dagbag.py:537} INFO - Filling up the DagBag from /home/airflow/.local/lib/python3.7/site-packages/airflow/example_dags/example_kubernetes_executor.py
[2024-03-27T19:36:47.730+0000] {processor.py:766} INFO - DAG(s) dict_keys(['example_kubernetes_executor']) retrieved from /home/airflow/.local/lib/python3.7/site-packages/airflow/example_dags/example_kubernetes_executor.py
[2024-03-27T19:36:47.840+0000] {logging_mixin.py:120} INFO - [2024-03-27T19:36:47.840+0000] {dag.py:2585} INFO - Sync 1 DAGs
[2024-03-27T19:36:47.865+0000] {logging_mixin.py:120} INFO - [2024-03-27T19:36:47.865+0000] {dag.py:3340} INFO - Setting next_dagrun for example_kubernetes_executor to None, run_after=None
[2024-03-27T19:36:47.890+0000] {processor.py:176} INFO - Processing /home/airflow/.local/lib/python3.7/site-packages/airflow/example_dags/example_kubernetes_executor.py took 0.183 seconds
[2024-03-27T19:37:18.626+0000] {processor.py:154} INFO - Started process (PID=85) to work on /home/airflow/.local/lib/python3.7/site-packages/airflow/example_dags/example_kubernetes_executor.py
[2024-03-27T19:37:18.628+0000] {processor.py:756} INFO - Processing file /home/airflow/.local/lib/python3.7/site-packages/airflow/example_dags/example_kubernetes_executor.py for tasks to queue
[2024-03-27T19:37:18.629+0000] {logging_mixin.py:120} INFO - [2024-03-27T19:37:18.629+0000] {dagbag.py:537} INFO - Filling up the DagBag from /home/airflow/.local/lib/python3.7/site-packages/airflow/example_dags/example_kubernetes_executor.py
[2024-03-27T19:37:18.724+0000] {processor.py:766} INFO - DAG(s) dict_keys(['example_kubernetes_executor']) retrieved from /home/airflow/.local/lib/python3.7/site-packages/airflow/example_dags/example_kubernetes_executor.py
[2024-03-27T19:37:18.782+0000] {logging_mixin.py:120} INFO - [2024-03-27T19:37:18.782+0000] {dag.py:2585} INFO - Sync 1 DAGs
[2024-03-27T19:37:18.832+0000] {logging_mixin.py:120} INFO - [2024-03-27T19:37:18.832+0000] {dag.py:3340} INFO - Setting next_dagrun for example_kubernetes_executor to None, run_after=None
[2024-03-27T19:37:18.864+0000] {processor.py:176} INFO - Processing /home/airflow/.local/lib/python3.7/site-packages/airflow/example_dags/example_kubernetes_executor.py took 0.246 seconds
[2024-03-27T19:37:54.866+0000] {processor.py:154} INFO - Started process (PID=37) to work on /home/airflow/.local/lib/python3.7/site-packages/airflow/example_dags/example_kubernetes_executor.py
[2024-03-27T19:37:54.875+0000] {processor.py:756} INFO - Processing file /home/airflow/.local/lib/python3.7/site-packages/airflow/example_dags/example_kubernetes_executor.py for tasks to queue
[2024-03-27T19:37:54.878+0000] {logging_mixin.py:120} INFO - [2024-03-27T19:37:54.877+0000] {dagbag.py:537} INFO - Filling up the DagBag from /home/airflow/.local/lib/python3.7/site-packages/airflow/example_dags/example_kubernetes_executor.py
[2024-03-27T19:37:54.942+0000] {processor.py:766} INFO - DAG(s) dict_keys(['example_kubernetes_executor']) retrieved from /home/airflow/.local/lib/python3.7/site-packages/airflow/example_dags/example_kubernetes_executor.py
[2024-03-27T19:37:55.002+0000] {logging_mixin.py:120} INFO - [2024-03-27T19:37:55.002+0000] {dag.py:2585} INFO - Sync 1 DAGs
[2024-03-27T19:37:55.026+0000] {logging_mixin.py:120} INFO - [2024-03-27T19:37:55.026+0000] {dag.py:3340} INFO - Setting next_dagrun for example_kubernetes_executor to None, run_after=None
[2024-03-27T19:37:55.053+0000] {processor.py:176} INFO - Processing /home/airflow/.local/lib/python3.7/site-packages/airflow/example_dags/example_kubernetes_executor.py took 0.278 seconds
[2024-03-27T19:38:30.089+0000] {processor.py:154} INFO - Started process (PID=85) to work on /home/airflow/.local/lib/python3.7/site-packages/airflow/example_dags/example_kubernetes_executor.py
[2024-03-27T19:38:30.092+0000] {processor.py:756} INFO - Processing file /home/airflow/.local/lib/python3.7/site-packages/airflow/example_dags/example_kubernetes_executor.py for tasks to queue
[2024-03-27T19:38:30.092+0000] {logging_mixin.py:120} INFO - [2024-03-27T19:38:30.092+0000] {dagbag.py:537} INFO - Filling up the DagBag from /home/airflow/.local/lib/python3.7/site-packages/airflow/example_dags/example_kubernetes_executor.py
[2024-03-27T19:38:30.142+0000] {processor.py:766} INFO - DAG(s) dict_keys(['example_kubernetes_executor']) retrieved from /home/airflow/.local/lib/python3.7/site-packages/airflow/example_dags/example_kubernetes_executor.py
[2024-03-27T19:38:30.197+0000] {logging_mixin.py:120} INFO - [2024-03-27T19:38:30.197+0000] {dag.py:2585} INFO - Sync 1 DAGs
[2024-03-27T19:38:30.228+0000] {logging_mixin.py:120} INFO - [2024-03-27T19:38:30.228+0000] {dag.py:3340} INFO - Setting next_dagrun for example_kubernetes_executor to None, run_after=None
[2024-03-27T19:38:30.253+0000] {processor.py:176} INFO - Processing /home/airflow/.local/lib/python3.7/site-packages/airflow/example_dags/example_kubernetes_executor.py took 0.169 seconds
[2024-03-27T19:39:50.060+0000] {processor.py:154} INFO - Started process (PID=55) to work on /home/airflow/.local/lib/python3.7/site-packages/airflow/example_dags/example_kubernetes_executor.py
[2024-03-27T19:39:50.061+0000] {processor.py:756} INFO - Processing file /home/airflow/.local/lib/python3.7/site-packages/airflow/example_dags/example_kubernetes_executor.py for tasks to queue
[2024-03-27T19:39:50.062+0000] {logging_mixin.py:120} INFO - [2024-03-27T19:39:50.062+0000] {dagbag.py:537} INFO - Filling up the DagBag from /home/airflow/.local/lib/python3.7/site-packages/airflow/example_dags/example_kubernetes_executor.py
[2024-03-27T19:39:50.095+0000] {processor.py:766} INFO - DAG(s) dict_keys(['example_kubernetes_executor']) retrieved from /home/airflow/.local/lib/python3.7/site-packages/airflow/example_dags/example_kubernetes_executor.py
[2024-03-27T19:39:50.160+0000] {logging_mixin.py:120} INFO - [2024-03-27T19:39:50.159+0000] {dag.py:2585} INFO - Sync 1 DAGs
[2024-03-27T19:39:50.199+0000] {logging_mixin.py:120} INFO - [2024-03-27T19:39:50.199+0000] {dag.py:3340} INFO - Setting next_dagrun for example_kubernetes_executor to None, run_after=None
[2024-03-27T19:39:50.223+0000] {processor.py:176} INFO - Processing /home/airflow/.local/lib/python3.7/site-packages/airflow/example_dags/example_kubernetes_executor.py took 0.166 seconds
[2024-03-27T19:40:27.640+0000] {processor.py:154} INFO - Started process (PID=113) to work on /home/airflow/.local/lib/python3.7/site-packages/airflow/example_dags/example_kubernetes_executor.py
[2024-03-27T19:40:27.641+0000] {processor.py:756} INFO - Processing file /home/airflow/.local/lib/python3.7/site-packages/airflow/example_dags/example_kubernetes_executor.py for tasks to queue
[2024-03-27T19:40:27.642+0000] {logging_mixin.py:120} INFO - [2024-03-27T19:40:27.642+0000] {dagbag.py:537} INFO - Filling up the DagBag from /home/airflow/.local/lib/python3.7/site-packages/airflow/example_dags/example_kubernetes_executor.py
[2024-03-27T19:40:27.744+0000] {processor.py:766} INFO - DAG(s) dict_keys(['example_kubernetes_executor']) retrieved from /home/airflow/.local/lib/python3.7/site-packages/airflow/example_dags/example_kubernetes_executor.py
[2024-03-27T19:40:28.201+0000] {logging_mixin.py:120} INFO - [2024-03-27T19:40:28.200+0000] {dag.py:2585} INFO - Sync 1 DAGs
[2024-03-27T19:40:28.232+0000] {logging_mixin.py:120} INFO - [2024-03-27T19:40:28.232+0000] {dag.py:3340} INFO - Setting next_dagrun for example_kubernetes_executor to None, run_after=None
[2024-03-27T19:40:28.251+0000] {processor.py:176} INFO - Processing /home/airflow/.local/lib/python3.7/site-packages/airflow/example_dags/example_kubernetes_executor.py took 0.615 seconds
[2024-03-27T19:40:59.101+0000] {processor.py:154} INFO - Started process (PID=162) to work on /home/airflow/.local/lib/python3.7/site-packages/airflow/example_dags/example_kubernetes_executor.py
[2024-03-27T19:40:59.111+0000] {processor.py:756} INFO - Processing file /home/airflow/.local/lib/python3.7/site-packages/airflow/example_dags/example_kubernetes_executor.py for tasks to queue
[2024-03-27T19:40:59.113+0000] {logging_mixin.py:120} INFO - [2024-03-27T19:40:59.113+0000] {dagbag.py:537} INFO - Filling up the DagBag from /home/airflow/.local/lib/python3.7/site-packages/airflow/example_dags/example_kubernetes_executor.py
[2024-03-27T19:40:59.269+0000] {processor.py:766} INFO - DAG(s) dict_keys(['example_kubernetes_executor']) retrieved from /home/airflow/.local/lib/python3.7/site-packages/airflow/example_dags/example_kubernetes_executor.py
[2024-03-27T19:40:59.499+0000] {logging_mixin.py:120} INFO - [2024-03-27T19:40:59.499+0000] {dag.py:2585} INFO - Sync 1 DAGs
[2024-03-27T19:40:59.545+0000] {logging_mixin.py:120} INFO - [2024-03-27T19:40:59.545+0000] {dag.py:3340} INFO - Setting next_dagrun for example_kubernetes_executor to None, run_after=None
[2024-03-27T19:40:59.619+0000] {processor.py:176} INFO - Processing /home/airflow/.local/lib/python3.7/site-packages/airflow/example_dags/example_kubernetes_executor.py took 0.607 seconds
[2024-03-27T19:41:38.532+0000] {processor.py:154} INFO - Started process (PID=45) to work on /home/airflow/.local/lib/python3.7/site-packages/airflow/example_dags/example_kubernetes_executor.py
[2024-03-27T19:41:38.533+0000] {processor.py:756} INFO - Processing file /home/airflow/.local/lib/python3.7/site-packages/airflow/example_dags/example_kubernetes_executor.py for tasks to queue
[2024-03-27T19:41:38.534+0000] {logging_mixin.py:120} INFO - [2024-03-27T19:41:38.534+0000] {dagbag.py:537} INFO - Filling up the DagBag from /home/airflow/.local/lib/python3.7/site-packages/airflow/example_dags/example_kubernetes_executor.py
[2024-03-27T19:41:38.555+0000] {processor.py:766} INFO - DAG(s) dict_keys(['example_kubernetes_executor']) retrieved from /home/airflow/.local/lib/python3.7/site-packages/airflow/example_dags/example_kubernetes_executor.py
[2024-03-27T19:41:38.589+0000] {logging_mixin.py:120} INFO - [2024-03-27T19:41:38.588+0000] {dag.py:2585} INFO - Sync 1 DAGs
[2024-03-27T19:41:38.607+0000] {logging_mixin.py:120} INFO - [2024-03-27T19:41:38.607+0000] {dag.py:3340} INFO - Setting next_dagrun for example_kubernetes_executor to None, run_after=None
[2024-03-27T19:41:38.620+0000] {processor.py:176} INFO - Processing /home/airflow/.local/lib/python3.7/site-packages/airflow/example_dags/example_kubernetes_executor.py took 0.090 seconds
[2024-03-27T19:42:09.592+0000] {processor.py:154} INFO - Started process (PID=95) to work on /home/airflow/.local/lib/python3.7/site-packages/airflow/example_dags/example_kubernetes_executor.py
[2024-03-27T19:42:09.596+0000] {processor.py:756} INFO - Processing file /home/airflow/.local/lib/python3.7/site-packages/airflow/example_dags/example_kubernetes_executor.py for tasks to queue
[2024-03-27T19:42:09.602+0000] {logging_mixin.py:120} INFO - [2024-03-27T19:42:09.599+0000] {dagbag.py:537} INFO - Filling up the DagBag from /home/airflow/.local/lib/python3.7/site-packages/airflow/example_dags/example_kubernetes_executor.py
[2024-03-27T19:42:09.649+0000] {processor.py:766} INFO - DAG(s) dict_keys(['example_kubernetes_executor']) retrieved from /home/airflow/.local/lib/python3.7/site-packages/airflow/example_dags/example_kubernetes_executor.py
[2024-03-27T19:42:09.701+0000] {logging_mixin.py:120} INFO - [2024-03-27T19:42:09.701+0000] {dag.py:2585} INFO - Sync 1 DAGs
[2024-03-27T19:42:09.752+0000] {logging_mixin.py:120} INFO - [2024-03-27T19:42:09.752+0000] {dag.py:3340} INFO - Setting next_dagrun for example_kubernetes_executor to None, run_after=None
[2024-03-27T19:42:09.775+0000] {processor.py:176} INFO - Processing /home/airflow/.local/lib/python3.7/site-packages/airflow/example_dags/example_kubernetes_executor.py took 0.195 seconds
[2024-03-27T19:42:46.089+0000] {processor.py:154} INFO - Started process (PID=152) to work on /home/airflow/.local/lib/python3.7/site-packages/airflow/example_dags/example_kubernetes_executor.py
[2024-03-27T19:42:46.092+0000] {processor.py:756} INFO - Processing file /home/airflow/.local/lib/python3.7/site-packages/airflow/example_dags/example_kubernetes_executor.py for tasks to queue
[2024-03-27T19:42:46.092+0000] {logging_mixin.py:120} INFO - [2024-03-27T19:42:46.092+0000] {dagbag.py:537} INFO - Filling up the DagBag from /home/airflow/.local/lib/python3.7/site-packages/airflow/example_dags/example_kubernetes_executor.py
[2024-03-27T19:42:46.216+0000] {processor.py:766} INFO - DAG(s) dict_keys(['example_kubernetes_executor']) retrieved from /home/airflow/.local/lib/python3.7/site-packages/airflow/example_dags/example_kubernetes_executor.py
[2024-03-27T19:42:46.352+0000] {logging_mixin.py:120} INFO - [2024-03-27T19:42:46.352+0000] {dag.py:2585} INFO - Sync 1 DAGs
[2024-03-27T19:42:46.410+0000] {logging_mixin.py:120} INFO - [2024-03-27T19:42:46.410+0000] {dag.py:3340} INFO - Setting next_dagrun for example_kubernetes_executor to None, run_after=None
[2024-03-27T19:42:46.465+0000] {processor.py:176} INFO - Processing /home/airflow/.local/lib/python3.7/site-packages/airflow/example_dags/example_kubernetes_executor.py took 0.382 seconds
[2024-03-27T19:44:25.348+0000] {processor.py:154} INFO - Started process (PID=46) to work on /home/airflow/.local/lib/python3.7/site-packages/airflow/example_dags/example_kubernetes_executor.py
[2024-03-27T19:44:25.350+0000] {processor.py:756} INFO - Processing file /home/airflow/.local/lib/python3.7/site-packages/airflow/example_dags/example_kubernetes_executor.py for tasks to queue
[2024-03-27T19:44:25.350+0000] {logging_mixin.py:120} INFO - [2024-03-27T19:44:25.350+0000] {dagbag.py:537} INFO - Filling up the DagBag from /home/airflow/.local/lib/python3.7/site-packages/airflow/example_dags/example_kubernetes_executor.py
[2024-03-27T19:44:25.431+0000] {processor.py:766} INFO - DAG(s) dict_keys(['example_kubernetes_executor']) retrieved from /home/airflow/.local/lib/python3.7/site-packages/airflow/example_dags/example_kubernetes_executor.py
[2024-03-27T19:44:25.532+0000] {logging_mixin.py:120} INFO - [2024-03-27T19:44:25.532+0000] {dag.py:2585} INFO - Sync 1 DAGs
[2024-03-27T19:44:25.575+0000] {logging_mixin.py:120} INFO - [2024-03-27T19:44:25.575+0000] {dag.py:3340} INFO - Setting next_dagrun for example_kubernetes_executor to None, run_after=None
[2024-03-27T19:44:25.615+0000] {processor.py:176} INFO - Processing /home/airflow/.local/lib/python3.7/site-packages/airflow/example_dags/example_kubernetes_executor.py took 0.269 seconds
[2024-03-27T19:45:18.563+0000] {processor.py:154} INFO - Started process (PID=105) to work on /home/airflow/.local/lib/python3.7/site-packages/airflow/example_dags/example_kubernetes_executor.py
[2024-03-27T19:45:18.569+0000] {processor.py:756} INFO - Processing file /home/airflow/.local/lib/python3.7/site-packages/airflow/example_dags/example_kubernetes_executor.py for tasks to queue
[2024-03-27T19:45:18.572+0000] {logging_mixin.py:120} INFO - [2024-03-27T19:45:18.572+0000] {dagbag.py:537} INFO - Filling up the DagBag from /home/airflow/.local/lib/python3.7/site-packages/airflow/example_dags/example_kubernetes_executor.py
[2024-03-27T19:45:18.746+0000] {processor.py:766} INFO - DAG(s) dict_keys(['example_kubernetes_executor']) retrieved from /home/airflow/.local/lib/python3.7/site-packages/airflow/example_dags/example_kubernetes_executor.py
[2024-03-27T19:45:18.825+0000] {logging_mixin.py:120} INFO - [2024-03-27T19:45:18.825+0000] {dag.py:2585} INFO - Sync 1 DAGs
[2024-03-27T19:45:18.912+0000] {logging_mixin.py:120} INFO - [2024-03-27T19:45:18.911+0000] {dag.py:3340} INFO - Setting next_dagrun for example_kubernetes_executor to None, run_after=None
[2024-03-27T19:45:18.966+0000] {processor.py:176} INFO - Processing /home/airflow/.local/lib/python3.7/site-packages/airflow/example_dags/example_kubernetes_executor.py took 0.411 seconds
[2024-03-27T19:46:13.826+0000] {processor.py:154} INFO - Started process (PID=49) to work on /home/airflow/.local/lib/python3.7/site-packages/airflow/example_dags/example_kubernetes_executor.py
[2024-03-27T19:46:13.830+0000] {processor.py:756} INFO - Processing file /home/airflow/.local/lib/python3.7/site-packages/airflow/example_dags/example_kubernetes_executor.py for tasks to queue
[2024-03-27T19:46:13.831+0000] {logging_mixin.py:120} INFO - [2024-03-27T19:46:13.831+0000] {dagbag.py:537} INFO - Filling up the DagBag from /home/airflow/.local/lib/python3.7/site-packages/airflow/example_dags/example_kubernetes_executor.py
[2024-03-27T19:46:13.874+0000] {processor.py:766} INFO - DAG(s) dict_keys(['example_kubernetes_executor']) retrieved from /home/airflow/.local/lib/python3.7/site-packages/airflow/example_dags/example_kubernetes_executor.py
[2024-03-27T19:46:13.924+0000] {logging_mixin.py:120} INFO - [2024-03-27T19:46:13.923+0000] {dag.py:2585} INFO - Sync 1 DAGs
[2024-03-27T19:46:13.943+0000] {logging_mixin.py:120} INFO - [2024-03-27T19:46:13.943+0000] {dag.py:3340} INFO - Setting next_dagrun for example_kubernetes_executor to None, run_after=None
[2024-03-27T19:46:13.963+0000] {processor.py:176} INFO - Processing /home/airflow/.local/lib/python3.7/site-packages/airflow/example_dags/example_kubernetes_executor.py took 0.140 seconds
[2024-03-27T19:46:44.164+0000] {processor.py:154} INFO - Started process (PID=98) to work on /home/airflow/.local/lib/python3.7/site-packages/airflow/example_dags/example_kubernetes_executor.py
[2024-03-27T19:46:44.166+0000] {processor.py:756} INFO - Processing file /home/airflow/.local/lib/python3.7/site-packages/airflow/example_dags/example_kubernetes_executor.py for tasks to queue
[2024-03-27T19:46:44.166+0000] {logging_mixin.py:120} INFO - [2024-03-27T19:46:44.166+0000] {dagbag.py:537} INFO - Filling up the DagBag from /home/airflow/.local/lib/python3.7/site-packages/airflow/example_dags/example_kubernetes_executor.py
[2024-03-27T19:46:44.187+0000] {processor.py:766} INFO - DAG(s) dict_keys(['example_kubernetes_executor']) retrieved from /home/airflow/.local/lib/python3.7/site-packages/airflow/example_dags/example_kubernetes_executor.py
[2024-03-27T19:46:44.210+0000] {logging_mixin.py:120} INFO - [2024-03-27T19:46:44.210+0000] {dag.py:2585} INFO - Sync 1 DAGs
[2024-03-27T19:46:44.226+0000] {logging_mixin.py:120} INFO - [2024-03-27T19:46:44.225+0000] {dag.py:3340} INFO - Setting next_dagrun for example_kubernetes_executor to None, run_after=None
[2024-03-27T19:46:44.236+0000] {processor.py:176} INFO - Processing /home/airflow/.local/lib/python3.7/site-packages/airflow/example_dags/example_kubernetes_executor.py took 0.074 seconds
[2024-03-27T19:47:23.211+0000] {processor.py:154} INFO - Started process (PID=122) to work on /home/airflow/.local/lib/python3.7/site-packages/airflow/example_dags/example_kubernetes_executor.py
[2024-03-27T19:47:23.212+0000] {processor.py:756} INFO - Processing file /home/airflow/.local/lib/python3.7/site-packages/airflow/example_dags/example_kubernetes_executor.py for tasks to queue
[2024-03-27T19:47:23.215+0000] {logging_mixin.py:120} INFO - [2024-03-27T19:47:23.215+0000] {dagbag.py:537} INFO - Filling up the DagBag from /home/airflow/.local/lib/python3.7/site-packages/airflow/example_dags/example_kubernetes_executor.py
[2024-03-27T19:47:23.294+0000] {processor.py:766} INFO - DAG(s) dict_keys(['example_kubernetes_executor']) retrieved from /home/airflow/.local/lib/python3.7/site-packages/airflow/example_dags/example_kubernetes_executor.py
[2024-03-27T19:47:23.399+0000] {logging_mixin.py:120} INFO - [2024-03-27T19:47:23.399+0000] {dag.py:2585} INFO - Sync 1 DAGs
[2024-03-27T19:47:23.451+0000] {logging_mixin.py:120} INFO - [2024-03-27T19:47:23.451+0000] {dag.py:3340} INFO - Setting next_dagrun for example_kubernetes_executor to None, run_after=None
[2024-03-27T19:47:23.511+0000] {processor.py:176} INFO - Processing /home/airflow/.local/lib/python3.7/site-packages/airflow/example_dags/example_kubernetes_executor.py took 0.308 seconds
[2024-03-27T19:47:46.106+0000] {processor.py:154} INFO - Started process (PID=45) to work on /home/airflow/.local/lib/python3.7/site-packages/airflow/example_dags/example_kubernetes_executor.py
[2024-03-27T19:47:46.107+0000] {processor.py:756} INFO - Processing file /home/airflow/.local/lib/python3.7/site-packages/airflow/example_dags/example_kubernetes_executor.py for tasks to queue
[2024-03-27T19:47:46.108+0000] {logging_mixin.py:120} INFO - [2024-03-27T19:47:46.108+0000] {dagbag.py:537} INFO - Filling up the DagBag from /home/airflow/.local/lib/python3.7/site-packages/airflow/example_dags/example_kubernetes_executor.py
[2024-03-27T19:47:46.133+0000] {processor.py:766} INFO - DAG(s) dict_keys(['example_kubernetes_executor']) retrieved from /home/airflow/.local/lib/python3.7/site-packages/airflow/example_dags/example_kubernetes_executor.py
[2024-03-27T19:47:46.160+0000] {logging_mixin.py:120} INFO - [2024-03-27T19:47:46.160+0000] {dag.py:2585} INFO - Sync 1 DAGs
[2024-03-27T19:47:46.179+0000] {logging_mixin.py:120} INFO - [2024-03-27T19:47:46.179+0000] {dag.py:3340} INFO - Setting next_dagrun for example_kubernetes_executor to None, run_after=None
[2024-03-27T19:47:46.190+0000] {processor.py:176} INFO - Processing /home/airflow/.local/lib/python3.7/site-packages/airflow/example_dags/example_kubernetes_executor.py took 0.086 seconds
[2024-03-27T19:48:20.013+0000] {processor.py:154} INFO - Started process (PID=94) to work on /home/airflow/.local/lib/python3.7/site-packages/airflow/example_dags/example_kubernetes_executor.py
[2024-03-27T19:48:20.014+0000] {processor.py:756} INFO - Processing file /home/airflow/.local/lib/python3.7/site-packages/airflow/example_dags/example_kubernetes_executor.py for tasks to queue
[2024-03-27T19:48:20.015+0000] {logging_mixin.py:120} INFO - [2024-03-27T19:48:20.015+0000] {dagbag.py:537} INFO - Filling up the DagBag from /home/airflow/.local/lib/python3.7/site-packages/airflow/example_dags/example_kubernetes_executor.py
[2024-03-27T19:48:20.085+0000] {processor.py:766} INFO - DAG(s) dict_keys(['example_kubernetes_executor']) retrieved from /home/airflow/.local/lib/python3.7/site-packages/airflow/example_dags/example_kubernetes_executor.py
[2024-03-27T19:48:20.330+0000] {logging_mixin.py:120} INFO - [2024-03-27T19:48:20.328+0000] {dag.py:2585} INFO - Sync 1 DAGs
[2024-03-27T19:48:20.459+0000] {logging_mixin.py:120} INFO - [2024-03-27T19:48:20.458+0000] {dag.py:3340} INFO - Setting next_dagrun for example_kubernetes_executor to None, run_after=None
[2024-03-27T19:48:20.513+0000] {processor.py:176} INFO - Processing /home/airflow/.local/lib/python3.7/site-packages/airflow/example_dags/example_kubernetes_executor.py took 0.503 seconds
[2024-03-27T19:48:51.256+0000] {processor.py:154} INFO - Started process (PID=152) to work on /home/airflow/.local/lib/python3.7/site-packages/airflow/example_dags/example_kubernetes_executor.py
[2024-03-27T19:48:51.257+0000] {processor.py:756} INFO - Processing file /home/airflow/.local/lib/python3.7/site-packages/airflow/example_dags/example_kubernetes_executor.py for tasks to queue
[2024-03-27T19:48:51.257+0000] {logging_mixin.py:120} INFO - [2024-03-27T19:48:51.257+0000] {dagbag.py:537} INFO - Filling up the DagBag from /home/airflow/.local/lib/python3.7/site-packages/airflow/example_dags/example_kubernetes_executor.py
[2024-03-27T19:48:51.296+0000] {processor.py:766} INFO - DAG(s) dict_keys(['example_kubernetes_executor']) retrieved from /home/airflow/.local/lib/python3.7/site-packages/airflow/example_dags/example_kubernetes_executor.py
[2024-03-27T19:49:25.632+0000] {processor.py:154} INFO - Started process (PID=46) to work on /home/airflow/.local/lib/python3.7/site-packages/airflow/example_dags/example_kubernetes_executor.py
[2024-03-27T19:49:25.633+0000] {processor.py:756} INFO - Processing file /home/airflow/.local/lib/python3.7/site-packages/airflow/example_dags/example_kubernetes_executor.py for tasks to queue
[2024-03-27T19:49:25.633+0000] {logging_mixin.py:120} INFO - [2024-03-27T19:49:25.633+0000] {dagbag.py:537} INFO - Filling up the DagBag from /home/airflow/.local/lib/python3.7/site-packages/airflow/example_dags/example_kubernetes_executor.py
[2024-03-27T19:49:25.653+0000] {processor.py:766} INFO - DAG(s) dict_keys(['example_kubernetes_executor']) retrieved from /home/airflow/.local/lib/python3.7/site-packages/airflow/example_dags/example_kubernetes_executor.py
[2024-03-27T19:49:25.682+0000] {logging_mixin.py:120} INFO - [2024-03-27T19:49:25.682+0000] {dag.py:2585} INFO - Sync 1 DAGs
[2024-03-27T19:49:25.700+0000] {logging_mixin.py:120} INFO - [2024-03-27T19:49:25.700+0000] {dag.py:3340} INFO - Setting next_dagrun for example_kubernetes_executor to None, run_after=None
[2024-03-27T19:49:25.715+0000] {processor.py:176} INFO - Processing /home/airflow/.local/lib/python3.7/site-packages/airflow/example_dags/example_kubernetes_executor.py took 0.085 seconds
[2024-03-27T19:49:59.432+0000] {processor.py:154} INFO - Started process (PID=104) to work on /home/airflow/.local/lib/python3.7/site-packages/airflow/example_dags/example_kubernetes_executor.py
[2024-03-27T19:49:59.434+0000] {processor.py:756} INFO - Processing file /home/airflow/.local/lib/python3.7/site-packages/airflow/example_dags/example_kubernetes_executor.py for tasks to queue
[2024-03-27T19:49:59.437+0000] {logging_mixin.py:120} INFO - [2024-03-27T19:49:59.437+0000] {dagbag.py:537} INFO - Filling up the DagBag from /home/airflow/.local/lib/python3.7/site-packages/airflow/example_dags/example_kubernetes_executor.py
[2024-03-27T19:49:59.586+0000] {processor.py:766} INFO - DAG(s) dict_keys(['example_kubernetes_executor']) retrieved from /home/airflow/.local/lib/python3.7/site-packages/airflow/example_dags/example_kubernetes_executor.py
[2024-03-27T19:49:59.716+0000] {logging_mixin.py:120} INFO - [2024-03-27T19:49:59.716+0000] {dag.py:2585} INFO - Sync 1 DAGs
[2024-03-27T19:49:59.751+0000] {logging_mixin.py:120} INFO - [2024-03-27T19:49:59.750+0000] {dag.py:3340} INFO - Setting next_dagrun for example_kubernetes_executor to None, run_after=None
[2024-03-27T19:49:59.772+0000] {processor.py:176} INFO - Processing /home/airflow/.local/lib/python3.7/site-packages/airflow/example_dags/example_kubernetes_executor.py took 0.345 seconds
[2024-03-27T19:54:18.027+0000] {processor.py:154} INFO - Started process (PID=38) to work on /home/airflow/.local/lib/python3.7/site-packages/airflow/example_dags/example_kubernetes_executor.py
[2024-03-27T19:54:18.029+0000] {processor.py:756} INFO - Processing file /home/airflow/.local/lib/python3.7/site-packages/airflow/example_dags/example_kubernetes_executor.py for tasks to queue
[2024-03-27T19:54:18.030+0000] {logging_mixin.py:120} INFO - [2024-03-27T19:54:18.030+0000] {dagbag.py:537} INFO - Filling up the DagBag from /home/airflow/.local/lib/python3.7/site-packages/airflow/example_dags/example_kubernetes_executor.py
[2024-03-27T19:54:18.052+0000] {processor.py:766} INFO - DAG(s) dict_keys(['example_kubernetes_executor']) retrieved from /home/airflow/.local/lib/python3.7/site-packages/airflow/example_dags/example_kubernetes_executor.py
[2024-03-27T19:54:18.094+0000] {logging_mixin.py:120} INFO - [2024-03-27T19:54:18.094+0000] {dag.py:2585} INFO - Sync 1 DAGs
[2024-03-27T19:54:18.117+0000] {logging_mixin.py:120} INFO - [2024-03-27T19:54:18.117+0000] {dag.py:3340} INFO - Setting next_dagrun for example_kubernetes_executor to None, run_after=None
[2024-03-27T19:54:18.135+0000] {processor.py:176} INFO - Processing /home/airflow/.local/lib/python3.7/site-packages/airflow/example_dags/example_kubernetes_executor.py took 0.110 seconds
