[2024-03-27T19:09:51.848+0000] {processor.py:154} INFO - Started process (PID=78) to work on /home/airflow/.local/lib/python3.7/site-packages/airflow/example_dags/example_skip_dag.py
[2024-03-27T19:09:51.849+0000] {processor.py:756} INFO - Processing file /home/airflow/.local/lib/python3.7/site-packages/airflow/example_dags/example_skip_dag.py for tasks to queue
[2024-03-27T19:09:51.850+0000] {logging_mixin.py:120} INFO - [2024-03-27T19:09:51.850+0000] {dagbag.py:537} INFO - Filling up the DagBag from /home/airflow/.local/lib/python3.7/site-packages/airflow/example_dags/example_skip_dag.py
[2024-03-27T19:09:51.867+0000] {processor.py:766} INFO - DAG(s) dict_keys(['example_skip_dag']) retrieved from /home/airflow/.local/lib/python3.7/site-packages/airflow/example_dags/example_skip_dag.py
[2024-03-27T19:09:51.902+0000] {logging_mixin.py:120} INFO - [2024-03-27T19:09:51.902+0000] {dag.py:2585} INFO - Sync 1 DAGs
[2024-03-27T19:09:51.926+0000] {logging_mixin.py:120} INFO - [2024-03-27T19:09:51.926+0000] {dag.py:3340} INFO - Setting next_dagrun for example_skip_dag to 2024-03-26T19:09:51.925918+00:00, run_after=2024-03-27T19:09:51.925918+00:00
[2024-03-27T19:09:51.947+0000] {processor.py:176} INFO - Processing /home/airflow/.local/lib/python3.7/site-packages/airflow/example_dags/example_skip_dag.py took 0.104 seconds
[2024-03-27T19:10:22.128+0000] {processor.py:154} INFO - Started process (PID=145) to work on /home/airflow/.local/lib/python3.7/site-packages/airflow/example_dags/example_skip_dag.py
[2024-03-27T19:10:22.129+0000] {processor.py:756} INFO - Processing file /home/airflow/.local/lib/python3.7/site-packages/airflow/example_dags/example_skip_dag.py for tasks to queue
[2024-03-27T19:10:22.129+0000] {logging_mixin.py:120} INFO - [2024-03-27T19:10:22.129+0000] {dagbag.py:537} INFO - Filling up the DagBag from /home/airflow/.local/lib/python3.7/site-packages/airflow/example_dags/example_skip_dag.py
[2024-03-27T19:10:22.139+0000] {processor.py:766} INFO - DAG(s) dict_keys(['example_skip_dag']) retrieved from /home/airflow/.local/lib/python3.7/site-packages/airflow/example_dags/example_skip_dag.py
[2024-03-27T19:10:22.164+0000] {logging_mixin.py:120} INFO - [2024-03-27T19:10:22.164+0000] {dag.py:2585} INFO - Sync 1 DAGs
[2024-03-27T19:10:22.180+0000] {logging_mixin.py:120} INFO - [2024-03-27T19:10:22.179+0000] {dag.py:3340} INFO - Setting next_dagrun for example_skip_dag to 2024-03-26T19:10:22.179824+00:00, run_after=2024-03-27T19:10:22.179824+00:00
[2024-03-27T19:10:22.191+0000] {processor.py:176} INFO - Processing /home/airflow/.local/lib/python3.7/site-packages/airflow/example_dags/example_skip_dag.py took 0.064 seconds
[2024-03-27T19:11:11.509+0000] {processor.py:154} INFO - Started process (PID=78) to work on /home/airflow/.local/lib/python3.7/site-packages/airflow/example_dags/example_skip_dag.py
[2024-03-27T19:11:11.510+0000] {processor.py:756} INFO - Processing file /home/airflow/.local/lib/python3.7/site-packages/airflow/example_dags/example_skip_dag.py for tasks to queue
[2024-03-27T19:11:11.511+0000] {logging_mixin.py:120} INFO - [2024-03-27T19:11:11.510+0000] {dagbag.py:537} INFO - Filling up the DagBag from /home/airflow/.local/lib/python3.7/site-packages/airflow/example_dags/example_skip_dag.py
[2024-03-27T19:11:11.523+0000] {processor.py:766} INFO - DAG(s) dict_keys(['example_skip_dag']) retrieved from /home/airflow/.local/lib/python3.7/site-packages/airflow/example_dags/example_skip_dag.py
[2024-03-27T19:11:11.552+0000] {logging_mixin.py:120} INFO - [2024-03-27T19:11:11.551+0000] {dag.py:2585} INFO - Sync 1 DAGs
[2024-03-27T19:11:11.578+0000] {logging_mixin.py:120} INFO - [2024-03-27T19:11:11.577+0000] {dag.py:3340} INFO - Setting next_dagrun for example_skip_dag to 2024-03-26T19:11:11.577769+00:00, run_after=2024-03-27T19:11:11.577769+00:00
[2024-03-27T19:11:11.614+0000] {processor.py:176} INFO - Processing /home/airflow/.local/lib/python3.7/site-packages/airflow/example_dags/example_skip_dag.py took 0.108 seconds
[2024-03-27T19:11:42.896+0000] {processor.py:154} INFO - Started process (PID=139) to work on /home/airflow/.local/lib/python3.7/site-packages/airflow/example_dags/example_skip_dag.py
[2024-03-27T19:11:42.904+0000] {processor.py:756} INFO - Processing file /home/airflow/.local/lib/python3.7/site-packages/airflow/example_dags/example_skip_dag.py for tasks to queue
[2024-03-27T19:11:42.904+0000] {logging_mixin.py:120} INFO - [2024-03-27T19:11:42.904+0000] {dagbag.py:537} INFO - Filling up the DagBag from /home/airflow/.local/lib/python3.7/site-packages/airflow/example_dags/example_skip_dag.py
[2024-03-27T19:11:42.939+0000] {processor.py:766} INFO - DAG(s) dict_keys(['example_skip_dag']) retrieved from /home/airflow/.local/lib/python3.7/site-packages/airflow/example_dags/example_skip_dag.py
[2024-03-27T19:11:43.093+0000] {logging_mixin.py:120} INFO - [2024-03-27T19:11:43.093+0000] {dag.py:2585} INFO - Sync 1 DAGs
[2024-03-27T19:11:43.225+0000] {logging_mixin.py:120} INFO - [2024-03-27T19:11:43.225+0000] {dag.py:3340} INFO - Setting next_dagrun for example_skip_dag to 2024-03-26T19:11:43.224355+00:00, run_after=2024-03-27T19:11:43.224355+00:00
[2024-03-27T19:11:43.318+0000] {processor.py:176} INFO - Processing /home/airflow/.local/lib/python3.7/site-packages/airflow/example_dags/example_skip_dag.py took 0.431 seconds
[2024-03-27T19:12:22.044+0000] {processor.py:154} INFO - Started process (PID=79) to work on /home/airflow/.local/lib/python3.7/site-packages/airflow/example_dags/example_skip_dag.py
[2024-03-27T19:12:22.045+0000] {processor.py:756} INFO - Processing file /home/airflow/.local/lib/python3.7/site-packages/airflow/example_dags/example_skip_dag.py for tasks to queue
[2024-03-27T19:12:22.045+0000] {logging_mixin.py:120} INFO - [2024-03-27T19:12:22.045+0000] {dagbag.py:537} INFO - Filling up the DagBag from /home/airflow/.local/lib/python3.7/site-packages/airflow/example_dags/example_skip_dag.py
[2024-03-27T19:12:22.056+0000] {processor.py:766} INFO - DAG(s) dict_keys(['example_skip_dag']) retrieved from /home/airflow/.local/lib/python3.7/site-packages/airflow/example_dags/example_skip_dag.py
[2024-03-27T19:12:22.080+0000] {logging_mixin.py:120} INFO - [2024-03-27T19:12:22.080+0000] {dag.py:2585} INFO - Sync 1 DAGs
[2024-03-27T19:12:22.097+0000] {logging_mixin.py:120} INFO - [2024-03-27T19:12:22.097+0000] {dag.py:3340} INFO - Setting next_dagrun for example_skip_dag to 2024-03-26T19:12:22.096878+00:00, run_after=2024-03-27T19:12:22.096878+00:00
[2024-03-27T19:12:22.108+0000] {processor.py:176} INFO - Processing /home/airflow/.local/lib/python3.7/site-packages/airflow/example_dags/example_skip_dag.py took 0.068 seconds
[2024-03-27T19:12:52.916+0000] {processor.py:154} INFO - Started process (PID=129) to work on /home/airflow/.local/lib/python3.7/site-packages/airflow/example_dags/example_skip_dag.py
[2024-03-27T19:12:52.919+0000] {processor.py:756} INFO - Processing file /home/airflow/.local/lib/python3.7/site-packages/airflow/example_dags/example_skip_dag.py for tasks to queue
[2024-03-27T19:12:52.920+0000] {logging_mixin.py:120} INFO - [2024-03-27T19:12:52.920+0000] {dagbag.py:537} INFO - Filling up the DagBag from /home/airflow/.local/lib/python3.7/site-packages/airflow/example_dags/example_skip_dag.py
[2024-03-27T19:12:52.929+0000] {processor.py:766} INFO - DAG(s) dict_keys(['example_skip_dag']) retrieved from /home/airflow/.local/lib/python3.7/site-packages/airflow/example_dags/example_skip_dag.py
[2024-03-27T19:12:52.953+0000] {logging_mixin.py:120} INFO - [2024-03-27T19:12:52.953+0000] {dag.py:2585} INFO - Sync 1 DAGs
[2024-03-27T19:12:52.967+0000] {logging_mixin.py:120} INFO - [2024-03-27T19:12:52.967+0000] {dag.py:3340} INFO - Setting next_dagrun for example_skip_dag to 2024-03-26T19:12:52.967626+00:00, run_after=2024-03-27T19:12:52.967626+00:00
[2024-03-27T19:12:52.979+0000] {processor.py:176} INFO - Processing /home/airflow/.local/lib/python3.7/site-packages/airflow/example_dags/example_skip_dag.py took 0.064 seconds
[2024-03-27T19:13:33.752+0000] {processor.py:154} INFO - Started process (PID=190) to work on /home/airflow/.local/lib/python3.7/site-packages/airflow/example_dags/example_skip_dag.py
[2024-03-27T19:13:33.754+0000] {processor.py:756} INFO - Processing file /home/airflow/.local/lib/python3.7/site-packages/airflow/example_dags/example_skip_dag.py for tasks to queue
[2024-03-27T19:13:33.756+0000] {logging_mixin.py:120} INFO - [2024-03-27T19:13:33.756+0000] {dagbag.py:537} INFO - Filling up the DagBag from /home/airflow/.local/lib/python3.7/site-packages/airflow/example_dags/example_skip_dag.py
[2024-03-27T19:13:33.789+0000] {processor.py:766} INFO - DAG(s) dict_keys(['example_skip_dag']) retrieved from /home/airflow/.local/lib/python3.7/site-packages/airflow/example_dags/example_skip_dag.py
[2024-03-27T19:13:33.874+0000] {logging_mixin.py:120} INFO - [2024-03-27T19:13:33.874+0000] {dag.py:2585} INFO - Sync 1 DAGs
[2024-03-27T19:13:33.905+0000] {logging_mixin.py:120} INFO - [2024-03-27T19:13:33.904+0000] {dag.py:3340} INFO - Setting next_dagrun for example_skip_dag to 2024-03-26T19:13:33.904500+00:00, run_after=2024-03-27T19:13:33.904500+00:00
[2024-03-27T19:13:33.926+0000] {processor.py:176} INFO - Processing /home/airflow/.local/lib/python3.7/site-packages/airflow/example_dags/example_skip_dag.py took 0.182 seconds
[2024-03-27T19:13:57.680+0000] {processor.py:154} INFO - Started process (PID=78) to work on /home/airflow/.local/lib/python3.7/site-packages/airflow/example_dags/example_skip_dag.py
[2024-03-27T19:13:57.682+0000] {processor.py:756} INFO - Processing file /home/airflow/.local/lib/python3.7/site-packages/airflow/example_dags/example_skip_dag.py for tasks to queue
[2024-03-27T19:13:57.688+0000] {logging_mixin.py:120} INFO - [2024-03-27T19:13:57.688+0000] {dagbag.py:537} INFO - Filling up the DagBag from /home/airflow/.local/lib/python3.7/site-packages/airflow/example_dags/example_skip_dag.py
[2024-03-27T19:13:57.702+0000] {processor.py:766} INFO - DAG(s) dict_keys(['example_skip_dag']) retrieved from /home/airflow/.local/lib/python3.7/site-packages/airflow/example_dags/example_skip_dag.py
[2024-03-27T19:13:57.728+0000] {logging_mixin.py:120} INFO - [2024-03-27T19:13:57.728+0000] {dag.py:2585} INFO - Sync 1 DAGs
[2024-03-27T19:13:57.742+0000] {logging_mixin.py:120} INFO - [2024-03-27T19:13:57.741+0000] {dag.py:3340} INFO - Setting next_dagrun for example_skip_dag to 2024-03-26T19:13:57.741771+00:00, run_after=2024-03-27T19:13:57.741771+00:00
[2024-03-27T19:13:57.753+0000] {processor.py:176} INFO - Processing /home/airflow/.local/lib/python3.7/site-packages/airflow/example_dags/example_skip_dag.py took 0.075 seconds
[2024-03-27T19:14:50.624+0000] {processor.py:154} INFO - Started process (PID=137) to work on /home/airflow/.local/lib/python3.7/site-packages/airflow/example_dags/example_skip_dag.py
[2024-03-27T19:14:50.627+0000] {processor.py:756} INFO - Processing file /home/airflow/.local/lib/python3.7/site-packages/airflow/example_dags/example_skip_dag.py for tasks to queue
[2024-03-27T19:14:50.628+0000] {logging_mixin.py:120} INFO - [2024-03-27T19:14:50.628+0000] {dagbag.py:537} INFO - Filling up the DagBag from /home/airflow/.local/lib/python3.7/site-packages/airflow/example_dags/example_skip_dag.py
[2024-03-27T19:14:50.643+0000] {processor.py:766} INFO - DAG(s) dict_keys(['example_skip_dag']) retrieved from /home/airflow/.local/lib/python3.7/site-packages/airflow/example_dags/example_skip_dag.py
[2024-03-27T19:14:50.691+0000] {logging_mixin.py:120} INFO - [2024-03-27T19:14:50.690+0000] {dag.py:2585} INFO - Sync 1 DAGs
[2024-03-27T19:14:50.726+0000] {logging_mixin.py:120} INFO - [2024-03-27T19:14:50.726+0000] {dag.py:3340} INFO - Setting next_dagrun for example_skip_dag to 2024-03-26T19:14:50.726574+00:00, run_after=2024-03-27T19:14:50.726574+00:00
[2024-03-27T19:14:50.746+0000] {processor.py:176} INFO - Processing /home/airflow/.local/lib/python3.7/site-packages/airflow/example_dags/example_skip_dag.py took 0.124 seconds
[2024-03-27T19:15:22.649+0000] {processor.py:154} INFO - Started process (PID=78) to work on /home/airflow/.local/lib/python3.7/site-packages/airflow/example_dags/example_skip_dag.py
[2024-03-27T19:15:22.650+0000] {processor.py:756} INFO - Processing file /home/airflow/.local/lib/python3.7/site-packages/airflow/example_dags/example_skip_dag.py for tasks to queue
[2024-03-27T19:15:22.651+0000] {logging_mixin.py:120} INFO - [2024-03-27T19:15:22.650+0000] {dagbag.py:537} INFO - Filling up the DagBag from /home/airflow/.local/lib/python3.7/site-packages/airflow/example_dags/example_skip_dag.py
[2024-03-27T19:15:22.661+0000] {processor.py:766} INFO - DAG(s) dict_keys(['example_skip_dag']) retrieved from /home/airflow/.local/lib/python3.7/site-packages/airflow/example_dags/example_skip_dag.py
[2024-03-27T19:15:22.686+0000] {logging_mixin.py:120} INFO - [2024-03-27T19:15:22.686+0000] {dag.py:2585} INFO - Sync 1 DAGs
[2024-03-27T19:15:22.700+0000] {logging_mixin.py:120} INFO - [2024-03-27T19:15:22.700+0000] {dag.py:3340} INFO - Setting next_dagrun for example_skip_dag to 2024-03-26T19:15:22.700070+00:00, run_after=2024-03-27T19:15:22.700070+00:00
[2024-03-27T19:15:22.712+0000] {processor.py:176} INFO - Processing /home/airflow/.local/lib/python3.7/site-packages/airflow/example_dags/example_skip_dag.py took 0.065 seconds
[2024-03-27T19:15:55.672+0000] {processor.py:154} INFO - Started process (PID=137) to work on /home/airflow/.local/lib/python3.7/site-packages/airflow/example_dags/example_skip_dag.py
[2024-03-27T19:15:55.673+0000] {processor.py:756} INFO - Processing file /home/airflow/.local/lib/python3.7/site-packages/airflow/example_dags/example_skip_dag.py for tasks to queue
[2024-03-27T19:15:55.674+0000] {logging_mixin.py:120} INFO - [2024-03-27T19:15:55.674+0000] {dagbag.py:537} INFO - Filling up the DagBag from /home/airflow/.local/lib/python3.7/site-packages/airflow/example_dags/example_skip_dag.py
[2024-03-27T19:15:55.683+0000] {processor.py:766} INFO - DAG(s) dict_keys(['example_skip_dag']) retrieved from /home/airflow/.local/lib/python3.7/site-packages/airflow/example_dags/example_skip_dag.py
[2024-03-27T19:15:55.706+0000] {logging_mixin.py:120} INFO - [2024-03-27T19:15:55.706+0000] {dag.py:2585} INFO - Sync 1 DAGs
[2024-03-27T19:15:55.725+0000] {logging_mixin.py:120} INFO - [2024-03-27T19:15:55.725+0000] {dag.py:3340} INFO - Setting next_dagrun for example_skip_dag to 2024-03-26T19:15:55.725612+00:00, run_after=2024-03-27T19:15:55.725612+00:00
[2024-03-27T19:15:55.739+0000] {processor.py:176} INFO - Processing /home/airflow/.local/lib/python3.7/site-packages/airflow/example_dags/example_skip_dag.py took 0.068 seconds
[2024-03-27T19:16:27.193+0000] {processor.py:154} INFO - Started process (PID=196) to work on /home/airflow/.local/lib/python3.7/site-packages/airflow/example_dags/example_skip_dag.py
[2024-03-27T19:16:27.194+0000] {processor.py:756} INFO - Processing file /home/airflow/.local/lib/python3.7/site-packages/airflow/example_dags/example_skip_dag.py for tasks to queue
[2024-03-27T19:16:27.195+0000] {logging_mixin.py:120} INFO - [2024-03-27T19:16:27.195+0000] {dagbag.py:537} INFO - Filling up the DagBag from /home/airflow/.local/lib/python3.7/site-packages/airflow/example_dags/example_skip_dag.py
[2024-03-27T19:16:27.204+0000] {processor.py:766} INFO - DAG(s) dict_keys(['example_skip_dag']) retrieved from /home/airflow/.local/lib/python3.7/site-packages/airflow/example_dags/example_skip_dag.py
[2024-03-27T19:16:27.229+0000] {logging_mixin.py:120} INFO - [2024-03-27T19:16:27.229+0000] {dag.py:2585} INFO - Sync 1 DAGs
[2024-03-27T19:16:27.244+0000] {logging_mixin.py:120} INFO - [2024-03-27T19:16:27.244+0000] {dag.py:3340} INFO - Setting next_dagrun for example_skip_dag to 2024-03-26T19:16:27.244698+00:00, run_after=2024-03-27T19:16:27.244698+00:00
[2024-03-27T19:16:27.255+0000] {processor.py:176} INFO - Processing /home/airflow/.local/lib/python3.7/site-packages/airflow/example_dags/example_skip_dag.py took 0.064 seconds
[2024-03-27T19:16:51.725+0000] {processor.py:154} INFO - Started process (PID=77) to work on /home/airflow/.local/lib/python3.7/site-packages/airflow/example_dags/example_skip_dag.py
[2024-03-27T19:16:51.726+0000] {processor.py:756} INFO - Processing file /home/airflow/.local/lib/python3.7/site-packages/airflow/example_dags/example_skip_dag.py for tasks to queue
[2024-03-27T19:16:51.727+0000] {logging_mixin.py:120} INFO - [2024-03-27T19:16:51.726+0000] {dagbag.py:537} INFO - Filling up the DagBag from /home/airflow/.local/lib/python3.7/site-packages/airflow/example_dags/example_skip_dag.py
[2024-03-27T19:16:51.743+0000] {processor.py:766} INFO - DAG(s) dict_keys(['example_skip_dag']) retrieved from /home/airflow/.local/lib/python3.7/site-packages/airflow/example_dags/example_skip_dag.py
[2024-03-27T19:16:51.771+0000] {logging_mixin.py:120} INFO - [2024-03-27T19:16:51.771+0000] {dag.py:2585} INFO - Sync 1 DAGs
[2024-03-27T19:16:51.787+0000] {logging_mixin.py:120} INFO - [2024-03-27T19:16:51.787+0000] {dag.py:3340} INFO - Setting next_dagrun for example_skip_dag to 2024-03-26T19:16:51.787141+00:00, run_after=2024-03-27T19:16:51.787141+00:00
[2024-03-27T19:16:51.800+0000] {processor.py:176} INFO - Processing /home/airflow/.local/lib/python3.7/site-packages/airflow/example_dags/example_skip_dag.py took 0.077 seconds
[2024-03-27T19:17:30.424+0000] {processor.py:154} INFO - Started process (PID=135) to work on /home/airflow/.local/lib/python3.7/site-packages/airflow/example_dags/example_skip_dag.py
[2024-03-27T19:17:30.425+0000] {processor.py:756} INFO - Processing file /home/airflow/.local/lib/python3.7/site-packages/airflow/example_dags/example_skip_dag.py for tasks to queue
[2024-03-27T19:17:30.427+0000] {logging_mixin.py:120} INFO - [2024-03-27T19:17:30.427+0000] {dagbag.py:537} INFO - Filling up the DagBag from /home/airflow/.local/lib/python3.7/site-packages/airflow/example_dags/example_skip_dag.py
[2024-03-27T19:17:30.448+0000] {processor.py:766} INFO - DAG(s) dict_keys(['example_skip_dag']) retrieved from /home/airflow/.local/lib/python3.7/site-packages/airflow/example_dags/example_skip_dag.py
[2024-03-27T19:17:30.499+0000] {logging_mixin.py:120} INFO - [2024-03-27T19:17:30.498+0000] {dag.py:2585} INFO - Sync 1 DAGs
[2024-03-27T19:17:30.528+0000] {logging_mixin.py:120} INFO - [2024-03-27T19:17:30.528+0000] {dag.py:3340} INFO - Setting next_dagrun for example_skip_dag to 2024-03-26T19:17:30.527936+00:00, run_after=2024-03-27T19:17:30.527936+00:00
[2024-03-27T19:17:30.547+0000] {processor.py:176} INFO - Processing /home/airflow/.local/lib/python3.7/site-packages/airflow/example_dags/example_skip_dag.py took 0.132 seconds
[2024-03-27T19:18:21.538+0000] {processor.py:154} INFO - Started process (PID=78) to work on /home/airflow/.local/lib/python3.7/site-packages/airflow/example_dags/example_skip_dag.py
[2024-03-27T19:18:21.549+0000] {processor.py:756} INFO - Processing file /home/airflow/.local/lib/python3.7/site-packages/airflow/example_dags/example_skip_dag.py for tasks to queue
[2024-03-27T19:18:21.550+0000] {logging_mixin.py:120} INFO - [2024-03-27T19:18:21.550+0000] {dagbag.py:537} INFO - Filling up the DagBag from /home/airflow/.local/lib/python3.7/site-packages/airflow/example_dags/example_skip_dag.py
[2024-03-27T19:18:21.625+0000] {processor.py:766} INFO - DAG(s) dict_keys(['example_skip_dag']) retrieved from /home/airflow/.local/lib/python3.7/site-packages/airflow/example_dags/example_skip_dag.py
[2024-03-27T19:18:21.905+0000] {logging_mixin.py:120} INFO - [2024-03-27T19:18:21.899+0000] {dag.py:2585} INFO - Sync 1 DAGs
[2024-03-27T19:18:21.989+0000] {logging_mixin.py:120} INFO - [2024-03-27T19:18:21.984+0000] {dag.py:3340} INFO - Setting next_dagrun for example_skip_dag to 2024-03-26T19:18:21.982932+00:00, run_after=2024-03-27T19:18:21.982932+00:00
[2024-03-27T19:18:22.041+0000] {processor.py:176} INFO - Processing /home/airflow/.local/lib/python3.7/site-packages/airflow/example_dags/example_skip_dag.py took 0.510 seconds
[2024-03-27T19:18:52.904+0000] {processor.py:154} INFO - Started process (PID=145) to work on /home/airflow/.local/lib/python3.7/site-packages/airflow/example_dags/example_skip_dag.py
[2024-03-27T19:18:52.908+0000] {processor.py:756} INFO - Processing file /home/airflow/.local/lib/python3.7/site-packages/airflow/example_dags/example_skip_dag.py for tasks to queue
[2024-03-27T19:18:52.908+0000] {logging_mixin.py:120} INFO - [2024-03-27T19:18:52.908+0000] {dagbag.py:537} INFO - Filling up the DagBag from /home/airflow/.local/lib/python3.7/site-packages/airflow/example_dags/example_skip_dag.py
[2024-03-27T19:18:52.919+0000] {processor.py:766} INFO - DAG(s) dict_keys(['example_skip_dag']) retrieved from /home/airflow/.local/lib/python3.7/site-packages/airflow/example_dags/example_skip_dag.py
[2024-03-27T19:18:52.961+0000] {logging_mixin.py:120} INFO - [2024-03-27T19:18:52.961+0000] {dag.py:2585} INFO - Sync 1 DAGs
[2024-03-27T19:18:52.988+0000] {logging_mixin.py:120} INFO - [2024-03-27T19:18:52.988+0000] {dag.py:3340} INFO - Setting next_dagrun for example_skip_dag to 2024-03-26T19:18:52.988466+00:00, run_after=2024-03-27T19:18:52.988466+00:00
[2024-03-27T19:18:53.010+0000] {processor.py:176} INFO - Processing /home/airflow/.local/lib/python3.7/site-packages/airflow/example_dags/example_skip_dag.py took 0.108 seconds
[2024-03-27T19:19:41.985+0000] {processor.py:154} INFO - Started process (PID=78) to work on /home/airflow/.local/lib/python3.7/site-packages/airflow/example_dags/example_skip_dag.py
[2024-03-27T19:19:41.986+0000] {processor.py:756} INFO - Processing file /home/airflow/.local/lib/python3.7/site-packages/airflow/example_dags/example_skip_dag.py for tasks to queue
[2024-03-27T19:19:41.986+0000] {logging_mixin.py:120} INFO - [2024-03-27T19:19:41.986+0000] {dagbag.py:537} INFO - Filling up the DagBag from /home/airflow/.local/lib/python3.7/site-packages/airflow/example_dags/example_skip_dag.py
[2024-03-27T19:19:41.997+0000] {processor.py:766} INFO - DAG(s) dict_keys(['example_skip_dag']) retrieved from /home/airflow/.local/lib/python3.7/site-packages/airflow/example_dags/example_skip_dag.py
[2024-03-27T19:19:42.020+0000] {logging_mixin.py:120} INFO - [2024-03-27T19:19:42.019+0000] {dag.py:2585} INFO - Sync 1 DAGs
[2024-03-27T19:19:42.033+0000] {logging_mixin.py:120} INFO - [2024-03-27T19:19:42.033+0000] {dag.py:3340} INFO - Setting next_dagrun for example_skip_dag to 2024-03-26T19:19:42.033137+00:00, run_after=2024-03-27T19:19:42.033137+00:00
[2024-03-27T19:19:42.044+0000] {processor.py:176} INFO - Processing /home/airflow/.local/lib/python3.7/site-packages/airflow/example_dags/example_skip_dag.py took 0.060 seconds
[2024-03-27T19:20:23.434+0000] {processor.py:154} INFO - Started process (PID=137) to work on /home/airflow/.local/lib/python3.7/site-packages/airflow/example_dags/example_skip_dag.py
[2024-03-27T19:20:23.435+0000] {processor.py:756} INFO - Processing file /home/airflow/.local/lib/python3.7/site-packages/airflow/example_dags/example_skip_dag.py for tasks to queue
[2024-03-27T19:20:23.436+0000] {logging_mixin.py:120} INFO - [2024-03-27T19:20:23.436+0000] {dagbag.py:537} INFO - Filling up the DagBag from /home/airflow/.local/lib/python3.7/site-packages/airflow/example_dags/example_skip_dag.py
[2024-03-27T19:20:23.455+0000] {processor.py:766} INFO - DAG(s) dict_keys(['example_skip_dag']) retrieved from /home/airflow/.local/lib/python3.7/site-packages/airflow/example_dags/example_skip_dag.py
[2024-03-27T19:20:23.497+0000] {logging_mixin.py:120} INFO - [2024-03-27T19:20:23.497+0000] {dag.py:2585} INFO - Sync 1 DAGs
[2024-03-27T19:20:23.523+0000] {logging_mixin.py:120} INFO - [2024-03-27T19:20:23.523+0000] {dag.py:3340} INFO - Setting next_dagrun for example_skip_dag to 2024-03-26T19:20:23.522944+00:00, run_after=2024-03-27T19:20:23.522944+00:00
[2024-03-27T19:20:23.535+0000] {processor.py:176} INFO - Processing /home/airflow/.local/lib/python3.7/site-packages/airflow/example_dags/example_skip_dag.py took 0.105 seconds
[2024-03-27T19:21:24.537+0000] {processor.py:154} INFO - Started process (PID=77) to work on /home/airflow/.local/lib/python3.7/site-packages/airflow/example_dags/example_skip_dag.py
[2024-03-27T19:21:24.538+0000] {processor.py:756} INFO - Processing file /home/airflow/.local/lib/python3.7/site-packages/airflow/example_dags/example_skip_dag.py for tasks to queue
[2024-03-27T19:21:24.539+0000] {logging_mixin.py:120} INFO - [2024-03-27T19:21:24.539+0000] {dagbag.py:537} INFO - Filling up the DagBag from /home/airflow/.local/lib/python3.7/site-packages/airflow/example_dags/example_skip_dag.py
[2024-03-27T19:21:24.549+0000] {processor.py:766} INFO - DAG(s) dict_keys(['example_skip_dag']) retrieved from /home/airflow/.local/lib/python3.7/site-packages/airflow/example_dags/example_skip_dag.py
[2024-03-27T19:21:24.574+0000] {logging_mixin.py:120} INFO - [2024-03-27T19:21:24.574+0000] {dag.py:2585} INFO - Sync 1 DAGs
[2024-03-27T19:21:24.592+0000] {logging_mixin.py:120} INFO - [2024-03-27T19:21:24.591+0000] {dag.py:3340} INFO - Setting next_dagrun for example_skip_dag to 2024-03-26T19:21:24.591033+00:00, run_after=2024-03-27T19:21:24.591033+00:00
[2024-03-27T19:21:24.603+0000] {processor.py:176} INFO - Processing /home/airflow/.local/lib/python3.7/site-packages/airflow/example_dags/example_skip_dag.py took 0.068 seconds
[2024-03-27T19:22:05.443+0000] {processor.py:154} INFO - Started process (PID=136) to work on /home/airflow/.local/lib/python3.7/site-packages/airflow/example_dags/example_skip_dag.py
[2024-03-27T19:22:05.447+0000] {processor.py:756} INFO - Processing file /home/airflow/.local/lib/python3.7/site-packages/airflow/example_dags/example_skip_dag.py for tasks to queue
[2024-03-27T19:22:05.456+0000] {logging_mixin.py:120} INFO - [2024-03-27T19:22:05.456+0000] {dagbag.py:537} INFO - Filling up the DagBag from /home/airflow/.local/lib/python3.7/site-packages/airflow/example_dags/example_skip_dag.py
[2024-03-27T19:22:05.506+0000] {processor.py:766} INFO - DAG(s) dict_keys(['example_skip_dag']) retrieved from /home/airflow/.local/lib/python3.7/site-packages/airflow/example_dags/example_skip_dag.py
[2024-03-27T19:22:05.646+0000] {logging_mixin.py:120} INFO - [2024-03-27T19:22:05.646+0000] {dag.py:2585} INFO - Sync 1 DAGs
[2024-03-27T19:22:05.663+0000] {logging_mixin.py:120} INFO - [2024-03-27T19:22:05.663+0000] {dag.py:3340} INFO - Setting next_dagrun for example_skip_dag to 2024-03-26T19:22:05.663436+00:00, run_after=2024-03-27T19:22:05.663436+00:00
[2024-03-27T19:22:05.675+0000] {processor.py:176} INFO - Processing /home/airflow/.local/lib/python3.7/site-packages/airflow/example_dags/example_skip_dag.py took 0.245 seconds
[2024-03-27T19:22:31.710+0000] {processor.py:154} INFO - Started process (PID=68) to work on /home/airflow/.local/lib/python3.7/site-packages/airflow/example_dags/example_skip_dag.py
[2024-03-27T19:22:31.711+0000] {processor.py:756} INFO - Processing file /home/airflow/.local/lib/python3.7/site-packages/airflow/example_dags/example_skip_dag.py for tasks to queue
[2024-03-27T19:22:31.711+0000] {logging_mixin.py:120} INFO - [2024-03-27T19:22:31.711+0000] {dagbag.py:537} INFO - Filling up the DagBag from /home/airflow/.local/lib/python3.7/site-packages/airflow/example_dags/example_skip_dag.py
[2024-03-27T19:22:31.721+0000] {processor.py:766} INFO - DAG(s) dict_keys(['example_skip_dag']) retrieved from /home/airflow/.local/lib/python3.7/site-packages/airflow/example_dags/example_skip_dag.py
[2024-03-27T19:22:31.746+0000] {logging_mixin.py:120} INFO - [2024-03-27T19:22:31.746+0000] {dag.py:2585} INFO - Sync 1 DAGs
[2024-03-27T19:22:31.764+0000] {logging_mixin.py:120} INFO - [2024-03-27T19:22:31.763+0000] {dag.py:3340} INFO - Setting next_dagrun for example_skip_dag to 2024-03-26T19:22:31.762998+00:00, run_after=2024-03-27T19:22:31.762998+00:00
[2024-03-27T19:22:31.777+0000] {processor.py:176} INFO - Processing /home/airflow/.local/lib/python3.7/site-packages/airflow/example_dags/example_skip_dag.py took 0.069 seconds
[2024-03-27T19:23:02.180+0000] {processor.py:154} INFO - Started process (PID=136) to work on /home/airflow/.local/lib/python3.7/site-packages/airflow/example_dags/example_skip_dag.py
[2024-03-27T19:23:02.182+0000] {processor.py:756} INFO - Processing file /home/airflow/.local/lib/python3.7/site-packages/airflow/example_dags/example_skip_dag.py for tasks to queue
[2024-03-27T19:23:02.182+0000] {logging_mixin.py:120} INFO - [2024-03-27T19:23:02.182+0000] {dagbag.py:537} INFO - Filling up the DagBag from /home/airflow/.local/lib/python3.7/site-packages/airflow/example_dags/example_skip_dag.py
[2024-03-27T19:23:02.193+0000] {processor.py:766} INFO - DAG(s) dict_keys(['example_skip_dag']) retrieved from /home/airflow/.local/lib/python3.7/site-packages/airflow/example_dags/example_skip_dag.py
[2024-03-27T19:23:02.220+0000] {logging_mixin.py:120} INFO - [2024-03-27T19:23:02.220+0000] {dag.py:2585} INFO - Sync 1 DAGs
[2024-03-27T19:23:02.233+0000] {logging_mixin.py:120} INFO - [2024-03-27T19:23:02.233+0000] {dag.py:3340} INFO - Setting next_dagrun for example_skip_dag to 2024-03-26T19:23:02.233520+00:00, run_after=2024-03-27T19:23:02.233520+00:00
[2024-03-27T19:23:02.242+0000] {processor.py:176} INFO - Processing /home/airflow/.local/lib/python3.7/site-packages/airflow/example_dags/example_skip_dag.py took 0.064 seconds
[2024-03-27T19:24:28.911+0000] {processor.py:154} INFO - Started process (PID=195) to work on /home/airflow/.local/lib/python3.7/site-packages/airflow/example_dags/example_skip_dag.py
[2024-03-27T19:24:28.912+0000] {processor.py:756} INFO - Processing file /home/airflow/.local/lib/python3.7/site-packages/airflow/example_dags/example_skip_dag.py for tasks to queue
[2024-03-27T19:24:28.912+0000] {logging_mixin.py:120} INFO - [2024-03-27T19:24:28.912+0000] {dagbag.py:537} INFO - Filling up the DagBag from /home/airflow/.local/lib/python3.7/site-packages/airflow/example_dags/example_skip_dag.py
[2024-03-27T19:24:28.920+0000] {processor.py:766} INFO - DAG(s) dict_keys(['example_skip_dag']) retrieved from /home/airflow/.local/lib/python3.7/site-packages/airflow/example_dags/example_skip_dag.py
[2024-03-27T19:24:28.941+0000] {logging_mixin.py:120} INFO - [2024-03-27T19:24:28.941+0000] {dag.py:2585} INFO - Sync 1 DAGs
[2024-03-27T19:24:28.953+0000] {logging_mixin.py:120} INFO - [2024-03-27T19:24:28.953+0000] {dag.py:3340} INFO - Setting next_dagrun for example_skip_dag to 2024-03-26T19:24:28.953644+00:00, run_after=2024-03-27T19:24:28.953644+00:00
[2024-03-27T19:24:28.962+0000] {processor.py:176} INFO - Processing /home/airflow/.local/lib/python3.7/site-packages/airflow/example_dags/example_skip_dag.py took 0.053 seconds
[2024-03-27T19:24:55.044+0000] {processor.py:154} INFO - Started process (PID=68) to work on /home/airflow/.local/lib/python3.7/site-packages/airflow/example_dags/example_skip_dag.py
[2024-03-27T19:24:55.045+0000] {processor.py:756} INFO - Processing file /home/airflow/.local/lib/python3.7/site-packages/airflow/example_dags/example_skip_dag.py for tasks to queue
[2024-03-27T19:24:55.045+0000] {logging_mixin.py:120} INFO - [2024-03-27T19:24:55.045+0000] {dagbag.py:537} INFO - Filling up the DagBag from /home/airflow/.local/lib/python3.7/site-packages/airflow/example_dags/example_skip_dag.py
[2024-03-27T19:24:55.056+0000] {processor.py:766} INFO - DAG(s) dict_keys(['example_skip_dag']) retrieved from /home/airflow/.local/lib/python3.7/site-packages/airflow/example_dags/example_skip_dag.py
[2024-03-27T19:24:55.085+0000] {logging_mixin.py:120} INFO - [2024-03-27T19:24:55.085+0000] {dag.py:2585} INFO - Sync 1 DAGs
[2024-03-27T19:24:55.098+0000] {logging_mixin.py:120} INFO - [2024-03-27T19:24:55.098+0000] {dag.py:3340} INFO - Setting next_dagrun for example_skip_dag to 2024-03-26T19:24:55.097985+00:00, run_after=2024-03-27T19:24:55.097985+00:00
[2024-03-27T19:24:55.107+0000] {processor.py:176} INFO - Processing /home/airflow/.local/lib/python3.7/site-packages/airflow/example_dags/example_skip_dag.py took 0.065 seconds
[2024-03-27T19:25:25.206+0000] {processor.py:154} INFO - Started process (PID=135) to work on /home/airflow/.local/lib/python3.7/site-packages/airflow/example_dags/example_skip_dag.py
[2024-03-27T19:25:25.207+0000] {processor.py:756} INFO - Processing file /home/airflow/.local/lib/python3.7/site-packages/airflow/example_dags/example_skip_dag.py for tasks to queue
[2024-03-27T19:25:25.207+0000] {logging_mixin.py:120} INFO - [2024-03-27T19:25:25.207+0000] {dagbag.py:537} INFO - Filling up the DagBag from /home/airflow/.local/lib/python3.7/site-packages/airflow/example_dags/example_skip_dag.py
[2024-03-27T19:25:25.215+0000] {processor.py:766} INFO - DAG(s) dict_keys(['example_skip_dag']) retrieved from /home/airflow/.local/lib/python3.7/site-packages/airflow/example_dags/example_skip_dag.py
[2024-03-27T19:25:25.235+0000] {logging_mixin.py:120} INFO - [2024-03-27T19:25:25.235+0000] {dag.py:2585} INFO - Sync 1 DAGs
[2024-03-27T19:25:25.248+0000] {logging_mixin.py:120} INFO - [2024-03-27T19:25:25.248+0000] {dag.py:3340} INFO - Setting next_dagrun for example_skip_dag to 2024-03-26T19:25:25.248263+00:00, run_after=2024-03-27T19:25:25.248263+00:00
[2024-03-27T19:25:25.259+0000] {processor.py:176} INFO - Processing /home/airflow/.local/lib/python3.7/site-packages/airflow/example_dags/example_skip_dag.py took 0.054 seconds
[2024-03-27T19:25:55.830+0000] {processor.py:154} INFO - Started process (PID=204) to work on /home/airflow/.local/lib/python3.7/site-packages/airflow/example_dags/example_skip_dag.py
[2024-03-27T19:25:55.833+0000] {processor.py:756} INFO - Processing file /home/airflow/.local/lib/python3.7/site-packages/airflow/example_dags/example_skip_dag.py for tasks to queue
[2024-03-27T19:25:55.833+0000] {logging_mixin.py:120} INFO - [2024-03-27T19:25:55.833+0000] {dagbag.py:537} INFO - Filling up the DagBag from /home/airflow/.local/lib/python3.7/site-packages/airflow/example_dags/example_skip_dag.py
[2024-03-27T19:25:55.841+0000] {processor.py:766} INFO - DAG(s) dict_keys(['example_skip_dag']) retrieved from /home/airflow/.local/lib/python3.7/site-packages/airflow/example_dags/example_skip_dag.py
[2024-03-27T19:25:55.861+0000] {logging_mixin.py:120} INFO - [2024-03-27T19:25:55.861+0000] {dag.py:2585} INFO - Sync 1 DAGs
[2024-03-27T19:25:55.874+0000] {logging_mixin.py:120} INFO - [2024-03-27T19:25:55.874+0000] {dag.py:3340} INFO - Setting next_dagrun for example_skip_dag to 2024-03-26T19:25:55.874073+00:00, run_after=2024-03-27T19:25:55.874073+00:00
[2024-03-27T19:25:55.883+0000] {processor.py:176} INFO - Processing /home/airflow/.local/lib/python3.7/site-packages/airflow/example_dags/example_skip_dag.py took 0.055 seconds
[2024-03-27T19:26:26.291+0000] {processor.py:154} INFO - Started process (PID=272) to work on /home/airflow/.local/lib/python3.7/site-packages/airflow/example_dags/example_skip_dag.py
[2024-03-27T19:26:26.292+0000] {processor.py:756} INFO - Processing file /home/airflow/.local/lib/python3.7/site-packages/airflow/example_dags/example_skip_dag.py for tasks to queue
[2024-03-27T19:26:26.292+0000] {logging_mixin.py:120} INFO - [2024-03-27T19:26:26.292+0000] {dagbag.py:537} INFO - Filling up the DagBag from /home/airflow/.local/lib/python3.7/site-packages/airflow/example_dags/example_skip_dag.py
[2024-03-27T19:26:26.300+0000] {processor.py:766} INFO - DAG(s) dict_keys(['example_skip_dag']) retrieved from /home/airflow/.local/lib/python3.7/site-packages/airflow/example_dags/example_skip_dag.py
[2024-03-27T19:26:26.322+0000] {logging_mixin.py:120} INFO - [2024-03-27T19:26:26.322+0000] {dag.py:2585} INFO - Sync 1 DAGs
[2024-03-27T19:26:26.335+0000] {logging_mixin.py:120} INFO - [2024-03-27T19:26:26.334+0000] {dag.py:3340} INFO - Setting next_dagrun for example_skip_dag to 2024-03-26T19:26:26.334809+00:00, run_after=2024-03-27T19:26:26.334809+00:00
[2024-03-27T19:26:26.345+0000] {processor.py:176} INFO - Processing /home/airflow/.local/lib/python3.7/site-packages/airflow/example_dags/example_skip_dag.py took 0.056 seconds
[2024-03-27T19:26:57.747+0000] {processor.py:154} INFO - Started process (PID=69) to work on /home/airflow/.local/lib/python3.7/site-packages/airflow/example_dags/example_skip_dag.py
[2024-03-27T19:26:57.748+0000] {processor.py:756} INFO - Processing file /home/airflow/.local/lib/python3.7/site-packages/airflow/example_dags/example_skip_dag.py for tasks to queue
[2024-03-27T19:26:57.748+0000] {logging_mixin.py:120} INFO - [2024-03-27T19:26:57.748+0000] {dagbag.py:537} INFO - Filling up the DagBag from /home/airflow/.local/lib/python3.7/site-packages/airflow/example_dags/example_skip_dag.py
[2024-03-27T19:26:57.757+0000] {processor.py:766} INFO - DAG(s) dict_keys(['example_skip_dag']) retrieved from /home/airflow/.local/lib/python3.7/site-packages/airflow/example_dags/example_skip_dag.py
[2024-03-27T19:26:57.777+0000] {logging_mixin.py:120} INFO - [2024-03-27T19:26:57.777+0000] {dag.py:2585} INFO - Sync 1 DAGs
[2024-03-27T19:26:57.790+0000] {logging_mixin.py:120} INFO - [2024-03-27T19:26:57.790+0000] {dag.py:3340} INFO - Setting next_dagrun for example_skip_dag to 2024-03-26T19:26:57.790781+00:00, run_after=2024-03-27T19:26:57.790781+00:00
[2024-03-27T19:26:57.803+0000] {processor.py:176} INFO - Processing /home/airflow/.local/lib/python3.7/site-packages/airflow/example_dags/example_skip_dag.py took 0.057 seconds
[2024-03-27T19:27:28.118+0000] {processor.py:154} INFO - Started process (PID=136) to work on /home/airflow/.local/lib/python3.7/site-packages/airflow/example_dags/example_skip_dag.py
[2024-03-27T19:27:28.118+0000] {processor.py:756} INFO - Processing file /home/airflow/.local/lib/python3.7/site-packages/airflow/example_dags/example_skip_dag.py for tasks to queue
[2024-03-27T19:27:28.118+0000] {logging_mixin.py:120} INFO - [2024-03-27T19:27:28.118+0000] {dagbag.py:537} INFO - Filling up the DagBag from /home/airflow/.local/lib/python3.7/site-packages/airflow/example_dags/example_skip_dag.py
[2024-03-27T19:27:28.126+0000] {processor.py:766} INFO - DAG(s) dict_keys(['example_skip_dag']) retrieved from /home/airflow/.local/lib/python3.7/site-packages/airflow/example_dags/example_skip_dag.py
[2024-03-27T19:27:28.147+0000] {logging_mixin.py:120} INFO - [2024-03-27T19:27:28.147+0000] {dag.py:2585} INFO - Sync 1 DAGs
[2024-03-27T19:27:28.160+0000] {logging_mixin.py:120} INFO - [2024-03-27T19:27:28.159+0000] {dag.py:3340} INFO - Setting next_dagrun for example_skip_dag to 2024-03-26T19:27:28.159781+00:00, run_after=2024-03-27T19:27:28.159781+00:00
[2024-03-27T19:27:28.168+0000] {processor.py:176} INFO - Processing /home/airflow/.local/lib/python3.7/site-packages/airflow/example_dags/example_skip_dag.py took 0.052 seconds
[2024-03-27T19:28:32.840+0000] {processor.py:154} INFO - Started process (PID=253) to work on /home/airflow/.local/lib/python3.7/site-packages/airflow/example_dags/example_skip_dag.py
[2024-03-27T19:28:32.844+0000] {processor.py:756} INFO - Processing file /home/airflow/.local/lib/python3.7/site-packages/airflow/example_dags/example_skip_dag.py for tasks to queue
[2024-03-27T19:28:32.845+0000] {logging_mixin.py:120} INFO - [2024-03-27T19:28:32.845+0000] {dagbag.py:537} INFO - Filling up the DagBag from /home/airflow/.local/lib/python3.7/site-packages/airflow/example_dags/example_skip_dag.py
[2024-03-27T19:28:32.924+0000] {processor.py:766} INFO - DAG(s) dict_keys(['example_skip_dag']) retrieved from /home/airflow/.local/lib/python3.7/site-packages/airflow/example_dags/example_skip_dag.py
[2024-03-27T19:28:33.051+0000] {logging_mixin.py:120} INFO - [2024-03-27T19:28:33.051+0000] {dag.py:2585} INFO - Sync 1 DAGs
[2024-03-27T19:28:33.091+0000] {logging_mixin.py:120} INFO - [2024-03-27T19:28:33.091+0000] {dag.py:3340} INFO - Setting next_dagrun for example_skip_dag to 2024-03-27T19:27:28.159781+00:00, run_after=2024-03-28T19:27:28.159781+00:00
[2024-03-27T19:28:33.137+0000] {processor.py:176} INFO - Processing /home/airflow/.local/lib/python3.7/site-packages/airflow/example_dags/example_skip_dag.py took 0.302 seconds
[2024-03-27T19:29:08.787+0000] {processor.py:154} INFO - Started process (PID=325) to work on /home/airflow/.local/lib/python3.7/site-packages/airflow/example_dags/example_skip_dag.py
[2024-03-27T19:29:08.788+0000] {processor.py:756} INFO - Processing file /home/airflow/.local/lib/python3.7/site-packages/airflow/example_dags/example_skip_dag.py for tasks to queue
[2024-03-27T19:29:08.789+0000] {logging_mixin.py:120} INFO - [2024-03-27T19:29:08.789+0000] {dagbag.py:537} INFO - Filling up the DagBag from /home/airflow/.local/lib/python3.7/site-packages/airflow/example_dags/example_skip_dag.py
[2024-03-27T19:29:08.803+0000] {processor.py:766} INFO - DAG(s) dict_keys(['example_skip_dag']) retrieved from /home/airflow/.local/lib/python3.7/site-packages/airflow/example_dags/example_skip_dag.py
[2024-03-27T19:29:08.838+0000] {logging_mixin.py:120} INFO - [2024-03-27T19:29:08.838+0000] {dag.py:2585} INFO - Sync 1 DAGs
[2024-03-27T19:29:08.872+0000] {logging_mixin.py:120} INFO - [2024-03-27T19:29:08.872+0000] {dag.py:3340} INFO - Setting next_dagrun for example_skip_dag to 2024-03-27T19:27:28.159781+00:00, run_after=2024-03-28T19:27:28.159781+00:00
[2024-03-27T19:29:08.895+0000] {processor.py:176} INFO - Processing /home/airflow/.local/lib/python3.7/site-packages/airflow/example_dags/example_skip_dag.py took 0.111 seconds
[2024-03-27T19:30:09.008+0000] {processor.py:154} INFO - Started process (PID=396) to work on /home/airflow/.local/lib/python3.7/site-packages/airflow/example_dags/example_skip_dag.py
[2024-03-27T19:30:09.009+0000] {processor.py:756} INFO - Processing file /home/airflow/.local/lib/python3.7/site-packages/airflow/example_dags/example_skip_dag.py for tasks to queue
[2024-03-27T19:30:09.010+0000] {logging_mixin.py:120} INFO - [2024-03-27T19:30:09.010+0000] {dagbag.py:537} INFO - Filling up the DagBag from /home/airflow/.local/lib/python3.7/site-packages/airflow/example_dags/example_skip_dag.py
[2024-03-27T19:30:09.028+0000] {processor.py:766} INFO - DAG(s) dict_keys(['example_skip_dag']) retrieved from /home/airflow/.local/lib/python3.7/site-packages/airflow/example_dags/example_skip_dag.py
[2024-03-27T19:30:09.072+0000] {logging_mixin.py:120} INFO - [2024-03-27T19:30:09.072+0000] {dag.py:2585} INFO - Sync 1 DAGs
[2024-03-27T19:30:09.093+0000] {logging_mixin.py:120} INFO - [2024-03-27T19:30:09.092+0000] {dag.py:3340} INFO - Setting next_dagrun for example_skip_dag to 2024-03-27T19:27:28.159781+00:00, run_after=2024-03-28T19:27:28.159781+00:00
[2024-03-27T19:30:09.107+0000] {processor.py:176} INFO - Processing /home/airflow/.local/lib/python3.7/site-packages/airflow/example_dags/example_skip_dag.py took 0.102 seconds
[2024-03-27T19:30:55.624+0000] {processor.py:154} INFO - Started process (PID=473) to work on /home/airflow/.local/lib/python3.7/site-packages/airflow/example_dags/example_skip_dag.py
[2024-03-27T19:30:55.626+0000] {processor.py:756} INFO - Processing file /home/airflow/.local/lib/python3.7/site-packages/airflow/example_dags/example_skip_dag.py for tasks to queue
[2024-03-27T19:30:55.626+0000] {logging_mixin.py:120} INFO - [2024-03-27T19:30:55.626+0000] {dagbag.py:537} INFO - Filling up the DagBag from /home/airflow/.local/lib/python3.7/site-packages/airflow/example_dags/example_skip_dag.py
[2024-03-27T19:30:55.659+0000] {processor.py:766} INFO - DAG(s) dict_keys(['example_skip_dag']) retrieved from /home/airflow/.local/lib/python3.7/site-packages/airflow/example_dags/example_skip_dag.py
[2024-03-27T19:30:55.722+0000] {logging_mixin.py:120} INFO - [2024-03-27T19:30:55.722+0000] {dag.py:2585} INFO - Sync 1 DAGs
[2024-03-27T19:30:55.764+0000] {logging_mixin.py:120} INFO - [2024-03-27T19:30:55.764+0000] {dag.py:3340} INFO - Setting next_dagrun for example_skip_dag to 2024-03-27T19:27:28.159781+00:00, run_after=2024-03-28T19:27:28.159781+00:00
[2024-03-27T19:30:55.798+0000] {processor.py:176} INFO - Processing /home/airflow/.local/lib/python3.7/site-packages/airflow/example_dags/example_skip_dag.py took 0.179 seconds
[2024-03-27T19:31:26.047+0000] {processor.py:154} INFO - Started process (PID=525) to work on /home/airflow/.local/lib/python3.7/site-packages/airflow/example_dags/example_skip_dag.py
[2024-03-27T19:31:26.048+0000] {processor.py:756} INFO - Processing file /home/airflow/.local/lib/python3.7/site-packages/airflow/example_dags/example_skip_dag.py for tasks to queue
[2024-03-27T19:31:26.049+0000] {logging_mixin.py:120} INFO - [2024-03-27T19:31:26.049+0000] {dagbag.py:537} INFO - Filling up the DagBag from /home/airflow/.local/lib/python3.7/site-packages/airflow/example_dags/example_skip_dag.py
[2024-03-27T19:31:26.064+0000] {processor.py:766} INFO - DAG(s) dict_keys(['example_skip_dag']) retrieved from /home/airflow/.local/lib/python3.7/site-packages/airflow/example_dags/example_skip_dag.py
[2024-03-27T19:31:26.101+0000] {logging_mixin.py:120} INFO - [2024-03-27T19:31:26.100+0000] {dag.py:2585} INFO - Sync 1 DAGs
[2024-03-27T19:31:26.117+0000] {logging_mixin.py:120} INFO - [2024-03-27T19:31:26.117+0000] {dag.py:3340} INFO - Setting next_dagrun for example_skip_dag to 2024-03-27T19:27:28.159781+00:00, run_after=2024-03-28T19:27:28.159781+00:00
[2024-03-27T19:31:26.131+0000] {processor.py:176} INFO - Processing /home/airflow/.local/lib/python3.7/site-packages/airflow/example_dags/example_skip_dag.py took 0.086 seconds
[2024-03-27T19:32:05.152+0000] {processor.py:154} INFO - Started process (PID=581) to work on /home/airflow/.local/lib/python3.7/site-packages/airflow/example_dags/example_skip_dag.py
[2024-03-27T19:32:05.154+0000] {processor.py:756} INFO - Processing file /home/airflow/.local/lib/python3.7/site-packages/airflow/example_dags/example_skip_dag.py for tasks to queue
[2024-03-27T19:32:05.155+0000] {logging_mixin.py:120} INFO - [2024-03-27T19:32:05.155+0000] {dagbag.py:537} INFO - Filling up the DagBag from /home/airflow/.local/lib/python3.7/site-packages/airflow/example_dags/example_skip_dag.py
[2024-03-27T19:32:05.172+0000] {processor.py:766} INFO - DAG(s) dict_keys(['example_skip_dag']) retrieved from /home/airflow/.local/lib/python3.7/site-packages/airflow/example_dags/example_skip_dag.py
[2024-03-27T19:32:05.208+0000] {logging_mixin.py:120} INFO - [2024-03-27T19:32:05.208+0000] {dag.py:2585} INFO - Sync 1 DAGs
[2024-03-27T19:32:05.229+0000] {logging_mixin.py:120} INFO - [2024-03-27T19:32:05.229+0000] {dag.py:3340} INFO - Setting next_dagrun for example_skip_dag to 2024-03-27T19:27:28.159781+00:00, run_after=2024-03-28T19:27:28.159781+00:00
[2024-03-27T19:32:05.246+0000] {processor.py:176} INFO - Processing /home/airflow/.local/lib/python3.7/site-packages/airflow/example_dags/example_skip_dag.py took 0.096 seconds
[2024-03-27T19:32:54.443+0000] {processor.py:154} INFO - Started process (PID=642) to work on /home/airflow/.local/lib/python3.7/site-packages/airflow/example_dags/example_skip_dag.py
[2024-03-27T19:32:54.447+0000] {processor.py:756} INFO - Processing file /home/airflow/.local/lib/python3.7/site-packages/airflow/example_dags/example_skip_dag.py for tasks to queue
[2024-03-27T19:32:54.450+0000] {logging_mixin.py:120} INFO - [2024-03-27T19:32:54.448+0000] {dagbag.py:537} INFO - Filling up the DagBag from /home/airflow/.local/lib/python3.7/site-packages/airflow/example_dags/example_skip_dag.py
[2024-03-27T19:32:54.489+0000] {processor.py:766} INFO - DAG(s) dict_keys(['example_skip_dag']) retrieved from /home/airflow/.local/lib/python3.7/site-packages/airflow/example_dags/example_skip_dag.py
[2024-03-27T19:32:54.534+0000] {logging_mixin.py:120} INFO - [2024-03-27T19:32:54.534+0000] {dag.py:2585} INFO - Sync 1 DAGs
[2024-03-27T19:32:54.581+0000] {logging_mixin.py:120} INFO - [2024-03-27T19:32:54.581+0000] {dag.py:3340} INFO - Setting next_dagrun for example_skip_dag to 2024-03-27T19:27:28.159781+00:00, run_after=2024-03-28T19:27:28.159781+00:00
[2024-03-27T19:32:54.625+0000] {processor.py:176} INFO - Processing /home/airflow/.local/lib/python3.7/site-packages/airflow/example_dags/example_skip_dag.py took 0.191 seconds
[2024-03-27T19:33:24.667+0000] {processor.py:154} INFO - Started process (PID=693) to work on /home/airflow/.local/lib/python3.7/site-packages/airflow/example_dags/example_skip_dag.py
[2024-03-27T19:33:24.669+0000] {processor.py:756} INFO - Processing file /home/airflow/.local/lib/python3.7/site-packages/airflow/example_dags/example_skip_dag.py for tasks to queue
[2024-03-27T19:33:24.670+0000] {logging_mixin.py:120} INFO - [2024-03-27T19:33:24.670+0000] {dagbag.py:537} INFO - Filling up the DagBag from /home/airflow/.local/lib/python3.7/site-packages/airflow/example_dags/example_skip_dag.py
[2024-03-27T19:33:24.715+0000] {processor.py:766} INFO - DAG(s) dict_keys(['example_skip_dag']) retrieved from /home/airflow/.local/lib/python3.7/site-packages/airflow/example_dags/example_skip_dag.py
[2024-03-27T19:33:24.813+0000] {logging_mixin.py:120} INFO - [2024-03-27T19:33:24.812+0000] {dag.py:2585} INFO - Sync 1 DAGs
[2024-03-27T19:33:25.414+0000] {logging_mixin.py:120} INFO - [2024-03-27T19:33:25.413+0000] {dag.py:3340} INFO - Setting next_dagrun for example_skip_dag to 2024-03-27T19:27:28.159781+00:00, run_after=2024-03-28T19:27:28.159781+00:00
[2024-03-27T19:33:26.388+0000] {processor.py:176} INFO - Processing /home/airflow/.local/lib/python3.7/site-packages/airflow/example_dags/example_skip_dag.py took 1.722 seconds
[2024-03-27T19:34:13.518+0000] {processor.py:154} INFO - Started process (PID=764) to work on /home/airflow/.local/lib/python3.7/site-packages/airflow/example_dags/example_skip_dag.py
[2024-03-27T19:34:13.519+0000] {processor.py:756} INFO - Processing file /home/airflow/.local/lib/python3.7/site-packages/airflow/example_dags/example_skip_dag.py for tasks to queue
[2024-03-27T19:34:13.519+0000] {logging_mixin.py:120} INFO - [2024-03-27T19:34:13.519+0000] {dagbag.py:537} INFO - Filling up the DagBag from /home/airflow/.local/lib/python3.7/site-packages/airflow/example_dags/example_skip_dag.py
[2024-03-27T19:34:13.556+0000] {processor.py:766} INFO - DAG(s) dict_keys(['example_skip_dag']) retrieved from /home/airflow/.local/lib/python3.7/site-packages/airflow/example_dags/example_skip_dag.py
[2024-03-27T19:34:13.620+0000] {logging_mixin.py:120} INFO - [2024-03-27T19:34:13.620+0000] {dag.py:2585} INFO - Sync 1 DAGs
[2024-03-27T19:34:13.645+0000] {logging_mixin.py:120} INFO - [2024-03-27T19:34:13.645+0000] {dag.py:3340} INFO - Setting next_dagrun for example_skip_dag to 2024-03-27T19:27:28.159781+00:00, run_after=2024-03-28T19:27:28.159781+00:00
[2024-03-27T19:34:13.664+0000] {processor.py:176} INFO - Processing /home/airflow/.local/lib/python3.7/site-packages/airflow/example_dags/example_skip_dag.py took 0.157 seconds
[2024-03-27T19:34:45.971+0000] {processor.py:154} INFO - Started process (PID=826) to work on /home/airflow/.local/lib/python3.7/site-packages/airflow/example_dags/example_skip_dag.py
[2024-03-27T19:34:45.974+0000] {processor.py:756} INFO - Processing file /home/airflow/.local/lib/python3.7/site-packages/airflow/example_dags/example_skip_dag.py for tasks to queue
[2024-03-27T19:34:45.975+0000] {logging_mixin.py:120} INFO - [2024-03-27T19:34:45.974+0000] {dagbag.py:537} INFO - Filling up the DagBag from /home/airflow/.local/lib/python3.7/site-packages/airflow/example_dags/example_skip_dag.py
[2024-03-27T19:34:45.987+0000] {processor.py:766} INFO - DAG(s) dict_keys(['example_skip_dag']) retrieved from /home/airflow/.local/lib/python3.7/site-packages/airflow/example_dags/example_skip_dag.py
[2024-03-27T19:34:46.027+0000] {logging_mixin.py:120} INFO - [2024-03-27T19:34:46.027+0000] {dag.py:2585} INFO - Sync 1 DAGs
[2024-03-27T19:34:46.055+0000] {logging_mixin.py:120} INFO - [2024-03-27T19:34:46.055+0000] {dag.py:3340} INFO - Setting next_dagrun for example_skip_dag to 2024-03-27T19:27:28.159781+00:00, run_after=2024-03-28T19:27:28.159781+00:00
[2024-03-27T19:34:46.074+0000] {processor.py:176} INFO - Processing /home/airflow/.local/lib/python3.7/site-packages/airflow/example_dags/example_skip_dag.py took 0.107 seconds
[2024-03-27T19:35:20.879+0000] {processor.py:154} INFO - Started process (PID=876) to work on /home/airflow/.local/lib/python3.7/site-packages/airflow/example_dags/example_skip_dag.py
[2024-03-27T19:35:20.880+0000] {processor.py:756} INFO - Processing file /home/airflow/.local/lib/python3.7/site-packages/airflow/example_dags/example_skip_dag.py for tasks to queue
[2024-03-27T19:35:20.881+0000] {logging_mixin.py:120} INFO - [2024-03-27T19:35:20.881+0000] {dagbag.py:537} INFO - Filling up the DagBag from /home/airflow/.local/lib/python3.7/site-packages/airflow/example_dags/example_skip_dag.py
[2024-03-27T19:35:20.907+0000] {processor.py:766} INFO - DAG(s) dict_keys(['example_skip_dag']) retrieved from /home/airflow/.local/lib/python3.7/site-packages/airflow/example_dags/example_skip_dag.py
[2024-03-27T19:35:20.956+0000] {logging_mixin.py:120} INFO - [2024-03-27T19:35:20.956+0000] {dag.py:2585} INFO - Sync 1 DAGs
[2024-03-27T19:35:20.985+0000] {logging_mixin.py:120} INFO - [2024-03-27T19:35:20.985+0000] {dag.py:3340} INFO - Setting next_dagrun for example_skip_dag to 2024-03-27T19:27:28.159781+00:00, run_after=2024-03-28T19:27:28.159781+00:00
[2024-03-27T19:35:21.025+0000] {processor.py:176} INFO - Processing /home/airflow/.local/lib/python3.7/site-packages/airflow/example_dags/example_skip_dag.py took 0.148 seconds
[2024-03-27T19:36:16.955+0000] {processor.py:154} INFO - Started process (PID=943) to work on /home/airflow/.local/lib/python3.7/site-packages/airflow/example_dags/example_skip_dag.py
[2024-03-27T19:36:16.956+0000] {processor.py:756} INFO - Processing file /home/airflow/.local/lib/python3.7/site-packages/airflow/example_dags/example_skip_dag.py for tasks to queue
[2024-03-27T19:36:16.957+0000] {logging_mixin.py:120} INFO - [2024-03-27T19:36:16.957+0000] {dagbag.py:537} INFO - Filling up the DagBag from /home/airflow/.local/lib/python3.7/site-packages/airflow/example_dags/example_skip_dag.py
[2024-03-27T19:36:16.974+0000] {processor.py:766} INFO - DAG(s) dict_keys(['example_skip_dag']) retrieved from /home/airflow/.local/lib/python3.7/site-packages/airflow/example_dags/example_skip_dag.py
[2024-03-27T19:36:17.020+0000] {logging_mixin.py:120} INFO - [2024-03-27T19:36:17.020+0000] {dag.py:2585} INFO - Sync 1 DAGs
[2024-03-27T19:36:17.048+0000] {logging_mixin.py:120} INFO - [2024-03-27T19:36:17.048+0000] {dag.py:3340} INFO - Setting next_dagrun for example_skip_dag to 2024-03-27T19:27:28.159781+00:00, run_after=2024-03-28T19:27:28.159781+00:00
[2024-03-27T19:36:17.068+0000] {processor.py:176} INFO - Processing /home/airflow/.local/lib/python3.7/site-packages/airflow/example_dags/example_skip_dag.py took 0.116 seconds
[2024-03-27T19:37:15.190+0000] {processor.py:154} INFO - Started process (PID=77) to work on /home/airflow/.local/lib/python3.7/site-packages/airflow/example_dags/example_skip_dag.py
[2024-03-27T19:37:15.194+0000] {processor.py:756} INFO - Processing file /home/airflow/.local/lib/python3.7/site-packages/airflow/example_dags/example_skip_dag.py for tasks to queue
[2024-03-27T19:37:15.194+0000] {logging_mixin.py:120} INFO - [2024-03-27T19:37:15.194+0000] {dagbag.py:537} INFO - Filling up the DagBag from /home/airflow/.local/lib/python3.7/site-packages/airflow/example_dags/example_skip_dag.py
[2024-03-27T19:37:15.220+0000] {processor.py:766} INFO - DAG(s) dict_keys(['example_skip_dag']) retrieved from /home/airflow/.local/lib/python3.7/site-packages/airflow/example_dags/example_skip_dag.py
[2024-03-27T19:37:15.269+0000] {logging_mixin.py:120} INFO - [2024-03-27T19:37:15.268+0000] {dag.py:2585} INFO - Sync 1 DAGs
[2024-03-27T19:37:15.302+0000] {logging_mixin.py:120} INFO - [2024-03-27T19:37:15.302+0000] {dag.py:3340} INFO - Setting next_dagrun for example_skip_dag to 2024-03-27T19:27:28.159781+00:00, run_after=2024-03-28T19:27:28.159781+00:00
[2024-03-27T19:37:15.339+0000] {processor.py:176} INFO - Processing /home/airflow/.local/lib/python3.7/site-packages/airflow/example_dags/example_skip_dag.py took 0.154 seconds
[2024-03-27T19:37:46.425+0000] {processor.py:154} INFO - Started process (PID=137) to work on /home/airflow/.local/lib/python3.7/site-packages/airflow/example_dags/example_skip_dag.py
[2024-03-27T19:37:46.426+0000] {processor.py:756} INFO - Processing file /home/airflow/.local/lib/python3.7/site-packages/airflow/example_dags/example_skip_dag.py for tasks to queue
[2024-03-27T19:37:46.427+0000] {logging_mixin.py:120} INFO - [2024-03-27T19:37:46.427+0000] {dagbag.py:537} INFO - Filling up the DagBag from /home/airflow/.local/lib/python3.7/site-packages/airflow/example_dags/example_skip_dag.py
[2024-03-27T19:37:46.438+0000] {processor.py:766} INFO - DAG(s) dict_keys(['example_skip_dag']) retrieved from /home/airflow/.local/lib/python3.7/site-packages/airflow/example_dags/example_skip_dag.py
[2024-03-27T19:37:46.496+0000] {logging_mixin.py:120} INFO - [2024-03-27T19:37:46.496+0000] {dag.py:2585} INFO - Sync 1 DAGs
[2024-03-27T19:37:46.518+0000] {logging_mixin.py:120} INFO - [2024-03-27T19:37:46.518+0000] {dag.py:3340} INFO - Setting next_dagrun for example_skip_dag to 2024-03-27T19:27:28.159781+00:00, run_after=2024-03-28T19:27:28.159781+00:00
[2024-03-27T19:37:46.544+0000] {processor.py:176} INFO - Processing /home/airflow/.local/lib/python3.7/site-packages/airflow/example_dags/example_skip_dag.py took 0.121 seconds
[2024-03-27T19:38:29.292+0000] {processor.py:154} INFO - Started process (PID=77) to work on /home/airflow/.local/lib/python3.7/site-packages/airflow/example_dags/example_skip_dag.py
[2024-03-27T19:38:29.294+0000] {processor.py:756} INFO - Processing file /home/airflow/.local/lib/python3.7/site-packages/airflow/example_dags/example_skip_dag.py for tasks to queue
[2024-03-27T19:38:29.299+0000] {logging_mixin.py:120} INFO - [2024-03-27T19:38:29.299+0000] {dagbag.py:537} INFO - Filling up the DagBag from /home/airflow/.local/lib/python3.7/site-packages/airflow/example_dags/example_skip_dag.py
[2024-03-27T19:38:29.322+0000] {processor.py:766} INFO - DAG(s) dict_keys(['example_skip_dag']) retrieved from /home/airflow/.local/lib/python3.7/site-packages/airflow/example_dags/example_skip_dag.py
[2024-03-27T19:38:29.380+0000] {logging_mixin.py:120} INFO - [2024-03-27T19:38:29.379+0000] {dag.py:2585} INFO - Sync 1 DAGs
[2024-03-27T19:38:29.408+0000] {logging_mixin.py:120} INFO - [2024-03-27T19:38:29.408+0000] {dag.py:3340} INFO - Setting next_dagrun for example_skip_dag to 2024-03-27T19:27:28.159781+00:00, run_after=2024-03-28T19:27:28.159781+00:00
[2024-03-27T19:38:29.425+0000] {processor.py:176} INFO - Processing /home/airflow/.local/lib/python3.7/site-packages/airflow/example_dags/example_skip_dag.py took 0.140 seconds
[2024-03-27T19:39:52.894+0000] {processor.py:154} INFO - Started process (PID=87) to work on /home/airflow/.local/lib/python3.7/site-packages/airflow/example_dags/example_skip_dag.py
[2024-03-27T19:39:52.895+0000] {processor.py:756} INFO - Processing file /home/airflow/.local/lib/python3.7/site-packages/airflow/example_dags/example_skip_dag.py for tasks to queue
[2024-03-27T19:39:52.895+0000] {logging_mixin.py:120} INFO - [2024-03-27T19:39:52.895+0000] {dagbag.py:537} INFO - Filling up the DagBag from /home/airflow/.local/lib/python3.7/site-packages/airflow/example_dags/example_skip_dag.py
[2024-03-27T19:39:52.906+0000] {processor.py:766} INFO - DAG(s) dict_keys(['example_skip_dag']) retrieved from /home/airflow/.local/lib/python3.7/site-packages/airflow/example_dags/example_skip_dag.py
[2024-03-27T19:39:52.933+0000] {logging_mixin.py:120} INFO - [2024-03-27T19:39:52.933+0000] {dag.py:2585} INFO - Sync 1 DAGs
[2024-03-27T19:39:52.952+0000] {logging_mixin.py:120} INFO - [2024-03-27T19:39:52.952+0000] {dag.py:3340} INFO - Setting next_dagrun for example_skip_dag to 2024-03-27T19:27:28.159781+00:00, run_after=2024-03-28T19:27:28.159781+00:00
[2024-03-27T19:39:52.972+0000] {processor.py:176} INFO - Processing /home/airflow/.local/lib/python3.7/site-packages/airflow/example_dags/example_skip_dag.py took 0.080 seconds
[2024-03-27T19:40:33.405+0000] {processor.py:154} INFO - Started process (PID=145) to work on /home/airflow/.local/lib/python3.7/site-packages/airflow/example_dags/example_skip_dag.py
[2024-03-27T19:40:33.406+0000] {processor.py:756} INFO - Processing file /home/airflow/.local/lib/python3.7/site-packages/airflow/example_dags/example_skip_dag.py for tasks to queue
[2024-03-27T19:40:33.407+0000] {logging_mixin.py:120} INFO - [2024-03-27T19:40:33.407+0000] {dagbag.py:537} INFO - Filling up the DagBag from /home/airflow/.local/lib/python3.7/site-packages/airflow/example_dags/example_skip_dag.py
[2024-03-27T19:40:33.420+0000] {processor.py:766} INFO - DAG(s) dict_keys(['example_skip_dag']) retrieved from /home/airflow/.local/lib/python3.7/site-packages/airflow/example_dags/example_skip_dag.py
[2024-03-27T19:40:33.459+0000] {logging_mixin.py:120} INFO - [2024-03-27T19:40:33.459+0000] {dag.py:2585} INFO - Sync 1 DAGs
[2024-03-27T19:40:33.480+0000] {logging_mixin.py:120} INFO - [2024-03-27T19:40:33.479+0000] {dag.py:3340} INFO - Setting next_dagrun for example_skip_dag to 2024-03-27T19:27:28.159781+00:00, run_after=2024-03-28T19:27:28.159781+00:00
[2024-03-27T19:40:33.502+0000] {processor.py:176} INFO - Processing /home/airflow/.local/lib/python3.7/site-packages/airflow/example_dags/example_skip_dag.py took 0.099 seconds
[2024-03-27T19:41:09.579+0000] {processor.py:154} INFO - Started process (PID=196) to work on /home/airflow/.local/lib/python3.7/site-packages/airflow/example_dags/example_skip_dag.py
[2024-03-27T19:41:09.583+0000] {processor.py:756} INFO - Processing file /home/airflow/.local/lib/python3.7/site-packages/airflow/example_dags/example_skip_dag.py for tasks to queue
[2024-03-27T19:41:09.584+0000] {logging_mixin.py:120} INFO - [2024-03-27T19:41:09.584+0000] {dagbag.py:537} INFO - Filling up the DagBag from /home/airflow/.local/lib/python3.7/site-packages/airflow/example_dags/example_skip_dag.py
[2024-03-27T19:41:09.608+0000] {processor.py:766} INFO - DAG(s) dict_keys(['example_skip_dag']) retrieved from /home/airflow/.local/lib/python3.7/site-packages/airflow/example_dags/example_skip_dag.py
[2024-03-27T19:41:09.663+0000] {logging_mixin.py:120} INFO - [2024-03-27T19:41:09.663+0000] {dag.py:2585} INFO - Sync 1 DAGs
[2024-03-27T19:41:09.690+0000] {logging_mixin.py:120} INFO - [2024-03-27T19:41:09.690+0000] {dag.py:3340} INFO - Setting next_dagrun for example_skip_dag to 2024-03-27T19:27:28.159781+00:00, run_after=2024-03-28T19:27:28.159781+00:00
[2024-03-27T19:41:09.707+0000] {processor.py:176} INFO - Processing /home/airflow/.local/lib/python3.7/site-packages/airflow/example_dags/example_skip_dag.py took 0.131 seconds
[2024-03-27T19:41:40.666+0000] {processor.py:154} INFO - Started process (PID=77) to work on /home/airflow/.local/lib/python3.7/site-packages/airflow/example_dags/example_skip_dag.py
[2024-03-27T19:41:40.667+0000] {processor.py:756} INFO - Processing file /home/airflow/.local/lib/python3.7/site-packages/airflow/example_dags/example_skip_dag.py for tasks to queue
[2024-03-27T19:41:40.667+0000] {logging_mixin.py:120} INFO - [2024-03-27T19:41:40.667+0000] {dagbag.py:537} INFO - Filling up the DagBag from /home/airflow/.local/lib/python3.7/site-packages/airflow/example_dags/example_skip_dag.py
[2024-03-27T19:41:40.691+0000] {processor.py:766} INFO - DAG(s) dict_keys(['example_skip_dag']) retrieved from /home/airflow/.local/lib/python3.7/site-packages/airflow/example_dags/example_skip_dag.py
[2024-03-27T19:41:40.734+0000] {logging_mixin.py:120} INFO - [2024-03-27T19:41:40.734+0000] {dag.py:2585} INFO - Sync 1 DAGs
[2024-03-27T19:41:40.751+0000] {logging_mixin.py:120} INFO - [2024-03-27T19:41:40.751+0000] {dag.py:3340} INFO - Setting next_dagrun for example_skip_dag to 2024-03-27T19:27:28.159781+00:00, run_after=2024-03-28T19:27:28.159781+00:00
[2024-03-27T19:41:40.766+0000] {processor.py:176} INFO - Processing /home/airflow/.local/lib/python3.7/site-packages/airflow/example_dags/example_skip_dag.py took 0.104 seconds
[2024-03-27T19:42:11.880+0000] {processor.py:154} INFO - Started process (PID=127) to work on /home/airflow/.local/lib/python3.7/site-packages/airflow/example_dags/example_skip_dag.py
[2024-03-27T19:42:11.881+0000] {processor.py:756} INFO - Processing file /home/airflow/.local/lib/python3.7/site-packages/airflow/example_dags/example_skip_dag.py for tasks to queue
[2024-03-27T19:42:11.882+0000] {logging_mixin.py:120} INFO - [2024-03-27T19:42:11.881+0000] {dagbag.py:537} INFO - Filling up the DagBag from /home/airflow/.local/lib/python3.7/site-packages/airflow/example_dags/example_skip_dag.py
[2024-03-27T19:42:11.890+0000] {processor.py:766} INFO - DAG(s) dict_keys(['example_skip_dag']) retrieved from /home/airflow/.local/lib/python3.7/site-packages/airflow/example_dags/example_skip_dag.py
[2024-03-27T19:42:11.917+0000] {logging_mixin.py:120} INFO - [2024-03-27T19:42:11.916+0000] {dag.py:2585} INFO - Sync 1 DAGs
[2024-03-27T19:42:11.937+0000] {logging_mixin.py:120} INFO - [2024-03-27T19:42:11.937+0000] {dag.py:3340} INFO - Setting next_dagrun for example_skip_dag to 2024-03-27T19:27:28.159781+00:00, run_after=2024-03-28T19:27:28.159781+00:00
[2024-03-27T19:42:11.950+0000] {processor.py:176} INFO - Processing /home/airflow/.local/lib/python3.7/site-packages/airflow/example_dags/example_skip_dag.py took 0.073 seconds
[2024-03-27T19:44:53.528+0000] {processor.py:154} INFO - Started process (PID=87) to work on /home/airflow/.local/lib/python3.7/site-packages/airflow/example_dags/example_skip_dag.py
[2024-03-27T19:44:53.530+0000] {processor.py:756} INFO - Processing file /home/airflow/.local/lib/python3.7/site-packages/airflow/example_dags/example_skip_dag.py for tasks to queue
[2024-03-27T19:44:53.531+0000] {logging_mixin.py:120} INFO - [2024-03-27T19:44:53.530+0000] {dagbag.py:537} INFO - Filling up the DagBag from /home/airflow/.local/lib/python3.7/site-packages/airflow/example_dags/example_skip_dag.py
[2024-03-27T19:44:53.607+0000] {processor.py:766} INFO - DAG(s) dict_keys(['example_skip_dag']) retrieved from /home/airflow/.local/lib/python3.7/site-packages/airflow/example_dags/example_skip_dag.py
[2024-03-27T19:44:53.780+0000] {logging_mixin.py:120} INFO - [2024-03-27T19:44:53.780+0000] {dag.py:2585} INFO - Sync 1 DAGs
[2024-03-27T19:44:53.855+0000] {logging_mixin.py:120} INFO - [2024-03-27T19:44:53.853+0000] {dag.py:3340} INFO - Setting next_dagrun for example_skip_dag to 2024-03-27T19:27:28.159781+00:00, run_after=2024-03-28T19:27:28.159781+00:00
[2024-03-27T19:44:54.049+0000] {processor.py:176} INFO - Processing /home/airflow/.local/lib/python3.7/site-packages/airflow/example_dags/example_skip_dag.py took 0.524 seconds
[2024-03-27T19:45:24.472+0000] {processor.py:154} INFO - Started process (PID=137) to work on /home/airflow/.local/lib/python3.7/site-packages/airflow/example_dags/example_skip_dag.py
[2024-03-27T19:45:24.473+0000] {processor.py:756} INFO - Processing file /home/airflow/.local/lib/python3.7/site-packages/airflow/example_dags/example_skip_dag.py for tasks to queue
[2024-03-27T19:45:24.473+0000] {logging_mixin.py:120} INFO - [2024-03-27T19:45:24.473+0000] {dagbag.py:537} INFO - Filling up the DagBag from /home/airflow/.local/lib/python3.7/site-packages/airflow/example_dags/example_skip_dag.py
[2024-03-27T19:45:24.490+0000] {processor.py:766} INFO - DAG(s) dict_keys(['example_skip_dag']) retrieved from /home/airflow/.local/lib/python3.7/site-packages/airflow/example_dags/example_skip_dag.py
[2024-03-27T19:45:24.537+0000] {logging_mixin.py:120} INFO - [2024-03-27T19:45:24.536+0000] {dag.py:2585} INFO - Sync 1 DAGs
[2024-03-27T19:45:24.555+0000] {logging_mixin.py:120} INFO - [2024-03-27T19:45:24.555+0000] {dag.py:3340} INFO - Setting next_dagrun for example_skip_dag to 2024-03-27T19:27:28.159781+00:00, run_after=2024-03-28T19:27:28.159781+00:00
[2024-03-27T19:45:24.565+0000] {processor.py:176} INFO - Processing /home/airflow/.local/lib/python3.7/site-packages/airflow/example_dags/example_skip_dag.py took 0.095 seconds
[2024-03-27T19:46:41.713+0000] {processor.py:154} INFO - Started process (PID=90) to work on /home/airflow/.local/lib/python3.7/site-packages/airflow/example_dags/example_skip_dag.py
[2024-03-27T19:46:41.717+0000] {processor.py:756} INFO - Processing file /home/airflow/.local/lib/python3.7/site-packages/airflow/example_dags/example_skip_dag.py for tasks to queue
[2024-03-27T19:46:41.717+0000] {logging_mixin.py:120} INFO - [2024-03-27T19:46:41.717+0000] {dagbag.py:537} INFO - Filling up the DagBag from /home/airflow/.local/lib/python3.7/site-packages/airflow/example_dags/example_skip_dag.py
[2024-03-27T19:46:41.734+0000] {processor.py:766} INFO - DAG(s) dict_keys(['example_skip_dag']) retrieved from /home/airflow/.local/lib/python3.7/site-packages/airflow/example_dags/example_skip_dag.py
[2024-03-27T19:46:41.765+0000] {logging_mixin.py:120} INFO - [2024-03-27T19:46:41.765+0000] {dag.py:2585} INFO - Sync 1 DAGs
[2024-03-27T19:46:41.795+0000] {logging_mixin.py:120} INFO - [2024-03-27T19:46:41.795+0000] {dag.py:3340} INFO - Setting next_dagrun for example_skip_dag to 2024-03-27T19:27:28.159781+00:00, run_after=2024-03-28T19:27:28.159781+00:00
[2024-03-27T19:46:41.813+0000] {processor.py:176} INFO - Processing /home/airflow/.local/lib/python3.7/site-packages/airflow/example_dags/example_skip_dag.py took 0.101 seconds
[2024-03-27T19:47:27.225+0000] {processor.py:154} INFO - Started process (PID=145) to work on /home/airflow/.local/lib/python3.7/site-packages/airflow/example_dags/example_skip_dag.py
[2024-03-27T19:47:27.227+0000] {processor.py:756} INFO - Processing file /home/airflow/.local/lib/python3.7/site-packages/airflow/example_dags/example_skip_dag.py for tasks to queue
[2024-03-27T19:47:27.228+0000] {logging_mixin.py:120} INFO - [2024-03-27T19:47:27.227+0000] {dagbag.py:537} INFO - Filling up the DagBag from /home/airflow/.local/lib/python3.7/site-packages/airflow/example_dags/example_skip_dag.py
[2024-03-27T19:47:27.243+0000] {processor.py:766} INFO - DAG(s) dict_keys(['example_skip_dag']) retrieved from /home/airflow/.local/lib/python3.7/site-packages/airflow/example_dags/example_skip_dag.py
[2024-03-27T19:47:27.278+0000] {logging_mixin.py:120} INFO - [2024-03-27T19:47:27.278+0000] {dag.py:2585} INFO - Sync 1 DAGs
[2024-03-27T19:47:27.296+0000] {logging_mixin.py:120} INFO - [2024-03-27T19:47:27.296+0000] {dag.py:3340} INFO - Setting next_dagrun for example_skip_dag to 2024-03-27T19:27:28.159781+00:00, run_after=2024-03-28T19:27:28.159781+00:00
[2024-03-27T19:47:27.309+0000] {processor.py:176} INFO - Processing /home/airflow/.local/lib/python3.7/site-packages/airflow/example_dags/example_skip_dag.py took 0.088 seconds
[2024-03-27T19:47:48.195+0000] {processor.py:154} INFO - Started process (PID=77) to work on /home/airflow/.local/lib/python3.7/site-packages/airflow/example_dags/example_skip_dag.py
[2024-03-27T19:47:48.198+0000] {processor.py:756} INFO - Processing file /home/airflow/.local/lib/python3.7/site-packages/airflow/example_dags/example_skip_dag.py for tasks to queue
[2024-03-27T19:47:48.198+0000] {logging_mixin.py:120} INFO - [2024-03-27T19:47:48.198+0000] {dagbag.py:537} INFO - Filling up the DagBag from /home/airflow/.local/lib/python3.7/site-packages/airflow/example_dags/example_skip_dag.py
[2024-03-27T19:47:48.217+0000] {processor.py:766} INFO - DAG(s) dict_keys(['example_skip_dag']) retrieved from /home/airflow/.local/lib/python3.7/site-packages/airflow/example_dags/example_skip_dag.py
[2024-03-27T19:47:48.328+0000] {logging_mixin.py:120} INFO - [2024-03-27T19:47:48.327+0000] {dag.py:2585} INFO - Sync 1 DAGs
[2024-03-27T19:47:49.101+0000] {logging_mixin.py:120} INFO - [2024-03-27T19:47:49.091+0000] {dag.py:3340} INFO - Setting next_dagrun for example_skip_dag to 2024-03-27T19:27:28.159781+00:00, run_after=2024-03-28T19:27:28.159781+00:00
[2024-03-27T19:47:49.788+0000] {processor.py:176} INFO - Processing /home/airflow/.local/lib/python3.7/site-packages/airflow/example_dags/example_skip_dag.py took 1.595 seconds
[2024-03-27T19:48:37.373+0000] {processor.py:154} INFO - Started process (PID=134) to work on /home/airflow/.local/lib/python3.7/site-packages/airflow/example_dags/example_skip_dag.py
[2024-03-27T19:48:37.377+0000] {processor.py:756} INFO - Processing file /home/airflow/.local/lib/python3.7/site-packages/airflow/example_dags/example_skip_dag.py for tasks to queue
[2024-03-27T19:48:37.382+0000] {logging_mixin.py:120} INFO - [2024-03-27T19:48:37.382+0000] {dagbag.py:537} INFO - Filling up the DagBag from /home/airflow/.local/lib/python3.7/site-packages/airflow/example_dags/example_skip_dag.py
[2024-03-27T19:48:37.406+0000] {processor.py:766} INFO - DAG(s) dict_keys(['example_skip_dag']) retrieved from /home/airflow/.local/lib/python3.7/site-packages/airflow/example_dags/example_skip_dag.py
[2024-03-27T19:48:37.446+0000] {logging_mixin.py:120} INFO - [2024-03-27T19:48:37.445+0000] {dag.py:2585} INFO - Sync 1 DAGs
[2024-03-27T19:48:37.470+0000] {logging_mixin.py:120} INFO - [2024-03-27T19:48:37.470+0000] {dag.py:3340} INFO - Setting next_dagrun for example_skip_dag to 2024-03-27T19:27:28.159781+00:00, run_after=2024-03-28T19:27:28.159781+00:00
[2024-03-27T19:48:37.493+0000] {processor.py:176} INFO - Processing /home/airflow/.local/lib/python3.7/site-packages/airflow/example_dags/example_skip_dag.py took 0.125 seconds
[2024-03-27T19:49:28.108+0000] {processor.py:154} INFO - Started process (PID=78) to work on /home/airflow/.local/lib/python3.7/site-packages/airflow/example_dags/example_skip_dag.py
[2024-03-27T19:49:28.110+0000] {processor.py:756} INFO - Processing file /home/airflow/.local/lib/python3.7/site-packages/airflow/example_dags/example_skip_dag.py for tasks to queue
[2024-03-27T19:49:28.111+0000] {logging_mixin.py:120} INFO - [2024-03-27T19:49:28.111+0000] {dagbag.py:537} INFO - Filling up the DagBag from /home/airflow/.local/lib/python3.7/site-packages/airflow/example_dags/example_skip_dag.py
[2024-03-27T19:49:28.128+0000] {processor.py:766} INFO - DAG(s) dict_keys(['example_skip_dag']) retrieved from /home/airflow/.local/lib/python3.7/site-packages/airflow/example_dags/example_skip_dag.py
[2024-03-27T19:49:28.166+0000] {logging_mixin.py:120} INFO - [2024-03-27T19:49:28.166+0000] {dag.py:2585} INFO - Sync 1 DAGs
[2024-03-27T19:49:28.193+0000] {logging_mixin.py:120} INFO - [2024-03-27T19:49:28.193+0000] {dag.py:3340} INFO - Setting next_dagrun for example_skip_dag to 2024-03-27T19:27:28.159781+00:00, run_after=2024-03-28T19:27:28.159781+00:00
[2024-03-27T19:49:28.207+0000] {processor.py:176} INFO - Processing /home/airflow/.local/lib/python3.7/site-packages/airflow/example_dags/example_skip_dag.py took 0.101 seconds
[2024-03-27T19:50:02.591+0000] {processor.py:154} INFO - Started process (PID=136) to work on /home/airflow/.local/lib/python3.7/site-packages/airflow/example_dags/example_skip_dag.py
[2024-03-27T19:50:02.592+0000] {processor.py:756} INFO - Processing file /home/airflow/.local/lib/python3.7/site-packages/airflow/example_dags/example_skip_dag.py for tasks to queue
[2024-03-27T19:50:02.593+0000] {logging_mixin.py:120} INFO - [2024-03-27T19:50:02.593+0000] {dagbag.py:537} INFO - Filling up the DagBag from /home/airflow/.local/lib/python3.7/site-packages/airflow/example_dags/example_skip_dag.py
[2024-03-27T19:50:02.602+0000] {processor.py:766} INFO - DAG(s) dict_keys(['example_skip_dag']) retrieved from /home/airflow/.local/lib/python3.7/site-packages/airflow/example_dags/example_skip_dag.py
[2024-03-27T19:50:02.626+0000] {logging_mixin.py:120} INFO - [2024-03-27T19:50:02.626+0000] {dag.py:2585} INFO - Sync 1 DAGs
[2024-03-27T19:50:02.642+0000] {logging_mixin.py:120} INFO - [2024-03-27T19:50:02.642+0000] {dag.py:3340} INFO - Setting next_dagrun for example_skip_dag to 2024-03-27T19:27:28.159781+00:00, run_after=2024-03-28T19:27:28.159781+00:00
[2024-03-27T19:50:02.655+0000] {processor.py:176} INFO - Processing /home/airflow/.local/lib/python3.7/site-packages/airflow/example_dags/example_skip_dag.py took 0.065 seconds
[2024-03-27T19:54:24.342+0000] {processor.py:154} INFO - Started process (PID=79) to work on /home/airflow/.local/lib/python3.7/site-packages/airflow/example_dags/example_skip_dag.py
[2024-03-27T19:54:24.345+0000] {processor.py:756} INFO - Processing file /home/airflow/.local/lib/python3.7/site-packages/airflow/example_dags/example_skip_dag.py for tasks to queue
[2024-03-27T19:54:24.346+0000] {logging_mixin.py:120} INFO - [2024-03-27T19:54:24.346+0000] {dagbag.py:537} INFO - Filling up the DagBag from /home/airflow/.local/lib/python3.7/site-packages/airflow/example_dags/example_skip_dag.py
[2024-03-27T19:54:24.367+0000] {processor.py:766} INFO - DAG(s) dict_keys(['example_skip_dag']) retrieved from /home/airflow/.local/lib/python3.7/site-packages/airflow/example_dags/example_skip_dag.py
[2024-03-27T19:54:24.420+0000] {logging_mixin.py:120} INFO - [2024-03-27T19:54:24.420+0000] {dag.py:2585} INFO - Sync 1 DAGs
[2024-03-27T19:54:24.450+0000] {logging_mixin.py:120} INFO - [2024-03-27T19:54:24.449+0000] {dag.py:3340} INFO - Setting next_dagrun for example_skip_dag to 2024-03-27T19:27:28.159781+00:00, run_after=2024-03-28T19:27:28.159781+00:00
[2024-03-27T19:54:24.487+0000] {processor.py:176} INFO - Processing /home/airflow/.local/lib/python3.7/site-packages/airflow/example_dags/example_skip_dag.py took 0.147 seconds
