[2024-03-27T19:09:50.934+0000] {processor.py:154} INFO - Started process (PID=69) to work on /home/airflow/.local/lib/python3.7/site-packages/airflow/example_dags/example_external_task_marker_dag.py
[2024-03-27T19:09:50.935+0000] {processor.py:756} INFO - Processing file /home/airflow/.local/lib/python3.7/site-packages/airflow/example_dags/example_external_task_marker_dag.py for tasks to queue
[2024-03-27T19:09:50.936+0000] {logging_mixin.py:120} INFO - [2024-03-27T19:09:50.936+0000] {dagbag.py:537} INFO - Filling up the DagBag from /home/airflow/.local/lib/python3.7/site-packages/airflow/example_dags/example_external_task_marker_dag.py
[2024-03-27T19:09:50.960+0000] {processor.py:766} INFO - DAG(s) dict_keys(['example_external_task_marker_child', 'example_external_task_marker_parent']) retrieved from /home/airflow/.local/lib/python3.7/site-packages/airflow/example_dags/example_external_task_marker_dag.py
[2024-03-27T19:09:51.169+0000] {logging_mixin.py:120} INFO - [2024-03-27T19:09:51.169+0000] {dag.py:2585} INFO - Sync 2 DAGs
[2024-03-27T19:09:51.194+0000] {logging_mixin.py:120} INFO - [2024-03-27T19:09:51.194+0000] {dag.py:3340} INFO - Setting next_dagrun for example_external_task_marker_child to None, run_after=None
[2024-03-27T19:09:51.200+0000] {logging_mixin.py:120} INFO - [2024-03-27T19:09:51.200+0000] {dag.py:3340} INFO - Setting next_dagrun for example_external_task_marker_parent to None, run_after=None
[2024-03-27T19:09:51.230+0000] {processor.py:176} INFO - Processing /home/airflow/.local/lib/python3.7/site-packages/airflow/example_dags/example_external_task_marker_dag.py took 0.301 seconds
[2024-03-27T19:10:21.527+0000] {processor.py:154} INFO - Started process (PID=136) to work on /home/airflow/.local/lib/python3.7/site-packages/airflow/example_dags/example_external_task_marker_dag.py
[2024-03-27T19:10:21.527+0000] {processor.py:756} INFO - Processing file /home/airflow/.local/lib/python3.7/site-packages/airflow/example_dags/example_external_task_marker_dag.py for tasks to queue
[2024-03-27T19:10:21.528+0000] {logging_mixin.py:120} INFO - [2024-03-27T19:10:21.528+0000] {dagbag.py:537} INFO - Filling up the DagBag from /home/airflow/.local/lib/python3.7/site-packages/airflow/example_dags/example_external_task_marker_dag.py
[2024-03-27T19:10:21.536+0000] {processor.py:766} INFO - DAG(s) dict_keys(['example_external_task_marker_parent', 'example_external_task_marker_child']) retrieved from /home/airflow/.local/lib/python3.7/site-packages/airflow/example_dags/example_external_task_marker_dag.py
[2024-03-27T19:10:21.661+0000] {logging_mixin.py:120} INFO - [2024-03-27T19:10:21.661+0000] {dag.py:2585} INFO - Sync 2 DAGs
[2024-03-27T19:10:21.673+0000] {logging_mixin.py:120} INFO - [2024-03-27T19:10:21.673+0000] {dag.py:3340} INFO - Setting next_dagrun for example_external_task_marker_child to None, run_after=None
[2024-03-27T19:10:21.675+0000] {logging_mixin.py:120} INFO - [2024-03-27T19:10:21.675+0000] {dag.py:3340} INFO - Setting next_dagrun for example_external_task_marker_parent to None, run_after=None
[2024-03-27T19:10:21.684+0000] {processor.py:176} INFO - Processing /home/airflow/.local/lib/python3.7/site-packages/airflow/example_dags/example_external_task_marker_dag.py took 0.160 seconds
[2024-03-27T19:10:46.261+0000] {processor.py:154} INFO - Started process (PID=67) to work on /home/airflow/.local/lib/python3.7/site-packages/airflow/example_dags/example_external_task_marker_dag.py
[2024-03-27T19:10:46.273+0000] {processor.py:756} INFO - Processing file /home/airflow/.local/lib/python3.7/site-packages/airflow/example_dags/example_external_task_marker_dag.py for tasks to queue
[2024-03-27T19:10:46.275+0000] {logging_mixin.py:120} INFO - [2024-03-27T19:10:46.274+0000] {dagbag.py:537} INFO - Filling up the DagBag from /home/airflow/.local/lib/python3.7/site-packages/airflow/example_dags/example_external_task_marker_dag.py
[2024-03-27T19:10:46.591+0000] {processor.py:766} INFO - DAG(s) dict_keys(['example_external_task_marker_parent', 'example_external_task_marker_child']) retrieved from /home/airflow/.local/lib/python3.7/site-packages/airflow/example_dags/example_external_task_marker_dag.py
[2024-03-27T19:10:52.509+0000] {logging_mixin.py:120} INFO - [2024-03-27T19:10:52.503+0000] {dag.py:2585} INFO - Sync 2 DAGs
[2024-03-27T19:10:52.678+0000] {logging_mixin.py:120} INFO - [2024-03-27T19:10:52.678+0000] {dag.py:3340} INFO - Setting next_dagrun for example_external_task_marker_child to None, run_after=None
[2024-03-27T19:10:52.685+0000] {logging_mixin.py:120} INFO - [2024-03-27T19:10:52.685+0000] {dag.py:3340} INFO - Setting next_dagrun for example_external_task_marker_parent to None, run_after=None
[2024-03-27T19:10:52.739+0000] {processor.py:176} INFO - Processing /home/airflow/.local/lib/python3.7/site-packages/airflow/example_dags/example_external_task_marker_dag.py took 6.501 seconds
[2024-03-27T19:11:23.345+0000] {processor.py:154} INFO - Started process (PID=119) to work on /home/airflow/.local/lib/python3.7/site-packages/airflow/example_dags/example_external_task_marker_dag.py
[2024-03-27T19:11:23.355+0000] {processor.py:756} INFO - Processing file /home/airflow/.local/lib/python3.7/site-packages/airflow/example_dags/example_external_task_marker_dag.py for tasks to queue
[2024-03-27T19:11:23.361+0000] {logging_mixin.py:120} INFO - [2024-03-27T19:11:23.360+0000] {dagbag.py:537} INFO - Filling up the DagBag from /home/airflow/.local/lib/python3.7/site-packages/airflow/example_dags/example_external_task_marker_dag.py
[2024-03-27T19:11:24.998+0000] {processor.py:766} INFO - DAG(s) dict_keys(['example_external_task_marker_child', 'example_external_task_marker_parent']) retrieved from /home/airflow/.local/lib/python3.7/site-packages/airflow/example_dags/example_external_task_marker_dag.py
[2024-03-27T19:11:39.531+0000] {logging_mixin.py:120} INFO - [2024-03-27T19:11:39.403+0000] {dag.py:2585} INFO - Sync 2 DAGs
[2024-03-27T19:11:39.935+0000] {logging_mixin.py:120} INFO - [2024-03-27T19:11:39.932+0000] {dag.py:3340} INFO - Setting next_dagrun for example_external_task_marker_child to None, run_after=None
[2024-03-27T19:11:39.942+0000] {logging_mixin.py:120} INFO - [2024-03-27T19:11:39.942+0000] {dag.py:3340} INFO - Setting next_dagrun for example_external_task_marker_parent to None, run_after=None
[2024-03-27T19:11:40.021+0000] {processor.py:176} INFO - Processing /home/airflow/.local/lib/python3.7/site-packages/airflow/example_dags/example_external_task_marker_dag.py took 16.725 seconds
[2024-03-27T19:12:21.464+0000] {processor.py:154} INFO - Started process (PID=70) to work on /home/airflow/.local/lib/python3.7/site-packages/airflow/example_dags/example_external_task_marker_dag.py
[2024-03-27T19:12:21.465+0000] {processor.py:756} INFO - Processing file /home/airflow/.local/lib/python3.7/site-packages/airflow/example_dags/example_external_task_marker_dag.py for tasks to queue
[2024-03-27T19:12:21.466+0000] {logging_mixin.py:120} INFO - [2024-03-27T19:12:21.465+0000] {dagbag.py:537} INFO - Filling up the DagBag from /home/airflow/.local/lib/python3.7/site-packages/airflow/example_dags/example_external_task_marker_dag.py
[2024-03-27T19:12:21.477+0000] {processor.py:766} INFO - DAG(s) dict_keys(['example_external_task_marker_child', 'example_external_task_marker_parent']) retrieved from /home/airflow/.local/lib/python3.7/site-packages/airflow/example_dags/example_external_task_marker_dag.py
[2024-03-27T19:12:21.612+0000] {logging_mixin.py:120} INFO - [2024-03-27T19:12:21.611+0000] {dag.py:2585} INFO - Sync 2 DAGs
[2024-03-27T19:12:21.633+0000] {logging_mixin.py:120} INFO - [2024-03-27T19:12:21.633+0000] {dag.py:3340} INFO - Setting next_dagrun for example_external_task_marker_child to None, run_after=None
[2024-03-27T19:12:21.636+0000] {logging_mixin.py:120} INFO - [2024-03-27T19:12:21.636+0000] {dag.py:3340} INFO - Setting next_dagrun for example_external_task_marker_parent to None, run_after=None
[2024-03-27T19:12:21.650+0000] {processor.py:176} INFO - Processing /home/airflow/.local/lib/python3.7/site-packages/airflow/example_dags/example_external_task_marker_dag.py took 0.188 seconds
[2024-03-27T19:12:52.392+0000] {processor.py:154} INFO - Started process (PID=120) to work on /home/airflow/.local/lib/python3.7/site-packages/airflow/example_dags/example_external_task_marker_dag.py
[2024-03-27T19:12:52.393+0000] {processor.py:756} INFO - Processing file /home/airflow/.local/lib/python3.7/site-packages/airflow/example_dags/example_external_task_marker_dag.py for tasks to queue
[2024-03-27T19:12:52.394+0000] {logging_mixin.py:120} INFO - [2024-03-27T19:12:52.394+0000] {dagbag.py:537} INFO - Filling up the DagBag from /home/airflow/.local/lib/python3.7/site-packages/airflow/example_dags/example_external_task_marker_dag.py
[2024-03-27T19:12:52.404+0000] {processor.py:766} INFO - DAG(s) dict_keys(['example_external_task_marker_child', 'example_external_task_marker_parent']) retrieved from /home/airflow/.local/lib/python3.7/site-packages/airflow/example_dags/example_external_task_marker_dag.py
[2024-03-27T19:12:52.523+0000] {logging_mixin.py:120} INFO - [2024-03-27T19:12:52.523+0000] {dag.py:2585} INFO - Sync 2 DAGs
[2024-03-27T19:12:52.540+0000] {logging_mixin.py:120} INFO - [2024-03-27T19:12:52.540+0000] {dag.py:3340} INFO - Setting next_dagrun for example_external_task_marker_child to None, run_after=None
[2024-03-27T19:12:52.543+0000] {logging_mixin.py:120} INFO - [2024-03-27T19:12:52.542+0000] {dag.py:3340} INFO - Setting next_dagrun for example_external_task_marker_parent to None, run_after=None
[2024-03-27T19:12:52.558+0000] {processor.py:176} INFO - Processing /home/airflow/.local/lib/python3.7/site-packages/airflow/example_dags/example_external_task_marker_dag.py took 0.168 seconds
[2024-03-27T19:13:32.587+0000] {processor.py:154} INFO - Started process (PID=181) to work on /home/airflow/.local/lib/python3.7/site-packages/airflow/example_dags/example_external_task_marker_dag.py
[2024-03-27T19:13:32.588+0000] {processor.py:756} INFO - Processing file /home/airflow/.local/lib/python3.7/site-packages/airflow/example_dags/example_external_task_marker_dag.py for tasks to queue
[2024-03-27T19:13:32.589+0000] {logging_mixin.py:120} INFO - [2024-03-27T19:13:32.589+0000] {dagbag.py:537} INFO - Filling up the DagBag from /home/airflow/.local/lib/python3.7/site-packages/airflow/example_dags/example_external_task_marker_dag.py
[2024-03-27T19:13:32.605+0000] {processor.py:766} INFO - DAG(s) dict_keys(['example_external_task_marker_parent', 'example_external_task_marker_child']) retrieved from /home/airflow/.local/lib/python3.7/site-packages/airflow/example_dags/example_external_task_marker_dag.py
[2024-03-27T19:13:32.746+0000] {logging_mixin.py:120} INFO - [2024-03-27T19:13:32.746+0000] {dag.py:2585} INFO - Sync 2 DAGs
[2024-03-27T19:13:32.780+0000] {logging_mixin.py:120} INFO - [2024-03-27T19:13:32.780+0000] {dag.py:3340} INFO - Setting next_dagrun for example_external_task_marker_child to None, run_after=None
[2024-03-27T19:13:32.788+0000] {logging_mixin.py:120} INFO - [2024-03-27T19:13:32.788+0000] {dag.py:3340} INFO - Setting next_dagrun for example_external_task_marker_parent to None, run_after=None
[2024-03-27T19:13:32.811+0000] {processor.py:176} INFO - Processing /home/airflow/.local/lib/python3.7/site-packages/airflow/example_dags/example_external_task_marker_dag.py took 0.227 seconds
[2024-03-27T19:13:57.072+0000] {processor.py:154} INFO - Started process (PID=69) to work on /home/airflow/.local/lib/python3.7/site-packages/airflow/example_dags/example_external_task_marker_dag.py
[2024-03-27T19:13:57.072+0000] {processor.py:756} INFO - Processing file /home/airflow/.local/lib/python3.7/site-packages/airflow/example_dags/example_external_task_marker_dag.py for tasks to queue
[2024-03-27T19:13:57.073+0000] {logging_mixin.py:120} INFO - [2024-03-27T19:13:57.073+0000] {dagbag.py:537} INFO - Filling up the DagBag from /home/airflow/.local/lib/python3.7/site-packages/airflow/example_dags/example_external_task_marker_dag.py
[2024-03-27T19:13:57.088+0000] {processor.py:766} INFO - DAG(s) dict_keys(['example_external_task_marker_parent', 'example_external_task_marker_child']) retrieved from /home/airflow/.local/lib/python3.7/site-packages/airflow/example_dags/example_external_task_marker_dag.py
[2024-03-27T19:13:57.282+0000] {logging_mixin.py:120} INFO - [2024-03-27T19:13:57.282+0000] {dag.py:2585} INFO - Sync 2 DAGs
[2024-03-27T19:13:57.302+0000] {logging_mixin.py:120} INFO - [2024-03-27T19:13:57.302+0000] {dag.py:3340} INFO - Setting next_dagrun for example_external_task_marker_child to None, run_after=None
[2024-03-27T19:13:57.304+0000] {logging_mixin.py:120} INFO - [2024-03-27T19:13:57.304+0000] {dag.py:3340} INFO - Setting next_dagrun for example_external_task_marker_parent to None, run_after=None
[2024-03-27T19:13:57.321+0000] {processor.py:176} INFO - Processing /home/airflow/.local/lib/python3.7/site-packages/airflow/example_dags/example_external_task_marker_dag.py took 0.251 seconds
[2024-03-27T19:14:49.445+0000] {processor.py:154} INFO - Started process (PID=128) to work on /home/airflow/.local/lib/python3.7/site-packages/airflow/example_dags/example_external_task_marker_dag.py
[2024-03-27T19:14:49.447+0000] {processor.py:756} INFO - Processing file /home/airflow/.local/lib/python3.7/site-packages/airflow/example_dags/example_external_task_marker_dag.py for tasks to queue
[2024-03-27T19:14:49.448+0000] {logging_mixin.py:120} INFO - [2024-03-27T19:14:49.448+0000] {dagbag.py:537} INFO - Filling up the DagBag from /home/airflow/.local/lib/python3.7/site-packages/airflow/example_dags/example_external_task_marker_dag.py
[2024-03-27T19:14:49.472+0000] {processor.py:766} INFO - DAG(s) dict_keys(['example_external_task_marker_parent', 'example_external_task_marker_child']) retrieved from /home/airflow/.local/lib/python3.7/site-packages/airflow/example_dags/example_external_task_marker_dag.py
[2024-03-27T19:14:49.746+0000] {logging_mixin.py:120} INFO - [2024-03-27T19:14:49.746+0000] {dag.py:2585} INFO - Sync 2 DAGs
[2024-03-27T19:14:49.782+0000] {logging_mixin.py:120} INFO - [2024-03-27T19:14:49.782+0000] {dag.py:3340} INFO - Setting next_dagrun for example_external_task_marker_child to None, run_after=None
[2024-03-27T19:14:49.785+0000] {logging_mixin.py:120} INFO - [2024-03-27T19:14:49.785+0000] {dag.py:3340} INFO - Setting next_dagrun for example_external_task_marker_parent to None, run_after=None
[2024-03-27T19:14:49.802+0000] {processor.py:176} INFO - Processing /home/airflow/.local/lib/python3.7/site-packages/airflow/example_dags/example_external_task_marker_dag.py took 0.364 seconds
[2024-03-27T19:15:21.945+0000] {processor.py:154} INFO - Started process (PID=69) to work on /home/airflow/.local/lib/python3.7/site-packages/airflow/example_dags/example_external_task_marker_dag.py
[2024-03-27T19:15:21.947+0000] {processor.py:756} INFO - Processing file /home/airflow/.local/lib/python3.7/site-packages/airflow/example_dags/example_external_task_marker_dag.py for tasks to queue
[2024-03-27T19:15:21.948+0000] {logging_mixin.py:120} INFO - [2024-03-27T19:15:21.948+0000] {dagbag.py:537} INFO - Filling up the DagBag from /home/airflow/.local/lib/python3.7/site-packages/airflow/example_dags/example_external_task_marker_dag.py
[2024-03-27T19:15:21.978+0000] {processor.py:766} INFO - DAG(s) dict_keys(['example_external_task_marker_parent', 'example_external_task_marker_child']) retrieved from /home/airflow/.local/lib/python3.7/site-packages/airflow/example_dags/example_external_task_marker_dag.py
[2024-03-27T19:15:22.174+0000] {logging_mixin.py:120} INFO - [2024-03-27T19:15:22.173+0000] {dag.py:2585} INFO - Sync 2 DAGs
[2024-03-27T19:15:22.194+0000] {logging_mixin.py:120} INFO - [2024-03-27T19:15:22.194+0000] {dag.py:3340} INFO - Setting next_dagrun for example_external_task_marker_child to None, run_after=None
[2024-03-27T19:15:22.196+0000] {logging_mixin.py:120} INFO - [2024-03-27T19:15:22.196+0000] {dag.py:3340} INFO - Setting next_dagrun for example_external_task_marker_parent to None, run_after=None
[2024-03-27T19:15:22.207+0000] {processor.py:176} INFO - Processing /home/airflow/.local/lib/python3.7/site-packages/airflow/example_dags/example_external_task_marker_dag.py took 0.265 seconds
[2024-03-27T19:15:54.684+0000] {processor.py:154} INFO - Started process (PID=128) to work on /home/airflow/.local/lib/python3.7/site-packages/airflow/example_dags/example_external_task_marker_dag.py
[2024-03-27T19:15:54.689+0000] {processor.py:756} INFO - Processing file /home/airflow/.local/lib/python3.7/site-packages/airflow/example_dags/example_external_task_marker_dag.py for tasks to queue
[2024-03-27T19:15:54.691+0000] {logging_mixin.py:120} INFO - [2024-03-27T19:15:54.691+0000] {dagbag.py:537} INFO - Filling up the DagBag from /home/airflow/.local/lib/python3.7/site-packages/airflow/example_dags/example_external_task_marker_dag.py
[2024-03-27T19:15:54.722+0000] {processor.py:766} INFO - DAG(s) dict_keys(['example_external_task_marker_child', 'example_external_task_marker_parent']) retrieved from /home/airflow/.local/lib/python3.7/site-packages/airflow/example_dags/example_external_task_marker_dag.py
[2024-03-27T19:15:54.950+0000] {logging_mixin.py:120} INFO - [2024-03-27T19:15:54.950+0000] {dag.py:2585} INFO - Sync 2 DAGs
[2024-03-27T19:15:54.983+0000] {logging_mixin.py:120} INFO - [2024-03-27T19:15:54.982+0000] {dag.py:3340} INFO - Setting next_dagrun for example_external_task_marker_child to None, run_after=None
[2024-03-27T19:15:54.986+0000] {logging_mixin.py:120} INFO - [2024-03-27T19:15:54.986+0000] {dag.py:3340} INFO - Setting next_dagrun for example_external_task_marker_parent to None, run_after=None
[2024-03-27T19:15:55.006+0000] {processor.py:176} INFO - Processing /home/airflow/.local/lib/python3.7/site-packages/airflow/example_dags/example_external_task_marker_dag.py took 0.333 seconds
[2024-03-27T19:16:26.349+0000] {processor.py:154} INFO - Started process (PID=187) to work on /home/airflow/.local/lib/python3.7/site-packages/airflow/example_dags/example_external_task_marker_dag.py
[2024-03-27T19:16:26.352+0000] {processor.py:756} INFO - Processing file /home/airflow/.local/lib/python3.7/site-packages/airflow/example_dags/example_external_task_marker_dag.py for tasks to queue
[2024-03-27T19:16:26.353+0000] {logging_mixin.py:120} INFO - [2024-03-27T19:16:26.352+0000] {dagbag.py:537} INFO - Filling up the DagBag from /home/airflow/.local/lib/python3.7/site-packages/airflow/example_dags/example_external_task_marker_dag.py
[2024-03-27T19:16:26.371+0000] {processor.py:766} INFO - DAG(s) dict_keys(['example_external_task_marker_parent', 'example_external_task_marker_child']) retrieved from /home/airflow/.local/lib/python3.7/site-packages/airflow/example_dags/example_external_task_marker_dag.py
[2024-03-27T19:16:26.626+0000] {logging_mixin.py:120} INFO - [2024-03-27T19:16:26.626+0000] {dag.py:2585} INFO - Sync 2 DAGs
[2024-03-27T19:16:26.644+0000] {logging_mixin.py:120} INFO - [2024-03-27T19:16:26.644+0000] {dag.py:3340} INFO - Setting next_dagrun for example_external_task_marker_child to None, run_after=None
[2024-03-27T19:16:26.647+0000] {logging_mixin.py:120} INFO - [2024-03-27T19:16:26.647+0000] {dag.py:3340} INFO - Setting next_dagrun for example_external_task_marker_parent to None, run_after=None
[2024-03-27T19:16:26.659+0000] {processor.py:176} INFO - Processing /home/airflow/.local/lib/python3.7/site-packages/airflow/example_dags/example_external_task_marker_dag.py took 0.313 seconds
[2024-03-27T19:16:51.199+0000] {processor.py:154} INFO - Started process (PID=68) to work on /home/airflow/.local/lib/python3.7/site-packages/airflow/example_dags/example_external_task_marker_dag.py
[2024-03-27T19:16:51.200+0000] {processor.py:756} INFO - Processing file /home/airflow/.local/lib/python3.7/site-packages/airflow/example_dags/example_external_task_marker_dag.py for tasks to queue
[2024-03-27T19:16:51.200+0000] {logging_mixin.py:120} INFO - [2024-03-27T19:16:51.200+0000] {dagbag.py:537} INFO - Filling up the DagBag from /home/airflow/.local/lib/python3.7/site-packages/airflow/example_dags/example_external_task_marker_dag.py
[2024-03-27T19:16:51.215+0000] {processor.py:766} INFO - DAG(s) dict_keys(['example_external_task_marker_parent', 'example_external_task_marker_child']) retrieved from /home/airflow/.local/lib/python3.7/site-packages/airflow/example_dags/example_external_task_marker_dag.py
[2024-03-27T19:16:51.342+0000] {logging_mixin.py:120} INFO - [2024-03-27T19:16:51.342+0000] {dag.py:2585} INFO - Sync 2 DAGs
[2024-03-27T19:16:51.359+0000] {logging_mixin.py:120} INFO - [2024-03-27T19:16:51.359+0000] {dag.py:3340} INFO - Setting next_dagrun for example_external_task_marker_child to None, run_after=None
[2024-03-27T19:16:51.362+0000] {logging_mixin.py:120} INFO - [2024-03-27T19:16:51.362+0000] {dag.py:3340} INFO - Setting next_dagrun for example_external_task_marker_parent to None, run_after=None
[2024-03-27T19:16:51.372+0000] {processor.py:176} INFO - Processing /home/airflow/.local/lib/python3.7/site-packages/airflow/example_dags/example_external_task_marker_dag.py took 0.176 seconds
[2024-03-27T19:17:28.666+0000] {processor.py:154} INFO - Started process (PID=126) to work on /home/airflow/.local/lib/python3.7/site-packages/airflow/example_dags/example_external_task_marker_dag.py
[2024-03-27T19:17:28.675+0000] {processor.py:756} INFO - Processing file /home/airflow/.local/lib/python3.7/site-packages/airflow/example_dags/example_external_task_marker_dag.py for tasks to queue
[2024-03-27T19:17:28.682+0000] {logging_mixin.py:120} INFO - [2024-03-27T19:17:28.681+0000] {dagbag.py:537} INFO - Filling up the DagBag from /home/airflow/.local/lib/python3.7/site-packages/airflow/example_dags/example_external_task_marker_dag.py
[2024-03-27T19:17:28.724+0000] {processor.py:766} INFO - DAG(s) dict_keys(['example_external_task_marker_parent', 'example_external_task_marker_child']) retrieved from /home/airflow/.local/lib/python3.7/site-packages/airflow/example_dags/example_external_task_marker_dag.py
[2024-03-27T19:17:29.092+0000] {logging_mixin.py:120} INFO - [2024-03-27T19:17:29.091+0000] {dag.py:2585} INFO - Sync 2 DAGs
[2024-03-27T19:17:29.182+0000] {logging_mixin.py:120} INFO - [2024-03-27T19:17:29.182+0000] {dag.py:3340} INFO - Setting next_dagrun for example_external_task_marker_child to None, run_after=None
[2024-03-27T19:17:29.192+0000] {logging_mixin.py:120} INFO - [2024-03-27T19:17:29.192+0000] {dag.py:3340} INFO - Setting next_dagrun for example_external_task_marker_parent to None, run_after=None
[2024-03-27T19:17:29.252+0000] {processor.py:176} INFO - Processing /home/airflow/.local/lib/python3.7/site-packages/airflow/example_dags/example_external_task_marker_dag.py took 0.616 seconds
[2024-03-27T19:18:20.234+0000] {processor.py:154} INFO - Started process (PID=69) to work on /home/airflow/.local/lib/python3.7/site-packages/airflow/example_dags/example_external_task_marker_dag.py
[2024-03-27T19:18:20.236+0000] {processor.py:756} INFO - Processing file /home/airflow/.local/lib/python3.7/site-packages/airflow/example_dags/example_external_task_marker_dag.py for tasks to queue
[2024-03-27T19:18:20.237+0000] {logging_mixin.py:120} INFO - [2024-03-27T19:18:20.237+0000] {dagbag.py:537} INFO - Filling up the DagBag from /home/airflow/.local/lib/python3.7/site-packages/airflow/example_dags/example_external_task_marker_dag.py
[2024-03-27T19:18:20.257+0000] {processor.py:766} INFO - DAG(s) dict_keys(['example_external_task_marker_parent', 'example_external_task_marker_child']) retrieved from /home/airflow/.local/lib/python3.7/site-packages/airflow/example_dags/example_external_task_marker_dag.py
[2024-03-27T19:18:20.437+0000] {logging_mixin.py:120} INFO - [2024-03-27T19:18:20.437+0000] {dag.py:2585} INFO - Sync 2 DAGs
[2024-03-27T19:18:20.473+0000] {logging_mixin.py:120} INFO - [2024-03-27T19:18:20.473+0000] {dag.py:3340} INFO - Setting next_dagrun for example_external_task_marker_child to None, run_after=None
[2024-03-27T19:18:20.477+0000] {logging_mixin.py:120} INFO - [2024-03-27T19:18:20.477+0000] {dag.py:3340} INFO - Setting next_dagrun for example_external_task_marker_parent to None, run_after=None
[2024-03-27T19:18:20.501+0000] {processor.py:176} INFO - Processing /home/airflow/.local/lib/python3.7/site-packages/airflow/example_dags/example_external_task_marker_dag.py took 0.270 seconds
[2024-03-27T19:18:51.559+0000] {processor.py:154} INFO - Started process (PID=127) to work on /home/airflow/.local/lib/python3.7/site-packages/airflow/example_dags/example_external_task_marker_dag.py
[2024-03-27T19:18:51.560+0000] {processor.py:756} INFO - Processing file /home/airflow/.local/lib/python3.7/site-packages/airflow/example_dags/example_external_task_marker_dag.py for tasks to queue
[2024-03-27T19:18:51.561+0000] {logging_mixin.py:120} INFO - [2024-03-27T19:18:51.560+0000] {dagbag.py:537} INFO - Filling up the DagBag from /home/airflow/.local/lib/python3.7/site-packages/airflow/example_dags/example_external_task_marker_dag.py
[2024-03-27T19:18:51.569+0000] {processor.py:766} INFO - DAG(s) dict_keys(['example_external_task_marker_child', 'example_external_task_marker_parent']) retrieved from /home/airflow/.local/lib/python3.7/site-packages/airflow/example_dags/example_external_task_marker_dag.py
[2024-03-27T19:18:51.662+0000] {logging_mixin.py:120} INFO - [2024-03-27T19:18:51.662+0000] {dag.py:2585} INFO - Sync 2 DAGs
[2024-03-27T19:18:51.674+0000] {logging_mixin.py:120} INFO - [2024-03-27T19:18:51.674+0000] {dag.py:3340} INFO - Setting next_dagrun for example_external_task_marker_child to None, run_after=None
[2024-03-27T19:18:51.676+0000] {logging_mixin.py:120} INFO - [2024-03-27T19:18:51.676+0000] {dag.py:3340} INFO - Setting next_dagrun for example_external_task_marker_parent to None, run_after=None
[2024-03-27T19:18:51.684+0000] {processor.py:176} INFO - Processing /home/airflow/.local/lib/python3.7/site-packages/airflow/example_dags/example_external_task_marker_dag.py took 0.127 seconds
[2024-03-27T19:19:41.462+0000] {processor.py:154} INFO - Started process (PID=69) to work on /home/airflow/.local/lib/python3.7/site-packages/airflow/example_dags/example_external_task_marker_dag.py
[2024-03-27T19:19:41.463+0000] {processor.py:756} INFO - Processing file /home/airflow/.local/lib/python3.7/site-packages/airflow/example_dags/example_external_task_marker_dag.py for tasks to queue
[2024-03-27T19:19:41.464+0000] {logging_mixin.py:120} INFO - [2024-03-27T19:19:41.464+0000] {dagbag.py:537} INFO - Filling up the DagBag from /home/airflow/.local/lib/python3.7/site-packages/airflow/example_dags/example_external_task_marker_dag.py
[2024-03-27T19:19:41.473+0000] {processor.py:766} INFO - DAG(s) dict_keys(['example_external_task_marker_child', 'example_external_task_marker_parent']) retrieved from /home/airflow/.local/lib/python3.7/site-packages/airflow/example_dags/example_external_task_marker_dag.py
[2024-03-27T19:19:41.604+0000] {logging_mixin.py:120} INFO - [2024-03-27T19:19:41.604+0000] {dag.py:2585} INFO - Sync 2 DAGs
[2024-03-27T19:19:41.620+0000] {logging_mixin.py:120} INFO - [2024-03-27T19:19:41.620+0000] {dag.py:3340} INFO - Setting next_dagrun for example_external_task_marker_child to None, run_after=None
[2024-03-27T19:19:41.624+0000] {logging_mixin.py:120} INFO - [2024-03-27T19:19:41.624+0000] {dag.py:3340} INFO - Setting next_dagrun for example_external_task_marker_parent to None, run_after=None
[2024-03-27T19:19:41.639+0000] {processor.py:176} INFO - Processing /home/airflow/.local/lib/python3.7/site-packages/airflow/example_dags/example_external_task_marker_dag.py took 0.179 seconds
[2024-03-27T19:20:22.557+0000] {processor.py:154} INFO - Started process (PID=128) to work on /home/airflow/.local/lib/python3.7/site-packages/airflow/example_dags/example_external_task_marker_dag.py
[2024-03-27T19:20:22.559+0000] {processor.py:756} INFO - Processing file /home/airflow/.local/lib/python3.7/site-packages/airflow/example_dags/example_external_task_marker_dag.py for tasks to queue
[2024-03-27T19:20:22.559+0000] {logging_mixin.py:120} INFO - [2024-03-27T19:20:22.559+0000] {dagbag.py:537} INFO - Filling up the DagBag from /home/airflow/.local/lib/python3.7/site-packages/airflow/example_dags/example_external_task_marker_dag.py
[2024-03-27T19:20:22.582+0000] {processor.py:766} INFO - DAG(s) dict_keys(['example_external_task_marker_parent', 'example_external_task_marker_child']) retrieved from /home/airflow/.local/lib/python3.7/site-packages/airflow/example_dags/example_external_task_marker_dag.py
[2024-03-27T19:20:22.738+0000] {logging_mixin.py:120} INFO - [2024-03-27T19:20:22.738+0000] {dag.py:2585} INFO - Sync 2 DAGs
[2024-03-27T19:20:22.760+0000] {logging_mixin.py:120} INFO - [2024-03-27T19:20:22.760+0000] {dag.py:3340} INFO - Setting next_dagrun for example_external_task_marker_child to None, run_after=None
[2024-03-27T19:20:22.767+0000] {logging_mixin.py:120} INFO - [2024-03-27T19:20:22.767+0000] {dag.py:3340} INFO - Setting next_dagrun for example_external_task_marker_parent to None, run_after=None
[2024-03-27T19:20:22.792+0000] {processor.py:176} INFO - Processing /home/airflow/.local/lib/python3.7/site-packages/airflow/example_dags/example_external_task_marker_dag.py took 0.241 seconds
[2024-03-27T19:21:23.908+0000] {processor.py:154} INFO - Started process (PID=68) to work on /home/airflow/.local/lib/python3.7/site-packages/airflow/example_dags/example_external_task_marker_dag.py
[2024-03-27T19:21:23.908+0000] {processor.py:756} INFO - Processing file /home/airflow/.local/lib/python3.7/site-packages/airflow/example_dags/example_external_task_marker_dag.py for tasks to queue
[2024-03-27T19:21:23.909+0000] {logging_mixin.py:120} INFO - [2024-03-27T19:21:23.909+0000] {dagbag.py:537} INFO - Filling up the DagBag from /home/airflow/.local/lib/python3.7/site-packages/airflow/example_dags/example_external_task_marker_dag.py
[2024-03-27T19:21:23.921+0000] {processor.py:766} INFO - DAG(s) dict_keys(['example_external_task_marker_parent', 'example_external_task_marker_child']) retrieved from /home/airflow/.local/lib/python3.7/site-packages/airflow/example_dags/example_external_task_marker_dag.py
[2024-03-27T19:21:24.131+0000] {logging_mixin.py:120} INFO - [2024-03-27T19:21:24.131+0000] {dag.py:2585} INFO - Sync 2 DAGs
[2024-03-27T19:21:24.147+0000] {logging_mixin.py:120} INFO - [2024-03-27T19:21:24.147+0000] {dag.py:3340} INFO - Setting next_dagrun for example_external_task_marker_child to None, run_after=None
[2024-03-27T19:21:24.150+0000] {logging_mixin.py:120} INFO - [2024-03-27T19:21:24.150+0000] {dag.py:3340} INFO - Setting next_dagrun for example_external_task_marker_parent to None, run_after=None
[2024-03-27T19:21:24.161+0000] {processor.py:176} INFO - Processing /home/airflow/.local/lib/python3.7/site-packages/airflow/example_dags/example_external_task_marker_dag.py took 0.256 seconds
[2024-03-27T19:21:54.512+0000] {processor.py:154} INFO - Started process (PID=124) to work on /home/airflow/.local/lib/python3.7/site-packages/airflow/example_dags/example_external_task_marker_dag.py
[2024-03-27T19:21:54.513+0000] {processor.py:756} INFO - Processing file /home/airflow/.local/lib/python3.7/site-packages/airflow/example_dags/example_external_task_marker_dag.py for tasks to queue
[2024-03-27T19:21:54.514+0000] {logging_mixin.py:120} INFO - [2024-03-27T19:21:54.514+0000] {dagbag.py:537} INFO - Filling up the DagBag from /home/airflow/.local/lib/python3.7/site-packages/airflow/example_dags/example_external_task_marker_dag.py
[2024-03-27T19:21:54.544+0000] {processor.py:766} INFO - DAG(s) dict_keys(['example_external_task_marker_parent', 'example_external_task_marker_child']) retrieved from /home/airflow/.local/lib/python3.7/site-packages/airflow/example_dags/example_external_task_marker_dag.py
[2024-03-27T19:21:54.845+0000] {logging_mixin.py:120} INFO - [2024-03-27T19:21:54.844+0000] {dag.py:2585} INFO - Sync 2 DAGs
[2024-03-27T19:21:54.879+0000] {logging_mixin.py:120} INFO - [2024-03-27T19:21:54.879+0000] {dag.py:3340} INFO - Setting next_dagrun for example_external_task_marker_child to None, run_after=None
[2024-03-27T19:21:54.882+0000] {logging_mixin.py:120} INFO - [2024-03-27T19:21:54.882+0000] {dag.py:3340} INFO - Setting next_dagrun for example_external_task_marker_parent to None, run_after=None
[2024-03-27T19:21:54.902+0000] {processor.py:176} INFO - Processing /home/airflow/.local/lib/python3.7/site-packages/airflow/example_dags/example_external_task_marker_dag.py took 0.392 seconds
[2024-03-27T19:22:31.183+0000] {processor.py:154} INFO - Started process (PID=59) to work on /home/airflow/.local/lib/python3.7/site-packages/airflow/example_dags/example_external_task_marker_dag.py
[2024-03-27T19:22:31.184+0000] {processor.py:756} INFO - Processing file /home/airflow/.local/lib/python3.7/site-packages/airflow/example_dags/example_external_task_marker_dag.py for tasks to queue
[2024-03-27T19:22:31.184+0000] {logging_mixin.py:120} INFO - [2024-03-27T19:22:31.184+0000] {dagbag.py:537} INFO - Filling up the DagBag from /home/airflow/.local/lib/python3.7/site-packages/airflow/example_dags/example_external_task_marker_dag.py
[2024-03-27T19:22:31.196+0000] {processor.py:766} INFO - DAG(s) dict_keys(['example_external_task_marker_parent', 'example_external_task_marker_child']) retrieved from /home/airflow/.local/lib/python3.7/site-packages/airflow/example_dags/example_external_task_marker_dag.py
[2024-03-27T19:22:31.358+0000] {logging_mixin.py:120} INFO - [2024-03-27T19:22:31.357+0000] {dag.py:2585} INFO - Sync 2 DAGs
[2024-03-27T19:22:31.371+0000] {logging_mixin.py:120} INFO - [2024-03-27T19:22:31.371+0000] {dag.py:3340} INFO - Setting next_dagrun for example_external_task_marker_child to None, run_after=None
[2024-03-27T19:22:31.374+0000] {logging_mixin.py:120} INFO - [2024-03-27T19:22:31.373+0000] {dag.py:3340} INFO - Setting next_dagrun for example_external_task_marker_parent to None, run_after=None
[2024-03-27T19:22:31.384+0000] {processor.py:176} INFO - Processing /home/airflow/.local/lib/python3.7/site-packages/airflow/example_dags/example_external_task_marker_dag.py took 0.203 seconds
[2024-03-27T19:23:01.665+0000] {processor.py:154} INFO - Started process (PID=127) to work on /home/airflow/.local/lib/python3.7/site-packages/airflow/example_dags/example_external_task_marker_dag.py
[2024-03-27T19:23:01.669+0000] {processor.py:756} INFO - Processing file /home/airflow/.local/lib/python3.7/site-packages/airflow/example_dags/example_external_task_marker_dag.py for tasks to queue
[2024-03-27T19:23:01.669+0000] {logging_mixin.py:120} INFO - [2024-03-27T19:23:01.669+0000] {dagbag.py:537} INFO - Filling up the DagBag from /home/airflow/.local/lib/python3.7/site-packages/airflow/example_dags/example_external_task_marker_dag.py
[2024-03-27T19:23:01.676+0000] {processor.py:766} INFO - DAG(s) dict_keys(['example_external_task_marker_parent', 'example_external_task_marker_child']) retrieved from /home/airflow/.local/lib/python3.7/site-packages/airflow/example_dags/example_external_task_marker_dag.py
[2024-03-27T19:23:01.768+0000] {logging_mixin.py:120} INFO - [2024-03-27T19:23:01.768+0000] {dag.py:2585} INFO - Sync 2 DAGs
[2024-03-27T19:23:01.782+0000] {logging_mixin.py:120} INFO - [2024-03-27T19:23:01.782+0000] {dag.py:3340} INFO - Setting next_dagrun for example_external_task_marker_child to None, run_after=None
[2024-03-27T19:23:01.785+0000] {logging_mixin.py:120} INFO - [2024-03-27T19:23:01.785+0000] {dag.py:3340} INFO - Setting next_dagrun for example_external_task_marker_parent to None, run_after=None
[2024-03-27T19:23:01.794+0000] {processor.py:176} INFO - Processing /home/airflow/.local/lib/python3.7/site-packages/airflow/example_dags/example_external_task_marker_dag.py took 0.130 seconds
[2024-03-27T19:24:28.415+0000] {processor.py:154} INFO - Started process (PID=186) to work on /home/airflow/.local/lib/python3.7/site-packages/airflow/example_dags/example_external_task_marker_dag.py
[2024-03-27T19:24:28.416+0000] {processor.py:756} INFO - Processing file /home/airflow/.local/lib/python3.7/site-packages/airflow/example_dags/example_external_task_marker_dag.py for tasks to queue
[2024-03-27T19:24:28.417+0000] {logging_mixin.py:120} INFO - [2024-03-27T19:24:28.417+0000] {dagbag.py:537} INFO - Filling up the DagBag from /home/airflow/.local/lib/python3.7/site-packages/airflow/example_dags/example_external_task_marker_dag.py
[2024-03-27T19:24:28.426+0000] {processor.py:766} INFO - DAG(s) dict_keys(['example_external_task_marker_child', 'example_external_task_marker_parent']) retrieved from /home/airflow/.local/lib/python3.7/site-packages/airflow/example_dags/example_external_task_marker_dag.py
[2024-03-27T19:24:28.545+0000] {logging_mixin.py:120} INFO - [2024-03-27T19:24:28.545+0000] {dag.py:2585} INFO - Sync 2 DAGs
[2024-03-27T19:24:28.571+0000] {logging_mixin.py:120} INFO - [2024-03-27T19:24:28.571+0000] {dag.py:3340} INFO - Setting next_dagrun for example_external_task_marker_child to None, run_after=None
[2024-03-27T19:24:28.575+0000] {logging_mixin.py:120} INFO - [2024-03-27T19:24:28.575+0000] {dag.py:3340} INFO - Setting next_dagrun for example_external_task_marker_parent to None, run_after=None
[2024-03-27T19:24:28.593+0000] {processor.py:176} INFO - Processing /home/airflow/.local/lib/python3.7/site-packages/airflow/example_dags/example_external_task_marker_dag.py took 0.179 seconds
[2024-03-27T19:24:54.460+0000] {processor.py:154} INFO - Started process (PID=59) to work on /home/airflow/.local/lib/python3.7/site-packages/airflow/example_dags/example_external_task_marker_dag.py
[2024-03-27T19:24:54.463+0000] {processor.py:756} INFO - Processing file /home/airflow/.local/lib/python3.7/site-packages/airflow/example_dags/example_external_task_marker_dag.py for tasks to queue
[2024-03-27T19:24:54.465+0000] {logging_mixin.py:120} INFO - [2024-03-27T19:24:54.465+0000] {dagbag.py:537} INFO - Filling up the DagBag from /home/airflow/.local/lib/python3.7/site-packages/airflow/example_dags/example_external_task_marker_dag.py
[2024-03-27T19:24:54.502+0000] {processor.py:766} INFO - DAG(s) dict_keys(['example_external_task_marker_child', 'example_external_task_marker_parent']) retrieved from /home/airflow/.local/lib/python3.7/site-packages/airflow/example_dags/example_external_task_marker_dag.py
[2024-03-27T19:24:54.642+0000] {logging_mixin.py:120} INFO - [2024-03-27T19:24:54.642+0000] {dag.py:2585} INFO - Sync 2 DAGs
[2024-03-27T19:24:54.659+0000] {logging_mixin.py:120} INFO - [2024-03-27T19:24:54.659+0000] {dag.py:3340} INFO - Setting next_dagrun for example_external_task_marker_child to None, run_after=None
[2024-03-27T19:24:54.661+0000] {logging_mixin.py:120} INFO - [2024-03-27T19:24:54.661+0000] {dag.py:3340} INFO - Setting next_dagrun for example_external_task_marker_parent to None, run_after=None
[2024-03-27T19:24:54.672+0000] {processor.py:176} INFO - Processing /home/airflow/.local/lib/python3.7/site-packages/airflow/example_dags/example_external_task_marker_dag.py took 0.218 seconds
[2024-03-27T19:25:24.832+0000] {processor.py:154} INFO - Started process (PID=126) to work on /home/airflow/.local/lib/python3.7/site-packages/airflow/example_dags/example_external_task_marker_dag.py
[2024-03-27T19:25:24.832+0000] {processor.py:756} INFO - Processing file /home/airflow/.local/lib/python3.7/site-packages/airflow/example_dags/example_external_task_marker_dag.py for tasks to queue
[2024-03-27T19:25:24.833+0000] {logging_mixin.py:120} INFO - [2024-03-27T19:25:24.833+0000] {dagbag.py:537} INFO - Filling up the DagBag from /home/airflow/.local/lib/python3.7/site-packages/airflow/example_dags/example_external_task_marker_dag.py
[2024-03-27T19:25:24.840+0000] {processor.py:766} INFO - DAG(s) dict_keys(['example_external_task_marker_parent', 'example_external_task_marker_child']) retrieved from /home/airflow/.local/lib/python3.7/site-packages/airflow/example_dags/example_external_task_marker_dag.py
[2024-03-27T19:25:24.923+0000] {logging_mixin.py:120} INFO - [2024-03-27T19:25:24.923+0000] {dag.py:2585} INFO - Sync 2 DAGs
[2024-03-27T19:25:24.936+0000] {logging_mixin.py:120} INFO - [2024-03-27T19:25:24.936+0000] {dag.py:3340} INFO - Setting next_dagrun for example_external_task_marker_child to None, run_after=None
[2024-03-27T19:25:24.938+0000] {logging_mixin.py:120} INFO - [2024-03-27T19:25:24.938+0000] {dag.py:3340} INFO - Setting next_dagrun for example_external_task_marker_parent to None, run_after=None
[2024-03-27T19:25:24.946+0000] {processor.py:176} INFO - Processing /home/airflow/.local/lib/python3.7/site-packages/airflow/example_dags/example_external_task_marker_dag.py took 0.116 seconds
[2024-03-27T19:25:55.384+0000] {processor.py:154} INFO - Started process (PID=195) to work on /home/airflow/.local/lib/python3.7/site-packages/airflow/example_dags/example_external_task_marker_dag.py
[2024-03-27T19:25:55.384+0000] {processor.py:756} INFO - Processing file /home/airflow/.local/lib/python3.7/site-packages/airflow/example_dags/example_external_task_marker_dag.py for tasks to queue
[2024-03-27T19:25:55.385+0000] {logging_mixin.py:120} INFO - [2024-03-27T19:25:55.385+0000] {dagbag.py:537} INFO - Filling up the DagBag from /home/airflow/.local/lib/python3.7/site-packages/airflow/example_dags/example_external_task_marker_dag.py
[2024-03-27T19:25:55.392+0000] {processor.py:766} INFO - DAG(s) dict_keys(['example_external_task_marker_parent', 'example_external_task_marker_child']) retrieved from /home/airflow/.local/lib/python3.7/site-packages/airflow/example_dags/example_external_task_marker_dag.py
[2024-03-27T19:25:55.520+0000] {logging_mixin.py:120} INFO - [2024-03-27T19:25:55.520+0000] {dag.py:2585} INFO - Sync 2 DAGs
[2024-03-27T19:25:55.534+0000] {logging_mixin.py:120} INFO - [2024-03-27T19:25:55.534+0000] {dag.py:3340} INFO - Setting next_dagrun for example_external_task_marker_child to None, run_after=None
[2024-03-27T19:25:55.535+0000] {logging_mixin.py:120} INFO - [2024-03-27T19:25:55.535+0000] {dag.py:3340} INFO - Setting next_dagrun for example_external_task_marker_parent to None, run_after=None
[2024-03-27T19:25:55.543+0000] {processor.py:176} INFO - Processing /home/airflow/.local/lib/python3.7/site-packages/airflow/example_dags/example_external_task_marker_dag.py took 0.161 seconds
[2024-03-27T19:26:25.714+0000] {processor.py:154} INFO - Started process (PID=261) to work on /home/airflow/.local/lib/python3.7/site-packages/airflow/example_dags/example_external_task_marker_dag.py
[2024-03-27T19:26:25.715+0000] {processor.py:756} INFO - Processing file /home/airflow/.local/lib/python3.7/site-packages/airflow/example_dags/example_external_task_marker_dag.py for tasks to queue
[2024-03-27T19:26:25.715+0000] {logging_mixin.py:120} INFO - [2024-03-27T19:26:25.715+0000] {dagbag.py:537} INFO - Filling up the DagBag from /home/airflow/.local/lib/python3.7/site-packages/airflow/example_dags/example_external_task_marker_dag.py
[2024-03-27T19:26:25.723+0000] {processor.py:766} INFO - DAG(s) dict_keys(['example_external_task_marker_child', 'example_external_task_marker_parent']) retrieved from /home/airflow/.local/lib/python3.7/site-packages/airflow/example_dags/example_external_task_marker_dag.py
[2024-03-27T19:26:25.850+0000] {logging_mixin.py:120} INFO - [2024-03-27T19:26:25.850+0000] {dag.py:2585} INFO - Sync 2 DAGs
[2024-03-27T19:26:25.863+0000] {logging_mixin.py:120} INFO - [2024-03-27T19:26:25.863+0000] {dag.py:3340} INFO - Setting next_dagrun for example_external_task_marker_child to None, run_after=None
[2024-03-27T19:26:25.865+0000] {logging_mixin.py:120} INFO - [2024-03-27T19:26:25.865+0000] {dag.py:3340} INFO - Setting next_dagrun for example_external_task_marker_parent to None, run_after=None
[2024-03-27T19:26:25.877+0000] {processor.py:176} INFO - Processing /home/airflow/.local/lib/python3.7/site-packages/airflow/example_dags/example_external_task_marker_dag.py took 0.165 seconds
[2024-03-27T19:26:57.317+0000] {processor.py:154} INFO - Started process (PID=60) to work on /home/airflow/.local/lib/python3.7/site-packages/airflow/example_dags/example_external_task_marker_dag.py
[2024-03-27T19:26:57.318+0000] {processor.py:756} INFO - Processing file /home/airflow/.local/lib/python3.7/site-packages/airflow/example_dags/example_external_task_marker_dag.py for tasks to queue
[2024-03-27T19:26:57.319+0000] {logging_mixin.py:120} INFO - [2024-03-27T19:26:57.319+0000] {dagbag.py:537} INFO - Filling up the DagBag from /home/airflow/.local/lib/python3.7/site-packages/airflow/example_dags/example_external_task_marker_dag.py
[2024-03-27T19:26:57.327+0000] {processor.py:766} INFO - DAG(s) dict_keys(['example_external_task_marker_child', 'example_external_task_marker_parent']) retrieved from /home/airflow/.local/lib/python3.7/site-packages/airflow/example_dags/example_external_task_marker_dag.py
[2024-03-27T19:26:57.425+0000] {logging_mixin.py:120} INFO - [2024-03-27T19:26:57.425+0000] {dag.py:2585} INFO - Sync 2 DAGs
[2024-03-27T19:26:57.437+0000] {logging_mixin.py:120} INFO - [2024-03-27T19:26:57.437+0000] {dag.py:3340} INFO - Setting next_dagrun for example_external_task_marker_child to None, run_after=None
[2024-03-27T19:26:57.439+0000] {logging_mixin.py:120} INFO - [2024-03-27T19:26:57.439+0000] {dag.py:3340} INFO - Setting next_dagrun for example_external_task_marker_parent to None, run_after=None
[2024-03-27T19:26:57.448+0000] {processor.py:176} INFO - Processing /home/airflow/.local/lib/python3.7/site-packages/airflow/example_dags/example_external_task_marker_dag.py took 0.133 seconds
[2024-03-27T19:27:27.601+0000] {processor.py:154} INFO - Started process (PID=127) to work on /home/airflow/.local/lib/python3.7/site-packages/airflow/example_dags/example_external_task_marker_dag.py
[2024-03-27T19:27:27.601+0000] {processor.py:756} INFO - Processing file /home/airflow/.local/lib/python3.7/site-packages/airflow/example_dags/example_external_task_marker_dag.py for tasks to queue
[2024-03-27T19:27:27.602+0000] {logging_mixin.py:120} INFO - [2024-03-27T19:27:27.602+0000] {dagbag.py:537} INFO - Filling up the DagBag from /home/airflow/.local/lib/python3.7/site-packages/airflow/example_dags/example_external_task_marker_dag.py
[2024-03-27T19:27:27.613+0000] {processor.py:766} INFO - DAG(s) dict_keys(['example_external_task_marker_parent', 'example_external_task_marker_child']) retrieved from /home/airflow/.local/lib/python3.7/site-packages/airflow/example_dags/example_external_task_marker_dag.py
[2024-03-27T19:27:27.701+0000] {logging_mixin.py:120} INFO - [2024-03-27T19:27:27.701+0000] {dag.py:2585} INFO - Sync 2 DAGs
[2024-03-27T19:27:27.713+0000] {logging_mixin.py:120} INFO - [2024-03-27T19:27:27.713+0000] {dag.py:3340} INFO - Setting next_dagrun for example_external_task_marker_child to None, run_after=None
[2024-03-27T19:27:27.715+0000] {logging_mixin.py:120} INFO - [2024-03-27T19:27:27.715+0000] {dag.py:3340} INFO - Setting next_dagrun for example_external_task_marker_parent to None, run_after=None
[2024-03-27T19:27:27.724+0000] {processor.py:176} INFO - Processing /home/airflow/.local/lib/python3.7/site-packages/airflow/example_dags/example_external_task_marker_dag.py took 0.125 seconds
[2024-03-27T19:28:23.446+0000] {processor.py:154} INFO - Started process (PID=235) to work on /home/airflow/.local/lib/python3.7/site-packages/airflow/example_dags/example_external_task_marker_dag.py
[2024-03-27T19:28:23.451+0000] {processor.py:756} INFO - Processing file /home/airflow/.local/lib/python3.7/site-packages/airflow/example_dags/example_external_task_marker_dag.py for tasks to queue
[2024-03-27T19:28:23.454+0000] {logging_mixin.py:120} INFO - [2024-03-27T19:28:23.453+0000] {dagbag.py:537} INFO - Filling up the DagBag from /home/airflow/.local/lib/python3.7/site-packages/airflow/example_dags/example_external_task_marker_dag.py
[2024-03-27T19:28:23.496+0000] {processor.py:766} INFO - DAG(s) dict_keys(['example_external_task_marker_parent', 'example_external_task_marker_child']) retrieved from /home/airflow/.local/lib/python3.7/site-packages/airflow/example_dags/example_external_task_marker_dag.py
[2024-03-27T19:28:24.392+0000] {logging_mixin.py:120} INFO - [2024-03-27T19:28:24.391+0000] {dag.py:2585} INFO - Sync 2 DAGs
[2024-03-27T19:28:31.456+0000] {logging_mixin.py:120} INFO - [2024-03-27T19:28:31.451+0000] {dag.py:3340} INFO - Setting next_dagrun for example_external_task_marker_child to None, run_after=None
[2024-03-27T19:28:31.478+0000] {logging_mixin.py:120} INFO - [2024-03-27T19:28:31.478+0000] {dag.py:3340} INFO - Setting next_dagrun for example_external_task_marker_parent to None, run_after=None
[2024-03-27T19:28:31.536+0000] {processor.py:176} INFO - Processing /home/airflow/.local/lib/python3.7/site-packages/airflow/example_dags/example_external_task_marker_dag.py took 8.250 seconds
[2024-03-27T19:29:02.474+0000] {processor.py:154} INFO - Started process (PID=295) to work on /home/airflow/.local/lib/python3.7/site-packages/airflow/example_dags/example_external_task_marker_dag.py
[2024-03-27T19:29:02.566+0000] {processor.py:756} INFO - Processing file /home/airflow/.local/lib/python3.7/site-packages/airflow/example_dags/example_external_task_marker_dag.py for tasks to queue
[2024-03-27T19:29:02.569+0000] {logging_mixin.py:120} INFO - [2024-03-27T19:29:02.569+0000] {dagbag.py:537} INFO - Filling up the DagBag from /home/airflow/.local/lib/python3.7/site-packages/airflow/example_dags/example_external_task_marker_dag.py
[2024-03-27T19:29:02.687+0000] {processor.py:766} INFO - DAG(s) dict_keys(['example_external_task_marker_child', 'example_external_task_marker_parent']) retrieved from /home/airflow/.local/lib/python3.7/site-packages/airflow/example_dags/example_external_task_marker_dag.py
[2024-03-27T19:29:06.282+0000] {logging_mixin.py:120} INFO - [2024-03-27T19:29:06.282+0000] {dag.py:2585} INFO - Sync 2 DAGs
[2024-03-27T19:29:06.374+0000] {logging_mixin.py:120} INFO - [2024-03-27T19:29:06.373+0000] {dag.py:3340} INFO - Setting next_dagrun for example_external_task_marker_child to None, run_after=None
[2024-03-27T19:29:06.385+0000] {logging_mixin.py:120} INFO - [2024-03-27T19:29:06.384+0000] {dag.py:3340} INFO - Setting next_dagrun for example_external_task_marker_parent to None, run_after=None
[2024-03-27T19:29:06.412+0000] {processor.py:176} INFO - Processing /home/airflow/.local/lib/python3.7/site-packages/airflow/example_dags/example_external_task_marker_dag.py took 3.969 seconds
[2024-03-27T19:29:37.636+0000] {processor.py:154} INFO - Started process (PID=368) to work on /home/airflow/.local/lib/python3.7/site-packages/airflow/example_dags/example_external_task_marker_dag.py
[2024-03-27T19:29:37.638+0000] {processor.py:756} INFO - Processing file /home/airflow/.local/lib/python3.7/site-packages/airflow/example_dags/example_external_task_marker_dag.py for tasks to queue
[2024-03-27T19:29:37.639+0000] {logging_mixin.py:120} INFO - [2024-03-27T19:29:37.639+0000] {dagbag.py:537} INFO - Filling up the DagBag from /home/airflow/.local/lib/python3.7/site-packages/airflow/example_dags/example_external_task_marker_dag.py
[2024-03-27T19:29:37.667+0000] {processor.py:766} INFO - DAG(s) dict_keys(['example_external_task_marker_child', 'example_external_task_marker_parent']) retrieved from /home/airflow/.local/lib/python3.7/site-packages/airflow/example_dags/example_external_task_marker_dag.py
[2024-03-27T19:29:38.628+0000] {logging_mixin.py:120} INFO - [2024-03-27T19:29:38.625+0000] {dag.py:2585} INFO - Sync 2 DAGs
[2024-03-27T19:29:54.933+0000] {logging_mixin.py:120} INFO - [2024-03-27T19:29:54.922+0000] {dag.py:3340} INFO - Setting next_dagrun for example_external_task_marker_child to None, run_after=None
[2024-03-27T19:29:54.966+0000] {logging_mixin.py:120} INFO - [2024-03-27T19:29:54.965+0000] {dag.py:3340} INFO - Setting next_dagrun for example_external_task_marker_parent to None, run_after=None
[2024-03-27T19:29:55.056+0000] {processor.py:176} INFO - Processing /home/airflow/.local/lib/python3.7/site-packages/airflow/example_dags/example_external_task_marker_dag.py took 17.423 seconds
[2024-03-27T19:30:25.193+0000] {processor.py:154} INFO - Started process (PID=432) to work on /home/airflow/.local/lib/python3.7/site-packages/airflow/example_dags/example_external_task_marker_dag.py
[2024-03-27T19:30:25.194+0000] {processor.py:756} INFO - Processing file /home/airflow/.local/lib/python3.7/site-packages/airflow/example_dags/example_external_task_marker_dag.py for tasks to queue
[2024-03-27T19:30:25.195+0000] {logging_mixin.py:120} INFO - [2024-03-27T19:30:25.195+0000] {dagbag.py:537} INFO - Filling up the DagBag from /home/airflow/.local/lib/python3.7/site-packages/airflow/example_dags/example_external_task_marker_dag.py
[2024-03-27T19:30:25.234+0000] {processor.py:766} INFO - DAG(s) dict_keys(['example_external_task_marker_child', 'example_external_task_marker_parent']) retrieved from /home/airflow/.local/lib/python3.7/site-packages/airflow/example_dags/example_external_task_marker_dag.py
[2024-03-27T19:30:28.138+0000] {logging_mixin.py:120} INFO - [2024-03-27T19:30:28.131+0000] {dag.py:2585} INFO - Sync 2 DAGs
[2024-03-27T19:30:28.181+0000] {logging_mixin.py:120} INFO - [2024-03-27T19:30:28.181+0000] {dag.py:3340} INFO - Setting next_dagrun for example_external_task_marker_child to None, run_after=None
[2024-03-27T19:30:28.187+0000] {logging_mixin.py:120} INFO - [2024-03-27T19:30:28.187+0000] {dag.py:3340} INFO - Setting next_dagrun for example_external_task_marker_parent to None, run_after=None
[2024-03-27T19:30:28.209+0000] {processor.py:176} INFO - Processing /home/airflow/.local/lib/python3.7/site-packages/airflow/example_dags/example_external_task_marker_dag.py took 3.025 seconds
[2024-03-27T19:31:20.121+0000] {processor.py:154} INFO - Started process (PID=491) to work on /home/airflow/.local/lib/python3.7/site-packages/airflow/example_dags/example_external_task_marker_dag.py
[2024-03-27T19:31:20.122+0000] {processor.py:756} INFO - Processing file /home/airflow/.local/lib/python3.7/site-packages/airflow/example_dags/example_external_task_marker_dag.py for tasks to queue
[2024-03-27T19:31:20.122+0000] {logging_mixin.py:120} INFO - [2024-03-27T19:31:20.122+0000] {dagbag.py:537} INFO - Filling up the DagBag from /home/airflow/.local/lib/python3.7/site-packages/airflow/example_dags/example_external_task_marker_dag.py
[2024-03-27T19:31:20.160+0000] {processor.py:766} INFO - DAG(s) dict_keys(['example_external_task_marker_child', 'example_external_task_marker_parent']) retrieved from /home/airflow/.local/lib/python3.7/site-packages/airflow/example_dags/example_external_task_marker_dag.py
[2024-03-27T19:31:21.630+0000] {logging_mixin.py:120} INFO - [2024-03-27T19:31:21.630+0000] {dag.py:2585} INFO - Sync 2 DAGs
[2024-03-27T19:31:21.700+0000] {logging_mixin.py:120} INFO - [2024-03-27T19:31:21.699+0000] {dag.py:3340} INFO - Setting next_dagrun for example_external_task_marker_child to None, run_after=None
[2024-03-27T19:31:21.706+0000] {logging_mixin.py:120} INFO - [2024-03-27T19:31:21.706+0000] {dag.py:3340} INFO - Setting next_dagrun for example_external_task_marker_parent to None, run_after=None
[2024-03-27T19:31:21.757+0000] {processor.py:176} INFO - Processing /home/airflow/.local/lib/python3.7/site-packages/airflow/example_dags/example_external_task_marker_dag.py took 1.639 seconds
[2024-03-27T19:31:53.148+0000] {processor.py:154} INFO - Started process (PID=545) to work on /home/airflow/.local/lib/python3.7/site-packages/airflow/example_dags/example_external_task_marker_dag.py
[2024-03-27T19:31:53.150+0000] {processor.py:756} INFO - Processing file /home/airflow/.local/lib/python3.7/site-packages/airflow/example_dags/example_external_task_marker_dag.py for tasks to queue
[2024-03-27T19:31:53.152+0000] {logging_mixin.py:120} INFO - [2024-03-27T19:31:53.152+0000] {dagbag.py:537} INFO - Filling up the DagBag from /home/airflow/.local/lib/python3.7/site-packages/airflow/example_dags/example_external_task_marker_dag.py
[2024-03-27T19:31:53.172+0000] {processor.py:766} INFO - DAG(s) dict_keys(['example_external_task_marker_child', 'example_external_task_marker_parent']) retrieved from /home/airflow/.local/lib/python3.7/site-packages/airflow/example_dags/example_external_task_marker_dag.py
[2024-03-27T19:32:01.024+0000] {logging_mixin.py:120} INFO - [2024-03-27T19:32:01.024+0000] {dag.py:2585} INFO - Sync 2 DAGs
[2024-03-27T19:32:01.063+0000] {logging_mixin.py:120} INFO - [2024-03-27T19:32:01.063+0000] {dag.py:3340} INFO - Setting next_dagrun for example_external_task_marker_child to None, run_after=None
[2024-03-27T19:32:01.070+0000] {logging_mixin.py:120} INFO - [2024-03-27T19:32:01.070+0000] {dag.py:3340} INFO - Setting next_dagrun for example_external_task_marker_parent to None, run_after=None
[2024-03-27T19:32:01.111+0000] {processor.py:176} INFO - Processing /home/airflow/.local/lib/python3.7/site-packages/airflow/example_dags/example_external_task_marker_dag.py took 7.968 seconds
[2024-03-27T19:32:53.178+0000] {processor.py:154} INFO - Started process (PID=631) to work on /home/airflow/.local/lib/python3.7/site-packages/airflow/example_dags/example_external_task_marker_dag.py
[2024-03-27T19:32:53.179+0000] {processor.py:756} INFO - Processing file /home/airflow/.local/lib/python3.7/site-packages/airflow/example_dags/example_external_task_marker_dag.py for tasks to queue
[2024-03-27T19:32:53.180+0000] {logging_mixin.py:120} INFO - [2024-03-27T19:32:53.180+0000] {dagbag.py:537} INFO - Filling up the DagBag from /home/airflow/.local/lib/python3.7/site-packages/airflow/example_dags/example_external_task_marker_dag.py
[2024-03-27T19:32:53.191+0000] {processor.py:766} INFO - DAG(s) dict_keys(['example_external_task_marker_parent', 'example_external_task_marker_child']) retrieved from /home/airflow/.local/lib/python3.7/site-packages/airflow/example_dags/example_external_task_marker_dag.py
[2024-03-27T19:32:53.321+0000] {logging_mixin.py:120} INFO - [2024-03-27T19:32:53.321+0000] {dag.py:2585} INFO - Sync 2 DAGs
[2024-03-27T19:32:53.344+0000] {logging_mixin.py:120} INFO - [2024-03-27T19:32:53.344+0000] {dag.py:3340} INFO - Setting next_dagrun for example_external_task_marker_child to None, run_after=None
[2024-03-27T19:32:53.347+0000] {logging_mixin.py:120} INFO - [2024-03-27T19:32:53.347+0000] {dag.py:3340} INFO - Setting next_dagrun for example_external_task_marker_parent to None, run_after=None
[2024-03-27T19:32:53.371+0000] {processor.py:176} INFO - Processing /home/airflow/.local/lib/python3.7/site-packages/airflow/example_dags/example_external_task_marker_dag.py took 0.195 seconds
[2024-03-27T19:33:23.514+0000] {processor.py:154} INFO - Started process (PID=683) to work on /home/airflow/.local/lib/python3.7/site-packages/airflow/example_dags/example_external_task_marker_dag.py
[2024-03-27T19:33:23.515+0000] {processor.py:756} INFO - Processing file /home/airflow/.local/lib/python3.7/site-packages/airflow/example_dags/example_external_task_marker_dag.py for tasks to queue
[2024-03-27T19:33:23.517+0000] {logging_mixin.py:120} INFO - [2024-03-27T19:33:23.517+0000] {dagbag.py:537} INFO - Filling up the DagBag from /home/airflow/.local/lib/python3.7/site-packages/airflow/example_dags/example_external_task_marker_dag.py
[2024-03-27T19:33:23.532+0000] {processor.py:766} INFO - DAG(s) dict_keys(['example_external_task_marker_child', 'example_external_task_marker_parent']) retrieved from /home/airflow/.local/lib/python3.7/site-packages/airflow/example_dags/example_external_task_marker_dag.py
[2024-03-27T19:33:23.673+0000] {logging_mixin.py:120} INFO - [2024-03-27T19:33:23.673+0000] {dag.py:2585} INFO - Sync 2 DAGs
[2024-03-27T19:33:23.688+0000] {logging_mixin.py:120} INFO - [2024-03-27T19:33:23.688+0000] {dag.py:3340} INFO - Setting next_dagrun for example_external_task_marker_child to None, run_after=None
[2024-03-27T19:33:23.690+0000] {logging_mixin.py:120} INFO - [2024-03-27T19:33:23.690+0000] {dag.py:3340} INFO - Setting next_dagrun for example_external_task_marker_parent to None, run_after=None
[2024-03-27T19:33:23.699+0000] {processor.py:176} INFO - Processing /home/airflow/.local/lib/python3.7/site-packages/airflow/example_dags/example_external_task_marker_dag.py took 0.187 seconds
[2024-03-27T19:34:12.424+0000] {processor.py:154} INFO - Started process (PID=755) to work on /home/airflow/.local/lib/python3.7/site-packages/airflow/example_dags/example_external_task_marker_dag.py
[2024-03-27T19:34:12.426+0000] {processor.py:756} INFO - Processing file /home/airflow/.local/lib/python3.7/site-packages/airflow/example_dags/example_external_task_marker_dag.py for tasks to queue
[2024-03-27T19:34:12.427+0000] {logging_mixin.py:120} INFO - [2024-03-27T19:34:12.427+0000] {dagbag.py:537} INFO - Filling up the DagBag from /home/airflow/.local/lib/python3.7/site-packages/airflow/example_dags/example_external_task_marker_dag.py
[2024-03-27T19:34:12.450+0000] {processor.py:766} INFO - DAG(s) dict_keys(['example_external_task_marker_parent', 'example_external_task_marker_child']) retrieved from /home/airflow/.local/lib/python3.7/site-packages/airflow/example_dags/example_external_task_marker_dag.py
[2024-03-27T19:34:12.804+0000] {logging_mixin.py:120} INFO - [2024-03-27T19:34:12.804+0000] {dag.py:2585} INFO - Sync 2 DAGs
[2024-03-27T19:34:12.853+0000] {logging_mixin.py:120} INFO - [2024-03-27T19:34:12.853+0000] {dag.py:3340} INFO - Setting next_dagrun for example_external_task_marker_child to None, run_after=None
[2024-03-27T19:34:12.863+0000] {logging_mixin.py:120} INFO - [2024-03-27T19:34:12.863+0000] {dag.py:3340} INFO - Setting next_dagrun for example_external_task_marker_parent to None, run_after=None
[2024-03-27T19:34:12.913+0000] {processor.py:176} INFO - Processing /home/airflow/.local/lib/python3.7/site-packages/airflow/example_dags/example_external_task_marker_dag.py took 0.494 seconds
[2024-03-27T19:34:43.928+0000] {processor.py:154} INFO - Started process (PID=817) to work on /home/airflow/.local/lib/python3.7/site-packages/airflow/example_dags/example_external_task_marker_dag.py
[2024-03-27T19:34:43.933+0000] {processor.py:756} INFO - Processing file /home/airflow/.local/lib/python3.7/site-packages/airflow/example_dags/example_external_task_marker_dag.py for tasks to queue
[2024-03-27T19:34:43.935+0000] {logging_mixin.py:120} INFO - [2024-03-27T19:34:43.935+0000] {dagbag.py:537} INFO - Filling up the DagBag from /home/airflow/.local/lib/python3.7/site-packages/airflow/example_dags/example_external_task_marker_dag.py
[2024-03-27T19:34:43.963+0000] {processor.py:766} INFO - DAG(s) dict_keys(['example_external_task_marker_parent', 'example_external_task_marker_child']) retrieved from /home/airflow/.local/lib/python3.7/site-packages/airflow/example_dags/example_external_task_marker_dag.py
[2024-03-27T19:34:44.731+0000] {logging_mixin.py:120} INFO - [2024-03-27T19:34:44.729+0000] {dag.py:2585} INFO - Sync 2 DAGs
[2024-03-27T19:34:44.796+0000] {logging_mixin.py:120} INFO - [2024-03-27T19:34:44.796+0000] {dag.py:3340} INFO - Setting next_dagrun for example_external_task_marker_child to None, run_after=None
[2024-03-27T19:34:44.808+0000] {logging_mixin.py:120} INFO - [2024-03-27T19:34:44.808+0000] {dag.py:3340} INFO - Setting next_dagrun for example_external_task_marker_parent to None, run_after=None
[2024-03-27T19:34:44.848+0000] {processor.py:176} INFO - Processing /home/airflow/.local/lib/python3.7/site-packages/airflow/example_dags/example_external_task_marker_dag.py took 0.923 seconds
[2024-03-27T19:35:19.744+0000] {processor.py:154} INFO - Started process (PID=867) to work on /home/airflow/.local/lib/python3.7/site-packages/airflow/example_dags/example_external_task_marker_dag.py
[2024-03-27T19:35:19.749+0000] {processor.py:756} INFO - Processing file /home/airflow/.local/lib/python3.7/site-packages/airflow/example_dags/example_external_task_marker_dag.py for tasks to queue
[2024-03-27T19:35:19.750+0000] {logging_mixin.py:120} INFO - [2024-03-27T19:35:19.750+0000] {dagbag.py:537} INFO - Filling up the DagBag from /home/airflow/.local/lib/python3.7/site-packages/airflow/example_dags/example_external_task_marker_dag.py
[2024-03-27T19:35:19.772+0000] {processor.py:766} INFO - DAG(s) dict_keys(['example_external_task_marker_parent', 'example_external_task_marker_child']) retrieved from /home/airflow/.local/lib/python3.7/site-packages/airflow/example_dags/example_external_task_marker_dag.py
[2024-03-27T19:35:20.008+0000] {logging_mixin.py:120} INFO - [2024-03-27T19:35:20.007+0000] {dag.py:2585} INFO - Sync 2 DAGs
[2024-03-27T19:35:20.031+0000] {logging_mixin.py:120} INFO - [2024-03-27T19:35:20.031+0000] {dag.py:3340} INFO - Setting next_dagrun for example_external_task_marker_child to None, run_after=None
[2024-03-27T19:35:20.034+0000] {logging_mixin.py:120} INFO - [2024-03-27T19:35:20.034+0000] {dag.py:3340} INFO - Setting next_dagrun for example_external_task_marker_parent to None, run_after=None
[2024-03-27T19:35:20.071+0000] {processor.py:176} INFO - Processing /home/airflow/.local/lib/python3.7/site-packages/airflow/example_dags/example_external_task_marker_dag.py took 0.329 seconds
[2024-03-27T19:36:15.922+0000] {processor.py:154} INFO - Started process (PID=934) to work on /home/airflow/.local/lib/python3.7/site-packages/airflow/example_dags/example_external_task_marker_dag.py
[2024-03-27T19:36:15.923+0000] {processor.py:756} INFO - Processing file /home/airflow/.local/lib/python3.7/site-packages/airflow/example_dags/example_external_task_marker_dag.py for tasks to queue
[2024-03-27T19:36:15.924+0000] {logging_mixin.py:120} INFO - [2024-03-27T19:36:15.924+0000] {dagbag.py:537} INFO - Filling up the DagBag from /home/airflow/.local/lib/python3.7/site-packages/airflow/example_dags/example_external_task_marker_dag.py
[2024-03-27T19:36:15.954+0000] {processor.py:766} INFO - DAG(s) dict_keys(['example_external_task_marker_parent', 'example_external_task_marker_child']) retrieved from /home/airflow/.local/lib/python3.7/site-packages/airflow/example_dags/example_external_task_marker_dag.py
[2024-03-27T19:36:16.194+0000] {logging_mixin.py:120} INFO - [2024-03-27T19:36:16.194+0000] {dag.py:2585} INFO - Sync 2 DAGs
[2024-03-27T19:36:16.238+0000] {logging_mixin.py:120} INFO - [2024-03-27T19:36:16.238+0000] {dag.py:3340} INFO - Setting next_dagrun for example_external_task_marker_child to None, run_after=None
[2024-03-27T19:36:16.243+0000] {logging_mixin.py:120} INFO - [2024-03-27T19:36:16.243+0000] {dag.py:3340} INFO - Setting next_dagrun for example_external_task_marker_parent to None, run_after=None
[2024-03-27T19:36:16.264+0000] {processor.py:176} INFO - Processing /home/airflow/.local/lib/python3.7/site-packages/airflow/example_dags/example_external_task_marker_dag.py took 0.354 seconds
[2024-03-27T19:37:12.960+0000] {processor.py:154} INFO - Started process (PID=68) to work on /home/airflow/.local/lib/python3.7/site-packages/airflow/example_dags/example_external_task_marker_dag.py
[2024-03-27T19:37:12.964+0000] {processor.py:756} INFO - Processing file /home/airflow/.local/lib/python3.7/site-packages/airflow/example_dags/example_external_task_marker_dag.py for tasks to queue
[2024-03-27T19:37:12.964+0000] {logging_mixin.py:120} INFO - [2024-03-27T19:37:12.964+0000] {dagbag.py:537} INFO - Filling up the DagBag from /home/airflow/.local/lib/python3.7/site-packages/airflow/example_dags/example_external_task_marker_dag.py
[2024-03-27T19:37:13.016+0000] {processor.py:766} INFO - DAG(s) dict_keys(['example_external_task_marker_parent', 'example_external_task_marker_child']) retrieved from /home/airflow/.local/lib/python3.7/site-packages/airflow/example_dags/example_external_task_marker_dag.py
[2024-03-27T19:37:14.444+0000] {logging_mixin.py:120} INFO - [2024-03-27T19:37:14.443+0000] {dag.py:2585} INFO - Sync 2 DAGs
[2024-03-27T19:37:14.519+0000] {logging_mixin.py:120} INFO - [2024-03-27T19:37:14.518+0000] {dag.py:3340} INFO - Setting next_dagrun for example_external_task_marker_child to None, run_after=None
[2024-03-27T19:37:14.526+0000] {logging_mixin.py:120} INFO - [2024-03-27T19:37:14.526+0000] {dag.py:3340} INFO - Setting next_dagrun for example_external_task_marker_parent to None, run_after=None
[2024-03-27T19:37:14.556+0000] {processor.py:176} INFO - Processing /home/airflow/.local/lib/python3.7/site-packages/airflow/example_dags/example_external_task_marker_dag.py took 1.600 seconds
[2024-03-27T19:37:45.294+0000] {processor.py:154} INFO - Started process (PID=128) to work on /home/airflow/.local/lib/python3.7/site-packages/airflow/example_dags/example_external_task_marker_dag.py
[2024-03-27T19:37:45.296+0000] {processor.py:756} INFO - Processing file /home/airflow/.local/lib/python3.7/site-packages/airflow/example_dags/example_external_task_marker_dag.py for tasks to queue
[2024-03-27T19:37:45.297+0000] {logging_mixin.py:120} INFO - [2024-03-27T19:37:45.297+0000] {dagbag.py:537} INFO - Filling up the DagBag from /home/airflow/.local/lib/python3.7/site-packages/airflow/example_dags/example_external_task_marker_dag.py
[2024-03-27T19:37:45.326+0000] {processor.py:766} INFO - DAG(s) dict_keys(['example_external_task_marker_child', 'example_external_task_marker_parent']) retrieved from /home/airflow/.local/lib/python3.7/site-packages/airflow/example_dags/example_external_task_marker_dag.py
[2024-03-27T19:37:45.636+0000] {logging_mixin.py:120} INFO - [2024-03-27T19:37:45.636+0000] {dag.py:2585} INFO - Sync 2 DAGs
[2024-03-27T19:37:45.673+0000] {logging_mixin.py:120} INFO - [2024-03-27T19:37:45.673+0000] {dag.py:3340} INFO - Setting next_dagrun for example_external_task_marker_child to None, run_after=None
[2024-03-27T19:37:45.678+0000] {logging_mixin.py:120} INFO - [2024-03-27T19:37:45.678+0000] {dag.py:3340} INFO - Setting next_dagrun for example_external_task_marker_parent to None, run_after=None
[2024-03-27T19:37:45.709+0000] {processor.py:176} INFO - Processing /home/airflow/.local/lib/python3.7/site-packages/airflow/example_dags/example_external_task_marker_dag.py took 0.423 seconds
[2024-03-27T19:38:27.737+0000] {processor.py:154} INFO - Started process (PID=68) to work on /home/airflow/.local/lib/python3.7/site-packages/airflow/example_dags/example_external_task_marker_dag.py
[2024-03-27T19:38:27.741+0000] {processor.py:756} INFO - Processing file /home/airflow/.local/lib/python3.7/site-packages/airflow/example_dags/example_external_task_marker_dag.py for tasks to queue
[2024-03-27T19:38:27.745+0000] {logging_mixin.py:120} INFO - [2024-03-27T19:38:27.745+0000] {dagbag.py:537} INFO - Filling up the DagBag from /home/airflow/.local/lib/python3.7/site-packages/airflow/example_dags/example_external_task_marker_dag.py
[2024-03-27T19:38:27.811+0000] {processor.py:766} INFO - DAG(s) dict_keys(['example_external_task_marker_parent', 'example_external_task_marker_child']) retrieved from /home/airflow/.local/lib/python3.7/site-packages/airflow/example_dags/example_external_task_marker_dag.py
[2024-03-27T19:38:28.158+0000] {logging_mixin.py:120} INFO - [2024-03-27T19:38:28.158+0000] {dag.py:2585} INFO - Sync 2 DAGs
[2024-03-27T19:38:28.190+0000] {logging_mixin.py:120} INFO - [2024-03-27T19:38:28.190+0000] {dag.py:3340} INFO - Setting next_dagrun for example_external_task_marker_child to None, run_after=None
[2024-03-27T19:38:28.194+0000] {logging_mixin.py:120} INFO - [2024-03-27T19:38:28.194+0000] {dag.py:3340} INFO - Setting next_dagrun for example_external_task_marker_parent to None, run_after=None
[2024-03-27T19:38:28.225+0000] {processor.py:176} INFO - Processing /home/airflow/.local/lib/python3.7/site-packages/airflow/example_dags/example_external_task_marker_dag.py took 0.502 seconds
[2024-03-27T19:39:52.204+0000] {processor.py:154} INFO - Started process (PID=78) to work on /home/airflow/.local/lib/python3.7/site-packages/airflow/example_dags/example_external_task_marker_dag.py
[2024-03-27T19:39:52.205+0000] {processor.py:756} INFO - Processing file /home/airflow/.local/lib/python3.7/site-packages/airflow/example_dags/example_external_task_marker_dag.py for tasks to queue
[2024-03-27T19:39:52.206+0000] {logging_mixin.py:120} INFO - [2024-03-27T19:39:52.206+0000] {dagbag.py:537} INFO - Filling up the DagBag from /home/airflow/.local/lib/python3.7/site-packages/airflow/example_dags/example_external_task_marker_dag.py
[2024-03-27T19:39:52.229+0000] {processor.py:766} INFO - DAG(s) dict_keys(['example_external_task_marker_parent', 'example_external_task_marker_child']) retrieved from /home/airflow/.local/lib/python3.7/site-packages/airflow/example_dags/example_external_task_marker_dag.py
[2024-03-27T19:39:52.444+0000] {logging_mixin.py:120} INFO - [2024-03-27T19:39:52.444+0000] {dag.py:2585} INFO - Sync 2 DAGs
[2024-03-27T19:39:52.465+0000] {logging_mixin.py:120} INFO - [2024-03-27T19:39:52.465+0000] {dag.py:3340} INFO - Setting next_dagrun for example_external_task_marker_child to None, run_after=None
[2024-03-27T19:39:52.469+0000] {logging_mixin.py:120} INFO - [2024-03-27T19:39:52.469+0000] {dag.py:3340} INFO - Setting next_dagrun for example_external_task_marker_parent to None, run_after=None
[2024-03-27T19:39:52.485+0000] {processor.py:176} INFO - Processing /home/airflow/.local/lib/python3.7/site-packages/airflow/example_dags/example_external_task_marker_dag.py took 0.284 seconds
[2024-03-27T19:40:32.154+0000] {processor.py:154} INFO - Started process (PID=136) to work on /home/airflow/.local/lib/python3.7/site-packages/airflow/example_dags/example_external_task_marker_dag.py
[2024-03-27T19:40:32.158+0000] {processor.py:756} INFO - Processing file /home/airflow/.local/lib/python3.7/site-packages/airflow/example_dags/example_external_task_marker_dag.py for tasks to queue
[2024-03-27T19:40:32.159+0000] {logging_mixin.py:120} INFO - [2024-03-27T19:40:32.159+0000] {dagbag.py:537} INFO - Filling up the DagBag from /home/airflow/.local/lib/python3.7/site-packages/airflow/example_dags/example_external_task_marker_dag.py
[2024-03-27T19:40:32.190+0000] {processor.py:766} INFO - DAG(s) dict_keys(['example_external_task_marker_parent', 'example_external_task_marker_child']) retrieved from /home/airflow/.local/lib/python3.7/site-packages/airflow/example_dags/example_external_task_marker_dag.py
[2024-03-27T19:40:32.372+0000] {logging_mixin.py:120} INFO - [2024-03-27T19:40:32.372+0000] {dag.py:2585} INFO - Sync 2 DAGs
[2024-03-27T19:40:32.410+0000] {logging_mixin.py:120} INFO - [2024-03-27T19:40:32.410+0000] {dag.py:3340} INFO - Setting next_dagrun for example_external_task_marker_child to None, run_after=None
[2024-03-27T19:40:32.414+0000] {logging_mixin.py:120} INFO - [2024-03-27T19:40:32.414+0000] {dag.py:3340} INFO - Setting next_dagrun for example_external_task_marker_parent to None, run_after=None
[2024-03-27T19:40:32.434+0000] {processor.py:176} INFO - Processing /home/airflow/.local/lib/python3.7/site-packages/airflow/example_dags/example_external_task_marker_dag.py took 0.290 seconds
[2024-03-27T19:41:08.533+0000] {processor.py:154} INFO - Started process (PID=187) to work on /home/airflow/.local/lib/python3.7/site-packages/airflow/example_dags/example_external_task_marker_dag.py
[2024-03-27T19:41:08.534+0000] {processor.py:756} INFO - Processing file /home/airflow/.local/lib/python3.7/site-packages/airflow/example_dags/example_external_task_marker_dag.py for tasks to queue
[2024-03-27T19:41:08.534+0000] {logging_mixin.py:120} INFO - [2024-03-27T19:41:08.534+0000] {dagbag.py:537} INFO - Filling up the DagBag from /home/airflow/.local/lib/python3.7/site-packages/airflow/example_dags/example_external_task_marker_dag.py
[2024-03-27T19:41:08.549+0000] {processor.py:766} INFO - DAG(s) dict_keys(['example_external_task_marker_child', 'example_external_task_marker_parent']) retrieved from /home/airflow/.local/lib/python3.7/site-packages/airflow/example_dags/example_external_task_marker_dag.py
[2024-03-27T19:41:08.727+0000] {logging_mixin.py:120} INFO - [2024-03-27T19:41:08.727+0000] {dag.py:2585} INFO - Sync 2 DAGs
[2024-03-27T19:41:08.745+0000] {logging_mixin.py:120} INFO - [2024-03-27T19:41:08.745+0000] {dag.py:3340} INFO - Setting next_dagrun for example_external_task_marker_child to None, run_after=None
[2024-03-27T19:41:08.747+0000] {logging_mixin.py:120} INFO - [2024-03-27T19:41:08.747+0000] {dag.py:3340} INFO - Setting next_dagrun for example_external_task_marker_parent to None, run_after=None
[2024-03-27T19:41:08.773+0000] {processor.py:176} INFO - Processing /home/airflow/.local/lib/python3.7/site-packages/airflow/example_dags/example_external_task_marker_dag.py took 0.243 seconds
[2024-03-27T19:41:39.931+0000] {processor.py:154} INFO - Started process (PID=68) to work on /home/airflow/.local/lib/python3.7/site-packages/airflow/example_dags/example_external_task_marker_dag.py
[2024-03-27T19:41:39.932+0000] {processor.py:756} INFO - Processing file /home/airflow/.local/lib/python3.7/site-packages/airflow/example_dags/example_external_task_marker_dag.py for tasks to queue
[2024-03-27T19:41:39.932+0000] {logging_mixin.py:120} INFO - [2024-03-27T19:41:39.932+0000] {dagbag.py:537} INFO - Filling up the DagBag from /home/airflow/.local/lib/python3.7/site-packages/airflow/example_dags/example_external_task_marker_dag.py
[2024-03-27T19:41:39.945+0000] {processor.py:766} INFO - DAG(s) dict_keys(['example_external_task_marker_parent', 'example_external_task_marker_child']) retrieved from /home/airflow/.local/lib/python3.7/site-packages/airflow/example_dags/example_external_task_marker_dag.py
[2024-03-27T19:41:40.083+0000] {logging_mixin.py:120} INFO - [2024-03-27T19:41:40.083+0000] {dag.py:2585} INFO - Sync 2 DAGs
[2024-03-27T19:41:40.101+0000] {logging_mixin.py:120} INFO - [2024-03-27T19:41:40.101+0000] {dag.py:3340} INFO - Setting next_dagrun for example_external_task_marker_child to None, run_after=None
[2024-03-27T19:41:40.104+0000] {logging_mixin.py:120} INFO - [2024-03-27T19:41:40.104+0000] {dag.py:3340} INFO - Setting next_dagrun for example_external_task_marker_parent to None, run_after=None
[2024-03-27T19:41:40.118+0000] {processor.py:176} INFO - Processing /home/airflow/.local/lib/python3.7/site-packages/airflow/example_dags/example_external_task_marker_dag.py took 0.189 seconds
[2024-03-27T19:42:11.334+0000] {processor.py:154} INFO - Started process (PID=118) to work on /home/airflow/.local/lib/python3.7/site-packages/airflow/example_dags/example_external_task_marker_dag.py
[2024-03-27T19:42:11.335+0000] {processor.py:756} INFO - Processing file /home/airflow/.local/lib/python3.7/site-packages/airflow/example_dags/example_external_task_marker_dag.py for tasks to queue
[2024-03-27T19:42:11.336+0000] {logging_mixin.py:120} INFO - [2024-03-27T19:42:11.336+0000] {dagbag.py:537} INFO - Filling up the DagBag from /home/airflow/.local/lib/python3.7/site-packages/airflow/example_dags/example_external_task_marker_dag.py
[2024-03-27T19:42:11.348+0000] {processor.py:766} INFO - DAG(s) dict_keys(['example_external_task_marker_parent', 'example_external_task_marker_child']) retrieved from /home/airflow/.local/lib/python3.7/site-packages/airflow/example_dags/example_external_task_marker_dag.py
[2024-03-27T19:42:11.462+0000] {logging_mixin.py:120} INFO - [2024-03-27T19:42:11.462+0000] {dag.py:2585} INFO - Sync 2 DAGs
[2024-03-27T19:42:11.481+0000] {logging_mixin.py:120} INFO - [2024-03-27T19:42:11.481+0000] {dag.py:3340} INFO - Setting next_dagrun for example_external_task_marker_child to None, run_after=None
[2024-03-27T19:42:11.483+0000] {logging_mixin.py:120} INFO - [2024-03-27T19:42:11.483+0000] {dag.py:3340} INFO - Setting next_dagrun for example_external_task_marker_parent to None, run_after=None
[2024-03-27T19:42:11.494+0000] {processor.py:176} INFO - Processing /home/airflow/.local/lib/python3.7/site-packages/airflow/example_dags/example_external_task_marker_dag.py took 0.162 seconds
[2024-03-27T19:42:51.299+0000] {processor.py:154} INFO - Started process (PID=178) to work on /home/airflow/.local/lib/python3.7/site-packages/airflow/example_dags/example_external_task_marker_dag.py
[2024-03-27T19:42:51.302+0000] {processor.py:756} INFO - Processing file /home/airflow/.local/lib/python3.7/site-packages/airflow/example_dags/example_external_task_marker_dag.py for tasks to queue
[2024-03-27T19:42:51.303+0000] {logging_mixin.py:120} INFO - [2024-03-27T19:42:51.303+0000] {dagbag.py:537} INFO - Filling up the DagBag from /home/airflow/.local/lib/python3.7/site-packages/airflow/example_dags/example_external_task_marker_dag.py
[2024-03-27T19:42:51.341+0000] {processor.py:766} INFO - DAG(s) dict_keys(['example_external_task_marker_child', 'example_external_task_marker_parent']) retrieved from /home/airflow/.local/lib/python3.7/site-packages/airflow/example_dags/example_external_task_marker_dag.py
[2024-03-27T19:44:28.270+0000] {processor.py:154} INFO - Started process (PID=69) to work on /home/airflow/.local/lib/python3.7/site-packages/airflow/example_dags/example_external_task_marker_dag.py
[2024-03-27T19:44:28.271+0000] {processor.py:756} INFO - Processing file /home/airflow/.local/lib/python3.7/site-packages/airflow/example_dags/example_external_task_marker_dag.py for tasks to queue
[2024-03-27T19:44:28.272+0000] {logging_mixin.py:120} INFO - [2024-03-27T19:44:28.272+0000] {dagbag.py:537} INFO - Filling up the DagBag from /home/airflow/.local/lib/python3.7/site-packages/airflow/example_dags/example_external_task_marker_dag.py
[2024-03-27T19:44:28.295+0000] {processor.py:766} INFO - DAG(s) dict_keys(['example_external_task_marker_parent', 'example_external_task_marker_child']) retrieved from /home/airflow/.local/lib/python3.7/site-packages/airflow/example_dags/example_external_task_marker_dag.py
[2024-03-27T19:44:36.378+0000] {logging_mixin.py:120} INFO - [2024-03-27T19:44:36.366+0000] {dag.py:2585} INFO - Sync 2 DAGs
[2024-03-27T19:44:36.498+0000] {logging_mixin.py:120} INFO - [2024-03-27T19:44:36.498+0000] {dag.py:3340} INFO - Setting next_dagrun for example_external_task_marker_child to None, run_after=None
[2024-03-27T19:44:36.517+0000] {logging_mixin.py:120} INFO - [2024-03-27T19:44:36.517+0000] {dag.py:3340} INFO - Setting next_dagrun for example_external_task_marker_parent to None, run_after=None
[2024-03-27T19:44:36.592+0000] {processor.py:176} INFO - Processing /home/airflow/.local/lib/python3.7/site-packages/airflow/example_dags/example_external_task_marker_dag.py took 8.324 seconds
[2024-03-27T19:45:22.454+0000] {processor.py:154} INFO - Started process (PID=128) to work on /home/airflow/.local/lib/python3.7/site-packages/airflow/example_dags/example_external_task_marker_dag.py
[2024-03-27T19:45:22.456+0000] {processor.py:756} INFO - Processing file /home/airflow/.local/lib/python3.7/site-packages/airflow/example_dags/example_external_task_marker_dag.py for tasks to queue
[2024-03-27T19:45:22.458+0000] {logging_mixin.py:120} INFO - [2024-03-27T19:45:22.458+0000] {dagbag.py:537} INFO - Filling up the DagBag from /home/airflow/.local/lib/python3.7/site-packages/airflow/example_dags/example_external_task_marker_dag.py
[2024-03-27T19:45:22.492+0000] {processor.py:766} INFO - DAG(s) dict_keys(['example_external_task_marker_parent', 'example_external_task_marker_child']) retrieved from /home/airflow/.local/lib/python3.7/site-packages/airflow/example_dags/example_external_task_marker_dag.py
[2024-03-27T19:45:22.747+0000] {logging_mixin.py:120} INFO - [2024-03-27T19:45:22.747+0000] {dag.py:2585} INFO - Sync 2 DAGs
[2024-03-27T19:45:22.772+0000] {logging_mixin.py:120} INFO - [2024-03-27T19:45:22.772+0000] {dag.py:3340} INFO - Setting next_dagrun for example_external_task_marker_child to None, run_after=None
[2024-03-27T19:45:22.775+0000] {logging_mixin.py:120} INFO - [2024-03-27T19:45:22.775+0000] {dag.py:3340} INFO - Setting next_dagrun for example_external_task_marker_parent to None, run_after=None
[2024-03-27T19:45:22.786+0000] {processor.py:176} INFO - Processing /home/airflow/.local/lib/python3.7/site-packages/airflow/example_dags/example_external_task_marker_dag.py took 0.337 seconds
[2024-03-27T19:46:40.792+0000] {processor.py:154} INFO - Started process (PID=81) to work on /home/airflow/.local/lib/python3.7/site-packages/airflow/example_dags/example_external_task_marker_dag.py
[2024-03-27T19:46:40.795+0000] {processor.py:756} INFO - Processing file /home/airflow/.local/lib/python3.7/site-packages/airflow/example_dags/example_external_task_marker_dag.py for tasks to queue
[2024-03-27T19:46:40.796+0000] {logging_mixin.py:120} INFO - [2024-03-27T19:46:40.796+0000] {dagbag.py:537} INFO - Filling up the DagBag from /home/airflow/.local/lib/python3.7/site-packages/airflow/example_dags/example_external_task_marker_dag.py
[2024-03-27T19:46:40.816+0000] {processor.py:766} INFO - DAG(s) dict_keys(['example_external_task_marker_parent', 'example_external_task_marker_child']) retrieved from /home/airflow/.local/lib/python3.7/site-packages/airflow/example_dags/example_external_task_marker_dag.py
[2024-03-27T19:46:41.229+0000] {logging_mixin.py:120} INFO - [2024-03-27T19:46:41.229+0000] {dag.py:2585} INFO - Sync 2 DAGs
[2024-03-27T19:46:41.278+0000] {logging_mixin.py:120} INFO - [2024-03-27T19:46:41.278+0000] {dag.py:3340} INFO - Setting next_dagrun for example_external_task_marker_child to None, run_after=None
[2024-03-27T19:46:41.285+0000] {logging_mixin.py:120} INFO - [2024-03-27T19:46:41.285+0000] {dag.py:3340} INFO - Setting next_dagrun for example_external_task_marker_parent to None, run_after=None
[2024-03-27T19:46:41.315+0000] {processor.py:176} INFO - Processing /home/airflow/.local/lib/python3.7/site-packages/airflow/example_dags/example_external_task_marker_dag.py took 0.527 seconds
[2024-03-27T19:47:25.380+0000] {processor.py:154} INFO - Started process (PID=136) to work on /home/airflow/.local/lib/python3.7/site-packages/airflow/example_dags/example_external_task_marker_dag.py
[2024-03-27T19:47:25.393+0000] {processor.py:756} INFO - Processing file /home/airflow/.local/lib/python3.7/site-packages/airflow/example_dags/example_external_task_marker_dag.py for tasks to queue
[2024-03-27T19:47:25.394+0000] {logging_mixin.py:120} INFO - [2024-03-27T19:47:25.394+0000] {dagbag.py:537} INFO - Filling up the DagBag from /home/airflow/.local/lib/python3.7/site-packages/airflow/example_dags/example_external_task_marker_dag.py
[2024-03-27T19:47:25.445+0000] {processor.py:766} INFO - DAG(s) dict_keys(['example_external_task_marker_parent', 'example_external_task_marker_child']) retrieved from /home/airflow/.local/lib/python3.7/site-packages/airflow/example_dags/example_external_task_marker_dag.py
[2024-03-27T19:47:26.170+0000] {logging_mixin.py:120} INFO - [2024-03-27T19:47:26.169+0000] {dag.py:2585} INFO - Sync 2 DAGs
[2024-03-27T19:47:26.221+0000] {logging_mixin.py:120} INFO - [2024-03-27T19:47:26.221+0000] {dag.py:3340} INFO - Setting next_dagrun for example_external_task_marker_child to None, run_after=None
[2024-03-27T19:47:26.226+0000] {logging_mixin.py:120} INFO - [2024-03-27T19:47:26.226+0000] {dag.py:3340} INFO - Setting next_dagrun for example_external_task_marker_parent to None, run_after=None
[2024-03-27T19:47:26.251+0000] {processor.py:176} INFO - Processing /home/airflow/.local/lib/python3.7/site-packages/airflow/example_dags/example_external_task_marker_dag.py took 0.575 seconds
[2024-03-27T19:47:47.456+0000] {processor.py:154} INFO - Started process (PID=68) to work on /home/airflow/.local/lib/python3.7/site-packages/airflow/example_dags/example_external_task_marker_dag.py
[2024-03-27T19:47:47.457+0000] {processor.py:756} INFO - Processing file /home/airflow/.local/lib/python3.7/site-packages/airflow/example_dags/example_external_task_marker_dag.py for tasks to queue
[2024-03-27T19:47:47.457+0000] {logging_mixin.py:120} INFO - [2024-03-27T19:47:47.457+0000] {dagbag.py:537} INFO - Filling up the DagBag from /home/airflow/.local/lib/python3.7/site-packages/airflow/example_dags/example_external_task_marker_dag.py
[2024-03-27T19:47:47.467+0000] {processor.py:766} INFO - DAG(s) dict_keys(['example_external_task_marker_parent', 'example_external_task_marker_child']) retrieved from /home/airflow/.local/lib/python3.7/site-packages/airflow/example_dags/example_external_task_marker_dag.py
[2024-03-27T19:47:47.629+0000] {logging_mixin.py:120} INFO - [2024-03-27T19:47:47.629+0000] {dag.py:2585} INFO - Sync 2 DAGs
[2024-03-27T19:47:47.645+0000] {logging_mixin.py:120} INFO - [2024-03-27T19:47:47.645+0000] {dag.py:3340} INFO - Setting next_dagrun for example_external_task_marker_child to None, run_after=None
[2024-03-27T19:47:47.647+0000] {logging_mixin.py:120} INFO - [2024-03-27T19:47:47.647+0000] {dag.py:3340} INFO - Setting next_dagrun for example_external_task_marker_parent to None, run_after=None
[2024-03-27T19:47:47.661+0000] {processor.py:176} INFO - Processing /home/airflow/.local/lib/python3.7/site-packages/airflow/example_dags/example_external_task_marker_dag.py took 0.207 seconds
[2024-03-27T19:48:36.065+0000] {processor.py:154} INFO - Started process (PID=125) to work on /home/airflow/.local/lib/python3.7/site-packages/airflow/example_dags/example_external_task_marker_dag.py
[2024-03-27T19:48:36.066+0000] {processor.py:756} INFO - Processing file /home/airflow/.local/lib/python3.7/site-packages/airflow/example_dags/example_external_task_marker_dag.py for tasks to queue
[2024-03-27T19:48:36.069+0000] {logging_mixin.py:120} INFO - [2024-03-27T19:48:36.069+0000] {dagbag.py:537} INFO - Filling up the DagBag from /home/airflow/.local/lib/python3.7/site-packages/airflow/example_dags/example_external_task_marker_dag.py
[2024-03-27T19:48:36.098+0000] {processor.py:766} INFO - DAG(s) dict_keys(['example_external_task_marker_child', 'example_external_task_marker_parent']) retrieved from /home/airflow/.local/lib/python3.7/site-packages/airflow/example_dags/example_external_task_marker_dag.py
[2024-03-27T19:48:36.402+0000] {logging_mixin.py:120} INFO - [2024-03-27T19:48:36.402+0000] {dag.py:2585} INFO - Sync 2 DAGs
[2024-03-27T19:48:36.435+0000] {logging_mixin.py:120} INFO - [2024-03-27T19:48:36.435+0000] {dag.py:3340} INFO - Setting next_dagrun for example_external_task_marker_child to None, run_after=None
[2024-03-27T19:48:36.441+0000] {logging_mixin.py:120} INFO - [2024-03-27T19:48:36.441+0000] {dag.py:3340} INFO - Setting next_dagrun for example_external_task_marker_parent to None, run_after=None
[2024-03-27T19:48:36.463+0000] {processor.py:176} INFO - Processing /home/airflow/.local/lib/python3.7/site-packages/airflow/example_dags/example_external_task_marker_dag.py took 0.412 seconds
[2024-03-27T19:49:27.265+0000] {processor.py:154} INFO - Started process (PID=69) to work on /home/airflow/.local/lib/python3.7/site-packages/airflow/example_dags/example_external_task_marker_dag.py
[2024-03-27T19:49:27.266+0000] {processor.py:756} INFO - Processing file /home/airflow/.local/lib/python3.7/site-packages/airflow/example_dags/example_external_task_marker_dag.py for tasks to queue
[2024-03-27T19:49:27.266+0000] {logging_mixin.py:120} INFO - [2024-03-27T19:49:27.266+0000] {dagbag.py:537} INFO - Filling up the DagBag from /home/airflow/.local/lib/python3.7/site-packages/airflow/example_dags/example_external_task_marker_dag.py
[2024-03-27T19:49:27.280+0000] {processor.py:766} INFO - DAG(s) dict_keys(['example_external_task_marker_child', 'example_external_task_marker_parent']) retrieved from /home/airflow/.local/lib/python3.7/site-packages/airflow/example_dags/example_external_task_marker_dag.py
[2024-03-27T19:49:27.437+0000] {logging_mixin.py:120} INFO - [2024-03-27T19:49:27.437+0000] {dag.py:2585} INFO - Sync 2 DAGs
[2024-03-27T19:49:27.453+0000] {logging_mixin.py:120} INFO - [2024-03-27T19:49:27.453+0000] {dag.py:3340} INFO - Setting next_dagrun for example_external_task_marker_child to None, run_after=None
[2024-03-27T19:49:27.456+0000] {logging_mixin.py:120} INFO - [2024-03-27T19:49:27.456+0000] {dag.py:3340} INFO - Setting next_dagrun for example_external_task_marker_parent to None, run_after=None
[2024-03-27T19:49:27.481+0000] {processor.py:176} INFO - Processing /home/airflow/.local/lib/python3.7/site-packages/airflow/example_dags/example_external_task_marker_dag.py took 0.218 seconds
[2024-03-27T19:50:01.947+0000] {processor.py:154} INFO - Started process (PID=127) to work on /home/airflow/.local/lib/python3.7/site-packages/airflow/example_dags/example_external_task_marker_dag.py
[2024-03-27T19:50:01.948+0000] {processor.py:756} INFO - Processing file /home/airflow/.local/lib/python3.7/site-packages/airflow/example_dags/example_external_task_marker_dag.py for tasks to queue
[2024-03-27T19:50:01.949+0000] {logging_mixin.py:120} INFO - [2024-03-27T19:50:01.949+0000] {dagbag.py:537} INFO - Filling up the DagBag from /home/airflow/.local/lib/python3.7/site-packages/airflow/example_dags/example_external_task_marker_dag.py
[2024-03-27T19:50:01.964+0000] {processor.py:766} INFO - DAG(s) dict_keys(['example_external_task_marker_child', 'example_external_task_marker_parent']) retrieved from /home/airflow/.local/lib/python3.7/site-packages/airflow/example_dags/example_external_task_marker_dag.py
[2024-03-27T19:50:02.089+0000] {logging_mixin.py:120} INFO - [2024-03-27T19:50:02.089+0000] {dag.py:2585} INFO - Sync 2 DAGs
[2024-03-27T19:50:02.109+0000] {logging_mixin.py:120} INFO - [2024-03-27T19:50:02.109+0000] {dag.py:3340} INFO - Setting next_dagrun for example_external_task_marker_child to None, run_after=None
[2024-03-27T19:50:02.112+0000] {logging_mixin.py:120} INFO - [2024-03-27T19:50:02.112+0000] {dag.py:3340} INFO - Setting next_dagrun for example_external_task_marker_parent to None, run_after=None
[2024-03-27T19:50:02.125+0000] {processor.py:176} INFO - Processing /home/airflow/.local/lib/python3.7/site-packages/airflow/example_dags/example_external_task_marker_dag.py took 0.180 seconds
[2024-03-27T19:54:22.705+0000] {processor.py:154} INFO - Started process (PID=61) to work on /home/airflow/.local/lib/python3.7/site-packages/airflow/example_dags/example_external_task_marker_dag.py
[2024-03-27T19:54:22.707+0000] {processor.py:756} INFO - Processing file /home/airflow/.local/lib/python3.7/site-packages/airflow/example_dags/example_external_task_marker_dag.py for tasks to queue
[2024-03-27T19:54:22.709+0000] {logging_mixin.py:120} INFO - [2024-03-27T19:54:22.709+0000] {dagbag.py:537} INFO - Filling up the DagBag from /home/airflow/.local/lib/python3.7/site-packages/airflow/example_dags/example_external_task_marker_dag.py
[2024-03-27T19:54:22.732+0000] {processor.py:766} INFO - DAG(s) dict_keys(['example_external_task_marker_child', 'example_external_task_marker_parent']) retrieved from /home/airflow/.local/lib/python3.7/site-packages/airflow/example_dags/example_external_task_marker_dag.py
[2024-03-27T19:54:22.998+0000] {logging_mixin.py:120} INFO - [2024-03-27T19:54:22.998+0000] {dag.py:2585} INFO - Sync 2 DAGs
[2024-03-27T19:54:23.018+0000] {logging_mixin.py:120} INFO - [2024-03-27T19:54:23.017+0000] {dag.py:3340} INFO - Setting next_dagrun for example_external_task_marker_child to None, run_after=None
[2024-03-27T19:54:23.020+0000] {logging_mixin.py:120} INFO - [2024-03-27T19:54:23.020+0000] {dag.py:3340} INFO - Setting next_dagrun for example_external_task_marker_parent to None, run_after=None
[2024-03-27T19:54:23.034+0000] {processor.py:176} INFO - Processing /home/airflow/.local/lib/python3.7/site-packages/airflow/example_dags/example_external_task_marker_dag.py took 0.334 seconds
