[2024-03-27T19:09:49.645+0000] {processor.py:154} INFO - Started process (PID=58) to work on /home/airflow/.local/lib/python3.7/site-packages/airflow/example_dags/example_time_delta_sensor_async.py
[2024-03-27T19:09:49.647+0000] {processor.py:756} INFO - Processing file /home/airflow/.local/lib/python3.7/site-packages/airflow/example_dags/example_time_delta_sensor_async.py for tasks to queue
[2024-03-27T19:09:49.647+0000] {logging_mixin.py:120} INFO - [2024-03-27T19:09:49.647+0000] {dagbag.py:537} INFO - Filling up the DagBag from /home/airflow/.local/lib/python3.7/site-packages/airflow/example_dags/example_time_delta_sensor_async.py
[2024-03-27T19:09:49.665+0000] {processor.py:766} INFO - DAG(s) dict_keys(['example_time_delta_sensor_async']) retrieved from /home/airflow/.local/lib/python3.7/site-packages/airflow/example_dags/example_time_delta_sensor_async.py
[2024-03-27T19:09:50.163+0000] {logging_mixin.py:120} INFO - [2024-03-27T19:09:50.163+0000] {dag.py:2585} INFO - Sync 1 DAGs
[2024-03-27T19:09:50.210+0000] {logging_mixin.py:120} INFO - [2024-03-27T19:09:50.210+0000] {dag.py:3340} INFO - Setting next_dagrun for example_time_delta_sensor_async to None, run_after=None
[2024-03-27T19:09:50.235+0000] {processor.py:176} INFO - Processing /home/airflow/.local/lib/python3.7/site-packages/airflow/example_dags/example_time_delta_sensor_async.py took 0.594 seconds
[2024-03-27T19:10:20.747+0000] {processor.py:154} INFO - Started process (PID=125) to work on /home/airflow/.local/lib/python3.7/site-packages/airflow/example_dags/example_time_delta_sensor_async.py
[2024-03-27T19:10:20.747+0000] {processor.py:756} INFO - Processing file /home/airflow/.local/lib/python3.7/site-packages/airflow/example_dags/example_time_delta_sensor_async.py for tasks to queue
[2024-03-27T19:10:20.748+0000] {logging_mixin.py:120} INFO - [2024-03-27T19:10:20.748+0000] {dagbag.py:537} INFO - Filling up the DagBag from /home/airflow/.local/lib/python3.7/site-packages/airflow/example_dags/example_time_delta_sensor_async.py
[2024-03-27T19:10:20.768+0000] {processor.py:766} INFO - DAG(s) dict_keys(['example_time_delta_sensor_async']) retrieved from /home/airflow/.local/lib/python3.7/site-packages/airflow/example_dags/example_time_delta_sensor_async.py
[2024-03-27T19:10:21.016+0000] {logging_mixin.py:120} INFO - [2024-03-27T19:10:21.016+0000] {dag.py:2585} INFO - Sync 1 DAGs
[2024-03-27T19:10:21.034+0000] {logging_mixin.py:120} INFO - [2024-03-27T19:10:21.034+0000] {dag.py:3340} INFO - Setting next_dagrun for example_time_delta_sensor_async to None, run_after=None
[2024-03-27T19:10:21.046+0000] {processor.py:176} INFO - Processing /home/airflow/.local/lib/python3.7/site-packages/airflow/example_dags/example_time_delta_sensor_async.py took 0.301 seconds
[2024-03-27T19:10:39.644+0000] {processor.py:154} INFO - Started process (PID=49) to work on /home/airflow/.local/lib/python3.7/site-packages/airflow/example_dags/example_time_delta_sensor_async.py
[2024-03-27T19:10:39.645+0000] {processor.py:756} INFO - Processing file /home/airflow/.local/lib/python3.7/site-packages/airflow/example_dags/example_time_delta_sensor_async.py for tasks to queue
[2024-03-27T19:10:39.646+0000] {logging_mixin.py:120} INFO - [2024-03-27T19:10:39.646+0000] {dagbag.py:537} INFO - Filling up the DagBag from /home/airflow/.local/lib/python3.7/site-packages/airflow/example_dags/example_time_delta_sensor_async.py
[2024-03-27T19:10:39.661+0000] {processor.py:766} INFO - DAG(s) dict_keys(['example_time_delta_sensor_async']) retrieved from /home/airflow/.local/lib/python3.7/site-packages/airflow/example_dags/example_time_delta_sensor_async.py
[2024-03-27T19:10:40.151+0000] {logging_mixin.py:120} INFO - [2024-03-27T19:10:40.150+0000] {dag.py:2585} INFO - Sync 1 DAGs
[2024-03-27T19:10:40.257+0000] {logging_mixin.py:120} INFO - [2024-03-27T19:10:40.256+0000] {dag.py:3340} INFO - Setting next_dagrun for example_time_delta_sensor_async to None, run_after=None
[2024-03-27T19:10:40.469+0000] {processor.py:176} INFO - Processing /home/airflow/.local/lib/python3.7/site-packages/airflow/example_dags/example_time_delta_sensor_async.py took 0.828 seconds
[2024-03-27T19:11:13.720+0000] {processor.py:154} INFO - Started process (PID=106) to work on /home/airflow/.local/lib/python3.7/site-packages/airflow/example_dags/example_time_delta_sensor_async.py
[2024-03-27T19:11:13.722+0000] {processor.py:756} INFO - Processing file /home/airflow/.local/lib/python3.7/site-packages/airflow/example_dags/example_time_delta_sensor_async.py for tasks to queue
[2024-03-27T19:11:13.723+0000] {logging_mixin.py:120} INFO - [2024-03-27T19:11:13.722+0000] {dagbag.py:537} INFO - Filling up the DagBag from /home/airflow/.local/lib/python3.7/site-packages/airflow/example_dags/example_time_delta_sensor_async.py
[2024-03-27T19:11:13.744+0000] {processor.py:766} INFO - DAG(s) dict_keys(['example_time_delta_sensor_async']) retrieved from /home/airflow/.local/lib/python3.7/site-packages/airflow/example_dags/example_time_delta_sensor_async.py
[2024-03-27T19:11:14.088+0000] {logging_mixin.py:120} INFO - [2024-03-27T19:11:14.088+0000] {dag.py:2585} INFO - Sync 1 DAGs
[2024-03-27T19:11:14.142+0000] {logging_mixin.py:120} INFO - [2024-03-27T19:11:14.141+0000] {dag.py:3340} INFO - Setting next_dagrun for example_time_delta_sensor_async to None, run_after=None
[2024-03-27T19:11:14.228+0000] {processor.py:176} INFO - Processing /home/airflow/.local/lib/python3.7/site-packages/airflow/example_dags/example_time_delta_sensor_async.py took 0.513 seconds
[2024-03-27T19:11:46.227+0000] {processor.py:154} INFO - Started process (PID=160) to work on /home/airflow/.local/lib/python3.7/site-packages/airflow/example_dags/example_time_delta_sensor_async.py
[2024-03-27T19:11:46.228+0000] {processor.py:756} INFO - Processing file /home/airflow/.local/lib/python3.7/site-packages/airflow/example_dags/example_time_delta_sensor_async.py for tasks to queue
[2024-03-27T19:11:46.231+0000] {logging_mixin.py:120} INFO - [2024-03-27T19:11:46.231+0000] {dagbag.py:537} INFO - Filling up the DagBag from /home/airflow/.local/lib/python3.7/site-packages/airflow/example_dags/example_time_delta_sensor_async.py
[2024-03-27T19:11:46.255+0000] {processor.py:766} INFO - DAG(s) dict_keys(['example_time_delta_sensor_async']) retrieved from /home/airflow/.local/lib/python3.7/site-packages/airflow/example_dags/example_time_delta_sensor_async.py
[2024-03-27T19:11:46.843+0000] {logging_mixin.py:120} INFO - [2024-03-27T19:11:46.843+0000] {dag.py:2585} INFO - Sync 1 DAGs
[2024-03-27T19:11:46.908+0000] {logging_mixin.py:120} INFO - [2024-03-27T19:11:46.908+0000] {dag.py:3340} INFO - Setting next_dagrun for example_time_delta_sensor_async to None, run_after=None
[2024-03-27T19:11:46.943+0000] {processor.py:176} INFO - Processing /home/airflow/.local/lib/python3.7/site-packages/airflow/example_dags/example_time_delta_sensor_async.py took 0.724 seconds
[2024-03-27T19:12:20.850+0000] {processor.py:154} INFO - Started process (PID=59) to work on /home/airflow/.local/lib/python3.7/site-packages/airflow/example_dags/example_time_delta_sensor_async.py
[2024-03-27T19:12:20.851+0000] {processor.py:756} INFO - Processing file /home/airflow/.local/lib/python3.7/site-packages/airflow/example_dags/example_time_delta_sensor_async.py for tasks to queue
[2024-03-27T19:12:20.851+0000] {logging_mixin.py:120} INFO - [2024-03-27T19:12:20.851+0000] {dagbag.py:537} INFO - Filling up the DagBag from /home/airflow/.local/lib/python3.7/site-packages/airflow/example_dags/example_time_delta_sensor_async.py
[2024-03-27T19:12:20.861+0000] {processor.py:766} INFO - DAG(s) dict_keys(['example_time_delta_sensor_async']) retrieved from /home/airflow/.local/lib/python3.7/site-packages/airflow/example_dags/example_time_delta_sensor_async.py
[2024-03-27T19:12:20.972+0000] {logging_mixin.py:120} INFO - [2024-03-27T19:12:20.972+0000] {dag.py:2585} INFO - Sync 1 DAGs
[2024-03-27T19:12:20.989+0000] {logging_mixin.py:120} INFO - [2024-03-27T19:12:20.989+0000] {dag.py:3340} INFO - Setting next_dagrun for example_time_delta_sensor_async to None, run_after=None
[2024-03-27T19:12:21.000+0000] {processor.py:176} INFO - Processing /home/airflow/.local/lib/python3.7/site-packages/airflow/example_dags/example_time_delta_sensor_async.py took 0.152 seconds
[2024-03-27T19:12:51.833+0000] {processor.py:154} INFO - Started process (PID=109) to work on /home/airflow/.local/lib/python3.7/site-packages/airflow/example_dags/example_time_delta_sensor_async.py
[2024-03-27T19:12:51.834+0000] {processor.py:756} INFO - Processing file /home/airflow/.local/lib/python3.7/site-packages/airflow/example_dags/example_time_delta_sensor_async.py for tasks to queue
[2024-03-27T19:12:51.834+0000] {logging_mixin.py:120} INFO - [2024-03-27T19:12:51.834+0000] {dagbag.py:537} INFO - Filling up the DagBag from /home/airflow/.local/lib/python3.7/site-packages/airflow/example_dags/example_time_delta_sensor_async.py
[2024-03-27T19:12:51.846+0000] {processor.py:766} INFO - DAG(s) dict_keys(['example_time_delta_sensor_async']) retrieved from /home/airflow/.local/lib/python3.7/site-packages/airflow/example_dags/example_time_delta_sensor_async.py
[2024-03-27T19:12:51.960+0000] {logging_mixin.py:120} INFO - [2024-03-27T19:12:51.960+0000] {dag.py:2585} INFO - Sync 1 DAGs
[2024-03-27T19:12:51.975+0000] {logging_mixin.py:120} INFO - [2024-03-27T19:12:51.975+0000] {dag.py:3340} INFO - Setting next_dagrun for example_time_delta_sensor_async to None, run_after=None
[2024-03-27T19:12:51.991+0000] {processor.py:176} INFO - Processing /home/airflow/.local/lib/python3.7/site-packages/airflow/example_dags/example_time_delta_sensor_async.py took 0.160 seconds
[2024-03-27T19:13:30.866+0000] {processor.py:154} INFO - Started process (PID=170) to work on /home/airflow/.local/lib/python3.7/site-packages/airflow/example_dags/example_time_delta_sensor_async.py
[2024-03-27T19:13:30.869+0000] {processor.py:756} INFO - Processing file /home/airflow/.local/lib/python3.7/site-packages/airflow/example_dags/example_time_delta_sensor_async.py for tasks to queue
[2024-03-27T19:13:30.872+0000] {logging_mixin.py:120} INFO - [2024-03-27T19:13:30.871+0000] {dagbag.py:537} INFO - Filling up the DagBag from /home/airflow/.local/lib/python3.7/site-packages/airflow/example_dags/example_time_delta_sensor_async.py
[2024-03-27T19:13:30.907+0000] {processor.py:766} INFO - DAG(s) dict_keys(['example_time_delta_sensor_async']) retrieved from /home/airflow/.local/lib/python3.7/site-packages/airflow/example_dags/example_time_delta_sensor_async.py
[2024-03-27T19:13:31.644+0000] {logging_mixin.py:120} INFO - [2024-03-27T19:13:31.644+0000] {dag.py:2585} INFO - Sync 1 DAGs
[2024-03-27T19:13:31.693+0000] {logging_mixin.py:120} INFO - [2024-03-27T19:13:31.693+0000] {dag.py:3340} INFO - Setting next_dagrun for example_time_delta_sensor_async to None, run_after=None
[2024-03-27T19:13:31.719+0000] {processor.py:176} INFO - Processing /home/airflow/.local/lib/python3.7/site-packages/airflow/example_dags/example_time_delta_sensor_async.py took 0.860 seconds
[2024-03-27T19:13:56.465+0000] {processor.py:154} INFO - Started process (PID=58) to work on /home/airflow/.local/lib/python3.7/site-packages/airflow/example_dags/example_time_delta_sensor_async.py
[2024-03-27T19:13:56.467+0000] {processor.py:756} INFO - Processing file /home/airflow/.local/lib/python3.7/site-packages/airflow/example_dags/example_time_delta_sensor_async.py for tasks to queue
[2024-03-27T19:13:56.468+0000] {logging_mixin.py:120} INFO - [2024-03-27T19:13:56.468+0000] {dagbag.py:537} INFO - Filling up the DagBag from /home/airflow/.local/lib/python3.7/site-packages/airflow/example_dags/example_time_delta_sensor_async.py
[2024-03-27T19:13:56.475+0000] {processor.py:766} INFO - DAG(s) dict_keys(['example_time_delta_sensor_async']) retrieved from /home/airflow/.local/lib/python3.7/site-packages/airflow/example_dags/example_time_delta_sensor_async.py
[2024-03-27T19:13:56.609+0000] {logging_mixin.py:120} INFO - [2024-03-27T19:13:56.609+0000] {dag.py:2585} INFO - Sync 1 DAGs
[2024-03-27T19:13:56.625+0000] {logging_mixin.py:120} INFO - [2024-03-27T19:13:56.625+0000] {dag.py:3340} INFO - Setting next_dagrun for example_time_delta_sensor_async to None, run_after=None
[2024-03-27T19:13:56.638+0000] {processor.py:176} INFO - Processing /home/airflow/.local/lib/python3.7/site-packages/airflow/example_dags/example_time_delta_sensor_async.py took 0.175 seconds
[2024-03-27T19:14:36.543+0000] {processor.py:154} INFO - Started process (PID=117) to work on /home/airflow/.local/lib/python3.7/site-packages/airflow/example_dags/example_time_delta_sensor_async.py
[2024-03-27T19:14:36.553+0000] {processor.py:756} INFO - Processing file /home/airflow/.local/lib/python3.7/site-packages/airflow/example_dags/example_time_delta_sensor_async.py for tasks to queue
[2024-03-27T19:14:36.555+0000] {logging_mixin.py:120} INFO - [2024-03-27T19:14:36.555+0000] {dagbag.py:537} INFO - Filling up the DagBag from /home/airflow/.local/lib/python3.7/site-packages/airflow/example_dags/example_time_delta_sensor_async.py
[2024-03-27T19:14:36.622+0000] {processor.py:766} INFO - DAG(s) dict_keys(['example_time_delta_sensor_async']) retrieved from /home/airflow/.local/lib/python3.7/site-packages/airflow/example_dags/example_time_delta_sensor_async.py
[2024-03-27T19:14:47.202+0000] {logging_mixin.py:120} INFO - [2024-03-27T19:14:47.201+0000] {dag.py:2585} INFO - Sync 1 DAGs
[2024-03-27T19:14:47.244+0000] {logging_mixin.py:120} INFO - [2024-03-27T19:14:47.244+0000] {dag.py:3340} INFO - Setting next_dagrun for example_time_delta_sensor_async to None, run_after=None
[2024-03-27T19:14:47.293+0000] {processor.py:176} INFO - Processing /home/airflow/.local/lib/python3.7/site-packages/airflow/example_dags/example_time_delta_sensor_async.py took 10.763 seconds
[2024-03-27T19:15:21.224+0000] {processor.py:154} INFO - Started process (PID=58) to work on /home/airflow/.local/lib/python3.7/site-packages/airflow/example_dags/example_time_delta_sensor_async.py
[2024-03-27T19:15:21.225+0000] {processor.py:756} INFO - Processing file /home/airflow/.local/lib/python3.7/site-packages/airflow/example_dags/example_time_delta_sensor_async.py for tasks to queue
[2024-03-27T19:15:21.226+0000] {logging_mixin.py:120} INFO - [2024-03-27T19:15:21.226+0000] {dagbag.py:537} INFO - Filling up the DagBag from /home/airflow/.local/lib/python3.7/site-packages/airflow/example_dags/example_time_delta_sensor_async.py
[2024-03-27T19:15:21.234+0000] {processor.py:766} INFO - DAG(s) dict_keys(['example_time_delta_sensor_async']) retrieved from /home/airflow/.local/lib/python3.7/site-packages/airflow/example_dags/example_time_delta_sensor_async.py
[2024-03-27T19:15:21.403+0000] {logging_mixin.py:120} INFO - [2024-03-27T19:15:21.403+0000] {dag.py:2585} INFO - Sync 1 DAGs
[2024-03-27T19:15:21.421+0000] {logging_mixin.py:120} INFO - [2024-03-27T19:15:21.421+0000] {dag.py:3340} INFO - Setting next_dagrun for example_time_delta_sensor_async to None, run_after=None
[2024-03-27T19:15:21.433+0000] {processor.py:176} INFO - Processing /home/airflow/.local/lib/python3.7/site-packages/airflow/example_dags/example_time_delta_sensor_async.py took 0.211 seconds
[2024-03-27T19:15:53.095+0000] {processor.py:154} INFO - Started process (PID=117) to work on /home/airflow/.local/lib/python3.7/site-packages/airflow/example_dags/example_time_delta_sensor_async.py
[2024-03-27T19:15:53.103+0000] {processor.py:756} INFO - Processing file /home/airflow/.local/lib/python3.7/site-packages/airflow/example_dags/example_time_delta_sensor_async.py for tasks to queue
[2024-03-27T19:15:53.107+0000] {logging_mixin.py:120} INFO - [2024-03-27T19:15:53.107+0000] {dagbag.py:537} INFO - Filling up the DagBag from /home/airflow/.local/lib/python3.7/site-packages/airflow/example_dags/example_time_delta_sensor_async.py
[2024-03-27T19:15:53.157+0000] {processor.py:766} INFO - DAG(s) dict_keys(['example_time_delta_sensor_async']) retrieved from /home/airflow/.local/lib/python3.7/site-packages/airflow/example_dags/example_time_delta_sensor_async.py
[2024-03-27T19:15:53.435+0000] {logging_mixin.py:120} INFO - [2024-03-27T19:15:53.435+0000] {dag.py:2585} INFO - Sync 1 DAGs
[2024-03-27T19:15:53.493+0000] {logging_mixin.py:120} INFO - [2024-03-27T19:15:53.493+0000] {dag.py:3340} INFO - Setting next_dagrun for example_time_delta_sensor_async to None, run_after=None
[2024-03-27T19:15:53.537+0000] {processor.py:176} INFO - Processing /home/airflow/.local/lib/python3.7/site-packages/airflow/example_dags/example_time_delta_sensor_async.py took 0.444 seconds
[2024-03-27T19:16:24.783+0000] {processor.py:154} INFO - Started process (PID=176) to work on /home/airflow/.local/lib/python3.7/site-packages/airflow/example_dags/example_time_delta_sensor_async.py
[2024-03-27T19:16:24.784+0000] {processor.py:756} INFO - Processing file /home/airflow/.local/lib/python3.7/site-packages/airflow/example_dags/example_time_delta_sensor_async.py for tasks to queue
[2024-03-27T19:16:24.785+0000] {logging_mixin.py:120} INFO - [2024-03-27T19:16:24.785+0000] {dagbag.py:537} INFO - Filling up the DagBag from /home/airflow/.local/lib/python3.7/site-packages/airflow/example_dags/example_time_delta_sensor_async.py
[2024-03-27T19:16:24.807+0000] {processor.py:766} INFO - DAG(s) dict_keys(['example_time_delta_sensor_async']) retrieved from /home/airflow/.local/lib/python3.7/site-packages/airflow/example_dags/example_time_delta_sensor_async.py
[2024-03-27T19:16:25.057+0000] {logging_mixin.py:120} INFO - [2024-03-27T19:16:25.056+0000] {dag.py:2585} INFO - Sync 1 DAGs
[2024-03-27T19:16:25.090+0000] {logging_mixin.py:120} INFO - [2024-03-27T19:16:25.089+0000] {dag.py:3340} INFO - Setting next_dagrun for example_time_delta_sensor_async to None, run_after=None
[2024-03-27T19:16:25.110+0000] {processor.py:176} INFO - Processing /home/airflow/.local/lib/python3.7/site-packages/airflow/example_dags/example_time_delta_sensor_async.py took 0.331 seconds
[2024-03-27T19:16:50.214+0000] {processor.py:154} INFO - Started process (PID=57) to work on /home/airflow/.local/lib/python3.7/site-packages/airflow/example_dags/example_time_delta_sensor_async.py
[2024-03-27T19:16:50.215+0000] {processor.py:756} INFO - Processing file /home/airflow/.local/lib/python3.7/site-packages/airflow/example_dags/example_time_delta_sensor_async.py for tasks to queue
[2024-03-27T19:16:50.216+0000] {logging_mixin.py:120} INFO - [2024-03-27T19:16:50.216+0000] {dagbag.py:537} INFO - Filling up the DagBag from /home/airflow/.local/lib/python3.7/site-packages/airflow/example_dags/example_time_delta_sensor_async.py
[2024-03-27T19:16:50.225+0000] {processor.py:766} INFO - DAG(s) dict_keys(['example_time_delta_sensor_async']) retrieved from /home/airflow/.local/lib/python3.7/site-packages/airflow/example_dags/example_time_delta_sensor_async.py
[2024-03-27T19:16:50.359+0000] {logging_mixin.py:120} INFO - [2024-03-27T19:16:50.359+0000] {dag.py:2585} INFO - Sync 1 DAGs
[2024-03-27T19:16:50.377+0000] {logging_mixin.py:120} INFO - [2024-03-27T19:16:50.377+0000] {dag.py:3340} INFO - Setting next_dagrun for example_time_delta_sensor_async to None, run_after=None
[2024-03-27T19:16:50.389+0000] {processor.py:176} INFO - Processing /home/airflow/.local/lib/python3.7/site-packages/airflow/example_dags/example_time_delta_sensor_async.py took 0.177 seconds
[2024-03-27T19:17:27.022+0000] {processor.py:154} INFO - Started process (PID=115) to work on /home/airflow/.local/lib/python3.7/site-packages/airflow/example_dags/example_time_delta_sensor_async.py
[2024-03-27T19:17:27.023+0000] {processor.py:756} INFO - Processing file /home/airflow/.local/lib/python3.7/site-packages/airflow/example_dags/example_time_delta_sensor_async.py for tasks to queue
[2024-03-27T19:17:27.023+0000] {logging_mixin.py:120} INFO - [2024-03-27T19:17:27.023+0000] {dagbag.py:537} INFO - Filling up the DagBag from /home/airflow/.local/lib/python3.7/site-packages/airflow/example_dags/example_time_delta_sensor_async.py
[2024-03-27T19:17:27.047+0000] {processor.py:766} INFO - DAG(s) dict_keys(['example_time_delta_sensor_async']) retrieved from /home/airflow/.local/lib/python3.7/site-packages/airflow/example_dags/example_time_delta_sensor_async.py
[2024-03-27T19:17:27.307+0000] {logging_mixin.py:120} INFO - [2024-03-27T19:17:27.306+0000] {dag.py:2585} INFO - Sync 1 DAGs
[2024-03-27T19:17:27.357+0000] {logging_mixin.py:120} INFO - [2024-03-27T19:17:27.357+0000] {dag.py:3340} INFO - Setting next_dagrun for example_time_delta_sensor_async to None, run_after=None
[2024-03-27T19:17:27.400+0000] {processor.py:176} INFO - Processing /home/airflow/.local/lib/python3.7/site-packages/airflow/example_dags/example_time_delta_sensor_async.py took 0.383 seconds
[2024-03-27T19:18:19.528+0000] {processor.py:154} INFO - Started process (PID=58) to work on /home/airflow/.local/lib/python3.7/site-packages/airflow/example_dags/example_time_delta_sensor_async.py
[2024-03-27T19:18:19.529+0000] {processor.py:756} INFO - Processing file /home/airflow/.local/lib/python3.7/site-packages/airflow/example_dags/example_time_delta_sensor_async.py for tasks to queue
[2024-03-27T19:18:19.530+0000] {logging_mixin.py:120} INFO - [2024-03-27T19:18:19.530+0000] {dagbag.py:537} INFO - Filling up the DagBag from /home/airflow/.local/lib/python3.7/site-packages/airflow/example_dags/example_time_delta_sensor_async.py
[2024-03-27T19:18:19.539+0000] {processor.py:766} INFO - DAG(s) dict_keys(['example_time_delta_sensor_async']) retrieved from /home/airflow/.local/lib/python3.7/site-packages/airflow/example_dags/example_time_delta_sensor_async.py
[2024-03-27T19:18:19.673+0000] {logging_mixin.py:120} INFO - [2024-03-27T19:18:19.673+0000] {dag.py:2585} INFO - Sync 1 DAGs
[2024-03-27T19:18:19.693+0000] {logging_mixin.py:120} INFO - [2024-03-27T19:18:19.693+0000] {dag.py:3340} INFO - Setting next_dagrun for example_time_delta_sensor_async to None, run_after=None
[2024-03-27T19:18:19.706+0000] {processor.py:176} INFO - Processing /home/airflow/.local/lib/python3.7/site-packages/airflow/example_dags/example_time_delta_sensor_async.py took 0.180 seconds
[2024-03-27T19:18:50.356+0000] {processor.py:154} INFO - Started process (PID=116) to work on /home/airflow/.local/lib/python3.7/site-packages/airflow/example_dags/example_time_delta_sensor_async.py
[2024-03-27T19:18:50.357+0000] {processor.py:756} INFO - Processing file /home/airflow/.local/lib/python3.7/site-packages/airflow/example_dags/example_time_delta_sensor_async.py for tasks to queue
[2024-03-27T19:18:50.358+0000] {logging_mixin.py:120} INFO - [2024-03-27T19:18:50.358+0000] {dagbag.py:537} INFO - Filling up the DagBag from /home/airflow/.local/lib/python3.7/site-packages/airflow/example_dags/example_time_delta_sensor_async.py
[2024-03-27T19:18:50.370+0000] {processor.py:766} INFO - DAG(s) dict_keys(['example_time_delta_sensor_async']) retrieved from /home/airflow/.local/lib/python3.7/site-packages/airflow/example_dags/example_time_delta_sensor_async.py
[2024-03-27T19:18:50.723+0000] {logging_mixin.py:120} INFO - [2024-03-27T19:18:50.722+0000] {dag.py:2585} INFO - Sync 1 DAGs
[2024-03-27T19:18:50.750+0000] {logging_mixin.py:120} INFO - [2024-03-27T19:18:50.750+0000] {dag.py:3340} INFO - Setting next_dagrun for example_time_delta_sensor_async to None, run_after=None
[2024-03-27T19:18:50.781+0000] {processor.py:176} INFO - Processing /home/airflow/.local/lib/python3.7/site-packages/airflow/example_dags/example_time_delta_sensor_async.py took 0.428 seconds
[2024-03-27T19:19:40.898+0000] {processor.py:154} INFO - Started process (PID=58) to work on /home/airflow/.local/lib/python3.7/site-packages/airflow/example_dags/example_time_delta_sensor_async.py
[2024-03-27T19:19:40.899+0000] {processor.py:756} INFO - Processing file /home/airflow/.local/lib/python3.7/site-packages/airflow/example_dags/example_time_delta_sensor_async.py for tasks to queue
[2024-03-27T19:19:40.900+0000] {logging_mixin.py:120} INFO - [2024-03-27T19:19:40.900+0000] {dagbag.py:537} INFO - Filling up the DagBag from /home/airflow/.local/lib/python3.7/site-packages/airflow/example_dags/example_time_delta_sensor_async.py
[2024-03-27T19:19:40.908+0000] {processor.py:766} INFO - DAG(s) dict_keys(['example_time_delta_sensor_async']) retrieved from /home/airflow/.local/lib/python3.7/site-packages/airflow/example_dags/example_time_delta_sensor_async.py
[2024-03-27T19:19:41.018+0000] {logging_mixin.py:120} INFO - [2024-03-27T19:19:41.017+0000] {dag.py:2585} INFO - Sync 1 DAGs
[2024-03-27T19:19:41.037+0000] {logging_mixin.py:120} INFO - [2024-03-27T19:19:41.036+0000] {dag.py:3340} INFO - Setting next_dagrun for example_time_delta_sensor_async to None, run_after=None
[2024-03-27T19:19:41.048+0000] {processor.py:176} INFO - Processing /home/airflow/.local/lib/python3.7/site-packages/airflow/example_dags/example_time_delta_sensor_async.py took 0.152 seconds
[2024-03-27T19:20:21.355+0000] {processor.py:154} INFO - Started process (PID=117) to work on /home/airflow/.local/lib/python3.7/site-packages/airflow/example_dags/example_time_delta_sensor_async.py
[2024-03-27T19:20:21.358+0000] {processor.py:756} INFO - Processing file /home/airflow/.local/lib/python3.7/site-packages/airflow/example_dags/example_time_delta_sensor_async.py for tasks to queue
[2024-03-27T19:20:21.361+0000] {logging_mixin.py:120} INFO - [2024-03-27T19:20:21.361+0000] {dagbag.py:537} INFO - Filling up the DagBag from /home/airflow/.local/lib/python3.7/site-packages/airflow/example_dags/example_time_delta_sensor_async.py
[2024-03-27T19:20:21.381+0000] {processor.py:766} INFO - DAG(s) dict_keys(['example_time_delta_sensor_async']) retrieved from /home/airflow/.local/lib/python3.7/site-packages/airflow/example_dags/example_time_delta_sensor_async.py
[2024-03-27T19:20:21.571+0000] {logging_mixin.py:120} INFO - [2024-03-27T19:20:21.571+0000] {dag.py:2585} INFO - Sync 1 DAGs
[2024-03-27T19:20:21.599+0000] {logging_mixin.py:120} INFO - [2024-03-27T19:20:21.598+0000] {dag.py:3340} INFO - Setting next_dagrun for example_time_delta_sensor_async to None, run_after=None
[2024-03-27T19:20:21.618+0000] {processor.py:176} INFO - Processing /home/airflow/.local/lib/python3.7/site-packages/airflow/example_dags/example_time_delta_sensor_async.py took 0.265 seconds
[2024-03-27T19:21:23.334+0000] {processor.py:154} INFO - Started process (PID=57) to work on /home/airflow/.local/lib/python3.7/site-packages/airflow/example_dags/example_time_delta_sensor_async.py
[2024-03-27T19:21:23.335+0000] {processor.py:756} INFO - Processing file /home/airflow/.local/lib/python3.7/site-packages/airflow/example_dags/example_time_delta_sensor_async.py for tasks to queue
[2024-03-27T19:21:23.336+0000] {logging_mixin.py:120} INFO - [2024-03-27T19:21:23.336+0000] {dagbag.py:537} INFO - Filling up the DagBag from /home/airflow/.local/lib/python3.7/site-packages/airflow/example_dags/example_time_delta_sensor_async.py
[2024-03-27T19:21:23.346+0000] {processor.py:766} INFO - DAG(s) dict_keys(['example_time_delta_sensor_async']) retrieved from /home/airflow/.local/lib/python3.7/site-packages/airflow/example_dags/example_time_delta_sensor_async.py
[2024-03-27T19:21:23.483+0000] {logging_mixin.py:120} INFO - [2024-03-27T19:21:23.482+0000] {dag.py:2585} INFO - Sync 1 DAGs
[2024-03-27T19:21:23.500+0000] {logging_mixin.py:120} INFO - [2024-03-27T19:21:23.500+0000] {dag.py:3340} INFO - Setting next_dagrun for example_time_delta_sensor_async to None, run_after=None
[2024-03-27T19:21:23.512+0000] {processor.py:176} INFO - Processing /home/airflow/.local/lib/python3.7/site-packages/airflow/example_dags/example_time_delta_sensor_async.py took 0.181 seconds
[2024-03-27T19:21:53.965+0000] {processor.py:154} INFO - Started process (PID=107) to work on /home/airflow/.local/lib/python3.7/site-packages/airflow/example_dags/example_time_delta_sensor_async.py
[2024-03-27T19:21:53.965+0000] {processor.py:756} INFO - Processing file /home/airflow/.local/lib/python3.7/site-packages/airflow/example_dags/example_time_delta_sensor_async.py for tasks to queue
[2024-03-27T19:21:53.966+0000] {logging_mixin.py:120} INFO - [2024-03-27T19:21:53.966+0000] {dagbag.py:537} INFO - Filling up the DagBag from /home/airflow/.local/lib/python3.7/site-packages/airflow/example_dags/example_time_delta_sensor_async.py
[2024-03-27T19:21:53.976+0000] {processor.py:766} INFO - DAG(s) dict_keys(['example_time_delta_sensor_async']) retrieved from /home/airflow/.local/lib/python3.7/site-packages/airflow/example_dags/example_time_delta_sensor_async.py
[2024-03-27T19:21:54.106+0000] {logging_mixin.py:120} INFO - [2024-03-27T19:21:54.106+0000] {dag.py:2585} INFO - Sync 1 DAGs
[2024-03-27T19:21:54.122+0000] {logging_mixin.py:120} INFO - [2024-03-27T19:21:54.122+0000] {dag.py:3340} INFO - Setting next_dagrun for example_time_delta_sensor_async to None, run_after=None
[2024-03-27T19:21:54.133+0000] {processor.py:176} INFO - Processing /home/airflow/.local/lib/python3.7/site-packages/airflow/example_dags/example_time_delta_sensor_async.py took 0.171 seconds
[2024-03-27T19:22:30.584+0000] {processor.py:154} INFO - Started process (PID=48) to work on /home/airflow/.local/lib/python3.7/site-packages/airflow/example_dags/example_time_delta_sensor_async.py
[2024-03-27T19:22:30.586+0000] {processor.py:756} INFO - Processing file /home/airflow/.local/lib/python3.7/site-packages/airflow/example_dags/example_time_delta_sensor_async.py for tasks to queue
[2024-03-27T19:22:30.586+0000] {logging_mixin.py:120} INFO - [2024-03-27T19:22:30.586+0000] {dagbag.py:537} INFO - Filling up the DagBag from /home/airflow/.local/lib/python3.7/site-packages/airflow/example_dags/example_time_delta_sensor_async.py
[2024-03-27T19:22:30.594+0000] {processor.py:766} INFO - DAG(s) dict_keys(['example_time_delta_sensor_async']) retrieved from /home/airflow/.local/lib/python3.7/site-packages/airflow/example_dags/example_time_delta_sensor_async.py
[2024-03-27T19:22:30.706+0000] {logging_mixin.py:120} INFO - [2024-03-27T19:22:30.706+0000] {dag.py:2585} INFO - Sync 1 DAGs
[2024-03-27T19:22:30.725+0000] {logging_mixin.py:120} INFO - [2024-03-27T19:22:30.725+0000] {dag.py:3340} INFO - Setting next_dagrun for example_time_delta_sensor_async to None, run_after=None
[2024-03-27T19:22:30.737+0000] {processor.py:176} INFO - Processing /home/airflow/.local/lib/python3.7/site-packages/airflow/example_dags/example_time_delta_sensor_async.py took 0.154 seconds
[2024-03-27T19:23:01.218+0000] {processor.py:154} INFO - Started process (PID=116) to work on /home/airflow/.local/lib/python3.7/site-packages/airflow/example_dags/example_time_delta_sensor_async.py
[2024-03-27T19:23:01.219+0000] {processor.py:756} INFO - Processing file /home/airflow/.local/lib/python3.7/site-packages/airflow/example_dags/example_time_delta_sensor_async.py for tasks to queue
[2024-03-27T19:23:01.219+0000] {logging_mixin.py:120} INFO - [2024-03-27T19:23:01.219+0000] {dagbag.py:537} INFO - Filling up the DagBag from /home/airflow/.local/lib/python3.7/site-packages/airflow/example_dags/example_time_delta_sensor_async.py
[2024-03-27T19:23:01.227+0000] {processor.py:766} INFO - DAG(s) dict_keys(['example_time_delta_sensor_async']) retrieved from /home/airflow/.local/lib/python3.7/site-packages/airflow/example_dags/example_time_delta_sensor_async.py
[2024-03-27T19:23:01.338+0000] {logging_mixin.py:120} INFO - [2024-03-27T19:23:01.338+0000] {dag.py:2585} INFO - Sync 1 DAGs
[2024-03-27T19:23:01.352+0000] {logging_mixin.py:120} INFO - [2024-03-27T19:23:01.352+0000] {dag.py:3340} INFO - Setting next_dagrun for example_time_delta_sensor_async to None, run_after=None
[2024-03-27T19:23:01.361+0000] {processor.py:176} INFO - Processing /home/airflow/.local/lib/python3.7/site-packages/airflow/example_dags/example_time_delta_sensor_async.py took 0.144 seconds
[2024-03-27T19:24:27.931+0000] {processor.py:154} INFO - Started process (PID=175) to work on /home/airflow/.local/lib/python3.7/site-packages/airflow/example_dags/example_time_delta_sensor_async.py
[2024-03-27T19:24:27.932+0000] {processor.py:756} INFO - Processing file /home/airflow/.local/lib/python3.7/site-packages/airflow/example_dags/example_time_delta_sensor_async.py for tasks to queue
[2024-03-27T19:24:27.933+0000] {logging_mixin.py:120} INFO - [2024-03-27T19:24:27.932+0000] {dagbag.py:537} INFO - Filling up the DagBag from /home/airflow/.local/lib/python3.7/site-packages/airflow/example_dags/example_time_delta_sensor_async.py
[2024-03-27T19:24:27.941+0000] {processor.py:766} INFO - DAG(s) dict_keys(['example_time_delta_sensor_async']) retrieved from /home/airflow/.local/lib/python3.7/site-packages/airflow/example_dags/example_time_delta_sensor_async.py
[2024-03-27T19:24:28.040+0000] {logging_mixin.py:120} INFO - [2024-03-27T19:24:28.040+0000] {dag.py:2585} INFO - Sync 1 DAGs
[2024-03-27T19:24:28.053+0000] {logging_mixin.py:120} INFO - [2024-03-27T19:24:28.053+0000] {dag.py:3340} INFO - Setting next_dagrun for example_time_delta_sensor_async to None, run_after=None
[2024-03-27T19:24:28.063+0000] {processor.py:176} INFO - Processing /home/airflow/.local/lib/python3.7/site-packages/airflow/example_dags/example_time_delta_sensor_async.py took 0.134 seconds
[2024-03-27T19:24:53.808+0000] {processor.py:154} INFO - Started process (PID=48) to work on /home/airflow/.local/lib/python3.7/site-packages/airflow/example_dags/example_time_delta_sensor_async.py
[2024-03-27T19:24:53.809+0000] {processor.py:756} INFO - Processing file /home/airflow/.local/lib/python3.7/site-packages/airflow/example_dags/example_time_delta_sensor_async.py for tasks to queue
[2024-03-27T19:24:53.809+0000] {logging_mixin.py:120} INFO - [2024-03-27T19:24:53.809+0000] {dagbag.py:537} INFO - Filling up the DagBag from /home/airflow/.local/lib/python3.7/site-packages/airflow/example_dags/example_time_delta_sensor_async.py
[2024-03-27T19:24:53.816+0000] {processor.py:766} INFO - DAG(s) dict_keys(['example_time_delta_sensor_async']) retrieved from /home/airflow/.local/lib/python3.7/site-packages/airflow/example_dags/example_time_delta_sensor_async.py
[2024-03-27T19:24:53.906+0000] {logging_mixin.py:120} INFO - [2024-03-27T19:24:53.906+0000] {dag.py:2585} INFO - Sync 1 DAGs
[2024-03-27T19:24:53.921+0000] {logging_mixin.py:120} INFO - [2024-03-27T19:24:53.921+0000] {dag.py:3340} INFO - Setting next_dagrun for example_time_delta_sensor_async to None, run_after=None
[2024-03-27T19:24:53.930+0000] {processor.py:176} INFO - Processing /home/airflow/.local/lib/python3.7/site-packages/airflow/example_dags/example_time_delta_sensor_async.py took 0.124 seconds
[2024-03-27T19:25:24.393+0000] {processor.py:154} INFO - Started process (PID=115) to work on /home/airflow/.local/lib/python3.7/site-packages/airflow/example_dags/example_time_delta_sensor_async.py
[2024-03-27T19:25:24.393+0000] {processor.py:756} INFO - Processing file /home/airflow/.local/lib/python3.7/site-packages/airflow/example_dags/example_time_delta_sensor_async.py for tasks to queue
[2024-03-27T19:25:24.394+0000] {logging_mixin.py:120} INFO - [2024-03-27T19:25:24.394+0000] {dagbag.py:537} INFO - Filling up the DagBag from /home/airflow/.local/lib/python3.7/site-packages/airflow/example_dags/example_time_delta_sensor_async.py
[2024-03-27T19:25:24.400+0000] {processor.py:766} INFO - DAG(s) dict_keys(['example_time_delta_sensor_async']) retrieved from /home/airflow/.local/lib/python3.7/site-packages/airflow/example_dags/example_time_delta_sensor_async.py
[2024-03-27T19:25:24.486+0000] {logging_mixin.py:120} INFO - [2024-03-27T19:25:24.486+0000] {dag.py:2585} INFO - Sync 1 DAGs
[2024-03-27T19:25:24.499+0000] {logging_mixin.py:120} INFO - [2024-03-27T19:25:24.498+0000] {dag.py:3340} INFO - Setting next_dagrun for example_time_delta_sensor_async to None, run_after=None
[2024-03-27T19:25:24.514+0000] {processor.py:176} INFO - Processing /home/airflow/.local/lib/python3.7/site-packages/airflow/example_dags/example_time_delta_sensor_async.py took 0.123 seconds
[2024-03-27T19:25:54.770+0000] {processor.py:154} INFO - Started process (PID=184) to work on /home/airflow/.local/lib/python3.7/site-packages/airflow/example_dags/example_time_delta_sensor_async.py
[2024-03-27T19:25:54.770+0000] {processor.py:756} INFO - Processing file /home/airflow/.local/lib/python3.7/site-packages/airflow/example_dags/example_time_delta_sensor_async.py for tasks to queue
[2024-03-27T19:25:54.771+0000] {logging_mixin.py:120} INFO - [2024-03-27T19:25:54.771+0000] {dagbag.py:537} INFO - Filling up the DagBag from /home/airflow/.local/lib/python3.7/site-packages/airflow/example_dags/example_time_delta_sensor_async.py
[2024-03-27T19:25:54.783+0000] {processor.py:766} INFO - DAG(s) dict_keys(['example_time_delta_sensor_async']) retrieved from /home/airflow/.local/lib/python3.7/site-packages/airflow/example_dags/example_time_delta_sensor_async.py
[2024-03-27T19:25:54.933+0000] {logging_mixin.py:120} INFO - [2024-03-27T19:25:54.932+0000] {dag.py:2585} INFO - Sync 1 DAGs
[2024-03-27T19:25:54.949+0000] {logging_mixin.py:120} INFO - [2024-03-27T19:25:54.949+0000] {dag.py:3340} INFO - Setting next_dagrun for example_time_delta_sensor_async to None, run_after=None
[2024-03-27T19:25:54.964+0000] {processor.py:176} INFO - Processing /home/airflow/.local/lib/python3.7/site-packages/airflow/example_dags/example_time_delta_sensor_async.py took 0.197 seconds
[2024-03-27T19:26:24.994+0000] {processor.py:154} INFO - Started process (PID=242) to work on /home/airflow/.local/lib/python3.7/site-packages/airflow/example_dags/example_time_delta_sensor_async.py
[2024-03-27T19:26:24.994+0000] {processor.py:756} INFO - Processing file /home/airflow/.local/lib/python3.7/site-packages/airflow/example_dags/example_time_delta_sensor_async.py for tasks to queue
[2024-03-27T19:26:24.995+0000] {logging_mixin.py:120} INFO - [2024-03-27T19:26:24.995+0000] {dagbag.py:537} INFO - Filling up the DagBag from /home/airflow/.local/lib/python3.7/site-packages/airflow/example_dags/example_time_delta_sensor_async.py
[2024-03-27T19:26:25.003+0000] {processor.py:766} INFO - DAG(s) dict_keys(['example_time_delta_sensor_async']) retrieved from /home/airflow/.local/lib/python3.7/site-packages/airflow/example_dags/example_time_delta_sensor_async.py
[2024-03-27T19:26:25.200+0000] {logging_mixin.py:120} INFO - [2024-03-27T19:26:25.200+0000] {dag.py:2585} INFO - Sync 1 DAGs
[2024-03-27T19:26:25.215+0000] {logging_mixin.py:120} INFO - [2024-03-27T19:26:25.215+0000] {dag.py:3340} INFO - Setting next_dagrun for example_time_delta_sensor_async to None, run_after=None
[2024-03-27T19:26:25.226+0000] {processor.py:176} INFO - Processing /home/airflow/.local/lib/python3.7/site-packages/airflow/example_dags/example_time_delta_sensor_async.py took 0.234 seconds
[2024-03-27T19:26:56.928+0000] {processor.py:154} INFO - Started process (PID=49) to work on /home/airflow/.local/lib/python3.7/site-packages/airflow/example_dags/example_time_delta_sensor_async.py
[2024-03-27T19:26:56.929+0000] {processor.py:756} INFO - Processing file /home/airflow/.local/lib/python3.7/site-packages/airflow/example_dags/example_time_delta_sensor_async.py for tasks to queue
[2024-03-27T19:26:56.929+0000] {logging_mixin.py:120} INFO - [2024-03-27T19:26:56.929+0000] {dagbag.py:537} INFO - Filling up the DagBag from /home/airflow/.local/lib/python3.7/site-packages/airflow/example_dags/example_time_delta_sensor_async.py
[2024-03-27T19:26:56.936+0000] {processor.py:766} INFO - DAG(s) dict_keys(['example_time_delta_sensor_async']) retrieved from /home/airflow/.local/lib/python3.7/site-packages/airflow/example_dags/example_time_delta_sensor_async.py
[2024-03-27T19:26:57.023+0000] {logging_mixin.py:120} INFO - [2024-03-27T19:26:57.023+0000] {dag.py:2585} INFO - Sync 1 DAGs
[2024-03-27T19:26:57.035+0000] {logging_mixin.py:120} INFO - [2024-03-27T19:26:57.035+0000] {dag.py:3340} INFO - Setting next_dagrun for example_time_delta_sensor_async to None, run_after=None
[2024-03-27T19:26:57.043+0000] {processor.py:176} INFO - Processing /home/airflow/.local/lib/python3.7/site-packages/airflow/example_dags/example_time_delta_sensor_async.py took 0.117 seconds
[2024-03-27T19:27:27.166+0000] {processor.py:154} INFO - Started process (PID=116) to work on /home/airflow/.local/lib/python3.7/site-packages/airflow/example_dags/example_time_delta_sensor_async.py
[2024-03-27T19:27:27.166+0000] {processor.py:756} INFO - Processing file /home/airflow/.local/lib/python3.7/site-packages/airflow/example_dags/example_time_delta_sensor_async.py for tasks to queue
[2024-03-27T19:27:27.167+0000] {logging_mixin.py:120} INFO - [2024-03-27T19:27:27.167+0000] {dagbag.py:537} INFO - Filling up the DagBag from /home/airflow/.local/lib/python3.7/site-packages/airflow/example_dags/example_time_delta_sensor_async.py
[2024-03-27T19:27:27.175+0000] {processor.py:766} INFO - DAG(s) dict_keys(['example_time_delta_sensor_async']) retrieved from /home/airflow/.local/lib/python3.7/site-packages/airflow/example_dags/example_time_delta_sensor_async.py
[2024-03-27T19:27:27.270+0000] {logging_mixin.py:120} INFO - [2024-03-27T19:27:27.270+0000] {dag.py:2585} INFO - Sync 1 DAGs
[2024-03-27T19:27:27.283+0000] {logging_mixin.py:120} INFO - [2024-03-27T19:27:27.283+0000] {dag.py:3340} INFO - Setting next_dagrun for example_time_delta_sensor_async to None, run_after=None
[2024-03-27T19:27:27.292+0000] {processor.py:176} INFO - Processing /home/airflow/.local/lib/python3.7/site-packages/airflow/example_dags/example_time_delta_sensor_async.py took 0.128 seconds
[2024-03-27T19:28:15.023+0000] {processor.py:154} INFO - Started process (PID=224) to work on /home/airflow/.local/lib/python3.7/site-packages/airflow/example_dags/example_time_delta_sensor_async.py
[2024-03-27T19:28:15.025+0000] {processor.py:756} INFO - Processing file /home/airflow/.local/lib/python3.7/site-packages/airflow/example_dags/example_time_delta_sensor_async.py for tasks to queue
[2024-03-27T19:28:15.026+0000] {logging_mixin.py:120} INFO - [2024-03-27T19:28:15.026+0000] {dagbag.py:537} INFO - Filling up the DagBag from /home/airflow/.local/lib/python3.7/site-packages/airflow/example_dags/example_time_delta_sensor_async.py
[2024-03-27T19:28:15.055+0000] {processor.py:766} INFO - DAG(s) dict_keys(['example_time_delta_sensor_async']) retrieved from /home/airflow/.local/lib/python3.7/site-packages/airflow/example_dags/example_time_delta_sensor_async.py
[2024-03-27T19:28:21.855+0000] {logging_mixin.py:120} INFO - [2024-03-27T19:28:21.854+0000] {dag.py:2585} INFO - Sync 1 DAGs
[2024-03-27T19:28:21.922+0000] {logging_mixin.py:120} INFO - [2024-03-27T19:28:21.922+0000] {dag.py:3340} INFO - Setting next_dagrun for example_time_delta_sensor_async to None, run_after=None
[2024-03-27T19:28:21.984+0000] {processor.py:176} INFO - Processing /home/airflow/.local/lib/python3.7/site-packages/airflow/example_dags/example_time_delta_sensor_async.py took 6.964 seconds
[2024-03-27T19:28:52.154+0000] {processor.py:154} INFO - Started process (PID=284) to work on /home/airflow/.local/lib/python3.7/site-packages/airflow/example_dags/example_time_delta_sensor_async.py
[2024-03-27T19:28:52.160+0000] {processor.py:756} INFO - Processing file /home/airflow/.local/lib/python3.7/site-packages/airflow/example_dags/example_time_delta_sensor_async.py for tasks to queue
[2024-03-27T19:28:52.163+0000] {logging_mixin.py:120} INFO - [2024-03-27T19:28:52.162+0000] {dagbag.py:537} INFO - Filling up the DagBag from /home/airflow/.local/lib/python3.7/site-packages/airflow/example_dags/example_time_delta_sensor_async.py
[2024-03-27T19:28:52.214+0000] {processor.py:766} INFO - DAG(s) dict_keys(['example_time_delta_sensor_async']) retrieved from /home/airflow/.local/lib/python3.7/site-packages/airflow/example_dags/example_time_delta_sensor_async.py
[2024-03-27T19:28:52.732+0000] {logging_mixin.py:120} INFO - [2024-03-27T19:28:52.732+0000] {dag.py:2585} INFO - Sync 1 DAGs
[2024-03-27T19:28:52.751+0000] {logging_mixin.py:120} INFO - [2024-03-27T19:28:52.751+0000] {dag.py:3340} INFO - Setting next_dagrun for example_time_delta_sensor_async to None, run_after=None
[2024-03-27T19:28:52.766+0000] {processor.py:176} INFO - Processing /home/airflow/.local/lib/python3.7/site-packages/airflow/example_dags/example_time_delta_sensor_async.py took 0.627 seconds
[2024-03-27T19:29:23.942+0000] {processor.py:154} INFO - Started process (PID=345) to work on /home/airflow/.local/lib/python3.7/site-packages/airflow/example_dags/example_time_delta_sensor_async.py
[2024-03-27T19:29:23.949+0000] {processor.py:756} INFO - Processing file /home/airflow/.local/lib/python3.7/site-packages/airflow/example_dags/example_time_delta_sensor_async.py for tasks to queue
[2024-03-27T19:29:23.951+0000] {logging_mixin.py:120} INFO - [2024-03-27T19:29:23.951+0000] {dagbag.py:537} INFO - Filling up the DagBag from /home/airflow/.local/lib/python3.7/site-packages/airflow/example_dags/example_time_delta_sensor_async.py
[2024-03-27T19:29:24.112+0000] {processor.py:766} INFO - DAG(s) dict_keys(['example_time_delta_sensor_async']) retrieved from /home/airflow/.local/lib/python3.7/site-packages/airflow/example_dags/example_time_delta_sensor_async.py
[2024-03-27T19:29:24.434+0000] {logging_mixin.py:120} INFO - [2024-03-27T19:29:24.433+0000] {dag.py:2585} INFO - Sync 1 DAGs
[2024-03-27T19:29:30.083+0000] {logging_mixin.py:120} INFO - [2024-03-27T19:29:30.082+0000] {dag.py:3340} INFO - Setting next_dagrun for example_time_delta_sensor_async to None, run_after=None
[2024-03-27T19:29:30.242+0000] {processor.py:176} INFO - Processing /home/airflow/.local/lib/python3.7/site-packages/airflow/example_dags/example_time_delta_sensor_async.py took 6.851 seconds
[2024-03-27T19:30:10.314+0000] {processor.py:154} INFO - Started process (PID=408) to work on /home/airflow/.local/lib/python3.7/site-packages/airflow/example_dags/example_time_delta_sensor_async.py
[2024-03-27T19:30:10.318+0000] {processor.py:756} INFO - Processing file /home/airflow/.local/lib/python3.7/site-packages/airflow/example_dags/example_time_delta_sensor_async.py for tasks to queue
[2024-03-27T19:30:10.319+0000] {logging_mixin.py:120} INFO - [2024-03-27T19:30:10.319+0000] {dagbag.py:537} INFO - Filling up the DagBag from /home/airflow/.local/lib/python3.7/site-packages/airflow/example_dags/example_time_delta_sensor_async.py
[2024-03-27T19:30:10.364+0000] {processor.py:766} INFO - DAG(s) dict_keys(['example_time_delta_sensor_async']) retrieved from /home/airflow/.local/lib/python3.7/site-packages/airflow/example_dags/example_time_delta_sensor_async.py
[2024-03-27T19:30:10.579+0000] {logging_mixin.py:120} INFO - [2024-03-27T19:30:10.579+0000] {dag.py:2585} INFO - Sync 1 DAGs
[2024-03-27T19:30:10.597+0000] {logging_mixin.py:120} INFO - [2024-03-27T19:30:10.596+0000] {dag.py:3340} INFO - Setting next_dagrun for example_time_delta_sensor_async to None, run_after=None
[2024-03-27T19:30:10.609+0000] {processor.py:176} INFO - Processing /home/airflow/.local/lib/python3.7/site-packages/airflow/example_dags/example_time_delta_sensor_async.py took 0.303 seconds
[2024-03-27T19:30:54.193+0000] {processor.py:154} INFO - Started process (PID=458) to work on /home/airflow/.local/lib/python3.7/site-packages/airflow/example_dags/example_time_delta_sensor_async.py
[2024-03-27T19:30:54.195+0000] {processor.py:756} INFO - Processing file /home/airflow/.local/lib/python3.7/site-packages/airflow/example_dags/example_time_delta_sensor_async.py for tasks to queue
[2024-03-27T19:30:54.196+0000] {logging_mixin.py:120} INFO - [2024-03-27T19:30:54.196+0000] {dagbag.py:537} INFO - Filling up the DagBag from /home/airflow/.local/lib/python3.7/site-packages/airflow/example_dags/example_time_delta_sensor_async.py
[2024-03-27T19:30:54.210+0000] {processor.py:766} INFO - DAG(s) dict_keys(['example_time_delta_sensor_async']) retrieved from /home/airflow/.local/lib/python3.7/site-packages/airflow/example_dags/example_time_delta_sensor_async.py
[2024-03-27T19:30:54.425+0000] {logging_mixin.py:120} INFO - [2024-03-27T19:30:54.425+0000] {dag.py:2585} INFO - Sync 1 DAGs
[2024-03-27T19:30:54.476+0000] {logging_mixin.py:120} INFO - [2024-03-27T19:30:54.475+0000] {dag.py:3340} INFO - Setting next_dagrun for example_time_delta_sensor_async to None, run_after=None
[2024-03-27T19:30:54.511+0000] {processor.py:176} INFO - Processing /home/airflow/.local/lib/python3.7/site-packages/airflow/example_dags/example_time_delta_sensor_async.py took 0.323 seconds
[2024-03-27T19:31:24.724+0000] {processor.py:154} INFO - Started process (PID=510) to work on /home/airflow/.local/lib/python3.7/site-packages/airflow/example_dags/example_time_delta_sensor_async.py
[2024-03-27T19:31:24.725+0000] {processor.py:756} INFO - Processing file /home/airflow/.local/lib/python3.7/site-packages/airflow/example_dags/example_time_delta_sensor_async.py for tasks to queue
[2024-03-27T19:31:24.725+0000] {logging_mixin.py:120} INFO - [2024-03-27T19:31:24.725+0000] {dagbag.py:537} INFO - Filling up the DagBag from /home/airflow/.local/lib/python3.7/site-packages/airflow/example_dags/example_time_delta_sensor_async.py
[2024-03-27T19:31:24.737+0000] {processor.py:766} INFO - DAG(s) dict_keys(['example_time_delta_sensor_async']) retrieved from /home/airflow/.local/lib/python3.7/site-packages/airflow/example_dags/example_time_delta_sensor_async.py
[2024-03-27T19:31:24.944+0000] {logging_mixin.py:120} INFO - [2024-03-27T19:31:24.943+0000] {dag.py:2585} INFO - Sync 1 DAGs
[2024-03-27T19:31:24.962+0000] {logging_mixin.py:120} INFO - [2024-03-27T19:31:24.962+0000] {dag.py:3340} INFO - Setting next_dagrun for example_time_delta_sensor_async to None, run_after=None
[2024-03-27T19:31:24.992+0000] {processor.py:176} INFO - Processing /home/airflow/.local/lib/python3.7/site-packages/airflow/example_dags/example_time_delta_sensor_async.py took 0.270 seconds
[2024-03-27T19:32:03.423+0000] {processor.py:154} INFO - Started process (PID=565) to work on /home/airflow/.local/lib/python3.7/site-packages/airflow/example_dags/example_time_delta_sensor_async.py
[2024-03-27T19:32:03.424+0000] {processor.py:756} INFO - Processing file /home/airflow/.local/lib/python3.7/site-packages/airflow/example_dags/example_time_delta_sensor_async.py for tasks to queue
[2024-03-27T19:32:03.425+0000] {logging_mixin.py:120} INFO - [2024-03-27T19:32:03.425+0000] {dagbag.py:537} INFO - Filling up the DagBag from /home/airflow/.local/lib/python3.7/site-packages/airflow/example_dags/example_time_delta_sensor_async.py
[2024-03-27T19:32:03.441+0000] {processor.py:766} INFO - DAG(s) dict_keys(['example_time_delta_sensor_async']) retrieved from /home/airflow/.local/lib/python3.7/site-packages/airflow/example_dags/example_time_delta_sensor_async.py
[2024-03-27T19:32:03.671+0000] {logging_mixin.py:120} INFO - [2024-03-27T19:32:03.671+0000] {dag.py:2585} INFO - Sync 1 DAGs
[2024-03-27T19:32:03.714+0000] {logging_mixin.py:120} INFO - [2024-03-27T19:32:03.714+0000] {dag.py:3340} INFO - Setting next_dagrun for example_time_delta_sensor_async to None, run_after=None
[2024-03-27T19:32:03.744+0000] {processor.py:176} INFO - Processing /home/airflow/.local/lib/python3.7/site-packages/airflow/example_dags/example_time_delta_sensor_async.py took 0.326 seconds
[2024-03-27T19:32:51.980+0000] {processor.py:154} INFO - Started process (PID=620) to work on /home/airflow/.local/lib/python3.7/site-packages/airflow/example_dags/example_time_delta_sensor_async.py
[2024-03-27T19:32:51.983+0000] {processor.py:756} INFO - Processing file /home/airflow/.local/lib/python3.7/site-packages/airflow/example_dags/example_time_delta_sensor_async.py for tasks to queue
[2024-03-27T19:32:51.984+0000] {logging_mixin.py:120} INFO - [2024-03-27T19:32:51.983+0000] {dagbag.py:537} INFO - Filling up the DagBag from /home/airflow/.local/lib/python3.7/site-packages/airflow/example_dags/example_time_delta_sensor_async.py
[2024-03-27T19:32:52.010+0000] {processor.py:766} INFO - DAG(s) dict_keys(['example_time_delta_sensor_async']) retrieved from /home/airflow/.local/lib/python3.7/site-packages/airflow/example_dags/example_time_delta_sensor_async.py
[2024-03-27T19:32:52.602+0000] {logging_mixin.py:120} INFO - [2024-03-27T19:32:52.602+0000] {dag.py:2585} INFO - Sync 1 DAGs
[2024-03-27T19:32:52.671+0000] {logging_mixin.py:120} INFO - [2024-03-27T19:32:52.671+0000] {dag.py:3340} INFO - Setting next_dagrun for example_time_delta_sensor_async to None, run_after=None
[2024-03-27T19:32:52.741+0000] {processor.py:176} INFO - Processing /home/airflow/.local/lib/python3.7/site-packages/airflow/example_dags/example_time_delta_sensor_async.py took 0.767 seconds
[2024-03-27T19:33:23.061+0000] {processor.py:154} INFO - Started process (PID=674) to work on /home/airflow/.local/lib/python3.7/site-packages/airflow/example_dags/example_time_delta_sensor_async.py
[2024-03-27T19:33:23.062+0000] {processor.py:756} INFO - Processing file /home/airflow/.local/lib/python3.7/site-packages/airflow/example_dags/example_time_delta_sensor_async.py for tasks to queue
[2024-03-27T19:33:23.063+0000] {logging_mixin.py:120} INFO - [2024-03-27T19:33:23.063+0000] {dagbag.py:537} INFO - Filling up the DagBag from /home/airflow/.local/lib/python3.7/site-packages/airflow/example_dags/example_time_delta_sensor_async.py
[2024-03-27T19:33:23.072+0000] {processor.py:766} INFO - DAG(s) dict_keys(['example_time_delta_sensor_async']) retrieved from /home/airflow/.local/lib/python3.7/site-packages/airflow/example_dags/example_time_delta_sensor_async.py
[2024-03-27T19:33:23.179+0000] {logging_mixin.py:120} INFO - [2024-03-27T19:33:23.179+0000] {dag.py:2585} INFO - Sync 1 DAGs
[2024-03-27T19:33:23.193+0000] {logging_mixin.py:120} INFO - [2024-03-27T19:33:23.193+0000] {dag.py:3340} INFO - Setting next_dagrun for example_time_delta_sensor_async to None, run_after=None
[2024-03-27T19:33:23.206+0000] {processor.py:176} INFO - Processing /home/airflow/.local/lib/python3.7/site-packages/airflow/example_dags/example_time_delta_sensor_async.py took 0.147 seconds
[2024-03-27T19:34:11.064+0000] {processor.py:154} INFO - Started process (PID=744) to work on /home/airflow/.local/lib/python3.7/site-packages/airflow/example_dags/example_time_delta_sensor_async.py
[2024-03-27T19:34:11.066+0000] {processor.py:756} INFO - Processing file /home/airflow/.local/lib/python3.7/site-packages/airflow/example_dags/example_time_delta_sensor_async.py for tasks to queue
[2024-03-27T19:34:11.068+0000] {logging_mixin.py:120} INFO - [2024-03-27T19:34:11.068+0000] {dagbag.py:537} INFO - Filling up the DagBag from /home/airflow/.local/lib/python3.7/site-packages/airflow/example_dags/example_time_delta_sensor_async.py
[2024-03-27T19:34:11.122+0000] {processor.py:766} INFO - DAG(s) dict_keys(['example_time_delta_sensor_async']) retrieved from /home/airflow/.local/lib/python3.7/site-packages/airflow/example_dags/example_time_delta_sensor_async.py
[2024-03-27T19:34:11.802+0000] {logging_mixin.py:120} INFO - [2024-03-27T19:34:11.802+0000] {dag.py:2585} INFO - Sync 1 DAGs
[2024-03-27T19:34:11.848+0000] {logging_mixin.py:120} INFO - [2024-03-27T19:34:11.848+0000] {dag.py:3340} INFO - Setting next_dagrun for example_time_delta_sensor_async to None, run_after=None
[2024-03-27T19:34:11.899+0000] {processor.py:176} INFO - Processing /home/airflow/.local/lib/python3.7/site-packages/airflow/example_dags/example_time_delta_sensor_async.py took 0.843 seconds
[2024-03-27T19:34:42.496+0000] {processor.py:154} INFO - Started process (PID=809) to work on /home/airflow/.local/lib/python3.7/site-packages/airflow/example_dags/example_time_delta_sensor_async.py
[2024-03-27T19:34:42.498+0000] {processor.py:756} INFO - Processing file /home/airflow/.local/lib/python3.7/site-packages/airflow/example_dags/example_time_delta_sensor_async.py for tasks to queue
[2024-03-27T19:34:42.498+0000] {logging_mixin.py:120} INFO - [2024-03-27T19:34:42.498+0000] {dagbag.py:537} INFO - Filling up the DagBag from /home/airflow/.local/lib/python3.7/site-packages/airflow/example_dags/example_time_delta_sensor_async.py
[2024-03-27T19:34:42.516+0000] {processor.py:766} INFO - DAG(s) dict_keys(['example_time_delta_sensor_async']) retrieved from /home/airflow/.local/lib/python3.7/site-packages/airflow/example_dags/example_time_delta_sensor_async.py
[2024-03-27T19:34:43.071+0000] {logging_mixin.py:120} INFO - [2024-03-27T19:34:43.070+0000] {dag.py:2585} INFO - Sync 1 DAGs
[2024-03-27T19:34:43.119+0000] {logging_mixin.py:120} INFO - [2024-03-27T19:34:43.118+0000] {dag.py:3340} INFO - Setting next_dagrun for example_time_delta_sensor_async to None, run_after=None
[2024-03-27T19:34:43.154+0000] {processor.py:176} INFO - Processing /home/airflow/.local/lib/python3.7/site-packages/airflow/example_dags/example_time_delta_sensor_async.py took 0.660 seconds
[2024-03-27T19:35:18.438+0000] {processor.py:154} INFO - Started process (PID=856) to work on /home/airflow/.local/lib/python3.7/site-packages/airflow/example_dags/example_time_delta_sensor_async.py
[2024-03-27T19:35:18.440+0000] {processor.py:756} INFO - Processing file /home/airflow/.local/lib/python3.7/site-packages/airflow/example_dags/example_time_delta_sensor_async.py for tasks to queue
[2024-03-27T19:35:18.441+0000] {logging_mixin.py:120} INFO - [2024-03-27T19:35:18.441+0000] {dagbag.py:537} INFO - Filling up the DagBag from /home/airflow/.local/lib/python3.7/site-packages/airflow/example_dags/example_time_delta_sensor_async.py
[2024-03-27T19:35:18.458+0000] {processor.py:766} INFO - DAG(s) dict_keys(['example_time_delta_sensor_async']) retrieved from /home/airflow/.local/lib/python3.7/site-packages/airflow/example_dags/example_time_delta_sensor_async.py
[2024-03-27T19:35:18.834+0000] {logging_mixin.py:120} INFO - [2024-03-27T19:35:18.833+0000] {dag.py:2585} INFO - Sync 1 DAGs
[2024-03-27T19:35:18.891+0000] {logging_mixin.py:120} INFO - [2024-03-27T19:35:18.891+0000] {dag.py:3340} INFO - Setting next_dagrun for example_time_delta_sensor_async to None, run_after=None
[2024-03-27T19:35:18.936+0000] {processor.py:176} INFO - Processing /home/airflow/.local/lib/python3.7/site-packages/airflow/example_dags/example_time_delta_sensor_async.py took 0.507 seconds
[2024-03-27T19:36:14.614+0000] {processor.py:154} INFO - Started process (PID=923) to work on /home/airflow/.local/lib/python3.7/site-packages/airflow/example_dags/example_time_delta_sensor_async.py
[2024-03-27T19:36:14.616+0000] {processor.py:756} INFO - Processing file /home/airflow/.local/lib/python3.7/site-packages/airflow/example_dags/example_time_delta_sensor_async.py for tasks to queue
[2024-03-27T19:36:14.617+0000] {logging_mixin.py:120} INFO - [2024-03-27T19:36:14.617+0000] {dagbag.py:537} INFO - Filling up the DagBag from /home/airflow/.local/lib/python3.7/site-packages/airflow/example_dags/example_time_delta_sensor_async.py
[2024-03-27T19:36:14.639+0000] {processor.py:766} INFO - DAG(s) dict_keys(['example_time_delta_sensor_async']) retrieved from /home/airflow/.local/lib/python3.7/site-packages/airflow/example_dags/example_time_delta_sensor_async.py
[2024-03-27T19:36:15.104+0000] {logging_mixin.py:120} INFO - [2024-03-27T19:36:15.103+0000] {dag.py:2585} INFO - Sync 1 DAGs
[2024-03-27T19:36:15.141+0000] {logging_mixin.py:120} INFO - [2024-03-27T19:36:15.141+0000] {dag.py:3340} INFO - Setting next_dagrun for example_time_delta_sensor_async to None, run_after=None
[2024-03-27T19:36:15.185+0000] {processor.py:176} INFO - Processing /home/airflow/.local/lib/python3.7/site-packages/airflow/example_dags/example_time_delta_sensor_async.py took 0.575 seconds
[2024-03-27T19:37:02.837+0000] {processor.py:154} INFO - Started process (PID=55) to work on /home/airflow/.local/lib/python3.7/site-packages/airflow/example_dags/example_time_delta_sensor_async.py
[2024-03-27T19:37:02.842+0000] {processor.py:756} INFO - Processing file /home/airflow/.local/lib/python3.7/site-packages/airflow/example_dags/example_time_delta_sensor_async.py for tasks to queue
[2024-03-27T19:37:02.844+0000] {logging_mixin.py:120} INFO - [2024-03-27T19:37:02.844+0000] {dagbag.py:537} INFO - Filling up the DagBag from /home/airflow/.local/lib/python3.7/site-packages/airflow/example_dags/example_time_delta_sensor_async.py
[2024-03-27T19:37:02.871+0000] {processor.py:766} INFO - DAG(s) dict_keys(['example_time_delta_sensor_async']) retrieved from /home/airflow/.local/lib/python3.7/site-packages/airflow/example_dags/example_time_delta_sensor_async.py
[2024-03-27T19:37:03.824+0000] {logging_mixin.py:120} INFO - [2024-03-27T19:37:03.822+0000] {dag.py:2585} INFO - Sync 1 DAGs
[2024-03-27T19:37:03.910+0000] {logging_mixin.py:120} INFO - [2024-03-27T19:37:03.910+0000] {dag.py:3340} INFO - Setting next_dagrun for example_time_delta_sensor_async to None, run_after=None
[2024-03-27T19:37:03.956+0000] {processor.py:176} INFO - Processing /home/airflow/.local/lib/python3.7/site-packages/airflow/example_dags/example_time_delta_sensor_async.py took 1.128 seconds
[2024-03-27T19:37:42.505+0000] {processor.py:154} INFO - Started process (PID=114) to work on /home/airflow/.local/lib/python3.7/site-packages/airflow/example_dags/example_time_delta_sensor_async.py
[2024-03-27T19:37:42.512+0000] {processor.py:756} INFO - Processing file /home/airflow/.local/lib/python3.7/site-packages/airflow/example_dags/example_time_delta_sensor_async.py for tasks to queue
[2024-03-27T19:37:42.513+0000] {logging_mixin.py:120} INFO - [2024-03-27T19:37:42.513+0000] {dagbag.py:537} INFO - Filling up the DagBag from /home/airflow/.local/lib/python3.7/site-packages/airflow/example_dags/example_time_delta_sensor_async.py
[2024-03-27T19:37:42.612+0000] {processor.py:766} INFO - DAG(s) dict_keys(['example_time_delta_sensor_async']) retrieved from /home/airflow/.local/lib/python3.7/site-packages/airflow/example_dags/example_time_delta_sensor_async.py
[2024-03-27T19:37:43.825+0000] {logging_mixin.py:120} INFO - [2024-03-27T19:37:43.824+0000] {dag.py:2585} INFO - Sync 1 DAGs
[2024-03-27T19:37:43.896+0000] {logging_mixin.py:120} INFO - [2024-03-27T19:37:43.896+0000] {dag.py:3340} INFO - Setting next_dagrun for example_time_delta_sensor_async to None, run_after=None
[2024-03-27T19:37:43.944+0000] {processor.py:176} INFO - Processing /home/airflow/.local/lib/python3.7/site-packages/airflow/example_dags/example_time_delta_sensor_async.py took 1.475 seconds
[2024-03-27T19:38:23.622+0000] {processor.py:154} INFO - Started process (PID=57) to work on /home/airflow/.local/lib/python3.7/site-packages/airflow/example_dags/example_time_delta_sensor_async.py
[2024-03-27T19:38:23.625+0000] {processor.py:756} INFO - Processing file /home/airflow/.local/lib/python3.7/site-packages/airflow/example_dags/example_time_delta_sensor_async.py for tasks to queue
[2024-03-27T19:38:23.627+0000] {logging_mixin.py:120} INFO - [2024-03-27T19:38:23.627+0000] {dagbag.py:537} INFO - Filling up the DagBag from /home/airflow/.local/lib/python3.7/site-packages/airflow/example_dags/example_time_delta_sensor_async.py
[2024-03-27T19:38:23.658+0000] {processor.py:766} INFO - DAG(s) dict_keys(['example_time_delta_sensor_async']) retrieved from /home/airflow/.local/lib/python3.7/site-packages/airflow/example_dags/example_time_delta_sensor_async.py
[2024-03-27T19:38:24.279+0000] {logging_mixin.py:120} INFO - [2024-03-27T19:38:24.278+0000] {dag.py:2585} INFO - Sync 1 DAGs
[2024-03-27T19:38:24.393+0000] {logging_mixin.py:120} INFO - [2024-03-27T19:38:24.390+0000] {dag.py:3340} INFO - Setting next_dagrun for example_time_delta_sensor_async to None, run_after=None
[2024-03-27T19:38:24.580+0000] {processor.py:176} INFO - Processing /home/airflow/.local/lib/python3.7/site-packages/airflow/example_dags/example_time_delta_sensor_async.py took 0.966 seconds
[2024-03-27T19:38:55.069+0000] {processor.py:154} INFO - Started process (PID=108) to work on /home/airflow/.local/lib/python3.7/site-packages/airflow/example_dags/example_time_delta_sensor_async.py
[2024-03-27T19:38:55.070+0000] {processor.py:756} INFO - Processing file /home/airflow/.local/lib/python3.7/site-packages/airflow/example_dags/example_time_delta_sensor_async.py for tasks to queue
[2024-03-27T19:38:55.071+0000] {logging_mixin.py:120} INFO - [2024-03-27T19:38:55.071+0000] {dagbag.py:537} INFO - Filling up the DagBag from /home/airflow/.local/lib/python3.7/site-packages/airflow/example_dags/example_time_delta_sensor_async.py
[2024-03-27T19:38:55.106+0000] {processor.py:766} INFO - DAG(s) dict_keys(['example_time_delta_sensor_async']) retrieved from /home/airflow/.local/lib/python3.7/site-packages/airflow/example_dags/example_time_delta_sensor_async.py
[2024-03-27T19:38:55.357+0000] {logging_mixin.py:120} INFO - [2024-03-27T19:38:55.357+0000] {dag.py:2585} INFO - Sync 1 DAGs
[2024-03-27T19:38:55.372+0000] {logging_mixin.py:120} INFO - [2024-03-27T19:38:55.372+0000] {dag.py:3340} INFO - Setting next_dagrun for example_time_delta_sensor_async to None, run_after=None
[2024-03-27T19:38:55.385+0000] {processor.py:176} INFO - Processing /home/airflow/.local/lib/python3.7/site-packages/airflow/example_dags/example_time_delta_sensor_async.py took 0.323 seconds
[2024-03-27T19:39:51.467+0000] {processor.py:154} INFO - Started process (PID=67) to work on /home/airflow/.local/lib/python3.7/site-packages/airflow/example_dags/example_time_delta_sensor_async.py
[2024-03-27T19:39:51.469+0000] {processor.py:756} INFO - Processing file /home/airflow/.local/lib/python3.7/site-packages/airflow/example_dags/example_time_delta_sensor_async.py for tasks to queue
[2024-03-27T19:39:51.470+0000] {logging_mixin.py:120} INFO - [2024-03-27T19:39:51.470+0000] {dagbag.py:537} INFO - Filling up the DagBag from /home/airflow/.local/lib/python3.7/site-packages/airflow/example_dags/example_time_delta_sensor_async.py
[2024-03-27T19:39:51.494+0000] {processor.py:766} INFO - DAG(s) dict_keys(['example_time_delta_sensor_async']) retrieved from /home/airflow/.local/lib/python3.7/site-packages/airflow/example_dags/example_time_delta_sensor_async.py
[2024-03-27T19:39:51.633+0000] {logging_mixin.py:120} INFO - [2024-03-27T19:39:51.633+0000] {dag.py:2585} INFO - Sync 1 DAGs
[2024-03-27T19:39:51.649+0000] {logging_mixin.py:120} INFO - [2024-03-27T19:39:51.649+0000] {dag.py:3340} INFO - Setting next_dagrun for example_time_delta_sensor_async to None, run_after=None
[2024-03-27T19:39:51.664+0000] {processor.py:176} INFO - Processing /home/airflow/.local/lib/python3.7/site-packages/airflow/example_dags/example_time_delta_sensor_async.py took 0.199 seconds
[2024-03-27T19:40:30.915+0000] {processor.py:154} INFO - Started process (PID=125) to work on /home/airflow/.local/lib/python3.7/site-packages/airflow/example_dags/example_time_delta_sensor_async.py
[2024-03-27T19:40:30.917+0000] {processor.py:756} INFO - Processing file /home/airflow/.local/lib/python3.7/site-packages/airflow/example_dags/example_time_delta_sensor_async.py for tasks to queue
[2024-03-27T19:40:30.924+0000] {logging_mixin.py:120} INFO - [2024-03-27T19:40:30.924+0000] {dagbag.py:537} INFO - Filling up the DagBag from /home/airflow/.local/lib/python3.7/site-packages/airflow/example_dags/example_time_delta_sensor_async.py
[2024-03-27T19:40:30.950+0000] {processor.py:766} INFO - DAG(s) dict_keys(['example_time_delta_sensor_async']) retrieved from /home/airflow/.local/lib/python3.7/site-packages/airflow/example_dags/example_time_delta_sensor_async.py
[2024-03-27T19:40:31.179+0000] {logging_mixin.py:120} INFO - [2024-03-27T19:40:31.179+0000] {dag.py:2585} INFO - Sync 1 DAGs
[2024-03-27T19:40:31.212+0000] {logging_mixin.py:120} INFO - [2024-03-27T19:40:31.211+0000] {dag.py:3340} INFO - Setting next_dagrun for example_time_delta_sensor_async to None, run_after=None
[2024-03-27T19:40:31.241+0000] {processor.py:176} INFO - Processing /home/airflow/.local/lib/python3.7/site-packages/airflow/example_dags/example_time_delta_sensor_async.py took 0.335 seconds
[2024-03-27T19:41:07.182+0000] {processor.py:154} INFO - Started process (PID=176) to work on /home/airflow/.local/lib/python3.7/site-packages/airflow/example_dags/example_time_delta_sensor_async.py
[2024-03-27T19:41:07.184+0000] {processor.py:756} INFO - Processing file /home/airflow/.local/lib/python3.7/site-packages/airflow/example_dags/example_time_delta_sensor_async.py for tasks to queue
[2024-03-27T19:41:07.185+0000] {logging_mixin.py:120} INFO - [2024-03-27T19:41:07.185+0000] {dagbag.py:537} INFO - Filling up the DagBag from /home/airflow/.local/lib/python3.7/site-packages/airflow/example_dags/example_time_delta_sensor_async.py
[2024-03-27T19:41:07.200+0000] {processor.py:766} INFO - DAG(s) dict_keys(['example_time_delta_sensor_async']) retrieved from /home/airflow/.local/lib/python3.7/site-packages/airflow/example_dags/example_time_delta_sensor_async.py
[2024-03-27T19:41:07.346+0000] {logging_mixin.py:120} INFO - [2024-03-27T19:41:07.346+0000] {dag.py:2585} INFO - Sync 1 DAGs
[2024-03-27T19:41:07.367+0000] {logging_mixin.py:120} INFO - [2024-03-27T19:41:07.366+0000] {dag.py:3340} INFO - Setting next_dagrun for example_time_delta_sensor_async to None, run_after=None
[2024-03-27T19:41:07.390+0000] {processor.py:176} INFO - Processing /home/airflow/.local/lib/python3.7/site-packages/airflow/example_dags/example_time_delta_sensor_async.py took 0.212 seconds
[2024-03-27T19:41:39.289+0000] {processor.py:154} INFO - Started process (PID=57) to work on /home/airflow/.local/lib/python3.7/site-packages/airflow/example_dags/example_time_delta_sensor_async.py
[2024-03-27T19:41:39.291+0000] {processor.py:756} INFO - Processing file /home/airflow/.local/lib/python3.7/site-packages/airflow/example_dags/example_time_delta_sensor_async.py for tasks to queue
[2024-03-27T19:41:39.292+0000] {logging_mixin.py:120} INFO - [2024-03-27T19:41:39.291+0000] {dagbag.py:537} INFO - Filling up the DagBag from /home/airflow/.local/lib/python3.7/site-packages/airflow/example_dags/example_time_delta_sensor_async.py
[2024-03-27T19:41:39.307+0000] {processor.py:766} INFO - DAG(s) dict_keys(['example_time_delta_sensor_async']) retrieved from /home/airflow/.local/lib/python3.7/site-packages/airflow/example_dags/example_time_delta_sensor_async.py
[2024-03-27T19:41:39.431+0000] {logging_mixin.py:120} INFO - [2024-03-27T19:41:39.431+0000] {dag.py:2585} INFO - Sync 1 DAGs
[2024-03-27T19:41:39.449+0000] {logging_mixin.py:120} INFO - [2024-03-27T19:41:39.449+0000] {dag.py:3340} INFO - Setting next_dagrun for example_time_delta_sensor_async to None, run_after=None
[2024-03-27T19:41:39.461+0000] {processor.py:176} INFO - Processing /home/airflow/.local/lib/python3.7/site-packages/airflow/example_dags/example_time_delta_sensor_async.py took 0.175 seconds
[2024-03-27T19:42:10.785+0000] {processor.py:154} INFO - Started process (PID=107) to work on /home/airflow/.local/lib/python3.7/site-packages/airflow/example_dags/example_time_delta_sensor_async.py
[2024-03-27T19:42:10.786+0000] {processor.py:756} INFO - Processing file /home/airflow/.local/lib/python3.7/site-packages/airflow/example_dags/example_time_delta_sensor_async.py for tasks to queue
[2024-03-27T19:42:10.786+0000] {logging_mixin.py:120} INFO - [2024-03-27T19:42:10.786+0000] {dagbag.py:537} INFO - Filling up the DagBag from /home/airflow/.local/lib/python3.7/site-packages/airflow/example_dags/example_time_delta_sensor_async.py
[2024-03-27T19:42:10.797+0000] {processor.py:766} INFO - DAG(s) dict_keys(['example_time_delta_sensor_async']) retrieved from /home/airflow/.local/lib/python3.7/site-packages/airflow/example_dags/example_time_delta_sensor_async.py
[2024-03-27T19:42:10.907+0000] {logging_mixin.py:120} INFO - [2024-03-27T19:42:10.907+0000] {dag.py:2585} INFO - Sync 1 DAGs
[2024-03-27T19:42:10.924+0000] {logging_mixin.py:120} INFO - [2024-03-27T19:42:10.923+0000] {dag.py:3340} INFO - Setting next_dagrun for example_time_delta_sensor_async to None, run_after=None
[2024-03-27T19:42:10.935+0000] {processor.py:176} INFO - Processing /home/airflow/.local/lib/python3.7/site-packages/airflow/example_dags/example_time_delta_sensor_async.py took 0.152 seconds
[2024-03-27T19:42:49.622+0000] {processor.py:154} INFO - Started process (PID=167) to work on /home/airflow/.local/lib/python3.7/site-packages/airflow/example_dags/example_time_delta_sensor_async.py
[2024-03-27T19:42:49.625+0000] {processor.py:756} INFO - Processing file /home/airflow/.local/lib/python3.7/site-packages/airflow/example_dags/example_time_delta_sensor_async.py for tasks to queue
[2024-03-27T19:42:49.626+0000] {logging_mixin.py:120} INFO - [2024-03-27T19:42:49.626+0000] {dagbag.py:537} INFO - Filling up the DagBag from /home/airflow/.local/lib/python3.7/site-packages/airflow/example_dags/example_time_delta_sensor_async.py
[2024-03-27T19:42:49.688+0000] {processor.py:766} INFO - DAG(s) dict_keys(['example_time_delta_sensor_async']) retrieved from /home/airflow/.local/lib/python3.7/site-packages/airflow/example_dags/example_time_delta_sensor_async.py
[2024-03-27T19:42:49.995+0000] {logging_mixin.py:120} INFO - [2024-03-27T19:42:49.995+0000] {dag.py:2585} INFO - Sync 1 DAGs
[2024-03-27T19:42:50.027+0000] {logging_mixin.py:120} INFO - [2024-03-27T19:42:50.027+0000] {dag.py:3340} INFO - Setting next_dagrun for example_time_delta_sensor_async to None, run_after=None
[2024-03-27T19:42:50.051+0000] {processor.py:176} INFO - Processing /home/airflow/.local/lib/python3.7/site-packages/airflow/example_dags/example_time_delta_sensor_async.py took 0.443 seconds
[2024-03-27T19:44:27.453+0000] {processor.py:154} INFO - Started process (PID=58) to work on /home/airflow/.local/lib/python3.7/site-packages/airflow/example_dags/example_time_delta_sensor_async.py
[2024-03-27T19:44:27.456+0000] {processor.py:756} INFO - Processing file /home/airflow/.local/lib/python3.7/site-packages/airflow/example_dags/example_time_delta_sensor_async.py for tasks to queue
[2024-03-27T19:44:27.457+0000] {logging_mixin.py:120} INFO - [2024-03-27T19:44:27.457+0000] {dagbag.py:537} INFO - Filling up the DagBag from /home/airflow/.local/lib/python3.7/site-packages/airflow/example_dags/example_time_delta_sensor_async.py
[2024-03-27T19:44:27.468+0000] {processor.py:766} INFO - DAG(s) dict_keys(['example_time_delta_sensor_async']) retrieved from /home/airflow/.local/lib/python3.7/site-packages/airflow/example_dags/example_time_delta_sensor_async.py
[2024-03-27T19:44:27.649+0000] {logging_mixin.py:120} INFO - [2024-03-27T19:44:27.649+0000] {dag.py:2585} INFO - Sync 1 DAGs
[2024-03-27T19:44:27.668+0000] {logging_mixin.py:120} INFO - [2024-03-27T19:44:27.668+0000] {dag.py:3340} INFO - Setting next_dagrun for example_time_delta_sensor_async to None, run_after=None
[2024-03-27T19:44:27.680+0000] {processor.py:176} INFO - Processing /home/airflow/.local/lib/python3.7/site-packages/airflow/example_dags/example_time_delta_sensor_async.py took 0.230 seconds
[2024-03-27T19:45:21.259+0000] {processor.py:154} INFO - Started process (PID=117) to work on /home/airflow/.local/lib/python3.7/site-packages/airflow/example_dags/example_time_delta_sensor_async.py
[2024-03-27T19:45:21.263+0000] {processor.py:756} INFO - Processing file /home/airflow/.local/lib/python3.7/site-packages/airflow/example_dags/example_time_delta_sensor_async.py for tasks to queue
[2024-03-27T19:45:21.264+0000] {logging_mixin.py:120} INFO - [2024-03-27T19:45:21.264+0000] {dagbag.py:537} INFO - Filling up the DagBag from /home/airflow/.local/lib/python3.7/site-packages/airflow/example_dags/example_time_delta_sensor_async.py
[2024-03-27T19:45:21.301+0000] {processor.py:766} INFO - DAG(s) dict_keys(['example_time_delta_sensor_async']) retrieved from /home/airflow/.local/lib/python3.7/site-packages/airflow/example_dags/example_time_delta_sensor_async.py
[2024-03-27T19:45:21.582+0000] {logging_mixin.py:120} INFO - [2024-03-27T19:45:21.581+0000] {dag.py:2585} INFO - Sync 1 DAGs
[2024-03-27T19:45:21.614+0000] {logging_mixin.py:120} INFO - [2024-03-27T19:45:21.614+0000] {dag.py:3340} INFO - Setting next_dagrun for example_time_delta_sensor_async to None, run_after=None
[2024-03-27T19:45:21.636+0000] {processor.py:176} INFO - Processing /home/airflow/.local/lib/python3.7/site-packages/airflow/example_dags/example_time_delta_sensor_async.py took 0.387 seconds
[2024-03-27T19:46:20.950+0000] {processor.py:154} INFO - Started process (PID=70) to work on /home/airflow/.local/lib/python3.7/site-packages/airflow/example_dags/example_time_delta_sensor_async.py
[2024-03-27T19:46:20.953+0000] {processor.py:756} INFO - Processing file /home/airflow/.local/lib/python3.7/site-packages/airflow/example_dags/example_time_delta_sensor_async.py for tasks to queue
[2024-03-27T19:46:20.955+0000] {logging_mixin.py:120} INFO - [2024-03-27T19:46:20.954+0000] {dagbag.py:537} INFO - Filling up the DagBag from /home/airflow/.local/lib/python3.7/site-packages/airflow/example_dags/example_time_delta_sensor_async.py
[2024-03-27T19:46:21.029+0000] {processor.py:766} INFO - DAG(s) dict_keys(['example_time_delta_sensor_async']) retrieved from /home/airflow/.local/lib/python3.7/site-packages/airflow/example_dags/example_time_delta_sensor_async.py
[2024-03-27T19:46:39.393+0000] {logging_mixin.py:120} INFO - [2024-03-27T19:46:39.388+0000] {dag.py:2585} INFO - Sync 1 DAGs
[2024-03-27T19:46:39.579+0000] {logging_mixin.py:120} INFO - [2024-03-27T19:46:39.578+0000] {dag.py:3340} INFO - Setting next_dagrun for example_time_delta_sensor_async to None, run_after=None
[2024-03-27T19:46:39.599+0000] {processor.py:176} INFO - Processing /home/airflow/.local/lib/python3.7/site-packages/airflow/example_dags/example_time_delta_sensor_async.py took 18.751 seconds
[2024-03-27T19:47:23.565+0000] {processor.py:154} INFO - Started process (PID=124) to work on /home/airflow/.local/lib/python3.7/site-packages/airflow/example_dags/example_time_delta_sensor_async.py
[2024-03-27T19:47:23.566+0000] {processor.py:756} INFO - Processing file /home/airflow/.local/lib/python3.7/site-packages/airflow/example_dags/example_time_delta_sensor_async.py for tasks to queue
[2024-03-27T19:47:23.568+0000] {logging_mixin.py:120} INFO - [2024-03-27T19:47:23.568+0000] {dagbag.py:537} INFO - Filling up the DagBag from /home/airflow/.local/lib/python3.7/site-packages/airflow/example_dags/example_time_delta_sensor_async.py
[2024-03-27T19:47:23.612+0000] {processor.py:766} INFO - DAG(s) dict_keys(['example_time_delta_sensor_async']) retrieved from /home/airflow/.local/lib/python3.7/site-packages/airflow/example_dags/example_time_delta_sensor_async.py
[2024-03-27T19:47:23.912+0000] {logging_mixin.py:120} INFO - [2024-03-27T19:47:23.912+0000] {dag.py:2585} INFO - Sync 1 DAGs
[2024-03-27T19:47:23.954+0000] {logging_mixin.py:120} INFO - [2024-03-27T19:47:23.954+0000] {dag.py:3340} INFO - Setting next_dagrun for example_time_delta_sensor_async to None, run_after=None
[2024-03-27T19:47:23.982+0000] {processor.py:176} INFO - Processing /home/airflow/.local/lib/python3.7/site-packages/airflow/example_dags/example_time_delta_sensor_async.py took 0.423 seconds
[2024-03-27T19:47:46.816+0000] {processor.py:154} INFO - Started process (PID=57) to work on /home/airflow/.local/lib/python3.7/site-packages/airflow/example_dags/example_time_delta_sensor_async.py
[2024-03-27T19:47:46.819+0000] {processor.py:756} INFO - Processing file /home/airflow/.local/lib/python3.7/site-packages/airflow/example_dags/example_time_delta_sensor_async.py for tasks to queue
[2024-03-27T19:47:46.820+0000] {logging_mixin.py:120} INFO - [2024-03-27T19:47:46.819+0000] {dagbag.py:537} INFO - Filling up the DagBag from /home/airflow/.local/lib/python3.7/site-packages/airflow/example_dags/example_time_delta_sensor_async.py
[2024-03-27T19:47:46.827+0000] {processor.py:766} INFO - DAG(s) dict_keys(['example_time_delta_sensor_async']) retrieved from /home/airflow/.local/lib/python3.7/site-packages/airflow/example_dags/example_time_delta_sensor_async.py
[2024-03-27T19:47:46.945+0000] {logging_mixin.py:120} INFO - [2024-03-27T19:47:46.944+0000] {dag.py:2585} INFO - Sync 1 DAGs
[2024-03-27T19:47:46.962+0000] {logging_mixin.py:120} INFO - [2024-03-27T19:47:46.962+0000] {dag.py:3340} INFO - Setting next_dagrun for example_time_delta_sensor_async to None, run_after=None
[2024-03-27T19:47:46.975+0000] {processor.py:176} INFO - Processing /home/airflow/.local/lib/python3.7/site-packages/airflow/example_dags/example_time_delta_sensor_async.py took 0.160 seconds
[2024-03-27T19:48:34.681+0000] {processor.py:154} INFO - Started process (PID=114) to work on /home/airflow/.local/lib/python3.7/site-packages/airflow/example_dags/example_time_delta_sensor_async.py
[2024-03-27T19:48:34.683+0000] {processor.py:756} INFO - Processing file /home/airflow/.local/lib/python3.7/site-packages/airflow/example_dags/example_time_delta_sensor_async.py for tasks to queue
[2024-03-27T19:48:34.683+0000] {logging_mixin.py:120} INFO - [2024-03-27T19:48:34.683+0000] {dagbag.py:537} INFO - Filling up the DagBag from /home/airflow/.local/lib/python3.7/site-packages/airflow/example_dags/example_time_delta_sensor_async.py
[2024-03-27T19:48:34.703+0000] {processor.py:766} INFO - DAG(s) dict_keys(['example_time_delta_sensor_async']) retrieved from /home/airflow/.local/lib/python3.7/site-packages/airflow/example_dags/example_time_delta_sensor_async.py
[2024-03-27T19:48:35.015+0000] {logging_mixin.py:120} INFO - [2024-03-27T19:48:35.015+0000] {dag.py:2585} INFO - Sync 1 DAGs
[2024-03-27T19:48:35.073+0000] {logging_mixin.py:120} INFO - [2024-03-27T19:48:35.073+0000] {dag.py:3340} INFO - Setting next_dagrun for example_time_delta_sensor_async to None, run_after=None
[2024-03-27T19:48:35.096+0000] {processor.py:176} INFO - Processing /home/airflow/.local/lib/python3.7/site-packages/airflow/example_dags/example_time_delta_sensor_async.py took 0.417 seconds
[2024-03-27T19:49:26.507+0000] {processor.py:154} INFO - Started process (PID=58) to work on /home/airflow/.local/lib/python3.7/site-packages/airflow/example_dags/example_time_delta_sensor_async.py
[2024-03-27T19:49:26.508+0000] {processor.py:756} INFO - Processing file /home/airflow/.local/lib/python3.7/site-packages/airflow/example_dags/example_time_delta_sensor_async.py for tasks to queue
[2024-03-27T19:49:26.509+0000] {logging_mixin.py:120} INFO - [2024-03-27T19:49:26.509+0000] {dagbag.py:537} INFO - Filling up the DagBag from /home/airflow/.local/lib/python3.7/site-packages/airflow/example_dags/example_time_delta_sensor_async.py
[2024-03-27T19:49:26.517+0000] {processor.py:766} INFO - DAG(s) dict_keys(['example_time_delta_sensor_async']) retrieved from /home/airflow/.local/lib/python3.7/site-packages/airflow/example_dags/example_time_delta_sensor_async.py
[2024-03-27T19:49:26.657+0000] {logging_mixin.py:120} INFO - [2024-03-27T19:49:26.657+0000] {dag.py:2585} INFO - Sync 1 DAGs
[2024-03-27T19:49:26.679+0000] {logging_mixin.py:120} INFO - [2024-03-27T19:49:26.679+0000] {dag.py:3340} INFO - Setting next_dagrun for example_time_delta_sensor_async to None, run_after=None
[2024-03-27T19:49:26.694+0000] {processor.py:176} INFO - Processing /home/airflow/.local/lib/python3.7/site-packages/airflow/example_dags/example_time_delta_sensor_async.py took 0.189 seconds
[2024-03-27T19:50:01.208+0000] {processor.py:154} INFO - Started process (PID=116) to work on /home/airflow/.local/lib/python3.7/site-packages/airflow/example_dags/example_time_delta_sensor_async.py
[2024-03-27T19:50:01.211+0000] {processor.py:756} INFO - Processing file /home/airflow/.local/lib/python3.7/site-packages/airflow/example_dags/example_time_delta_sensor_async.py for tasks to queue
[2024-03-27T19:50:01.212+0000] {logging_mixin.py:120} INFO - [2024-03-27T19:50:01.212+0000] {dagbag.py:537} INFO - Filling up the DagBag from /home/airflow/.local/lib/python3.7/site-packages/airflow/example_dags/example_time_delta_sensor_async.py
[2024-03-27T19:50:01.230+0000] {processor.py:766} INFO - DAG(s) dict_keys(['example_time_delta_sensor_async']) retrieved from /home/airflow/.local/lib/python3.7/site-packages/airflow/example_dags/example_time_delta_sensor_async.py
[2024-03-27T19:50:01.386+0000] {logging_mixin.py:120} INFO - [2024-03-27T19:50:01.386+0000] {dag.py:2585} INFO - Sync 1 DAGs
[2024-03-27T19:50:01.404+0000] {logging_mixin.py:120} INFO - [2024-03-27T19:50:01.404+0000] {dag.py:3340} INFO - Setting next_dagrun for example_time_delta_sensor_async to None, run_after=None
[2024-03-27T19:50:01.419+0000] {processor.py:176} INFO - Processing /home/airflow/.local/lib/python3.7/site-packages/airflow/example_dags/example_time_delta_sensor_async.py took 0.215 seconds
[2024-03-27T19:54:19.267+0000] {processor.py:154} INFO - Started process (PID=50) to work on /home/airflow/.local/lib/python3.7/site-packages/airflow/example_dags/example_time_delta_sensor_async.py
[2024-03-27T19:54:19.268+0000] {processor.py:756} INFO - Processing file /home/airflow/.local/lib/python3.7/site-packages/airflow/example_dags/example_time_delta_sensor_async.py for tasks to queue
[2024-03-27T19:54:19.269+0000] {logging_mixin.py:120} INFO - [2024-03-27T19:54:19.269+0000] {dagbag.py:537} INFO - Filling up the DagBag from /home/airflow/.local/lib/python3.7/site-packages/airflow/example_dags/example_time_delta_sensor_async.py
[2024-03-27T19:54:19.290+0000] {processor.py:766} INFO - DAG(s) dict_keys(['example_time_delta_sensor_async']) retrieved from /home/airflow/.local/lib/python3.7/site-packages/airflow/example_dags/example_time_delta_sensor_async.py
[2024-03-27T19:54:20.116+0000] {logging_mixin.py:120} INFO - [2024-03-27T19:54:20.114+0000] {dag.py:2585} INFO - Sync 1 DAGs
[2024-03-27T19:54:20.254+0000] {logging_mixin.py:120} INFO - [2024-03-27T19:54:20.254+0000] {dag.py:3340} INFO - Setting next_dagrun for example_time_delta_sensor_async to None, run_after=None
[2024-03-27T19:54:20.291+0000] {processor.py:176} INFO - Processing /home/airflow/.local/lib/python3.7/site-packages/airflow/example_dags/example_time_delta_sensor_async.py took 1.026 seconds
