[2024-03-27T19:09:51.511+0000] {processor.py:154} INFO - Started process (PID=73) to work on /home/airflow/.local/lib/python3.7/site-packages/airflow/example_dags/example_bash_operator.py
[2024-03-27T19:09:51.511+0000] {processor.py:756} INFO - Processing file /home/airflow/.local/lib/python3.7/site-packages/airflow/example_dags/example_bash_operator.py for tasks to queue
[2024-03-27T19:09:51.512+0000] {logging_mixin.py:120} INFO - [2024-03-27T19:09:51.512+0000] {dagbag.py:537} INFO - Filling up the DagBag from /home/airflow/.local/lib/python3.7/site-packages/airflow/example_dags/example_bash_operator.py
[2024-03-27T19:09:51.538+0000] {processor.py:766} INFO - DAG(s) dict_keys(['example_bash_operator']) retrieved from /home/airflow/.local/lib/python3.7/site-packages/airflow/example_dags/example_bash_operator.py
[2024-03-27T19:09:51.583+0000] {logging_mixin.py:120} INFO - [2024-03-27T19:09:51.583+0000] {dag.py:2585} INFO - Sync 1 DAGs
[2024-03-27T19:09:51.629+0000] {logging_mixin.py:120} INFO - [2024-03-27T19:09:51.629+0000] {dag.py:3340} INFO - Setting next_dagrun for example_bash_operator to 2024-03-26T00:00:00+00:00, run_after=2024-03-27T00:00:00+00:00
[2024-03-27T19:09:51.656+0000] {processor.py:176} INFO - Processing /home/airflow/.local/lib/python3.7/site-packages/airflow/example_dags/example_bash_operator.py took 0.147 seconds
[2024-03-27T19:10:21.786+0000] {processor.py:154} INFO - Started process (PID=140) to work on /home/airflow/.local/lib/python3.7/site-packages/airflow/example_dags/example_bash_operator.py
[2024-03-27T19:10:21.787+0000] {processor.py:756} INFO - Processing file /home/airflow/.local/lib/python3.7/site-packages/airflow/example_dags/example_bash_operator.py for tasks to queue
[2024-03-27T19:10:21.788+0000] {logging_mixin.py:120} INFO - [2024-03-27T19:10:21.787+0000] {dagbag.py:537} INFO - Filling up the DagBag from /home/airflow/.local/lib/python3.7/site-packages/airflow/example_dags/example_bash_operator.py
[2024-03-27T19:10:21.806+0000] {processor.py:766} INFO - DAG(s) dict_keys(['example_bash_operator']) retrieved from /home/airflow/.local/lib/python3.7/site-packages/airflow/example_dags/example_bash_operator.py
[2024-03-27T19:10:21.844+0000] {logging_mixin.py:120} INFO - [2024-03-27T19:10:21.844+0000] {dag.py:2585} INFO - Sync 1 DAGs
[2024-03-27T19:10:21.860+0000] {logging_mixin.py:120} INFO - [2024-03-27T19:10:21.860+0000] {dag.py:3340} INFO - Setting next_dagrun for example_bash_operator to 2024-03-26T00:00:00+00:00, run_after=2024-03-27T00:00:00+00:00
[2024-03-27T19:10:21.874+0000] {processor.py:176} INFO - Processing /home/airflow/.local/lib/python3.7/site-packages/airflow/example_dags/example_bash_operator.py took 0.090 seconds
[2024-03-27T19:10:53.163+0000] {processor.py:154} INFO - Started process (PID=73) to work on /home/airflow/.local/lib/python3.7/site-packages/airflow/example_dags/example_bash_operator.py
[2024-03-27T19:10:53.166+0000] {processor.py:756} INFO - Processing file /home/airflow/.local/lib/python3.7/site-packages/airflow/example_dags/example_bash_operator.py for tasks to queue
[2024-03-27T19:10:53.167+0000] {logging_mixin.py:120} INFO - [2024-03-27T19:10:53.167+0000] {dagbag.py:537} INFO - Filling up the DagBag from /home/airflow/.local/lib/python3.7/site-packages/airflow/example_dags/example_bash_operator.py
[2024-03-27T19:10:53.259+0000] {processor.py:766} INFO - DAG(s) dict_keys(['example_bash_operator']) retrieved from /home/airflow/.local/lib/python3.7/site-packages/airflow/example_dags/example_bash_operator.py
[2024-03-27T19:11:10.725+0000] {logging_mixin.py:120} INFO - [2024-03-27T19:11:10.723+0000] {dag.py:2585} INFO - Sync 1 DAGs
[2024-03-27T19:11:10.886+0000] {logging_mixin.py:120} INFO - [2024-03-27T19:11:10.885+0000] {dag.py:3340} INFO - Setting next_dagrun for example_bash_operator to 2024-03-26T00:00:00+00:00, run_after=2024-03-27T00:00:00+00:00
[2024-03-27T19:11:10.926+0000] {processor.py:176} INFO - Processing /home/airflow/.local/lib/python3.7/site-packages/airflow/example_dags/example_bash_operator.py took 17.770 seconds
[2024-03-27T19:11:41.251+0000] {processor.py:154} INFO - Started process (PID=133) to work on /home/airflow/.local/lib/python3.7/site-packages/airflow/example_dags/example_bash_operator.py
[2024-03-27T19:11:41.253+0000] {processor.py:756} INFO - Processing file /home/airflow/.local/lib/python3.7/site-packages/airflow/example_dags/example_bash_operator.py for tasks to queue
[2024-03-27T19:11:41.259+0000] {logging_mixin.py:120} INFO - [2024-03-27T19:11:41.259+0000] {dagbag.py:537} INFO - Filling up the DagBag from /home/airflow/.local/lib/python3.7/site-packages/airflow/example_dags/example_bash_operator.py
[2024-03-27T19:11:41.353+0000] {processor.py:766} INFO - DAG(s) dict_keys(['example_bash_operator']) retrieved from /home/airflow/.local/lib/python3.7/site-packages/airflow/example_dags/example_bash_operator.py
[2024-03-27T19:11:41.523+0000] {logging_mixin.py:120} INFO - [2024-03-27T19:11:41.523+0000] {dag.py:2585} INFO - Sync 1 DAGs
[2024-03-27T19:11:41.686+0000] {logging_mixin.py:120} INFO - [2024-03-27T19:11:41.686+0000] {dag.py:3340} INFO - Setting next_dagrun for example_bash_operator to 2024-03-26T00:00:00+00:00, run_after=2024-03-27T00:00:00+00:00
[2024-03-27T19:11:41.808+0000] {processor.py:176} INFO - Processing /home/airflow/.local/lib/python3.7/site-packages/airflow/example_dags/example_bash_operator.py took 0.560 seconds
[2024-03-27T19:12:21.771+0000] {processor.py:154} INFO - Started process (PID=74) to work on /home/airflow/.local/lib/python3.7/site-packages/airflow/example_dags/example_bash_operator.py
[2024-03-27T19:12:21.772+0000] {processor.py:756} INFO - Processing file /home/airflow/.local/lib/python3.7/site-packages/airflow/example_dags/example_bash_operator.py for tasks to queue
[2024-03-27T19:12:21.772+0000] {logging_mixin.py:120} INFO - [2024-03-27T19:12:21.772+0000] {dagbag.py:537} INFO - Filling up the DagBag from /home/airflow/.local/lib/python3.7/site-packages/airflow/example_dags/example_bash_operator.py
[2024-03-27T19:12:21.787+0000] {processor.py:766} INFO - DAG(s) dict_keys(['example_bash_operator']) retrieved from /home/airflow/.local/lib/python3.7/site-packages/airflow/example_dags/example_bash_operator.py
[2024-03-27T19:12:21.814+0000] {logging_mixin.py:120} INFO - [2024-03-27T19:12:21.813+0000] {dag.py:2585} INFO - Sync 1 DAGs
[2024-03-27T19:12:21.832+0000] {logging_mixin.py:120} INFO - [2024-03-27T19:12:21.832+0000] {dag.py:3340} INFO - Setting next_dagrun for example_bash_operator to 2024-03-26T00:00:00+00:00, run_after=2024-03-27T00:00:00+00:00
[2024-03-27T19:12:21.848+0000] {processor.py:176} INFO - Processing /home/airflow/.local/lib/python3.7/site-packages/airflow/example_dags/example_bash_operator.py took 0.079 seconds
[2024-03-27T19:12:52.673+0000] {processor.py:154} INFO - Started process (PID=124) to work on /home/airflow/.local/lib/python3.7/site-packages/airflow/example_dags/example_bash_operator.py
[2024-03-27T19:12:52.673+0000] {processor.py:756} INFO - Processing file /home/airflow/.local/lib/python3.7/site-packages/airflow/example_dags/example_bash_operator.py for tasks to queue
[2024-03-27T19:12:52.674+0000] {logging_mixin.py:120} INFO - [2024-03-27T19:12:52.674+0000] {dagbag.py:537} INFO - Filling up the DagBag from /home/airflow/.local/lib/python3.7/site-packages/airflow/example_dags/example_bash_operator.py
[2024-03-27T19:12:52.689+0000] {processor.py:766} INFO - DAG(s) dict_keys(['example_bash_operator']) retrieved from /home/airflow/.local/lib/python3.7/site-packages/airflow/example_dags/example_bash_operator.py
[2024-03-27T19:12:52.722+0000] {logging_mixin.py:120} INFO - [2024-03-27T19:12:52.722+0000] {dag.py:2585} INFO - Sync 1 DAGs
[2024-03-27T19:12:52.744+0000] {logging_mixin.py:120} INFO - [2024-03-27T19:12:52.744+0000] {dag.py:3340} INFO - Setting next_dagrun for example_bash_operator to 2024-03-26T00:00:00+00:00, run_after=2024-03-27T00:00:00+00:00
[2024-03-27T19:12:52.755+0000] {processor.py:176} INFO - Processing /home/airflow/.local/lib/python3.7/site-packages/airflow/example_dags/example_bash_operator.py took 0.084 seconds
[2024-03-27T19:13:33.332+0000] {processor.py:154} INFO - Started process (PID=185) to work on /home/airflow/.local/lib/python3.7/site-packages/airflow/example_dags/example_bash_operator.py
[2024-03-27T19:13:33.334+0000] {processor.py:756} INFO - Processing file /home/airflow/.local/lib/python3.7/site-packages/airflow/example_dags/example_bash_operator.py for tasks to queue
[2024-03-27T19:13:33.334+0000] {logging_mixin.py:120} INFO - [2024-03-27T19:13:33.334+0000] {dagbag.py:537} INFO - Filling up the DagBag from /home/airflow/.local/lib/python3.7/site-packages/airflow/example_dags/example_bash_operator.py
[2024-03-27T19:13:33.361+0000] {processor.py:766} INFO - DAG(s) dict_keys(['example_bash_operator']) retrieved from /home/airflow/.local/lib/python3.7/site-packages/airflow/example_dags/example_bash_operator.py
[2024-03-27T19:13:33.409+0000] {logging_mixin.py:120} INFO - [2024-03-27T19:13:33.409+0000] {dag.py:2585} INFO - Sync 1 DAGs
[2024-03-27T19:13:33.432+0000] {logging_mixin.py:120} INFO - [2024-03-27T19:13:33.432+0000] {dag.py:3340} INFO - Setting next_dagrun for example_bash_operator to 2024-03-26T00:00:00+00:00, run_after=2024-03-27T00:00:00+00:00
[2024-03-27T19:13:33.451+0000] {processor.py:176} INFO - Processing /home/airflow/.local/lib/python3.7/site-packages/airflow/example_dags/example_bash_operator.py took 0.123 seconds
[2024-03-27T19:13:57.420+0000] {processor.py:154} INFO - Started process (PID=73) to work on /home/airflow/.local/lib/python3.7/site-packages/airflow/example_dags/example_bash_operator.py
[2024-03-27T19:13:57.421+0000] {processor.py:756} INFO - Processing file /home/airflow/.local/lib/python3.7/site-packages/airflow/example_dags/example_bash_operator.py for tasks to queue
[2024-03-27T19:13:57.421+0000] {logging_mixin.py:120} INFO - [2024-03-27T19:13:57.421+0000] {dagbag.py:537} INFO - Filling up the DagBag from /home/airflow/.local/lib/python3.7/site-packages/airflow/example_dags/example_bash_operator.py
[2024-03-27T19:13:57.436+0000] {processor.py:766} INFO - DAG(s) dict_keys(['example_bash_operator']) retrieved from /home/airflow/.local/lib/python3.7/site-packages/airflow/example_dags/example_bash_operator.py
[2024-03-27T19:13:57.464+0000] {logging_mixin.py:120} INFO - [2024-03-27T19:13:57.464+0000] {dag.py:2585} INFO - Sync 1 DAGs
[2024-03-27T19:13:57.482+0000] {logging_mixin.py:120} INFO - [2024-03-27T19:13:57.482+0000] {dag.py:3340} INFO - Setting next_dagrun for example_bash_operator to 2024-03-26T00:00:00+00:00, run_after=2024-03-27T00:00:00+00:00
[2024-03-27T19:13:57.493+0000] {processor.py:176} INFO - Processing /home/airflow/.local/lib/python3.7/site-packages/airflow/example_dags/example_bash_operator.py took 0.075 seconds
[2024-03-27T19:14:50.171+0000] {processor.py:154} INFO - Started process (PID=132) to work on /home/airflow/.local/lib/python3.7/site-packages/airflow/example_dags/example_bash_operator.py
[2024-03-27T19:14:50.175+0000] {processor.py:756} INFO - Processing file /home/airflow/.local/lib/python3.7/site-packages/airflow/example_dags/example_bash_operator.py for tasks to queue
[2024-03-27T19:14:50.175+0000] {logging_mixin.py:120} INFO - [2024-03-27T19:14:50.175+0000] {dagbag.py:537} INFO - Filling up the DagBag from /home/airflow/.local/lib/python3.7/site-packages/airflow/example_dags/example_bash_operator.py
[2024-03-27T19:14:50.208+0000] {processor.py:766} INFO - DAG(s) dict_keys(['example_bash_operator']) retrieved from /home/airflow/.local/lib/python3.7/site-packages/airflow/example_dags/example_bash_operator.py
[2024-03-27T19:14:50.279+0000] {logging_mixin.py:120} INFO - [2024-03-27T19:14:50.279+0000] {dag.py:2585} INFO - Sync 1 DAGs
[2024-03-27T19:14:50.317+0000] {logging_mixin.py:120} INFO - [2024-03-27T19:14:50.317+0000] {dag.py:3340} INFO - Setting next_dagrun for example_bash_operator to 2024-03-26T00:00:00+00:00, run_after=2024-03-27T00:00:00+00:00
[2024-03-27T19:14:50.350+0000] {processor.py:176} INFO - Processing /home/airflow/.local/lib/python3.7/site-packages/airflow/example_dags/example_bash_operator.py took 0.185 seconds
[2024-03-27T19:15:22.345+0000] {processor.py:154} INFO - Started process (PID=73) to work on /home/airflow/.local/lib/python3.7/site-packages/airflow/example_dags/example_bash_operator.py
[2024-03-27T19:15:22.346+0000] {processor.py:756} INFO - Processing file /home/airflow/.local/lib/python3.7/site-packages/airflow/example_dags/example_bash_operator.py for tasks to queue
[2024-03-27T19:15:22.347+0000] {logging_mixin.py:120} INFO - [2024-03-27T19:15:22.347+0000] {dagbag.py:537} INFO - Filling up the DagBag from /home/airflow/.local/lib/python3.7/site-packages/airflow/example_dags/example_bash_operator.py
[2024-03-27T19:15:22.375+0000] {processor.py:766} INFO - DAG(s) dict_keys(['example_bash_operator']) retrieved from /home/airflow/.local/lib/python3.7/site-packages/airflow/example_dags/example_bash_operator.py
[2024-03-27T19:15:22.430+0000] {logging_mixin.py:120} INFO - [2024-03-27T19:15:22.429+0000] {dag.py:2585} INFO - Sync 1 DAGs
[2024-03-27T19:15:22.448+0000] {logging_mixin.py:120} INFO - [2024-03-27T19:15:22.448+0000] {dag.py:3340} INFO - Setting next_dagrun for example_bash_operator to 2024-03-26T00:00:00+00:00, run_after=2024-03-27T00:00:00+00:00
[2024-03-27T19:15:22.462+0000] {processor.py:176} INFO - Processing /home/airflow/.local/lib/python3.7/site-packages/airflow/example_dags/example_bash_operator.py took 0.120 seconds
[2024-03-27T19:15:55.406+0000] {processor.py:154} INFO - Started process (PID=132) to work on /home/airflow/.local/lib/python3.7/site-packages/airflow/example_dags/example_bash_operator.py
[2024-03-27T19:15:55.407+0000] {processor.py:756} INFO - Processing file /home/airflow/.local/lib/python3.7/site-packages/airflow/example_dags/example_bash_operator.py for tasks to queue
[2024-03-27T19:15:55.408+0000] {logging_mixin.py:120} INFO - [2024-03-27T19:15:55.408+0000] {dagbag.py:537} INFO - Filling up the DagBag from /home/airflow/.local/lib/python3.7/site-packages/airflow/example_dags/example_bash_operator.py
[2024-03-27T19:15:55.425+0000] {processor.py:766} INFO - DAG(s) dict_keys(['example_bash_operator']) retrieved from /home/airflow/.local/lib/python3.7/site-packages/airflow/example_dags/example_bash_operator.py
[2024-03-27T19:15:55.465+0000] {logging_mixin.py:120} INFO - [2024-03-27T19:15:55.465+0000] {dag.py:2585} INFO - Sync 1 DAGs
[2024-03-27T19:15:55.484+0000] {logging_mixin.py:120} INFO - [2024-03-27T19:15:55.484+0000] {dag.py:3340} INFO - Setting next_dagrun for example_bash_operator to 2024-03-26T00:00:00+00:00, run_after=2024-03-27T00:00:00+00:00
[2024-03-27T19:15:55.498+0000] {processor.py:176} INFO - Processing /home/airflow/.local/lib/python3.7/site-packages/airflow/example_dags/example_bash_operator.py took 0.095 seconds
[2024-03-27T19:16:26.941+0000] {processor.py:154} INFO - Started process (PID=191) to work on /home/airflow/.local/lib/python3.7/site-packages/airflow/example_dags/example_bash_operator.py
[2024-03-27T19:16:26.942+0000] {processor.py:756} INFO - Processing file /home/airflow/.local/lib/python3.7/site-packages/airflow/example_dags/example_bash_operator.py for tasks to queue
[2024-03-27T19:16:26.942+0000] {logging_mixin.py:120} INFO - [2024-03-27T19:16:26.942+0000] {dagbag.py:537} INFO - Filling up the DagBag from /home/airflow/.local/lib/python3.7/site-packages/airflow/example_dags/example_bash_operator.py
[2024-03-27T19:16:26.988+0000] {processor.py:766} INFO - DAG(s) dict_keys(['example_bash_operator']) retrieved from /home/airflow/.local/lib/python3.7/site-packages/airflow/example_dags/example_bash_operator.py
[2024-03-27T19:16:27.025+0000] {logging_mixin.py:120} INFO - [2024-03-27T19:16:27.025+0000] {dag.py:2585} INFO - Sync 1 DAGs
[2024-03-27T19:16:27.043+0000] {logging_mixin.py:120} INFO - [2024-03-27T19:16:27.043+0000] {dag.py:3340} INFO - Setting next_dagrun for example_bash_operator to 2024-03-26T00:00:00+00:00, run_after=2024-03-27T00:00:00+00:00
[2024-03-27T19:16:27.054+0000] {processor.py:176} INFO - Processing /home/airflow/.local/lib/python3.7/site-packages/airflow/example_dags/example_bash_operator.py took 0.122 seconds
[2024-03-27T19:16:51.465+0000] {processor.py:154} INFO - Started process (PID=72) to work on /home/airflow/.local/lib/python3.7/site-packages/airflow/example_dags/example_bash_operator.py
[2024-03-27T19:16:51.466+0000] {processor.py:756} INFO - Processing file /home/airflow/.local/lib/python3.7/site-packages/airflow/example_dags/example_bash_operator.py for tasks to queue
[2024-03-27T19:16:51.467+0000] {logging_mixin.py:120} INFO - [2024-03-27T19:16:51.467+0000] {dagbag.py:537} INFO - Filling up the DagBag from /home/airflow/.local/lib/python3.7/site-packages/airflow/example_dags/example_bash_operator.py
[2024-03-27T19:16:51.482+0000] {processor.py:766} INFO - DAG(s) dict_keys(['example_bash_operator']) retrieved from /home/airflow/.local/lib/python3.7/site-packages/airflow/example_dags/example_bash_operator.py
[2024-03-27T19:16:51.510+0000] {logging_mixin.py:120} INFO - [2024-03-27T19:16:51.510+0000] {dag.py:2585} INFO - Sync 1 DAGs
[2024-03-27T19:16:51.529+0000] {logging_mixin.py:120} INFO - [2024-03-27T19:16:51.529+0000] {dag.py:3340} INFO - Setting next_dagrun for example_bash_operator to 2024-03-26T00:00:00+00:00, run_after=2024-03-27T00:00:00+00:00
[2024-03-27T19:16:51.540+0000] {processor.py:176} INFO - Processing /home/airflow/.local/lib/python3.7/site-packages/airflow/example_dags/example_bash_operator.py took 0.077 seconds
[2024-03-27T19:17:29.734+0000] {processor.py:154} INFO - Started process (PID=130) to work on /home/airflow/.local/lib/python3.7/site-packages/airflow/example_dags/example_bash_operator.py
[2024-03-27T19:17:29.735+0000] {processor.py:756} INFO - Processing file /home/airflow/.local/lib/python3.7/site-packages/airflow/example_dags/example_bash_operator.py for tasks to queue
[2024-03-27T19:17:29.736+0000] {logging_mixin.py:120} INFO - [2024-03-27T19:17:29.736+0000] {dagbag.py:537} INFO - Filling up the DagBag from /home/airflow/.local/lib/python3.7/site-packages/airflow/example_dags/example_bash_operator.py
[2024-03-27T19:17:29.782+0000] {processor.py:766} INFO - DAG(s) dict_keys(['example_bash_operator']) retrieved from /home/airflow/.local/lib/python3.7/site-packages/airflow/example_dags/example_bash_operator.py
[2024-03-27T19:17:29.845+0000] {logging_mixin.py:120} INFO - [2024-03-27T19:17:29.845+0000] {dag.py:2585} INFO - Sync 1 DAGs
[2024-03-27T19:17:29.888+0000] {logging_mixin.py:120} INFO - [2024-03-27T19:17:29.888+0000] {dag.py:3340} INFO - Setting next_dagrun for example_bash_operator to 2024-03-26T00:00:00+00:00, run_after=2024-03-27T00:00:00+00:00
[2024-03-27T19:17:29.942+0000] {processor.py:176} INFO - Processing /home/airflow/.local/lib/python3.7/site-packages/airflow/example_dags/example_bash_operator.py took 0.212 seconds
[2024-03-27T19:18:20.757+0000] {processor.py:154} INFO - Started process (PID=73) to work on /home/airflow/.local/lib/python3.7/site-packages/airflow/example_dags/example_bash_operator.py
[2024-03-27T19:18:20.758+0000] {processor.py:756} INFO - Processing file /home/airflow/.local/lib/python3.7/site-packages/airflow/example_dags/example_bash_operator.py for tasks to queue
[2024-03-27T19:18:20.759+0000] {logging_mixin.py:120} INFO - [2024-03-27T19:18:20.758+0000] {dagbag.py:537} INFO - Filling up the DagBag from /home/airflow/.local/lib/python3.7/site-packages/airflow/example_dags/example_bash_operator.py
[2024-03-27T19:18:20.780+0000] {processor.py:766} INFO - DAG(s) dict_keys(['example_bash_operator']) retrieved from /home/airflow/.local/lib/python3.7/site-packages/airflow/example_dags/example_bash_operator.py
[2024-03-27T19:18:20.813+0000] {logging_mixin.py:120} INFO - [2024-03-27T19:18:20.813+0000] {dag.py:2585} INFO - Sync 1 DAGs
[2024-03-27T19:18:20.830+0000] {logging_mixin.py:120} INFO - [2024-03-27T19:18:20.830+0000] {dag.py:3340} INFO - Setting next_dagrun for example_bash_operator to 2024-03-26T00:00:00+00:00, run_after=2024-03-27T00:00:00+00:00
[2024-03-27T19:18:20.842+0000] {processor.py:176} INFO - Processing /home/airflow/.local/lib/python3.7/site-packages/airflow/example_dags/example_bash_operator.py took 0.087 seconds
[2024-03-27T19:18:51.761+0000] {processor.py:154} INFO - Started process (PID=131) to work on /home/airflow/.local/lib/python3.7/site-packages/airflow/example_dags/example_bash_operator.py
[2024-03-27T19:18:51.762+0000] {processor.py:756} INFO - Processing file /home/airflow/.local/lib/python3.7/site-packages/airflow/example_dags/example_bash_operator.py for tasks to queue
[2024-03-27T19:18:51.763+0000] {logging_mixin.py:120} INFO - [2024-03-27T19:18:51.763+0000] {dagbag.py:537} INFO - Filling up the DagBag from /home/airflow/.local/lib/python3.7/site-packages/airflow/example_dags/example_bash_operator.py
[2024-03-27T19:18:51.774+0000] {processor.py:766} INFO - DAG(s) dict_keys(['example_bash_operator']) retrieved from /home/airflow/.local/lib/python3.7/site-packages/airflow/example_dags/example_bash_operator.py
[2024-03-27T19:18:51.797+0000] {logging_mixin.py:120} INFO - [2024-03-27T19:18:51.797+0000] {dag.py:2585} INFO - Sync 1 DAGs
[2024-03-27T19:18:51.809+0000] {logging_mixin.py:120} INFO - [2024-03-27T19:18:51.809+0000] {dag.py:3340} INFO - Setting next_dagrun for example_bash_operator to 2024-03-26T00:00:00+00:00, run_after=2024-03-27T00:00:00+00:00
[2024-03-27T19:18:51.817+0000] {processor.py:176} INFO - Processing /home/airflow/.local/lib/python3.7/site-packages/airflow/example_dags/example_bash_operator.py took 0.058 seconds
[2024-03-27T19:19:41.734+0000] {processor.py:154} INFO - Started process (PID=73) to work on /home/airflow/.local/lib/python3.7/site-packages/airflow/example_dags/example_bash_operator.py
[2024-03-27T19:19:41.735+0000] {processor.py:756} INFO - Processing file /home/airflow/.local/lib/python3.7/site-packages/airflow/example_dags/example_bash_operator.py for tasks to queue
[2024-03-27T19:19:41.735+0000] {logging_mixin.py:120} INFO - [2024-03-27T19:19:41.735+0000] {dagbag.py:537} INFO - Filling up the DagBag from /home/airflow/.local/lib/python3.7/site-packages/airflow/example_dags/example_bash_operator.py
[2024-03-27T19:19:41.750+0000] {processor.py:766} INFO - DAG(s) dict_keys(['example_bash_operator']) retrieved from /home/airflow/.local/lib/python3.7/site-packages/airflow/example_dags/example_bash_operator.py
[2024-03-27T19:19:41.776+0000] {logging_mixin.py:120} INFO - [2024-03-27T19:19:41.776+0000] {dag.py:2585} INFO - Sync 1 DAGs
[2024-03-27T19:19:41.792+0000] {logging_mixin.py:120} INFO - [2024-03-27T19:19:41.792+0000] {dag.py:3340} INFO - Setting next_dagrun for example_bash_operator to 2024-03-26T00:00:00+00:00, run_after=2024-03-27T00:00:00+00:00
[2024-03-27T19:19:41.805+0000] {processor.py:176} INFO - Processing /home/airflow/.local/lib/python3.7/site-packages/airflow/example_dags/example_bash_operator.py took 0.073 seconds
[2024-03-27T19:20:23.023+0000] {processor.py:154} INFO - Started process (PID=132) to work on /home/airflow/.local/lib/python3.7/site-packages/airflow/example_dags/example_bash_operator.py
[2024-03-27T19:20:23.025+0000] {processor.py:756} INFO - Processing file /home/airflow/.local/lib/python3.7/site-packages/airflow/example_dags/example_bash_operator.py for tasks to queue
[2024-03-27T19:20:23.026+0000] {logging_mixin.py:120} INFO - [2024-03-27T19:20:23.026+0000] {dagbag.py:537} INFO - Filling up the DagBag from /home/airflow/.local/lib/python3.7/site-packages/airflow/example_dags/example_bash_operator.py
[2024-03-27T19:20:23.050+0000] {processor.py:766} INFO - DAG(s) dict_keys(['example_bash_operator']) retrieved from /home/airflow/.local/lib/python3.7/site-packages/airflow/example_dags/example_bash_operator.py
[2024-03-27T19:20:23.093+0000] {logging_mixin.py:120} INFO - [2024-03-27T19:20:23.093+0000] {dag.py:2585} INFO - Sync 1 DAGs
[2024-03-27T19:20:23.112+0000] {logging_mixin.py:120} INFO - [2024-03-27T19:20:23.112+0000] {dag.py:3340} INFO - Setting next_dagrun for example_bash_operator to 2024-03-26T00:00:00+00:00, run_after=2024-03-27T00:00:00+00:00
[2024-03-27T19:20:23.131+0000] {processor.py:176} INFO - Processing /home/airflow/.local/lib/python3.7/site-packages/airflow/example_dags/example_bash_operator.py took 0.111 seconds
[2024-03-27T19:21:24.270+0000] {processor.py:154} INFO - Started process (PID=72) to work on /home/airflow/.local/lib/python3.7/site-packages/airflow/example_dags/example_bash_operator.py
[2024-03-27T19:21:24.271+0000] {processor.py:756} INFO - Processing file /home/airflow/.local/lib/python3.7/site-packages/airflow/example_dags/example_bash_operator.py for tasks to queue
[2024-03-27T19:21:24.272+0000] {logging_mixin.py:120} INFO - [2024-03-27T19:21:24.272+0000] {dagbag.py:537} INFO - Filling up the DagBag from /home/airflow/.local/lib/python3.7/site-packages/airflow/example_dags/example_bash_operator.py
[2024-03-27T19:21:24.288+0000] {processor.py:766} INFO - DAG(s) dict_keys(['example_bash_operator']) retrieved from /home/airflow/.local/lib/python3.7/site-packages/airflow/example_dags/example_bash_operator.py
[2024-03-27T19:21:24.324+0000] {logging_mixin.py:120} INFO - [2024-03-27T19:21:24.323+0000] {dag.py:2585} INFO - Sync 1 DAGs
[2024-03-27T19:21:24.340+0000] {logging_mixin.py:120} INFO - [2024-03-27T19:21:24.340+0000] {dag.py:3340} INFO - Setting next_dagrun for example_bash_operator to 2024-03-26T00:00:00+00:00, run_after=2024-03-27T00:00:00+00:00
[2024-03-27T19:21:24.352+0000] {processor.py:176} INFO - Processing /home/airflow/.local/lib/python3.7/site-packages/airflow/example_dags/example_bash_operator.py took 0.084 seconds
[2024-03-27T19:22:04.718+0000] {processor.py:154} INFO - Started process (PID=131) to work on /home/airflow/.local/lib/python3.7/site-packages/airflow/example_dags/example_bash_operator.py
[2024-03-27T19:22:04.720+0000] {processor.py:756} INFO - Processing file /home/airflow/.local/lib/python3.7/site-packages/airflow/example_dags/example_bash_operator.py for tasks to queue
[2024-03-27T19:22:04.725+0000] {logging_mixin.py:120} INFO - [2024-03-27T19:22:04.725+0000] {dagbag.py:537} INFO - Filling up the DagBag from /home/airflow/.local/lib/python3.7/site-packages/airflow/example_dags/example_bash_operator.py
[2024-03-27T19:22:04.814+0000] {processor.py:766} INFO - DAG(s) dict_keys(['example_bash_operator']) retrieved from /home/airflow/.local/lib/python3.7/site-packages/airflow/example_dags/example_bash_operator.py
[2024-03-27T19:22:04.926+0000] {logging_mixin.py:120} INFO - [2024-03-27T19:22:04.926+0000] {dag.py:2585} INFO - Sync 1 DAGs
[2024-03-27T19:22:04.958+0000] {logging_mixin.py:120} INFO - [2024-03-27T19:22:04.958+0000] {dag.py:3340} INFO - Setting next_dagrun for example_bash_operator to 2024-03-26T00:00:00+00:00, run_after=2024-03-27T00:00:00+00:00
[2024-03-27T19:22:04.976+0000] {processor.py:176} INFO - Processing /home/airflow/.local/lib/python3.7/site-packages/airflow/example_dags/example_bash_operator.py took 0.265 seconds
[2024-03-27T19:22:31.486+0000] {processor.py:154} INFO - Started process (PID=63) to work on /home/airflow/.local/lib/python3.7/site-packages/airflow/example_dags/example_bash_operator.py
[2024-03-27T19:22:31.486+0000] {processor.py:756} INFO - Processing file /home/airflow/.local/lib/python3.7/site-packages/airflow/example_dags/example_bash_operator.py for tasks to queue
[2024-03-27T19:22:31.487+0000] {logging_mixin.py:120} INFO - [2024-03-27T19:22:31.487+0000] {dagbag.py:537} INFO - Filling up the DagBag from /home/airflow/.local/lib/python3.7/site-packages/airflow/example_dags/example_bash_operator.py
[2024-03-27T19:22:31.500+0000] {processor.py:766} INFO - DAG(s) dict_keys(['example_bash_operator']) retrieved from /home/airflow/.local/lib/python3.7/site-packages/airflow/example_dags/example_bash_operator.py
[2024-03-27T19:22:31.527+0000] {logging_mixin.py:120} INFO - [2024-03-27T19:22:31.527+0000] {dag.py:2585} INFO - Sync 1 DAGs
[2024-03-27T19:22:31.545+0000] {logging_mixin.py:120} INFO - [2024-03-27T19:22:31.545+0000] {dag.py:3340} INFO - Setting next_dagrun for example_bash_operator to 2024-03-26T00:00:00+00:00, run_after=2024-03-27T00:00:00+00:00
[2024-03-27T19:22:31.556+0000] {processor.py:176} INFO - Processing /home/airflow/.local/lib/python3.7/site-packages/airflow/example_dags/example_bash_operator.py took 0.073 seconds
[2024-03-27T19:23:01.929+0000] {processor.py:154} INFO - Started process (PID=131) to work on /home/airflow/.local/lib/python3.7/site-packages/airflow/example_dags/example_bash_operator.py
[2024-03-27T19:23:01.930+0000] {processor.py:756} INFO - Processing file /home/airflow/.local/lib/python3.7/site-packages/airflow/example_dags/example_bash_operator.py for tasks to queue
[2024-03-27T19:23:01.930+0000] {logging_mixin.py:120} INFO - [2024-03-27T19:23:01.930+0000] {dagbag.py:537} INFO - Filling up the DagBag from /home/airflow/.local/lib/python3.7/site-packages/airflow/example_dags/example_bash_operator.py
[2024-03-27T19:23:01.943+0000] {processor.py:766} INFO - DAG(s) dict_keys(['example_bash_operator']) retrieved from /home/airflow/.local/lib/python3.7/site-packages/airflow/example_dags/example_bash_operator.py
[2024-03-27T19:23:01.968+0000] {logging_mixin.py:120} INFO - [2024-03-27T19:23:01.968+0000] {dag.py:2585} INFO - Sync 1 DAGs
[2024-03-27T19:23:01.985+0000] {logging_mixin.py:120} INFO - [2024-03-27T19:23:01.985+0000] {dag.py:3340} INFO - Setting next_dagrun for example_bash_operator to 2024-03-26T00:00:00+00:00, run_after=2024-03-27T00:00:00+00:00
[2024-03-27T19:23:01.999+0000] {processor.py:176} INFO - Processing /home/airflow/.local/lib/python3.7/site-packages/airflow/example_dags/example_bash_operator.py took 0.071 seconds
[2024-03-27T19:24:28.718+0000] {processor.py:154} INFO - Started process (PID=190) to work on /home/airflow/.local/lib/python3.7/site-packages/airflow/example_dags/example_bash_operator.py
[2024-03-27T19:24:28.719+0000] {processor.py:756} INFO - Processing file /home/airflow/.local/lib/python3.7/site-packages/airflow/example_dags/example_bash_operator.py for tasks to queue
[2024-03-27T19:24:28.720+0000] {logging_mixin.py:120} INFO - [2024-03-27T19:24:28.720+0000] {dagbag.py:537} INFO - Filling up the DagBag from /home/airflow/.local/lib/python3.7/site-packages/airflow/example_dags/example_bash_operator.py
[2024-03-27T19:24:28.733+0000] {processor.py:766} INFO - DAG(s) dict_keys(['example_bash_operator']) retrieved from /home/airflow/.local/lib/python3.7/site-packages/airflow/example_dags/example_bash_operator.py
[2024-03-27T19:24:28.757+0000] {logging_mixin.py:120} INFO - [2024-03-27T19:24:28.756+0000] {dag.py:2585} INFO - Sync 1 DAGs
[2024-03-27T19:24:28.770+0000] {logging_mixin.py:120} INFO - [2024-03-27T19:24:28.770+0000] {dag.py:3340} INFO - Setting next_dagrun for example_bash_operator to 2024-03-26T00:00:00+00:00, run_after=2024-03-27T00:00:00+00:00
[2024-03-27T19:24:28.780+0000] {processor.py:176} INFO - Processing /home/airflow/.local/lib/python3.7/site-packages/airflow/example_dags/example_bash_operator.py took 0.063 seconds
[2024-03-27T19:24:54.836+0000] {processor.py:154} INFO - Started process (PID=63) to work on /home/airflow/.local/lib/python3.7/site-packages/airflow/example_dags/example_bash_operator.py
[2024-03-27T19:24:54.837+0000] {processor.py:756} INFO - Processing file /home/airflow/.local/lib/python3.7/site-packages/airflow/example_dags/example_bash_operator.py for tasks to queue
[2024-03-27T19:24:54.837+0000] {logging_mixin.py:120} INFO - [2024-03-27T19:24:54.837+0000] {dagbag.py:537} INFO - Filling up the DagBag from /home/airflow/.local/lib/python3.7/site-packages/airflow/example_dags/example_bash_operator.py
[2024-03-27T19:24:54.849+0000] {processor.py:766} INFO - DAG(s) dict_keys(['example_bash_operator']) retrieved from /home/airflow/.local/lib/python3.7/site-packages/airflow/example_dags/example_bash_operator.py
[2024-03-27T19:24:54.870+0000] {logging_mixin.py:120} INFO - [2024-03-27T19:24:54.870+0000] {dag.py:2585} INFO - Sync 1 DAGs
[2024-03-27T19:24:54.883+0000] {logging_mixin.py:120} INFO - [2024-03-27T19:24:54.883+0000] {dag.py:3340} INFO - Setting next_dagrun for example_bash_operator to 2024-03-26T00:00:00+00:00, run_after=2024-03-27T00:00:00+00:00
[2024-03-27T19:24:54.891+0000] {processor.py:176} INFO - Processing /home/airflow/.local/lib/python3.7/site-packages/airflow/example_dags/example_bash_operator.py took 0.056 seconds
[2024-03-27T19:25:25.024+0000] {processor.py:154} INFO - Started process (PID=130) to work on /home/airflow/.local/lib/python3.7/site-packages/airflow/example_dags/example_bash_operator.py
[2024-03-27T19:25:25.025+0000] {processor.py:756} INFO - Processing file /home/airflow/.local/lib/python3.7/site-packages/airflow/example_dags/example_bash_operator.py for tasks to queue
[2024-03-27T19:25:25.025+0000] {logging_mixin.py:120} INFO - [2024-03-27T19:25:25.025+0000] {dagbag.py:537} INFO - Filling up the DagBag from /home/airflow/.local/lib/python3.7/site-packages/airflow/example_dags/example_bash_operator.py
[2024-03-27T19:25:25.036+0000] {processor.py:766} INFO - DAG(s) dict_keys(['example_bash_operator']) retrieved from /home/airflow/.local/lib/python3.7/site-packages/airflow/example_dags/example_bash_operator.py
[2024-03-27T19:25:25.059+0000] {logging_mixin.py:120} INFO - [2024-03-27T19:25:25.059+0000] {dag.py:2585} INFO - Sync 1 DAGs
[2024-03-27T19:25:25.073+0000] {logging_mixin.py:120} INFO - [2024-03-27T19:25:25.073+0000] {dag.py:3340} INFO - Setting next_dagrun for example_bash_operator to 2024-03-26T00:00:00+00:00, run_after=2024-03-27T00:00:00+00:00
[2024-03-27T19:25:25.082+0000] {processor.py:176} INFO - Processing /home/airflow/.local/lib/python3.7/site-packages/airflow/example_dags/example_bash_operator.py took 0.060 seconds
[2024-03-27T19:25:55.641+0000] {processor.py:154} INFO - Started process (PID=199) to work on /home/airflow/.local/lib/python3.7/site-packages/airflow/example_dags/example_bash_operator.py
[2024-03-27T19:25:55.641+0000] {processor.py:756} INFO - Processing file /home/airflow/.local/lib/python3.7/site-packages/airflow/example_dags/example_bash_operator.py for tasks to queue
[2024-03-27T19:25:55.642+0000] {logging_mixin.py:120} INFO - [2024-03-27T19:25:55.642+0000] {dagbag.py:537} INFO - Filling up the DagBag from /home/airflow/.local/lib/python3.7/site-packages/airflow/example_dags/example_bash_operator.py
[2024-03-27T19:25:55.653+0000] {processor.py:766} INFO - DAG(s) dict_keys(['example_bash_operator']) retrieved from /home/airflow/.local/lib/python3.7/site-packages/airflow/example_dags/example_bash_operator.py
[2024-03-27T19:25:55.676+0000] {logging_mixin.py:120} INFO - [2024-03-27T19:25:55.676+0000] {dag.py:2585} INFO - Sync 1 DAGs
[2024-03-27T19:25:55.690+0000] {logging_mixin.py:120} INFO - [2024-03-27T19:25:55.689+0000] {dag.py:3340} INFO - Setting next_dagrun for example_bash_operator to 2024-03-26T00:00:00+00:00, run_after=2024-03-27T00:00:00+00:00
[2024-03-27T19:25:55.698+0000] {processor.py:176} INFO - Processing /home/airflow/.local/lib/python3.7/site-packages/airflow/example_dags/example_bash_operator.py took 0.060 seconds
[2024-03-27T19:26:26.046+0000] {processor.py:154} INFO - Started process (PID=267) to work on /home/airflow/.local/lib/python3.7/site-packages/airflow/example_dags/example_bash_operator.py
[2024-03-27T19:26:26.047+0000] {processor.py:756} INFO - Processing file /home/airflow/.local/lib/python3.7/site-packages/airflow/example_dags/example_bash_operator.py for tasks to queue
[2024-03-27T19:26:26.047+0000] {logging_mixin.py:120} INFO - [2024-03-27T19:26:26.047+0000] {dagbag.py:537} INFO - Filling up the DagBag from /home/airflow/.local/lib/python3.7/site-packages/airflow/example_dags/example_bash_operator.py
[2024-03-27T19:26:26.062+0000] {processor.py:766} INFO - DAG(s) dict_keys(['example_bash_operator']) retrieved from /home/airflow/.local/lib/python3.7/site-packages/airflow/example_dags/example_bash_operator.py
[2024-03-27T19:26:26.091+0000] {logging_mixin.py:120} INFO - [2024-03-27T19:26:26.091+0000] {dag.py:2585} INFO - Sync 1 DAGs
[2024-03-27T19:26:26.107+0000] {logging_mixin.py:120} INFO - [2024-03-27T19:26:26.107+0000] {dag.py:3340} INFO - Setting next_dagrun for example_bash_operator to 2024-03-26T00:00:00+00:00, run_after=2024-03-27T00:00:00+00:00
[2024-03-27T19:26:26.119+0000] {processor.py:176} INFO - Processing /home/airflow/.local/lib/python3.7/site-packages/airflow/example_dags/example_bash_operator.py took 0.075 seconds
[2024-03-27T19:26:57.532+0000] {processor.py:154} INFO - Started process (PID=64) to work on /home/airflow/.local/lib/python3.7/site-packages/airflow/example_dags/example_bash_operator.py
[2024-03-27T19:26:57.532+0000] {processor.py:756} INFO - Processing file /home/airflow/.local/lib/python3.7/site-packages/airflow/example_dags/example_bash_operator.py for tasks to queue
[2024-03-27T19:26:57.533+0000] {logging_mixin.py:120} INFO - [2024-03-27T19:26:57.533+0000] {dagbag.py:537} INFO - Filling up the DagBag from /home/airflow/.local/lib/python3.7/site-packages/airflow/example_dags/example_bash_operator.py
[2024-03-27T19:26:57.545+0000] {processor.py:766} INFO - DAG(s) dict_keys(['example_bash_operator']) retrieved from /home/airflow/.local/lib/python3.7/site-packages/airflow/example_dags/example_bash_operator.py
[2024-03-27T19:26:57.566+0000] {logging_mixin.py:120} INFO - [2024-03-27T19:26:57.566+0000] {dag.py:2585} INFO - Sync 1 DAGs
[2024-03-27T19:26:57.580+0000] {logging_mixin.py:120} INFO - [2024-03-27T19:26:57.580+0000] {dag.py:3340} INFO - Setting next_dagrun for example_bash_operator to 2024-03-26T00:00:00+00:00, run_after=2024-03-27T00:00:00+00:00
[2024-03-27T19:26:57.594+0000] {processor.py:176} INFO - Processing /home/airflow/.local/lib/python3.7/site-packages/airflow/example_dags/example_bash_operator.py took 0.064 seconds
[2024-03-27T19:27:27.875+0000] {processor.py:154} INFO - Started process (PID=131) to work on /home/airflow/.local/lib/python3.7/site-packages/airflow/example_dags/example_bash_operator.py
[2024-03-27T19:27:27.876+0000] {processor.py:756} INFO - Processing file /home/airflow/.local/lib/python3.7/site-packages/airflow/example_dags/example_bash_operator.py for tasks to queue
[2024-03-27T19:27:27.877+0000] {logging_mixin.py:120} INFO - [2024-03-27T19:27:27.876+0000] {dagbag.py:537} INFO - Filling up the DagBag from /home/airflow/.local/lib/python3.7/site-packages/airflow/example_dags/example_bash_operator.py
[2024-03-27T19:27:27.888+0000] {processor.py:766} INFO - DAG(s) dict_keys(['example_bash_operator']) retrieved from /home/airflow/.local/lib/python3.7/site-packages/airflow/example_dags/example_bash_operator.py
[2024-03-27T19:27:27.912+0000] {logging_mixin.py:120} INFO - [2024-03-27T19:27:27.912+0000] {dag.py:2585} INFO - Sync 1 DAGs
[2024-03-27T19:27:27.931+0000] {logging_mixin.py:120} INFO - [2024-03-27T19:27:27.930+0000] {dag.py:3340} INFO - Setting next_dagrun for example_bash_operator to 2024-03-26T00:00:00+00:00, run_after=2024-03-27T00:00:00+00:00
[2024-03-27T19:27:27.942+0000] {processor.py:176} INFO - Processing /home/airflow/.local/lib/python3.7/site-packages/airflow/example_dags/example_bash_operator.py took 0.068 seconds
[2024-03-27T19:28:32.153+0000] {processor.py:154} INFO - Started process (PID=248) to work on /home/airflow/.local/lib/python3.7/site-packages/airflow/example_dags/example_bash_operator.py
[2024-03-27T19:28:32.158+0000] {processor.py:756} INFO - Processing file /home/airflow/.local/lib/python3.7/site-packages/airflow/example_dags/example_bash_operator.py for tasks to queue
[2024-03-27T19:28:32.160+0000] {logging_mixin.py:120} INFO - [2024-03-27T19:28:32.160+0000] {dagbag.py:537} INFO - Filling up the DagBag from /home/airflow/.local/lib/python3.7/site-packages/airflow/example_dags/example_bash_operator.py
[2024-03-27T19:28:32.227+0000] {processor.py:766} INFO - DAG(s) dict_keys(['example_bash_operator']) retrieved from /home/airflow/.local/lib/python3.7/site-packages/airflow/example_dags/example_bash_operator.py
[2024-03-27T19:28:32.303+0000] {logging_mixin.py:120} INFO - [2024-03-27T19:28:32.303+0000] {dag.py:2585} INFO - Sync 1 DAGs
[2024-03-27T19:28:32.357+0000] {logging_mixin.py:120} INFO - [2024-03-27T19:28:32.357+0000] {dag.py:3340} INFO - Setting next_dagrun for example_bash_operator to 2024-03-27T00:00:00+00:00, run_after=2024-03-28T00:00:00+00:00
[2024-03-27T19:28:32.395+0000] {processor.py:176} INFO - Processing /home/airflow/.local/lib/python3.7/site-packages/airflow/example_dags/example_bash_operator.py took 0.251 seconds
[2024-03-27T19:29:08.126+0000] {processor.py:154} INFO - Started process (PID=320) to work on /home/airflow/.local/lib/python3.7/site-packages/airflow/example_dags/example_bash_operator.py
[2024-03-27T19:29:08.129+0000] {processor.py:756} INFO - Processing file /home/airflow/.local/lib/python3.7/site-packages/airflow/example_dags/example_bash_operator.py for tasks to queue
[2024-03-27T19:29:08.130+0000] {logging_mixin.py:120} INFO - [2024-03-27T19:29:08.130+0000] {dagbag.py:537} INFO - Filling up the DagBag from /home/airflow/.local/lib/python3.7/site-packages/airflow/example_dags/example_bash_operator.py
[2024-03-27T19:29:08.159+0000] {processor.py:766} INFO - DAG(s) dict_keys(['example_bash_operator']) retrieved from /home/airflow/.local/lib/python3.7/site-packages/airflow/example_dags/example_bash_operator.py
[2024-03-27T19:29:08.225+0000] {logging_mixin.py:120} INFO - [2024-03-27T19:29:08.224+0000] {dag.py:2585} INFO - Sync 1 DAGs
[2024-03-27T19:29:08.258+0000] {logging_mixin.py:120} INFO - [2024-03-27T19:29:08.258+0000] {dag.py:3340} INFO - Setting next_dagrun for example_bash_operator to 2024-03-27T00:00:00+00:00, run_after=2024-03-28T00:00:00+00:00
[2024-03-27T19:29:08.280+0000] {processor.py:176} INFO - Processing /home/airflow/.local/lib/python3.7/site-packages/airflow/example_dags/example_bash_operator.py took 0.157 seconds
[2024-03-27T19:30:06.836+0000] {processor.py:154} INFO - Started process (PID=391) to work on /home/airflow/.local/lib/python3.7/site-packages/airflow/example_dags/example_bash_operator.py
[2024-03-27T19:30:06.839+0000] {processor.py:756} INFO - Processing file /home/airflow/.local/lib/python3.7/site-packages/airflow/example_dags/example_bash_operator.py for tasks to queue
[2024-03-27T19:30:06.842+0000] {logging_mixin.py:120} INFO - [2024-03-27T19:30:06.841+0000] {dagbag.py:537} INFO - Filling up the DagBag from /home/airflow/.local/lib/python3.7/site-packages/airflow/example_dags/example_bash_operator.py
[2024-03-27T19:30:06.889+0000] {processor.py:766} INFO - DAG(s) dict_keys(['example_bash_operator']) retrieved from /home/airflow/.local/lib/python3.7/site-packages/airflow/example_dags/example_bash_operator.py
[2024-03-27T19:30:06.996+0000] {logging_mixin.py:120} INFO - [2024-03-27T19:30:06.994+0000] {dag.py:2585} INFO - Sync 1 DAGs
[2024-03-27T19:30:07.187+0000] {logging_mixin.py:120} INFO - [2024-03-27T19:30:07.186+0000] {dag.py:3340} INFO - Setting next_dagrun for example_bash_operator to 2024-03-27T00:00:00+00:00, run_after=2024-03-28T00:00:00+00:00
[2024-03-27T19:30:07.229+0000] {processor.py:176} INFO - Processing /home/airflow/.local/lib/python3.7/site-packages/airflow/example_dags/example_bash_operator.py took 0.399 seconds
[2024-03-27T19:30:55.181+0000] {processor.py:154} INFO - Started process (PID=468) to work on /home/airflow/.local/lib/python3.7/site-packages/airflow/example_dags/example_bash_operator.py
[2024-03-27T19:30:55.182+0000] {processor.py:756} INFO - Processing file /home/airflow/.local/lib/python3.7/site-packages/airflow/example_dags/example_bash_operator.py for tasks to queue
[2024-03-27T19:30:55.183+0000] {logging_mixin.py:120} INFO - [2024-03-27T19:30:55.183+0000] {dagbag.py:537} INFO - Filling up the DagBag from /home/airflow/.local/lib/python3.7/site-packages/airflow/example_dags/example_bash_operator.py
[2024-03-27T19:30:55.203+0000] {processor.py:766} INFO - DAG(s) dict_keys(['example_bash_operator']) retrieved from /home/airflow/.local/lib/python3.7/site-packages/airflow/example_dags/example_bash_operator.py
[2024-03-27T19:30:55.260+0000] {logging_mixin.py:120} INFO - [2024-03-27T19:30:55.260+0000] {dag.py:2585} INFO - Sync 1 DAGs
[2024-03-27T19:30:55.301+0000] {logging_mixin.py:120} INFO - [2024-03-27T19:30:55.300+0000] {dag.py:3340} INFO - Setting next_dagrun for example_bash_operator to 2024-03-27T00:00:00+00:00, run_after=2024-03-28T00:00:00+00:00
[2024-03-27T19:30:55.329+0000] {processor.py:176} INFO - Processing /home/airflow/.local/lib/python3.7/site-packages/airflow/example_dags/example_bash_operator.py took 0.151 seconds
[2024-03-27T19:31:25.457+0000] {processor.py:154} INFO - Started process (PID=520) to work on /home/airflow/.local/lib/python3.7/site-packages/airflow/example_dags/example_bash_operator.py
[2024-03-27T19:31:25.457+0000] {processor.py:756} INFO - Processing file /home/airflow/.local/lib/python3.7/site-packages/airflow/example_dags/example_bash_operator.py for tasks to queue
[2024-03-27T19:31:25.458+0000] {logging_mixin.py:120} INFO - [2024-03-27T19:31:25.458+0000] {dagbag.py:537} INFO - Filling up the DagBag from /home/airflow/.local/lib/python3.7/site-packages/airflow/example_dags/example_bash_operator.py
[2024-03-27T19:31:25.471+0000] {processor.py:766} INFO - DAG(s) dict_keys(['example_bash_operator']) retrieved from /home/airflow/.local/lib/python3.7/site-packages/airflow/example_dags/example_bash_operator.py
[2024-03-27T19:31:25.499+0000] {logging_mixin.py:120} INFO - [2024-03-27T19:31:25.499+0000] {dag.py:2585} INFO - Sync 1 DAGs
[2024-03-27T19:31:25.515+0000] {logging_mixin.py:120} INFO - [2024-03-27T19:31:25.515+0000] {dag.py:3340} INFO - Setting next_dagrun for example_bash_operator to 2024-03-27T00:00:00+00:00, run_after=2024-03-28T00:00:00+00:00
[2024-03-27T19:31:25.527+0000] {processor.py:176} INFO - Processing /home/airflow/.local/lib/python3.7/site-packages/airflow/example_dags/example_bash_operator.py took 0.073 seconds
[2024-03-27T19:32:04.472+0000] {processor.py:154} INFO - Started process (PID=575) to work on /home/airflow/.local/lib/python3.7/site-packages/airflow/example_dags/example_bash_operator.py
[2024-03-27T19:32:04.473+0000] {processor.py:756} INFO - Processing file /home/airflow/.local/lib/python3.7/site-packages/airflow/example_dags/example_bash_operator.py for tasks to queue
[2024-03-27T19:32:04.474+0000] {logging_mixin.py:120} INFO - [2024-03-27T19:32:04.474+0000] {dagbag.py:537} INFO - Filling up the DagBag from /home/airflow/.local/lib/python3.7/site-packages/airflow/example_dags/example_bash_operator.py
[2024-03-27T19:32:04.499+0000] {processor.py:766} INFO - DAG(s) dict_keys(['example_bash_operator']) retrieved from /home/airflow/.local/lib/python3.7/site-packages/airflow/example_dags/example_bash_operator.py
[2024-03-27T19:32:04.554+0000] {logging_mixin.py:120} INFO - [2024-03-27T19:32:04.554+0000] {dag.py:2585} INFO - Sync 1 DAGs
[2024-03-27T19:32:04.593+0000] {logging_mixin.py:120} INFO - [2024-03-27T19:32:04.592+0000] {dag.py:3340} INFO - Setting next_dagrun for example_bash_operator to 2024-03-27T00:00:00+00:00, run_after=2024-03-28T00:00:00+00:00
[2024-03-27T19:32:04.620+0000] {processor.py:176} INFO - Processing /home/airflow/.local/lib/python3.7/site-packages/airflow/example_dags/example_bash_operator.py took 0.153 seconds
[2024-03-27T19:32:53.743+0000] {processor.py:154} INFO - Started process (PID=635) to work on /home/airflow/.local/lib/python3.7/site-packages/airflow/example_dags/example_bash_operator.py
[2024-03-27T19:32:53.746+0000] {processor.py:756} INFO - Processing file /home/airflow/.local/lib/python3.7/site-packages/airflow/example_dags/example_bash_operator.py for tasks to queue
[2024-03-27T19:32:53.747+0000] {logging_mixin.py:120} INFO - [2024-03-27T19:32:53.747+0000] {dagbag.py:537} INFO - Filling up the DagBag from /home/airflow/.local/lib/python3.7/site-packages/airflow/example_dags/example_bash_operator.py
[2024-03-27T19:32:53.772+0000] {processor.py:766} INFO - DAG(s) dict_keys(['example_bash_operator']) retrieved from /home/airflow/.local/lib/python3.7/site-packages/airflow/example_dags/example_bash_operator.py
[2024-03-27T19:32:53.830+0000] {logging_mixin.py:120} INFO - [2024-03-27T19:32:53.830+0000] {dag.py:2585} INFO - Sync 1 DAGs
[2024-03-27T19:32:53.866+0000] {logging_mixin.py:120} INFO - [2024-03-27T19:32:53.866+0000] {dag.py:3340} INFO - Setting next_dagrun for example_bash_operator to 2024-03-27T00:00:00+00:00, run_after=2024-03-28T00:00:00+00:00
[2024-03-27T19:32:53.896+0000] {processor.py:176} INFO - Processing /home/airflow/.local/lib/python3.7/site-packages/airflow/example_dags/example_bash_operator.py took 0.155 seconds
[2024-03-27T19:33:23.977+0000] {processor.py:154} INFO - Started process (PID=688) to work on /home/airflow/.local/lib/python3.7/site-packages/airflow/example_dags/example_bash_operator.py
[2024-03-27T19:33:23.978+0000] {processor.py:756} INFO - Processing file /home/airflow/.local/lib/python3.7/site-packages/airflow/example_dags/example_bash_operator.py for tasks to queue
[2024-03-27T19:33:23.978+0000] {logging_mixin.py:120} INFO - [2024-03-27T19:33:23.978+0000] {dagbag.py:537} INFO - Filling up the DagBag from /home/airflow/.local/lib/python3.7/site-packages/airflow/example_dags/example_bash_operator.py
[2024-03-27T19:33:23.999+0000] {processor.py:766} INFO - DAG(s) dict_keys(['example_bash_operator']) retrieved from /home/airflow/.local/lib/python3.7/site-packages/airflow/example_dags/example_bash_operator.py
[2024-03-27T19:33:24.036+0000] {logging_mixin.py:120} INFO - [2024-03-27T19:33:24.036+0000] {dag.py:2585} INFO - Sync 1 DAGs
[2024-03-27T19:33:24.054+0000] {logging_mixin.py:120} INFO - [2024-03-27T19:33:24.053+0000] {dag.py:3340} INFO - Setting next_dagrun for example_bash_operator to 2024-03-27T00:00:00+00:00, run_after=2024-03-28T00:00:00+00:00
[2024-03-27T19:33:24.065+0000] {processor.py:176} INFO - Processing /home/airflow/.local/lib/python3.7/site-packages/airflow/example_dags/example_bash_operator.py took 0.090 seconds
[2024-03-27T19:34:13.036+0000] {processor.py:154} INFO - Started process (PID=759) to work on /home/airflow/.local/lib/python3.7/site-packages/airflow/example_dags/example_bash_operator.py
[2024-03-27T19:34:13.040+0000] {processor.py:756} INFO - Processing file /home/airflow/.local/lib/python3.7/site-packages/airflow/example_dags/example_bash_operator.py for tasks to queue
[2024-03-27T19:34:13.041+0000] {logging_mixin.py:120} INFO - [2024-03-27T19:34:13.041+0000] {dagbag.py:537} INFO - Filling up the DagBag from /home/airflow/.local/lib/python3.7/site-packages/airflow/example_dags/example_bash_operator.py
[2024-03-27T19:34:13.064+0000] {processor.py:766} INFO - DAG(s) dict_keys(['example_bash_operator']) retrieved from /home/airflow/.local/lib/python3.7/site-packages/airflow/example_dags/example_bash_operator.py
[2024-03-27T19:34:13.117+0000] {logging_mixin.py:120} INFO - [2024-03-27T19:34:13.117+0000] {dag.py:2585} INFO - Sync 1 DAGs
[2024-03-27T19:34:13.135+0000] {logging_mixin.py:120} INFO - [2024-03-27T19:34:13.135+0000] {dag.py:3340} INFO - Setting next_dagrun for example_bash_operator to 2024-03-27T00:00:00+00:00, run_after=2024-03-28T00:00:00+00:00
[2024-03-27T19:34:13.156+0000] {processor.py:176} INFO - Processing /home/airflow/.local/lib/python3.7/site-packages/airflow/example_dags/example_bash_operator.py took 0.122 seconds
[2024-03-27T19:34:45.563+0000] {processor.py:154} INFO - Started process (PID=821) to work on /home/airflow/.local/lib/python3.7/site-packages/airflow/example_dags/example_bash_operator.py
[2024-03-27T19:34:45.564+0000] {processor.py:756} INFO - Processing file /home/airflow/.local/lib/python3.7/site-packages/airflow/example_dags/example_bash_operator.py for tasks to queue
[2024-03-27T19:34:45.565+0000] {logging_mixin.py:120} INFO - [2024-03-27T19:34:45.565+0000] {dagbag.py:537} INFO - Filling up the DagBag from /home/airflow/.local/lib/python3.7/site-packages/airflow/example_dags/example_bash_operator.py
[2024-03-27T19:34:45.608+0000] {processor.py:766} INFO - DAG(s) dict_keys(['example_bash_operator']) retrieved from /home/airflow/.local/lib/python3.7/site-packages/airflow/example_dags/example_bash_operator.py
[2024-03-27T19:34:45.669+0000] {logging_mixin.py:120} INFO - [2024-03-27T19:34:45.669+0000] {dag.py:2585} INFO - Sync 1 DAGs
[2024-03-27T19:34:45.703+0000] {logging_mixin.py:120} INFO - [2024-03-27T19:34:45.703+0000] {dag.py:3340} INFO - Setting next_dagrun for example_bash_operator to 2024-03-27T00:00:00+00:00, run_after=2024-03-28T00:00:00+00:00
[2024-03-27T19:34:45.725+0000] {processor.py:176} INFO - Processing /home/airflow/.local/lib/python3.7/site-packages/airflow/example_dags/example_bash_operator.py took 0.167 seconds
[2024-03-27T19:35:20.361+0000] {processor.py:154} INFO - Started process (PID=871) to work on /home/airflow/.local/lib/python3.7/site-packages/airflow/example_dags/example_bash_operator.py
[2024-03-27T19:35:20.362+0000] {processor.py:756} INFO - Processing file /home/airflow/.local/lib/python3.7/site-packages/airflow/example_dags/example_bash_operator.py for tasks to queue
[2024-03-27T19:35:20.368+0000] {logging_mixin.py:120} INFO - [2024-03-27T19:35:20.368+0000] {dagbag.py:537} INFO - Filling up the DagBag from /home/airflow/.local/lib/python3.7/site-packages/airflow/example_dags/example_bash_operator.py
[2024-03-27T19:35:20.416+0000] {processor.py:766} INFO - DAG(s) dict_keys(['example_bash_operator']) retrieved from /home/airflow/.local/lib/python3.7/site-packages/airflow/example_dags/example_bash_operator.py
[2024-03-27T19:35:20.513+0000] {logging_mixin.py:120} INFO - [2024-03-27T19:35:20.513+0000] {dag.py:2585} INFO - Sync 1 DAGs
[2024-03-27T19:35:20.556+0000] {logging_mixin.py:120} INFO - [2024-03-27T19:35:20.555+0000] {dag.py:3340} INFO - Setting next_dagrun for example_bash_operator to 2024-03-27T00:00:00+00:00, run_after=2024-03-28T00:00:00+00:00
[2024-03-27T19:35:20.582+0000] {processor.py:176} INFO - Processing /home/airflow/.local/lib/python3.7/site-packages/airflow/example_dags/example_bash_operator.py took 0.229 seconds
[2024-03-27T19:36:16.484+0000] {processor.py:154} INFO - Started process (PID=938) to work on /home/airflow/.local/lib/python3.7/site-packages/airflow/example_dags/example_bash_operator.py
[2024-03-27T19:36:16.487+0000] {processor.py:756} INFO - Processing file /home/airflow/.local/lib/python3.7/site-packages/airflow/example_dags/example_bash_operator.py for tasks to queue
[2024-03-27T19:36:16.489+0000] {logging_mixin.py:120} INFO - [2024-03-27T19:36:16.489+0000] {dagbag.py:537} INFO - Filling up the DagBag from /home/airflow/.local/lib/python3.7/site-packages/airflow/example_dags/example_bash_operator.py
[2024-03-27T19:36:16.522+0000] {processor.py:766} INFO - DAG(s) dict_keys(['example_bash_operator']) retrieved from /home/airflow/.local/lib/python3.7/site-packages/airflow/example_dags/example_bash_operator.py
[2024-03-27T19:36:16.603+0000] {logging_mixin.py:120} INFO - [2024-03-27T19:36:16.603+0000] {dag.py:2585} INFO - Sync 1 DAGs
[2024-03-27T19:36:16.636+0000] {logging_mixin.py:120} INFO - [2024-03-27T19:36:16.636+0000] {dag.py:3340} INFO - Setting next_dagrun for example_bash_operator to 2024-03-27T00:00:00+00:00, run_after=2024-03-28T00:00:00+00:00
[2024-03-27T19:36:16.670+0000] {processor.py:176} INFO - Processing /home/airflow/.local/lib/python3.7/site-packages/airflow/example_dags/example_bash_operator.py took 0.194 seconds
[2024-03-27T19:37:14.813+0000] {processor.py:154} INFO - Started process (PID=72) to work on /home/airflow/.local/lib/python3.7/site-packages/airflow/example_dags/example_bash_operator.py
[2024-03-27T19:37:14.817+0000] {processor.py:756} INFO - Processing file /home/airflow/.local/lib/python3.7/site-packages/airflow/example_dags/example_bash_operator.py for tasks to queue
[2024-03-27T19:37:14.819+0000] {logging_mixin.py:120} INFO - [2024-03-27T19:37:14.819+0000] {dagbag.py:537} INFO - Filling up the DagBag from /home/airflow/.local/lib/python3.7/site-packages/airflow/example_dags/example_bash_operator.py
[2024-03-27T19:37:14.851+0000] {processor.py:766} INFO - DAG(s) dict_keys(['example_bash_operator']) retrieved from /home/airflow/.local/lib/python3.7/site-packages/airflow/example_dags/example_bash_operator.py
[2024-03-27T19:37:14.885+0000] {logging_mixin.py:120} INFO - [2024-03-27T19:37:14.885+0000] {dag.py:2585} INFO - Sync 1 DAGs
[2024-03-27T19:37:14.906+0000] {logging_mixin.py:120} INFO - [2024-03-27T19:37:14.906+0000] {dag.py:3340} INFO - Setting next_dagrun for example_bash_operator to 2024-03-27T00:00:00+00:00, run_after=2024-03-28T00:00:00+00:00
[2024-03-27T19:37:14.919+0000] {processor.py:176} INFO - Processing /home/airflow/.local/lib/python3.7/site-packages/airflow/example_dags/example_bash_operator.py took 0.110 seconds
[2024-03-27T19:37:45.933+0000] {processor.py:154} INFO - Started process (PID=132) to work on /home/airflow/.local/lib/python3.7/site-packages/airflow/example_dags/example_bash_operator.py
[2024-03-27T19:37:45.936+0000] {processor.py:756} INFO - Processing file /home/airflow/.local/lib/python3.7/site-packages/airflow/example_dags/example_bash_operator.py for tasks to queue
[2024-03-27T19:37:45.936+0000] {logging_mixin.py:120} INFO - [2024-03-27T19:37:45.936+0000] {dagbag.py:537} INFO - Filling up the DagBag from /home/airflow/.local/lib/python3.7/site-packages/airflow/example_dags/example_bash_operator.py
[2024-03-27T19:37:45.962+0000] {processor.py:766} INFO - DAG(s) dict_keys(['example_bash_operator']) retrieved from /home/airflow/.local/lib/python3.7/site-packages/airflow/example_dags/example_bash_operator.py
[2024-03-27T19:37:46.065+0000] {logging_mixin.py:120} INFO - [2024-03-27T19:37:46.065+0000] {dag.py:2585} INFO - Sync 1 DAGs
[2024-03-27T19:37:46.112+0000] {logging_mixin.py:120} INFO - [2024-03-27T19:37:46.112+0000] {dag.py:3340} INFO - Setting next_dagrun for example_bash_operator to 2024-03-27T00:00:00+00:00, run_after=2024-03-28T00:00:00+00:00
[2024-03-27T19:37:46.148+0000] {processor.py:176} INFO - Processing /home/airflow/.local/lib/python3.7/site-packages/airflow/example_dags/example_bash_operator.py took 0.222 seconds
[2024-03-27T19:38:28.500+0000] {processor.py:154} INFO - Started process (PID=72) to work on /home/airflow/.local/lib/python3.7/site-packages/airflow/example_dags/example_bash_operator.py
[2024-03-27T19:38:28.501+0000] {processor.py:756} INFO - Processing file /home/airflow/.local/lib/python3.7/site-packages/airflow/example_dags/example_bash_operator.py for tasks to queue
[2024-03-27T19:38:28.502+0000] {logging_mixin.py:120} INFO - [2024-03-27T19:38:28.502+0000] {dagbag.py:537} INFO - Filling up the DagBag from /home/airflow/.local/lib/python3.7/site-packages/airflow/example_dags/example_bash_operator.py
[2024-03-27T19:38:28.573+0000] {processor.py:766} INFO - DAG(s) dict_keys(['example_bash_operator']) retrieved from /home/airflow/.local/lib/python3.7/site-packages/airflow/example_dags/example_bash_operator.py
[2024-03-27T19:38:28.645+0000] {logging_mixin.py:120} INFO - [2024-03-27T19:38:28.645+0000] {dag.py:2585} INFO - Sync 1 DAGs
[2024-03-27T19:38:28.675+0000] {logging_mixin.py:120} INFO - [2024-03-27T19:38:28.675+0000] {dag.py:3340} INFO - Setting next_dagrun for example_bash_operator to 2024-03-27T00:00:00+00:00, run_after=2024-03-28T00:00:00+00:00
[2024-03-27T19:38:28.701+0000] {processor.py:176} INFO - Processing /home/airflow/.local/lib/python3.7/site-packages/airflow/example_dags/example_bash_operator.py took 0.205 seconds
[2024-03-27T19:39:52.649+0000] {processor.py:154} INFO - Started process (PID=82) to work on /home/airflow/.local/lib/python3.7/site-packages/airflow/example_dags/example_bash_operator.py
[2024-03-27T19:39:52.650+0000] {processor.py:756} INFO - Processing file /home/airflow/.local/lib/python3.7/site-packages/airflow/example_dags/example_bash_operator.py for tasks to queue
[2024-03-27T19:39:52.650+0000] {logging_mixin.py:120} INFO - [2024-03-27T19:39:52.650+0000] {dagbag.py:537} INFO - Filling up the DagBag from /home/airflow/.local/lib/python3.7/site-packages/airflow/example_dags/example_bash_operator.py
[2024-03-27T19:39:52.675+0000] {processor.py:766} INFO - DAG(s) dict_keys(['example_bash_operator']) retrieved from /home/airflow/.local/lib/python3.7/site-packages/airflow/example_dags/example_bash_operator.py
[2024-03-27T19:39:52.712+0000] {logging_mixin.py:120} INFO - [2024-03-27T19:39:52.712+0000] {dag.py:2585} INFO - Sync 1 DAGs
[2024-03-27T19:39:52.732+0000] {logging_mixin.py:120} INFO - [2024-03-27T19:39:52.732+0000] {dag.py:3340} INFO - Setting next_dagrun for example_bash_operator to 2024-03-27T00:00:00+00:00, run_after=2024-03-28T00:00:00+00:00
[2024-03-27T19:39:52.747+0000] {processor.py:176} INFO - Processing /home/airflow/.local/lib/python3.7/site-packages/airflow/example_dags/example_bash_operator.py took 0.101 seconds
[2024-03-27T19:40:32.773+0000] {processor.py:154} INFO - Started process (PID=140) to work on /home/airflow/.local/lib/python3.7/site-packages/airflow/example_dags/example_bash_operator.py
[2024-03-27T19:40:32.777+0000] {processor.py:756} INFO - Processing file /home/airflow/.local/lib/python3.7/site-packages/airflow/example_dags/example_bash_operator.py for tasks to queue
[2024-03-27T19:40:32.778+0000] {logging_mixin.py:120} INFO - [2024-03-27T19:40:32.778+0000] {dagbag.py:537} INFO - Filling up the DagBag from /home/airflow/.local/lib/python3.7/site-packages/airflow/example_dags/example_bash_operator.py
[2024-03-27T19:40:32.846+0000] {processor.py:766} INFO - DAG(s) dict_keys(['example_bash_operator']) retrieved from /home/airflow/.local/lib/python3.7/site-packages/airflow/example_dags/example_bash_operator.py
[2024-03-27T19:40:32.924+0000] {logging_mixin.py:120} INFO - [2024-03-27T19:40:32.924+0000] {dag.py:2585} INFO - Sync 1 DAGs
[2024-03-27T19:40:32.955+0000] {logging_mixin.py:120} INFO - [2024-03-27T19:40:32.955+0000] {dag.py:3340} INFO - Setting next_dagrun for example_bash_operator to 2024-03-27T00:00:00+00:00, run_after=2024-03-28T00:00:00+00:00
[2024-03-27T19:40:32.979+0000] {processor.py:176} INFO - Processing /home/airflow/.local/lib/python3.7/site-packages/airflow/example_dags/example_bash_operator.py took 0.219 seconds
[2024-03-27T19:41:08.979+0000] {processor.py:154} INFO - Started process (PID=191) to work on /home/airflow/.local/lib/python3.7/site-packages/airflow/example_dags/example_bash_operator.py
[2024-03-27T19:41:08.981+0000] {processor.py:756} INFO - Processing file /home/airflow/.local/lib/python3.7/site-packages/airflow/example_dags/example_bash_operator.py for tasks to queue
[2024-03-27T19:41:08.982+0000] {logging_mixin.py:120} INFO - [2024-03-27T19:41:08.982+0000] {dagbag.py:537} INFO - Filling up the DagBag from /home/airflow/.local/lib/python3.7/site-packages/airflow/example_dags/example_bash_operator.py
[2024-03-27T19:41:09.005+0000] {processor.py:766} INFO - DAG(s) dict_keys(['example_bash_operator']) retrieved from /home/airflow/.local/lib/python3.7/site-packages/airflow/example_dags/example_bash_operator.py
[2024-03-27T19:41:09.047+0000] {logging_mixin.py:120} INFO - [2024-03-27T19:41:09.047+0000] {dag.py:2585} INFO - Sync 1 DAGs
[2024-03-27T19:41:09.078+0000] {logging_mixin.py:120} INFO - [2024-03-27T19:41:09.077+0000] {dag.py:3340} INFO - Setting next_dagrun for example_bash_operator to 2024-03-27T00:00:00+00:00, run_after=2024-03-28T00:00:00+00:00
[2024-03-27T19:41:09.098+0000] {processor.py:176} INFO - Processing /home/airflow/.local/lib/python3.7/site-packages/airflow/example_dags/example_bash_operator.py took 0.122 seconds
[2024-03-27T19:41:40.226+0000] {processor.py:154} INFO - Started process (PID=72) to work on /home/airflow/.local/lib/python3.7/site-packages/airflow/example_dags/example_bash_operator.py
[2024-03-27T19:41:40.227+0000] {processor.py:756} INFO - Processing file /home/airflow/.local/lib/python3.7/site-packages/airflow/example_dags/example_bash_operator.py for tasks to queue
[2024-03-27T19:41:40.228+0000] {logging_mixin.py:120} INFO - [2024-03-27T19:41:40.228+0000] {dagbag.py:537} INFO - Filling up the DagBag from /home/airflow/.local/lib/python3.7/site-packages/airflow/example_dags/example_bash_operator.py
[2024-03-27T19:41:40.244+0000] {processor.py:766} INFO - DAG(s) dict_keys(['example_bash_operator']) retrieved from /home/airflow/.local/lib/python3.7/site-packages/airflow/example_dags/example_bash_operator.py
[2024-03-27T19:41:40.299+0000] {logging_mixin.py:120} INFO - [2024-03-27T19:41:40.299+0000] {dag.py:2585} INFO - Sync 1 DAGs
[2024-03-27T19:41:40.334+0000] {logging_mixin.py:120} INFO - [2024-03-27T19:41:40.334+0000] {dag.py:3340} INFO - Setting next_dagrun for example_bash_operator to 2024-03-27T00:00:00+00:00, run_after=2024-03-28T00:00:00+00:00
[2024-03-27T19:41:40.353+0000] {processor.py:176} INFO - Processing /home/airflow/.local/lib/python3.7/site-packages/airflow/example_dags/example_bash_operator.py took 0.129 seconds
[2024-03-27T19:42:11.614+0000] {processor.py:154} INFO - Started process (PID=122) to work on /home/airflow/.local/lib/python3.7/site-packages/airflow/example_dags/example_bash_operator.py
[2024-03-27T19:42:11.614+0000] {processor.py:756} INFO - Processing file /home/airflow/.local/lib/python3.7/site-packages/airflow/example_dags/example_bash_operator.py for tasks to queue
[2024-03-27T19:42:11.615+0000] {logging_mixin.py:120} INFO - [2024-03-27T19:42:11.615+0000] {dagbag.py:537} INFO - Filling up the DagBag from /home/airflow/.local/lib/python3.7/site-packages/airflow/example_dags/example_bash_operator.py
[2024-03-27T19:42:11.630+0000] {processor.py:766} INFO - DAG(s) dict_keys(['example_bash_operator']) retrieved from /home/airflow/.local/lib/python3.7/site-packages/airflow/example_dags/example_bash_operator.py
[2024-03-27T19:42:11.655+0000] {logging_mixin.py:120} INFO - [2024-03-27T19:42:11.655+0000] {dag.py:2585} INFO - Sync 1 DAGs
[2024-03-27T19:42:11.677+0000] {logging_mixin.py:120} INFO - [2024-03-27T19:42:11.677+0000] {dag.py:3340} INFO - Setting next_dagrun for example_bash_operator to 2024-03-27T00:00:00+00:00, run_after=2024-03-28T00:00:00+00:00
[2024-03-27T19:42:11.692+0000] {processor.py:176} INFO - Processing /home/airflow/.local/lib/python3.7/site-packages/airflow/example_dags/example_bash_operator.py took 0.080 seconds
[2024-03-27T19:44:36.940+0000] {processor.py:154} INFO - Started process (PID=80) to work on /home/airflow/.local/lib/python3.7/site-packages/airflow/example_dags/example_bash_operator.py
[2024-03-27T19:44:36.941+0000] {processor.py:756} INFO - Processing file /home/airflow/.local/lib/python3.7/site-packages/airflow/example_dags/example_bash_operator.py for tasks to queue
[2024-03-27T19:44:36.942+0000] {logging_mixin.py:120} INFO - [2024-03-27T19:44:36.942+0000] {dagbag.py:537} INFO - Filling up the DagBag from /home/airflow/.local/lib/python3.7/site-packages/airflow/example_dags/example_bash_operator.py
[2024-03-27T19:44:37.014+0000] {processor.py:766} INFO - DAG(s) dict_keys(['example_bash_operator']) retrieved from /home/airflow/.local/lib/python3.7/site-packages/airflow/example_dags/example_bash_operator.py
[2024-03-27T19:44:37.110+0000] {logging_mixin.py:120} INFO - [2024-03-27T19:44:37.110+0000] {dag.py:2585} INFO - Sync 1 DAGs
[2024-03-27T19:44:37.165+0000] {logging_mixin.py:120} INFO - [2024-03-27T19:44:37.165+0000] {dag.py:3340} INFO - Setting next_dagrun for example_bash_operator to 2024-03-27T00:00:00+00:00, run_after=2024-03-28T00:00:00+00:00
[2024-03-27T19:44:37.219+0000] {processor.py:176} INFO - Processing /home/airflow/.local/lib/python3.7/site-packages/airflow/example_dags/example_bash_operator.py took 0.286 seconds
[2024-03-27T19:45:22.894+0000] {processor.py:154} INFO - Started process (PID=132) to work on /home/airflow/.local/lib/python3.7/site-packages/airflow/example_dags/example_bash_operator.py
[2024-03-27T19:45:22.897+0000] {processor.py:756} INFO - Processing file /home/airflow/.local/lib/python3.7/site-packages/airflow/example_dags/example_bash_operator.py for tasks to queue
[2024-03-27T19:45:22.899+0000] {logging_mixin.py:120} INFO - [2024-03-27T19:45:22.899+0000] {dagbag.py:537} INFO - Filling up the DagBag from /home/airflow/.local/lib/python3.7/site-packages/airflow/example_dags/example_bash_operator.py
[2024-03-27T19:45:22.970+0000] {processor.py:766} INFO - DAG(s) dict_keys(['example_bash_operator']) retrieved from /home/airflow/.local/lib/python3.7/site-packages/airflow/example_dags/example_bash_operator.py
[2024-03-27T19:45:23.040+0000] {logging_mixin.py:120} INFO - [2024-03-27T19:45:23.040+0000] {dag.py:2585} INFO - Sync 1 DAGs
[2024-03-27T19:45:23.062+0000] {logging_mixin.py:120} INFO - [2024-03-27T19:45:23.061+0000] {dag.py:3340} INFO - Setting next_dagrun for example_bash_operator to 2024-03-27T00:00:00+00:00, run_after=2024-03-28T00:00:00+00:00
[2024-03-27T19:45:23.080+0000] {processor.py:176} INFO - Processing /home/airflow/.local/lib/python3.7/site-packages/airflow/example_dags/example_bash_operator.py took 0.195 seconds
[2024-03-27T19:46:41.303+0000] {processor.py:154} INFO - Started process (PID=85) to work on /home/airflow/.local/lib/python3.7/site-packages/airflow/example_dags/example_bash_operator.py
[2024-03-27T19:46:41.305+0000] {processor.py:756} INFO - Processing file /home/airflow/.local/lib/python3.7/site-packages/airflow/example_dags/example_bash_operator.py for tasks to queue
[2024-03-27T19:46:41.305+0000] {logging_mixin.py:120} INFO - [2024-03-27T19:46:41.305+0000] {dagbag.py:537} INFO - Filling up the DagBag from /home/airflow/.local/lib/python3.7/site-packages/airflow/example_dags/example_bash_operator.py
[2024-03-27T19:46:41.322+0000] {processor.py:766} INFO - DAG(s) dict_keys(['example_bash_operator']) retrieved from /home/airflow/.local/lib/python3.7/site-packages/airflow/example_dags/example_bash_operator.py
[2024-03-27T19:46:41.377+0000] {logging_mixin.py:120} INFO - [2024-03-27T19:46:41.377+0000] {dag.py:2585} INFO - Sync 1 DAGs
[2024-03-27T19:46:41.415+0000] {logging_mixin.py:120} INFO - [2024-03-27T19:46:41.415+0000] {dag.py:3340} INFO - Setting next_dagrun for example_bash_operator to 2024-03-27T00:00:00+00:00, run_after=2024-03-28T00:00:00+00:00
[2024-03-27T19:46:41.451+0000] {processor.py:176} INFO - Processing /home/airflow/.local/lib/python3.7/site-packages/airflow/example_dags/example_bash_operator.py took 0.149 seconds
[2024-03-27T19:47:26.511+0000] {processor.py:154} INFO - Started process (PID=140) to work on /home/airflow/.local/lib/python3.7/site-packages/airflow/example_dags/example_bash_operator.py
[2024-03-27T19:47:26.517+0000] {processor.py:756} INFO - Processing file /home/airflow/.local/lib/python3.7/site-packages/airflow/example_dags/example_bash_operator.py for tasks to queue
[2024-03-27T19:47:26.518+0000] {logging_mixin.py:120} INFO - [2024-03-27T19:47:26.518+0000] {dagbag.py:537} INFO - Filling up the DagBag from /home/airflow/.local/lib/python3.7/site-packages/airflow/example_dags/example_bash_operator.py
[2024-03-27T19:47:26.549+0000] {processor.py:766} INFO - DAG(s) dict_keys(['example_bash_operator']) retrieved from /home/airflow/.local/lib/python3.7/site-packages/airflow/example_dags/example_bash_operator.py
[2024-03-27T19:47:26.643+0000] {logging_mixin.py:120} INFO - [2024-03-27T19:47:26.643+0000] {dag.py:2585} INFO - Sync 1 DAGs
[2024-03-27T19:47:26.692+0000] {logging_mixin.py:120} INFO - [2024-03-27T19:47:26.692+0000] {dag.py:3340} INFO - Setting next_dagrun for example_bash_operator to 2024-03-27T00:00:00+00:00, run_after=2024-03-28T00:00:00+00:00
[2024-03-27T19:47:26.734+0000] {processor.py:176} INFO - Processing /home/airflow/.local/lib/python3.7/site-packages/airflow/example_dags/example_bash_operator.py took 0.226 seconds
[2024-03-27T19:47:47.773+0000] {processor.py:154} INFO - Started process (PID=72) to work on /home/airflow/.local/lib/python3.7/site-packages/airflow/example_dags/example_bash_operator.py
[2024-03-27T19:47:47.774+0000] {processor.py:756} INFO - Processing file /home/airflow/.local/lib/python3.7/site-packages/airflow/example_dags/example_bash_operator.py for tasks to queue
[2024-03-27T19:47:47.774+0000] {logging_mixin.py:120} INFO - [2024-03-27T19:47:47.774+0000] {dagbag.py:537} INFO - Filling up the DagBag from /home/airflow/.local/lib/python3.7/site-packages/airflow/example_dags/example_bash_operator.py
[2024-03-27T19:47:47.790+0000] {processor.py:766} INFO - DAG(s) dict_keys(['example_bash_operator']) retrieved from /home/airflow/.local/lib/python3.7/site-packages/airflow/example_dags/example_bash_operator.py
[2024-03-27T19:47:47.821+0000] {logging_mixin.py:120} INFO - [2024-03-27T19:47:47.821+0000] {dag.py:2585} INFO - Sync 1 DAGs
[2024-03-27T19:47:47.845+0000] {logging_mixin.py:120} INFO - [2024-03-27T19:47:47.845+0000] {dag.py:3340} INFO - Setting next_dagrun for example_bash_operator to 2024-03-27T00:00:00+00:00, run_after=2024-03-28T00:00:00+00:00
[2024-03-27T19:47:47.862+0000] {processor.py:176} INFO - Processing /home/airflow/.local/lib/python3.7/site-packages/airflow/example_dags/example_bash_operator.py took 0.091 seconds
[2024-03-27T19:48:36.838+0000] {processor.py:154} INFO - Started process (PID=129) to work on /home/airflow/.local/lib/python3.7/site-packages/airflow/example_dags/example_bash_operator.py
[2024-03-27T19:48:36.839+0000] {processor.py:756} INFO - Processing file /home/airflow/.local/lib/python3.7/site-packages/airflow/example_dags/example_bash_operator.py for tasks to queue
[2024-03-27T19:48:36.840+0000] {logging_mixin.py:120} INFO - [2024-03-27T19:48:36.840+0000] {dagbag.py:537} INFO - Filling up the DagBag from /home/airflow/.local/lib/python3.7/site-packages/airflow/example_dags/example_bash_operator.py
[2024-03-27T19:48:36.868+0000] {processor.py:766} INFO - DAG(s) dict_keys(['example_bash_operator']) retrieved from /home/airflow/.local/lib/python3.7/site-packages/airflow/example_dags/example_bash_operator.py
[2024-03-27T19:48:36.904+0000] {logging_mixin.py:120} INFO - [2024-03-27T19:48:36.904+0000] {dag.py:2585} INFO - Sync 1 DAGs
[2024-03-27T19:48:36.926+0000] {logging_mixin.py:120} INFO - [2024-03-27T19:48:36.925+0000] {dag.py:3340} INFO - Setting next_dagrun for example_bash_operator to 2024-03-27T00:00:00+00:00, run_after=2024-03-28T00:00:00+00:00
[2024-03-27T19:48:36.942+0000] {processor.py:176} INFO - Processing /home/airflow/.local/lib/python3.7/site-packages/airflow/example_dags/example_bash_operator.py took 0.107 seconds
[2024-03-27T19:49:27.637+0000] {processor.py:154} INFO - Started process (PID=73) to work on /home/airflow/.local/lib/python3.7/site-packages/airflow/example_dags/example_bash_operator.py
[2024-03-27T19:49:27.639+0000] {processor.py:756} INFO - Processing file /home/airflow/.local/lib/python3.7/site-packages/airflow/example_dags/example_bash_operator.py for tasks to queue
[2024-03-27T19:49:27.639+0000] {logging_mixin.py:120} INFO - [2024-03-27T19:49:27.639+0000] {dagbag.py:537} INFO - Filling up the DagBag from /home/airflow/.local/lib/python3.7/site-packages/airflow/example_dags/example_bash_operator.py
[2024-03-27T19:49:27.658+0000] {processor.py:766} INFO - DAG(s) dict_keys(['example_bash_operator']) retrieved from /home/airflow/.local/lib/python3.7/site-packages/airflow/example_dags/example_bash_operator.py
[2024-03-27T19:49:27.696+0000] {logging_mixin.py:120} INFO - [2024-03-27T19:49:27.696+0000] {dag.py:2585} INFO - Sync 1 DAGs
[2024-03-27T19:49:27.732+0000] {logging_mixin.py:120} INFO - [2024-03-27T19:49:27.732+0000] {dag.py:3340} INFO - Setting next_dagrun for example_bash_operator to 2024-03-27T00:00:00+00:00, run_after=2024-03-28T00:00:00+00:00
[2024-03-27T19:49:27.764+0000] {processor.py:176} INFO - Processing /home/airflow/.local/lib/python3.7/site-packages/airflow/example_dags/example_bash_operator.py took 0.131 seconds
[2024-03-27T19:50:02.288+0000] {processor.py:154} INFO - Started process (PID=131) to work on /home/airflow/.local/lib/python3.7/site-packages/airflow/example_dags/example_bash_operator.py
[2024-03-27T19:50:02.289+0000] {processor.py:756} INFO - Processing file /home/airflow/.local/lib/python3.7/site-packages/airflow/example_dags/example_bash_operator.py for tasks to queue
[2024-03-27T19:50:02.289+0000] {logging_mixin.py:120} INFO - [2024-03-27T19:50:02.289+0000] {dagbag.py:537} INFO - Filling up the DagBag from /home/airflow/.local/lib/python3.7/site-packages/airflow/example_dags/example_bash_operator.py
[2024-03-27T19:50:02.306+0000] {processor.py:766} INFO - DAG(s) dict_keys(['example_bash_operator']) retrieved from /home/airflow/.local/lib/python3.7/site-packages/airflow/example_dags/example_bash_operator.py
[2024-03-27T19:50:02.343+0000] {logging_mixin.py:120} INFO - [2024-03-27T19:50:02.343+0000] {dag.py:2585} INFO - Sync 1 DAGs
[2024-03-27T19:50:02.366+0000] {logging_mixin.py:120} INFO - [2024-03-27T19:50:02.366+0000] {dag.py:3340} INFO - Setting next_dagrun for example_bash_operator to 2024-03-27T00:00:00+00:00, run_after=2024-03-28T00:00:00+00:00
[2024-03-27T19:50:02.381+0000] {processor.py:176} INFO - Processing /home/airflow/.local/lib/python3.7/site-packages/airflow/example_dags/example_bash_operator.py took 0.098 seconds
[2024-03-27T19:54:23.512+0000] {processor.py:154} INFO - Started process (PID=72) to work on /home/airflow/.local/lib/python3.7/site-packages/airflow/example_dags/example_bash_operator.py
[2024-03-27T19:54:23.515+0000] {processor.py:756} INFO - Processing file /home/airflow/.local/lib/python3.7/site-packages/airflow/example_dags/example_bash_operator.py for tasks to queue
[2024-03-27T19:54:23.518+0000] {logging_mixin.py:120} INFO - [2024-03-27T19:54:23.518+0000] {dagbag.py:537} INFO - Filling up the DagBag from /home/airflow/.local/lib/python3.7/site-packages/airflow/example_dags/example_bash_operator.py
[2024-03-27T19:54:23.637+0000] {processor.py:766} INFO - DAG(s) dict_keys(['example_bash_operator']) retrieved from /home/airflow/.local/lib/python3.7/site-packages/airflow/example_dags/example_bash_operator.py
[2024-03-27T19:54:23.685+0000] {logging_mixin.py:120} INFO - [2024-03-27T19:54:23.684+0000] {dag.py:2585} INFO - Sync 1 DAGs
[2024-03-27T19:54:23.722+0000] {logging_mixin.py:120} INFO - [2024-03-27T19:54:23.722+0000] {dag.py:3340} INFO - Setting next_dagrun for example_bash_operator to 2024-03-27T00:00:00+00:00, run_after=2024-03-28T00:00:00+00:00
[2024-03-27T19:54:23.753+0000] {processor.py:176} INFO - Processing /home/airflow/.local/lib/python3.7/site-packages/airflow/example_dags/example_bash_operator.py took 0.257 seconds
