[2024-03-27T19:09:24.140+0000] {processor.py:154} INFO - Started process (PID=39) to work on /home/airflow/.local/lib/python3.7/site-packages/airflow/example_dags/example_task_group_decorator.py
[2024-03-27T19:09:24.167+0000] {processor.py:756} INFO - Processing file /home/airflow/.local/lib/python3.7/site-packages/airflow/example_dags/example_task_group_decorator.py for tasks to queue
[2024-03-27T19:09:24.171+0000] {logging_mixin.py:120} INFO - [2024-03-27T19:09:24.170+0000] {dagbag.py:537} INFO - Filling up the DagBag from /home/airflow/.local/lib/python3.7/site-packages/airflow/example_dags/example_task_group_decorator.py
[2024-03-27T19:09:24.584+0000] {processor.py:766} INFO - DAG(s) dict_keys(['example_task_group_decorator']) retrieved from /home/airflow/.local/lib/python3.7/site-packages/airflow/example_dags/example_task_group_decorator.py
[2024-03-27T19:09:25.654+0000] {logging_mixin.py:120} INFO - [2024-03-27T19:09:25.651+0000] {dag.py:2585} INFO - Sync 1 DAGs
[2024-03-27T19:09:27.066+0000] {logging_mixin.py:120} INFO - [2024-03-27T19:09:27.052+0000] {dag.py:3340} INFO - Setting next_dagrun for example_task_group_decorator to 2024-03-26T19:09:27.029633+00:00, run_after=2024-03-27T19:09:27.029633+00:00
[2024-03-27T19:09:28.711+0000] {processor.py:176} INFO - Processing /home/airflow/.local/lib/python3.7/site-packages/airflow/example_dags/example_task_group_decorator.py took 4.728 seconds
[2024-03-27T19:09:59.085+0000] {processor.py:154} INFO - Started process (PID=98) to work on /home/airflow/.local/lib/python3.7/site-packages/airflow/example_dags/example_task_group_decorator.py
[2024-03-27T19:09:59.087+0000] {processor.py:756} INFO - Processing file /home/airflow/.local/lib/python3.7/site-packages/airflow/example_dags/example_task_group_decorator.py for tasks to queue
[2024-03-27T19:09:59.090+0000] {logging_mixin.py:120} INFO - [2024-03-27T19:09:59.090+0000] {dagbag.py:537} INFO - Filling up the DagBag from /home/airflow/.local/lib/python3.7/site-packages/airflow/example_dags/example_task_group_decorator.py
[2024-03-27T19:09:59.362+0000] {processor.py:766} INFO - DAG(s) dict_keys(['example_task_group_decorator']) retrieved from /home/airflow/.local/lib/python3.7/site-packages/airflow/example_dags/example_task_group_decorator.py
[2024-03-27T19:10:00.268+0000] {logging_mixin.py:120} INFO - [2024-03-27T19:10:00.267+0000] {dag.py:2585} INFO - Sync 1 DAGs
[2024-03-27T19:10:00.370+0000] {logging_mixin.py:120} INFO - [2024-03-27T19:10:00.369+0000] {dag.py:3340} INFO - Setting next_dagrun for example_task_group_decorator to 2024-03-26T19:10:00.366099+00:00, run_after=2024-03-27T19:10:00.366099+00:00
[2024-03-27T19:10:00.468+0000] {processor.py:176} INFO - Processing /home/airflow/.local/lib/python3.7/site-packages/airflow/example_dags/example_task_group_decorator.py took 1.410 seconds
[2024-03-27T19:10:38.827+0000] {processor.py:154} INFO - Started process (PID=38) to work on /home/airflow/.local/lib/python3.7/site-packages/airflow/example_dags/example_task_group_decorator.py
[2024-03-27T19:10:38.827+0000] {processor.py:756} INFO - Processing file /home/airflow/.local/lib/python3.7/site-packages/airflow/example_dags/example_task_group_decorator.py for tasks to queue
[2024-03-27T19:10:38.828+0000] {logging_mixin.py:120} INFO - [2024-03-27T19:10:38.828+0000] {dagbag.py:537} INFO - Filling up the DagBag from /home/airflow/.local/lib/python3.7/site-packages/airflow/example_dags/example_task_group_decorator.py
[2024-03-27T19:10:38.849+0000] {processor.py:766} INFO - DAG(s) dict_keys(['example_task_group_decorator']) retrieved from /home/airflow/.local/lib/python3.7/site-packages/airflow/example_dags/example_task_group_decorator.py
[2024-03-27T19:10:38.888+0000] {logging_mixin.py:120} INFO - [2024-03-27T19:10:38.888+0000] {dag.py:2585} INFO - Sync 1 DAGs
[2024-03-27T19:10:38.912+0000] {logging_mixin.py:120} INFO - [2024-03-27T19:10:38.912+0000] {dag.py:3340} INFO - Setting next_dagrun for example_task_group_decorator to 2024-03-26T19:10:38.911784+00:00, run_after=2024-03-27T19:10:38.911784+00:00
[2024-03-27T19:10:38.926+0000] {processor.py:176} INFO - Processing /home/airflow/.local/lib/python3.7/site-packages/airflow/example_dags/example_task_group_decorator.py took 0.102 seconds
[2024-03-27T19:11:12.322+0000] {processor.py:154} INFO - Started process (PID=88) to work on /home/airflow/.local/lib/python3.7/site-packages/airflow/example_dags/example_task_group_decorator.py
[2024-03-27T19:11:12.323+0000] {processor.py:756} INFO - Processing file /home/airflow/.local/lib/python3.7/site-packages/airflow/example_dags/example_task_group_decorator.py for tasks to queue
[2024-03-27T19:11:12.325+0000] {logging_mixin.py:120} INFO - [2024-03-27T19:11:12.324+0000] {dagbag.py:537} INFO - Filling up the DagBag from /home/airflow/.local/lib/python3.7/site-packages/airflow/example_dags/example_task_group_decorator.py
[2024-03-27T19:11:12.376+0000] {processor.py:766} INFO - DAG(s) dict_keys(['example_task_group_decorator']) retrieved from /home/airflow/.local/lib/python3.7/site-packages/airflow/example_dags/example_task_group_decorator.py
[2024-03-27T19:11:12.478+0000] {logging_mixin.py:120} INFO - [2024-03-27T19:11:12.477+0000] {dag.py:2585} INFO - Sync 1 DAGs
[2024-03-27T19:11:12.504+0000] {logging_mixin.py:120} INFO - [2024-03-27T19:11:12.504+0000] {dag.py:3340} INFO - Setting next_dagrun for example_task_group_decorator to 2024-03-26T19:11:12.503840+00:00, run_after=2024-03-27T19:11:12.503840+00:00
[2024-03-27T19:11:12.523+0000] {processor.py:176} INFO - Processing /home/airflow/.local/lib/python3.7/site-packages/airflow/example_dags/example_task_group_decorator.py took 0.206 seconds
[2024-03-27T19:11:44.465+0000] {processor.py:154} INFO - Started process (PID=146) to work on /home/airflow/.local/lib/python3.7/site-packages/airflow/example_dags/example_task_group_decorator.py
[2024-03-27T19:11:44.467+0000] {processor.py:756} INFO - Processing file /home/airflow/.local/lib/python3.7/site-packages/airflow/example_dags/example_task_group_decorator.py for tasks to queue
[2024-03-27T19:11:44.467+0000] {logging_mixin.py:120} INFO - [2024-03-27T19:11:44.467+0000] {dagbag.py:537} INFO - Filling up the DagBag from /home/airflow/.local/lib/python3.7/site-packages/airflow/example_dags/example_task_group_decorator.py
[2024-03-27T19:11:44.495+0000] {processor.py:766} INFO - DAG(s) dict_keys(['example_task_group_decorator']) retrieved from /home/airflow/.local/lib/python3.7/site-packages/airflow/example_dags/example_task_group_decorator.py
[2024-03-27T19:11:44.583+0000] {logging_mixin.py:120} INFO - [2024-03-27T19:11:44.583+0000] {dag.py:2585} INFO - Sync 1 DAGs
[2024-03-27T19:11:44.612+0000] {logging_mixin.py:120} INFO - [2024-03-27T19:11:44.612+0000] {dag.py:3340} INFO - Setting next_dagrun for example_task_group_decorator to 2024-03-26T19:11:44.611799+00:00, run_after=2024-03-27T19:11:44.611799+00:00
[2024-03-27T19:11:44.648+0000] {processor.py:176} INFO - Processing /home/airflow/.local/lib/python3.7/site-packages/airflow/example_dags/example_task_group_decorator.py took 0.186 seconds
[2024-03-27T19:12:19.875+0000] {processor.py:154} INFO - Started process (PID=49) to work on /home/airflow/.local/lib/python3.7/site-packages/airflow/example_dags/example_task_group_decorator.py
[2024-03-27T19:12:19.876+0000] {processor.py:756} INFO - Processing file /home/airflow/.local/lib/python3.7/site-packages/airflow/example_dags/example_task_group_decorator.py for tasks to queue
[2024-03-27T19:12:19.877+0000] {logging_mixin.py:120} INFO - [2024-03-27T19:12:19.877+0000] {dagbag.py:537} INFO - Filling up the DagBag from /home/airflow/.local/lib/python3.7/site-packages/airflow/example_dags/example_task_group_decorator.py
[2024-03-27T19:12:19.905+0000] {processor.py:766} INFO - DAG(s) dict_keys(['example_task_group_decorator']) retrieved from /home/airflow/.local/lib/python3.7/site-packages/airflow/example_dags/example_task_group_decorator.py
[2024-03-27T19:12:19.999+0000] {logging_mixin.py:120} INFO - [2024-03-27T19:12:19.998+0000] {dag.py:2585} INFO - Sync 1 DAGs
[2024-03-27T19:12:20.059+0000] {logging_mixin.py:120} INFO - [2024-03-27T19:12:20.059+0000] {dag.py:3340} INFO - Setting next_dagrun for example_task_group_decorator to 2024-03-26T19:12:20.059026+00:00, run_after=2024-03-27T19:12:20.059026+00:00
[2024-03-27T19:12:20.113+0000] {processor.py:176} INFO - Processing /home/airflow/.local/lib/python3.7/site-packages/airflow/example_dags/example_task_group_decorator.py took 0.247 seconds
[2024-03-27T19:12:50.970+0000] {processor.py:154} INFO - Started process (PID=98) to work on /home/airflow/.local/lib/python3.7/site-packages/airflow/example_dags/example_task_group_decorator.py
[2024-03-27T19:12:50.971+0000] {processor.py:756} INFO - Processing file /home/airflow/.local/lib/python3.7/site-packages/airflow/example_dags/example_task_group_decorator.py for tasks to queue
[2024-03-27T19:12:50.972+0000] {logging_mixin.py:120} INFO - [2024-03-27T19:12:50.971+0000] {dagbag.py:537} INFO - Filling up the DagBag from /home/airflow/.local/lib/python3.7/site-packages/airflow/example_dags/example_task_group_decorator.py
[2024-03-27T19:12:50.992+0000] {processor.py:766} INFO - DAG(s) dict_keys(['example_task_group_decorator']) retrieved from /home/airflow/.local/lib/python3.7/site-packages/airflow/example_dags/example_task_group_decorator.py
[2024-03-27T19:12:51.021+0000] {logging_mixin.py:120} INFO - [2024-03-27T19:12:51.021+0000] {dag.py:2585} INFO - Sync 1 DAGs
[2024-03-27T19:12:51.041+0000] {logging_mixin.py:120} INFO - [2024-03-27T19:12:51.041+0000] {dag.py:3340} INFO - Setting next_dagrun for example_task_group_decorator to 2024-03-26T19:12:51.040771+00:00, run_after=2024-03-27T19:12:51.040771+00:00
[2024-03-27T19:12:51.054+0000] {processor.py:176} INFO - Processing /home/airflow/.local/lib/python3.7/site-packages/airflow/example_dags/example_task_group_decorator.py took 0.086 seconds
[2024-03-27T19:13:28.343+0000] {processor.py:154} INFO - Started process (PID=158) to work on /home/airflow/.local/lib/python3.7/site-packages/airflow/example_dags/example_task_group_decorator.py
[2024-03-27T19:13:28.346+0000] {processor.py:756} INFO - Processing file /home/airflow/.local/lib/python3.7/site-packages/airflow/example_dags/example_task_group_decorator.py for tasks to queue
[2024-03-27T19:13:28.346+0000] {logging_mixin.py:120} INFO - [2024-03-27T19:13:28.346+0000] {dagbag.py:537} INFO - Filling up the DagBag from /home/airflow/.local/lib/python3.7/site-packages/airflow/example_dags/example_task_group_decorator.py
[2024-03-27T19:13:28.405+0000] {processor.py:766} INFO - DAG(s) dict_keys(['example_task_group_decorator']) retrieved from /home/airflow/.local/lib/python3.7/site-packages/airflow/example_dags/example_task_group_decorator.py
[2024-03-27T19:13:28.721+0000] {logging_mixin.py:120} INFO - [2024-03-27T19:13:28.720+0000] {dag.py:2585} INFO - Sync 1 DAGs
[2024-03-27T19:13:28.750+0000] {logging_mixin.py:120} INFO - [2024-03-27T19:13:28.749+0000] {dag.py:3340} INFO - Setting next_dagrun for example_task_group_decorator to 2024-03-26T19:13:28.747766+00:00, run_after=2024-03-27T19:13:28.747766+00:00
[2024-03-27T19:13:28.772+0000] {processor.py:176} INFO - Processing /home/airflow/.local/lib/python3.7/site-packages/airflow/example_dags/example_task_group_decorator.py took 0.433 seconds
[2024-03-27T19:13:55.876+0000] {processor.py:154} INFO - Started process (PID=48) to work on /home/airflow/.local/lib/python3.7/site-packages/airflow/example_dags/example_task_group_decorator.py
[2024-03-27T19:13:55.877+0000] {processor.py:756} INFO - Processing file /home/airflow/.local/lib/python3.7/site-packages/airflow/example_dags/example_task_group_decorator.py for tasks to queue
[2024-03-27T19:13:55.877+0000] {logging_mixin.py:120} INFO - [2024-03-27T19:13:55.877+0000] {dagbag.py:537} INFO - Filling up the DagBag from /home/airflow/.local/lib/python3.7/site-packages/airflow/example_dags/example_task_group_decorator.py
[2024-03-27T19:13:55.907+0000] {processor.py:766} INFO - DAG(s) dict_keys(['example_task_group_decorator']) retrieved from /home/airflow/.local/lib/python3.7/site-packages/airflow/example_dags/example_task_group_decorator.py
[2024-03-27T19:13:55.943+0000] {logging_mixin.py:120} INFO - [2024-03-27T19:13:55.942+0000] {dag.py:2585} INFO - Sync 1 DAGs
[2024-03-27T19:13:55.965+0000] {logging_mixin.py:120} INFO - [2024-03-27T19:13:55.965+0000] {dag.py:3340} INFO - Setting next_dagrun for example_task_group_decorator to 2024-03-26T19:13:55.965427+00:00, run_after=2024-03-27T19:13:55.965427+00:00
[2024-03-27T19:13:55.981+0000] {processor.py:176} INFO - Processing /home/airflow/.local/lib/python3.7/site-packages/airflow/example_dags/example_task_group_decorator.py took 0.108 seconds
[2024-03-27T19:14:26.618+0000] {processor.py:154} INFO - Started process (PID=98) to work on /home/airflow/.local/lib/python3.7/site-packages/airflow/example_dags/example_task_group_decorator.py
[2024-03-27T19:14:26.619+0000] {processor.py:756} INFO - Processing file /home/airflow/.local/lib/python3.7/site-packages/airflow/example_dags/example_task_group_decorator.py for tasks to queue
[2024-03-27T19:14:26.619+0000] {logging_mixin.py:120} INFO - [2024-03-27T19:14:26.619+0000] {dagbag.py:537} INFO - Filling up the DagBag from /home/airflow/.local/lib/python3.7/site-packages/airflow/example_dags/example_task_group_decorator.py
[2024-03-27T19:14:26.639+0000] {processor.py:766} INFO - DAG(s) dict_keys(['example_task_group_decorator']) retrieved from /home/airflow/.local/lib/python3.7/site-packages/airflow/example_dags/example_task_group_decorator.py
[2024-03-27T19:14:26.675+0000] {logging_mixin.py:120} INFO - [2024-03-27T19:14:26.674+0000] {dag.py:2585} INFO - Sync 1 DAGs
[2024-03-27T19:14:26.695+0000] {logging_mixin.py:120} INFO - [2024-03-27T19:14:26.695+0000] {dag.py:3340} INFO - Setting next_dagrun for example_task_group_decorator to 2024-03-26T19:14:26.694361+00:00, run_after=2024-03-27T19:14:26.694361+00:00
[2024-03-27T19:14:26.707+0000] {processor.py:176} INFO - Processing /home/airflow/.local/lib/python3.7/site-packages/airflow/example_dags/example_task_group_decorator.py took 0.091 seconds
[2024-03-27T19:14:57.349+0000] {processor.py:154} INFO - Started process (PID=156) to work on /home/airflow/.local/lib/python3.7/site-packages/airflow/example_dags/example_task_group_decorator.py
[2024-03-27T19:14:57.351+0000] {processor.py:756} INFO - Processing file /home/airflow/.local/lib/python3.7/site-packages/airflow/example_dags/example_task_group_decorator.py for tasks to queue
[2024-03-27T19:14:57.355+0000] {logging_mixin.py:120} INFO - [2024-03-27T19:14:57.355+0000] {dagbag.py:537} INFO - Filling up the DagBag from /home/airflow/.local/lib/python3.7/site-packages/airflow/example_dags/example_task_group_decorator.py
[2024-03-27T19:14:57.396+0000] {processor.py:766} INFO - DAG(s) dict_keys(['example_task_group_decorator']) retrieved from /home/airflow/.local/lib/python3.7/site-packages/airflow/example_dags/example_task_group_decorator.py
[2024-03-27T19:14:57.460+0000] {logging_mixin.py:120} INFO - [2024-03-27T19:14:57.460+0000] {dag.py:2585} INFO - Sync 1 DAGs
[2024-03-27T19:14:57.494+0000] {logging_mixin.py:120} INFO - [2024-03-27T19:14:57.494+0000] {dag.py:3340} INFO - Setting next_dagrun for example_task_group_decorator to 2024-03-26T19:14:57.493902+00:00, run_after=2024-03-27T19:14:57.493902+00:00
[2024-03-27T19:14:57.507+0000] {processor.py:176} INFO - Processing /home/airflow/.local/lib/python3.7/site-packages/airflow/example_dags/example_task_group_decorator.py took 0.169 seconds
[2024-03-27T19:15:20.408+0000] {processor.py:154} INFO - Started process (PID=47) to work on /home/airflow/.local/lib/python3.7/site-packages/airflow/example_dags/example_task_group_decorator.py
[2024-03-27T19:15:20.409+0000] {processor.py:756} INFO - Processing file /home/airflow/.local/lib/python3.7/site-packages/airflow/example_dags/example_task_group_decorator.py for tasks to queue
[2024-03-27T19:15:20.410+0000] {logging_mixin.py:120} INFO - [2024-03-27T19:15:20.410+0000] {dagbag.py:537} INFO - Filling up the DagBag from /home/airflow/.local/lib/python3.7/site-packages/airflow/example_dags/example_task_group_decorator.py
[2024-03-27T19:15:20.429+0000] {processor.py:766} INFO - DAG(s) dict_keys(['example_task_group_decorator']) retrieved from /home/airflow/.local/lib/python3.7/site-packages/airflow/example_dags/example_task_group_decorator.py
[2024-03-27T19:15:20.469+0000] {logging_mixin.py:120} INFO - [2024-03-27T19:15:20.468+0000] {dag.py:2585} INFO - Sync 1 DAGs
[2024-03-27T19:15:20.507+0000] {logging_mixin.py:120} INFO - [2024-03-27T19:15:20.506+0000] {dag.py:3340} INFO - Setting next_dagrun for example_task_group_decorator to 2024-03-26T19:15:20.506755+00:00, run_after=2024-03-27T19:15:20.506755+00:00
[2024-03-27T19:15:20.521+0000] {processor.py:176} INFO - Processing /home/airflow/.local/lib/python3.7/site-packages/airflow/example_dags/example_task_group_decorator.py took 0.116 seconds
[2024-03-27T19:15:51.403+0000] {processor.py:154} INFO - Started process (PID=105) to work on /home/airflow/.local/lib/python3.7/site-packages/airflow/example_dags/example_task_group_decorator.py
[2024-03-27T19:15:51.407+0000] {processor.py:756} INFO - Processing file /home/airflow/.local/lib/python3.7/site-packages/airflow/example_dags/example_task_group_decorator.py for tasks to queue
[2024-03-27T19:15:51.415+0000] {logging_mixin.py:120} INFO - [2024-03-27T19:15:51.412+0000] {dagbag.py:537} INFO - Filling up the DagBag from /home/airflow/.local/lib/python3.7/site-packages/airflow/example_dags/example_task_group_decorator.py
[2024-03-27T19:15:51.464+0000] {processor.py:766} INFO - DAG(s) dict_keys(['example_task_group_decorator']) retrieved from /home/airflow/.local/lib/python3.7/site-packages/airflow/example_dags/example_task_group_decorator.py
[2024-03-27T19:15:51.538+0000] {logging_mixin.py:120} INFO - [2024-03-27T19:15:51.536+0000] {dag.py:2585} INFO - Sync 1 DAGs
[2024-03-27T19:15:51.597+0000] {logging_mixin.py:120} INFO - [2024-03-27T19:15:51.596+0000] {dag.py:3340} INFO - Setting next_dagrun for example_task_group_decorator to 2024-03-26T19:15:51.594229+00:00, run_after=2024-03-27T19:15:51.594229+00:00
[2024-03-27T19:15:51.644+0000] {processor.py:176} INFO - Processing /home/airflow/.local/lib/python3.7/site-packages/airflow/example_dags/example_task_group_decorator.py took 0.248 seconds
[2024-03-27T19:16:21.881+0000] {processor.py:154} INFO - Started process (PID=163) to work on /home/airflow/.local/lib/python3.7/site-packages/airflow/example_dags/example_task_group_decorator.py
[2024-03-27T19:16:21.885+0000] {processor.py:756} INFO - Processing file /home/airflow/.local/lib/python3.7/site-packages/airflow/example_dags/example_task_group_decorator.py for tasks to queue
[2024-03-27T19:16:21.887+0000] {logging_mixin.py:120} INFO - [2024-03-27T19:16:21.887+0000] {dagbag.py:537} INFO - Filling up the DagBag from /home/airflow/.local/lib/python3.7/site-packages/airflow/example_dags/example_task_group_decorator.py
[2024-03-27T19:16:21.969+0000] {processor.py:766} INFO - DAG(s) dict_keys(['example_task_group_decorator']) retrieved from /home/airflow/.local/lib/python3.7/site-packages/airflow/example_dags/example_task_group_decorator.py
[2024-03-27T19:16:22.096+0000] {logging_mixin.py:120} INFO - [2024-03-27T19:16:22.096+0000] {dag.py:2585} INFO - Sync 1 DAGs
[2024-03-27T19:16:22.149+0000] {logging_mixin.py:120} INFO - [2024-03-27T19:16:22.149+0000] {dag.py:3340} INFO - Setting next_dagrun for example_task_group_decorator to 2024-03-26T19:16:22.148755+00:00, run_after=2024-03-27T19:16:22.148755+00:00
[2024-03-27T19:16:22.189+0000] {processor.py:176} INFO - Processing /home/airflow/.local/lib/python3.7/site-packages/airflow/example_dags/example_task_group_decorator.py took 0.313 seconds
[2024-03-27T19:16:49.490+0000] {processor.py:154} INFO - Started process (PID=47) to work on /home/airflow/.local/lib/python3.7/site-packages/airflow/example_dags/example_task_group_decorator.py
[2024-03-27T19:16:49.492+0000] {processor.py:756} INFO - Processing file /home/airflow/.local/lib/python3.7/site-packages/airflow/example_dags/example_task_group_decorator.py for tasks to queue
[2024-03-27T19:16:49.493+0000] {logging_mixin.py:120} INFO - [2024-03-27T19:16:49.493+0000] {dagbag.py:537} INFO - Filling up the DagBag from /home/airflow/.local/lib/python3.7/site-packages/airflow/example_dags/example_task_group_decorator.py
[2024-03-27T19:16:49.522+0000] {processor.py:766} INFO - DAG(s) dict_keys(['example_task_group_decorator']) retrieved from /home/airflow/.local/lib/python3.7/site-packages/airflow/example_dags/example_task_group_decorator.py
[2024-03-27T19:16:49.571+0000] {logging_mixin.py:120} INFO - [2024-03-27T19:16:49.571+0000] {dag.py:2585} INFO - Sync 1 DAGs
[2024-03-27T19:16:49.592+0000] {logging_mixin.py:120} INFO - [2024-03-27T19:16:49.592+0000] {dag.py:3340} INFO - Setting next_dagrun for example_task_group_decorator to 2024-03-26T19:16:49.591920+00:00, run_after=2024-03-27T19:16:49.591920+00:00
[2024-03-27T19:16:49.631+0000] {processor.py:176} INFO - Processing /home/airflow/.local/lib/python3.7/site-packages/airflow/example_dags/example_task_group_decorator.py took 0.143 seconds
[2024-03-27T19:17:24.526+0000] {processor.py:154} INFO - Started process (PID=104) to work on /home/airflow/.local/lib/python3.7/site-packages/airflow/example_dags/example_task_group_decorator.py
[2024-03-27T19:17:24.534+0000] {processor.py:756} INFO - Processing file /home/airflow/.local/lib/python3.7/site-packages/airflow/example_dags/example_task_group_decorator.py for tasks to queue
[2024-03-27T19:17:24.538+0000] {logging_mixin.py:120} INFO - [2024-03-27T19:17:24.538+0000] {dagbag.py:537} INFO - Filling up the DagBag from /home/airflow/.local/lib/python3.7/site-packages/airflow/example_dags/example_task_group_decorator.py
[2024-03-27T19:17:24.731+0000] {processor.py:766} INFO - DAG(s) dict_keys(['example_task_group_decorator']) retrieved from /home/airflow/.local/lib/python3.7/site-packages/airflow/example_dags/example_task_group_decorator.py
[2024-03-27T19:17:24.923+0000] {logging_mixin.py:120} INFO - [2024-03-27T19:17:24.922+0000] {dag.py:2585} INFO - Sync 1 DAGs
[2024-03-27T19:17:24.986+0000] {logging_mixin.py:120} INFO - [2024-03-27T19:17:24.986+0000] {dag.py:3340} INFO - Setting next_dagrun for example_task_group_decorator to 2024-03-26T19:17:24.986369+00:00, run_after=2024-03-27T19:17:24.986369+00:00
[2024-03-27T19:17:25.075+0000] {processor.py:176} INFO - Processing /home/airflow/.local/lib/python3.7/site-packages/airflow/example_dags/example_task_group_decorator.py took 0.572 seconds
[2024-03-27T19:18:18.855+0000] {processor.py:154} INFO - Started process (PID=48) to work on /home/airflow/.local/lib/python3.7/site-packages/airflow/example_dags/example_task_group_decorator.py
[2024-03-27T19:18:18.858+0000] {processor.py:756} INFO - Processing file /home/airflow/.local/lib/python3.7/site-packages/airflow/example_dags/example_task_group_decorator.py for tasks to queue
[2024-03-27T19:18:18.859+0000] {logging_mixin.py:120} INFO - [2024-03-27T19:18:18.859+0000] {dagbag.py:537} INFO - Filling up the DagBag from /home/airflow/.local/lib/python3.7/site-packages/airflow/example_dags/example_task_group_decorator.py
[2024-03-27T19:18:18.883+0000] {processor.py:766} INFO - DAG(s) dict_keys(['example_task_group_decorator']) retrieved from /home/airflow/.local/lib/python3.7/site-packages/airflow/example_dags/example_task_group_decorator.py
[2024-03-27T19:18:18.920+0000] {logging_mixin.py:120} INFO - [2024-03-27T19:18:18.920+0000] {dag.py:2585} INFO - Sync 1 DAGs
[2024-03-27T19:18:18.938+0000] {logging_mixin.py:120} INFO - [2024-03-27T19:18:18.938+0000] {dag.py:3340} INFO - Setting next_dagrun for example_task_group_decorator to 2024-03-26T19:18:18.937925+00:00, run_after=2024-03-27T19:18:18.937925+00:00
[2024-03-27T19:18:18.952+0000] {processor.py:176} INFO - Processing /home/airflow/.local/lib/python3.7/site-packages/airflow/example_dags/example_task_group_decorator.py took 0.100 seconds
[2024-03-27T19:18:49.261+0000] {processor.py:154} INFO - Started process (PID=104) to work on /home/airflow/.local/lib/python3.7/site-packages/airflow/example_dags/example_task_group_decorator.py
[2024-03-27T19:18:49.262+0000] {processor.py:756} INFO - Processing file /home/airflow/.local/lib/python3.7/site-packages/airflow/example_dags/example_task_group_decorator.py for tasks to queue
[2024-03-27T19:18:49.263+0000] {logging_mixin.py:120} INFO - [2024-03-27T19:18:49.262+0000] {dagbag.py:537} INFO - Filling up the DagBag from /home/airflow/.local/lib/python3.7/site-packages/airflow/example_dags/example_task_group_decorator.py
[2024-03-27T19:18:49.289+0000] {processor.py:766} INFO - DAG(s) dict_keys(['example_task_group_decorator']) retrieved from /home/airflow/.local/lib/python3.7/site-packages/airflow/example_dags/example_task_group_decorator.py
[2024-03-27T19:18:49.328+0000] {logging_mixin.py:120} INFO - [2024-03-27T19:18:49.328+0000] {dag.py:2585} INFO - Sync 1 DAGs
[2024-03-27T19:18:49.343+0000] {logging_mixin.py:120} INFO - [2024-03-27T19:18:49.343+0000] {dag.py:3340} INFO - Setting next_dagrun for example_task_group_decorator to 2024-03-26T19:18:49.343047+00:00, run_after=2024-03-27T19:18:49.343047+00:00
[2024-03-27T19:18:49.353+0000] {processor.py:176} INFO - Processing /home/airflow/.local/lib/python3.7/site-packages/airflow/example_dags/example_task_group_decorator.py took 0.094 seconds
[2024-03-27T19:19:40.208+0000] {processor.py:154} INFO - Started process (PID=47) to work on /home/airflow/.local/lib/python3.7/site-packages/airflow/example_dags/example_task_group_decorator.py
[2024-03-27T19:19:40.209+0000] {processor.py:756} INFO - Processing file /home/airflow/.local/lib/python3.7/site-packages/airflow/example_dags/example_task_group_decorator.py for tasks to queue
[2024-03-27T19:19:40.210+0000] {logging_mixin.py:120} INFO - [2024-03-27T19:19:40.210+0000] {dagbag.py:537} INFO - Filling up the DagBag from /home/airflow/.local/lib/python3.7/site-packages/airflow/example_dags/example_task_group_decorator.py
[2024-03-27T19:19:40.236+0000] {processor.py:766} INFO - DAG(s) dict_keys(['example_task_group_decorator']) retrieved from /home/airflow/.local/lib/python3.7/site-packages/airflow/example_dags/example_task_group_decorator.py
[2024-03-27T19:19:40.270+0000] {logging_mixin.py:120} INFO - [2024-03-27T19:19:40.270+0000] {dag.py:2585} INFO - Sync 1 DAGs
[2024-03-27T19:19:40.290+0000] {logging_mixin.py:120} INFO - [2024-03-27T19:19:40.290+0000] {dag.py:3340} INFO - Setting next_dagrun for example_task_group_decorator to 2024-03-26T19:19:40.289971+00:00, run_after=2024-03-27T19:19:40.289971+00:00
[2024-03-27T19:19:40.304+0000] {processor.py:176} INFO - Processing /home/airflow/.local/lib/python3.7/site-packages/airflow/example_dags/example_task_group_decorator.py took 0.098 seconds
[2024-03-27T19:20:20.162+0000] {processor.py:154} INFO - Started process (PID=106) to work on /home/airflow/.local/lib/python3.7/site-packages/airflow/example_dags/example_task_group_decorator.py
[2024-03-27T19:20:20.166+0000] {processor.py:756} INFO - Processing file /home/airflow/.local/lib/python3.7/site-packages/airflow/example_dags/example_task_group_decorator.py for tasks to queue
[2024-03-27T19:20:20.168+0000] {logging_mixin.py:120} INFO - [2024-03-27T19:20:20.168+0000] {dagbag.py:537} INFO - Filling up the DagBag from /home/airflow/.local/lib/python3.7/site-packages/airflow/example_dags/example_task_group_decorator.py
[2024-03-27T19:20:20.220+0000] {processor.py:766} INFO - DAG(s) dict_keys(['example_task_group_decorator']) retrieved from /home/airflow/.local/lib/python3.7/site-packages/airflow/example_dags/example_task_group_decorator.py
[2024-03-27T19:20:20.283+0000] {logging_mixin.py:120} INFO - [2024-03-27T19:20:20.283+0000] {dag.py:2585} INFO - Sync 1 DAGs
[2024-03-27T19:20:20.323+0000] {logging_mixin.py:120} INFO - [2024-03-27T19:20:20.323+0000] {dag.py:3340} INFO - Setting next_dagrun for example_task_group_decorator to 2024-03-26T19:20:20.322972+00:00, run_after=2024-03-27T19:20:20.322972+00:00
[2024-03-27T19:20:20.347+0000] {processor.py:176} INFO - Processing /home/airflow/.local/lib/python3.7/site-packages/airflow/example_dags/example_task_group_decorator.py took 0.189 seconds
[2024-03-27T19:21:22.678+0000] {processor.py:154} INFO - Started process (PID=46) to work on /home/airflow/.local/lib/python3.7/site-packages/airflow/example_dags/example_task_group_decorator.py
[2024-03-27T19:21:22.678+0000] {processor.py:756} INFO - Processing file /home/airflow/.local/lib/python3.7/site-packages/airflow/example_dags/example_task_group_decorator.py for tasks to queue
[2024-03-27T19:21:22.679+0000] {logging_mixin.py:120} INFO - [2024-03-27T19:21:22.679+0000] {dagbag.py:537} INFO - Filling up the DagBag from /home/airflow/.local/lib/python3.7/site-packages/airflow/example_dags/example_task_group_decorator.py
[2024-03-27T19:21:22.700+0000] {processor.py:766} INFO - DAG(s) dict_keys(['example_task_group_decorator']) retrieved from /home/airflow/.local/lib/python3.7/site-packages/airflow/example_dags/example_task_group_decorator.py
[2024-03-27T19:21:22.728+0000] {logging_mixin.py:120} INFO - [2024-03-27T19:21:22.728+0000] {dag.py:2585} INFO - Sync 1 DAGs
[2024-03-27T19:21:22.744+0000] {logging_mixin.py:120} INFO - [2024-03-27T19:21:22.744+0000] {dag.py:3340} INFO - Setting next_dagrun for example_task_group_decorator to 2024-03-26T19:21:22.744569+00:00, run_after=2024-03-27T19:21:22.744569+00:00
[2024-03-27T19:21:22.756+0000] {processor.py:176} INFO - Processing /home/airflow/.local/lib/python3.7/site-packages/airflow/example_dags/example_task_group_decorator.py took 0.081 seconds
[2024-03-27T19:21:53.349+0000] {processor.py:154} INFO - Started process (PID=97) to work on /home/airflow/.local/lib/python3.7/site-packages/airflow/example_dags/example_task_group_decorator.py
[2024-03-27T19:21:53.349+0000] {processor.py:756} INFO - Processing file /home/airflow/.local/lib/python3.7/site-packages/airflow/example_dags/example_task_group_decorator.py for tasks to queue
[2024-03-27T19:21:53.350+0000] {logging_mixin.py:120} INFO - [2024-03-27T19:21:53.350+0000] {dagbag.py:537} INFO - Filling up the DagBag from /home/airflow/.local/lib/python3.7/site-packages/airflow/example_dags/example_task_group_decorator.py
[2024-03-27T19:21:53.366+0000] {processor.py:766} INFO - DAG(s) dict_keys(['example_task_group_decorator']) retrieved from /home/airflow/.local/lib/python3.7/site-packages/airflow/example_dags/example_task_group_decorator.py
[2024-03-27T19:21:53.389+0000] {logging_mixin.py:120} INFO - [2024-03-27T19:21:53.389+0000] {dag.py:2585} INFO - Sync 1 DAGs
[2024-03-27T19:21:53.405+0000] {logging_mixin.py:120} INFO - [2024-03-27T19:21:53.405+0000] {dag.py:3340} INFO - Setting next_dagrun for example_task_group_decorator to 2024-03-26T19:21:53.405698+00:00, run_after=2024-03-27T19:21:53.405698+00:00
[2024-03-27T19:21:53.416+0000] {processor.py:176} INFO - Processing /home/airflow/.local/lib/python3.7/site-packages/airflow/example_dags/example_task_group_decorator.py took 0.069 seconds
[2024-03-27T19:22:29.928+0000] {processor.py:154} INFO - Started process (PID=37) to work on /home/airflow/.local/lib/python3.7/site-packages/airflow/example_dags/example_task_group_decorator.py
[2024-03-27T19:22:29.930+0000] {processor.py:756} INFO - Processing file /home/airflow/.local/lib/python3.7/site-packages/airflow/example_dags/example_task_group_decorator.py for tasks to queue
[2024-03-27T19:22:29.931+0000] {logging_mixin.py:120} INFO - [2024-03-27T19:22:29.931+0000] {dagbag.py:537} INFO - Filling up the DagBag from /home/airflow/.local/lib/python3.7/site-packages/airflow/example_dags/example_task_group_decorator.py
[2024-03-27T19:22:29.966+0000] {processor.py:766} INFO - DAG(s) dict_keys(['example_task_group_decorator']) retrieved from /home/airflow/.local/lib/python3.7/site-packages/airflow/example_dags/example_task_group_decorator.py
[2024-03-27T19:22:29.996+0000] {logging_mixin.py:120} INFO - [2024-03-27T19:22:29.996+0000] {dag.py:2585} INFO - Sync 1 DAGs
[2024-03-27T19:22:30.014+0000] {logging_mixin.py:120} INFO - [2024-03-27T19:22:30.014+0000] {dag.py:3340} INFO - Setting next_dagrun for example_task_group_decorator to 2024-03-26T19:22:30.014189+00:00, run_after=2024-03-27T19:22:30.014189+00:00
[2024-03-27T19:22:30.027+0000] {processor.py:176} INFO - Processing /home/airflow/.local/lib/python3.7/site-packages/airflow/example_dags/example_task_group_decorator.py took 0.101 seconds
[2024-03-27T19:23:00.661+0000] {processor.py:154} INFO - Started process (PID=105) to work on /home/airflow/.local/lib/python3.7/site-packages/airflow/example_dags/example_task_group_decorator.py
[2024-03-27T19:23:00.661+0000] {processor.py:756} INFO - Processing file /home/airflow/.local/lib/python3.7/site-packages/airflow/example_dags/example_task_group_decorator.py for tasks to queue
[2024-03-27T19:23:00.662+0000] {logging_mixin.py:120} INFO - [2024-03-27T19:23:00.662+0000] {dagbag.py:537} INFO - Filling up the DagBag from /home/airflow/.local/lib/python3.7/site-packages/airflow/example_dags/example_task_group_decorator.py
[2024-03-27T19:23:00.684+0000] {processor.py:766} INFO - DAG(s) dict_keys(['example_task_group_decorator']) retrieved from /home/airflow/.local/lib/python3.7/site-packages/airflow/example_dags/example_task_group_decorator.py
[2024-03-27T19:23:00.707+0000] {logging_mixin.py:120} INFO - [2024-03-27T19:23:00.707+0000] {dag.py:2585} INFO - Sync 1 DAGs
[2024-03-27T19:23:00.721+0000] {logging_mixin.py:120} INFO - [2024-03-27T19:23:00.720+0000] {dag.py:3340} INFO - Setting next_dagrun for example_task_group_decorator to 2024-03-26T19:23:00.720813+00:00, run_after=2024-03-27T19:23:00.720813+00:00
[2024-03-27T19:23:00.730+0000] {processor.py:176} INFO - Processing /home/airflow/.local/lib/python3.7/site-packages/airflow/example_dags/example_task_group_decorator.py took 0.071 seconds
[2024-03-27T19:24:27.060+0000] {processor.py:154} INFO - Started process (PID=164) to work on /home/airflow/.local/lib/python3.7/site-packages/airflow/example_dags/example_task_group_decorator.py
[2024-03-27T19:24:27.061+0000] {processor.py:756} INFO - Processing file /home/airflow/.local/lib/python3.7/site-packages/airflow/example_dags/example_task_group_decorator.py for tasks to queue
[2024-03-27T19:24:27.063+0000] {logging_mixin.py:120} INFO - [2024-03-27T19:24:27.062+0000] {dagbag.py:537} INFO - Filling up the DagBag from /home/airflow/.local/lib/python3.7/site-packages/airflow/example_dags/example_task_group_decorator.py
[2024-03-27T19:24:27.101+0000] {processor.py:766} INFO - DAG(s) dict_keys(['example_task_group_decorator']) retrieved from /home/airflow/.local/lib/python3.7/site-packages/airflow/example_dags/example_task_group_decorator.py
[2024-03-27T19:24:27.190+0000] {logging_mixin.py:120} INFO - [2024-03-27T19:24:27.190+0000] {dag.py:2585} INFO - Sync 1 DAGs
[2024-03-27T19:24:27.226+0000] {logging_mixin.py:120} INFO - [2024-03-27T19:24:27.226+0000] {dag.py:3340} INFO - Setting next_dagrun for example_task_group_decorator to 2024-03-26T19:24:27.226265+00:00, run_after=2024-03-27T19:24:27.226265+00:00
[2024-03-27T19:24:27.260+0000] {processor.py:176} INFO - Processing /home/airflow/.local/lib/python3.7/site-packages/airflow/example_dags/example_task_group_decorator.py took 0.205 seconds
[2024-03-27T19:24:53.304+0000] {processor.py:154} INFO - Started process (PID=38) to work on /home/airflow/.local/lib/python3.7/site-packages/airflow/example_dags/example_task_group_decorator.py
[2024-03-27T19:24:53.305+0000] {processor.py:756} INFO - Processing file /home/airflow/.local/lib/python3.7/site-packages/airflow/example_dags/example_task_group_decorator.py for tasks to queue
[2024-03-27T19:24:53.305+0000] {logging_mixin.py:120} INFO - [2024-03-27T19:24:53.305+0000] {dagbag.py:537} INFO - Filling up the DagBag from /home/airflow/.local/lib/python3.7/site-packages/airflow/example_dags/example_task_group_decorator.py
[2024-03-27T19:24:53.322+0000] {processor.py:766} INFO - DAG(s) dict_keys(['example_task_group_decorator']) retrieved from /home/airflow/.local/lib/python3.7/site-packages/airflow/example_dags/example_task_group_decorator.py
[2024-03-27T19:24:53.347+0000] {logging_mixin.py:120} INFO - [2024-03-27T19:24:53.347+0000] {dag.py:2585} INFO - Sync 1 DAGs
[2024-03-27T19:24:53.361+0000] {logging_mixin.py:120} INFO - [2024-03-27T19:24:53.361+0000] {dag.py:3340} INFO - Setting next_dagrun for example_task_group_decorator to 2024-03-26T19:24:53.361119+00:00, run_after=2024-03-27T19:24:53.361119+00:00
[2024-03-27T19:24:53.372+0000] {processor.py:176} INFO - Processing /home/airflow/.local/lib/python3.7/site-packages/airflow/example_dags/example_task_group_decorator.py took 0.071 seconds
[2024-03-27T19:25:23.631+0000] {processor.py:154} INFO - Started process (PID=103) to work on /home/airflow/.local/lib/python3.7/site-packages/airflow/example_dags/example_task_group_decorator.py
[2024-03-27T19:25:23.632+0000] {processor.py:756} INFO - Processing file /home/airflow/.local/lib/python3.7/site-packages/airflow/example_dags/example_task_group_decorator.py for tasks to queue
[2024-03-27T19:25:23.632+0000] {logging_mixin.py:120} INFO - [2024-03-27T19:25:23.632+0000] {dagbag.py:537} INFO - Filling up the DagBag from /home/airflow/.local/lib/python3.7/site-packages/airflow/example_dags/example_task_group_decorator.py
[2024-03-27T19:25:23.647+0000] {processor.py:766} INFO - DAG(s) dict_keys(['example_task_group_decorator']) retrieved from /home/airflow/.local/lib/python3.7/site-packages/airflow/example_dags/example_task_group_decorator.py
[2024-03-27T19:25:23.667+0000] {logging_mixin.py:120} INFO - [2024-03-27T19:25:23.667+0000] {dag.py:2585} INFO - Sync 1 DAGs
[2024-03-27T19:25:23.680+0000] {logging_mixin.py:120} INFO - [2024-03-27T19:25:23.680+0000] {dag.py:3340} INFO - Setting next_dagrun for example_task_group_decorator to 2024-03-26T19:25:23.680724+00:00, run_after=2024-03-27T19:25:23.680724+00:00
[2024-03-27T19:25:23.693+0000] {processor.py:176} INFO - Processing /home/airflow/.local/lib/python3.7/site-packages/airflow/example_dags/example_task_group_decorator.py took 0.063 seconds
[2024-03-27T19:25:53.799+0000] {processor.py:154} INFO - Started process (PID=172) to work on /home/airflow/.local/lib/python3.7/site-packages/airflow/example_dags/example_task_group_decorator.py
[2024-03-27T19:25:53.800+0000] {processor.py:756} INFO - Processing file /home/airflow/.local/lib/python3.7/site-packages/airflow/example_dags/example_task_group_decorator.py for tasks to queue
[2024-03-27T19:25:53.801+0000] {logging_mixin.py:120} INFO - [2024-03-27T19:25:53.801+0000] {dagbag.py:537} INFO - Filling up the DagBag from /home/airflow/.local/lib/python3.7/site-packages/airflow/example_dags/example_task_group_decorator.py
[2024-03-27T19:25:53.837+0000] {processor.py:766} INFO - DAG(s) dict_keys(['example_task_group_decorator']) retrieved from /home/airflow/.local/lib/python3.7/site-packages/airflow/example_dags/example_task_group_decorator.py
[2024-03-27T19:25:53.888+0000] {logging_mixin.py:120} INFO - [2024-03-27T19:25:53.888+0000] {dag.py:2585} INFO - Sync 1 DAGs
[2024-03-27T19:25:53.910+0000] {logging_mixin.py:120} INFO - [2024-03-27T19:25:53.910+0000] {dag.py:3340} INFO - Setting next_dagrun for example_task_group_decorator to 2024-03-26T19:25:53.909839+00:00, run_after=2024-03-27T19:25:53.909839+00:00
[2024-03-27T19:25:53.939+0000] {processor.py:176} INFO - Processing /home/airflow/.local/lib/python3.7/site-packages/airflow/example_dags/example_task_group_decorator.py took 0.146 seconds
[2024-03-27T19:26:24.477+0000] {processor.py:154} INFO - Started process (PID=231) to work on /home/airflow/.local/lib/python3.7/site-packages/airflow/example_dags/example_task_group_decorator.py
[2024-03-27T19:26:24.477+0000] {processor.py:756} INFO - Processing file /home/airflow/.local/lib/python3.7/site-packages/airflow/example_dags/example_task_group_decorator.py for tasks to queue
[2024-03-27T19:26:24.478+0000] {logging_mixin.py:120} INFO - [2024-03-27T19:26:24.478+0000] {dagbag.py:537} INFO - Filling up the DagBag from /home/airflow/.local/lib/python3.7/site-packages/airflow/example_dags/example_task_group_decorator.py
[2024-03-27T19:26:24.492+0000] {processor.py:766} INFO - DAG(s) dict_keys(['example_task_group_decorator']) retrieved from /home/airflow/.local/lib/python3.7/site-packages/airflow/example_dags/example_task_group_decorator.py
[2024-03-27T19:26:24.521+0000] {logging_mixin.py:120} INFO - [2024-03-27T19:26:24.521+0000] {dag.py:2585} INFO - Sync 1 DAGs
[2024-03-27T19:26:24.537+0000] {logging_mixin.py:120} INFO - [2024-03-27T19:26:24.536+0000] {dag.py:3340} INFO - Setting next_dagrun for example_task_group_decorator to 2024-03-26T19:26:24.536631+00:00, run_after=2024-03-27T19:26:24.536631+00:00
[2024-03-27T19:26:24.547+0000] {processor.py:176} INFO - Processing /home/airflow/.local/lib/python3.7/site-packages/airflow/example_dags/example_task_group_decorator.py took 0.072 seconds
[2024-03-27T19:26:56.369+0000] {processor.py:154} INFO - Started process (PID=39) to work on /home/airflow/.local/lib/python3.7/site-packages/airflow/example_dags/example_task_group_decorator.py
[2024-03-27T19:26:56.370+0000] {processor.py:756} INFO - Processing file /home/airflow/.local/lib/python3.7/site-packages/airflow/example_dags/example_task_group_decorator.py for tasks to queue
[2024-03-27T19:26:56.370+0000] {logging_mixin.py:120} INFO - [2024-03-27T19:26:56.370+0000] {dagbag.py:537} INFO - Filling up the DagBag from /home/airflow/.local/lib/python3.7/site-packages/airflow/example_dags/example_task_group_decorator.py
[2024-03-27T19:26:56.387+0000] {processor.py:766} INFO - DAG(s) dict_keys(['example_task_group_decorator']) retrieved from /home/airflow/.local/lib/python3.7/site-packages/airflow/example_dags/example_task_group_decorator.py
[2024-03-27T19:26:56.410+0000] {logging_mixin.py:120} INFO - [2024-03-27T19:26:56.410+0000] {dag.py:2585} INFO - Sync 1 DAGs
[2024-03-27T19:26:56.425+0000] {logging_mixin.py:120} INFO - [2024-03-27T19:26:56.425+0000] {dag.py:3340} INFO - Setting next_dagrun for example_task_group_decorator to 2024-03-26T19:26:56.425069+00:00, run_after=2024-03-27T19:26:56.425069+00:00
[2024-03-27T19:26:56.435+0000] {processor.py:176} INFO - Processing /home/airflow/.local/lib/python3.7/site-packages/airflow/example_dags/example_task_group_decorator.py took 0.067 seconds
[2024-03-27T19:27:26.476+0000] {processor.py:154} INFO - Started process (PID=104) to work on /home/airflow/.local/lib/python3.7/site-packages/airflow/example_dags/example_task_group_decorator.py
[2024-03-27T19:27:26.476+0000] {processor.py:756} INFO - Processing file /home/airflow/.local/lib/python3.7/site-packages/airflow/example_dags/example_task_group_decorator.py for tasks to queue
[2024-03-27T19:27:26.477+0000] {logging_mixin.py:120} INFO - [2024-03-27T19:27:26.477+0000] {dagbag.py:537} INFO - Filling up the DagBag from /home/airflow/.local/lib/python3.7/site-packages/airflow/example_dags/example_task_group_decorator.py
[2024-03-27T19:27:26.492+0000] {processor.py:766} INFO - DAG(s) dict_keys(['example_task_group_decorator']) retrieved from /home/airflow/.local/lib/python3.7/site-packages/airflow/example_dags/example_task_group_decorator.py
[2024-03-27T19:27:26.512+0000] {logging_mixin.py:120} INFO - [2024-03-27T19:27:26.512+0000] {dag.py:2585} INFO - Sync 1 DAGs
[2024-03-27T19:27:26.523+0000] {logging_mixin.py:120} INFO - [2024-03-27T19:27:26.523+0000] {dag.py:3340} INFO - Setting next_dagrun for example_task_group_decorator to 2024-03-26T19:27:26.523341+00:00, run_after=2024-03-27T19:27:26.523341+00:00
[2024-03-27T19:27:26.531+0000] {processor.py:176} INFO - Processing /home/airflow/.local/lib/python3.7/site-packages/airflow/example_dags/example_task_group_decorator.py took 0.057 seconds
[2024-03-27T19:27:56.612+0000] {processor.py:154} INFO - Started process (PID=191) to work on /home/airflow/.local/lib/python3.7/site-packages/airflow/example_dags/example_task_group_decorator.py
[2024-03-27T19:27:56.613+0000] {processor.py:756} INFO - Processing file /home/airflow/.local/lib/python3.7/site-packages/airflow/example_dags/example_task_group_decorator.py for tasks to queue
[2024-03-27T19:27:56.614+0000] {logging_mixin.py:120} INFO - [2024-03-27T19:27:56.614+0000] {dagbag.py:537} INFO - Filling up the DagBag from /home/airflow/.local/lib/python3.7/site-packages/airflow/example_dags/example_task_group_decorator.py
[2024-03-27T19:27:56.629+0000] {processor.py:766} INFO - DAG(s) dict_keys(['example_task_group_decorator']) retrieved from /home/airflow/.local/lib/python3.7/site-packages/airflow/example_dags/example_task_group_decorator.py
[2024-03-27T19:27:56.655+0000] {logging_mixin.py:120} INFO - [2024-03-27T19:27:56.655+0000] {dag.py:2585} INFO - Sync 1 DAGs
[2024-03-27T19:27:56.670+0000] {logging_mixin.py:120} INFO - [2024-03-27T19:27:56.670+0000] {dag.py:3340} INFO - Setting next_dagrun for example_task_group_decorator to 2024-03-27T19:27:26.523341+00:00, run_after=2024-03-28T19:27:26.523341+00:00
[2024-03-27T19:27:56.685+0000] {processor.py:176} INFO - Processing /home/airflow/.local/lib/python3.7/site-packages/airflow/example_dags/example_task_group_decorator.py took 0.075 seconds
[2024-03-27T19:28:33.693+0000] {processor.py:154} INFO - Started process (PID=262) to work on /home/airflow/.local/lib/python3.7/site-packages/airflow/example_dags/example_task_group_decorator.py
[2024-03-27T19:28:33.694+0000] {processor.py:756} INFO - Processing file /home/airflow/.local/lib/python3.7/site-packages/airflow/example_dags/example_task_group_decorator.py for tasks to queue
[2024-03-27T19:28:33.695+0000] {logging_mixin.py:120} INFO - [2024-03-27T19:28:33.695+0000] {dagbag.py:537} INFO - Filling up the DagBag from /home/airflow/.local/lib/python3.7/site-packages/airflow/example_dags/example_task_group_decorator.py
[2024-03-27T19:28:33.722+0000] {processor.py:766} INFO - DAG(s) dict_keys(['example_task_group_decorator']) retrieved from /home/airflow/.local/lib/python3.7/site-packages/airflow/example_dags/example_task_group_decorator.py
[2024-03-27T19:28:33.758+0000] {logging_mixin.py:120} INFO - [2024-03-27T19:28:33.758+0000] {dag.py:2585} INFO - Sync 1 DAGs
[2024-03-27T19:28:33.777+0000] {logging_mixin.py:120} INFO - [2024-03-27T19:28:33.777+0000] {dag.py:3340} INFO - Setting next_dagrun for example_task_group_decorator to 2024-03-27T19:27:26.523341+00:00, run_after=2024-03-28T19:27:26.523341+00:00
[2024-03-27T19:28:33.793+0000] {processor.py:176} INFO - Processing /home/airflow/.local/lib/python3.7/site-packages/airflow/example_dags/example_task_group_decorator.py took 0.102 seconds
[2024-03-27T19:29:06.987+0000] {processor.py:154} INFO - Started process (PID=311) to work on /home/airflow/.local/lib/python3.7/site-packages/airflow/example_dags/example_task_group_decorator.py
[2024-03-27T19:29:06.988+0000] {processor.py:756} INFO - Processing file /home/airflow/.local/lib/python3.7/site-packages/airflow/example_dags/example_task_group_decorator.py for tasks to queue
[2024-03-27T19:29:06.989+0000] {logging_mixin.py:120} INFO - [2024-03-27T19:29:06.989+0000] {dagbag.py:537} INFO - Filling up the DagBag from /home/airflow/.local/lib/python3.7/site-packages/airflow/example_dags/example_task_group_decorator.py
[2024-03-27T19:29:07.034+0000] {processor.py:766} INFO - DAG(s) dict_keys(['example_task_group_decorator']) retrieved from /home/airflow/.local/lib/python3.7/site-packages/airflow/example_dags/example_task_group_decorator.py
[2024-03-27T19:29:07.205+0000] {logging_mixin.py:120} INFO - [2024-03-27T19:29:07.204+0000] {dag.py:2585} INFO - Sync 1 DAGs
[2024-03-27T19:29:07.280+0000] {logging_mixin.py:120} INFO - [2024-03-27T19:29:07.280+0000] {dag.py:3340} INFO - Setting next_dagrun for example_task_group_decorator to 2024-03-27T19:27:26.523341+00:00, run_after=2024-03-28T19:27:26.523341+00:00
[2024-03-27T19:29:07.328+0000] {processor.py:176} INFO - Processing /home/airflow/.local/lib/python3.7/site-packages/airflow/example_dags/example_task_group_decorator.py took 0.347 seconds
[2024-03-27T19:29:37.493+0000] {processor.py:154} INFO - Started process (PID=366) to work on /home/airflow/.local/lib/python3.7/site-packages/airflow/example_dags/example_task_group_decorator.py
[2024-03-27T19:29:37.495+0000] {processor.py:756} INFO - Processing file /home/airflow/.local/lib/python3.7/site-packages/airflow/example_dags/example_task_group_decorator.py for tasks to queue
[2024-03-27T19:29:37.496+0000] {logging_mixin.py:120} INFO - [2024-03-27T19:29:37.496+0000] {dagbag.py:537} INFO - Filling up the DagBag from /home/airflow/.local/lib/python3.7/site-packages/airflow/example_dags/example_task_group_decorator.py
[2024-03-27T19:29:37.527+0000] {processor.py:766} INFO - DAG(s) dict_keys(['example_task_group_decorator']) retrieved from /home/airflow/.local/lib/python3.7/site-packages/airflow/example_dags/example_task_group_decorator.py
[2024-03-27T19:29:37.572+0000] {logging_mixin.py:120} INFO - [2024-03-27T19:29:37.572+0000] {dag.py:2585} INFO - Sync 1 DAGs
[2024-03-27T19:29:37.596+0000] {logging_mixin.py:120} INFO - [2024-03-27T19:29:37.596+0000] {dag.py:3340} INFO - Setting next_dagrun for example_task_group_decorator to 2024-03-27T19:27:26.523341+00:00, run_after=2024-03-28T19:27:26.523341+00:00
[2024-03-27T19:29:37.613+0000] {processor.py:176} INFO - Processing /home/airflow/.local/lib/python3.7/site-packages/airflow/example_dags/example_task_group_decorator.py took 0.123 seconds
[2024-03-27T19:30:10.049+0000] {processor.py:154} INFO - Started process (PID=407) to work on /home/airflow/.local/lib/python3.7/site-packages/airflow/example_dags/example_task_group_decorator.py
[2024-03-27T19:30:10.053+0000] {processor.py:756} INFO - Processing file /home/airflow/.local/lib/python3.7/site-packages/airflow/example_dags/example_task_group_decorator.py for tasks to queue
[2024-03-27T19:30:10.055+0000] {logging_mixin.py:120} INFO - [2024-03-27T19:30:10.055+0000] {dagbag.py:537} INFO - Filling up the DagBag from /home/airflow/.local/lib/python3.7/site-packages/airflow/example_dags/example_task_group_decorator.py
[2024-03-27T19:30:10.114+0000] {processor.py:766} INFO - DAG(s) dict_keys(['example_task_group_decorator']) retrieved from /home/airflow/.local/lib/python3.7/site-packages/airflow/example_dags/example_task_group_decorator.py
[2024-03-27T19:30:10.184+0000] {logging_mixin.py:120} INFO - [2024-03-27T19:30:10.183+0000] {dag.py:2585} INFO - Sync 1 DAGs
[2024-03-27T19:30:10.225+0000] {logging_mixin.py:120} INFO - [2024-03-27T19:30:10.225+0000] {dag.py:3340} INFO - Setting next_dagrun for example_task_group_decorator to 2024-03-27T19:27:26.523341+00:00, run_after=2024-03-28T19:27:26.523341+00:00
[2024-03-27T19:30:10.258+0000] {processor.py:176} INFO - Processing /home/airflow/.local/lib/python3.7/site-packages/airflow/example_dags/example_task_group_decorator.py took 0.218 seconds
[2024-03-27T19:30:52.757+0000] {processor.py:154} INFO - Started process (PID=451) to work on /home/airflow/.local/lib/python3.7/site-packages/airflow/example_dags/example_task_group_decorator.py
[2024-03-27T19:30:52.758+0000] {processor.py:756} INFO - Processing file /home/airflow/.local/lib/python3.7/site-packages/airflow/example_dags/example_task_group_decorator.py for tasks to queue
[2024-03-27T19:30:52.759+0000] {logging_mixin.py:120} INFO - [2024-03-27T19:30:52.759+0000] {dagbag.py:537} INFO - Filling up the DagBag from /home/airflow/.local/lib/python3.7/site-packages/airflow/example_dags/example_task_group_decorator.py
[2024-03-27T19:30:52.820+0000] {processor.py:766} INFO - DAG(s) dict_keys(['example_task_group_decorator']) retrieved from /home/airflow/.local/lib/python3.7/site-packages/airflow/example_dags/example_task_group_decorator.py
[2024-03-27T19:30:52.995+0000] {logging_mixin.py:120} INFO - [2024-03-27T19:30:52.995+0000] {dag.py:2585} INFO - Sync 1 DAGs
[2024-03-27T19:30:53.036+0000] {logging_mixin.py:120} INFO - [2024-03-27T19:30:53.036+0000] {dag.py:3340} INFO - Setting next_dagrun for example_task_group_decorator to 2024-03-27T19:27:26.523341+00:00, run_after=2024-03-28T19:27:26.523341+00:00
[2024-03-27T19:30:53.125+0000] {processor.py:176} INFO - Processing /home/airflow/.local/lib/python3.7/site-packages/airflow/example_dags/example_task_group_decorator.py took 0.370 seconds
[2024-03-27T19:31:23.908+0000] {processor.py:154} INFO - Started process (PID=503) to work on /home/airflow/.local/lib/python3.7/site-packages/airflow/example_dags/example_task_group_decorator.py
[2024-03-27T19:31:23.910+0000] {processor.py:756} INFO - Processing file /home/airflow/.local/lib/python3.7/site-packages/airflow/example_dags/example_task_group_decorator.py for tasks to queue
[2024-03-27T19:31:23.911+0000] {logging_mixin.py:120} INFO - [2024-03-27T19:31:23.911+0000] {dagbag.py:537} INFO - Filling up the DagBag from /home/airflow/.local/lib/python3.7/site-packages/airflow/example_dags/example_task_group_decorator.py
[2024-03-27T19:31:23.970+0000] {processor.py:766} INFO - DAG(s) dict_keys(['example_task_group_decorator']) retrieved from /home/airflow/.local/lib/python3.7/site-packages/airflow/example_dags/example_task_group_decorator.py
[2024-03-27T19:31:24.029+0000] {logging_mixin.py:120} INFO - [2024-03-27T19:31:24.028+0000] {dag.py:2585} INFO - Sync 1 DAGs
[2024-03-27T19:31:24.072+0000] {logging_mixin.py:120} INFO - [2024-03-27T19:31:24.071+0000] {dag.py:3340} INFO - Setting next_dagrun for example_task_group_decorator to 2024-03-27T19:27:26.523341+00:00, run_after=2024-03-28T19:27:26.523341+00:00
[2024-03-27T19:31:24.105+0000] {processor.py:176} INFO - Processing /home/airflow/.local/lib/python3.7/site-packages/airflow/example_dags/example_task_group_decorator.py took 0.202 seconds
[2024-03-27T19:32:02.734+0000] {processor.py:154} INFO - Started process (PID=556) to work on /home/airflow/.local/lib/python3.7/site-packages/airflow/example_dags/example_task_group_decorator.py
[2024-03-27T19:32:02.735+0000] {processor.py:756} INFO - Processing file /home/airflow/.local/lib/python3.7/site-packages/airflow/example_dags/example_task_group_decorator.py for tasks to queue
[2024-03-27T19:32:02.736+0000] {logging_mixin.py:120} INFO - [2024-03-27T19:32:02.736+0000] {dagbag.py:537} INFO - Filling up the DagBag from /home/airflow/.local/lib/python3.7/site-packages/airflow/example_dags/example_task_group_decorator.py
[2024-03-27T19:32:02.755+0000] {processor.py:766} INFO - DAG(s) dict_keys(['example_task_group_decorator']) retrieved from /home/airflow/.local/lib/python3.7/site-packages/airflow/example_dags/example_task_group_decorator.py
[2024-03-27T19:32:02.784+0000] {logging_mixin.py:120} INFO - [2024-03-27T19:32:02.784+0000] {dag.py:2585} INFO - Sync 1 DAGs
[2024-03-27T19:32:02.801+0000] {logging_mixin.py:120} INFO - [2024-03-27T19:32:02.801+0000] {dag.py:3340} INFO - Setting next_dagrun for example_task_group_decorator to 2024-03-27T19:27:26.523341+00:00, run_after=2024-03-28T19:27:26.523341+00:00
[2024-03-27T19:32:02.815+0000] {processor.py:176} INFO - Processing /home/airflow/.local/lib/python3.7/site-packages/airflow/example_dags/example_task_group_decorator.py took 0.086 seconds
[2024-03-27T19:32:45.593+0000] {processor.py:154} INFO - Started process (PID=608) to work on /home/airflow/.local/lib/python3.7/site-packages/airflow/example_dags/example_task_group_decorator.py
[2024-03-27T19:32:45.596+0000] {processor.py:756} INFO - Processing file /home/airflow/.local/lib/python3.7/site-packages/airflow/example_dags/example_task_group_decorator.py for tasks to queue
[2024-03-27T19:32:45.599+0000] {logging_mixin.py:120} INFO - [2024-03-27T19:32:45.598+0000] {dagbag.py:537} INFO - Filling up the DagBag from /home/airflow/.local/lib/python3.7/site-packages/airflow/example_dags/example_task_group_decorator.py
[2024-03-27T19:32:45.807+0000] {processor.py:766} INFO - DAG(s) dict_keys(['example_task_group_decorator']) retrieved from /home/airflow/.local/lib/python3.7/site-packages/airflow/example_dags/example_task_group_decorator.py
[2024-03-27T19:32:47.318+0000] {logging_mixin.py:120} INFO - [2024-03-27T19:32:47.316+0000] {dag.py:2585} INFO - Sync 1 DAGs
[2024-03-27T19:32:47.387+0000] {logging_mixin.py:120} INFO - [2024-03-27T19:32:47.387+0000] {dag.py:3340} INFO - Setting next_dagrun for example_task_group_decorator to 2024-03-27T19:27:26.523341+00:00, run_after=2024-03-28T19:27:26.523341+00:00
[2024-03-27T19:32:47.420+0000] {processor.py:176} INFO - Processing /home/airflow/.local/lib/python3.7/site-packages/airflow/example_dags/example_task_group_decorator.py took 1.829 seconds
[2024-03-27T19:33:19.177+0000] {processor.py:154} INFO - Started process (PID=662) to work on /home/airflow/.local/lib/python3.7/site-packages/airflow/example_dags/example_task_group_decorator.py
[2024-03-27T19:33:19.178+0000] {processor.py:756} INFO - Processing file /home/airflow/.local/lib/python3.7/site-packages/airflow/example_dags/example_task_group_decorator.py for tasks to queue
[2024-03-27T19:33:19.179+0000] {logging_mixin.py:120} INFO - [2024-03-27T19:33:19.178+0000] {dagbag.py:537} INFO - Filling up the DagBag from /home/airflow/.local/lib/python3.7/site-packages/airflow/example_dags/example_task_group_decorator.py
[2024-03-27T19:33:19.215+0000] {processor.py:766} INFO - DAG(s) dict_keys(['example_task_group_decorator']) retrieved from /home/airflow/.local/lib/python3.7/site-packages/airflow/example_dags/example_task_group_decorator.py
[2024-03-27T19:33:19.274+0000] {logging_mixin.py:120} INFO - [2024-03-27T19:33:19.273+0000] {dag.py:2585} INFO - Sync 1 DAGs
[2024-03-27T19:33:19.296+0000] {logging_mixin.py:120} INFO - [2024-03-27T19:33:19.296+0000] {dag.py:3340} INFO - Setting next_dagrun for example_task_group_decorator to 2024-03-27T19:27:26.523341+00:00, run_after=2024-03-28T19:27:26.523341+00:00
[2024-03-27T19:33:19.312+0000] {processor.py:176} INFO - Processing /home/airflow/.local/lib/python3.7/site-packages/airflow/example_dags/example_task_group_decorator.py took 0.151 seconds
[2024-03-27T19:33:49.707+0000] {processor.py:154} INFO - Started process (PID=722) to work on /home/airflow/.local/lib/python3.7/site-packages/airflow/example_dags/example_task_group_decorator.py
[2024-03-27T19:33:49.709+0000] {processor.py:756} INFO - Processing file /home/airflow/.local/lib/python3.7/site-packages/airflow/example_dags/example_task_group_decorator.py for tasks to queue
[2024-03-27T19:33:49.709+0000] {logging_mixin.py:120} INFO - [2024-03-27T19:33:49.709+0000] {dagbag.py:537} INFO - Filling up the DagBag from /home/airflow/.local/lib/python3.7/site-packages/airflow/example_dags/example_task_group_decorator.py
[2024-03-27T19:33:49.729+0000] {processor.py:766} INFO - DAG(s) dict_keys(['example_task_group_decorator']) retrieved from /home/airflow/.local/lib/python3.7/site-packages/airflow/example_dags/example_task_group_decorator.py
[2024-03-27T19:33:49.758+0000] {logging_mixin.py:120} INFO - [2024-03-27T19:33:49.758+0000] {dag.py:2585} INFO - Sync 1 DAGs
[2024-03-27T19:33:49.774+0000] {logging_mixin.py:120} INFO - [2024-03-27T19:33:49.774+0000] {dag.py:3340} INFO - Setting next_dagrun for example_task_group_decorator to 2024-03-27T19:27:26.523341+00:00, run_after=2024-03-28T19:27:26.523341+00:00
[2024-03-27T19:33:49.787+0000] {processor.py:176} INFO - Processing /home/airflow/.local/lib/python3.7/site-packages/airflow/example_dags/example_task_group_decorator.py took 0.081 seconds
[2024-03-27T19:34:28.374+0000] {processor.py:154} INFO - Started process (PID=781) to work on /home/airflow/.local/lib/python3.7/site-packages/airflow/example_dags/example_task_group_decorator.py
[2024-03-27T19:34:28.377+0000] {processor.py:756} INFO - Processing file /home/airflow/.local/lib/python3.7/site-packages/airflow/example_dags/example_task_group_decorator.py for tasks to queue
[2024-03-27T19:34:28.381+0000] {logging_mixin.py:120} INFO - [2024-03-27T19:34:28.379+0000] {dagbag.py:537} INFO - Filling up the DagBag from /home/airflow/.local/lib/python3.7/site-packages/airflow/example_dags/example_task_group_decorator.py
[2024-03-27T19:34:28.676+0000] {processor.py:766} INFO - DAG(s) dict_keys(['example_task_group_decorator']) retrieved from /home/airflow/.local/lib/python3.7/site-packages/airflow/example_dags/example_task_group_decorator.py
[2024-03-27T19:34:28.846+0000] {logging_mixin.py:120} INFO - [2024-03-27T19:34:28.845+0000] {dag.py:2585} INFO - Sync 1 DAGs
[2024-03-27T19:34:28.896+0000] {logging_mixin.py:120} INFO - [2024-03-27T19:34:28.896+0000] {dag.py:3340} INFO - Setting next_dagrun for example_task_group_decorator to 2024-03-27T19:27:26.523341+00:00, run_after=2024-03-28T19:27:26.523341+00:00
[2024-03-27T19:34:28.961+0000] {processor.py:176} INFO - Processing /home/airflow/.local/lib/python3.7/site-packages/airflow/example_dags/example_task_group_decorator.py took 0.600 seconds
[2024-03-27T19:35:04.213+0000] {processor.py:154} INFO - Started process (PID=843) to work on /home/airflow/.local/lib/python3.7/site-packages/airflow/example_dags/example_task_group_decorator.py
[2024-03-27T19:35:04.218+0000] {processor.py:756} INFO - Processing file /home/airflow/.local/lib/python3.7/site-packages/airflow/example_dags/example_task_group_decorator.py for tasks to queue
[2024-03-27T19:35:04.218+0000] {logging_mixin.py:120} INFO - [2024-03-27T19:35:04.218+0000] {dagbag.py:537} INFO - Filling up the DagBag from /home/airflow/.local/lib/python3.7/site-packages/airflow/example_dags/example_task_group_decorator.py
[2024-03-27T19:35:04.315+0000] {processor.py:766} INFO - DAG(s) dict_keys(['example_task_group_decorator']) retrieved from /home/airflow/.local/lib/python3.7/site-packages/airflow/example_dags/example_task_group_decorator.py
[2024-03-27T19:35:04.699+0000] {logging_mixin.py:120} INFO - [2024-03-27T19:35:04.666+0000] {dag.py:2585} INFO - Sync 1 DAGs
[2024-03-27T19:35:09.535+0000] {logging_mixin.py:120} INFO - [2024-03-27T19:35:09.534+0000] {dag.py:3340} INFO - Setting next_dagrun for example_task_group_decorator to 2024-03-27T19:27:26.523341+00:00, run_after=2024-03-28T19:27:26.523341+00:00
[2024-03-27T19:35:09.668+0000] {processor.py:176} INFO - Processing /home/airflow/.local/lib/python3.7/site-packages/airflow/example_dags/example_task_group_decorator.py took 5.178 seconds
[2024-03-27T19:35:39.936+0000] {processor.py:154} INFO - Started process (PID=897) to work on /home/airflow/.local/lib/python3.7/site-packages/airflow/example_dags/example_task_group_decorator.py
[2024-03-27T19:35:39.944+0000] {processor.py:756} INFO - Processing file /home/airflow/.local/lib/python3.7/site-packages/airflow/example_dags/example_task_group_decorator.py for tasks to queue
[2024-03-27T19:35:39.945+0000] {logging_mixin.py:120} INFO - [2024-03-27T19:35:39.945+0000] {dagbag.py:537} INFO - Filling up the DagBag from /home/airflow/.local/lib/python3.7/site-packages/airflow/example_dags/example_task_group_decorator.py
[2024-03-27T19:35:40.004+0000] {processor.py:766} INFO - DAG(s) dict_keys(['example_task_group_decorator']) retrieved from /home/airflow/.local/lib/python3.7/site-packages/airflow/example_dags/example_task_group_decorator.py
[2024-03-27T19:35:40.088+0000] {logging_mixin.py:120} INFO - [2024-03-27T19:35:40.088+0000] {dag.py:2585} INFO - Sync 1 DAGs
[2024-03-27T19:35:40.114+0000] {logging_mixin.py:120} INFO - [2024-03-27T19:35:40.114+0000] {dag.py:3340} INFO - Setting next_dagrun for example_task_group_decorator to 2024-03-27T19:27:26.523341+00:00, run_after=2024-03-28T19:27:26.523341+00:00
[2024-03-27T19:35:40.136+0000] {processor.py:176} INFO - Processing /home/airflow/.local/lib/python3.7/site-packages/airflow/example_dags/example_task_group_decorator.py took 0.206 seconds
[2024-03-27T19:36:12.743+0000] {processor.py:154} INFO - Started process (PID=917) to work on /home/airflow/.local/lib/python3.7/site-packages/airflow/example_dags/example_task_group_decorator.py
[2024-03-27T19:36:12.750+0000] {processor.py:756} INFO - Processing file /home/airflow/.local/lib/python3.7/site-packages/airflow/example_dags/example_task_group_decorator.py for tasks to queue
[2024-03-27T19:36:12.751+0000] {logging_mixin.py:120} INFO - [2024-03-27T19:36:12.751+0000] {dagbag.py:537} INFO - Filling up the DagBag from /home/airflow/.local/lib/python3.7/site-packages/airflow/example_dags/example_task_group_decorator.py
[2024-03-27T19:36:12.810+0000] {processor.py:766} INFO - DAG(s) dict_keys(['example_task_group_decorator']) retrieved from /home/airflow/.local/lib/python3.7/site-packages/airflow/example_dags/example_task_group_decorator.py
[2024-03-27T19:36:12.962+0000] {logging_mixin.py:120} INFO - [2024-03-27T19:36:12.961+0000] {dag.py:2585} INFO - Sync 1 DAGs
[2024-03-27T19:36:12.986+0000] {logging_mixin.py:120} INFO - [2024-03-27T19:36:12.986+0000] {dag.py:3340} INFO - Setting next_dagrun for example_task_group_decorator to 2024-03-27T19:27:26.523341+00:00, run_after=2024-03-28T19:27:26.523341+00:00
[2024-03-27T19:36:13.986+0000] {processor.py:176} INFO - Processing /home/airflow/.local/lib/python3.7/site-packages/airflow/example_dags/example_task_group_decorator.py took 1.252 seconds
[2024-03-27T19:36:47.912+0000] {processor.py:154} INFO - Started process (PID=38) to work on /home/airflow/.local/lib/python3.7/site-packages/airflow/example_dags/example_task_group_decorator.py
[2024-03-27T19:36:47.913+0000] {processor.py:756} INFO - Processing file /home/airflow/.local/lib/python3.7/site-packages/airflow/example_dags/example_task_group_decorator.py for tasks to queue
[2024-03-27T19:36:47.914+0000] {logging_mixin.py:120} INFO - [2024-03-27T19:36:47.914+0000] {dagbag.py:537} INFO - Filling up the DagBag from /home/airflow/.local/lib/python3.7/site-packages/airflow/example_dags/example_task_group_decorator.py
[2024-03-27T19:36:47.944+0000] {processor.py:766} INFO - DAG(s) dict_keys(['example_task_group_decorator']) retrieved from /home/airflow/.local/lib/python3.7/site-packages/airflow/example_dags/example_task_group_decorator.py
[2024-03-27T19:36:47.998+0000] {logging_mixin.py:120} INFO - [2024-03-27T19:36:47.998+0000] {dag.py:2585} INFO - Sync 1 DAGs
[2024-03-27T19:36:48.022+0000] {logging_mixin.py:120} INFO - [2024-03-27T19:36:48.021+0000] {dag.py:3340} INFO - Setting next_dagrun for example_task_group_decorator to 2024-03-27T19:27:26.523341+00:00, run_after=2024-03-28T19:27:26.523341+00:00
[2024-03-27T19:36:48.035+0000] {processor.py:176} INFO - Processing /home/airflow/.local/lib/python3.7/site-packages/airflow/example_dags/example_task_group_decorator.py took 0.126 seconds
[2024-03-27T19:37:18.904+0000] {processor.py:154} INFO - Started process (PID=86) to work on /home/airflow/.local/lib/python3.7/site-packages/airflow/example_dags/example_task_group_decorator.py
[2024-03-27T19:37:18.907+0000] {processor.py:756} INFO - Processing file /home/airflow/.local/lib/python3.7/site-packages/airflow/example_dags/example_task_group_decorator.py for tasks to queue
[2024-03-27T19:37:18.909+0000] {logging_mixin.py:120} INFO - [2024-03-27T19:37:18.908+0000] {dagbag.py:537} INFO - Filling up the DagBag from /home/airflow/.local/lib/python3.7/site-packages/airflow/example_dags/example_task_group_decorator.py
[2024-03-27T19:37:18.972+0000] {processor.py:766} INFO - DAG(s) dict_keys(['example_task_group_decorator']) retrieved from /home/airflow/.local/lib/python3.7/site-packages/airflow/example_dags/example_task_group_decorator.py
[2024-03-27T19:37:19.019+0000] {logging_mixin.py:120} INFO - [2024-03-27T19:37:19.019+0000] {dag.py:2585} INFO - Sync 1 DAGs
[2024-03-27T19:37:19.043+0000] {logging_mixin.py:120} INFO - [2024-03-27T19:37:19.042+0000] {dag.py:3340} INFO - Setting next_dagrun for example_task_group_decorator to 2024-03-27T19:27:26.523341+00:00, run_after=2024-03-28T19:27:26.523341+00:00
[2024-03-27T19:37:19.060+0000] {processor.py:176} INFO - Processing /home/airflow/.local/lib/python3.7/site-packages/airflow/example_dags/example_task_group_decorator.py took 0.161 seconds
[2024-03-27T19:37:55.090+0000] {processor.py:154} INFO - Started process (PID=38) to work on /home/airflow/.local/lib/python3.7/site-packages/airflow/example_dags/example_task_group_decorator.py
[2024-03-27T19:37:55.091+0000] {processor.py:756} INFO - Processing file /home/airflow/.local/lib/python3.7/site-packages/airflow/example_dags/example_task_group_decorator.py for tasks to queue
[2024-03-27T19:37:55.093+0000] {logging_mixin.py:120} INFO - [2024-03-27T19:37:55.092+0000] {dagbag.py:537} INFO - Filling up the DagBag from /home/airflow/.local/lib/python3.7/site-packages/airflow/example_dags/example_task_group_decorator.py
[2024-03-27T19:37:55.156+0000] {processor.py:766} INFO - DAG(s) dict_keys(['example_task_group_decorator']) retrieved from /home/airflow/.local/lib/python3.7/site-packages/airflow/example_dags/example_task_group_decorator.py
[2024-03-27T19:37:55.262+0000] {logging_mixin.py:120} INFO - [2024-03-27T19:37:55.259+0000] {dag.py:2585} INFO - Sync 1 DAGs
[2024-03-27T19:38:19.616+0000] {logging_mixin.py:120} INFO - [2024-03-27T19:38:19.595+0000] {dag.py:3340} INFO - Setting next_dagrun for example_task_group_decorator to 2024-03-27T19:27:26.523341+00:00, run_after=2024-03-28T19:27:26.523341+00:00
[2024-03-27T19:38:19.780+0000] {processor.py:176} INFO - Processing /home/airflow/.local/lib/python3.7/site-packages/airflow/example_dags/example_task_group_decorator.py took 25.417 seconds
[2024-03-27T19:38:51.744+0000] {processor.py:154} INFO - Started process (PID=86) to work on /home/airflow/.local/lib/python3.7/site-packages/airflow/example_dags/example_task_group_decorator.py
[2024-03-27T19:38:51.751+0000] {processor.py:756} INFO - Processing file /home/airflow/.local/lib/python3.7/site-packages/airflow/example_dags/example_task_group_decorator.py for tasks to queue
[2024-03-27T19:38:51.752+0000] {logging_mixin.py:120} INFO - [2024-03-27T19:38:51.752+0000] {dagbag.py:537} INFO - Filling up the DagBag from /home/airflow/.local/lib/python3.7/site-packages/airflow/example_dags/example_task_group_decorator.py
[2024-03-27T19:38:51.913+0000] {processor.py:766} INFO - DAG(s) dict_keys(['example_task_group_decorator']) retrieved from /home/airflow/.local/lib/python3.7/site-packages/airflow/example_dags/example_task_group_decorator.py
[2024-03-27T19:38:52.073+0000] {logging_mixin.py:120} INFO - [2024-03-27T19:38:52.073+0000] {dag.py:2585} INFO - Sync 1 DAGs
[2024-03-27T19:38:52.128+0000] {logging_mixin.py:120} INFO - [2024-03-27T19:38:52.128+0000] {dag.py:3340} INFO - Setting next_dagrun for example_task_group_decorator to 2024-03-27T19:27:26.523341+00:00, run_after=2024-03-28T19:27:26.523341+00:00
[2024-03-27T19:38:52.165+0000] {processor.py:176} INFO - Processing /home/airflow/.local/lib/python3.7/site-packages/airflow/example_dags/example_task_group_decorator.py took 0.431 seconds
[2024-03-27T19:39:50.287+0000] {processor.py:154} INFO - Started process (PID=56) to work on /home/airflow/.local/lib/python3.7/site-packages/airflow/example_dags/example_task_group_decorator.py
[2024-03-27T19:39:50.292+0000] {processor.py:756} INFO - Processing file /home/airflow/.local/lib/python3.7/site-packages/airflow/example_dags/example_task_group_decorator.py for tasks to queue
[2024-03-27T19:39:50.293+0000] {logging_mixin.py:120} INFO - [2024-03-27T19:39:50.293+0000] {dagbag.py:537} INFO - Filling up the DagBag from /home/airflow/.local/lib/python3.7/site-packages/airflow/example_dags/example_task_group_decorator.py
[2024-03-27T19:39:50.324+0000] {processor.py:766} INFO - DAG(s) dict_keys(['example_task_group_decorator']) retrieved from /home/airflow/.local/lib/python3.7/site-packages/airflow/example_dags/example_task_group_decorator.py
[2024-03-27T19:39:50.367+0000] {logging_mixin.py:120} INFO - [2024-03-27T19:39:50.367+0000] {dag.py:2585} INFO - Sync 1 DAGs
[2024-03-27T19:39:50.426+0000] {logging_mixin.py:120} INFO - [2024-03-27T19:39:50.426+0000] {dag.py:3340} INFO - Setting next_dagrun for example_task_group_decorator to 2024-03-27T19:27:26.523341+00:00, run_after=2024-03-28T19:27:26.523341+00:00
[2024-03-27T19:39:50.451+0000] {processor.py:176} INFO - Processing /home/airflow/.local/lib/python3.7/site-packages/airflow/example_dags/example_task_group_decorator.py took 0.172 seconds
[2024-03-27T19:40:28.314+0000] {processor.py:154} INFO - Started process (PID=114) to work on /home/airflow/.local/lib/python3.7/site-packages/airflow/example_dags/example_task_group_decorator.py
[2024-03-27T19:40:28.318+0000] {processor.py:756} INFO - Processing file /home/airflow/.local/lib/python3.7/site-packages/airflow/example_dags/example_task_group_decorator.py for tasks to queue
[2024-03-27T19:40:28.324+0000] {logging_mixin.py:120} INFO - [2024-03-27T19:40:28.324+0000] {dagbag.py:537} INFO - Filling up the DagBag from /home/airflow/.local/lib/python3.7/site-packages/airflow/example_dags/example_task_group_decorator.py
[2024-03-27T19:40:28.419+0000] {processor.py:766} INFO - DAG(s) dict_keys(['example_task_group_decorator']) retrieved from /home/airflow/.local/lib/python3.7/site-packages/airflow/example_dags/example_task_group_decorator.py
[2024-03-27T19:40:28.675+0000] {logging_mixin.py:120} INFO - [2024-03-27T19:40:28.675+0000] {dag.py:2585} INFO - Sync 1 DAGs
[2024-03-27T19:40:28.807+0000] {logging_mixin.py:120} INFO - [2024-03-27T19:40:28.807+0000] {dag.py:3340} INFO - Setting next_dagrun for example_task_group_decorator to 2024-03-27T19:27:26.523341+00:00, run_after=2024-03-28T19:27:26.523341+00:00
[2024-03-27T19:40:28.868+0000] {processor.py:176} INFO - Processing /home/airflow/.local/lib/python3.7/site-packages/airflow/example_dags/example_task_group_decorator.py took 0.561 seconds
[2024-03-27T19:40:59.676+0000] {processor.py:154} INFO - Started process (PID=163) to work on /home/airflow/.local/lib/python3.7/site-packages/airflow/example_dags/example_task_group_decorator.py
[2024-03-27T19:40:59.679+0000] {processor.py:756} INFO - Processing file /home/airflow/.local/lib/python3.7/site-packages/airflow/example_dags/example_task_group_decorator.py for tasks to queue
[2024-03-27T19:40:59.679+0000] {logging_mixin.py:120} INFO - [2024-03-27T19:40:59.679+0000] {dagbag.py:537} INFO - Filling up the DagBag from /home/airflow/.local/lib/python3.7/site-packages/airflow/example_dags/example_task_group_decorator.py
[2024-03-27T19:40:59.773+0000] {processor.py:766} INFO - DAG(s) dict_keys(['example_task_group_decorator']) retrieved from /home/airflow/.local/lib/python3.7/site-packages/airflow/example_dags/example_task_group_decorator.py
[2024-03-27T19:41:03.536+0000] {logging_mixin.py:120} INFO - [2024-03-27T19:41:03.534+0000] {dag.py:2585} INFO - Sync 1 DAGs
[2024-03-27T19:41:03.686+0000] {logging_mixin.py:120} INFO - [2024-03-27T19:41:03.684+0000] {dag.py:3340} INFO - Setting next_dagrun for example_task_group_decorator to 2024-03-27T19:27:26.523341+00:00, run_after=2024-03-28T19:27:26.523341+00:00
[2024-03-27T19:41:04.031+0000] {processor.py:176} INFO - Processing /home/airflow/.local/lib/python3.7/site-packages/airflow/example_dags/example_task_group_decorator.py took 4.366 seconds
[2024-03-27T19:41:38.635+0000] {processor.py:154} INFO - Started process (PID=46) to work on /home/airflow/.local/lib/python3.7/site-packages/airflow/example_dags/example_task_group_decorator.py
[2024-03-27T19:41:38.636+0000] {processor.py:756} INFO - Processing file /home/airflow/.local/lib/python3.7/site-packages/airflow/example_dags/example_task_group_decorator.py for tasks to queue
[2024-03-27T19:41:38.636+0000] {logging_mixin.py:120} INFO - [2024-03-27T19:41:38.636+0000] {dagbag.py:537} INFO - Filling up the DagBag from /home/airflow/.local/lib/python3.7/site-packages/airflow/example_dags/example_task_group_decorator.py
[2024-03-27T19:41:38.657+0000] {processor.py:766} INFO - DAG(s) dict_keys(['example_task_group_decorator']) retrieved from /home/airflow/.local/lib/python3.7/site-packages/airflow/example_dags/example_task_group_decorator.py
[2024-03-27T19:41:38.682+0000] {logging_mixin.py:120} INFO - [2024-03-27T19:41:38.682+0000] {dag.py:2585} INFO - Sync 1 DAGs
[2024-03-27T19:41:38.699+0000] {logging_mixin.py:120} INFO - [2024-03-27T19:41:38.699+0000] {dag.py:3340} INFO - Setting next_dagrun for example_task_group_decorator to 2024-03-27T19:27:26.523341+00:00, run_after=2024-03-28T19:27:26.523341+00:00
[2024-03-27T19:41:38.711+0000] {processor.py:176} INFO - Processing /home/airflow/.local/lib/python3.7/site-packages/airflow/example_dags/example_task_group_decorator.py took 0.078 seconds
[2024-03-27T19:42:09.800+0000] {processor.py:154} INFO - Started process (PID=96) to work on /home/airflow/.local/lib/python3.7/site-packages/airflow/example_dags/example_task_group_decorator.py
[2024-03-27T19:42:09.802+0000] {processor.py:756} INFO - Processing file /home/airflow/.local/lib/python3.7/site-packages/airflow/example_dags/example_task_group_decorator.py for tasks to queue
[2024-03-27T19:42:09.804+0000] {logging_mixin.py:120} INFO - [2024-03-27T19:42:09.804+0000] {dagbag.py:537} INFO - Filling up the DagBag from /home/airflow/.local/lib/python3.7/site-packages/airflow/example_dags/example_task_group_decorator.py
[2024-03-27T19:42:09.842+0000] {processor.py:766} INFO - DAG(s) dict_keys(['example_task_group_decorator']) retrieved from /home/airflow/.local/lib/python3.7/site-packages/airflow/example_dags/example_task_group_decorator.py
[2024-03-27T19:42:09.897+0000] {logging_mixin.py:120} INFO - [2024-03-27T19:42:09.897+0000] {dag.py:2585} INFO - Sync 1 DAGs
[2024-03-27T19:42:09.936+0000] {logging_mixin.py:120} INFO - [2024-03-27T19:42:09.936+0000] {dag.py:3340} INFO - Setting next_dagrun for example_task_group_decorator to 2024-03-27T19:27:26.523341+00:00, run_after=2024-03-28T19:27:26.523341+00:00
[2024-03-27T19:42:09.968+0000] {processor.py:176} INFO - Processing /home/airflow/.local/lib/python3.7/site-packages/airflow/example_dags/example_task_group_decorator.py took 0.170 seconds
[2024-03-27T19:42:46.524+0000] {processor.py:154} INFO - Started process (PID=155) to work on /home/airflow/.local/lib/python3.7/site-packages/airflow/example_dags/example_task_group_decorator.py
[2024-03-27T19:42:46.528+0000] {processor.py:756} INFO - Processing file /home/airflow/.local/lib/python3.7/site-packages/airflow/example_dags/example_task_group_decorator.py for tasks to queue
[2024-03-27T19:42:46.532+0000] {logging_mixin.py:120} INFO - [2024-03-27T19:42:46.531+0000] {dagbag.py:537} INFO - Filling up the DagBag from /home/airflow/.local/lib/python3.7/site-packages/airflow/example_dags/example_task_group_decorator.py
[2024-03-27T19:42:46.650+0000] {processor.py:766} INFO - DAG(s) dict_keys(['example_task_group_decorator']) retrieved from /home/airflow/.local/lib/python3.7/site-packages/airflow/example_dags/example_task_group_decorator.py
[2024-03-27T19:42:46.910+0000] {logging_mixin.py:120} INFO - [2024-03-27T19:42:46.909+0000] {dag.py:2585} INFO - Sync 1 DAGs
[2024-03-27T19:42:46.991+0000] {logging_mixin.py:120} INFO - [2024-03-27T19:42:46.991+0000] {dag.py:3340} INFO - Setting next_dagrun for example_task_group_decorator to 2024-03-27T19:27:26.523341+00:00, run_after=2024-03-28T19:27:26.523341+00:00
[2024-03-27T19:42:47.067+0000] {processor.py:176} INFO - Processing /home/airflow/.local/lib/python3.7/site-packages/airflow/example_dags/example_task_group_decorator.py took 0.546 seconds
[2024-03-27T19:44:25.646+0000] {processor.py:154} INFO - Started process (PID=47) to work on /home/airflow/.local/lib/python3.7/site-packages/airflow/example_dags/example_task_group_decorator.py
[2024-03-27T19:44:25.647+0000] {processor.py:756} INFO - Processing file /home/airflow/.local/lib/python3.7/site-packages/airflow/example_dags/example_task_group_decorator.py for tasks to queue
[2024-03-27T19:44:25.649+0000] {logging_mixin.py:120} INFO - [2024-03-27T19:44:25.649+0000] {dagbag.py:537} INFO - Filling up the DagBag from /home/airflow/.local/lib/python3.7/site-packages/airflow/example_dags/example_task_group_decorator.py
[2024-03-27T19:44:25.693+0000] {processor.py:766} INFO - DAG(s) dict_keys(['example_task_group_decorator']) retrieved from /home/airflow/.local/lib/python3.7/site-packages/airflow/example_dags/example_task_group_decorator.py
[2024-03-27T19:44:25.733+0000] {logging_mixin.py:120} INFO - [2024-03-27T19:44:25.733+0000] {dag.py:2585} INFO - Sync 1 DAGs
[2024-03-27T19:44:25.768+0000] {logging_mixin.py:120} INFO - [2024-03-27T19:44:25.768+0000] {dag.py:3340} INFO - Setting next_dagrun for example_task_group_decorator to 2024-03-27T19:27:26.523341+00:00, run_after=2024-03-28T19:27:26.523341+00:00
[2024-03-27T19:44:25.784+0000] {processor.py:176} INFO - Processing /home/airflow/.local/lib/python3.7/site-packages/airflow/example_dags/example_task_group_decorator.py took 0.142 seconds
[2024-03-27T19:45:19.014+0000] {processor.py:154} INFO - Started process (PID=107) to work on /home/airflow/.local/lib/python3.7/site-packages/airflow/example_dags/example_task_group_decorator.py
[2024-03-27T19:45:19.019+0000] {processor.py:756} INFO - Processing file /home/airflow/.local/lib/python3.7/site-packages/airflow/example_dags/example_task_group_decorator.py for tasks to queue
[2024-03-27T19:45:19.020+0000] {logging_mixin.py:120} INFO - [2024-03-27T19:45:19.020+0000] {dagbag.py:537} INFO - Filling up the DagBag from /home/airflow/.local/lib/python3.7/site-packages/airflow/example_dags/example_task_group_decorator.py
[2024-03-27T19:45:19.076+0000] {processor.py:766} INFO - DAG(s) dict_keys(['example_task_group_decorator']) retrieved from /home/airflow/.local/lib/python3.7/site-packages/airflow/example_dags/example_task_group_decorator.py
[2024-03-27T19:45:19.200+0000] {logging_mixin.py:120} INFO - [2024-03-27T19:45:19.199+0000] {dag.py:2585} INFO - Sync 1 DAGs
[2024-03-27T19:45:19.263+0000] {logging_mixin.py:120} INFO - [2024-03-27T19:45:19.263+0000] {dag.py:3340} INFO - Setting next_dagrun for example_task_group_decorator to 2024-03-27T19:27:26.523341+00:00, run_after=2024-03-28T19:27:26.523341+00:00
[2024-03-27T19:45:19.311+0000] {processor.py:176} INFO - Processing /home/airflow/.local/lib/python3.7/site-packages/airflow/example_dags/example_task_group_decorator.py took 0.305 seconds
[2024-03-27T19:46:13.986+0000] {processor.py:154} INFO - Started process (PID=50) to work on /home/airflow/.local/lib/python3.7/site-packages/airflow/example_dags/example_task_group_decorator.py
[2024-03-27T19:46:13.989+0000] {processor.py:756} INFO - Processing file /home/airflow/.local/lib/python3.7/site-packages/airflow/example_dags/example_task_group_decorator.py for tasks to queue
[2024-03-27T19:46:13.992+0000] {logging_mixin.py:120} INFO - [2024-03-27T19:46:13.992+0000] {dagbag.py:537} INFO - Filling up the DagBag from /home/airflow/.local/lib/python3.7/site-packages/airflow/example_dags/example_task_group_decorator.py
[2024-03-27T19:46:14.061+0000] {processor.py:766} INFO - DAG(s) dict_keys(['example_task_group_decorator']) retrieved from /home/airflow/.local/lib/python3.7/site-packages/airflow/example_dags/example_task_group_decorator.py
[2024-03-27T19:46:14.204+0000] {logging_mixin.py:120} INFO - [2024-03-27T19:46:14.203+0000] {dag.py:2585} INFO - Sync 1 DAGs
[2024-03-27T19:46:18.961+0000] {logging_mixin.py:120} INFO - [2024-03-27T19:46:18.960+0000] {dag.py:3340} INFO - Setting next_dagrun for example_task_group_decorator to 2024-03-27T19:27:26.523341+00:00, run_after=2024-03-28T19:27:26.523341+00:00
[2024-03-27T19:46:19.066+0000] {processor.py:176} INFO - Processing /home/airflow/.local/lib/python3.7/site-packages/airflow/example_dags/example_task_group_decorator.py took 5.085 seconds
[2024-03-27T19:46:58.119+0000] {processor.py:154} INFO - Started process (PID=100) to work on /home/airflow/.local/lib/python3.7/site-packages/airflow/example_dags/example_task_group_decorator.py
[2024-03-27T19:46:58.125+0000] {processor.py:756} INFO - Processing file /home/airflow/.local/lib/python3.7/site-packages/airflow/example_dags/example_task_group_decorator.py for tasks to queue
[2024-03-27T19:46:58.127+0000] {logging_mixin.py:120} INFO - [2024-03-27T19:46:58.127+0000] {dagbag.py:537} INFO - Filling up the DagBag from /home/airflow/.local/lib/python3.7/site-packages/airflow/example_dags/example_task_group_decorator.py
[2024-03-27T19:46:58.276+0000] {processor.py:766} INFO - DAG(s) dict_keys(['example_task_group_decorator']) retrieved from /home/airflow/.local/lib/python3.7/site-packages/airflow/example_dags/example_task_group_decorator.py
[2024-03-27T19:46:58.424+0000] {logging_mixin.py:120} INFO - [2024-03-27T19:46:58.424+0000] {dag.py:2585} INFO - Sync 1 DAGs
[2024-03-27T19:46:58.565+0000] {logging_mixin.py:120} INFO - [2024-03-27T19:46:58.565+0000] {dag.py:3340} INFO - Setting next_dagrun for example_task_group_decorator to 2024-03-27T19:27:26.523341+00:00, run_after=2024-03-28T19:27:26.523341+00:00
[2024-03-27T19:46:58.622+0000] {processor.py:176} INFO - Processing /home/airflow/.local/lib/python3.7/site-packages/airflow/example_dags/example_task_group_decorator.py took 0.513 seconds
[2024-03-27T19:47:28.689+0000] {processor.py:154} INFO - Started process (PID=150) to work on /home/airflow/.local/lib/python3.7/site-packages/airflow/example_dags/example_task_group_decorator.py
[2024-03-27T19:47:28.692+0000] {processor.py:756} INFO - Processing file /home/airflow/.local/lib/python3.7/site-packages/airflow/example_dags/example_task_group_decorator.py for tasks to queue
[2024-03-27T19:47:28.692+0000] {logging_mixin.py:120} INFO - [2024-03-27T19:47:28.692+0000] {dagbag.py:537} INFO - Filling up the DagBag from /home/airflow/.local/lib/python3.7/site-packages/airflow/example_dags/example_task_group_decorator.py
[2024-03-27T19:47:46.205+0000] {processor.py:154} INFO - Started process (PID=47) to work on /home/airflow/.local/lib/python3.7/site-packages/airflow/example_dags/example_task_group_decorator.py
[2024-03-27T19:47:46.206+0000] {processor.py:756} INFO - Processing file /home/airflow/.local/lib/python3.7/site-packages/airflow/example_dags/example_task_group_decorator.py for tasks to queue
[2024-03-27T19:47:46.207+0000] {logging_mixin.py:120} INFO - [2024-03-27T19:47:46.207+0000] {dagbag.py:537} INFO - Filling up the DagBag from /home/airflow/.local/lib/python3.7/site-packages/airflow/example_dags/example_task_group_decorator.py
[2024-03-27T19:47:46.226+0000] {processor.py:766} INFO - DAG(s) dict_keys(['example_task_group_decorator']) retrieved from /home/airflow/.local/lib/python3.7/site-packages/airflow/example_dags/example_task_group_decorator.py
[2024-03-27T19:47:46.256+0000] {logging_mixin.py:120} INFO - [2024-03-27T19:47:46.256+0000] {dag.py:2585} INFO - Sync 1 DAGs
[2024-03-27T19:47:46.275+0000] {logging_mixin.py:120} INFO - [2024-03-27T19:47:46.275+0000] {dag.py:3340} INFO - Setting next_dagrun for example_task_group_decorator to 2024-03-27T19:27:26.523341+00:00, run_after=2024-03-28T19:27:26.523341+00:00
[2024-03-27T19:47:46.287+0000] {processor.py:176} INFO - Processing /home/airflow/.local/lib/python3.7/site-packages/airflow/example_dags/example_task_group_decorator.py took 0.084 seconds
[2024-03-27T19:48:20.555+0000] {processor.py:154} INFO - Started process (PID=96) to work on /home/airflow/.local/lib/python3.7/site-packages/airflow/example_dags/example_task_group_decorator.py
[2024-03-27T19:48:20.559+0000] {processor.py:756} INFO - Processing file /home/airflow/.local/lib/python3.7/site-packages/airflow/example_dags/example_task_group_decorator.py for tasks to queue
[2024-03-27T19:48:20.562+0000] {logging_mixin.py:120} INFO - [2024-03-27T19:48:20.561+0000] {dagbag.py:537} INFO - Filling up the DagBag from /home/airflow/.local/lib/python3.7/site-packages/airflow/example_dags/example_task_group_decorator.py
[2024-03-27T19:48:20.781+0000] {processor.py:766} INFO - DAG(s) dict_keys(['example_task_group_decorator']) retrieved from /home/airflow/.local/lib/python3.7/site-packages/airflow/example_dags/example_task_group_decorator.py
[2024-03-27T19:48:30.928+0000] {logging_mixin.py:120} INFO - [2024-03-27T19:48:30.925+0000] {dag.py:2585} INFO - Sync 1 DAGs
[2024-03-27T19:48:31.178+0000] {logging_mixin.py:120} INFO - [2024-03-27T19:48:31.178+0000] {dag.py:3340} INFO - Setting next_dagrun for example_task_group_decorator to 2024-03-27T19:27:26.523341+00:00, run_after=2024-03-28T19:27:26.523341+00:00
[2024-03-27T19:48:31.517+0000] {processor.py:176} INFO - Processing /home/airflow/.local/lib/python3.7/site-packages/airflow/example_dags/example_task_group_decorator.py took 12.825 seconds
[2024-03-27T19:49:25.728+0000] {processor.py:154} INFO - Started process (PID=47) to work on /home/airflow/.local/lib/python3.7/site-packages/airflow/example_dags/example_task_group_decorator.py
[2024-03-27T19:49:25.729+0000] {processor.py:756} INFO - Processing file /home/airflow/.local/lib/python3.7/site-packages/airflow/example_dags/example_task_group_decorator.py for tasks to queue
[2024-03-27T19:49:25.730+0000] {logging_mixin.py:120} INFO - [2024-03-27T19:49:25.729+0000] {dagbag.py:537} INFO - Filling up the DagBag from /home/airflow/.local/lib/python3.7/site-packages/airflow/example_dags/example_task_group_decorator.py
[2024-03-27T19:49:25.752+0000] {processor.py:766} INFO - DAG(s) dict_keys(['example_task_group_decorator']) retrieved from /home/airflow/.local/lib/python3.7/site-packages/airflow/example_dags/example_task_group_decorator.py
[2024-03-27T19:49:25.788+0000] {logging_mixin.py:120} INFO - [2024-03-27T19:49:25.788+0000] {dag.py:2585} INFO - Sync 1 DAGs
[2024-03-27T19:49:25.806+0000] {logging_mixin.py:120} INFO - [2024-03-27T19:49:25.806+0000] {dag.py:3340} INFO - Setting next_dagrun for example_task_group_decorator to 2024-03-27T19:27:26.523341+00:00, run_after=2024-03-28T19:27:26.523341+00:00
[2024-03-27T19:49:25.820+0000] {processor.py:176} INFO - Processing /home/airflow/.local/lib/python3.7/site-packages/airflow/example_dags/example_task_group_decorator.py took 0.094 seconds
[2024-03-27T19:49:59.802+0000] {processor.py:154} INFO - Started process (PID=106) to work on /home/airflow/.local/lib/python3.7/site-packages/airflow/example_dags/example_task_group_decorator.py
[2024-03-27T19:49:59.804+0000] {processor.py:756} INFO - Processing file /home/airflow/.local/lib/python3.7/site-packages/airflow/example_dags/example_task_group_decorator.py for tasks to queue
[2024-03-27T19:49:59.804+0000] {logging_mixin.py:120} INFO - [2024-03-27T19:49:59.804+0000] {dagbag.py:537} INFO - Filling up the DagBag from /home/airflow/.local/lib/python3.7/site-packages/airflow/example_dags/example_task_group_decorator.py
[2024-03-27T19:49:59.844+0000] {processor.py:766} INFO - DAG(s) dict_keys(['example_task_group_decorator']) retrieved from /home/airflow/.local/lib/python3.7/site-packages/airflow/example_dags/example_task_group_decorator.py
[2024-03-27T19:49:59.900+0000] {logging_mixin.py:120} INFO - [2024-03-27T19:49:59.900+0000] {dag.py:2585} INFO - Sync 1 DAGs
[2024-03-27T19:49:59.925+0000] {logging_mixin.py:120} INFO - [2024-03-27T19:49:59.925+0000] {dag.py:3340} INFO - Setting next_dagrun for example_task_group_decorator to 2024-03-27T19:27:26.523341+00:00, run_after=2024-03-28T19:27:26.523341+00:00
[2024-03-27T19:49:59.938+0000] {processor.py:176} INFO - Processing /home/airflow/.local/lib/python3.7/site-packages/airflow/example_dags/example_task_group_decorator.py took 0.140 seconds
[2024-03-27T19:54:18.149+0000] {processor.py:154} INFO - Started process (PID=39) to work on /home/airflow/.local/lib/python3.7/site-packages/airflow/example_dags/example_task_group_decorator.py
[2024-03-27T19:54:18.151+0000] {processor.py:756} INFO - Processing file /home/airflow/.local/lib/python3.7/site-packages/airflow/example_dags/example_task_group_decorator.py for tasks to queue
[2024-03-27T19:54:18.152+0000] {logging_mixin.py:120} INFO - [2024-03-27T19:54:18.151+0000] {dagbag.py:537} INFO - Filling up the DagBag from /home/airflow/.local/lib/python3.7/site-packages/airflow/example_dags/example_task_group_decorator.py
[2024-03-27T19:54:18.186+0000] {processor.py:766} INFO - DAG(s) dict_keys(['example_task_group_decorator']) retrieved from /home/airflow/.local/lib/python3.7/site-packages/airflow/example_dags/example_task_group_decorator.py
[2024-03-27T19:54:18.247+0000] {logging_mixin.py:120} INFO - [2024-03-27T19:54:18.246+0000] {dag.py:2585} INFO - Sync 1 DAGs
[2024-03-27T19:54:18.305+0000] {logging_mixin.py:120} INFO - [2024-03-27T19:54:18.305+0000] {dag.py:3340} INFO - Setting next_dagrun for example_task_group_decorator to 2024-03-27T19:27:26.523341+00:00, run_after=2024-03-28T19:27:26.523341+00:00
[2024-03-27T19:54:18.336+0000] {processor.py:176} INFO - Processing /home/airflow/.local/lib/python3.7/site-packages/airflow/example_dags/example_task_group_decorator.py took 0.189 seconds
