[2024-03-27T19:09:49.914+0000] {processor.py:154} INFO - Started process (PID=60) to work on /home/airflow/.local/lib/python3.7/site-packages/airflow/example_dags/example_branch_day_of_week_operator.py
[2024-03-27T19:09:49.914+0000] {processor.py:756} INFO - Processing file /home/airflow/.local/lib/python3.7/site-packages/airflow/example_dags/example_branch_day_of_week_operator.py for tasks to queue
[2024-03-27T19:09:49.915+0000] {logging_mixin.py:120} INFO - [2024-03-27T19:09:49.915+0000] {dagbag.py:537} INFO - Filling up the DagBag from /home/airflow/.local/lib/python3.7/site-packages/airflow/example_dags/example_branch_day_of_week_operator.py
[2024-03-27T19:09:49.933+0000] {processor.py:766} INFO - DAG(s) dict_keys(['example_weekday_branch_operator']) retrieved from /home/airflow/.local/lib/python3.7/site-packages/airflow/example_dags/example_branch_day_of_week_operator.py
[2024-03-27T19:09:49.975+0000] {logging_mixin.py:120} INFO - [2024-03-27T19:09:49.975+0000] {dag.py:2585} INFO - Sync 1 DAGs
[2024-03-27T19:09:50.007+0000] {logging_mixin.py:120} INFO - [2024-03-27T19:09:50.007+0000] {dag.py:3340} INFO - Setting next_dagrun for example_weekday_branch_operator to 2024-03-26T00:00:00+00:00, run_after=2024-03-27T00:00:00+00:00
[2024-03-27T19:09:50.028+0000] {processor.py:176} INFO - Processing /home/airflow/.local/lib/python3.7/site-packages/airflow/example_dags/example_branch_day_of_week_operator.py took 0.118 seconds
[2024-03-27T19:10:20.873+0000] {processor.py:154} INFO - Started process (PID=127) to work on /home/airflow/.local/lib/python3.7/site-packages/airflow/example_dags/example_branch_day_of_week_operator.py
[2024-03-27T19:10:20.874+0000] {processor.py:756} INFO - Processing file /home/airflow/.local/lib/python3.7/site-packages/airflow/example_dags/example_branch_day_of_week_operator.py for tasks to queue
[2024-03-27T19:10:20.874+0000] {logging_mixin.py:120} INFO - [2024-03-27T19:10:20.874+0000] {dagbag.py:537} INFO - Filling up the DagBag from /home/airflow/.local/lib/python3.7/site-packages/airflow/example_dags/example_branch_day_of_week_operator.py
[2024-03-27T19:10:20.885+0000] {processor.py:766} INFO - DAG(s) dict_keys(['example_weekday_branch_operator']) retrieved from /home/airflow/.local/lib/python3.7/site-packages/airflow/example_dags/example_branch_day_of_week_operator.py
[2024-03-27T19:10:20.910+0000] {logging_mixin.py:120} INFO - [2024-03-27T19:10:20.910+0000] {dag.py:2585} INFO - Sync 1 DAGs
[2024-03-27T19:10:20.927+0000] {logging_mixin.py:120} INFO - [2024-03-27T19:10:20.927+0000] {dag.py:3340} INFO - Setting next_dagrun for example_weekday_branch_operator to 2024-03-26T00:00:00+00:00, run_after=2024-03-27T00:00:00+00:00
[2024-03-27T19:10:20.942+0000] {processor.py:176} INFO - Processing /home/airflow/.local/lib/python3.7/site-packages/airflow/example_dags/example_branch_day_of_week_operator.py took 0.071 seconds
[2024-03-27T19:10:39.846+0000] {processor.py:154} INFO - Started process (PID=51) to work on /home/airflow/.local/lib/python3.7/site-packages/airflow/example_dags/example_branch_day_of_week_operator.py
[2024-03-27T19:10:39.850+0000] {processor.py:756} INFO - Processing file /home/airflow/.local/lib/python3.7/site-packages/airflow/example_dags/example_branch_day_of_week_operator.py for tasks to queue
[2024-03-27T19:10:39.852+0000] {logging_mixin.py:120} INFO - [2024-03-27T19:10:39.852+0000] {dagbag.py:537} INFO - Filling up the DagBag from /home/airflow/.local/lib/python3.7/site-packages/airflow/example_dags/example_branch_day_of_week_operator.py
[2024-03-27T19:10:40.036+0000] {processor.py:766} INFO - DAG(s) dict_keys(['example_weekday_branch_operator']) retrieved from /home/airflow/.local/lib/python3.7/site-packages/airflow/example_dags/example_branch_day_of_week_operator.py
[2024-03-27T19:10:40.352+0000] {logging_mixin.py:120} INFO - [2024-03-27T19:10:40.349+0000] {dag.py:2585} INFO - Sync 1 DAGs
[2024-03-27T19:10:40.484+0000] {logging_mixin.py:120} INFO - [2024-03-27T19:10:40.483+0000] {dag.py:3340} INFO - Setting next_dagrun for example_weekday_branch_operator to 2024-03-26T00:00:00+00:00, run_after=2024-03-27T00:00:00+00:00
[2024-03-27T19:10:40.567+0000] {processor.py:176} INFO - Processing /home/airflow/.local/lib/python3.7/site-packages/airflow/example_dags/example_branch_day_of_week_operator.py took 0.732 seconds
[2024-03-27T19:11:13.937+0000] {processor.py:154} INFO - Started process (PID=108) to work on /home/airflow/.local/lib/python3.7/site-packages/airflow/example_dags/example_branch_day_of_week_operator.py
[2024-03-27T19:11:13.938+0000] {processor.py:756} INFO - Processing file /home/airflow/.local/lib/python3.7/site-packages/airflow/example_dags/example_branch_day_of_week_operator.py for tasks to queue
[2024-03-27T19:11:13.939+0000] {logging_mixin.py:120} INFO - [2024-03-27T19:11:13.939+0000] {dagbag.py:537} INFO - Filling up the DagBag from /home/airflow/.local/lib/python3.7/site-packages/airflow/example_dags/example_branch_day_of_week_operator.py
[2024-03-27T19:11:13.965+0000] {processor.py:766} INFO - DAG(s) dict_keys(['example_weekday_branch_operator']) retrieved from /home/airflow/.local/lib/python3.7/site-packages/airflow/example_dags/example_branch_day_of_week_operator.py
[2024-03-27T19:11:14.066+0000] {logging_mixin.py:120} INFO - [2024-03-27T19:11:14.065+0000] {dag.py:2585} INFO - Sync 1 DAGs
[2024-03-27T19:11:14.132+0000] {logging_mixin.py:120} INFO - [2024-03-27T19:11:14.132+0000] {dag.py:3340} INFO - Setting next_dagrun for example_weekday_branch_operator to 2024-03-26T00:00:00+00:00, run_after=2024-03-27T00:00:00+00:00
[2024-03-27T19:11:14.156+0000] {processor.py:176} INFO - Processing /home/airflow/.local/lib/python3.7/site-packages/airflow/example_dags/example_branch_day_of_week_operator.py took 0.222 seconds
[2024-03-27T19:11:46.998+0000] {processor.py:154} INFO - Started process (PID=162) to work on /home/airflow/.local/lib/python3.7/site-packages/airflow/example_dags/example_branch_day_of_week_operator.py
[2024-03-27T19:11:47.002+0000] {processor.py:756} INFO - Processing file /home/airflow/.local/lib/python3.7/site-packages/airflow/example_dags/example_branch_day_of_week_operator.py for tasks to queue
[2024-03-27T19:11:47.003+0000] {logging_mixin.py:120} INFO - [2024-03-27T19:11:47.003+0000] {dagbag.py:537} INFO - Filling up the DagBag from /home/airflow/.local/lib/python3.7/site-packages/airflow/example_dags/example_branch_day_of_week_operator.py
[2024-03-27T19:11:47.032+0000] {processor.py:766} INFO - DAG(s) dict_keys(['example_weekday_branch_operator']) retrieved from /home/airflow/.local/lib/python3.7/site-packages/airflow/example_dags/example_branch_day_of_week_operator.py
[2024-03-27T19:11:47.192+0000] {logging_mixin.py:120} INFO - [2024-03-27T19:11:47.192+0000] {dag.py:2585} INFO - Sync 1 DAGs
[2024-03-27T19:11:47.285+0000] {logging_mixin.py:120} INFO - [2024-03-27T19:11:47.284+0000] {dag.py:3340} INFO - Setting next_dagrun for example_weekday_branch_operator to 2024-03-26T00:00:00+00:00, run_after=2024-03-27T00:00:00+00:00
[2024-03-27T19:11:47.367+0000] {processor.py:176} INFO - Processing /home/airflow/.local/lib/python3.7/site-packages/airflow/example_dags/example_branch_day_of_week_operator.py took 0.375 seconds
[2024-03-27T19:12:20.998+0000] {processor.py:154} INFO - Started process (PID=61) to work on /home/airflow/.local/lib/python3.7/site-packages/airflow/example_dags/example_branch_day_of_week_operator.py
[2024-03-27T19:12:20.999+0000] {processor.py:756} INFO - Processing file /home/airflow/.local/lib/python3.7/site-packages/airflow/example_dags/example_branch_day_of_week_operator.py for tasks to queue
[2024-03-27T19:12:20.999+0000] {logging_mixin.py:120} INFO - [2024-03-27T19:12:20.999+0000] {dagbag.py:537} INFO - Filling up the DagBag from /home/airflow/.local/lib/python3.7/site-packages/airflow/example_dags/example_branch_day_of_week_operator.py
[2024-03-27T19:12:21.012+0000] {processor.py:766} INFO - DAG(s) dict_keys(['example_weekday_branch_operator']) retrieved from /home/airflow/.local/lib/python3.7/site-packages/airflow/example_dags/example_branch_day_of_week_operator.py
[2024-03-27T19:12:21.035+0000] {logging_mixin.py:120} INFO - [2024-03-27T19:12:21.035+0000] {dag.py:2585} INFO - Sync 1 DAGs
[2024-03-27T19:12:21.050+0000] {logging_mixin.py:120} INFO - [2024-03-27T19:12:21.050+0000] {dag.py:3340} INFO - Setting next_dagrun for example_weekday_branch_operator to 2024-03-26T00:00:00+00:00, run_after=2024-03-27T00:00:00+00:00
[2024-03-27T19:12:21.062+0000] {processor.py:176} INFO - Processing /home/airflow/.local/lib/python3.7/site-packages/airflow/example_dags/example_branch_day_of_week_operator.py took 0.067 seconds
[2024-03-27T19:12:51.974+0000] {processor.py:154} INFO - Started process (PID=111) to work on /home/airflow/.local/lib/python3.7/site-packages/airflow/example_dags/example_branch_day_of_week_operator.py
[2024-03-27T19:12:51.975+0000] {processor.py:756} INFO - Processing file /home/airflow/.local/lib/python3.7/site-packages/airflow/example_dags/example_branch_day_of_week_operator.py for tasks to queue
[2024-03-27T19:12:51.976+0000] {logging_mixin.py:120} INFO - [2024-03-27T19:12:51.975+0000] {dagbag.py:537} INFO - Filling up the DagBag from /home/airflow/.local/lib/python3.7/site-packages/airflow/example_dags/example_branch_day_of_week_operator.py
[2024-03-27T19:12:51.993+0000] {processor.py:766} INFO - DAG(s) dict_keys(['example_weekday_branch_operator']) retrieved from /home/airflow/.local/lib/python3.7/site-packages/airflow/example_dags/example_branch_day_of_week_operator.py
[2024-03-27T19:12:52.018+0000] {logging_mixin.py:120} INFO - [2024-03-27T19:12:52.018+0000] {dag.py:2585} INFO - Sync 1 DAGs
[2024-03-27T19:12:52.034+0000] {logging_mixin.py:120} INFO - [2024-03-27T19:12:52.034+0000] {dag.py:3340} INFO - Setting next_dagrun for example_weekday_branch_operator to 2024-03-26T00:00:00+00:00, run_after=2024-03-27T00:00:00+00:00
[2024-03-27T19:12:52.044+0000] {processor.py:176} INFO - Processing /home/airflow/.local/lib/python3.7/site-packages/airflow/example_dags/example_branch_day_of_week_operator.py took 0.072 seconds
[2024-03-27T19:13:31.271+0000] {processor.py:154} INFO - Started process (PID=172) to work on /home/airflow/.local/lib/python3.7/site-packages/airflow/example_dags/example_branch_day_of_week_operator.py
[2024-03-27T19:13:31.277+0000] {processor.py:756} INFO - Processing file /home/airflow/.local/lib/python3.7/site-packages/airflow/example_dags/example_branch_day_of_week_operator.py for tasks to queue
[2024-03-27T19:13:31.278+0000] {logging_mixin.py:120} INFO - [2024-03-27T19:13:31.278+0000] {dagbag.py:537} INFO - Filling up the DagBag from /home/airflow/.local/lib/python3.7/site-packages/airflow/example_dags/example_branch_day_of_week_operator.py
[2024-03-27T19:13:31.309+0000] {processor.py:766} INFO - DAG(s) dict_keys(['example_weekday_branch_operator']) retrieved from /home/airflow/.local/lib/python3.7/site-packages/airflow/example_dags/example_branch_day_of_week_operator.py
[2024-03-27T19:13:31.364+0000] {logging_mixin.py:120} INFO - [2024-03-27T19:13:31.364+0000] {dag.py:2585} INFO - Sync 1 DAGs
[2024-03-27T19:13:31.423+0000] {logging_mixin.py:120} INFO - [2024-03-27T19:13:31.423+0000] {dag.py:3340} INFO - Setting next_dagrun for example_weekday_branch_operator to 2024-03-26T00:00:00+00:00, run_after=2024-03-27T00:00:00+00:00
[2024-03-27T19:13:31.463+0000] {processor.py:176} INFO - Processing /home/airflow/.local/lib/python3.7/site-packages/airflow/example_dags/example_branch_day_of_week_operator.py took 0.199 seconds
[2024-03-27T19:13:56.633+0000] {processor.py:154} INFO - Started process (PID=60) to work on /home/airflow/.local/lib/python3.7/site-packages/airflow/example_dags/example_branch_day_of_week_operator.py
[2024-03-27T19:13:56.634+0000] {processor.py:756} INFO - Processing file /home/airflow/.local/lib/python3.7/site-packages/airflow/example_dags/example_branch_day_of_week_operator.py for tasks to queue
[2024-03-27T19:13:56.635+0000] {logging_mixin.py:120} INFO - [2024-03-27T19:13:56.635+0000] {dagbag.py:537} INFO - Filling up the DagBag from /home/airflow/.local/lib/python3.7/site-packages/airflow/example_dags/example_branch_day_of_week_operator.py
[2024-03-27T19:13:56.654+0000] {processor.py:766} INFO - DAG(s) dict_keys(['example_weekday_branch_operator']) retrieved from /home/airflow/.local/lib/python3.7/site-packages/airflow/example_dags/example_branch_day_of_week_operator.py
[2024-03-27T19:13:56.678+0000] {logging_mixin.py:120} INFO - [2024-03-27T19:13:56.678+0000] {dag.py:2585} INFO - Sync 1 DAGs
[2024-03-27T19:13:56.694+0000] {logging_mixin.py:120} INFO - [2024-03-27T19:13:56.694+0000] {dag.py:3340} INFO - Setting next_dagrun for example_weekday_branch_operator to 2024-03-26T00:00:00+00:00, run_after=2024-03-27T00:00:00+00:00
[2024-03-27T19:13:56.706+0000] {processor.py:176} INFO - Processing /home/airflow/.local/lib/python3.7/site-packages/airflow/example_dags/example_branch_day_of_week_operator.py took 0.075 seconds
[2024-03-27T19:14:46.842+0000] {processor.py:154} INFO - Started process (PID=119) to work on /home/airflow/.local/lib/python3.7/site-packages/airflow/example_dags/example_branch_day_of_week_operator.py
[2024-03-27T19:14:46.846+0000] {processor.py:756} INFO - Processing file /home/airflow/.local/lib/python3.7/site-packages/airflow/example_dags/example_branch_day_of_week_operator.py for tasks to queue
[2024-03-27T19:14:46.870+0000] {logging_mixin.py:120} INFO - [2024-03-27T19:14:46.870+0000] {dagbag.py:537} INFO - Filling up the DagBag from /home/airflow/.local/lib/python3.7/site-packages/airflow/example_dags/example_branch_day_of_week_operator.py
[2024-03-27T19:14:46.996+0000] {processor.py:766} INFO - DAG(s) dict_keys(['example_weekday_branch_operator']) retrieved from /home/airflow/.local/lib/python3.7/site-packages/airflow/example_dags/example_branch_day_of_week_operator.py
[2024-03-27T19:14:47.237+0000] {logging_mixin.py:120} INFO - [2024-03-27T19:14:47.237+0000] {dag.py:2585} INFO - Sync 1 DAGs
[2024-03-27T19:14:47.273+0000] {logging_mixin.py:120} INFO - [2024-03-27T19:14:47.269+0000] {dag.py:3340} INFO - Setting next_dagrun for example_weekday_branch_operator to 2024-03-26T00:00:00+00:00, run_after=2024-03-27T00:00:00+00:00
[2024-03-27T19:14:47.297+0000] {processor.py:176} INFO - Processing /home/airflow/.local/lib/python3.7/site-packages/airflow/example_dags/example_branch_day_of_week_operator.py took 0.459 seconds
[2024-03-27T19:15:21.361+0000] {processor.py:154} INFO - Started process (PID=60) to work on /home/airflow/.local/lib/python3.7/site-packages/airflow/example_dags/example_branch_day_of_week_operator.py
[2024-03-27T19:15:21.362+0000] {processor.py:756} INFO - Processing file /home/airflow/.local/lib/python3.7/site-packages/airflow/example_dags/example_branch_day_of_week_operator.py for tasks to queue
[2024-03-27T19:15:21.363+0000] {logging_mixin.py:120} INFO - [2024-03-27T19:15:21.363+0000] {dagbag.py:537} INFO - Filling up the DagBag from /home/airflow/.local/lib/python3.7/site-packages/airflow/example_dags/example_branch_day_of_week_operator.py
[2024-03-27T19:15:21.374+0000] {processor.py:766} INFO - DAG(s) dict_keys(['example_weekday_branch_operator']) retrieved from /home/airflow/.local/lib/python3.7/site-packages/airflow/example_dags/example_branch_day_of_week_operator.py
[2024-03-27T19:15:21.403+0000] {logging_mixin.py:120} INFO - [2024-03-27T19:15:21.403+0000] {dag.py:2585} INFO - Sync 1 DAGs
[2024-03-27T19:15:21.420+0000] {logging_mixin.py:120} INFO - [2024-03-27T19:15:21.420+0000] {dag.py:3340} INFO - Setting next_dagrun for example_weekday_branch_operator to 2024-03-26T00:00:00+00:00, run_after=2024-03-27T00:00:00+00:00
[2024-03-27T19:15:21.432+0000] {processor.py:176} INFO - Processing /home/airflow/.local/lib/python3.7/site-packages/airflow/example_dags/example_branch_day_of_week_operator.py took 0.073 seconds
[2024-03-27T19:15:53.585+0000] {processor.py:154} INFO - Started process (PID=119) to work on /home/airflow/.local/lib/python3.7/site-packages/airflow/example_dags/example_branch_day_of_week_operator.py
[2024-03-27T19:15:53.587+0000] {processor.py:756} INFO - Processing file /home/airflow/.local/lib/python3.7/site-packages/airflow/example_dags/example_branch_day_of_week_operator.py for tasks to queue
[2024-03-27T19:15:53.589+0000] {logging_mixin.py:120} INFO - [2024-03-27T19:15:53.588+0000] {dagbag.py:537} INFO - Filling up the DagBag from /home/airflow/.local/lib/python3.7/site-packages/airflow/example_dags/example_branch_day_of_week_operator.py
[2024-03-27T19:15:53.618+0000] {processor.py:766} INFO - DAG(s) dict_keys(['example_weekday_branch_operator']) retrieved from /home/airflow/.local/lib/python3.7/site-packages/airflow/example_dags/example_branch_day_of_week_operator.py
[2024-03-27T19:15:53.682+0000] {logging_mixin.py:120} INFO - [2024-03-27T19:15:53.682+0000] {dag.py:2585} INFO - Sync 1 DAGs
[2024-03-27T19:15:53.717+0000] {logging_mixin.py:120} INFO - [2024-03-27T19:15:53.717+0000] {dag.py:3340} INFO - Setting next_dagrun for example_weekday_branch_operator to 2024-03-26T00:00:00+00:00, run_after=2024-03-27T00:00:00+00:00
[2024-03-27T19:15:53.742+0000] {processor.py:176} INFO - Processing /home/airflow/.local/lib/python3.7/site-packages/airflow/example_dags/example_branch_day_of_week_operator.py took 0.163 seconds
[2024-03-27T19:16:25.175+0000] {processor.py:154} INFO - Started process (PID=178) to work on /home/airflow/.local/lib/python3.7/site-packages/airflow/example_dags/example_branch_day_of_week_operator.py
[2024-03-27T19:16:25.182+0000] {processor.py:756} INFO - Processing file /home/airflow/.local/lib/python3.7/site-packages/airflow/example_dags/example_branch_day_of_week_operator.py for tasks to queue
[2024-03-27T19:16:25.184+0000] {logging_mixin.py:120} INFO - [2024-03-27T19:16:25.183+0000] {dagbag.py:537} INFO - Filling up the DagBag from /home/airflow/.local/lib/python3.7/site-packages/airflow/example_dags/example_branch_day_of_week_operator.py
[2024-03-27T19:16:25.221+0000] {processor.py:766} INFO - DAG(s) dict_keys(['example_weekday_branch_operator']) retrieved from /home/airflow/.local/lib/python3.7/site-packages/airflow/example_dags/example_branch_day_of_week_operator.py
[2024-03-27T19:16:25.317+0000] {logging_mixin.py:120} INFO - [2024-03-27T19:16:25.317+0000] {dag.py:2585} INFO - Sync 1 DAGs
[2024-03-27T19:16:25.377+0000] {logging_mixin.py:120} INFO - [2024-03-27T19:16:25.377+0000] {dag.py:3340} INFO - Setting next_dagrun for example_weekday_branch_operator to 2024-03-26T00:00:00+00:00, run_after=2024-03-27T00:00:00+00:00
[2024-03-27T19:16:25.443+0000] {processor.py:176} INFO - Processing /home/airflow/.local/lib/python3.7/site-packages/airflow/example_dags/example_branch_day_of_week_operator.py took 0.276 seconds
[2024-03-27T19:16:50.404+0000] {processor.py:154} INFO - Started process (PID=59) to work on /home/airflow/.local/lib/python3.7/site-packages/airflow/example_dags/example_branch_day_of_week_operator.py
[2024-03-27T19:16:50.405+0000] {processor.py:756} INFO - Processing file /home/airflow/.local/lib/python3.7/site-packages/airflow/example_dags/example_branch_day_of_week_operator.py for tasks to queue
[2024-03-27T19:16:50.405+0000] {logging_mixin.py:120} INFO - [2024-03-27T19:16:50.405+0000] {dagbag.py:537} INFO - Filling up the DagBag from /home/airflow/.local/lib/python3.7/site-packages/airflow/example_dags/example_branch_day_of_week_operator.py
[2024-03-27T19:16:50.418+0000] {processor.py:766} INFO - DAG(s) dict_keys(['example_weekday_branch_operator']) retrieved from /home/airflow/.local/lib/python3.7/site-packages/airflow/example_dags/example_branch_day_of_week_operator.py
[2024-03-27T19:16:50.442+0000] {logging_mixin.py:120} INFO - [2024-03-27T19:16:50.442+0000] {dag.py:2585} INFO - Sync 1 DAGs
[2024-03-27T19:16:50.459+0000] {logging_mixin.py:120} INFO - [2024-03-27T19:16:50.459+0000] {dag.py:3340} INFO - Setting next_dagrun for example_weekday_branch_operator to 2024-03-26T00:00:00+00:00, run_after=2024-03-27T00:00:00+00:00
[2024-03-27T19:16:50.471+0000] {processor.py:176} INFO - Processing /home/airflow/.local/lib/python3.7/site-packages/airflow/example_dags/example_branch_day_of_week_operator.py took 0.069 seconds
[2024-03-27T19:17:27.233+0000] {processor.py:154} INFO - Started process (PID=117) to work on /home/airflow/.local/lib/python3.7/site-packages/airflow/example_dags/example_branch_day_of_week_operator.py
[2024-03-27T19:17:27.234+0000] {processor.py:756} INFO - Processing file /home/airflow/.local/lib/python3.7/site-packages/airflow/example_dags/example_branch_day_of_week_operator.py for tasks to queue
[2024-03-27T19:17:27.235+0000] {logging_mixin.py:120} INFO - [2024-03-27T19:17:27.235+0000] {dagbag.py:537} INFO - Filling up the DagBag from /home/airflow/.local/lib/python3.7/site-packages/airflow/example_dags/example_branch_day_of_week_operator.py
[2024-03-27T19:17:27.259+0000] {processor.py:766} INFO - DAG(s) dict_keys(['example_weekday_branch_operator']) retrieved from /home/airflow/.local/lib/python3.7/site-packages/airflow/example_dags/example_branch_day_of_week_operator.py
[2024-03-27T19:17:27.317+0000] {logging_mixin.py:120} INFO - [2024-03-27T19:17:27.317+0000] {dag.py:2585} INFO - Sync 1 DAGs
[2024-03-27T19:17:27.382+0000] {logging_mixin.py:120} INFO - [2024-03-27T19:17:27.382+0000] {dag.py:3340} INFO - Setting next_dagrun for example_weekday_branch_operator to 2024-03-26T00:00:00+00:00, run_after=2024-03-27T00:00:00+00:00
[2024-03-27T19:17:27.418+0000] {processor.py:176} INFO - Processing /home/airflow/.local/lib/python3.7/site-packages/airflow/example_dags/example_branch_day_of_week_operator.py took 0.190 seconds
[2024-03-27T19:18:19.695+0000] {processor.py:154} INFO - Started process (PID=60) to work on /home/airflow/.local/lib/python3.7/site-packages/airflow/example_dags/example_branch_day_of_week_operator.py
[2024-03-27T19:18:19.696+0000] {processor.py:756} INFO - Processing file /home/airflow/.local/lib/python3.7/site-packages/airflow/example_dags/example_branch_day_of_week_operator.py for tasks to queue
[2024-03-27T19:18:19.697+0000] {logging_mixin.py:120} INFO - [2024-03-27T19:18:19.697+0000] {dagbag.py:537} INFO - Filling up the DagBag from /home/airflow/.local/lib/python3.7/site-packages/airflow/example_dags/example_branch_day_of_week_operator.py
[2024-03-27T19:18:19.709+0000] {processor.py:766} INFO - DAG(s) dict_keys(['example_weekday_branch_operator']) retrieved from /home/airflow/.local/lib/python3.7/site-packages/airflow/example_dags/example_branch_day_of_week_operator.py
[2024-03-27T19:18:19.747+0000] {logging_mixin.py:120} INFO - [2024-03-27T19:18:19.747+0000] {dag.py:2585} INFO - Sync 1 DAGs
[2024-03-27T19:18:19.773+0000] {logging_mixin.py:120} INFO - [2024-03-27T19:18:19.772+0000] {dag.py:3340} INFO - Setting next_dagrun for example_weekday_branch_operator to 2024-03-26T00:00:00+00:00, run_after=2024-03-27T00:00:00+00:00
[2024-03-27T19:18:19.793+0000] {processor.py:176} INFO - Processing /home/airflow/.local/lib/python3.7/site-packages/airflow/example_dags/example_branch_day_of_week_operator.py took 0.100 seconds
[2024-03-27T19:18:50.818+0000] {processor.py:154} INFO - Started process (PID=118) to work on /home/airflow/.local/lib/python3.7/site-packages/airflow/example_dags/example_branch_day_of_week_operator.py
[2024-03-27T19:18:50.830+0000] {processor.py:756} INFO - Processing file /home/airflow/.local/lib/python3.7/site-packages/airflow/example_dags/example_branch_day_of_week_operator.py for tasks to queue
[2024-03-27T19:18:50.832+0000] {logging_mixin.py:120} INFO - [2024-03-27T19:18:50.832+0000] {dagbag.py:537} INFO - Filling up the DagBag from /home/airflow/.local/lib/python3.7/site-packages/airflow/example_dags/example_branch_day_of_week_operator.py
[2024-03-27T19:18:50.854+0000] {processor.py:766} INFO - DAG(s) dict_keys(['example_weekday_branch_operator']) retrieved from /home/airflow/.local/lib/python3.7/site-packages/airflow/example_dags/example_branch_day_of_week_operator.py
[2024-03-27T19:18:50.896+0000] {logging_mixin.py:120} INFO - [2024-03-27T19:18:50.896+0000] {dag.py:2585} INFO - Sync 1 DAGs
[2024-03-27T19:18:50.924+0000] {logging_mixin.py:120} INFO - [2024-03-27T19:18:50.924+0000] {dag.py:3340} INFO - Setting next_dagrun for example_weekday_branch_operator to 2024-03-26T00:00:00+00:00, run_after=2024-03-27T00:00:00+00:00
[2024-03-27T19:18:50.940+0000] {processor.py:176} INFO - Processing /home/airflow/.local/lib/python3.7/site-packages/airflow/example_dags/example_branch_day_of_week_operator.py took 0.127 seconds
[2024-03-27T19:19:41.035+0000] {processor.py:154} INFO - Started process (PID=60) to work on /home/airflow/.local/lib/python3.7/site-packages/airflow/example_dags/example_branch_day_of_week_operator.py
[2024-03-27T19:19:41.037+0000] {processor.py:756} INFO - Processing file /home/airflow/.local/lib/python3.7/site-packages/airflow/example_dags/example_branch_day_of_week_operator.py for tasks to queue
[2024-03-27T19:19:41.038+0000] {logging_mixin.py:120} INFO - [2024-03-27T19:19:41.038+0000] {dagbag.py:537} INFO - Filling up the DagBag from /home/airflow/.local/lib/python3.7/site-packages/airflow/example_dags/example_branch_day_of_week_operator.py
[2024-03-27T19:19:41.052+0000] {processor.py:766} INFO - DAG(s) dict_keys(['example_weekday_branch_operator']) retrieved from /home/airflow/.local/lib/python3.7/site-packages/airflow/example_dags/example_branch_day_of_week_operator.py
[2024-03-27T19:19:41.077+0000] {logging_mixin.py:120} INFO - [2024-03-27T19:19:41.077+0000] {dag.py:2585} INFO - Sync 1 DAGs
[2024-03-27T19:19:41.093+0000] {logging_mixin.py:120} INFO - [2024-03-27T19:19:41.093+0000] {dag.py:3340} INFO - Setting next_dagrun for example_weekday_branch_operator to 2024-03-26T00:00:00+00:00, run_after=2024-03-27T00:00:00+00:00
[2024-03-27T19:19:41.105+0000] {processor.py:176} INFO - Processing /home/airflow/.local/lib/python3.7/site-packages/airflow/example_dags/example_branch_day_of_week_operator.py took 0.072 seconds
[2024-03-27T19:20:21.640+0000] {processor.py:154} INFO - Started process (PID=119) to work on /home/airflow/.local/lib/python3.7/site-packages/airflow/example_dags/example_branch_day_of_week_operator.py
[2024-03-27T19:20:21.643+0000] {processor.py:756} INFO - Processing file /home/airflow/.local/lib/python3.7/site-packages/airflow/example_dags/example_branch_day_of_week_operator.py for tasks to queue
[2024-03-27T19:20:21.644+0000] {logging_mixin.py:120} INFO - [2024-03-27T19:20:21.643+0000] {dagbag.py:537} INFO - Filling up the DagBag from /home/airflow/.local/lib/python3.7/site-packages/airflow/example_dags/example_branch_day_of_week_operator.py
[2024-03-27T19:20:21.660+0000] {processor.py:766} INFO - DAG(s) dict_keys(['example_weekday_branch_operator']) retrieved from /home/airflow/.local/lib/python3.7/site-packages/airflow/example_dags/example_branch_day_of_week_operator.py
[2024-03-27T19:20:21.717+0000] {logging_mixin.py:120} INFO - [2024-03-27T19:20:21.717+0000] {dag.py:2585} INFO - Sync 1 DAGs
[2024-03-27T19:20:21.768+0000] {logging_mixin.py:120} INFO - [2024-03-27T19:20:21.768+0000] {dag.py:3340} INFO - Setting next_dagrun for example_weekday_branch_operator to 2024-03-26T00:00:00+00:00, run_after=2024-03-27T00:00:00+00:00
[2024-03-27T19:20:21.799+0000] {processor.py:176} INFO - Processing /home/airflow/.local/lib/python3.7/site-packages/airflow/example_dags/example_branch_day_of_week_operator.py took 0.162 seconds
[2024-03-27T19:21:23.488+0000] {processor.py:154} INFO - Started process (PID=59) to work on /home/airflow/.local/lib/python3.7/site-packages/airflow/example_dags/example_branch_day_of_week_operator.py
[2024-03-27T19:21:23.489+0000] {processor.py:756} INFO - Processing file /home/airflow/.local/lib/python3.7/site-packages/airflow/example_dags/example_branch_day_of_week_operator.py for tasks to queue
[2024-03-27T19:21:23.490+0000] {logging_mixin.py:120} INFO - [2024-03-27T19:21:23.490+0000] {dagbag.py:537} INFO - Filling up the DagBag from /home/airflow/.local/lib/python3.7/site-packages/airflow/example_dags/example_branch_day_of_week_operator.py
[2024-03-27T19:21:23.502+0000] {processor.py:766} INFO - DAG(s) dict_keys(['example_weekday_branch_operator']) retrieved from /home/airflow/.local/lib/python3.7/site-packages/airflow/example_dags/example_branch_day_of_week_operator.py
[2024-03-27T19:21:23.528+0000] {logging_mixin.py:120} INFO - [2024-03-27T19:21:23.528+0000] {dag.py:2585} INFO - Sync 1 DAGs
[2024-03-27T19:21:23.545+0000] {logging_mixin.py:120} INFO - [2024-03-27T19:21:23.544+0000] {dag.py:3340} INFO - Setting next_dagrun for example_weekday_branch_operator to 2024-03-26T00:00:00+00:00, run_after=2024-03-27T00:00:00+00:00
[2024-03-27T19:21:23.556+0000] {processor.py:176} INFO - Processing /home/airflow/.local/lib/python3.7/site-packages/airflow/example_dags/example_branch_day_of_week_operator.py took 0.070 seconds
[2024-03-27T19:21:54.132+0000] {processor.py:154} INFO - Started process (PID=109) to work on /home/airflow/.local/lib/python3.7/site-packages/airflow/example_dags/example_branch_day_of_week_operator.py
[2024-03-27T19:21:54.133+0000] {processor.py:756} INFO - Processing file /home/airflow/.local/lib/python3.7/site-packages/airflow/example_dags/example_branch_day_of_week_operator.py for tasks to queue
[2024-03-27T19:21:54.135+0000] {logging_mixin.py:120} INFO - [2024-03-27T19:21:54.134+0000] {dagbag.py:537} INFO - Filling up the DagBag from /home/airflow/.local/lib/python3.7/site-packages/airflow/example_dags/example_branch_day_of_week_operator.py
[2024-03-27T19:21:54.148+0000] {processor.py:766} INFO - DAG(s) dict_keys(['example_weekday_branch_operator']) retrieved from /home/airflow/.local/lib/python3.7/site-packages/airflow/example_dags/example_branch_day_of_week_operator.py
[2024-03-27T19:21:54.170+0000] {logging_mixin.py:120} INFO - [2024-03-27T19:21:54.170+0000] {dag.py:2585} INFO - Sync 1 DAGs
[2024-03-27T19:21:54.186+0000] {logging_mixin.py:120} INFO - [2024-03-27T19:21:54.186+0000] {dag.py:3340} INFO - Setting next_dagrun for example_weekday_branch_operator to 2024-03-26T00:00:00+00:00, run_after=2024-03-27T00:00:00+00:00
[2024-03-27T19:21:54.197+0000] {processor.py:176} INFO - Processing /home/airflow/.local/lib/python3.7/site-packages/airflow/example_dags/example_branch_day_of_week_operator.py took 0.068 seconds
[2024-03-27T19:22:30.752+0000] {processor.py:154} INFO - Started process (PID=50) to work on /home/airflow/.local/lib/python3.7/site-packages/airflow/example_dags/example_branch_day_of_week_operator.py
[2024-03-27T19:22:30.753+0000] {processor.py:756} INFO - Processing file /home/airflow/.local/lib/python3.7/site-packages/airflow/example_dags/example_branch_day_of_week_operator.py for tasks to queue
[2024-03-27T19:22:30.754+0000] {logging_mixin.py:120} INFO - [2024-03-27T19:22:30.754+0000] {dagbag.py:537} INFO - Filling up the DagBag from /home/airflow/.local/lib/python3.7/site-packages/airflow/example_dags/example_branch_day_of_week_operator.py
[2024-03-27T19:22:30.766+0000] {processor.py:766} INFO - DAG(s) dict_keys(['example_weekday_branch_operator']) retrieved from /home/airflow/.local/lib/python3.7/site-packages/airflow/example_dags/example_branch_day_of_week_operator.py
[2024-03-27T19:22:30.788+0000] {logging_mixin.py:120} INFO - [2024-03-27T19:22:30.787+0000] {dag.py:2585} INFO - Sync 1 DAGs
[2024-03-27T19:22:30.802+0000] {logging_mixin.py:120} INFO - [2024-03-27T19:22:30.802+0000] {dag.py:3340} INFO - Setting next_dagrun for example_weekday_branch_operator to 2024-03-26T00:00:00+00:00, run_after=2024-03-27T00:00:00+00:00
[2024-03-27T19:22:30.812+0000] {processor.py:176} INFO - Processing /home/airflow/.local/lib/python3.7/site-packages/airflow/example_dags/example_branch_day_of_week_operator.py took 0.061 seconds
[2024-03-27T19:23:01.351+0000] {processor.py:154} INFO - Started process (PID=118) to work on /home/airflow/.local/lib/python3.7/site-packages/airflow/example_dags/example_branch_day_of_week_operator.py
[2024-03-27T19:23:01.352+0000] {processor.py:756} INFO - Processing file /home/airflow/.local/lib/python3.7/site-packages/airflow/example_dags/example_branch_day_of_week_operator.py for tasks to queue
[2024-03-27T19:23:01.352+0000] {logging_mixin.py:120} INFO - [2024-03-27T19:23:01.352+0000] {dagbag.py:537} INFO - Filling up the DagBag from /home/airflow/.local/lib/python3.7/site-packages/airflow/example_dags/example_branch_day_of_week_operator.py
[2024-03-27T19:23:01.361+0000] {processor.py:766} INFO - DAG(s) dict_keys(['example_weekday_branch_operator']) retrieved from /home/airflow/.local/lib/python3.7/site-packages/airflow/example_dags/example_branch_day_of_week_operator.py
[2024-03-27T19:23:01.383+0000] {logging_mixin.py:120} INFO - [2024-03-27T19:23:01.383+0000] {dag.py:2585} INFO - Sync 1 DAGs
[2024-03-27T19:23:01.397+0000] {logging_mixin.py:120} INFO - [2024-03-27T19:23:01.397+0000] {dag.py:3340} INFO - Setting next_dagrun for example_weekday_branch_operator to 2024-03-26T00:00:00+00:00, run_after=2024-03-27T00:00:00+00:00
[2024-03-27T19:23:01.406+0000] {processor.py:176} INFO - Processing /home/airflow/.local/lib/python3.7/site-packages/airflow/example_dags/example_branch_day_of_week_operator.py took 0.057 seconds
[2024-03-27T19:24:28.075+0000] {processor.py:154} INFO - Started process (PID=177) to work on /home/airflow/.local/lib/python3.7/site-packages/airflow/example_dags/example_branch_day_of_week_operator.py
[2024-03-27T19:24:28.076+0000] {processor.py:756} INFO - Processing file /home/airflow/.local/lib/python3.7/site-packages/airflow/example_dags/example_branch_day_of_week_operator.py for tasks to queue
[2024-03-27T19:24:28.076+0000] {logging_mixin.py:120} INFO - [2024-03-27T19:24:28.076+0000] {dagbag.py:537} INFO - Filling up the DagBag from /home/airflow/.local/lib/python3.7/site-packages/airflow/example_dags/example_branch_day_of_week_operator.py
[2024-03-27T19:24:28.086+0000] {processor.py:766} INFO - DAG(s) dict_keys(['example_weekday_branch_operator']) retrieved from /home/airflow/.local/lib/python3.7/site-packages/airflow/example_dags/example_branch_day_of_week_operator.py
[2024-03-27T19:24:28.110+0000] {logging_mixin.py:120} INFO - [2024-03-27T19:24:28.110+0000] {dag.py:2585} INFO - Sync 1 DAGs
[2024-03-27T19:24:28.124+0000] {logging_mixin.py:120} INFO - [2024-03-27T19:24:28.124+0000] {dag.py:3340} INFO - Setting next_dagrun for example_weekday_branch_operator to 2024-03-26T00:00:00+00:00, run_after=2024-03-27T00:00:00+00:00
[2024-03-27T19:24:28.135+0000] {processor.py:176} INFO - Processing /home/airflow/.local/lib/python3.7/site-packages/airflow/example_dags/example_branch_day_of_week_operator.py took 0.061 seconds
[2024-03-27T19:24:53.941+0000] {processor.py:154} INFO - Started process (PID=50) to work on /home/airflow/.local/lib/python3.7/site-packages/airflow/example_dags/example_branch_day_of_week_operator.py
[2024-03-27T19:24:53.941+0000] {processor.py:756} INFO - Processing file /home/airflow/.local/lib/python3.7/site-packages/airflow/example_dags/example_branch_day_of_week_operator.py for tasks to queue
[2024-03-27T19:24:53.942+0000] {logging_mixin.py:120} INFO - [2024-03-27T19:24:53.942+0000] {dagbag.py:537} INFO - Filling up the DagBag from /home/airflow/.local/lib/python3.7/site-packages/airflow/example_dags/example_branch_day_of_week_operator.py
[2024-03-27T19:24:53.951+0000] {processor.py:766} INFO - DAG(s) dict_keys(['example_weekday_branch_operator']) retrieved from /home/airflow/.local/lib/python3.7/site-packages/airflow/example_dags/example_branch_day_of_week_operator.py
[2024-03-27T19:24:53.970+0000] {logging_mixin.py:120} INFO - [2024-03-27T19:24:53.970+0000] {dag.py:2585} INFO - Sync 1 DAGs
[2024-03-27T19:24:53.983+0000] {logging_mixin.py:120} INFO - [2024-03-27T19:24:53.983+0000] {dag.py:3340} INFO - Setting next_dagrun for example_weekday_branch_operator to 2024-03-26T00:00:00+00:00, run_after=2024-03-27T00:00:00+00:00
[2024-03-27T19:24:53.993+0000] {processor.py:176} INFO - Processing /home/airflow/.local/lib/python3.7/site-packages/airflow/example_dags/example_branch_day_of_week_operator.py took 0.053 seconds
[2024-03-27T19:25:24.510+0000] {processor.py:154} INFO - Started process (PID=117) to work on /home/airflow/.local/lib/python3.7/site-packages/airflow/example_dags/example_branch_day_of_week_operator.py
[2024-03-27T19:25:24.511+0000] {processor.py:756} INFO - Processing file /home/airflow/.local/lib/python3.7/site-packages/airflow/example_dags/example_branch_day_of_week_operator.py for tasks to queue
[2024-03-27T19:25:24.512+0000] {logging_mixin.py:120} INFO - [2024-03-27T19:25:24.512+0000] {dagbag.py:537} INFO - Filling up the DagBag from /home/airflow/.local/lib/python3.7/site-packages/airflow/example_dags/example_branch_day_of_week_operator.py
[2024-03-27T19:25:24.521+0000] {processor.py:766} INFO - DAG(s) dict_keys(['example_weekday_branch_operator']) retrieved from /home/airflow/.local/lib/python3.7/site-packages/airflow/example_dags/example_branch_day_of_week_operator.py
[2024-03-27T19:25:24.544+0000] {logging_mixin.py:120} INFO - [2024-03-27T19:25:24.543+0000] {dag.py:2585} INFO - Sync 1 DAGs
[2024-03-27T19:25:24.560+0000] {logging_mixin.py:120} INFO - [2024-03-27T19:25:24.559+0000] {dag.py:3340} INFO - Setting next_dagrun for example_weekday_branch_operator to 2024-03-26T00:00:00+00:00, run_after=2024-03-27T00:00:00+00:00
[2024-03-27T19:25:24.570+0000] {processor.py:176} INFO - Processing /home/airflow/.local/lib/python3.7/site-packages/airflow/example_dags/example_branch_day_of_week_operator.py took 0.062 seconds
[2024-03-27T19:25:55.102+0000] {processor.py:154} INFO - Started process (PID=186) to work on /home/airflow/.local/lib/python3.7/site-packages/airflow/example_dags/example_branch_day_of_week_operator.py
[2024-03-27T19:25:55.105+0000] {processor.py:756} INFO - Processing file /home/airflow/.local/lib/python3.7/site-packages/airflow/example_dags/example_branch_day_of_week_operator.py for tasks to queue
[2024-03-27T19:25:55.106+0000] {logging_mixin.py:120} INFO - [2024-03-27T19:25:55.106+0000] {dagbag.py:537} INFO - Filling up the DagBag from /home/airflow/.local/lib/python3.7/site-packages/airflow/example_dags/example_branch_day_of_week_operator.py
[2024-03-27T19:25:55.120+0000] {processor.py:766} INFO - DAG(s) dict_keys(['example_weekday_branch_operator']) retrieved from /home/airflow/.local/lib/python3.7/site-packages/airflow/example_dags/example_branch_day_of_week_operator.py
[2024-03-27T19:25:55.144+0000] {logging_mixin.py:120} INFO - [2024-03-27T19:25:55.144+0000] {dag.py:2585} INFO - Sync 1 DAGs
[2024-03-27T19:25:55.156+0000] {logging_mixin.py:120} INFO - [2024-03-27T19:25:55.156+0000] {dag.py:3340} INFO - Setting next_dagrun for example_weekday_branch_operator to 2024-03-26T00:00:00+00:00, run_after=2024-03-27T00:00:00+00:00
[2024-03-27T19:25:55.165+0000] {processor.py:176} INFO - Processing /home/airflow/.local/lib/python3.7/site-packages/airflow/example_dags/example_branch_day_of_week_operator.py took 0.065 seconds
[2024-03-27T19:26:25.336+0000] {processor.py:154} INFO - Started process (PID=245) to work on /home/airflow/.local/lib/python3.7/site-packages/airflow/example_dags/example_branch_day_of_week_operator.py
[2024-03-27T19:26:25.336+0000] {processor.py:756} INFO - Processing file /home/airflow/.local/lib/python3.7/site-packages/airflow/example_dags/example_branch_day_of_week_operator.py for tasks to queue
[2024-03-27T19:26:25.337+0000] {logging_mixin.py:120} INFO - [2024-03-27T19:26:25.337+0000] {dagbag.py:537} INFO - Filling up the DagBag from /home/airflow/.local/lib/python3.7/site-packages/airflow/example_dags/example_branch_day_of_week_operator.py
[2024-03-27T19:26:25.348+0000] {processor.py:766} INFO - DAG(s) dict_keys(['example_weekday_branch_operator']) retrieved from /home/airflow/.local/lib/python3.7/site-packages/airflow/example_dags/example_branch_day_of_week_operator.py
[2024-03-27T19:26:25.370+0000] {logging_mixin.py:120} INFO - [2024-03-27T19:26:25.370+0000] {dag.py:2585} INFO - Sync 1 DAGs
[2024-03-27T19:26:25.383+0000] {logging_mixin.py:120} INFO - [2024-03-27T19:26:25.383+0000] {dag.py:3340} INFO - Setting next_dagrun for example_weekday_branch_operator to 2024-03-26T00:00:00+00:00, run_after=2024-03-27T00:00:00+00:00
[2024-03-27T19:26:25.393+0000] {processor.py:176} INFO - Processing /home/airflow/.local/lib/python3.7/site-packages/airflow/example_dags/example_branch_day_of_week_operator.py took 0.059 seconds
[2024-03-27T19:26:56.997+0000] {processor.py:154} INFO - Started process (PID=51) to work on /home/airflow/.local/lib/python3.7/site-packages/airflow/example_dags/example_branch_day_of_week_operator.py
[2024-03-27T19:26:56.998+0000] {processor.py:756} INFO - Processing file /home/airflow/.local/lib/python3.7/site-packages/airflow/example_dags/example_branch_day_of_week_operator.py for tasks to queue
[2024-03-27T19:26:56.998+0000] {logging_mixin.py:120} INFO - [2024-03-27T19:26:56.998+0000] {dagbag.py:537} INFO - Filling up the DagBag from /home/airflow/.local/lib/python3.7/site-packages/airflow/example_dags/example_branch_day_of_week_operator.py
[2024-03-27T19:26:57.008+0000] {processor.py:766} INFO - DAG(s) dict_keys(['example_weekday_branch_operator']) retrieved from /home/airflow/.local/lib/python3.7/site-packages/airflow/example_dags/example_branch_day_of_week_operator.py
[2024-03-27T19:26:57.027+0000] {logging_mixin.py:120} INFO - [2024-03-27T19:26:57.027+0000] {dag.py:2585} INFO - Sync 1 DAGs
[2024-03-27T19:26:57.040+0000] {logging_mixin.py:120} INFO - [2024-03-27T19:26:57.039+0000] {dag.py:3340} INFO - Setting next_dagrun for example_weekday_branch_operator to 2024-03-26T00:00:00+00:00, run_after=2024-03-27T00:00:00+00:00
[2024-03-27T19:26:57.049+0000] {processor.py:176} INFO - Processing /home/airflow/.local/lib/python3.7/site-packages/airflow/example_dags/example_branch_day_of_week_operator.py took 0.053 seconds
[2024-03-27T19:27:27.304+0000] {processor.py:154} INFO - Started process (PID=118) to work on /home/airflow/.local/lib/python3.7/site-packages/airflow/example_dags/example_branch_day_of_week_operator.py
[2024-03-27T19:27:27.304+0000] {processor.py:756} INFO - Processing file /home/airflow/.local/lib/python3.7/site-packages/airflow/example_dags/example_branch_day_of_week_operator.py for tasks to queue
[2024-03-27T19:27:27.305+0000] {logging_mixin.py:120} INFO - [2024-03-27T19:27:27.305+0000] {dagbag.py:537} INFO - Filling up the DagBag from /home/airflow/.local/lib/python3.7/site-packages/airflow/example_dags/example_branch_day_of_week_operator.py
[2024-03-27T19:27:27.314+0000] {processor.py:766} INFO - DAG(s) dict_keys(['example_weekday_branch_operator']) retrieved from /home/airflow/.local/lib/python3.7/site-packages/airflow/example_dags/example_branch_day_of_week_operator.py
[2024-03-27T19:27:27.336+0000] {logging_mixin.py:120} INFO - [2024-03-27T19:27:27.336+0000] {dag.py:2585} INFO - Sync 1 DAGs
[2024-03-27T19:27:27.349+0000] {logging_mixin.py:120} INFO - [2024-03-27T19:27:27.349+0000] {dag.py:3340} INFO - Setting next_dagrun for example_weekday_branch_operator to 2024-03-26T00:00:00+00:00, run_after=2024-03-27T00:00:00+00:00
[2024-03-27T19:27:27.359+0000] {processor.py:176} INFO - Processing /home/airflow/.local/lib/python3.7/site-packages/airflow/example_dags/example_branch_day_of_week_operator.py took 0.057 seconds
[2024-03-27T19:28:21.914+0000] {processor.py:154} INFO - Started process (PID=226) to work on /home/airflow/.local/lib/python3.7/site-packages/airflow/example_dags/example_branch_day_of_week_operator.py
[2024-03-27T19:28:21.915+0000] {processor.py:756} INFO - Processing file /home/airflow/.local/lib/python3.7/site-packages/airflow/example_dags/example_branch_day_of_week_operator.py for tasks to queue
[2024-03-27T19:28:21.916+0000] {logging_mixin.py:120} INFO - [2024-03-27T19:28:21.916+0000] {dagbag.py:537} INFO - Filling up the DagBag from /home/airflow/.local/lib/python3.7/site-packages/airflow/example_dags/example_branch_day_of_week_operator.py
[2024-03-27T19:28:21.986+0000] {processor.py:766} INFO - DAG(s) dict_keys(['example_weekday_branch_operator']) retrieved from /home/airflow/.local/lib/python3.7/site-packages/airflow/example_dags/example_branch_day_of_week_operator.py
[2024-03-27T19:28:22.105+0000] {logging_mixin.py:120} INFO - [2024-03-27T19:28:22.105+0000] {dag.py:2585} INFO - Sync 1 DAGs
[2024-03-27T19:28:22.146+0000] {logging_mixin.py:120} INFO - [2024-03-27T19:28:22.146+0000] {dag.py:3340} INFO - Setting next_dagrun for example_weekday_branch_operator to 2024-03-27T00:00:00+00:00, run_after=2024-03-28T00:00:00+00:00
[2024-03-27T19:28:22.173+0000] {processor.py:176} INFO - Processing /home/airflow/.local/lib/python3.7/site-packages/airflow/example_dags/example_branch_day_of_week_operator.py took 0.262 seconds
[2024-03-27T19:28:52.498+0000] {processor.py:154} INFO - Started process (PID=286) to work on /home/airflow/.local/lib/python3.7/site-packages/airflow/example_dags/example_branch_day_of_week_operator.py
[2024-03-27T19:28:52.504+0000] {processor.py:756} INFO - Processing file /home/airflow/.local/lib/python3.7/site-packages/airflow/example_dags/example_branch_day_of_week_operator.py for tasks to queue
[2024-03-27T19:28:52.515+0000] {logging_mixin.py:120} INFO - [2024-03-27T19:28:52.514+0000] {dagbag.py:537} INFO - Filling up the DagBag from /home/airflow/.local/lib/python3.7/site-packages/airflow/example_dags/example_branch_day_of_week_operator.py
[2024-03-27T19:28:52.601+0000] {processor.py:766} INFO - DAG(s) dict_keys(['example_weekday_branch_operator']) retrieved from /home/airflow/.local/lib/python3.7/site-packages/airflow/example_dags/example_branch_day_of_week_operator.py
[2024-03-27T19:28:52.675+0000] {logging_mixin.py:120} INFO - [2024-03-27T19:28:52.675+0000] {dag.py:2585} INFO - Sync 1 DAGs
[2024-03-27T19:28:52.722+0000] {logging_mixin.py:120} INFO - [2024-03-27T19:28:52.722+0000] {dag.py:3340} INFO - Setting next_dagrun for example_weekday_branch_operator to 2024-03-27T00:00:00+00:00, run_after=2024-03-28T00:00:00+00:00
[2024-03-27T19:28:52.744+0000] {processor.py:176} INFO - Processing /home/airflow/.local/lib/python3.7/site-packages/airflow/example_dags/example_branch_day_of_week_operator.py took 0.254 seconds
[2024-03-27T19:29:30.328+0000] {processor.py:154} INFO - Started process (PID=347) to work on /home/airflow/.local/lib/python3.7/site-packages/airflow/example_dags/example_branch_day_of_week_operator.py
[2024-03-27T19:29:30.329+0000] {processor.py:756} INFO - Processing file /home/airflow/.local/lib/python3.7/site-packages/airflow/example_dags/example_branch_day_of_week_operator.py for tasks to queue
[2024-03-27T19:29:30.330+0000] {logging_mixin.py:120} INFO - [2024-03-27T19:29:30.330+0000] {dagbag.py:537} INFO - Filling up the DagBag from /home/airflow/.local/lib/python3.7/site-packages/airflow/example_dags/example_branch_day_of_week_operator.py
[2024-03-27T19:29:30.403+0000] {processor.py:766} INFO - DAG(s) dict_keys(['example_weekday_branch_operator']) retrieved from /home/airflow/.local/lib/python3.7/site-packages/airflow/example_dags/example_branch_day_of_week_operator.py
[2024-03-27T19:29:30.486+0000] {logging_mixin.py:120} INFO - [2024-03-27T19:29:30.485+0000] {dag.py:2585} INFO - Sync 1 DAGs
[2024-03-27T19:29:30.584+0000] {logging_mixin.py:120} INFO - [2024-03-27T19:29:30.583+0000] {dag.py:3340} INFO - Setting next_dagrun for example_weekday_branch_operator to 2024-03-27T00:00:00+00:00, run_after=2024-03-28T00:00:00+00:00
[2024-03-27T19:29:30.680+0000] {processor.py:176} INFO - Processing /home/airflow/.local/lib/python3.7/site-packages/airflow/example_dags/example_branch_day_of_week_operator.py took 0.359 seconds
[2024-03-27T19:30:10.760+0000] {processor.py:154} INFO - Started process (PID=410) to work on /home/airflow/.local/lib/python3.7/site-packages/airflow/example_dags/example_branch_day_of_week_operator.py
[2024-03-27T19:30:10.761+0000] {processor.py:756} INFO - Processing file /home/airflow/.local/lib/python3.7/site-packages/airflow/example_dags/example_branch_day_of_week_operator.py for tasks to queue
[2024-03-27T19:30:10.761+0000] {logging_mixin.py:120} INFO - [2024-03-27T19:30:10.761+0000] {dagbag.py:537} INFO - Filling up the DagBag from /home/airflow/.local/lib/python3.7/site-packages/airflow/example_dags/example_branch_day_of_week_operator.py
[2024-03-27T19:30:10.775+0000] {processor.py:766} INFO - DAG(s) dict_keys(['example_weekday_branch_operator']) retrieved from /home/airflow/.local/lib/python3.7/site-packages/airflow/example_dags/example_branch_day_of_week_operator.py
[2024-03-27T19:30:10.824+0000] {logging_mixin.py:120} INFO - [2024-03-27T19:30:10.824+0000] {dag.py:2585} INFO - Sync 1 DAGs
[2024-03-27T19:30:10.870+0000] {logging_mixin.py:120} INFO - [2024-03-27T19:30:10.870+0000] {dag.py:3340} INFO - Setting next_dagrun for example_weekday_branch_operator to 2024-03-27T00:00:00+00:00, run_after=2024-03-28T00:00:00+00:00
[2024-03-27T19:30:10.894+0000] {processor.py:176} INFO - Processing /home/airflow/.local/lib/python3.7/site-packages/airflow/example_dags/example_branch_day_of_week_operator.py took 0.137 seconds
[2024-03-27T19:30:54.482+0000] {processor.py:154} INFO - Started process (PID=460) to work on /home/airflow/.local/lib/python3.7/site-packages/airflow/example_dags/example_branch_day_of_week_operator.py
[2024-03-27T19:30:54.484+0000] {processor.py:756} INFO - Processing file /home/airflow/.local/lib/python3.7/site-packages/airflow/example_dags/example_branch_day_of_week_operator.py for tasks to queue
[2024-03-27T19:30:54.485+0000] {logging_mixin.py:120} INFO - [2024-03-27T19:30:54.485+0000] {dagbag.py:537} INFO - Filling up the DagBag from /home/airflow/.local/lib/python3.7/site-packages/airflow/example_dags/example_branch_day_of_week_operator.py
[2024-03-27T19:30:54.514+0000] {processor.py:766} INFO - DAG(s) dict_keys(['example_weekday_branch_operator']) retrieved from /home/airflow/.local/lib/python3.7/site-packages/airflow/example_dags/example_branch_day_of_week_operator.py
[2024-03-27T19:30:54.579+0000] {logging_mixin.py:120} INFO - [2024-03-27T19:30:54.579+0000] {dag.py:2585} INFO - Sync 1 DAGs
[2024-03-27T19:30:54.618+0000] {logging_mixin.py:120} INFO - [2024-03-27T19:30:54.618+0000] {dag.py:3340} INFO - Setting next_dagrun for example_weekday_branch_operator to 2024-03-27T00:00:00+00:00, run_after=2024-03-28T00:00:00+00:00
[2024-03-27T19:30:54.662+0000] {processor.py:176} INFO - Processing /home/airflow/.local/lib/python3.7/site-packages/airflow/example_dags/example_branch_day_of_week_operator.py took 0.188 seconds
[2024-03-27T19:31:25.040+0000] {processor.py:154} INFO - Started process (PID=512) to work on /home/airflow/.local/lib/python3.7/site-packages/airflow/example_dags/example_branch_day_of_week_operator.py
[2024-03-27T19:31:25.043+0000] {processor.py:756} INFO - Processing file /home/airflow/.local/lib/python3.7/site-packages/airflow/example_dags/example_branch_day_of_week_operator.py for tasks to queue
[2024-03-27T19:31:25.044+0000] {logging_mixin.py:120} INFO - [2024-03-27T19:31:25.044+0000] {dagbag.py:537} INFO - Filling up the DagBag from /home/airflow/.local/lib/python3.7/site-packages/airflow/example_dags/example_branch_day_of_week_operator.py
[2024-03-27T19:31:25.062+0000] {processor.py:766} INFO - DAG(s) dict_keys(['example_weekday_branch_operator']) retrieved from /home/airflow/.local/lib/python3.7/site-packages/airflow/example_dags/example_branch_day_of_week_operator.py
[2024-03-27T19:31:25.088+0000] {logging_mixin.py:120} INFO - [2024-03-27T19:31:25.088+0000] {dag.py:2585} INFO - Sync 1 DAGs
[2024-03-27T19:31:25.109+0000] {logging_mixin.py:120} INFO - [2024-03-27T19:31:25.109+0000] {dag.py:3340} INFO - Setting next_dagrun for example_weekday_branch_operator to 2024-03-27T00:00:00+00:00, run_after=2024-03-28T00:00:00+00:00
[2024-03-27T19:31:25.123+0000] {processor.py:176} INFO - Processing /home/airflow/.local/lib/python3.7/site-packages/airflow/example_dags/example_branch_day_of_week_operator.py took 0.088 seconds
[2024-03-27T19:32:03.787+0000] {processor.py:154} INFO - Started process (PID=567) to work on /home/airflow/.local/lib/python3.7/site-packages/airflow/example_dags/example_branch_day_of_week_operator.py
[2024-03-27T19:32:03.788+0000] {processor.py:756} INFO - Processing file /home/airflow/.local/lib/python3.7/site-packages/airflow/example_dags/example_branch_day_of_week_operator.py for tasks to queue
[2024-03-27T19:32:03.789+0000] {logging_mixin.py:120} INFO - [2024-03-27T19:32:03.789+0000] {dagbag.py:537} INFO - Filling up the DagBag from /home/airflow/.local/lib/python3.7/site-packages/airflow/example_dags/example_branch_day_of_week_operator.py
[2024-03-27T19:32:03.810+0000] {processor.py:766} INFO - DAG(s) dict_keys(['example_weekday_branch_operator']) retrieved from /home/airflow/.local/lib/python3.7/site-packages/airflow/example_dags/example_branch_day_of_week_operator.py
[2024-03-27T19:32:03.868+0000] {logging_mixin.py:120} INFO - [2024-03-27T19:32:03.868+0000] {dag.py:2585} INFO - Sync 1 DAGs
[2024-03-27T19:32:03.900+0000] {logging_mixin.py:120} INFO - [2024-03-27T19:32:03.899+0000] {dag.py:3340} INFO - Setting next_dagrun for example_weekday_branch_operator to 2024-03-27T00:00:00+00:00, run_after=2024-03-28T00:00:00+00:00
[2024-03-27T19:32:03.919+0000] {processor.py:176} INFO - Processing /home/airflow/.local/lib/python3.7/site-packages/airflow/example_dags/example_branch_day_of_week_operator.py took 0.137 seconds
[2024-03-27T19:32:52.220+0000] {processor.py:154} INFO - Started process (PID=622) to work on /home/airflow/.local/lib/python3.7/site-packages/airflow/example_dags/example_branch_day_of_week_operator.py
[2024-03-27T19:32:52.222+0000] {processor.py:756} INFO - Processing file /home/airflow/.local/lib/python3.7/site-packages/airflow/example_dags/example_branch_day_of_week_operator.py for tasks to queue
[2024-03-27T19:32:52.222+0000] {logging_mixin.py:120} INFO - [2024-03-27T19:32:52.222+0000] {dagbag.py:537} INFO - Filling up the DagBag from /home/airflow/.local/lib/python3.7/site-packages/airflow/example_dags/example_branch_day_of_week_operator.py
[2024-03-27T19:32:52.261+0000] {processor.py:766} INFO - DAG(s) dict_keys(['example_weekday_branch_operator']) retrieved from /home/airflow/.local/lib/python3.7/site-packages/airflow/example_dags/example_branch_day_of_week_operator.py
[2024-03-27T19:32:52.317+0000] {logging_mixin.py:120} INFO - [2024-03-27T19:32:52.317+0000] {dag.py:2585} INFO - Sync 1 DAGs
[2024-03-27T19:32:52.375+0000] {logging_mixin.py:120} INFO - [2024-03-27T19:32:52.375+0000] {dag.py:3340} INFO - Setting next_dagrun for example_weekday_branch_operator to 2024-03-27T00:00:00+00:00, run_after=2024-03-28T00:00:00+00:00
[2024-03-27T19:32:52.412+0000] {processor.py:176} INFO - Processing /home/airflow/.local/lib/python3.7/site-packages/airflow/example_dags/example_branch_day_of_week_operator.py took 0.201 seconds
[2024-03-27T19:33:23.061+0000] {processor.py:154} INFO - Started process (PID=675) to work on /home/airflow/.local/lib/python3.7/site-packages/airflow/example_dags/example_branch_day_of_week_operator.py
[2024-03-27T19:33:23.062+0000] {processor.py:756} INFO - Processing file /home/airflow/.local/lib/python3.7/site-packages/airflow/example_dags/example_branch_day_of_week_operator.py for tasks to queue
[2024-03-27T19:33:23.063+0000] {logging_mixin.py:120} INFO - [2024-03-27T19:33:23.063+0000] {dagbag.py:537} INFO - Filling up the DagBag from /home/airflow/.local/lib/python3.7/site-packages/airflow/example_dags/example_branch_day_of_week_operator.py
[2024-03-27T19:33:23.072+0000] {processor.py:766} INFO - DAG(s) dict_keys(['example_weekday_branch_operator']) retrieved from /home/airflow/.local/lib/python3.7/site-packages/airflow/example_dags/example_branch_day_of_week_operator.py
[2024-03-27T19:33:23.095+0000] {logging_mixin.py:120} INFO - [2024-03-27T19:33:23.095+0000] {dag.py:2585} INFO - Sync 1 DAGs
[2024-03-27T19:33:23.115+0000] {logging_mixin.py:120} INFO - [2024-03-27T19:33:23.115+0000] {dag.py:3340} INFO - Setting next_dagrun for example_weekday_branch_operator to 2024-03-27T00:00:00+00:00, run_after=2024-03-28T00:00:00+00:00
[2024-03-27T19:33:23.130+0000] {processor.py:176} INFO - Processing /home/airflow/.local/lib/python3.7/site-packages/airflow/example_dags/example_branch_day_of_week_operator.py took 0.071 seconds
[2024-03-27T19:34:11.434+0000] {processor.py:154} INFO - Started process (PID=746) to work on /home/airflow/.local/lib/python3.7/site-packages/airflow/example_dags/example_branch_day_of_week_operator.py
[2024-03-27T19:34:11.435+0000] {processor.py:756} INFO - Processing file /home/airflow/.local/lib/python3.7/site-packages/airflow/example_dags/example_branch_day_of_week_operator.py for tasks to queue
[2024-03-27T19:34:11.436+0000] {logging_mixin.py:120} INFO - [2024-03-27T19:34:11.436+0000] {dagbag.py:537} INFO - Filling up the DagBag from /home/airflow/.local/lib/python3.7/site-packages/airflow/example_dags/example_branch_day_of_week_operator.py
[2024-03-27T19:34:11.448+0000] {processor.py:766} INFO - DAG(s) dict_keys(['example_weekday_branch_operator']) retrieved from /home/airflow/.local/lib/python3.7/site-packages/airflow/example_dags/example_branch_day_of_week_operator.py
[2024-03-27T19:34:11.476+0000] {logging_mixin.py:120} INFO - [2024-03-27T19:34:11.476+0000] {dag.py:2585} INFO - Sync 1 DAGs
[2024-03-27T19:34:11.495+0000] {logging_mixin.py:120} INFO - [2024-03-27T19:34:11.494+0000] {dag.py:3340} INFO - Setting next_dagrun for example_weekday_branch_operator to 2024-03-27T00:00:00+00:00, run_after=2024-03-28T00:00:00+00:00
[2024-03-27T19:34:11.518+0000] {processor.py:176} INFO - Processing /home/airflow/.local/lib/python3.7/site-packages/airflow/example_dags/example_branch_day_of_week_operator.py took 0.086 seconds
[2024-03-27T19:34:42.236+0000] {processor.py:154} INFO - Started process (PID=806) to work on /home/airflow/.local/lib/python3.7/site-packages/airflow/example_dags/example_branch_day_of_week_operator.py
[2024-03-27T19:34:42.239+0000] {processor.py:756} INFO - Processing file /home/airflow/.local/lib/python3.7/site-packages/airflow/example_dags/example_branch_day_of_week_operator.py for tasks to queue
[2024-03-27T19:34:42.240+0000] {logging_mixin.py:120} INFO - [2024-03-27T19:34:42.240+0000] {dagbag.py:537} INFO - Filling up the DagBag from /home/airflow/.local/lib/python3.7/site-packages/airflow/example_dags/example_branch_day_of_week_operator.py
[2024-03-27T19:34:42.322+0000] {processor.py:766} INFO - DAG(s) dict_keys(['example_weekday_branch_operator']) retrieved from /home/airflow/.local/lib/python3.7/site-packages/airflow/example_dags/example_branch_day_of_week_operator.py
[2024-03-27T19:34:42.417+0000] {logging_mixin.py:120} INFO - [2024-03-27T19:34:42.417+0000] {dag.py:2585} INFO - Sync 1 DAGs
[2024-03-27T19:34:42.442+0000] {logging_mixin.py:120} INFO - [2024-03-27T19:34:42.442+0000] {dag.py:3340} INFO - Setting next_dagrun for example_weekday_branch_operator to 2024-03-27T00:00:00+00:00, run_after=2024-03-28T00:00:00+00:00
[2024-03-27T19:34:42.464+0000] {processor.py:176} INFO - Processing /home/airflow/.local/lib/python3.7/site-packages/airflow/example_dags/example_branch_day_of_week_operator.py took 0.234 seconds
[2024-03-27T19:35:18.991+0000] {processor.py:154} INFO - Started process (PID=858) to work on /home/airflow/.local/lib/python3.7/site-packages/airflow/example_dags/example_branch_day_of_week_operator.py
[2024-03-27T19:35:18.992+0000] {processor.py:756} INFO - Processing file /home/airflow/.local/lib/python3.7/site-packages/airflow/example_dags/example_branch_day_of_week_operator.py for tasks to queue
[2024-03-27T19:35:18.992+0000] {logging_mixin.py:120} INFO - [2024-03-27T19:35:18.992+0000] {dagbag.py:537} INFO - Filling up the DagBag from /home/airflow/.local/lib/python3.7/site-packages/airflow/example_dags/example_branch_day_of_week_operator.py
[2024-03-27T19:35:19.020+0000] {processor.py:766} INFO - DAG(s) dict_keys(['example_weekday_branch_operator']) retrieved from /home/airflow/.local/lib/python3.7/site-packages/airflow/example_dags/example_branch_day_of_week_operator.py
[2024-03-27T19:35:19.075+0000] {logging_mixin.py:120} INFO - [2024-03-27T19:35:19.075+0000] {dag.py:2585} INFO - Sync 1 DAGs
[2024-03-27T19:35:19.124+0000] {logging_mixin.py:120} INFO - [2024-03-27T19:35:19.124+0000] {dag.py:3340} INFO - Setting next_dagrun for example_weekday_branch_operator to 2024-03-27T00:00:00+00:00, run_after=2024-03-28T00:00:00+00:00
[2024-03-27T19:35:19.166+0000] {processor.py:176} INFO - Processing /home/airflow/.local/lib/python3.7/site-packages/airflow/example_dags/example_branch_day_of_week_operator.py took 0.180 seconds
[2024-03-27T19:36:14.989+0000] {processor.py:154} INFO - Started process (PID=925) to work on /home/airflow/.local/lib/python3.7/site-packages/airflow/example_dags/example_branch_day_of_week_operator.py
[2024-03-27T19:36:14.990+0000] {processor.py:756} INFO - Processing file /home/airflow/.local/lib/python3.7/site-packages/airflow/example_dags/example_branch_day_of_week_operator.py for tasks to queue
[2024-03-27T19:36:14.991+0000] {logging_mixin.py:120} INFO - [2024-03-27T19:36:14.991+0000] {dagbag.py:537} INFO - Filling up the DagBag from /home/airflow/.local/lib/python3.7/site-packages/airflow/example_dags/example_branch_day_of_week_operator.py
[2024-03-27T19:36:15.010+0000] {processor.py:766} INFO - DAG(s) dict_keys(['example_weekday_branch_operator']) retrieved from /home/airflow/.local/lib/python3.7/site-packages/airflow/example_dags/example_branch_day_of_week_operator.py
[2024-03-27T19:36:15.063+0000] {logging_mixin.py:120} INFO - [2024-03-27T19:36:15.063+0000] {dag.py:2585} INFO - Sync 1 DAGs
[2024-03-27T19:36:15.098+0000] {logging_mixin.py:120} INFO - [2024-03-27T19:36:15.098+0000] {dag.py:3340} INFO - Setting next_dagrun for example_weekday_branch_operator to 2024-03-27T00:00:00+00:00, run_after=2024-03-28T00:00:00+00:00
[2024-03-27T19:36:15.137+0000] {processor.py:176} INFO - Processing /home/airflow/.local/lib/python3.7/site-packages/airflow/example_dags/example_branch_day_of_week_operator.py took 0.147 seconds
[2024-03-27T19:37:03.552+0000] {processor.py:154} INFO - Started process (PID=59) to work on /home/airflow/.local/lib/python3.7/site-packages/airflow/example_dags/example_branch_day_of_week_operator.py
[2024-03-27T19:37:03.553+0000] {processor.py:756} INFO - Processing file /home/airflow/.local/lib/python3.7/site-packages/airflow/example_dags/example_branch_day_of_week_operator.py for tasks to queue
[2024-03-27T19:37:03.555+0000] {logging_mixin.py:120} INFO - [2024-03-27T19:37:03.555+0000] {dagbag.py:537} INFO - Filling up the DagBag from /home/airflow/.local/lib/python3.7/site-packages/airflow/example_dags/example_branch_day_of_week_operator.py
[2024-03-27T19:37:03.652+0000] {processor.py:766} INFO - DAG(s) dict_keys(['example_weekday_branch_operator']) retrieved from /home/airflow/.local/lib/python3.7/site-packages/airflow/example_dags/example_branch_day_of_week_operator.py
[2024-03-27T19:37:03.904+0000] {logging_mixin.py:120} INFO - [2024-03-27T19:37:03.904+0000] {dag.py:2585} INFO - Sync 1 DAGs
[2024-03-27T19:37:03.971+0000] {logging_mixin.py:120} INFO - [2024-03-27T19:37:03.971+0000] {dag.py:3340} INFO - Setting next_dagrun for example_weekday_branch_operator to 2024-03-27T00:00:00+00:00, run_after=2024-03-28T00:00:00+00:00
[2024-03-27T19:37:04.120+0000] {processor.py:176} INFO - Processing /home/airflow/.local/lib/python3.7/site-packages/airflow/example_dags/example_branch_day_of_week_operator.py took 0.575 seconds
[2024-03-27T19:37:43.734+0000] {processor.py:154} INFO - Started process (PID=118) to work on /home/airflow/.local/lib/python3.7/site-packages/airflow/example_dags/example_branch_day_of_week_operator.py
[2024-03-27T19:37:43.736+0000] {processor.py:756} INFO - Processing file /home/airflow/.local/lib/python3.7/site-packages/airflow/example_dags/example_branch_day_of_week_operator.py for tasks to queue
[2024-03-27T19:37:43.738+0000] {logging_mixin.py:120} INFO - [2024-03-27T19:37:43.738+0000] {dagbag.py:537} INFO - Filling up the DagBag from /home/airflow/.local/lib/python3.7/site-packages/airflow/example_dags/example_branch_day_of_week_operator.py
[2024-03-27T19:37:43.767+0000] {processor.py:766} INFO - DAG(s) dict_keys(['example_weekday_branch_operator']) retrieved from /home/airflow/.local/lib/python3.7/site-packages/airflow/example_dags/example_branch_day_of_week_operator.py
[2024-03-27T19:37:43.805+0000] {logging_mixin.py:120} INFO - [2024-03-27T19:37:43.804+0000] {dag.py:2585} INFO - Sync 1 DAGs
[2024-03-27T19:37:43.829+0000] {logging_mixin.py:120} INFO - [2024-03-27T19:37:43.829+0000] {dag.py:3340} INFO - Setting next_dagrun for example_weekday_branch_operator to 2024-03-27T00:00:00+00:00, run_after=2024-03-28T00:00:00+00:00
[2024-03-27T19:37:43.845+0000] {processor.py:176} INFO - Processing /home/airflow/.local/lib/python3.7/site-packages/airflow/example_dags/example_branch_day_of_week_operator.py took 0.118 seconds
[2024-03-27T19:38:24.605+0000] {processor.py:154} INFO - Started process (PID=59) to work on /home/airflow/.local/lib/python3.7/site-packages/airflow/example_dags/example_branch_day_of_week_operator.py
[2024-03-27T19:38:24.607+0000] {processor.py:756} INFO - Processing file /home/airflow/.local/lib/python3.7/site-packages/airflow/example_dags/example_branch_day_of_week_operator.py for tasks to queue
[2024-03-27T19:38:24.608+0000] {logging_mixin.py:120} INFO - [2024-03-27T19:38:24.608+0000] {dagbag.py:537} INFO - Filling up the DagBag from /home/airflow/.local/lib/python3.7/site-packages/airflow/example_dags/example_branch_day_of_week_operator.py
[2024-03-27T19:38:24.714+0000] {processor.py:766} INFO - DAG(s) dict_keys(['example_weekday_branch_operator']) retrieved from /home/airflow/.local/lib/python3.7/site-packages/airflow/example_dags/example_branch_day_of_week_operator.py
[2024-03-27T19:38:26.177+0000] {logging_mixin.py:120} INFO - [2024-03-27T19:38:26.176+0000] {dag.py:2585} INFO - Sync 1 DAGs
[2024-03-27T19:38:26.231+0000] {logging_mixin.py:120} INFO - [2024-03-27T19:38:26.230+0000] {dag.py:3340} INFO - Setting next_dagrun for example_weekday_branch_operator to 2024-03-27T00:00:00+00:00, run_after=2024-03-28T00:00:00+00:00
[2024-03-27T19:38:26.299+0000] {processor.py:176} INFO - Processing /home/airflow/.local/lib/python3.7/site-packages/airflow/example_dags/example_branch_day_of_week_operator.py took 1.702 seconds
[2024-03-27T19:38:56.410+0000] {processor.py:154} INFO - Started process (PID=110) to work on /home/airflow/.local/lib/python3.7/site-packages/airflow/example_dags/example_branch_day_of_week_operator.py
[2024-03-27T19:38:56.411+0000] {processor.py:756} INFO - Processing file /home/airflow/.local/lib/python3.7/site-packages/airflow/example_dags/example_branch_day_of_week_operator.py for tasks to queue
[2024-03-27T19:38:56.411+0000] {logging_mixin.py:120} INFO - [2024-03-27T19:38:56.411+0000] {dagbag.py:537} INFO - Filling up the DagBag from /home/airflow/.local/lib/python3.7/site-packages/airflow/example_dags/example_branch_day_of_week_operator.py
[2024-03-27T19:38:56.433+0000] {processor.py:766} INFO - DAG(s) dict_keys(['example_weekday_branch_operator']) retrieved from /home/airflow/.local/lib/python3.7/site-packages/airflow/example_dags/example_branch_day_of_week_operator.py
[2024-03-27T19:38:56.600+0000] {logging_mixin.py:120} INFO - [2024-03-27T19:38:56.599+0000] {dag.py:2585} INFO - Sync 1 DAGs
[2024-03-27T19:39:51.672+0000] {processor.py:154} INFO - Started process (PID=69) to work on /home/airflow/.local/lib/python3.7/site-packages/airflow/example_dags/example_branch_day_of_week_operator.py
[2024-03-27T19:39:51.673+0000] {processor.py:756} INFO - Processing file /home/airflow/.local/lib/python3.7/site-packages/airflow/example_dags/example_branch_day_of_week_operator.py for tasks to queue
[2024-03-27T19:39:51.674+0000] {logging_mixin.py:120} INFO - [2024-03-27T19:39:51.674+0000] {dagbag.py:537} INFO - Filling up the DagBag from /home/airflow/.local/lib/python3.7/site-packages/airflow/example_dags/example_branch_day_of_week_operator.py
[2024-03-27T19:39:51.687+0000] {processor.py:766} INFO - DAG(s) dict_keys(['example_weekday_branch_operator']) retrieved from /home/airflow/.local/lib/python3.7/site-packages/airflow/example_dags/example_branch_day_of_week_operator.py
[2024-03-27T19:39:51.712+0000] {logging_mixin.py:120} INFO - [2024-03-27T19:39:51.712+0000] {dag.py:2585} INFO - Sync 1 DAGs
[2024-03-27T19:39:51.747+0000] {logging_mixin.py:120} INFO - [2024-03-27T19:39:51.747+0000] {dag.py:3340} INFO - Setting next_dagrun for example_weekday_branch_operator to 2024-03-27T00:00:00+00:00, run_after=2024-03-28T00:00:00+00:00
[2024-03-27T19:39:51.782+0000] {processor.py:176} INFO - Processing /home/airflow/.local/lib/python3.7/site-packages/airflow/example_dags/example_branch_day_of_week_operator.py took 0.111 seconds
[2024-03-27T19:40:31.284+0000] {processor.py:154} INFO - Started process (PID=127) to work on /home/airflow/.local/lib/python3.7/site-packages/airflow/example_dags/example_branch_day_of_week_operator.py
[2024-03-27T19:40:31.286+0000] {processor.py:756} INFO - Processing file /home/airflow/.local/lib/python3.7/site-packages/airflow/example_dags/example_branch_day_of_week_operator.py for tasks to queue
[2024-03-27T19:40:31.286+0000] {logging_mixin.py:120} INFO - [2024-03-27T19:40:31.286+0000] {dagbag.py:537} INFO - Filling up the DagBag from /home/airflow/.local/lib/python3.7/site-packages/airflow/example_dags/example_branch_day_of_week_operator.py
[2024-03-27T19:40:31.302+0000] {processor.py:766} INFO - DAG(s) dict_keys(['example_weekday_branch_operator']) retrieved from /home/airflow/.local/lib/python3.7/site-packages/airflow/example_dags/example_branch_day_of_week_operator.py
[2024-03-27T19:40:31.333+0000] {logging_mixin.py:120} INFO - [2024-03-27T19:40:31.333+0000] {dag.py:2585} INFO - Sync 1 DAGs
[2024-03-27T19:40:31.354+0000] {logging_mixin.py:120} INFO - [2024-03-27T19:40:31.354+0000] {dag.py:3340} INFO - Setting next_dagrun for example_weekday_branch_operator to 2024-03-27T00:00:00+00:00, run_after=2024-03-28T00:00:00+00:00
[2024-03-27T19:40:31.377+0000] {processor.py:176} INFO - Processing /home/airflow/.local/lib/python3.7/site-packages/airflow/example_dags/example_branch_day_of_week_operator.py took 0.102 seconds
[2024-03-27T19:41:07.428+0000] {processor.py:154} INFO - Started process (PID=178) to work on /home/airflow/.local/lib/python3.7/site-packages/airflow/example_dags/example_branch_day_of_week_operator.py
[2024-03-27T19:41:07.433+0000] {processor.py:756} INFO - Processing file /home/airflow/.local/lib/python3.7/site-packages/airflow/example_dags/example_branch_day_of_week_operator.py for tasks to queue
[2024-03-27T19:41:07.433+0000] {logging_mixin.py:120} INFO - [2024-03-27T19:41:07.433+0000] {dagbag.py:537} INFO - Filling up the DagBag from /home/airflow/.local/lib/python3.7/site-packages/airflow/example_dags/example_branch_day_of_week_operator.py
[2024-03-27T19:41:07.460+0000] {processor.py:766} INFO - DAG(s) dict_keys(['example_weekday_branch_operator']) retrieved from /home/airflow/.local/lib/python3.7/site-packages/airflow/example_dags/example_branch_day_of_week_operator.py
[2024-03-27T19:41:07.505+0000] {logging_mixin.py:120} INFO - [2024-03-27T19:41:07.505+0000] {dag.py:2585} INFO - Sync 1 DAGs
[2024-03-27T19:41:07.544+0000] {logging_mixin.py:120} INFO - [2024-03-27T19:41:07.544+0000] {dag.py:3340} INFO - Setting next_dagrun for example_weekday_branch_operator to 2024-03-27T00:00:00+00:00, run_after=2024-03-28T00:00:00+00:00
[2024-03-27T19:41:07.572+0000] {processor.py:176} INFO - Processing /home/airflow/.local/lib/python3.7/site-packages/airflow/example_dags/example_branch_day_of_week_operator.py took 0.150 seconds
[2024-03-27T19:41:39.476+0000] {processor.py:154} INFO - Started process (PID=59) to work on /home/airflow/.local/lib/python3.7/site-packages/airflow/example_dags/example_branch_day_of_week_operator.py
[2024-03-27T19:41:39.477+0000] {processor.py:756} INFO - Processing file /home/airflow/.local/lib/python3.7/site-packages/airflow/example_dags/example_branch_day_of_week_operator.py for tasks to queue
[2024-03-27T19:41:39.478+0000] {logging_mixin.py:120} INFO - [2024-03-27T19:41:39.478+0000] {dagbag.py:537} INFO - Filling up the DagBag from /home/airflow/.local/lib/python3.7/site-packages/airflow/example_dags/example_branch_day_of_week_operator.py
[2024-03-27T19:41:39.491+0000] {processor.py:766} INFO - DAG(s) dict_keys(['example_weekday_branch_operator']) retrieved from /home/airflow/.local/lib/python3.7/site-packages/airflow/example_dags/example_branch_day_of_week_operator.py
[2024-03-27T19:41:39.520+0000] {logging_mixin.py:120} INFO - [2024-03-27T19:41:39.520+0000] {dag.py:2585} INFO - Sync 1 DAGs
[2024-03-27T19:41:39.542+0000] {logging_mixin.py:120} INFO - [2024-03-27T19:41:39.542+0000] {dag.py:3340} INFO - Setting next_dagrun for example_weekday_branch_operator to 2024-03-27T00:00:00+00:00, run_after=2024-03-28T00:00:00+00:00
[2024-03-27T19:41:39.570+0000] {processor.py:176} INFO - Processing /home/airflow/.local/lib/python3.7/site-packages/airflow/example_dags/example_branch_day_of_week_operator.py took 0.096 seconds
[2024-03-27T19:42:10.917+0000] {processor.py:154} INFO - Started process (PID=109) to work on /home/airflow/.local/lib/python3.7/site-packages/airflow/example_dags/example_branch_day_of_week_operator.py
[2024-03-27T19:42:10.918+0000] {processor.py:756} INFO - Processing file /home/airflow/.local/lib/python3.7/site-packages/airflow/example_dags/example_branch_day_of_week_operator.py for tasks to queue
[2024-03-27T19:42:10.918+0000] {logging_mixin.py:120} INFO - [2024-03-27T19:42:10.918+0000] {dagbag.py:537} INFO - Filling up the DagBag from /home/airflow/.local/lib/python3.7/site-packages/airflow/example_dags/example_branch_day_of_week_operator.py
[2024-03-27T19:42:10.931+0000] {processor.py:766} INFO - DAG(s) dict_keys(['example_weekday_branch_operator']) retrieved from /home/airflow/.local/lib/python3.7/site-packages/airflow/example_dags/example_branch_day_of_week_operator.py
[2024-03-27T19:42:10.959+0000] {logging_mixin.py:120} INFO - [2024-03-27T19:42:10.959+0000] {dag.py:2585} INFO - Sync 1 DAGs
[2024-03-27T19:42:10.977+0000] {logging_mixin.py:120} INFO - [2024-03-27T19:42:10.977+0000] {dag.py:3340} INFO - Setting next_dagrun for example_weekday_branch_operator to 2024-03-27T00:00:00+00:00, run_after=2024-03-28T00:00:00+00:00
[2024-03-27T19:42:10.988+0000] {processor.py:176} INFO - Processing /home/airflow/.local/lib/python3.7/site-packages/airflow/example_dags/example_branch_day_of_week_operator.py took 0.073 seconds
[2024-03-27T19:42:49.957+0000] {processor.py:154} INFO - Started process (PID=169) to work on /home/airflow/.local/lib/python3.7/site-packages/airflow/example_dags/example_branch_day_of_week_operator.py
[2024-03-27T19:42:49.961+0000] {processor.py:756} INFO - Processing file /home/airflow/.local/lib/python3.7/site-packages/airflow/example_dags/example_branch_day_of_week_operator.py for tasks to queue
[2024-03-27T19:42:49.962+0000] {logging_mixin.py:120} INFO - [2024-03-27T19:42:49.961+0000] {dagbag.py:537} INFO - Filling up the DagBag from /home/airflow/.local/lib/python3.7/site-packages/airflow/example_dags/example_branch_day_of_week_operator.py
[2024-03-27T19:42:49.981+0000] {processor.py:766} INFO - DAG(s) dict_keys(['example_weekday_branch_operator']) retrieved from /home/airflow/.local/lib/python3.7/site-packages/airflow/example_dags/example_branch_day_of_week_operator.py
[2024-03-27T19:42:50.031+0000] {logging_mixin.py:120} INFO - [2024-03-27T19:42:50.031+0000] {dag.py:2585} INFO - Sync 1 DAGs
[2024-03-27T19:42:50.068+0000] {logging_mixin.py:120} INFO - [2024-03-27T19:42:50.068+0000] {dag.py:3340} INFO - Setting next_dagrun for example_weekday_branch_operator to 2024-03-27T00:00:00+00:00, run_after=2024-03-28T00:00:00+00:00
[2024-03-27T19:42:50.096+0000] {processor.py:176} INFO - Processing /home/airflow/.local/lib/python3.7/site-packages/airflow/example_dags/example_branch_day_of_week_operator.py took 0.143 seconds
[2024-03-27T19:44:27.566+0000] {processor.py:154} INFO - Started process (PID=60) to work on /home/airflow/.local/lib/python3.7/site-packages/airflow/example_dags/example_branch_day_of_week_operator.py
[2024-03-27T19:44:27.567+0000] {processor.py:756} INFO - Processing file /home/airflow/.local/lib/python3.7/site-packages/airflow/example_dags/example_branch_day_of_week_operator.py for tasks to queue
[2024-03-27T19:44:27.568+0000] {logging_mixin.py:120} INFO - [2024-03-27T19:44:27.568+0000] {dagbag.py:537} INFO - Filling up the DagBag from /home/airflow/.local/lib/python3.7/site-packages/airflow/example_dags/example_branch_day_of_week_operator.py
[2024-03-27T19:44:27.583+0000] {processor.py:766} INFO - DAG(s) dict_keys(['example_weekday_branch_operator']) retrieved from /home/airflow/.local/lib/python3.7/site-packages/airflow/example_dags/example_branch_day_of_week_operator.py
[2024-03-27T19:44:27.614+0000] {logging_mixin.py:120} INFO - [2024-03-27T19:44:27.614+0000] {dag.py:2585} INFO - Sync 1 DAGs
[2024-03-27T19:44:27.632+0000] {logging_mixin.py:120} INFO - [2024-03-27T19:44:27.632+0000] {dag.py:3340} INFO - Setting next_dagrun for example_weekday_branch_operator to 2024-03-27T00:00:00+00:00, run_after=2024-03-28T00:00:00+00:00
[2024-03-27T19:44:27.647+0000] {processor.py:176} INFO - Processing /home/airflow/.local/lib/python3.7/site-packages/airflow/example_dags/example_branch_day_of_week_operator.py took 0.083 seconds
[2024-03-27T19:45:21.560+0000] {processor.py:154} INFO - Started process (PID=119) to work on /home/airflow/.local/lib/python3.7/site-packages/airflow/example_dags/example_branch_day_of_week_operator.py
[2024-03-27T19:45:21.564+0000] {processor.py:756} INFO - Processing file /home/airflow/.local/lib/python3.7/site-packages/airflow/example_dags/example_branch_day_of_week_operator.py for tasks to queue
[2024-03-27T19:45:21.567+0000] {logging_mixin.py:120} INFO - [2024-03-27T19:45:21.567+0000] {dagbag.py:537} INFO - Filling up the DagBag from /home/airflow/.local/lib/python3.7/site-packages/airflow/example_dags/example_branch_day_of_week_operator.py
[2024-03-27T19:45:21.609+0000] {processor.py:766} INFO - DAG(s) dict_keys(['example_weekday_branch_operator']) retrieved from /home/airflow/.local/lib/python3.7/site-packages/airflow/example_dags/example_branch_day_of_week_operator.py
[2024-03-27T19:45:21.705+0000] {logging_mixin.py:120} INFO - [2024-03-27T19:45:21.704+0000] {dag.py:2585} INFO - Sync 1 DAGs
[2024-03-27T19:45:21.797+0000] {logging_mixin.py:120} INFO - [2024-03-27T19:45:21.797+0000] {dag.py:3340} INFO - Setting next_dagrun for example_weekday_branch_operator to 2024-03-27T00:00:00+00:00, run_after=2024-03-28T00:00:00+00:00
[2024-03-27T19:45:21.840+0000] {processor.py:176} INFO - Processing /home/airflow/.local/lib/python3.7/site-packages/airflow/example_dags/example_branch_day_of_week_operator.py took 0.290 seconds
[2024-03-27T19:46:39.022+0000] {processor.py:154} INFO - Started process (PID=72) to work on /home/airflow/.local/lib/python3.7/site-packages/airflow/example_dags/example_branch_day_of_week_operator.py
[2024-03-27T19:46:39.026+0000] {processor.py:756} INFO - Processing file /home/airflow/.local/lib/python3.7/site-packages/airflow/example_dags/example_branch_day_of_week_operator.py for tasks to queue
[2024-03-27T19:46:39.028+0000] {logging_mixin.py:120} INFO - [2024-03-27T19:46:39.028+0000] {dagbag.py:537} INFO - Filling up the DagBag from /home/airflow/.local/lib/python3.7/site-packages/airflow/example_dags/example_branch_day_of_week_operator.py
[2024-03-27T19:46:39.105+0000] {processor.py:766} INFO - DAG(s) dict_keys(['example_weekday_branch_operator']) retrieved from /home/airflow/.local/lib/python3.7/site-packages/airflow/example_dags/example_branch_day_of_week_operator.py
[2024-03-27T19:46:39.229+0000] {logging_mixin.py:120} INFO - [2024-03-27T19:46:39.229+0000] {dag.py:2585} INFO - Sync 1 DAGs
[2024-03-27T19:46:39.473+0000] {logging_mixin.py:120} INFO - [2024-03-27T19:46:39.471+0000] {dag.py:3340} INFO - Setting next_dagrun for example_weekday_branch_operator to 2024-03-27T00:00:00+00:00, run_after=2024-03-28T00:00:00+00:00
[2024-03-27T19:46:39.606+0000] {processor.py:176} INFO - Processing /home/airflow/.local/lib/python3.7/site-packages/airflow/example_dags/example_branch_day_of_week_operator.py took 0.591 seconds
[2024-03-27T19:47:24.014+0000] {processor.py:154} INFO - Started process (PID=126) to work on /home/airflow/.local/lib/python3.7/site-packages/airflow/example_dags/example_branch_day_of_week_operator.py
[2024-03-27T19:47:24.015+0000] {processor.py:756} INFO - Processing file /home/airflow/.local/lib/python3.7/site-packages/airflow/example_dags/example_branch_day_of_week_operator.py for tasks to queue
[2024-03-27T19:47:24.016+0000] {logging_mixin.py:120} INFO - [2024-03-27T19:47:24.016+0000] {dagbag.py:537} INFO - Filling up the DagBag from /home/airflow/.local/lib/python3.7/site-packages/airflow/example_dags/example_branch_day_of_week_operator.py
[2024-03-27T19:47:24.043+0000] {processor.py:766} INFO - DAG(s) dict_keys(['example_weekday_branch_operator']) retrieved from /home/airflow/.local/lib/python3.7/site-packages/airflow/example_dags/example_branch_day_of_week_operator.py
[2024-03-27T19:47:24.117+0000] {logging_mixin.py:120} INFO - [2024-03-27T19:47:24.117+0000] {dag.py:2585} INFO - Sync 1 DAGs
[2024-03-27T19:47:24.176+0000] {logging_mixin.py:120} INFO - [2024-03-27T19:47:24.176+0000] {dag.py:3340} INFO - Setting next_dagrun for example_weekday_branch_operator to 2024-03-27T00:00:00+00:00, run_after=2024-03-28T00:00:00+00:00
[2024-03-27T19:47:24.247+0000] {processor.py:176} INFO - Processing /home/airflow/.local/lib/python3.7/site-packages/airflow/example_dags/example_branch_day_of_week_operator.py took 0.238 seconds
[2024-03-27T19:47:46.988+0000] {processor.py:154} INFO - Started process (PID=59) to work on /home/airflow/.local/lib/python3.7/site-packages/airflow/example_dags/example_branch_day_of_week_operator.py
[2024-03-27T19:47:46.989+0000] {processor.py:756} INFO - Processing file /home/airflow/.local/lib/python3.7/site-packages/airflow/example_dags/example_branch_day_of_week_operator.py for tasks to queue
[2024-03-27T19:47:46.989+0000] {logging_mixin.py:120} INFO - [2024-03-27T19:47:46.989+0000] {dagbag.py:537} INFO - Filling up the DagBag from /home/airflow/.local/lib/python3.7/site-packages/airflow/example_dags/example_branch_day_of_week_operator.py
[2024-03-27T19:47:47.003+0000] {processor.py:766} INFO - DAG(s) dict_keys(['example_weekday_branch_operator']) retrieved from /home/airflow/.local/lib/python3.7/site-packages/airflow/example_dags/example_branch_day_of_week_operator.py
[2024-03-27T19:47:47.032+0000] {logging_mixin.py:120} INFO - [2024-03-27T19:47:47.032+0000] {dag.py:2585} INFO - Sync 1 DAGs
[2024-03-27T19:47:47.050+0000] {logging_mixin.py:120} INFO - [2024-03-27T19:47:47.050+0000] {dag.py:3340} INFO - Setting next_dagrun for example_weekday_branch_operator to 2024-03-27T00:00:00+00:00, run_after=2024-03-28T00:00:00+00:00
[2024-03-27T19:47:47.062+0000] {processor.py:176} INFO - Processing /home/airflow/.local/lib/python3.7/site-packages/airflow/example_dags/example_branch_day_of_week_operator.py took 0.075 seconds
[2024-03-27T19:48:35.126+0000] {processor.py:154} INFO - Started process (PID=116) to work on /home/airflow/.local/lib/python3.7/site-packages/airflow/example_dags/example_branch_day_of_week_operator.py
[2024-03-27T19:48:35.127+0000] {processor.py:756} INFO - Processing file /home/airflow/.local/lib/python3.7/site-packages/airflow/example_dags/example_branch_day_of_week_operator.py for tasks to queue
[2024-03-27T19:48:35.128+0000] {logging_mixin.py:120} INFO - [2024-03-27T19:48:35.128+0000] {dagbag.py:537} INFO - Filling up the DagBag from /home/airflow/.local/lib/python3.7/site-packages/airflow/example_dags/example_branch_day_of_week_operator.py
[2024-03-27T19:48:35.157+0000] {processor.py:766} INFO - DAG(s) dict_keys(['example_weekday_branch_operator']) retrieved from /home/airflow/.local/lib/python3.7/site-packages/airflow/example_dags/example_branch_day_of_week_operator.py
[2024-03-27T19:48:35.214+0000] {logging_mixin.py:120} INFO - [2024-03-27T19:48:35.214+0000] {dag.py:2585} INFO - Sync 1 DAGs
[2024-03-27T19:48:35.254+0000] {logging_mixin.py:120} INFO - [2024-03-27T19:48:35.254+0000] {dag.py:3340} INFO - Setting next_dagrun for example_weekday_branch_operator to 2024-03-27T00:00:00+00:00, run_after=2024-03-28T00:00:00+00:00
[2024-03-27T19:48:35.281+0000] {processor.py:176} INFO - Processing /home/airflow/.local/lib/python3.7/site-packages/airflow/example_dags/example_branch_day_of_week_operator.py took 0.161 seconds
[2024-03-27T19:49:26.738+0000] {processor.py:154} INFO - Started process (PID=60) to work on /home/airflow/.local/lib/python3.7/site-packages/airflow/example_dags/example_branch_day_of_week_operator.py
[2024-03-27T19:49:26.739+0000] {processor.py:756} INFO - Processing file /home/airflow/.local/lib/python3.7/site-packages/airflow/example_dags/example_branch_day_of_week_operator.py for tasks to queue
[2024-03-27T19:49:26.739+0000] {logging_mixin.py:120} INFO - [2024-03-27T19:49:26.739+0000] {dagbag.py:537} INFO - Filling up the DagBag from /home/airflow/.local/lib/python3.7/site-packages/airflow/example_dags/example_branch_day_of_week_operator.py
[2024-03-27T19:49:26.754+0000] {processor.py:766} INFO - DAG(s) dict_keys(['example_weekday_branch_operator']) retrieved from /home/airflow/.local/lib/python3.7/site-packages/airflow/example_dags/example_branch_day_of_week_operator.py
[2024-03-27T19:49:26.780+0000] {logging_mixin.py:120} INFO - [2024-03-27T19:49:26.780+0000] {dag.py:2585} INFO - Sync 1 DAGs
[2024-03-27T19:49:26.797+0000] {logging_mixin.py:120} INFO - [2024-03-27T19:49:26.797+0000] {dag.py:3340} INFO - Setting next_dagrun for example_weekday_branch_operator to 2024-03-27T00:00:00+00:00, run_after=2024-03-28T00:00:00+00:00
[2024-03-27T19:49:26.809+0000] {processor.py:176} INFO - Processing /home/airflow/.local/lib/python3.7/site-packages/airflow/example_dags/example_branch_day_of_week_operator.py took 0.073 seconds
[2024-03-27T19:50:01.413+0000] {processor.py:154} INFO - Started process (PID=118) to work on /home/airflow/.local/lib/python3.7/site-packages/airflow/example_dags/example_branch_day_of_week_operator.py
[2024-03-27T19:50:01.416+0000] {processor.py:756} INFO - Processing file /home/airflow/.local/lib/python3.7/site-packages/airflow/example_dags/example_branch_day_of_week_operator.py for tasks to queue
[2024-03-27T19:50:01.416+0000] {logging_mixin.py:120} INFO - [2024-03-27T19:50:01.416+0000] {dagbag.py:537} INFO - Filling up the DagBag from /home/airflow/.local/lib/python3.7/site-packages/airflow/example_dags/example_branch_day_of_week_operator.py
[2024-03-27T19:50:01.436+0000] {processor.py:766} INFO - DAG(s) dict_keys(['example_weekday_branch_operator']) retrieved from /home/airflow/.local/lib/python3.7/site-packages/airflow/example_dags/example_branch_day_of_week_operator.py
[2024-03-27T19:50:01.468+0000] {logging_mixin.py:120} INFO - [2024-03-27T19:50:01.468+0000] {dag.py:2585} INFO - Sync 1 DAGs
[2024-03-27T19:50:01.492+0000] {logging_mixin.py:120} INFO - [2024-03-27T19:50:01.492+0000] {dag.py:3340} INFO - Setting next_dagrun for example_weekday_branch_operator to 2024-03-27T00:00:00+00:00, run_after=2024-03-28T00:00:00+00:00
[2024-03-27T19:50:01.506+0000] {processor.py:176} INFO - Processing /home/airflow/.local/lib/python3.7/site-packages/airflow/example_dags/example_branch_day_of_week_operator.py took 0.095 seconds
[2024-03-27T19:54:19.660+0000] {processor.py:154} INFO - Started process (PID=52) to work on /home/airflow/.local/lib/python3.7/site-packages/airflow/example_dags/example_branch_day_of_week_operator.py
[2024-03-27T19:54:19.661+0000] {processor.py:756} INFO - Processing file /home/airflow/.local/lib/python3.7/site-packages/airflow/example_dags/example_branch_day_of_week_operator.py for tasks to queue
[2024-03-27T19:54:19.662+0000] {logging_mixin.py:120} INFO - [2024-03-27T19:54:19.662+0000] {dagbag.py:537} INFO - Filling up the DagBag from /home/airflow/.local/lib/python3.7/site-packages/airflow/example_dags/example_branch_day_of_week_operator.py
[2024-03-27T19:54:19.675+0000] {processor.py:766} INFO - DAG(s) dict_keys(['example_weekday_branch_operator']) retrieved from /home/airflow/.local/lib/python3.7/site-packages/airflow/example_dags/example_branch_day_of_week_operator.py
[2024-03-27T19:54:19.712+0000] {logging_mixin.py:120} INFO - [2024-03-27T19:54:19.712+0000] {dag.py:2585} INFO - Sync 1 DAGs
[2024-03-27T19:54:19.739+0000] {logging_mixin.py:120} INFO - [2024-03-27T19:54:19.738+0000] {dag.py:3340} INFO - Setting next_dagrun for example_weekday_branch_operator to 2024-03-27T00:00:00+00:00, run_after=2024-03-28T00:00:00+00:00
[2024-03-27T19:54:19.812+0000] {processor.py:176} INFO - Processing /home/airflow/.local/lib/python3.7/site-packages/airflow/example_dags/example_branch_day_of_week_operator.py took 0.155 seconds
