[2024-03-27T19:09:51.815+0000] {processor.py:154} INFO - Started process (PID=77) to work on /home/airflow/.local/lib/python3.7/site-packages/airflow/example_dags/example_short_circuit_operator.py
[2024-03-27T19:09:51.822+0000] {processor.py:756} INFO - Processing file /home/airflow/.local/lib/python3.7/site-packages/airflow/example_dags/example_short_circuit_operator.py for tasks to queue
[2024-03-27T19:09:51.826+0000] {logging_mixin.py:120} INFO - [2024-03-27T19:09:51.824+0000] {dagbag.py:537} INFO - Filling up the DagBag from /home/airflow/.local/lib/python3.7/site-packages/airflow/example_dags/example_short_circuit_operator.py
[2024-03-27T19:09:51.849+0000] {processor.py:766} INFO - DAG(s) dict_keys(['example_short_circuit_operator']) retrieved from /home/airflow/.local/lib/python3.7/site-packages/airflow/example_dags/example_short_circuit_operator.py
[2024-03-27T19:09:51.870+0000] {logging_mixin.py:120} INFO - [2024-03-27T19:09:51.870+0000] {dag.py:2585} INFO - Sync 1 DAGs
[2024-03-27T19:09:51.886+0000] {logging_mixin.py:120} INFO - [2024-03-27T19:09:51.886+0000] {dag.py:3340} INFO - Setting next_dagrun for example_short_circuit_operator to 2024-03-26T19:09:51.886311+00:00, run_after=2024-03-27T19:09:51.886311+00:00
[2024-03-27T19:09:51.896+0000] {processor.py:176} INFO - Processing /home/airflow/.local/lib/python3.7/site-packages/airflow/example_dags/example_short_circuit_operator.py took 0.084 seconds
[2024-03-27T19:10:22.055+0000] {processor.py:154} INFO - Started process (PID=144) to work on /home/airflow/.local/lib/python3.7/site-packages/airflow/example_dags/example_short_circuit_operator.py
[2024-03-27T19:10:22.056+0000] {processor.py:756} INFO - Processing file /home/airflow/.local/lib/python3.7/site-packages/airflow/example_dags/example_short_circuit_operator.py for tasks to queue
[2024-03-27T19:10:22.057+0000] {logging_mixin.py:120} INFO - [2024-03-27T19:10:22.056+0000] {dagbag.py:537} INFO - Filling up the DagBag from /home/airflow/.local/lib/python3.7/site-packages/airflow/example_dags/example_short_circuit_operator.py
[2024-03-27T19:10:22.067+0000] {processor.py:766} INFO - DAG(s) dict_keys(['example_short_circuit_operator']) retrieved from /home/airflow/.local/lib/python3.7/site-packages/airflow/example_dags/example_short_circuit_operator.py
[2024-03-27T19:10:22.091+0000] {logging_mixin.py:120} INFO - [2024-03-27T19:10:22.091+0000] {dag.py:2585} INFO - Sync 1 DAGs
[2024-03-27T19:10:22.105+0000] {logging_mixin.py:120} INFO - [2024-03-27T19:10:22.105+0000] {dag.py:3340} INFO - Setting next_dagrun for example_short_circuit_operator to 2024-03-26T19:10:22.105313+00:00, run_after=2024-03-27T19:10:22.105313+00:00
[2024-03-27T19:10:22.118+0000] {processor.py:176} INFO - Processing /home/airflow/.local/lib/python3.7/site-packages/airflow/example_dags/example_short_circuit_operator.py took 0.065 seconds
[2024-03-27T19:11:11.385+0000] {processor.py:154} INFO - Started process (PID=77) to work on /home/airflow/.local/lib/python3.7/site-packages/airflow/example_dags/example_short_circuit_operator.py
[2024-03-27T19:11:11.386+0000] {processor.py:756} INFO - Processing file /home/airflow/.local/lib/python3.7/site-packages/airflow/example_dags/example_short_circuit_operator.py for tasks to queue
[2024-03-27T19:11:11.386+0000] {logging_mixin.py:120} INFO - [2024-03-27T19:11:11.386+0000] {dagbag.py:537} INFO - Filling up the DagBag from /home/airflow/.local/lib/python3.7/site-packages/airflow/example_dags/example_short_circuit_operator.py
[2024-03-27T19:11:11.415+0000] {processor.py:766} INFO - DAG(s) dict_keys(['example_short_circuit_operator']) retrieved from /home/airflow/.local/lib/python3.7/site-packages/airflow/example_dags/example_short_circuit_operator.py
[2024-03-27T19:11:11.459+0000] {logging_mixin.py:120} INFO - [2024-03-27T19:11:11.459+0000] {dag.py:2585} INFO - Sync 1 DAGs
[2024-03-27T19:11:11.480+0000] {logging_mixin.py:120} INFO - [2024-03-27T19:11:11.480+0000] {dag.py:3340} INFO - Setting next_dagrun for example_short_circuit_operator to 2024-03-26T19:11:11.479796+00:00, run_after=2024-03-27T19:11:11.479796+00:00
[2024-03-27T19:11:11.492+0000] {processor.py:176} INFO - Processing /home/airflow/.local/lib/python3.7/site-packages/airflow/example_dags/example_short_circuit_operator.py took 0.112 seconds
[2024-03-27T19:11:42.890+0000] {processor.py:154} INFO - Started process (PID=138) to work on /home/airflow/.local/lib/python3.7/site-packages/airflow/example_dags/example_short_circuit_operator.py
[2024-03-27T19:11:42.891+0000] {processor.py:756} INFO - Processing file /home/airflow/.local/lib/python3.7/site-packages/airflow/example_dags/example_short_circuit_operator.py for tasks to queue
[2024-03-27T19:11:42.894+0000] {logging_mixin.py:120} INFO - [2024-03-27T19:11:42.894+0000] {dagbag.py:537} INFO - Filling up the DagBag from /home/airflow/.local/lib/python3.7/site-packages/airflow/example_dags/example_short_circuit_operator.py
[2024-03-27T19:11:42.947+0000] {processor.py:766} INFO - DAG(s) dict_keys(['example_short_circuit_operator']) retrieved from /home/airflow/.local/lib/python3.7/site-packages/airflow/example_dags/example_short_circuit_operator.py
[2024-03-27T19:11:43.176+0000] {logging_mixin.py:120} INFO - [2024-03-27T19:11:43.175+0000] {dag.py:2585} INFO - Sync 1 DAGs
[2024-03-27T19:11:43.289+0000] {logging_mixin.py:120} INFO - [2024-03-27T19:11:43.289+0000] {dag.py:3340} INFO - Setting next_dagrun for example_short_circuit_operator to 2024-03-26T19:11:43.289274+00:00, run_after=2024-03-27T19:11:43.289274+00:00
[2024-03-27T19:11:43.382+0000] {processor.py:176} INFO - Processing /home/airflow/.local/lib/python3.7/site-packages/airflow/example_dags/example_short_circuit_operator.py took 0.503 seconds
[2024-03-27T19:12:22.042+0000] {processor.py:154} INFO - Started process (PID=78) to work on /home/airflow/.local/lib/python3.7/site-packages/airflow/example_dags/example_short_circuit_operator.py
[2024-03-27T19:12:22.044+0000] {processor.py:756} INFO - Processing file /home/airflow/.local/lib/python3.7/site-packages/airflow/example_dags/example_short_circuit_operator.py for tasks to queue
[2024-03-27T19:12:22.044+0000] {logging_mixin.py:120} INFO - [2024-03-27T19:12:22.044+0000] {dagbag.py:537} INFO - Filling up the DagBag from /home/airflow/.local/lib/python3.7/site-packages/airflow/example_dags/example_short_circuit_operator.py
[2024-03-27T19:12:22.056+0000] {processor.py:766} INFO - DAG(s) dict_keys(['example_short_circuit_operator']) retrieved from /home/airflow/.local/lib/python3.7/site-packages/airflow/example_dags/example_short_circuit_operator.py
[2024-03-27T19:12:22.081+0000] {logging_mixin.py:120} INFO - [2024-03-27T19:12:22.081+0000] {dag.py:2585} INFO - Sync 1 DAGs
[2024-03-27T19:12:22.097+0000] {logging_mixin.py:120} INFO - [2024-03-27T19:12:22.097+0000] {dag.py:3340} INFO - Setting next_dagrun for example_short_circuit_operator to 2024-03-26T19:12:22.097060+00:00, run_after=2024-03-27T19:12:22.097060+00:00
[2024-03-27T19:12:22.108+0000] {processor.py:176} INFO - Processing /home/airflow/.local/lib/python3.7/site-packages/airflow/example_dags/example_short_circuit_operator.py took 0.070 seconds
[2024-03-27T19:12:52.856+0000] {processor.py:154} INFO - Started process (PID=128) to work on /home/airflow/.local/lib/python3.7/site-packages/airflow/example_dags/example_short_circuit_operator.py
[2024-03-27T19:12:52.856+0000] {processor.py:756} INFO - Processing file /home/airflow/.local/lib/python3.7/site-packages/airflow/example_dags/example_short_circuit_operator.py for tasks to queue
[2024-03-27T19:12:52.857+0000] {logging_mixin.py:120} INFO - [2024-03-27T19:12:52.857+0000] {dagbag.py:537} INFO - Filling up the DagBag from /home/airflow/.local/lib/python3.7/site-packages/airflow/example_dags/example_short_circuit_operator.py
[2024-03-27T19:12:52.869+0000] {processor.py:766} INFO - DAG(s) dict_keys(['example_short_circuit_operator']) retrieved from /home/airflow/.local/lib/python3.7/site-packages/airflow/example_dags/example_short_circuit_operator.py
[2024-03-27T19:12:52.897+0000] {logging_mixin.py:120} INFO - [2024-03-27T19:12:52.897+0000] {dag.py:2585} INFO - Sync 1 DAGs
[2024-03-27T19:12:52.916+0000] {logging_mixin.py:120} INFO - [2024-03-27T19:12:52.916+0000] {dag.py:3340} INFO - Setting next_dagrun for example_short_circuit_operator to 2024-03-26T19:12:52.916728+00:00, run_after=2024-03-27T19:12:52.916728+00:00
[2024-03-27T19:12:52.928+0000] {processor.py:176} INFO - Processing /home/airflow/.local/lib/python3.7/site-packages/airflow/example_dags/example_short_circuit_operator.py took 0.075 seconds
[2024-03-27T19:13:33.597+0000] {processor.py:154} INFO - Started process (PID=189) to work on /home/airflow/.local/lib/python3.7/site-packages/airflow/example_dags/example_short_circuit_operator.py
[2024-03-27T19:13:33.598+0000] {processor.py:756} INFO - Processing file /home/airflow/.local/lib/python3.7/site-packages/airflow/example_dags/example_short_circuit_operator.py for tasks to queue
[2024-03-27T19:13:33.599+0000] {logging_mixin.py:120} INFO - [2024-03-27T19:13:33.599+0000] {dagbag.py:537} INFO - Filling up the DagBag from /home/airflow/.local/lib/python3.7/site-packages/airflow/example_dags/example_short_circuit_operator.py
[2024-03-27T19:13:33.616+0000] {processor.py:766} INFO - DAG(s) dict_keys(['example_short_circuit_operator']) retrieved from /home/airflow/.local/lib/python3.7/site-packages/airflow/example_dags/example_short_circuit_operator.py
[2024-03-27T19:13:33.658+0000] {logging_mixin.py:120} INFO - [2024-03-27T19:13:33.658+0000] {dag.py:2585} INFO - Sync 1 DAGs
[2024-03-27T19:13:33.686+0000] {logging_mixin.py:120} INFO - [2024-03-27T19:13:33.686+0000] {dag.py:3340} INFO - Setting next_dagrun for example_short_circuit_operator to 2024-03-26T19:13:33.685894+00:00, run_after=2024-03-27T19:13:33.685894+00:00
[2024-03-27T19:13:33.705+0000] {processor.py:176} INFO - Processing /home/airflow/.local/lib/python3.7/site-packages/airflow/example_dags/example_short_circuit_operator.py took 0.110 seconds
[2024-03-27T19:13:57.607+0000] {processor.py:154} INFO - Started process (PID=77) to work on /home/airflow/.local/lib/python3.7/site-packages/airflow/example_dags/example_short_circuit_operator.py
[2024-03-27T19:13:57.608+0000] {processor.py:756} INFO - Processing file /home/airflow/.local/lib/python3.7/site-packages/airflow/example_dags/example_short_circuit_operator.py for tasks to queue
[2024-03-27T19:13:57.608+0000] {logging_mixin.py:120} INFO - [2024-03-27T19:13:57.608+0000] {dagbag.py:537} INFO - Filling up the DagBag from /home/airflow/.local/lib/python3.7/site-packages/airflow/example_dags/example_short_circuit_operator.py
[2024-03-27T19:13:57.621+0000] {processor.py:766} INFO - DAG(s) dict_keys(['example_short_circuit_operator']) retrieved from /home/airflow/.local/lib/python3.7/site-packages/airflow/example_dags/example_short_circuit_operator.py
[2024-03-27T19:13:57.645+0000] {logging_mixin.py:120} INFO - [2024-03-27T19:13:57.645+0000] {dag.py:2585} INFO - Sync 1 DAGs
[2024-03-27T19:13:57.665+0000] {logging_mixin.py:120} INFO - [2024-03-27T19:13:57.665+0000] {dag.py:3340} INFO - Setting next_dagrun for example_short_circuit_operator to 2024-03-26T19:13:57.665615+00:00, run_after=2024-03-27T19:13:57.665615+00:00
[2024-03-27T19:13:57.680+0000] {processor.py:176} INFO - Processing /home/airflow/.local/lib/python3.7/site-packages/airflow/example_dags/example_short_circuit_operator.py took 0.075 seconds
[2024-03-27T19:14:50.523+0000] {processor.py:154} INFO - Started process (PID=136) to work on /home/airflow/.local/lib/python3.7/site-packages/airflow/example_dags/example_short_circuit_operator.py
[2024-03-27T19:14:50.525+0000] {processor.py:756} INFO - Processing file /home/airflow/.local/lib/python3.7/site-packages/airflow/example_dags/example_short_circuit_operator.py for tasks to queue
[2024-03-27T19:14:50.526+0000] {logging_mixin.py:120} INFO - [2024-03-27T19:14:50.525+0000] {dagbag.py:537} INFO - Filling up the DagBag from /home/airflow/.local/lib/python3.7/site-packages/airflow/example_dags/example_short_circuit_operator.py
[2024-03-27T19:14:50.548+0000] {processor.py:766} INFO - DAG(s) dict_keys(['example_short_circuit_operator']) retrieved from /home/airflow/.local/lib/python3.7/site-packages/airflow/example_dags/example_short_circuit_operator.py
[2024-03-27T19:14:50.620+0000] {logging_mixin.py:120} INFO - [2024-03-27T19:14:50.620+0000] {dag.py:2585} INFO - Sync 1 DAGs
[2024-03-27T19:14:50.644+0000] {logging_mixin.py:120} INFO - [2024-03-27T19:14:50.644+0000] {dag.py:3340} INFO - Setting next_dagrun for example_short_circuit_operator to 2024-03-26T19:14:50.644092+00:00, run_after=2024-03-27T19:14:50.644092+00:00
[2024-03-27T19:14:50.663+0000] {processor.py:176} INFO - Processing /home/airflow/.local/lib/python3.7/site-packages/airflow/example_dags/example_short_circuit_operator.py took 0.143 seconds
[2024-03-27T19:15:22.646+0000] {processor.py:154} INFO - Started process (PID=77) to work on /home/airflow/.local/lib/python3.7/site-packages/airflow/example_dags/example_short_circuit_operator.py
[2024-03-27T19:15:22.647+0000] {processor.py:756} INFO - Processing file /home/airflow/.local/lib/python3.7/site-packages/airflow/example_dags/example_short_circuit_operator.py for tasks to queue
[2024-03-27T19:15:22.650+0000] {logging_mixin.py:120} INFO - [2024-03-27T19:15:22.650+0000] {dagbag.py:537} INFO - Filling up the DagBag from /home/airflow/.local/lib/python3.7/site-packages/airflow/example_dags/example_short_circuit_operator.py
[2024-03-27T19:15:22.662+0000] {processor.py:766} INFO - DAG(s) dict_keys(['example_short_circuit_operator']) retrieved from /home/airflow/.local/lib/python3.7/site-packages/airflow/example_dags/example_short_circuit_operator.py
[2024-03-27T19:15:22.686+0000] {logging_mixin.py:120} INFO - [2024-03-27T19:15:22.686+0000] {dag.py:2585} INFO - Sync 1 DAGs
[2024-03-27T19:15:22.700+0000] {logging_mixin.py:120} INFO - [2024-03-27T19:15:22.700+0000] {dag.py:3340} INFO - Setting next_dagrun for example_short_circuit_operator to 2024-03-26T19:15:22.700280+00:00, run_after=2024-03-27T19:15:22.700280+00:00
[2024-03-27T19:15:22.711+0000] {processor.py:176} INFO - Processing /home/airflow/.local/lib/python3.7/site-packages/airflow/example_dags/example_short_circuit_operator.py took 0.067 seconds
[2024-03-27T19:15:55.598+0000] {processor.py:154} INFO - Started process (PID=136) to work on /home/airflow/.local/lib/python3.7/site-packages/airflow/example_dags/example_short_circuit_operator.py
[2024-03-27T19:15:55.599+0000] {processor.py:756} INFO - Processing file /home/airflow/.local/lib/python3.7/site-packages/airflow/example_dags/example_short_circuit_operator.py for tasks to queue
[2024-03-27T19:15:55.599+0000] {logging_mixin.py:120} INFO - [2024-03-27T19:15:55.599+0000] {dagbag.py:537} INFO - Filling up the DagBag from /home/airflow/.local/lib/python3.7/site-packages/airflow/example_dags/example_short_circuit_operator.py
[2024-03-27T19:15:55.609+0000] {processor.py:766} INFO - DAG(s) dict_keys(['example_short_circuit_operator']) retrieved from /home/airflow/.local/lib/python3.7/site-packages/airflow/example_dags/example_short_circuit_operator.py
[2024-03-27T19:15:55.632+0000] {logging_mixin.py:120} INFO - [2024-03-27T19:15:55.632+0000] {dag.py:2585} INFO - Sync 1 DAGs
[2024-03-27T19:15:55.647+0000] {logging_mixin.py:120} INFO - [2024-03-27T19:15:55.647+0000] {dag.py:3340} INFO - Setting next_dagrun for example_short_circuit_operator to 2024-03-26T19:15:55.647117+00:00, run_after=2024-03-27T19:15:55.647117+00:00
[2024-03-27T19:15:55.658+0000] {processor.py:176} INFO - Processing /home/airflow/.local/lib/python3.7/site-packages/airflow/example_dags/example_short_circuit_operator.py took 0.061 seconds
[2024-03-27T19:16:27.159+0000] {processor.py:154} INFO - Started process (PID=195) to work on /home/airflow/.local/lib/python3.7/site-packages/airflow/example_dags/example_short_circuit_operator.py
[2024-03-27T19:16:27.160+0000] {processor.py:756} INFO - Processing file /home/airflow/.local/lib/python3.7/site-packages/airflow/example_dags/example_short_circuit_operator.py for tasks to queue
[2024-03-27T19:16:27.161+0000] {logging_mixin.py:120} INFO - [2024-03-27T19:16:27.161+0000] {dagbag.py:537} INFO - Filling up the DagBag from /home/airflow/.local/lib/python3.7/site-packages/airflow/example_dags/example_short_circuit_operator.py
[2024-03-27T19:16:27.171+0000] {processor.py:766} INFO - DAG(s) dict_keys(['example_short_circuit_operator']) retrieved from /home/airflow/.local/lib/python3.7/site-packages/airflow/example_dags/example_short_circuit_operator.py
[2024-03-27T19:16:27.197+0000] {logging_mixin.py:120} INFO - [2024-03-27T19:16:27.197+0000] {dag.py:2585} INFO - Sync 1 DAGs
[2024-03-27T19:16:27.212+0000] {logging_mixin.py:120} INFO - [2024-03-27T19:16:27.212+0000] {dag.py:3340} INFO - Setting next_dagrun for example_short_circuit_operator to 2024-03-26T19:16:27.212456+00:00, run_after=2024-03-27T19:16:27.212456+00:00
[2024-03-27T19:16:27.223+0000] {processor.py:176} INFO - Processing /home/airflow/.local/lib/python3.7/site-packages/airflow/example_dags/example_short_circuit_operator.py took 0.065 seconds
[2024-03-27T19:16:51.636+0000] {processor.py:154} INFO - Started process (PID=76) to work on /home/airflow/.local/lib/python3.7/site-packages/airflow/example_dags/example_short_circuit_operator.py
[2024-03-27T19:16:51.638+0000] {processor.py:756} INFO - Processing file /home/airflow/.local/lib/python3.7/site-packages/airflow/example_dags/example_short_circuit_operator.py for tasks to queue
[2024-03-27T19:16:51.639+0000] {logging_mixin.py:120} INFO - [2024-03-27T19:16:51.639+0000] {dagbag.py:537} INFO - Filling up the DagBag from /home/airflow/.local/lib/python3.7/site-packages/airflow/example_dags/example_short_circuit_operator.py
[2024-03-27T19:16:51.650+0000] {processor.py:766} INFO - DAG(s) dict_keys(['example_short_circuit_operator']) retrieved from /home/airflow/.local/lib/python3.7/site-packages/airflow/example_dags/example_short_circuit_operator.py
[2024-03-27T19:16:51.678+0000] {logging_mixin.py:120} INFO - [2024-03-27T19:16:51.678+0000] {dag.py:2585} INFO - Sync 1 DAGs
[2024-03-27T19:16:51.699+0000] {logging_mixin.py:120} INFO - [2024-03-27T19:16:51.699+0000] {dag.py:3340} INFO - Setting next_dagrun for example_short_circuit_operator to 2024-03-26T19:16:51.699684+00:00, run_after=2024-03-27T19:16:51.699684+00:00
[2024-03-27T19:16:51.715+0000] {processor.py:176} INFO - Processing /home/airflow/.local/lib/python3.7/site-packages/airflow/example_dags/example_short_circuit_operator.py took 0.081 seconds
[2024-03-27T19:17:30.388+0000] {processor.py:154} INFO - Started process (PID=134) to work on /home/airflow/.local/lib/python3.7/site-packages/airflow/example_dags/example_short_circuit_operator.py
[2024-03-27T19:17:30.391+0000] {processor.py:756} INFO - Processing file /home/airflow/.local/lib/python3.7/site-packages/airflow/example_dags/example_short_circuit_operator.py for tasks to queue
[2024-03-27T19:17:30.392+0000] {logging_mixin.py:120} INFO - [2024-03-27T19:17:30.392+0000] {dagbag.py:537} INFO - Filling up the DagBag from /home/airflow/.local/lib/python3.7/site-packages/airflow/example_dags/example_short_circuit_operator.py
[2024-03-27T19:17:30.421+0000] {processor.py:766} INFO - DAG(s) dict_keys(['example_short_circuit_operator']) retrieved from /home/airflow/.local/lib/python3.7/site-packages/airflow/example_dags/example_short_circuit_operator.py
[2024-03-27T19:17:30.495+0000] {logging_mixin.py:120} INFO - [2024-03-27T19:17:30.495+0000] {dag.py:2585} INFO - Sync 1 DAGs
[2024-03-27T19:17:30.524+0000] {logging_mixin.py:120} INFO - [2024-03-27T19:17:30.524+0000] {dag.py:3340} INFO - Setting next_dagrun for example_short_circuit_operator to 2024-03-26T19:17:30.523893+00:00, run_after=2024-03-27T19:17:30.523893+00:00
[2024-03-27T19:17:30.544+0000] {processor.py:176} INFO - Processing /home/airflow/.local/lib/python3.7/site-packages/airflow/example_dags/example_short_circuit_operator.py took 0.166 seconds
[2024-03-27T19:18:21.532+0000] {processor.py:154} INFO - Started process (PID=77) to work on /home/airflow/.local/lib/python3.7/site-packages/airflow/example_dags/example_short_circuit_operator.py
[2024-03-27T19:18:21.535+0000] {processor.py:756} INFO - Processing file /home/airflow/.local/lib/python3.7/site-packages/airflow/example_dags/example_short_circuit_operator.py for tasks to queue
[2024-03-27T19:18:21.537+0000] {logging_mixin.py:120} INFO - [2024-03-27T19:18:21.537+0000] {dagbag.py:537} INFO - Filling up the DagBag from /home/airflow/.local/lib/python3.7/site-packages/airflow/example_dags/example_short_circuit_operator.py
[2024-03-27T19:18:21.624+0000] {processor.py:766} INFO - DAG(s) dict_keys(['example_short_circuit_operator']) retrieved from /home/airflow/.local/lib/python3.7/site-packages/airflow/example_dags/example_short_circuit_operator.py
[2024-03-27T19:18:21.900+0000] {logging_mixin.py:120} INFO - [2024-03-27T19:18:21.896+0000] {dag.py:2585} INFO - Sync 1 DAGs
[2024-03-27T19:18:22.002+0000] {logging_mixin.py:120} INFO - [2024-03-27T19:18:22.002+0000] {dag.py:3340} INFO - Setting next_dagrun for example_short_circuit_operator to 2024-03-26T19:18:22.002216+00:00, run_after=2024-03-27T19:18:22.002216+00:00
[2024-03-27T19:18:22.035+0000] {processor.py:176} INFO - Processing /home/airflow/.local/lib/python3.7/site-packages/airflow/example_dags/example_short_circuit_operator.py took 0.512 seconds
[2024-03-27T19:18:52.901+0000] {processor.py:154} INFO - Started process (PID=144) to work on /home/airflow/.local/lib/python3.7/site-packages/airflow/example_dags/example_short_circuit_operator.py
[2024-03-27T19:18:52.902+0000] {processor.py:756} INFO - Processing file /home/airflow/.local/lib/python3.7/site-packages/airflow/example_dags/example_short_circuit_operator.py for tasks to queue
[2024-03-27T19:18:52.903+0000] {logging_mixin.py:120} INFO - [2024-03-27T19:18:52.903+0000] {dagbag.py:537} INFO - Filling up the DagBag from /home/airflow/.local/lib/python3.7/site-packages/airflow/example_dags/example_short_circuit_operator.py
[2024-03-27T19:18:52.917+0000] {processor.py:766} INFO - DAG(s) dict_keys(['example_short_circuit_operator']) retrieved from /home/airflow/.local/lib/python3.7/site-packages/airflow/example_dags/example_short_circuit_operator.py
[2024-03-27T19:18:52.957+0000] {logging_mixin.py:120} INFO - [2024-03-27T19:18:52.957+0000] {dag.py:2585} INFO - Sync 1 DAGs
[2024-03-27T19:18:52.989+0000] {logging_mixin.py:120} INFO - [2024-03-27T19:18:52.988+0000] {dag.py:3340} INFO - Setting next_dagrun for example_short_circuit_operator to 2024-03-26T19:18:52.988715+00:00, run_after=2024-03-27T19:18:52.988715+00:00
[2024-03-27T19:18:53.008+0000] {processor.py:176} INFO - Processing /home/airflow/.local/lib/python3.7/site-packages/airflow/example_dags/example_short_circuit_operator.py took 0.109 seconds
[2024-03-27T19:19:41.911+0000] {processor.py:154} INFO - Started process (PID=77) to work on /home/airflow/.local/lib/python3.7/site-packages/airflow/example_dags/example_short_circuit_operator.py
[2024-03-27T19:19:41.912+0000] {processor.py:756} INFO - Processing file /home/airflow/.local/lib/python3.7/site-packages/airflow/example_dags/example_short_circuit_operator.py for tasks to queue
[2024-03-27T19:19:41.912+0000] {logging_mixin.py:120} INFO - [2024-03-27T19:19:41.912+0000] {dagbag.py:537} INFO - Filling up the DagBag from /home/airflow/.local/lib/python3.7/site-packages/airflow/example_dags/example_short_circuit_operator.py
[2024-03-27T19:19:41.924+0000] {processor.py:766} INFO - DAG(s) dict_keys(['example_short_circuit_operator']) retrieved from /home/airflow/.local/lib/python3.7/site-packages/airflow/example_dags/example_short_circuit_operator.py
[2024-03-27T19:19:41.945+0000] {logging_mixin.py:120} INFO - [2024-03-27T19:19:41.945+0000] {dag.py:2585} INFO - Sync 1 DAGs
[2024-03-27T19:19:41.962+0000] {logging_mixin.py:120} INFO - [2024-03-27T19:19:41.962+0000] {dag.py:3340} INFO - Setting next_dagrun for example_short_circuit_operator to 2024-03-26T19:19:41.962006+00:00, run_after=2024-03-27T19:19:41.962006+00:00
[2024-03-27T19:19:41.975+0000] {processor.py:176} INFO - Processing /home/airflow/.local/lib/python3.7/site-packages/airflow/example_dags/example_short_circuit_operator.py took 0.066 seconds
[2024-03-27T19:20:23.325+0000] {processor.py:154} INFO - Started process (PID=136) to work on /home/airflow/.local/lib/python3.7/site-packages/airflow/example_dags/example_short_circuit_operator.py
[2024-03-27T19:20:23.328+0000] {processor.py:756} INFO - Processing file /home/airflow/.local/lib/python3.7/site-packages/airflow/example_dags/example_short_circuit_operator.py for tasks to queue
[2024-03-27T19:20:23.328+0000] {logging_mixin.py:120} INFO - [2024-03-27T19:20:23.328+0000] {dagbag.py:537} INFO - Filling up the DagBag from /home/airflow/.local/lib/python3.7/site-packages/airflow/example_dags/example_short_circuit_operator.py
[2024-03-27T19:20:23.351+0000] {processor.py:766} INFO - DAG(s) dict_keys(['example_short_circuit_operator']) retrieved from /home/airflow/.local/lib/python3.7/site-packages/airflow/example_dags/example_short_circuit_operator.py
[2024-03-27T19:20:23.397+0000] {logging_mixin.py:120} INFO - [2024-03-27T19:20:23.397+0000] {dag.py:2585} INFO - Sync 1 DAGs
[2024-03-27T19:20:23.432+0000] {logging_mixin.py:120} INFO - [2024-03-27T19:20:23.432+0000] {dag.py:3340} INFO - Setting next_dagrun for example_short_circuit_operator to 2024-03-26T19:20:23.431937+00:00, run_after=2024-03-27T19:20:23.431937+00:00
[2024-03-27T19:20:23.461+0000] {processor.py:176} INFO - Processing /home/airflow/.local/lib/python3.7/site-packages/airflow/example_dags/example_short_circuit_operator.py took 0.140 seconds
[2024-03-27T19:21:24.458+0000] {processor.py:154} INFO - Started process (PID=76) to work on /home/airflow/.local/lib/python3.7/site-packages/airflow/example_dags/example_short_circuit_operator.py
[2024-03-27T19:21:24.459+0000] {processor.py:756} INFO - Processing file /home/airflow/.local/lib/python3.7/site-packages/airflow/example_dags/example_short_circuit_operator.py for tasks to queue
[2024-03-27T19:21:24.459+0000] {logging_mixin.py:120} INFO - [2024-03-27T19:21:24.459+0000] {dagbag.py:537} INFO - Filling up the DagBag from /home/airflow/.local/lib/python3.7/site-packages/airflow/example_dags/example_short_circuit_operator.py
[2024-03-27T19:21:24.471+0000] {processor.py:766} INFO - DAG(s) dict_keys(['example_short_circuit_operator']) retrieved from /home/airflow/.local/lib/python3.7/site-packages/airflow/example_dags/example_short_circuit_operator.py
[2024-03-27T19:21:24.496+0000] {logging_mixin.py:120} INFO - [2024-03-27T19:21:24.496+0000] {dag.py:2585} INFO - Sync 1 DAGs
[2024-03-27T19:21:24.514+0000] {logging_mixin.py:120} INFO - [2024-03-27T19:21:24.514+0000] {dag.py:3340} INFO - Setting next_dagrun for example_short_circuit_operator to 2024-03-26T19:21:24.514058+00:00, run_after=2024-03-27T19:21:24.514058+00:00
[2024-03-27T19:21:24.526+0000] {processor.py:176} INFO - Processing /home/airflow/.local/lib/python3.7/site-packages/airflow/example_dags/example_short_circuit_operator.py took 0.070 seconds
[2024-03-27T19:22:05.248+0000] {processor.py:154} INFO - Started process (PID=135) to work on /home/airflow/.local/lib/python3.7/site-packages/airflow/example_dags/example_short_circuit_operator.py
[2024-03-27T19:22:05.250+0000] {processor.py:756} INFO - Processing file /home/airflow/.local/lib/python3.7/site-packages/airflow/example_dags/example_short_circuit_operator.py for tasks to queue
[2024-03-27T19:22:05.251+0000] {logging_mixin.py:120} INFO - [2024-03-27T19:22:05.251+0000] {dagbag.py:537} INFO - Filling up the DagBag from /home/airflow/.local/lib/python3.7/site-packages/airflow/example_dags/example_short_circuit_operator.py
[2024-03-27T19:22:05.270+0000] {processor.py:766} INFO - DAG(s) dict_keys(['example_short_circuit_operator']) retrieved from /home/airflow/.local/lib/python3.7/site-packages/airflow/example_dags/example_short_circuit_operator.py
[2024-03-27T19:22:05.330+0000] {logging_mixin.py:120} INFO - [2024-03-27T19:22:05.330+0000] {dag.py:2585} INFO - Sync 1 DAGs
[2024-03-27T19:22:05.366+0000] {logging_mixin.py:120} INFO - [2024-03-27T19:22:05.366+0000] {dag.py:3340} INFO - Setting next_dagrun for example_short_circuit_operator to 2024-03-26T19:22:05.365695+00:00, run_after=2024-03-27T19:22:05.365695+00:00
[2024-03-27T19:22:05.393+0000] {processor.py:176} INFO - Processing /home/airflow/.local/lib/python3.7/site-packages/airflow/example_dags/example_short_circuit_operator.py took 0.147 seconds
[2024-03-27T19:22:31.662+0000] {processor.py:154} INFO - Started process (PID=67) to work on /home/airflow/.local/lib/python3.7/site-packages/airflow/example_dags/example_short_circuit_operator.py
[2024-03-27T19:22:31.663+0000] {processor.py:756} INFO - Processing file /home/airflow/.local/lib/python3.7/site-packages/airflow/example_dags/example_short_circuit_operator.py for tasks to queue
[2024-03-27T19:22:31.663+0000] {logging_mixin.py:120} INFO - [2024-03-27T19:22:31.663+0000] {dagbag.py:537} INFO - Filling up the DagBag from /home/airflow/.local/lib/python3.7/site-packages/airflow/example_dags/example_short_circuit_operator.py
[2024-03-27T19:22:31.677+0000] {processor.py:766} INFO - DAG(s) dict_keys(['example_short_circuit_operator']) retrieved from /home/airflow/.local/lib/python3.7/site-packages/airflow/example_dags/example_short_circuit_operator.py
[2024-03-27T19:22:31.702+0000] {logging_mixin.py:120} INFO - [2024-03-27T19:22:31.702+0000] {dag.py:2585} INFO - Sync 1 DAGs
[2024-03-27T19:22:31.719+0000] {logging_mixin.py:120} INFO - [2024-03-27T19:22:31.719+0000] {dag.py:3340} INFO - Setting next_dagrun for example_short_circuit_operator to 2024-03-26T19:22:31.719174+00:00, run_after=2024-03-27T19:22:31.719174+00:00
[2024-03-27T19:22:31.731+0000] {processor.py:176} INFO - Processing /home/airflow/.local/lib/python3.7/site-packages/airflow/example_dags/example_short_circuit_operator.py took 0.071 seconds
[2024-03-27T19:23:02.099+0000] {processor.py:154} INFO - Started process (PID=135) to work on /home/airflow/.local/lib/python3.7/site-packages/airflow/example_dags/example_short_circuit_operator.py
[2024-03-27T19:23:02.103+0000] {processor.py:756} INFO - Processing file /home/airflow/.local/lib/python3.7/site-packages/airflow/example_dags/example_short_circuit_operator.py for tasks to queue
[2024-03-27T19:23:02.103+0000] {logging_mixin.py:120} INFO - [2024-03-27T19:23:02.103+0000] {dagbag.py:537} INFO - Filling up the DagBag from /home/airflow/.local/lib/python3.7/site-packages/airflow/example_dags/example_short_circuit_operator.py
[2024-03-27T19:23:02.113+0000] {processor.py:766} INFO - DAG(s) dict_keys(['example_short_circuit_operator']) retrieved from /home/airflow/.local/lib/python3.7/site-packages/airflow/example_dags/example_short_circuit_operator.py
[2024-03-27T19:23:02.138+0000] {logging_mixin.py:120} INFO - [2024-03-27T19:23:02.138+0000] {dag.py:2585} INFO - Sync 1 DAGs
[2024-03-27T19:23:02.154+0000] {logging_mixin.py:120} INFO - [2024-03-27T19:23:02.154+0000] {dag.py:3340} INFO - Setting next_dagrun for example_short_circuit_operator to 2024-03-26T19:23:02.154444+00:00, run_after=2024-03-27T19:23:02.154444+00:00
[2024-03-27T19:23:02.173+0000] {processor.py:176} INFO - Processing /home/airflow/.local/lib/python3.7/site-packages/airflow/example_dags/example_short_circuit_operator.py took 0.076 seconds
[2024-03-27T19:24:28.864+0000] {processor.py:154} INFO - Started process (PID=194) to work on /home/airflow/.local/lib/python3.7/site-packages/airflow/example_dags/example_short_circuit_operator.py
[2024-03-27T19:24:28.864+0000] {processor.py:756} INFO - Processing file /home/airflow/.local/lib/python3.7/site-packages/airflow/example_dags/example_short_circuit_operator.py for tasks to queue
[2024-03-27T19:24:28.865+0000] {logging_mixin.py:120} INFO - [2024-03-27T19:24:28.865+0000] {dagbag.py:537} INFO - Filling up the DagBag from /home/airflow/.local/lib/python3.7/site-packages/airflow/example_dags/example_short_circuit_operator.py
[2024-03-27T19:24:28.874+0000] {processor.py:766} INFO - DAG(s) dict_keys(['example_short_circuit_operator']) retrieved from /home/airflow/.local/lib/python3.7/site-packages/airflow/example_dags/example_short_circuit_operator.py
[2024-03-27T19:24:28.898+0000] {logging_mixin.py:120} INFO - [2024-03-27T19:24:28.898+0000] {dag.py:2585} INFO - Sync 1 DAGs
[2024-03-27T19:24:28.911+0000] {logging_mixin.py:120} INFO - [2024-03-27T19:24:28.911+0000] {dag.py:3340} INFO - Setting next_dagrun for example_short_circuit_operator to 2024-03-26T19:24:28.911379+00:00, run_after=2024-03-27T19:24:28.911379+00:00
[2024-03-27T19:24:28.921+0000] {processor.py:176} INFO - Processing /home/airflow/.local/lib/python3.7/site-packages/airflow/example_dags/example_short_circuit_operator.py took 0.059 seconds
[2024-03-27T19:24:54.978+0000] {processor.py:154} INFO - Started process (PID=67) to work on /home/airflow/.local/lib/python3.7/site-packages/airflow/example_dags/example_short_circuit_operator.py
[2024-03-27T19:24:54.979+0000] {processor.py:756} INFO - Processing file /home/airflow/.local/lib/python3.7/site-packages/airflow/example_dags/example_short_circuit_operator.py for tasks to queue
[2024-03-27T19:24:54.979+0000] {logging_mixin.py:120} INFO - [2024-03-27T19:24:54.979+0000] {dagbag.py:537} INFO - Filling up the DagBag from /home/airflow/.local/lib/python3.7/site-packages/airflow/example_dags/example_short_circuit_operator.py
[2024-03-27T19:24:54.993+0000] {processor.py:766} INFO - DAG(s) dict_keys(['example_short_circuit_operator']) retrieved from /home/airflow/.local/lib/python3.7/site-packages/airflow/example_dags/example_short_circuit_operator.py
[2024-03-27T19:24:55.013+0000] {logging_mixin.py:120} INFO - [2024-03-27T19:24:55.013+0000] {dag.py:2585} INFO - Sync 1 DAGs
[2024-03-27T19:24:55.025+0000] {logging_mixin.py:120} INFO - [2024-03-27T19:24:55.025+0000] {dag.py:3340} INFO - Setting next_dagrun for example_short_circuit_operator to 2024-03-26T19:24:55.025622+00:00, run_after=2024-03-27T19:24:55.025622+00:00
[2024-03-27T19:24:55.034+0000] {processor.py:176} INFO - Processing /home/airflow/.local/lib/python3.7/site-packages/airflow/example_dags/example_short_circuit_operator.py took 0.058 seconds
[2024-03-27T19:25:25.162+0000] {processor.py:154} INFO - Started process (PID=134) to work on /home/airflow/.local/lib/python3.7/site-packages/airflow/example_dags/example_short_circuit_operator.py
[2024-03-27T19:25:25.163+0000] {processor.py:756} INFO - Processing file /home/airflow/.local/lib/python3.7/site-packages/airflow/example_dags/example_short_circuit_operator.py for tasks to queue
[2024-03-27T19:25:25.164+0000] {logging_mixin.py:120} INFO - [2024-03-27T19:25:25.163+0000] {dagbag.py:537} INFO - Filling up the DagBag from /home/airflow/.local/lib/python3.7/site-packages/airflow/example_dags/example_short_circuit_operator.py
[2024-03-27T19:25:25.172+0000] {processor.py:766} INFO - DAG(s) dict_keys(['example_short_circuit_operator']) retrieved from /home/airflow/.local/lib/python3.7/site-packages/airflow/example_dags/example_short_circuit_operator.py
[2024-03-27T19:25:25.192+0000] {logging_mixin.py:120} INFO - [2024-03-27T19:25:25.192+0000] {dag.py:2585} INFO - Sync 1 DAGs
[2024-03-27T19:25:25.205+0000] {logging_mixin.py:120} INFO - [2024-03-27T19:25:25.205+0000] {dag.py:3340} INFO - Setting next_dagrun for example_short_circuit_operator to 2024-03-26T19:25:25.205284+00:00, run_after=2024-03-27T19:25:25.205284+00:00
[2024-03-27T19:25:25.215+0000] {processor.py:176} INFO - Processing /home/airflow/.local/lib/python3.7/site-packages/airflow/example_dags/example_short_circuit_operator.py took 0.055 seconds
[2024-03-27T19:25:55.778+0000] {processor.py:154} INFO - Started process (PID=203) to work on /home/airflow/.local/lib/python3.7/site-packages/airflow/example_dags/example_short_circuit_operator.py
[2024-03-27T19:25:55.779+0000] {processor.py:756} INFO - Processing file /home/airflow/.local/lib/python3.7/site-packages/airflow/example_dags/example_short_circuit_operator.py for tasks to queue
[2024-03-27T19:25:55.779+0000] {logging_mixin.py:120} INFO - [2024-03-27T19:25:55.779+0000] {dagbag.py:537} INFO - Filling up the DagBag from /home/airflow/.local/lib/python3.7/site-packages/airflow/example_dags/example_short_circuit_operator.py
[2024-03-27T19:25:55.788+0000] {processor.py:766} INFO - DAG(s) dict_keys(['example_short_circuit_operator']) retrieved from /home/airflow/.local/lib/python3.7/site-packages/airflow/example_dags/example_short_circuit_operator.py
[2024-03-27T19:25:55.808+0000] {logging_mixin.py:120} INFO - [2024-03-27T19:25:55.808+0000] {dag.py:2585} INFO - Sync 1 DAGs
[2024-03-27T19:25:55.820+0000] {logging_mixin.py:120} INFO - [2024-03-27T19:25:55.820+0000] {dag.py:3340} INFO - Setting next_dagrun for example_short_circuit_operator to 2024-03-26T19:25:55.820229+00:00, run_after=2024-03-27T19:25:55.820229+00:00
[2024-03-27T19:25:55.829+0000] {processor.py:176} INFO - Processing /home/airflow/.local/lib/python3.7/site-packages/airflow/example_dags/example_short_circuit_operator.py took 0.053 seconds
[2024-03-27T19:26:26.216+0000] {processor.py:154} INFO - Started process (PID=271) to work on /home/airflow/.local/lib/python3.7/site-packages/airflow/example_dags/example_short_circuit_operator.py
[2024-03-27T19:26:26.216+0000] {processor.py:756} INFO - Processing file /home/airflow/.local/lib/python3.7/site-packages/airflow/example_dags/example_short_circuit_operator.py for tasks to queue
[2024-03-27T19:26:26.217+0000] {logging_mixin.py:120} INFO - [2024-03-27T19:26:26.217+0000] {dagbag.py:537} INFO - Filling up the DagBag from /home/airflow/.local/lib/python3.7/site-packages/airflow/example_dags/example_short_circuit_operator.py
[2024-03-27T19:26:26.227+0000] {processor.py:766} INFO - DAG(s) dict_keys(['example_short_circuit_operator']) retrieved from /home/airflow/.local/lib/python3.7/site-packages/airflow/example_dags/example_short_circuit_operator.py
[2024-03-27T19:26:26.252+0000] {logging_mixin.py:120} INFO - [2024-03-27T19:26:26.252+0000] {dag.py:2585} INFO - Sync 1 DAGs
[2024-03-27T19:26:26.268+0000] {logging_mixin.py:120} INFO - [2024-03-27T19:26:26.268+0000] {dag.py:3340} INFO - Setting next_dagrun for example_short_circuit_operator to 2024-03-26T19:26:26.268130+00:00, run_after=2024-03-27T19:26:26.268130+00:00
[2024-03-27T19:26:26.279+0000] {processor.py:176} INFO - Processing /home/airflow/.local/lib/python3.7/site-packages/airflow/example_dags/example_short_circuit_operator.py took 0.066 seconds
[2024-03-27T19:26:57.712+0000] {processor.py:154} INFO - Started process (PID=68) to work on /home/airflow/.local/lib/python3.7/site-packages/airflow/example_dags/example_short_circuit_operator.py
[2024-03-27T19:26:57.713+0000] {processor.py:756} INFO - Processing file /home/airflow/.local/lib/python3.7/site-packages/airflow/example_dags/example_short_circuit_operator.py for tasks to queue
[2024-03-27T19:26:57.714+0000] {logging_mixin.py:120} INFO - [2024-03-27T19:26:57.713+0000] {dagbag.py:537} INFO - Filling up the DagBag from /home/airflow/.local/lib/python3.7/site-packages/airflow/example_dags/example_short_circuit_operator.py
[2024-03-27T19:26:57.726+0000] {processor.py:766} INFO - DAG(s) dict_keys(['example_short_circuit_operator']) retrieved from /home/airflow/.local/lib/python3.7/site-packages/airflow/example_dags/example_short_circuit_operator.py
[2024-03-27T19:26:57.746+0000] {logging_mixin.py:120} INFO - [2024-03-27T19:26:57.746+0000] {dag.py:2585} INFO - Sync 1 DAGs
[2024-03-27T19:26:57.760+0000] {logging_mixin.py:120} INFO - [2024-03-27T19:26:57.760+0000] {dag.py:3340} INFO - Setting next_dagrun for example_short_circuit_operator to 2024-03-26T19:26:57.760152+00:00, run_after=2024-03-27T19:26:57.760152+00:00
[2024-03-27T19:26:57.769+0000] {processor.py:176} INFO - Processing /home/airflow/.local/lib/python3.7/site-packages/airflow/example_dags/example_short_circuit_operator.py took 0.060 seconds
[2024-03-27T19:27:28.117+0000] {processor.py:154} INFO - Started process (PID=135) to work on /home/airflow/.local/lib/python3.7/site-packages/airflow/example_dags/example_short_circuit_operator.py
[2024-03-27T19:27:28.118+0000] {processor.py:756} INFO - Processing file /home/airflow/.local/lib/python3.7/site-packages/airflow/example_dags/example_short_circuit_operator.py for tasks to queue
[2024-03-27T19:27:28.118+0000] {logging_mixin.py:120} INFO - [2024-03-27T19:27:28.118+0000] {dagbag.py:537} INFO - Filling up the DagBag from /home/airflow/.local/lib/python3.7/site-packages/airflow/example_dags/example_short_circuit_operator.py
[2024-03-27T19:27:28.127+0000] {processor.py:766} INFO - DAG(s) dict_keys(['example_short_circuit_operator']) retrieved from /home/airflow/.local/lib/python3.7/site-packages/airflow/example_dags/example_short_circuit_operator.py
[2024-03-27T19:27:28.147+0000] {logging_mixin.py:120} INFO - [2024-03-27T19:27:28.147+0000] {dag.py:2585} INFO - Sync 1 DAGs
[2024-03-27T19:27:28.160+0000] {logging_mixin.py:120} INFO - [2024-03-27T19:27:28.159+0000] {dag.py:3340} INFO - Setting next_dagrun for example_short_circuit_operator to 2024-03-26T19:27:28.159782+00:00, run_after=2024-03-27T19:27:28.159782+00:00
[2024-03-27T19:27:28.168+0000] {processor.py:176} INFO - Processing /home/airflow/.local/lib/python3.7/site-packages/airflow/example_dags/example_short_circuit_operator.py took 0.053 seconds
[2024-03-27T19:28:32.547+0000] {processor.py:154} INFO - Started process (PID=252) to work on /home/airflow/.local/lib/python3.7/site-packages/airflow/example_dags/example_short_circuit_operator.py
[2024-03-27T19:28:32.554+0000] {processor.py:756} INFO - Processing file /home/airflow/.local/lib/python3.7/site-packages/airflow/example_dags/example_short_circuit_operator.py for tasks to queue
[2024-03-27T19:28:32.555+0000] {logging_mixin.py:120} INFO - [2024-03-27T19:28:32.555+0000] {dagbag.py:537} INFO - Filling up the DagBag from /home/airflow/.local/lib/python3.7/site-packages/airflow/example_dags/example_short_circuit_operator.py
[2024-03-27T19:28:32.615+0000] {processor.py:766} INFO - DAG(s) dict_keys(['example_short_circuit_operator']) retrieved from /home/airflow/.local/lib/python3.7/site-packages/airflow/example_dags/example_short_circuit_operator.py
[2024-03-27T19:28:32.689+0000] {logging_mixin.py:120} INFO - [2024-03-27T19:28:32.689+0000] {dag.py:2585} INFO - Sync 1 DAGs
[2024-03-27T19:28:32.729+0000] {logging_mixin.py:120} INFO - [2024-03-27T19:28:32.729+0000] {dag.py:3340} INFO - Setting next_dagrun for example_short_circuit_operator to 2024-03-27T19:27:28.159782+00:00, run_after=2024-03-28T19:27:28.159782+00:00
[2024-03-27T19:28:32.794+0000] {processor.py:176} INFO - Processing /home/airflow/.local/lib/python3.7/site-packages/airflow/example_dags/example_short_circuit_operator.py took 0.251 seconds
[2024-03-27T19:29:08.604+0000] {processor.py:154} INFO - Started process (PID=324) to work on /home/airflow/.local/lib/python3.7/site-packages/airflow/example_dags/example_short_circuit_operator.py
[2024-03-27T19:29:08.605+0000] {processor.py:756} INFO - Processing file /home/airflow/.local/lib/python3.7/site-packages/airflow/example_dags/example_short_circuit_operator.py for tasks to queue
[2024-03-27T19:29:08.605+0000] {logging_mixin.py:120} INFO - [2024-03-27T19:29:08.605+0000] {dagbag.py:537} INFO - Filling up the DagBag from /home/airflow/.local/lib/python3.7/site-packages/airflow/example_dags/example_short_circuit_operator.py
[2024-03-27T19:29:08.631+0000] {processor.py:766} INFO - DAG(s) dict_keys(['example_short_circuit_operator']) retrieved from /home/airflow/.local/lib/python3.7/site-packages/airflow/example_dags/example_short_circuit_operator.py
[2024-03-27T19:29:08.697+0000] {logging_mixin.py:120} INFO - [2024-03-27T19:29:08.697+0000] {dag.py:2585} INFO - Sync 1 DAGs
[2024-03-27T19:29:08.734+0000] {logging_mixin.py:120} INFO - [2024-03-27T19:29:08.734+0000] {dag.py:3340} INFO - Setting next_dagrun for example_short_circuit_operator to 2024-03-27T19:27:28.159782+00:00, run_after=2024-03-28T19:27:28.159782+00:00
[2024-03-27T19:29:08.757+0000] {processor.py:176} INFO - Processing /home/airflow/.local/lib/python3.7/site-packages/airflow/example_dags/example_short_circuit_operator.py took 0.158 seconds
[2024-03-27T19:30:08.675+0000] {processor.py:154} INFO - Started process (PID=395) to work on /home/airflow/.local/lib/python3.7/site-packages/airflow/example_dags/example_short_circuit_operator.py
[2024-03-27T19:30:08.680+0000] {processor.py:756} INFO - Processing file /home/airflow/.local/lib/python3.7/site-packages/airflow/example_dags/example_short_circuit_operator.py for tasks to queue
[2024-03-27T19:30:08.690+0000] {logging_mixin.py:120} INFO - [2024-03-27T19:30:08.690+0000] {dagbag.py:537} INFO - Filling up the DagBag from /home/airflow/.local/lib/python3.7/site-packages/airflow/example_dags/example_short_circuit_operator.py
[2024-03-27T19:30:08.752+0000] {processor.py:766} INFO - DAG(s) dict_keys(['example_short_circuit_operator']) retrieved from /home/airflow/.local/lib/python3.7/site-packages/airflow/example_dags/example_short_circuit_operator.py
[2024-03-27T19:30:08.900+0000] {logging_mixin.py:120} INFO - [2024-03-27T19:30:08.900+0000] {dag.py:2585} INFO - Sync 1 DAGs
[2024-03-27T19:30:08.937+0000] {logging_mixin.py:120} INFO - [2024-03-27T19:30:08.936+0000] {dag.py:3340} INFO - Setting next_dagrun for example_short_circuit_operator to 2024-03-27T19:27:28.159782+00:00, run_after=2024-03-28T19:27:28.159782+00:00
[2024-03-27T19:30:08.968+0000] {processor.py:176} INFO - Processing /home/airflow/.local/lib/python3.7/site-packages/airflow/example_dags/example_short_circuit_operator.py took 0.304 seconds
[2024-03-27T19:30:55.542+0000] {processor.py:154} INFO - Started process (PID=472) to work on /home/airflow/.local/lib/python3.7/site-packages/airflow/example_dags/example_short_circuit_operator.py
[2024-03-27T19:30:55.543+0000] {processor.py:756} INFO - Processing file /home/airflow/.local/lib/python3.7/site-packages/airflow/example_dags/example_short_circuit_operator.py for tasks to queue
[2024-03-27T19:30:55.543+0000] {logging_mixin.py:120} INFO - [2024-03-27T19:30:55.543+0000] {dagbag.py:537} INFO - Filling up the DagBag from /home/airflow/.local/lib/python3.7/site-packages/airflow/example_dags/example_short_circuit_operator.py
[2024-03-27T19:30:55.555+0000] {processor.py:766} INFO - DAG(s) dict_keys(['example_short_circuit_operator']) retrieved from /home/airflow/.local/lib/python3.7/site-packages/airflow/example_dags/example_short_circuit_operator.py
[2024-03-27T19:30:55.582+0000] {logging_mixin.py:120} INFO - [2024-03-27T19:30:55.581+0000] {dag.py:2585} INFO - Sync 1 DAGs
[2024-03-27T19:30:55.599+0000] {logging_mixin.py:120} INFO - [2024-03-27T19:30:55.599+0000] {dag.py:3340} INFO - Setting next_dagrun for example_short_circuit_operator to 2024-03-27T19:27:28.159782+00:00, run_after=2024-03-28T19:27:28.159782+00:00
[2024-03-27T19:30:55.611+0000] {processor.py:176} INFO - Processing /home/airflow/.local/lib/python3.7/site-packages/airflow/example_dags/example_short_circuit_operator.py took 0.071 seconds
[2024-03-27T19:31:25.634+0000] {processor.py:154} INFO - Started process (PID=524) to work on /home/airflow/.local/lib/python3.7/site-packages/airflow/example_dags/example_short_circuit_operator.py
[2024-03-27T19:31:25.635+0000] {processor.py:756} INFO - Processing file /home/airflow/.local/lib/python3.7/site-packages/airflow/example_dags/example_short_circuit_operator.py for tasks to queue
[2024-03-27T19:31:25.635+0000] {logging_mixin.py:120} INFO - [2024-03-27T19:31:25.635+0000] {dagbag.py:537} INFO - Filling up the DagBag from /home/airflow/.local/lib/python3.7/site-packages/airflow/example_dags/example_short_circuit_operator.py
[2024-03-27T19:31:25.646+0000] {processor.py:766} INFO - DAG(s) dict_keys(['example_short_circuit_operator']) retrieved from /home/airflow/.local/lib/python3.7/site-packages/airflow/example_dags/example_short_circuit_operator.py
[2024-03-27T19:31:25.671+0000] {logging_mixin.py:120} INFO - [2024-03-27T19:31:25.671+0000] {dag.py:2585} INFO - Sync 1 DAGs
[2024-03-27T19:31:25.687+0000] {logging_mixin.py:120} INFO - [2024-03-27T19:31:25.687+0000] {dag.py:3340} INFO - Setting next_dagrun for example_short_circuit_operator to 2024-03-27T19:27:28.159782+00:00, run_after=2024-03-28T19:27:28.159782+00:00
[2024-03-27T19:31:25.697+0000] {processor.py:176} INFO - Processing /home/airflow/.local/lib/python3.7/site-packages/airflow/example_dags/example_short_circuit_operator.py took 0.065 seconds
[2024-03-27T19:32:05.152+0000] {processor.py:154} INFO - Started process (PID=580) to work on /home/airflow/.local/lib/python3.7/site-packages/airflow/example_dags/example_short_circuit_operator.py
[2024-03-27T19:32:05.154+0000] {processor.py:756} INFO - Processing file /home/airflow/.local/lib/python3.7/site-packages/airflow/example_dags/example_short_circuit_operator.py for tasks to queue
[2024-03-27T19:32:05.155+0000] {logging_mixin.py:120} INFO - [2024-03-27T19:32:05.155+0000] {dagbag.py:537} INFO - Filling up the DagBag from /home/airflow/.local/lib/python3.7/site-packages/airflow/example_dags/example_short_circuit_operator.py
[2024-03-27T19:32:05.169+0000] {processor.py:766} INFO - DAG(s) dict_keys(['example_short_circuit_operator']) retrieved from /home/airflow/.local/lib/python3.7/site-packages/airflow/example_dags/example_short_circuit_operator.py
[2024-03-27T19:32:05.208+0000] {logging_mixin.py:120} INFO - [2024-03-27T19:32:05.208+0000] {dag.py:2585} INFO - Sync 1 DAGs
[2024-03-27T19:32:05.229+0000] {logging_mixin.py:120} INFO - [2024-03-27T19:32:05.229+0000] {dag.py:3340} INFO - Setting next_dagrun for example_short_circuit_operator to 2024-03-27T19:27:28.159782+00:00, run_after=2024-03-28T19:27:28.159782+00:00
[2024-03-27T19:32:05.247+0000] {processor.py:176} INFO - Processing /home/airflow/.local/lib/python3.7/site-packages/airflow/example_dags/example_short_circuit_operator.py took 0.099 seconds
[2024-03-27T19:32:54.307+0000] {processor.py:154} INFO - Started process (PID=641) to work on /home/airflow/.local/lib/python3.7/site-packages/airflow/example_dags/example_short_circuit_operator.py
[2024-03-27T19:32:54.317+0000] {processor.py:756} INFO - Processing file /home/airflow/.local/lib/python3.7/site-packages/airflow/example_dags/example_short_circuit_operator.py for tasks to queue
[2024-03-27T19:32:54.318+0000] {logging_mixin.py:120} INFO - [2024-03-27T19:32:54.318+0000] {dagbag.py:537} INFO - Filling up the DagBag from /home/airflow/.local/lib/python3.7/site-packages/airflow/example_dags/example_short_circuit_operator.py
[2024-03-27T19:32:54.353+0000] {processor.py:766} INFO - DAG(s) dict_keys(['example_short_circuit_operator']) retrieved from /home/airflow/.local/lib/python3.7/site-packages/airflow/example_dags/example_short_circuit_operator.py
[2024-03-27T19:32:54.417+0000] {logging_mixin.py:120} INFO - [2024-03-27T19:32:54.417+0000] {dag.py:2585} INFO - Sync 1 DAGs
[2024-03-27T19:32:54.444+0000] {logging_mixin.py:120} INFO - [2024-03-27T19:32:54.444+0000] {dag.py:3340} INFO - Setting next_dagrun for example_short_circuit_operator to 2024-03-27T19:27:28.159782+00:00, run_after=2024-03-28T19:27:28.159782+00:00
[2024-03-27T19:32:54.470+0000] {processor.py:176} INFO - Processing /home/airflow/.local/lib/python3.7/site-packages/airflow/example_dags/example_short_circuit_operator.py took 0.165 seconds
[2024-03-27T19:33:24.666+0000] {processor.py:154} INFO - Started process (PID=692) to work on /home/airflow/.local/lib/python3.7/site-packages/airflow/example_dags/example_short_circuit_operator.py
[2024-03-27T19:33:24.667+0000] {processor.py:756} INFO - Processing file /home/airflow/.local/lib/python3.7/site-packages/airflow/example_dags/example_short_circuit_operator.py for tasks to queue
[2024-03-27T19:33:24.668+0000] {logging_mixin.py:120} INFO - [2024-03-27T19:33:24.668+0000] {dagbag.py:537} INFO - Filling up the DagBag from /home/airflow/.local/lib/python3.7/site-packages/airflow/example_dags/example_short_circuit_operator.py
[2024-03-27T19:33:24.714+0000] {processor.py:766} INFO - DAG(s) dict_keys(['example_short_circuit_operator']) retrieved from /home/airflow/.local/lib/python3.7/site-packages/airflow/example_dags/example_short_circuit_operator.py
[2024-03-27T19:33:24.813+0000] {logging_mixin.py:120} INFO - [2024-03-27T19:33:24.812+0000] {dag.py:2585} INFO - Sync 1 DAGs
[2024-03-27T19:33:25.414+0000] {logging_mixin.py:120} INFO - [2024-03-27T19:33:25.413+0000] {dag.py:3340} INFO - Setting next_dagrun for example_short_circuit_operator to 2024-03-27T19:27:28.159782+00:00, run_after=2024-03-28T19:27:28.159782+00:00
[2024-03-27T19:33:26.388+0000] {processor.py:176} INFO - Processing /home/airflow/.local/lib/python3.7/site-packages/airflow/example_dags/example_short_circuit_operator.py took 1.724 seconds
[2024-03-27T19:34:13.433+0000] {processor.py:154} INFO - Started process (PID=763) to work on /home/airflow/.local/lib/python3.7/site-packages/airflow/example_dags/example_short_circuit_operator.py
[2024-03-27T19:34:13.438+0000] {processor.py:756} INFO - Processing file /home/airflow/.local/lib/python3.7/site-packages/airflow/example_dags/example_short_circuit_operator.py for tasks to queue
[2024-03-27T19:34:13.439+0000] {logging_mixin.py:120} INFO - [2024-03-27T19:34:13.439+0000] {dagbag.py:537} INFO - Filling up the DagBag from /home/airflow/.local/lib/python3.7/site-packages/airflow/example_dags/example_short_circuit_operator.py
[2024-03-27T19:34:13.458+0000] {processor.py:766} INFO - DAG(s) dict_keys(['example_short_circuit_operator']) retrieved from /home/airflow/.local/lib/python3.7/site-packages/airflow/example_dags/example_short_circuit_operator.py
[2024-03-27T19:34:13.502+0000] {logging_mixin.py:120} INFO - [2024-03-27T19:34:13.502+0000] {dag.py:2585} INFO - Sync 1 DAGs
[2024-03-27T19:34:13.531+0000] {logging_mixin.py:120} INFO - [2024-03-27T19:34:13.531+0000] {dag.py:3340} INFO - Setting next_dagrun for example_short_circuit_operator to 2024-03-27T19:27:28.159782+00:00, run_after=2024-03-28T19:27:28.159782+00:00
[2024-03-27T19:34:13.553+0000] {processor.py:176} INFO - Processing /home/airflow/.local/lib/python3.7/site-packages/airflow/example_dags/example_short_circuit_operator.py took 0.123 seconds
[2024-03-27T19:34:45.956+0000] {processor.py:154} INFO - Started process (PID=825) to work on /home/airflow/.local/lib/python3.7/site-packages/airflow/example_dags/example_short_circuit_operator.py
[2024-03-27T19:34:45.960+0000] {processor.py:756} INFO - Processing file /home/airflow/.local/lib/python3.7/site-packages/airflow/example_dags/example_short_circuit_operator.py for tasks to queue
[2024-03-27T19:34:45.960+0000] {logging_mixin.py:120} INFO - [2024-03-27T19:34:45.960+0000] {dagbag.py:537} INFO - Filling up the DagBag from /home/airflow/.local/lib/python3.7/site-packages/airflow/example_dags/example_short_circuit_operator.py
[2024-03-27T19:34:45.988+0000] {processor.py:766} INFO - DAG(s) dict_keys(['example_short_circuit_operator']) retrieved from /home/airflow/.local/lib/python3.7/site-packages/airflow/example_dags/example_short_circuit_operator.py
[2024-03-27T19:34:46.075+0000] {logging_mixin.py:120} INFO - [2024-03-27T19:34:46.075+0000] {dag.py:2585} INFO - Sync 1 DAGs
[2024-03-27T19:34:46.130+0000] {logging_mixin.py:120} INFO - [2024-03-27T19:34:46.129+0000] {dag.py:3340} INFO - Setting next_dagrun for example_short_circuit_operator to 2024-03-27T19:27:28.159782+00:00, run_after=2024-03-28T19:27:28.159782+00:00
[2024-03-27T19:34:46.178+0000] {processor.py:176} INFO - Processing /home/airflow/.local/lib/python3.7/site-packages/airflow/example_dags/example_short_circuit_operator.py took 0.226 seconds
[2024-03-27T19:35:20.832+0000] {processor.py:154} INFO - Started process (PID=875) to work on /home/airflow/.local/lib/python3.7/site-packages/airflow/example_dags/example_short_circuit_operator.py
[2024-03-27T19:35:20.838+0000] {processor.py:756} INFO - Processing file /home/airflow/.local/lib/python3.7/site-packages/airflow/example_dags/example_short_circuit_operator.py for tasks to queue
[2024-03-27T19:35:20.839+0000] {logging_mixin.py:120} INFO - [2024-03-27T19:35:20.839+0000] {dagbag.py:537} INFO - Filling up the DagBag from /home/airflow/.local/lib/python3.7/site-packages/airflow/example_dags/example_short_circuit_operator.py
[2024-03-27T19:35:20.859+0000] {processor.py:766} INFO - DAG(s) dict_keys(['example_short_circuit_operator']) retrieved from /home/airflow/.local/lib/python3.7/site-packages/airflow/example_dags/example_short_circuit_operator.py
[2024-03-27T19:35:20.920+0000] {logging_mixin.py:120} INFO - [2024-03-27T19:35:20.920+0000] {dag.py:2585} INFO - Sync 1 DAGs
[2024-03-27T19:35:20.963+0000] {logging_mixin.py:120} INFO - [2024-03-27T19:35:20.963+0000] {dag.py:3340} INFO - Setting next_dagrun for example_short_circuit_operator to 2024-03-27T19:27:28.159782+00:00, run_after=2024-03-28T19:27:28.159782+00:00
[2024-03-27T19:35:20.992+0000] {processor.py:176} INFO - Processing /home/airflow/.local/lib/python3.7/site-packages/airflow/example_dags/example_short_circuit_operator.py took 0.172 seconds
[2024-03-27T19:36:16.793+0000] {processor.py:154} INFO - Started process (PID=942) to work on /home/airflow/.local/lib/python3.7/site-packages/airflow/example_dags/example_short_circuit_operator.py
[2024-03-27T19:36:16.797+0000] {processor.py:756} INFO - Processing file /home/airflow/.local/lib/python3.7/site-packages/airflow/example_dags/example_short_circuit_operator.py for tasks to queue
[2024-03-27T19:36:16.798+0000] {logging_mixin.py:120} INFO - [2024-03-27T19:36:16.798+0000] {dagbag.py:537} INFO - Filling up the DagBag from /home/airflow/.local/lib/python3.7/site-packages/airflow/example_dags/example_short_circuit_operator.py
[2024-03-27T19:36:16.826+0000] {processor.py:766} INFO - DAG(s) dict_keys(['example_short_circuit_operator']) retrieved from /home/airflow/.local/lib/python3.7/site-packages/airflow/example_dags/example_short_circuit_operator.py
[2024-03-27T19:36:16.875+0000] {logging_mixin.py:120} INFO - [2024-03-27T19:36:16.874+0000] {dag.py:2585} INFO - Sync 1 DAGs
[2024-03-27T19:36:16.905+0000] {logging_mixin.py:120} INFO - [2024-03-27T19:36:16.905+0000] {dag.py:3340} INFO - Setting next_dagrun for example_short_circuit_operator to 2024-03-27T19:27:28.159782+00:00, run_after=2024-03-28T19:27:28.159782+00:00
[2024-03-27T19:36:16.930+0000] {processor.py:176} INFO - Processing /home/airflow/.local/lib/python3.7/site-packages/airflow/example_dags/example_short_circuit_operator.py took 0.140 seconds
[2024-03-27T19:37:15.067+0000] {processor.py:154} INFO - Started process (PID=76) to work on /home/airflow/.local/lib/python3.7/site-packages/airflow/example_dags/example_short_circuit_operator.py
[2024-03-27T19:37:15.068+0000] {processor.py:756} INFO - Processing file /home/airflow/.local/lib/python3.7/site-packages/airflow/example_dags/example_short_circuit_operator.py for tasks to queue
[2024-03-27T19:37:15.070+0000] {logging_mixin.py:120} INFO - [2024-03-27T19:37:15.070+0000] {dagbag.py:537} INFO - Filling up the DagBag from /home/airflow/.local/lib/python3.7/site-packages/airflow/example_dags/example_short_circuit_operator.py
[2024-03-27T19:37:15.092+0000] {processor.py:766} INFO - DAG(s) dict_keys(['example_short_circuit_operator']) retrieved from /home/airflow/.local/lib/python3.7/site-packages/airflow/example_dags/example_short_circuit_operator.py
[2024-03-27T19:37:15.142+0000] {logging_mixin.py:120} INFO - [2024-03-27T19:37:15.142+0000] {dag.py:2585} INFO - Sync 1 DAGs
[2024-03-27T19:37:15.173+0000] {logging_mixin.py:120} INFO - [2024-03-27T19:37:15.173+0000] {dag.py:3340} INFO - Setting next_dagrun for example_short_circuit_operator to 2024-03-27T19:27:28.159782+00:00, run_after=2024-03-28T19:27:28.159782+00:00
[2024-03-27T19:37:15.218+0000] {processor.py:176} INFO - Processing /home/airflow/.local/lib/python3.7/site-packages/airflow/example_dags/example_short_circuit_operator.py took 0.156 seconds
[2024-03-27T19:37:46.388+0000] {processor.py:154} INFO - Started process (PID=136) to work on /home/airflow/.local/lib/python3.7/site-packages/airflow/example_dags/example_short_circuit_operator.py
[2024-03-27T19:37:46.393+0000] {processor.py:756} INFO - Processing file /home/airflow/.local/lib/python3.7/site-packages/airflow/example_dags/example_short_circuit_operator.py for tasks to queue
[2024-03-27T19:37:46.394+0000] {logging_mixin.py:120} INFO - [2024-03-27T19:37:46.394+0000] {dagbag.py:537} INFO - Filling up the DagBag from /home/airflow/.local/lib/python3.7/site-packages/airflow/example_dags/example_short_circuit_operator.py
[2024-03-27T19:37:46.437+0000] {processor.py:766} INFO - DAG(s) dict_keys(['example_short_circuit_operator']) retrieved from /home/airflow/.local/lib/python3.7/site-packages/airflow/example_dags/example_short_circuit_operator.py
[2024-03-27T19:37:46.492+0000] {logging_mixin.py:120} INFO - [2024-03-27T19:37:46.492+0000] {dag.py:2585} INFO - Sync 1 DAGs
[2024-03-27T19:37:46.521+0000] {logging_mixin.py:120} INFO - [2024-03-27T19:37:46.521+0000] {dag.py:3340} INFO - Setting next_dagrun for example_short_circuit_operator to 2024-03-27T19:27:28.159782+00:00, run_after=2024-03-28T19:27:28.159782+00:00
[2024-03-27T19:37:46.550+0000] {processor.py:176} INFO - Processing /home/airflow/.local/lib/python3.7/site-packages/airflow/example_dags/example_short_circuit_operator.py took 0.170 seconds
[2024-03-27T19:38:28.881+0000] {processor.py:154} INFO - Started process (PID=76) to work on /home/airflow/.local/lib/python3.7/site-packages/airflow/example_dags/example_short_circuit_operator.py
[2024-03-27T19:38:28.884+0000] {processor.py:756} INFO - Processing file /home/airflow/.local/lib/python3.7/site-packages/airflow/example_dags/example_short_circuit_operator.py for tasks to queue
[2024-03-27T19:38:28.886+0000] {logging_mixin.py:120} INFO - [2024-03-27T19:38:28.886+0000] {dagbag.py:537} INFO - Filling up the DagBag from /home/airflow/.local/lib/python3.7/site-packages/airflow/example_dags/example_short_circuit_operator.py
[2024-03-27T19:38:28.931+0000] {processor.py:766} INFO - DAG(s) dict_keys(['example_short_circuit_operator']) retrieved from /home/airflow/.local/lib/python3.7/site-packages/airflow/example_dags/example_short_circuit_operator.py
[2024-03-27T19:38:29.109+0000] {logging_mixin.py:120} INFO - [2024-03-27T19:38:29.109+0000] {dag.py:2585} INFO - Sync 1 DAGs
[2024-03-27T19:38:29.189+0000] {logging_mixin.py:120} INFO - [2024-03-27T19:38:29.188+0000] {dag.py:3340} INFO - Setting next_dagrun for example_short_circuit_operator to 2024-03-27T19:27:28.159782+00:00, run_after=2024-03-28T19:27:28.159782+00:00
[2024-03-27T19:38:29.243+0000] {processor.py:176} INFO - Processing /home/airflow/.local/lib/python3.7/site-packages/airflow/example_dags/example_short_circuit_operator.py took 0.366 seconds
[2024-03-27T19:39:52.871+0000] {processor.py:154} INFO - Started process (PID=86) to work on /home/airflow/.local/lib/python3.7/site-packages/airflow/example_dags/example_short_circuit_operator.py
[2024-03-27T19:39:52.873+0000] {processor.py:756} INFO - Processing file /home/airflow/.local/lib/python3.7/site-packages/airflow/example_dags/example_short_circuit_operator.py for tasks to queue
[2024-03-27T19:39:52.873+0000] {logging_mixin.py:120} INFO - [2024-03-27T19:39:52.873+0000] {dagbag.py:537} INFO - Filling up the DagBag from /home/airflow/.local/lib/python3.7/site-packages/airflow/example_dags/example_short_circuit_operator.py
[2024-03-27T19:39:52.889+0000] {processor.py:766} INFO - DAG(s) dict_keys(['example_short_circuit_operator']) retrieved from /home/airflow/.local/lib/python3.7/site-packages/airflow/example_dags/example_short_circuit_operator.py
[2024-03-27T19:39:52.915+0000] {logging_mixin.py:120} INFO - [2024-03-27T19:39:52.915+0000] {dag.py:2585} INFO - Sync 1 DAGs
[2024-03-27T19:39:52.938+0000] {logging_mixin.py:120} INFO - [2024-03-27T19:39:52.937+0000] {dag.py:3340} INFO - Setting next_dagrun for example_short_circuit_operator to 2024-03-27T19:27:28.159782+00:00, run_after=2024-03-28T19:27:28.159782+00:00
[2024-03-27T19:39:52.951+0000] {processor.py:176} INFO - Processing /home/airflow/.local/lib/python3.7/site-packages/airflow/example_dags/example_short_circuit_operator.py took 0.081 seconds
[2024-03-27T19:40:33.248+0000] {processor.py:154} INFO - Started process (PID=144) to work on /home/airflow/.local/lib/python3.7/site-packages/airflow/example_dags/example_short_circuit_operator.py
[2024-03-27T19:40:33.249+0000] {processor.py:756} INFO - Processing file /home/airflow/.local/lib/python3.7/site-packages/airflow/example_dags/example_short_circuit_operator.py for tasks to queue
[2024-03-27T19:40:33.252+0000] {logging_mixin.py:120} INFO - [2024-03-27T19:40:33.252+0000] {dagbag.py:537} INFO - Filling up the DagBag from /home/airflow/.local/lib/python3.7/site-packages/airflow/example_dags/example_short_circuit_operator.py
[2024-03-27T19:40:33.275+0000] {processor.py:766} INFO - DAG(s) dict_keys(['example_short_circuit_operator']) retrieved from /home/airflow/.local/lib/python3.7/site-packages/airflow/example_dags/example_short_circuit_operator.py
[2024-03-27T19:40:33.345+0000] {logging_mixin.py:120} INFO - [2024-03-27T19:40:33.344+0000] {dag.py:2585} INFO - Sync 1 DAGs
[2024-03-27T19:40:33.371+0000] {logging_mixin.py:120} INFO - [2024-03-27T19:40:33.371+0000] {dag.py:3340} INFO - Setting next_dagrun for example_short_circuit_operator to 2024-03-27T19:27:28.159782+00:00, run_after=2024-03-28T19:27:28.159782+00:00
[2024-03-27T19:40:33.388+0000] {processor.py:176} INFO - Processing /home/airflow/.local/lib/python3.7/site-packages/airflow/example_dags/example_short_circuit_operator.py took 0.149 seconds
[2024-03-27T19:41:09.370+0000] {processor.py:154} INFO - Started process (PID=195) to work on /home/airflow/.local/lib/python3.7/site-packages/airflow/example_dags/example_short_circuit_operator.py
[2024-03-27T19:41:09.376+0000] {processor.py:756} INFO - Processing file /home/airflow/.local/lib/python3.7/site-packages/airflow/example_dags/example_short_circuit_operator.py for tasks to queue
[2024-03-27T19:41:09.377+0000] {logging_mixin.py:120} INFO - [2024-03-27T19:41:09.377+0000] {dagbag.py:537} INFO - Filling up the DagBag from /home/airflow/.local/lib/python3.7/site-packages/airflow/example_dags/example_short_circuit_operator.py
[2024-03-27T19:41:09.417+0000] {processor.py:766} INFO - DAG(s) dict_keys(['example_short_circuit_operator']) retrieved from /home/airflow/.local/lib/python3.7/site-packages/airflow/example_dags/example_short_circuit_operator.py
[2024-03-27T19:41:09.472+0000] {logging_mixin.py:120} INFO - [2024-03-27T19:41:09.471+0000] {dag.py:2585} INFO - Sync 1 DAGs
[2024-03-27T19:41:09.523+0000] {logging_mixin.py:120} INFO - [2024-03-27T19:41:09.523+0000] {dag.py:3340} INFO - Setting next_dagrun for example_short_circuit_operator to 2024-03-27T19:27:28.159782+00:00, run_after=2024-03-28T19:27:28.159782+00:00
[2024-03-27T19:41:09.548+0000] {processor.py:176} INFO - Processing /home/airflow/.local/lib/python3.7/site-packages/airflow/example_dags/example_short_circuit_operator.py took 0.187 seconds
[2024-03-27T19:41:40.659+0000] {processor.py:154} INFO - Started process (PID=76) to work on /home/airflow/.local/lib/python3.7/site-packages/airflow/example_dags/example_short_circuit_operator.py
[2024-03-27T19:41:40.660+0000] {processor.py:756} INFO - Processing file /home/airflow/.local/lib/python3.7/site-packages/airflow/example_dags/example_short_circuit_operator.py for tasks to queue
[2024-03-27T19:41:40.661+0000] {logging_mixin.py:120} INFO - [2024-03-27T19:41:40.661+0000] {dagbag.py:537} INFO - Filling up the DagBag from /home/airflow/.local/lib/python3.7/site-packages/airflow/example_dags/example_short_circuit_operator.py
[2024-03-27T19:41:40.682+0000] {processor.py:766} INFO - DAG(s) dict_keys(['example_short_circuit_operator']) retrieved from /home/airflow/.local/lib/python3.7/site-packages/airflow/example_dags/example_short_circuit_operator.py
[2024-03-27T19:41:40.717+0000] {logging_mixin.py:120} INFO - [2024-03-27T19:41:40.717+0000] {dag.py:2585} INFO - Sync 1 DAGs
[2024-03-27T19:41:40.739+0000] {logging_mixin.py:120} INFO - [2024-03-27T19:41:40.739+0000] {dag.py:3340} INFO - Setting next_dagrun for example_short_circuit_operator to 2024-03-27T19:27:28.159782+00:00, run_after=2024-03-28T19:27:28.159782+00:00
[2024-03-27T19:41:40.754+0000] {processor.py:176} INFO - Processing /home/airflow/.local/lib/python3.7/site-packages/airflow/example_dags/example_short_circuit_operator.py took 0.097 seconds
[2024-03-27T19:42:11.877+0000] {processor.py:154} INFO - Started process (PID=126) to work on /home/airflow/.local/lib/python3.7/site-packages/airflow/example_dags/example_short_circuit_operator.py
[2024-03-27T19:42:11.878+0000] {processor.py:756} INFO - Processing file /home/airflow/.local/lib/python3.7/site-packages/airflow/example_dags/example_short_circuit_operator.py for tasks to queue
[2024-03-27T19:42:11.878+0000] {logging_mixin.py:120} INFO - [2024-03-27T19:42:11.878+0000] {dagbag.py:537} INFO - Filling up the DagBag from /home/airflow/.local/lib/python3.7/site-packages/airflow/example_dags/example_short_circuit_operator.py
[2024-03-27T19:42:11.889+0000] {processor.py:766} INFO - DAG(s) dict_keys(['example_short_circuit_operator']) retrieved from /home/airflow/.local/lib/python3.7/site-packages/airflow/example_dags/example_short_circuit_operator.py
[2024-03-27T19:42:11.914+0000] {logging_mixin.py:120} INFO - [2024-03-27T19:42:11.914+0000] {dag.py:2585} INFO - Sync 1 DAGs
[2024-03-27T19:42:11.933+0000] {logging_mixin.py:120} INFO - [2024-03-27T19:42:11.932+0000] {dag.py:3340} INFO - Setting next_dagrun for example_short_circuit_operator to 2024-03-27T19:27:28.159782+00:00, run_after=2024-03-28T19:27:28.159782+00:00
[2024-03-27T19:42:11.944+0000] {processor.py:176} INFO - Processing /home/airflow/.local/lib/python3.7/site-packages/airflow/example_dags/example_short_circuit_operator.py took 0.070 seconds
[2024-03-27T19:44:37.766+0000] {processor.py:154} INFO - Started process (PID=86) to work on /home/airflow/.local/lib/python3.7/site-packages/airflow/example_dags/example_short_circuit_operator.py
[2024-03-27T19:44:37.767+0000] {processor.py:756} INFO - Processing file /home/airflow/.local/lib/python3.7/site-packages/airflow/example_dags/example_short_circuit_operator.py for tasks to queue
[2024-03-27T19:44:37.767+0000] {logging_mixin.py:120} INFO - [2024-03-27T19:44:37.767+0000] {dagbag.py:537} INFO - Filling up the DagBag from /home/airflow/.local/lib/python3.7/site-packages/airflow/example_dags/example_short_circuit_operator.py
[2024-03-27T19:44:37.789+0000] {processor.py:766} INFO - DAG(s) dict_keys(['example_short_circuit_operator']) retrieved from /home/airflow/.local/lib/python3.7/site-packages/airflow/example_dags/example_short_circuit_operator.py
[2024-03-27T19:44:53.320+0000] {logging_mixin.py:120} INFO - [2024-03-27T19:44:53.319+0000] {dag.py:2585} INFO - Sync 1 DAGs
[2024-03-27T19:44:53.436+0000] {logging_mixin.py:120} INFO - [2024-03-27T19:44:53.436+0000] {dag.py:3340} INFO - Setting next_dagrun for example_short_circuit_operator to 2024-03-27T19:27:28.159782+00:00, run_after=2024-03-28T19:27:28.159782+00:00
[2024-03-27T19:44:53.502+0000] {processor.py:176} INFO - Processing /home/airflow/.local/lib/python3.7/site-packages/airflow/example_dags/example_short_circuit_operator.py took 15.624 seconds
[2024-03-27T19:45:24.324+0000] {processor.py:154} INFO - Started process (PID=136) to work on /home/airflow/.local/lib/python3.7/site-packages/airflow/example_dags/example_short_circuit_operator.py
[2024-03-27T19:45:24.326+0000] {processor.py:756} INFO - Processing file /home/airflow/.local/lib/python3.7/site-packages/airflow/example_dags/example_short_circuit_operator.py for tasks to queue
[2024-03-27T19:45:24.326+0000] {logging_mixin.py:120} INFO - [2024-03-27T19:45:24.326+0000] {dagbag.py:537} INFO - Filling up the DagBag from /home/airflow/.local/lib/python3.7/site-packages/airflow/example_dags/example_short_circuit_operator.py
[2024-03-27T19:45:24.352+0000] {processor.py:766} INFO - DAG(s) dict_keys(['example_short_circuit_operator']) retrieved from /home/airflow/.local/lib/python3.7/site-packages/airflow/example_dags/example_short_circuit_operator.py
[2024-03-27T19:45:24.428+0000] {logging_mixin.py:120} INFO - [2024-03-27T19:45:24.428+0000] {dag.py:2585} INFO - Sync 1 DAGs
[2024-03-27T19:45:24.444+0000] {logging_mixin.py:120} INFO - [2024-03-27T19:45:24.444+0000] {dag.py:3340} INFO - Setting next_dagrun for example_short_circuit_operator to 2024-03-27T19:27:28.159782+00:00, run_after=2024-03-28T19:27:28.159782+00:00
[2024-03-27T19:45:24.455+0000] {processor.py:176} INFO - Processing /home/airflow/.local/lib/python3.7/site-packages/airflow/example_dags/example_short_circuit_operator.py took 0.134 seconds
[2024-03-27T19:46:41.676+0000] {processor.py:154} INFO - Started process (PID=89) to work on /home/airflow/.local/lib/python3.7/site-packages/airflow/example_dags/example_short_circuit_operator.py
[2024-03-27T19:46:41.677+0000] {processor.py:756} INFO - Processing file /home/airflow/.local/lib/python3.7/site-packages/airflow/example_dags/example_short_circuit_operator.py for tasks to queue
[2024-03-27T19:46:41.679+0000] {logging_mixin.py:120} INFO - [2024-03-27T19:46:41.679+0000] {dagbag.py:537} INFO - Filling up the DagBag from /home/airflow/.local/lib/python3.7/site-packages/airflow/example_dags/example_short_circuit_operator.py
[2024-03-27T19:46:41.699+0000] {processor.py:766} INFO - DAG(s) dict_keys(['example_short_circuit_operator']) retrieved from /home/airflow/.local/lib/python3.7/site-packages/airflow/example_dags/example_short_circuit_operator.py
[2024-03-27T19:46:41.743+0000] {logging_mixin.py:120} INFO - [2024-03-27T19:46:41.743+0000] {dag.py:2585} INFO - Sync 1 DAGs
[2024-03-27T19:46:41.779+0000] {logging_mixin.py:120} INFO - [2024-03-27T19:46:41.778+0000] {dag.py:3340} INFO - Setting next_dagrun for example_short_circuit_operator to 2024-03-27T19:27:28.159782+00:00, run_after=2024-03-28T19:27:28.159782+00:00
[2024-03-27T19:46:41.800+0000] {processor.py:176} INFO - Processing /home/airflow/.local/lib/python3.7/site-packages/airflow/example_dags/example_short_circuit_operator.py took 0.127 seconds
[2024-03-27T19:47:27.025+0000] {processor.py:154} INFO - Started process (PID=144) to work on /home/airflow/.local/lib/python3.7/site-packages/airflow/example_dags/example_short_circuit_operator.py
[2024-03-27T19:47:27.031+0000] {processor.py:756} INFO - Processing file /home/airflow/.local/lib/python3.7/site-packages/airflow/example_dags/example_short_circuit_operator.py for tasks to queue
[2024-03-27T19:47:27.032+0000] {logging_mixin.py:120} INFO - [2024-03-27T19:47:27.032+0000] {dagbag.py:537} INFO - Filling up the DagBag from /home/airflow/.local/lib/python3.7/site-packages/airflow/example_dags/example_short_circuit_operator.py
[2024-03-27T19:47:27.058+0000] {processor.py:766} INFO - DAG(s) dict_keys(['example_short_circuit_operator']) retrieved from /home/airflow/.local/lib/python3.7/site-packages/airflow/example_dags/example_short_circuit_operator.py
[2024-03-27T19:47:27.120+0000] {logging_mixin.py:120} INFO - [2024-03-27T19:47:27.120+0000] {dag.py:2585} INFO - Sync 1 DAGs
[2024-03-27T19:47:27.177+0000] {logging_mixin.py:120} INFO - [2024-03-27T19:47:27.177+0000] {dag.py:3340} INFO - Setting next_dagrun for example_short_circuit_operator to 2024-03-27T19:27:28.159782+00:00, run_after=2024-03-28T19:27:28.159782+00:00
[2024-03-27T19:47:27.199+0000] {processor.py:176} INFO - Processing /home/airflow/.local/lib/python3.7/site-packages/airflow/example_dags/example_short_circuit_operator.py took 0.178 seconds
[2024-03-27T19:47:48.195+0000] {processor.py:154} INFO - Started process (PID=76) to work on /home/airflow/.local/lib/python3.7/site-packages/airflow/example_dags/example_short_circuit_operator.py
[2024-03-27T19:47:48.196+0000] {processor.py:756} INFO - Processing file /home/airflow/.local/lib/python3.7/site-packages/airflow/example_dags/example_short_circuit_operator.py for tasks to queue
[2024-03-27T19:47:48.196+0000] {logging_mixin.py:120} INFO - [2024-03-27T19:47:48.196+0000] {dagbag.py:537} INFO - Filling up the DagBag from /home/airflow/.local/lib/python3.7/site-packages/airflow/example_dags/example_short_circuit_operator.py
[2024-03-27T19:47:48.217+0000] {processor.py:766} INFO - DAG(s) dict_keys(['example_short_circuit_operator']) retrieved from /home/airflow/.local/lib/python3.7/site-packages/airflow/example_dags/example_short_circuit_operator.py
[2024-03-27T19:47:48.306+0000] {logging_mixin.py:120} INFO - [2024-03-27T19:47:48.304+0000] {dag.py:2585} INFO - Sync 1 DAGs
[2024-03-27T19:47:48.488+0000] {logging_mixin.py:120} INFO - [2024-03-27T19:47:48.471+0000] {dag.py:3340} INFO - Setting next_dagrun for example_short_circuit_operator to 2024-03-27T19:27:28.159782+00:00, run_after=2024-03-28T19:27:28.159782+00:00
[2024-03-27T19:47:49.739+0000] {processor.py:176} INFO - Processing /home/airflow/.local/lib/python3.7/site-packages/airflow/example_dags/example_short_circuit_operator.py took 1.546 seconds
[2024-03-27T19:48:37.371+0000] {processor.py:154} INFO - Started process (PID=133) to work on /home/airflow/.local/lib/python3.7/site-packages/airflow/example_dags/example_short_circuit_operator.py
[2024-03-27T19:48:37.375+0000] {processor.py:756} INFO - Processing file /home/airflow/.local/lib/python3.7/site-packages/airflow/example_dags/example_short_circuit_operator.py for tasks to queue
[2024-03-27T19:48:37.383+0000] {logging_mixin.py:120} INFO - [2024-03-27T19:48:37.383+0000] {dagbag.py:537} INFO - Filling up the DagBag from /home/airflow/.local/lib/python3.7/site-packages/airflow/example_dags/example_short_circuit_operator.py
[2024-03-27T19:48:37.420+0000] {processor.py:766} INFO - DAG(s) dict_keys(['example_short_circuit_operator']) retrieved from /home/airflow/.local/lib/python3.7/site-packages/airflow/example_dags/example_short_circuit_operator.py
[2024-03-27T19:48:37.458+0000] {logging_mixin.py:120} INFO - [2024-03-27T19:48:37.458+0000] {dag.py:2585} INFO - Sync 1 DAGs
[2024-03-27T19:48:37.483+0000] {logging_mixin.py:120} INFO - [2024-03-27T19:48:37.483+0000] {dag.py:3340} INFO - Setting next_dagrun for example_short_circuit_operator to 2024-03-27T19:27:28.159782+00:00, run_after=2024-03-28T19:27:28.159782+00:00
[2024-03-27T19:48:37.503+0000] {processor.py:176} INFO - Processing /home/airflow/.local/lib/python3.7/site-packages/airflow/example_dags/example_short_circuit_operator.py took 0.138 seconds
[2024-03-27T19:49:28.054+0000] {processor.py:154} INFO - Started process (PID=77) to work on /home/airflow/.local/lib/python3.7/site-packages/airflow/example_dags/example_short_circuit_operator.py
[2024-03-27T19:49:28.055+0000] {processor.py:756} INFO - Processing file /home/airflow/.local/lib/python3.7/site-packages/airflow/example_dags/example_short_circuit_operator.py for tasks to queue
[2024-03-27T19:49:28.055+0000] {logging_mixin.py:120} INFO - [2024-03-27T19:49:28.055+0000] {dagbag.py:537} INFO - Filling up the DagBag from /home/airflow/.local/lib/python3.7/site-packages/airflow/example_dags/example_short_circuit_operator.py
[2024-03-27T19:49:28.077+0000] {processor.py:766} INFO - DAG(s) dict_keys(['example_short_circuit_operator']) retrieved from /home/airflow/.local/lib/python3.7/site-packages/airflow/example_dags/example_short_circuit_operator.py
[2024-03-27T19:49:28.127+0000] {logging_mixin.py:120} INFO - [2024-03-27T19:49:28.127+0000] {dag.py:2585} INFO - Sync 1 DAGs
[2024-03-27T19:49:28.154+0000] {logging_mixin.py:120} INFO - [2024-03-27T19:49:28.154+0000] {dag.py:3340} INFO - Setting next_dagrun for example_short_circuit_operator to 2024-03-27T19:27:28.159782+00:00, run_after=2024-03-28T19:27:28.159782+00:00
[2024-03-27T19:49:28.169+0000] {processor.py:176} INFO - Processing /home/airflow/.local/lib/python3.7/site-packages/airflow/example_dags/example_short_circuit_operator.py took 0.118 seconds
[2024-03-27T19:50:02.591+0000] {processor.py:154} INFO - Started process (PID=135) to work on /home/airflow/.local/lib/python3.7/site-packages/airflow/example_dags/example_short_circuit_operator.py
[2024-03-27T19:50:02.592+0000] {processor.py:756} INFO - Processing file /home/airflow/.local/lib/python3.7/site-packages/airflow/example_dags/example_short_circuit_operator.py for tasks to queue
[2024-03-27T19:50:02.593+0000] {logging_mixin.py:120} INFO - [2024-03-27T19:50:02.592+0000] {dagbag.py:537} INFO - Filling up the DagBag from /home/airflow/.local/lib/python3.7/site-packages/airflow/example_dags/example_short_circuit_operator.py
[2024-03-27T19:50:02.603+0000] {processor.py:766} INFO - DAG(s) dict_keys(['example_short_circuit_operator']) retrieved from /home/airflow/.local/lib/python3.7/site-packages/airflow/example_dags/example_short_circuit_operator.py
[2024-03-27T19:50:02.626+0000] {logging_mixin.py:120} INFO - [2024-03-27T19:50:02.626+0000] {dag.py:2585} INFO - Sync 1 DAGs
[2024-03-27T19:50:02.642+0000] {logging_mixin.py:120} INFO - [2024-03-27T19:50:02.642+0000] {dag.py:3340} INFO - Setting next_dagrun for example_short_circuit_operator to 2024-03-27T19:27:28.159782+00:00, run_after=2024-03-28T19:27:28.159782+00:00
[2024-03-27T19:50:02.655+0000] {processor.py:176} INFO - Processing /home/airflow/.local/lib/python3.7/site-packages/airflow/example_dags/example_short_circuit_operator.py took 0.066 seconds
[2024-03-27T19:54:24.183+0000] {processor.py:154} INFO - Started process (PID=76) to work on /home/airflow/.local/lib/python3.7/site-packages/airflow/example_dags/example_short_circuit_operator.py
[2024-03-27T19:54:24.186+0000] {processor.py:756} INFO - Processing file /home/airflow/.local/lib/python3.7/site-packages/airflow/example_dags/example_short_circuit_operator.py for tasks to queue
[2024-03-27T19:54:24.186+0000] {logging_mixin.py:120} INFO - [2024-03-27T19:54:24.186+0000] {dagbag.py:537} INFO - Filling up the DagBag from /home/airflow/.local/lib/python3.7/site-packages/airflow/example_dags/example_short_circuit_operator.py
[2024-03-27T19:54:24.211+0000] {processor.py:766} INFO - DAG(s) dict_keys(['example_short_circuit_operator']) retrieved from /home/airflow/.local/lib/python3.7/site-packages/airflow/example_dags/example_short_circuit_operator.py
[2024-03-27T19:54:24.268+0000] {logging_mixin.py:120} INFO - [2024-03-27T19:54:24.268+0000] {dag.py:2585} INFO - Sync 1 DAGs
[2024-03-27T19:54:24.300+0000] {logging_mixin.py:120} INFO - [2024-03-27T19:54:24.300+0000] {dag.py:3340} INFO - Setting next_dagrun for example_short_circuit_operator to 2024-03-27T19:27:28.159782+00:00, run_after=2024-03-28T19:27:28.159782+00:00
[2024-03-27T19:54:24.327+0000] {processor.py:176} INFO - Processing /home/airflow/.local/lib/python3.7/site-packages/airflow/example_dags/example_short_circuit_operator.py took 0.149 seconds
