[2024-03-27T19:09:51.909+0000] {processor.py:154} INFO - Started process (PID=79) to work on /home/airflow/.local/lib/python3.7/site-packages/airflow/example_dags/example_latest_only.py
[2024-03-27T19:09:51.911+0000] {processor.py:756} INFO - Processing file /home/airflow/.local/lib/python3.7/site-packages/airflow/example_dags/example_latest_only.py for tasks to queue
[2024-03-27T19:09:51.911+0000] {logging_mixin.py:120} INFO - [2024-03-27T19:09:51.911+0000] {dagbag.py:537} INFO - Filling up the DagBag from /home/airflow/.local/lib/python3.7/site-packages/airflow/example_dags/example_latest_only.py
[2024-03-27T19:09:51.921+0000] {processor.py:766} INFO - DAG(s) dict_keys(['latest_only']) retrieved from /home/airflow/.local/lib/python3.7/site-packages/airflow/example_dags/example_latest_only.py
[2024-03-27T19:09:51.945+0000] {logging_mixin.py:120} INFO - [2024-03-27T19:09:51.944+0000] {dag.py:2585} INFO - Sync 1 DAGs
[2024-03-27T19:09:51.961+0000] {logging_mixin.py:120} INFO - [2024-03-27T19:09:51.960+0000] {dag.py:3340} INFO - Setting next_dagrun for latest_only to 2024-03-27T15:09:51.960781+00:00, run_after=2024-03-27T19:09:51.960781+00:00
[2024-03-27T19:09:51.971+0000] {processor.py:176} INFO - Processing /home/airflow/.local/lib/python3.7/site-packages/airflow/example_dags/example_latest_only.py took 0.064 seconds
[2024-03-27T19:10:22.209+0000] {processor.py:154} INFO - Started process (PID=146) to work on /home/airflow/.local/lib/python3.7/site-packages/airflow/example_dags/example_latest_only.py
[2024-03-27T19:10:22.210+0000] {processor.py:756} INFO - Processing file /home/airflow/.local/lib/python3.7/site-packages/airflow/example_dags/example_latest_only.py for tasks to queue
[2024-03-27T19:10:22.210+0000] {logging_mixin.py:120} INFO - [2024-03-27T19:10:22.210+0000] {dagbag.py:537} INFO - Filling up the DagBag from /home/airflow/.local/lib/python3.7/site-packages/airflow/example_dags/example_latest_only.py
[2024-03-27T19:10:22.219+0000] {processor.py:766} INFO - DAG(s) dict_keys(['latest_only']) retrieved from /home/airflow/.local/lib/python3.7/site-packages/airflow/example_dags/example_latest_only.py
[2024-03-27T19:10:22.242+0000] {logging_mixin.py:120} INFO - [2024-03-27T19:10:22.242+0000] {dag.py:2585} INFO - Sync 1 DAGs
[2024-03-27T19:10:22.256+0000] {logging_mixin.py:120} INFO - [2024-03-27T19:10:22.256+0000] {dag.py:3340} INFO - Setting next_dagrun for latest_only to 2024-03-27T15:10:22.256010+00:00, run_after=2024-03-27T19:10:22.256010+00:00
[2024-03-27T19:10:22.266+0000] {processor.py:176} INFO - Processing /home/airflow/.local/lib/python3.7/site-packages/airflow/example_dags/example_latest_only.py took 0.060 seconds
[2024-03-27T19:11:11.635+0000] {processor.py:154} INFO - Started process (PID=79) to work on /home/airflow/.local/lib/python3.7/site-packages/airflow/example_dags/example_latest_only.py
[2024-03-27T19:11:11.636+0000] {processor.py:756} INFO - Processing file /home/airflow/.local/lib/python3.7/site-packages/airflow/example_dags/example_latest_only.py for tasks to queue
[2024-03-27T19:11:11.637+0000] {logging_mixin.py:120} INFO - [2024-03-27T19:11:11.637+0000] {dagbag.py:537} INFO - Filling up the DagBag from /home/airflow/.local/lib/python3.7/site-packages/airflow/example_dags/example_latest_only.py
[2024-03-27T19:11:11.675+0000] {processor.py:766} INFO - DAG(s) dict_keys(['latest_only']) retrieved from /home/airflow/.local/lib/python3.7/site-packages/airflow/example_dags/example_latest_only.py
[2024-03-27T19:11:11.731+0000] {logging_mixin.py:120} INFO - [2024-03-27T19:11:11.731+0000] {dag.py:2585} INFO - Sync 1 DAGs
[2024-03-27T19:11:11.780+0000] {logging_mixin.py:120} INFO - [2024-03-27T19:11:11.780+0000] {dag.py:3340} INFO - Setting next_dagrun for latest_only to 2024-03-27T15:11:11.779894+00:00, run_after=2024-03-27T19:11:11.779894+00:00
[2024-03-27T19:11:11.820+0000] {processor.py:176} INFO - Processing /home/airflow/.local/lib/python3.7/site-packages/airflow/example_dags/example_latest_only.py took 0.189 seconds
[2024-03-27T19:11:45.208+0000] {processor.py:154} INFO - Started process (PID=151) to work on /home/airflow/.local/lib/python3.7/site-packages/airflow/example_dags/example_latest_only.py
[2024-03-27T19:11:45.209+0000] {processor.py:756} INFO - Processing file /home/airflow/.local/lib/python3.7/site-packages/airflow/example_dags/example_latest_only.py for tasks to queue
[2024-03-27T19:11:45.211+0000] {logging_mixin.py:120} INFO - [2024-03-27T19:11:45.211+0000] {dagbag.py:537} INFO - Filling up the DagBag from /home/airflow/.local/lib/python3.7/site-packages/airflow/example_dags/example_latest_only.py
[2024-03-27T19:11:45.228+0000] {processor.py:766} INFO - DAG(s) dict_keys(['latest_only']) retrieved from /home/airflow/.local/lib/python3.7/site-packages/airflow/example_dags/example_latest_only.py
[2024-03-27T19:11:45.270+0000] {logging_mixin.py:120} INFO - [2024-03-27T19:11:45.270+0000] {dag.py:2585} INFO - Sync 1 DAGs
[2024-03-27T19:11:45.301+0000] {logging_mixin.py:120} INFO - [2024-03-27T19:11:45.301+0000] {dag.py:3340} INFO - Setting next_dagrun for latest_only to 2024-03-27T15:11:45.300829+00:00, run_after=2024-03-27T19:11:45.300829+00:00
[2024-03-27T19:11:45.327+0000] {processor.py:176} INFO - Processing /home/airflow/.local/lib/python3.7/site-packages/airflow/example_dags/example_latest_only.py took 0.127 seconds
[2024-03-27T19:12:22.124+0000] {processor.py:154} INFO - Started process (PID=80) to work on /home/airflow/.local/lib/python3.7/site-packages/airflow/example_dags/example_latest_only.py
[2024-03-27T19:12:22.126+0000] {processor.py:756} INFO - Processing file /home/airflow/.local/lib/python3.7/site-packages/airflow/example_dags/example_latest_only.py for tasks to queue
[2024-03-27T19:12:22.126+0000] {logging_mixin.py:120} INFO - [2024-03-27T19:12:22.126+0000] {dagbag.py:537} INFO - Filling up the DagBag from /home/airflow/.local/lib/python3.7/site-packages/airflow/example_dags/example_latest_only.py
[2024-03-27T19:12:22.139+0000] {processor.py:766} INFO - DAG(s) dict_keys(['latest_only']) retrieved from /home/airflow/.local/lib/python3.7/site-packages/airflow/example_dags/example_latest_only.py
[2024-03-27T19:12:22.190+0000] {logging_mixin.py:120} INFO - [2024-03-27T19:12:22.190+0000] {dag.py:2585} INFO - Sync 1 DAGs
[2024-03-27T19:12:22.210+0000] {logging_mixin.py:120} INFO - [2024-03-27T19:12:22.210+0000] {dag.py:3340} INFO - Setting next_dagrun for latest_only to 2024-03-27T15:12:22.209920+00:00, run_after=2024-03-27T19:12:22.209920+00:00
[2024-03-27T19:12:22.224+0000] {processor.py:176} INFO - Processing /home/airflow/.local/lib/python3.7/site-packages/airflow/example_dags/example_latest_only.py took 0.102 seconds
[2024-03-27T19:12:52.946+0000] {processor.py:154} INFO - Started process (PID=130) to work on /home/airflow/.local/lib/python3.7/site-packages/airflow/example_dags/example_latest_only.py
[2024-03-27T19:12:52.947+0000] {processor.py:756} INFO - Processing file /home/airflow/.local/lib/python3.7/site-packages/airflow/example_dags/example_latest_only.py for tasks to queue
[2024-03-27T19:12:52.947+0000] {logging_mixin.py:120} INFO - [2024-03-27T19:12:52.947+0000] {dagbag.py:537} INFO - Filling up the DagBag from /home/airflow/.local/lib/python3.7/site-packages/airflow/example_dags/example_latest_only.py
[2024-03-27T19:12:52.955+0000] {processor.py:766} INFO - DAG(s) dict_keys(['latest_only']) retrieved from /home/airflow/.local/lib/python3.7/site-packages/airflow/example_dags/example_latest_only.py
[2024-03-27T19:12:52.982+0000] {logging_mixin.py:120} INFO - [2024-03-27T19:12:52.982+0000] {dag.py:2585} INFO - Sync 1 DAGs
[2024-03-27T19:12:52.999+0000] {logging_mixin.py:120} INFO - [2024-03-27T19:12:52.999+0000] {dag.py:3340} INFO - Setting next_dagrun for latest_only to 2024-03-27T15:12:52.999183+00:00, run_after=2024-03-27T19:12:52.999183+00:00
[2024-03-27T19:12:53.015+0000] {processor.py:176} INFO - Processing /home/airflow/.local/lib/python3.7/site-packages/airflow/example_dags/example_latest_only.py took 0.072 seconds
[2024-03-27T19:13:33.847+0000] {processor.py:154} INFO - Started process (PID=191) to work on /home/airflow/.local/lib/python3.7/site-packages/airflow/example_dags/example_latest_only.py
[2024-03-27T19:13:33.850+0000] {processor.py:756} INFO - Processing file /home/airflow/.local/lib/python3.7/site-packages/airflow/example_dags/example_latest_only.py for tasks to queue
[2024-03-27T19:13:33.851+0000] {logging_mixin.py:120} INFO - [2024-03-27T19:13:33.851+0000] {dagbag.py:537} INFO - Filling up the DagBag from /home/airflow/.local/lib/python3.7/site-packages/airflow/example_dags/example_latest_only.py
[2024-03-27T19:13:33.876+0000] {processor.py:766} INFO - DAG(s) dict_keys(['latest_only']) retrieved from /home/airflow/.local/lib/python3.7/site-packages/airflow/example_dags/example_latest_only.py
[2024-03-27T19:13:33.946+0000] {logging_mixin.py:120} INFO - [2024-03-27T19:13:33.946+0000] {dag.py:2585} INFO - Sync 1 DAGs
[2024-03-27T19:13:34.018+0000] {logging_mixin.py:120} INFO - [2024-03-27T19:13:34.017+0000] {dag.py:3340} INFO - Setting next_dagrun for latest_only to 2024-03-27T15:13:34.016524+00:00, run_after=2024-03-27T19:13:34.016524+00:00
[2024-03-27T19:13:34.078+0000] {processor.py:176} INFO - Processing /home/airflow/.local/lib/python3.7/site-packages/airflow/example_dags/example_latest_only.py took 0.239 seconds
[2024-03-27T19:13:57.701+0000] {processor.py:154} INFO - Started process (PID=79) to work on /home/airflow/.local/lib/python3.7/site-packages/airflow/example_dags/example_latest_only.py
[2024-03-27T19:13:57.702+0000] {processor.py:756} INFO - Processing file /home/airflow/.local/lib/python3.7/site-packages/airflow/example_dags/example_latest_only.py for tasks to queue
[2024-03-27T19:13:57.706+0000] {logging_mixin.py:120} INFO - [2024-03-27T19:13:57.705+0000] {dagbag.py:537} INFO - Filling up the DagBag from /home/airflow/.local/lib/python3.7/site-packages/airflow/example_dags/example_latest_only.py
[2024-03-27T19:13:57.718+0000] {processor.py:766} INFO - DAG(s) dict_keys(['latest_only']) retrieved from /home/airflow/.local/lib/python3.7/site-packages/airflow/example_dags/example_latest_only.py
[2024-03-27T19:13:57.739+0000] {logging_mixin.py:120} INFO - [2024-03-27T19:13:57.739+0000] {dag.py:2585} INFO - Sync 1 DAGs
[2024-03-27T19:13:57.756+0000] {logging_mixin.py:120} INFO - [2024-03-27T19:13:57.755+0000] {dag.py:3340} INFO - Setting next_dagrun for latest_only to 2024-03-27T15:13:57.755787+00:00, run_after=2024-03-27T19:13:57.755787+00:00
[2024-03-27T19:13:57.770+0000] {processor.py:176} INFO - Processing /home/airflow/.local/lib/python3.7/site-packages/airflow/example_dags/example_latest_only.py took 0.071 seconds
[2024-03-27T19:14:50.699+0000] {processor.py:154} INFO - Started process (PID=138) to work on /home/airflow/.local/lib/python3.7/site-packages/airflow/example_dags/example_latest_only.py
[2024-03-27T19:14:50.701+0000] {processor.py:756} INFO - Processing file /home/airflow/.local/lib/python3.7/site-packages/airflow/example_dags/example_latest_only.py for tasks to queue
[2024-03-27T19:14:50.704+0000] {logging_mixin.py:120} INFO - [2024-03-27T19:14:50.704+0000] {dagbag.py:537} INFO - Filling up the DagBag from /home/airflow/.local/lib/python3.7/site-packages/airflow/example_dags/example_latest_only.py
[2024-03-27T19:14:50.721+0000] {processor.py:766} INFO - DAG(s) dict_keys(['latest_only']) retrieved from /home/airflow/.local/lib/python3.7/site-packages/airflow/example_dags/example_latest_only.py
[2024-03-27T19:14:50.771+0000] {logging_mixin.py:120} INFO - [2024-03-27T19:14:50.771+0000] {dag.py:2585} INFO - Sync 1 DAGs
[2024-03-27T19:14:50.798+0000] {logging_mixin.py:120} INFO - [2024-03-27T19:14:50.797+0000] {dag.py:3340} INFO - Setting next_dagrun for latest_only to 2024-03-27T15:14:50.797702+00:00, run_after=2024-03-27T19:14:50.797702+00:00
[2024-03-27T19:14:50.812+0000] {processor.py:176} INFO - Processing /home/airflow/.local/lib/python3.7/site-packages/airflow/example_dags/example_latest_only.py took 0.124 seconds
[2024-03-27T19:15:22.724+0000] {processor.py:154} INFO - Started process (PID=79) to work on /home/airflow/.local/lib/python3.7/site-packages/airflow/example_dags/example_latest_only.py
[2024-03-27T19:15:22.725+0000] {processor.py:756} INFO - Processing file /home/airflow/.local/lib/python3.7/site-packages/airflow/example_dags/example_latest_only.py for tasks to queue
[2024-03-27T19:15:22.725+0000] {logging_mixin.py:120} INFO - [2024-03-27T19:15:22.725+0000] {dagbag.py:537} INFO - Filling up the DagBag from /home/airflow/.local/lib/python3.7/site-packages/airflow/example_dags/example_latest_only.py
[2024-03-27T19:15:22.735+0000] {processor.py:766} INFO - DAG(s) dict_keys(['latest_only']) retrieved from /home/airflow/.local/lib/python3.7/site-packages/airflow/example_dags/example_latest_only.py
[2024-03-27T19:15:22.757+0000] {logging_mixin.py:120} INFO - [2024-03-27T19:15:22.756+0000] {dag.py:2585} INFO - Sync 1 DAGs
[2024-03-27T19:15:22.771+0000] {logging_mixin.py:120} INFO - [2024-03-27T19:15:22.771+0000] {dag.py:3340} INFO - Setting next_dagrun for latest_only to 2024-03-27T15:15:22.771041+00:00, run_after=2024-03-27T19:15:22.771041+00:00
[2024-03-27T19:15:22.784+0000] {processor.py:176} INFO - Processing /home/airflow/.local/lib/python3.7/site-packages/airflow/example_dags/example_latest_only.py took 0.061 seconds
[2024-03-27T19:15:55.673+0000] {processor.py:154} INFO - Started process (PID=138) to work on /home/airflow/.local/lib/python3.7/site-packages/airflow/example_dags/example_latest_only.py
[2024-03-27T19:15:55.674+0000] {processor.py:756} INFO - Processing file /home/airflow/.local/lib/python3.7/site-packages/airflow/example_dags/example_latest_only.py for tasks to queue
[2024-03-27T19:15:55.675+0000] {logging_mixin.py:120} INFO - [2024-03-27T19:15:55.675+0000] {dagbag.py:537} INFO - Filling up the DagBag from /home/airflow/.local/lib/python3.7/site-packages/airflow/example_dags/example_latest_only.py
[2024-03-27T19:15:55.683+0000] {processor.py:766} INFO - DAG(s) dict_keys(['latest_only']) retrieved from /home/airflow/.local/lib/python3.7/site-packages/airflow/example_dags/example_latest_only.py
[2024-03-27T19:15:55.706+0000] {logging_mixin.py:120} INFO - [2024-03-27T19:15:55.706+0000] {dag.py:2585} INFO - Sync 1 DAGs
[2024-03-27T19:15:55.724+0000] {logging_mixin.py:120} INFO - [2024-03-27T19:15:55.724+0000] {dag.py:3340} INFO - Setting next_dagrun for latest_only to 2024-03-27T15:15:55.723995+00:00, run_after=2024-03-27T19:15:55.723995+00:00
[2024-03-27T19:15:55.736+0000] {processor.py:176} INFO - Processing /home/airflow/.local/lib/python3.7/site-packages/airflow/example_dags/example_latest_only.py took 0.064 seconds
[2024-03-27T19:16:27.236+0000] {processor.py:154} INFO - Started process (PID=197) to work on /home/airflow/.local/lib/python3.7/site-packages/airflow/example_dags/example_latest_only.py
[2024-03-27T19:16:27.237+0000] {processor.py:756} INFO - Processing file /home/airflow/.local/lib/python3.7/site-packages/airflow/example_dags/example_latest_only.py for tasks to queue
[2024-03-27T19:16:27.237+0000] {logging_mixin.py:120} INFO - [2024-03-27T19:16:27.237+0000] {dagbag.py:537} INFO - Filling up the DagBag from /home/airflow/.local/lib/python3.7/site-packages/airflow/example_dags/example_latest_only.py
[2024-03-27T19:16:27.247+0000] {processor.py:766} INFO - DAG(s) dict_keys(['latest_only']) retrieved from /home/airflow/.local/lib/python3.7/site-packages/airflow/example_dags/example_latest_only.py
[2024-03-27T19:16:27.271+0000] {logging_mixin.py:120} INFO - [2024-03-27T19:16:27.271+0000] {dag.py:2585} INFO - Sync 1 DAGs
[2024-03-27T19:16:27.287+0000] {logging_mixin.py:120} INFO - [2024-03-27T19:16:27.287+0000] {dag.py:3340} INFO - Setting next_dagrun for latest_only to 2024-03-27T15:16:27.287054+00:00, run_after=2024-03-27T19:16:27.287054+00:00
[2024-03-27T19:16:27.299+0000] {processor.py:176} INFO - Processing /home/airflow/.local/lib/python3.7/site-packages/airflow/example_dags/example_latest_only.py took 0.065 seconds
[2024-03-27T19:16:51.730+0000] {processor.py:154} INFO - Started process (PID=78) to work on /home/airflow/.local/lib/python3.7/site-packages/airflow/example_dags/example_latest_only.py
[2024-03-27T19:16:51.731+0000] {processor.py:756} INFO - Processing file /home/airflow/.local/lib/python3.7/site-packages/airflow/example_dags/example_latest_only.py for tasks to queue
[2024-03-27T19:16:51.732+0000] {logging_mixin.py:120} INFO - [2024-03-27T19:16:51.732+0000] {dagbag.py:537} INFO - Filling up the DagBag from /home/airflow/.local/lib/python3.7/site-packages/airflow/example_dags/example_latest_only.py
[2024-03-27T19:16:51.746+0000] {processor.py:766} INFO - DAG(s) dict_keys(['latest_only']) retrieved from /home/airflow/.local/lib/python3.7/site-packages/airflow/example_dags/example_latest_only.py
[2024-03-27T19:16:51.772+0000] {logging_mixin.py:120} INFO - [2024-03-27T19:16:51.772+0000] {dag.py:2585} INFO - Sync 1 DAGs
[2024-03-27T19:16:51.787+0000] {logging_mixin.py:120} INFO - [2024-03-27T19:16:51.787+0000] {dag.py:3340} INFO - Setting next_dagrun for latest_only to 2024-03-27T15:16:51.787574+00:00, run_after=2024-03-27T19:16:51.787574+00:00
[2024-03-27T19:16:51.800+0000] {processor.py:176} INFO - Processing /home/airflow/.local/lib/python3.7/site-packages/airflow/example_dags/example_latest_only.py took 0.074 seconds
[2024-03-27T19:17:30.566+0000] {processor.py:154} INFO - Started process (PID=136) to work on /home/airflow/.local/lib/python3.7/site-packages/airflow/example_dags/example_latest_only.py
[2024-03-27T19:17:30.567+0000] {processor.py:756} INFO - Processing file /home/airflow/.local/lib/python3.7/site-packages/airflow/example_dags/example_latest_only.py for tasks to queue
[2024-03-27T19:17:30.569+0000] {logging_mixin.py:120} INFO - [2024-03-27T19:17:30.569+0000] {dagbag.py:537} INFO - Filling up the DagBag from /home/airflow/.local/lib/python3.7/site-packages/airflow/example_dags/example_latest_only.py
[2024-03-27T19:17:30.583+0000] {processor.py:766} INFO - DAG(s) dict_keys(['latest_only']) retrieved from /home/airflow/.local/lib/python3.7/site-packages/airflow/example_dags/example_latest_only.py
[2024-03-27T19:17:30.622+0000] {logging_mixin.py:120} INFO - [2024-03-27T19:17:30.621+0000] {dag.py:2585} INFO - Sync 1 DAGs
[2024-03-27T19:17:30.644+0000] {logging_mixin.py:120} INFO - [2024-03-27T19:17:30.644+0000] {dag.py:3340} INFO - Setting next_dagrun for latest_only to 2024-03-27T15:17:30.643986+00:00, run_after=2024-03-27T19:17:30.643986+00:00
[2024-03-27T19:17:30.657+0000] {processor.py:176} INFO - Processing /home/airflow/.local/lib/python3.7/site-packages/airflow/example_dags/example_latest_only.py took 0.093 seconds
[2024-03-27T19:18:22.067+0000] {processor.py:154} INFO - Started process (PID=79) to work on /home/airflow/.local/lib/python3.7/site-packages/airflow/example_dags/example_latest_only.py
[2024-03-27T19:18:22.068+0000] {processor.py:756} INFO - Processing file /home/airflow/.local/lib/python3.7/site-packages/airflow/example_dags/example_latest_only.py for tasks to queue
[2024-03-27T19:18:22.070+0000] {logging_mixin.py:120} INFO - [2024-03-27T19:18:22.070+0000] {dagbag.py:537} INFO - Filling up the DagBag from /home/airflow/.local/lib/python3.7/site-packages/airflow/example_dags/example_latest_only.py
[2024-03-27T19:18:22.102+0000] {processor.py:766} INFO - DAG(s) dict_keys(['latest_only']) retrieved from /home/airflow/.local/lib/python3.7/site-packages/airflow/example_dags/example_latest_only.py
[2024-03-27T19:18:22.330+0000] {logging_mixin.py:120} INFO - [2024-03-27T19:18:22.329+0000] {dag.py:2585} INFO - Sync 1 DAGs
[2024-03-27T19:18:22.392+0000] {logging_mixin.py:120} INFO - [2024-03-27T19:18:22.392+0000] {dag.py:3340} INFO - Setting next_dagrun for latest_only to 2024-03-27T15:18:22.389487+00:00, run_after=2024-03-27T19:18:22.389487+00:00
[2024-03-27T19:18:22.448+0000] {processor.py:176} INFO - Processing /home/airflow/.local/lib/python3.7/site-packages/airflow/example_dags/example_latest_only.py took 0.384 seconds
[2024-03-27T19:18:53.027+0000] {processor.py:154} INFO - Started process (PID=146) to work on /home/airflow/.local/lib/python3.7/site-packages/airflow/example_dags/example_latest_only.py
[2024-03-27T19:18:53.028+0000] {processor.py:756} INFO - Processing file /home/airflow/.local/lib/python3.7/site-packages/airflow/example_dags/example_latest_only.py for tasks to queue
[2024-03-27T19:18:53.028+0000] {logging_mixin.py:120} INFO - [2024-03-27T19:18:53.028+0000] {dagbag.py:537} INFO - Filling up the DagBag from /home/airflow/.local/lib/python3.7/site-packages/airflow/example_dags/example_latest_only.py
[2024-03-27T19:18:53.056+0000] {processor.py:766} INFO - DAG(s) dict_keys(['latest_only']) retrieved from /home/airflow/.local/lib/python3.7/site-packages/airflow/example_dags/example_latest_only.py
[2024-03-27T19:18:53.108+0000] {logging_mixin.py:120} INFO - [2024-03-27T19:18:53.108+0000] {dag.py:2585} INFO - Sync 1 DAGs
[2024-03-27T19:18:53.128+0000] {logging_mixin.py:120} INFO - [2024-03-27T19:18:53.128+0000] {dag.py:3340} INFO - Setting next_dagrun for latest_only to 2024-03-27T15:18:53.128652+00:00, run_after=2024-03-27T19:18:53.128652+00:00
[2024-03-27T19:18:53.149+0000] {processor.py:176} INFO - Processing /home/airflow/.local/lib/python3.7/site-packages/airflow/example_dags/example_latest_only.py took 0.124 seconds
[2024-03-27T19:19:42.061+0000] {processor.py:154} INFO - Started process (PID=79) to work on /home/airflow/.local/lib/python3.7/site-packages/airflow/example_dags/example_latest_only.py
[2024-03-27T19:19:42.062+0000] {processor.py:756} INFO - Processing file /home/airflow/.local/lib/python3.7/site-packages/airflow/example_dags/example_latest_only.py for tasks to queue
[2024-03-27T19:19:42.063+0000] {logging_mixin.py:120} INFO - [2024-03-27T19:19:42.063+0000] {dagbag.py:537} INFO - Filling up the DagBag from /home/airflow/.local/lib/python3.7/site-packages/airflow/example_dags/example_latest_only.py
[2024-03-27T19:19:42.073+0000] {processor.py:766} INFO - DAG(s) dict_keys(['latest_only']) retrieved from /home/airflow/.local/lib/python3.7/site-packages/airflow/example_dags/example_latest_only.py
[2024-03-27T19:19:42.095+0000] {logging_mixin.py:120} INFO - [2024-03-27T19:19:42.095+0000] {dag.py:2585} INFO - Sync 1 DAGs
[2024-03-27T19:19:42.109+0000] {logging_mixin.py:120} INFO - [2024-03-27T19:19:42.109+0000] {dag.py:3340} INFO - Setting next_dagrun for latest_only to 2024-03-27T15:19:42.109703+00:00, run_after=2024-03-27T19:19:42.109703+00:00
[2024-03-27T19:19:42.119+0000] {processor.py:176} INFO - Processing /home/airflow/.local/lib/python3.7/site-packages/airflow/example_dags/example_latest_only.py took 0.060 seconds
[2024-03-27T19:20:23.489+0000] {processor.py:154} INFO - Started process (PID=138) to work on /home/airflow/.local/lib/python3.7/site-packages/airflow/example_dags/example_latest_only.py
[2024-03-27T19:20:23.492+0000] {processor.py:756} INFO - Processing file /home/airflow/.local/lib/python3.7/site-packages/airflow/example_dags/example_latest_only.py for tasks to queue
[2024-03-27T19:20:23.492+0000] {logging_mixin.py:120} INFO - [2024-03-27T19:20:23.492+0000] {dagbag.py:537} INFO - Filling up the DagBag from /home/airflow/.local/lib/python3.7/site-packages/airflow/example_dags/example_latest_only.py
[2024-03-27T19:20:23.509+0000] {processor.py:766} INFO - DAG(s) dict_keys(['latest_only']) retrieved from /home/airflow/.local/lib/python3.7/site-packages/airflow/example_dags/example_latest_only.py
[2024-03-27T19:20:23.563+0000] {logging_mixin.py:120} INFO - [2024-03-27T19:20:23.563+0000] {dag.py:2585} INFO - Sync 1 DAGs
[2024-03-27T19:20:23.597+0000] {logging_mixin.py:120} INFO - [2024-03-27T19:20:23.597+0000] {dag.py:3340} INFO - Setting next_dagrun for latest_only to 2024-03-27T15:20:23.597573+00:00, run_after=2024-03-27T19:20:23.597573+00:00
[2024-03-27T19:20:23.622+0000] {processor.py:176} INFO - Processing /home/airflow/.local/lib/python3.7/site-packages/airflow/example_dags/example_latest_only.py took 0.136 seconds
[2024-03-27T19:21:24.541+0000] {processor.py:154} INFO - Started process (PID=78) to work on /home/airflow/.local/lib/python3.7/site-packages/airflow/example_dags/example_latest_only.py
[2024-03-27T19:21:24.543+0000] {processor.py:756} INFO - Processing file /home/airflow/.local/lib/python3.7/site-packages/airflow/example_dags/example_latest_only.py for tasks to queue
[2024-03-27T19:21:24.543+0000] {logging_mixin.py:120} INFO - [2024-03-27T19:21:24.543+0000] {dagbag.py:537} INFO - Filling up the DagBag from /home/airflow/.local/lib/python3.7/site-packages/airflow/example_dags/example_latest_only.py
[2024-03-27T19:21:24.553+0000] {processor.py:766} INFO - DAG(s) dict_keys(['latest_only']) retrieved from /home/airflow/.local/lib/python3.7/site-packages/airflow/example_dags/example_latest_only.py
[2024-03-27T19:21:24.577+0000] {logging_mixin.py:120} INFO - [2024-03-27T19:21:24.577+0000] {dag.py:2585} INFO - Sync 1 DAGs
[2024-03-27T19:21:24.594+0000] {logging_mixin.py:120} INFO - [2024-03-27T19:21:24.594+0000] {dag.py:3340} INFO - Setting next_dagrun for latest_only to 2024-03-27T15:21:24.594229+00:00, run_after=2024-03-27T19:21:24.594229+00:00
[2024-03-27T19:21:24.605+0000] {processor.py:176} INFO - Processing /home/airflow/.local/lib/python3.7/site-packages/airflow/example_dags/example_latest_only.py took 0.066 seconds
[2024-03-27T19:22:05.459+0000] {processor.py:154} INFO - Started process (PID=137) to work on /home/airflow/.local/lib/python3.7/site-packages/airflow/example_dags/example_latest_only.py
[2024-03-27T19:22:05.460+0000] {processor.py:756} INFO - Processing file /home/airflow/.local/lib/python3.7/site-packages/airflow/example_dags/example_latest_only.py for tasks to queue
[2024-03-27T19:22:05.461+0000] {logging_mixin.py:120} INFO - [2024-03-27T19:22:05.460+0000] {dagbag.py:537} INFO - Filling up the DagBag from /home/airflow/.local/lib/python3.7/site-packages/airflow/example_dags/example_latest_only.py
[2024-03-27T19:22:05.506+0000] {processor.py:766} INFO - DAG(s) dict_keys(['latest_only']) retrieved from /home/airflow/.local/lib/python3.7/site-packages/airflow/example_dags/example_latest_only.py
[2024-03-27T19:22:05.660+0000] {logging_mixin.py:120} INFO - [2024-03-27T19:22:05.660+0000] {dag.py:2585} INFO - Sync 1 DAGs
[2024-03-27T19:22:05.680+0000] {logging_mixin.py:120} INFO - [2024-03-27T19:22:05.680+0000] {dag.py:3340} INFO - Setting next_dagrun for latest_only to 2024-03-27T15:22:05.680376+00:00, run_after=2024-03-27T19:22:05.680376+00:00
[2024-03-27T19:22:05.694+0000] {processor.py:176} INFO - Processing /home/airflow/.local/lib/python3.7/site-packages/airflow/example_dags/example_latest_only.py took 0.241 seconds
[2024-03-27T19:22:31.748+0000] {processor.py:154} INFO - Started process (PID=69) to work on /home/airflow/.local/lib/python3.7/site-packages/airflow/example_dags/example_latest_only.py
[2024-03-27T19:22:31.750+0000] {processor.py:756} INFO - Processing file /home/airflow/.local/lib/python3.7/site-packages/airflow/example_dags/example_latest_only.py for tasks to queue
[2024-03-27T19:22:31.750+0000] {logging_mixin.py:120} INFO - [2024-03-27T19:22:31.750+0000] {dagbag.py:537} INFO - Filling up the DagBag from /home/airflow/.local/lib/python3.7/site-packages/airflow/example_dags/example_latest_only.py
[2024-03-27T19:22:31.759+0000] {processor.py:766} INFO - DAG(s) dict_keys(['latest_only']) retrieved from /home/airflow/.local/lib/python3.7/site-packages/airflow/example_dags/example_latest_only.py
[2024-03-27T19:22:31.786+0000] {logging_mixin.py:120} INFO - [2024-03-27T19:22:31.786+0000] {dag.py:2585} INFO - Sync 1 DAGs
[2024-03-27T19:22:31.806+0000] {logging_mixin.py:120} INFO - [2024-03-27T19:22:31.805+0000] {dag.py:3340} INFO - Setting next_dagrun for latest_only to 2024-03-27T15:22:31.805813+00:00, run_after=2024-03-27T19:22:31.805813+00:00
[2024-03-27T19:22:31.825+0000] {processor.py:176} INFO - Processing /home/airflow/.local/lib/python3.7/site-packages/airflow/example_dags/example_latest_only.py took 0.079 seconds
[2024-03-27T19:23:02.201+0000] {processor.py:154} INFO - Started process (PID=137) to work on /home/airflow/.local/lib/python3.7/site-packages/airflow/example_dags/example_latest_only.py
[2024-03-27T19:23:02.203+0000] {processor.py:756} INFO - Processing file /home/airflow/.local/lib/python3.7/site-packages/airflow/example_dags/example_latest_only.py for tasks to queue
[2024-03-27T19:23:02.203+0000] {logging_mixin.py:120} INFO - [2024-03-27T19:23:02.203+0000] {dagbag.py:537} INFO - Filling up the DagBag from /home/airflow/.local/lib/python3.7/site-packages/airflow/example_dags/example_latest_only.py
[2024-03-27T19:23:02.214+0000] {processor.py:766} INFO - DAG(s) dict_keys(['latest_only']) retrieved from /home/airflow/.local/lib/python3.7/site-packages/airflow/example_dags/example_latest_only.py
[2024-03-27T19:23:02.235+0000] {logging_mixin.py:120} INFO - [2024-03-27T19:23:02.235+0000] {dag.py:2585} INFO - Sync 1 DAGs
[2024-03-27T19:23:02.248+0000] {logging_mixin.py:120} INFO - [2024-03-27T19:23:02.248+0000] {dag.py:3340} INFO - Setting next_dagrun for latest_only to 2024-03-27T15:23:02.248227+00:00, run_after=2024-03-27T19:23:02.248227+00:00
[2024-03-27T19:23:02.258+0000] {processor.py:176} INFO - Processing /home/airflow/.local/lib/python3.7/site-packages/airflow/example_dags/example_latest_only.py took 0.060 seconds
[2024-03-27T19:24:28.935+0000] {processor.py:154} INFO - Started process (PID=196) to work on /home/airflow/.local/lib/python3.7/site-packages/airflow/example_dags/example_latest_only.py
[2024-03-27T19:24:28.936+0000] {processor.py:756} INFO - Processing file /home/airflow/.local/lib/python3.7/site-packages/airflow/example_dags/example_latest_only.py for tasks to queue
[2024-03-27T19:24:28.936+0000] {logging_mixin.py:120} INFO - [2024-03-27T19:24:28.936+0000] {dagbag.py:537} INFO - Filling up the DagBag from /home/airflow/.local/lib/python3.7/site-packages/airflow/example_dags/example_latest_only.py
[2024-03-27T19:24:28.943+0000] {processor.py:766} INFO - DAG(s) dict_keys(['latest_only']) retrieved from /home/airflow/.local/lib/python3.7/site-packages/airflow/example_dags/example_latest_only.py
[2024-03-27T19:24:28.963+0000] {logging_mixin.py:120} INFO - [2024-03-27T19:24:28.963+0000] {dag.py:2585} INFO - Sync 1 DAGs
[2024-03-27T19:24:28.978+0000] {logging_mixin.py:120} INFO - [2024-03-27T19:24:28.978+0000] {dag.py:3340} INFO - Setting next_dagrun for latest_only to 2024-03-27T15:24:28.978642+00:00, run_after=2024-03-27T19:24:28.978642+00:00
[2024-03-27T19:24:28.987+0000] {processor.py:176} INFO - Processing /home/airflow/.local/lib/python3.7/site-packages/airflow/example_dags/example_latest_only.py took 0.054 seconds
[2024-03-27T19:24:55.120+0000] {processor.py:154} INFO - Started process (PID=69) to work on /home/airflow/.local/lib/python3.7/site-packages/airflow/example_dags/example_latest_only.py
[2024-03-27T19:24:55.121+0000] {processor.py:756} INFO - Processing file /home/airflow/.local/lib/python3.7/site-packages/airflow/example_dags/example_latest_only.py for tasks to queue
[2024-03-27T19:24:55.121+0000] {logging_mixin.py:120} INFO - [2024-03-27T19:24:55.121+0000] {dagbag.py:537} INFO - Filling up the DagBag from /home/airflow/.local/lib/python3.7/site-packages/airflow/example_dags/example_latest_only.py
[2024-03-27T19:24:55.131+0000] {processor.py:766} INFO - DAG(s) dict_keys(['latest_only']) retrieved from /home/airflow/.local/lib/python3.7/site-packages/airflow/example_dags/example_latest_only.py
[2024-03-27T19:24:55.154+0000] {logging_mixin.py:120} INFO - [2024-03-27T19:24:55.154+0000] {dag.py:2585} INFO - Sync 1 DAGs
[2024-03-27T19:24:55.170+0000] {logging_mixin.py:120} INFO - [2024-03-27T19:24:55.170+0000] {dag.py:3340} INFO - Setting next_dagrun for latest_only to 2024-03-27T15:24:55.170617+00:00, run_after=2024-03-27T19:24:55.170617+00:00
[2024-03-27T19:24:55.184+0000] {processor.py:176} INFO - Processing /home/airflow/.local/lib/python3.7/site-packages/airflow/example_dags/example_latest_only.py took 0.066 seconds
[2024-03-27T19:25:25.229+0000] {processor.py:154} INFO - Started process (PID=136) to work on /home/airflow/.local/lib/python3.7/site-packages/airflow/example_dags/example_latest_only.py
[2024-03-27T19:25:25.230+0000] {processor.py:756} INFO - Processing file /home/airflow/.local/lib/python3.7/site-packages/airflow/example_dags/example_latest_only.py for tasks to queue
[2024-03-27T19:25:25.230+0000] {logging_mixin.py:120} INFO - [2024-03-27T19:25:25.230+0000] {dagbag.py:537} INFO - Filling up the DagBag from /home/airflow/.local/lib/python3.7/site-packages/airflow/example_dags/example_latest_only.py
[2024-03-27T19:25:25.238+0000] {processor.py:766} INFO - DAG(s) dict_keys(['latest_only']) retrieved from /home/airflow/.local/lib/python3.7/site-packages/airflow/example_dags/example_latest_only.py
[2024-03-27T19:25:25.257+0000] {logging_mixin.py:120} INFO - [2024-03-27T19:25:25.257+0000] {dag.py:2585} INFO - Sync 1 DAGs
[2024-03-27T19:25:25.270+0000] {logging_mixin.py:120} INFO - [2024-03-27T19:25:25.270+0000] {dag.py:3340} INFO - Setting next_dagrun for latest_only to 2024-03-27T15:25:25.270493+00:00, run_after=2024-03-27T19:25:25.270493+00:00
[2024-03-27T19:25:25.279+0000] {processor.py:176} INFO - Processing /home/airflow/.local/lib/python3.7/site-packages/airflow/example_dags/example_latest_only.py took 0.052 seconds
[2024-03-27T19:25:55.841+0000] {processor.py:154} INFO - Started process (PID=205) to work on /home/airflow/.local/lib/python3.7/site-packages/airflow/example_dags/example_latest_only.py
[2024-03-27T19:25:55.842+0000] {processor.py:756} INFO - Processing file /home/airflow/.local/lib/python3.7/site-packages/airflow/example_dags/example_latest_only.py for tasks to queue
[2024-03-27T19:25:55.842+0000] {logging_mixin.py:120} INFO - [2024-03-27T19:25:55.842+0000] {dagbag.py:537} INFO - Filling up the DagBag from /home/airflow/.local/lib/python3.7/site-packages/airflow/example_dags/example_latest_only.py
[2024-03-27T19:25:55.849+0000] {processor.py:766} INFO - DAG(s) dict_keys(['latest_only']) retrieved from /home/airflow/.local/lib/python3.7/site-packages/airflow/example_dags/example_latest_only.py
[2024-03-27T19:25:55.870+0000] {logging_mixin.py:120} INFO - [2024-03-27T19:25:55.870+0000] {dag.py:2585} INFO - Sync 1 DAGs
[2024-03-27T19:25:55.881+0000] {logging_mixin.py:120} INFO - [2024-03-27T19:25:55.881+0000] {dag.py:3340} INFO - Setting next_dagrun for latest_only to 2024-03-27T15:25:55.881378+00:00, run_after=2024-03-27T19:25:55.881378+00:00
[2024-03-27T19:25:55.890+0000] {processor.py:176} INFO - Processing /home/airflow/.local/lib/python3.7/site-packages/airflow/example_dags/example_latest_only.py took 0.050 seconds
[2024-03-27T19:26:26.360+0000] {processor.py:154} INFO - Started process (PID=273) to work on /home/airflow/.local/lib/python3.7/site-packages/airflow/example_dags/example_latest_only.py
[2024-03-27T19:26:26.361+0000] {processor.py:756} INFO - Processing file /home/airflow/.local/lib/python3.7/site-packages/airflow/example_dags/example_latest_only.py for tasks to queue
[2024-03-27T19:26:26.361+0000] {logging_mixin.py:120} INFO - [2024-03-27T19:26:26.361+0000] {dagbag.py:537} INFO - Filling up the DagBag from /home/airflow/.local/lib/python3.7/site-packages/airflow/example_dags/example_latest_only.py
[2024-03-27T19:26:26.371+0000] {processor.py:766} INFO - DAG(s) dict_keys(['latest_only']) retrieved from /home/airflow/.local/lib/python3.7/site-packages/airflow/example_dags/example_latest_only.py
[2024-03-27T19:26:26.395+0000] {logging_mixin.py:120} INFO - [2024-03-27T19:26:26.395+0000] {dag.py:2585} INFO - Sync 1 DAGs
[2024-03-27T19:26:26.412+0000] {logging_mixin.py:120} INFO - [2024-03-27T19:26:26.412+0000] {dag.py:3340} INFO - Setting next_dagrun for latest_only to 2024-03-27T15:26:26.412579+00:00, run_after=2024-03-27T19:26:26.412579+00:00
[2024-03-27T19:26:26.423+0000] {processor.py:176} INFO - Processing /home/airflow/.local/lib/python3.7/site-packages/airflow/example_dags/example_latest_only.py took 0.065 seconds
[2024-03-27T19:26:57.780+0000] {processor.py:154} INFO - Started process (PID=70) to work on /home/airflow/.local/lib/python3.7/site-packages/airflow/example_dags/example_latest_only.py
[2024-03-27T19:26:57.781+0000] {processor.py:756} INFO - Processing file /home/airflow/.local/lib/python3.7/site-packages/airflow/example_dags/example_latest_only.py for tasks to queue
[2024-03-27T19:26:57.781+0000] {logging_mixin.py:120} INFO - [2024-03-27T19:26:57.781+0000] {dagbag.py:537} INFO - Filling up the DagBag from /home/airflow/.local/lib/python3.7/site-packages/airflow/example_dags/example_latest_only.py
[2024-03-27T19:26:57.789+0000] {processor.py:766} INFO - DAG(s) dict_keys(['latest_only']) retrieved from /home/airflow/.local/lib/python3.7/site-packages/airflow/example_dags/example_latest_only.py
[2024-03-27T19:26:57.808+0000] {logging_mixin.py:120} INFO - [2024-03-27T19:26:57.808+0000] {dag.py:2585} INFO - Sync 1 DAGs
[2024-03-27T19:26:57.822+0000] {logging_mixin.py:120} INFO - [2024-03-27T19:26:57.822+0000] {dag.py:3340} INFO - Setting next_dagrun for latest_only to 2024-03-27T15:26:57.822230+00:00, run_after=2024-03-27T19:26:57.822230+00:00
[2024-03-27T19:26:57.831+0000] {processor.py:176} INFO - Processing /home/airflow/.local/lib/python3.7/site-packages/airflow/example_dags/example_latest_only.py took 0.052 seconds
[2024-03-27T19:27:28.180+0000] {processor.py:154} INFO - Started process (PID=137) to work on /home/airflow/.local/lib/python3.7/site-packages/airflow/example_dags/example_latest_only.py
[2024-03-27T19:27:28.180+0000] {processor.py:756} INFO - Processing file /home/airflow/.local/lib/python3.7/site-packages/airflow/example_dags/example_latest_only.py for tasks to queue
[2024-03-27T19:27:28.181+0000] {logging_mixin.py:120} INFO - [2024-03-27T19:27:28.181+0000] {dagbag.py:537} INFO - Filling up the DagBag from /home/airflow/.local/lib/python3.7/site-packages/airflow/example_dags/example_latest_only.py
[2024-03-27T19:27:28.189+0000] {processor.py:766} INFO - DAG(s) dict_keys(['latest_only']) retrieved from /home/airflow/.local/lib/python3.7/site-packages/airflow/example_dags/example_latest_only.py
[2024-03-27T19:27:28.210+0000] {logging_mixin.py:120} INFO - [2024-03-27T19:27:28.210+0000] {dag.py:2585} INFO - Sync 1 DAGs
[2024-03-27T19:27:28.223+0000] {logging_mixin.py:120} INFO - [2024-03-27T19:27:28.223+0000] {dag.py:3340} INFO - Setting next_dagrun for latest_only to 2024-03-27T15:27:28.223373+00:00, run_after=2024-03-27T19:27:28.223373+00:00
[2024-03-27T19:27:28.232+0000] {processor.py:176} INFO - Processing /home/airflow/.local/lib/python3.7/site-packages/airflow/example_dags/example_latest_only.py took 0.055 seconds
[2024-03-27T19:28:32.867+0000] {processor.py:154} INFO - Started process (PID=254) to work on /home/airflow/.local/lib/python3.7/site-packages/airflow/example_dags/example_latest_only.py
[2024-03-27T19:28:32.871+0000] {processor.py:756} INFO - Processing file /home/airflow/.local/lib/python3.7/site-packages/airflow/example_dags/example_latest_only.py for tasks to queue
[2024-03-27T19:28:32.871+0000] {logging_mixin.py:120} INFO - [2024-03-27T19:28:32.871+0000] {dagbag.py:537} INFO - Filling up the DagBag from /home/airflow/.local/lib/python3.7/site-packages/airflow/example_dags/example_latest_only.py
[2024-03-27T19:28:32.924+0000] {processor.py:766} INFO - DAG(s) dict_keys(['latest_only']) retrieved from /home/airflow/.local/lib/python3.7/site-packages/airflow/example_dags/example_latest_only.py
[2024-03-27T19:28:33.037+0000] {logging_mixin.py:120} INFO - [2024-03-27T19:28:33.037+0000] {dag.py:2585} INFO - Sync 1 DAGs
[2024-03-27T19:28:33.057+0000] {logging_mixin.py:120} INFO - [2024-03-27T19:28:33.056+0000] {dag.py:3340} INFO - Setting next_dagrun for latest_only to 2024-03-27T19:27:28.223373+00:00, run_after=2024-03-27T23:27:28.223373+00:00
[2024-03-27T19:28:33.069+0000] {processor.py:176} INFO - Processing /home/airflow/.local/lib/python3.7/site-packages/airflow/example_dags/example_latest_only.py took 0.212 seconds
[2024-03-27T19:29:08.934+0000] {processor.py:154} INFO - Started process (PID=326) to work on /home/airflow/.local/lib/python3.7/site-packages/airflow/example_dags/example_latest_only.py
[2024-03-27T19:29:08.936+0000] {processor.py:756} INFO - Processing file /home/airflow/.local/lib/python3.7/site-packages/airflow/example_dags/example_latest_only.py for tasks to queue
[2024-03-27T19:29:08.937+0000] {logging_mixin.py:120} INFO - [2024-03-27T19:29:08.937+0000] {dagbag.py:537} INFO - Filling up the DagBag from /home/airflow/.local/lib/python3.7/site-packages/airflow/example_dags/example_latest_only.py
[2024-03-27T19:29:08.964+0000] {processor.py:766} INFO - DAG(s) dict_keys(['latest_only']) retrieved from /home/airflow/.local/lib/python3.7/site-packages/airflow/example_dags/example_latest_only.py
[2024-03-27T19:29:09.021+0000] {logging_mixin.py:120} INFO - [2024-03-27T19:29:09.021+0000] {dag.py:2585} INFO - Sync 1 DAGs
[2024-03-27T19:29:09.046+0000] {logging_mixin.py:120} INFO - [2024-03-27T19:29:09.046+0000] {dag.py:3340} INFO - Setting next_dagrun for latest_only to 2024-03-27T19:27:28.223373+00:00, run_after=2024-03-27T23:27:28.223373+00:00
[2024-03-27T19:29:09.065+0000] {processor.py:176} INFO - Processing /home/airflow/.local/lib/python3.7/site-packages/airflow/example_dags/example_latest_only.py took 0.140 seconds
[2024-03-27T19:30:09.158+0000] {processor.py:154} INFO - Started process (PID=397) to work on /home/airflow/.local/lib/python3.7/site-packages/airflow/example_dags/example_latest_only.py
[2024-03-27T19:30:09.164+0000] {processor.py:756} INFO - Processing file /home/airflow/.local/lib/python3.7/site-packages/airflow/example_dags/example_latest_only.py for tasks to queue
[2024-03-27T19:30:09.166+0000] {logging_mixin.py:120} INFO - [2024-03-27T19:30:09.166+0000] {dagbag.py:537} INFO - Filling up the DagBag from /home/airflow/.local/lib/python3.7/site-packages/airflow/example_dags/example_latest_only.py
[2024-03-27T19:30:09.204+0000] {processor.py:766} INFO - DAG(s) dict_keys(['latest_only']) retrieved from /home/airflow/.local/lib/python3.7/site-packages/airflow/example_dags/example_latest_only.py
[2024-03-27T19:30:09.269+0000] {logging_mixin.py:120} INFO - [2024-03-27T19:30:09.269+0000] {dag.py:2585} INFO - Sync 1 DAGs
[2024-03-27T19:30:09.325+0000] {logging_mixin.py:120} INFO - [2024-03-27T19:30:09.325+0000] {dag.py:3340} INFO - Setting next_dagrun for latest_only to 2024-03-27T19:27:28.223373+00:00, run_after=2024-03-27T23:27:28.223373+00:00
[2024-03-27T19:30:09.339+0000] {processor.py:176} INFO - Processing /home/airflow/.local/lib/python3.7/site-packages/airflow/example_dags/example_latest_only.py took 0.196 seconds
[2024-03-27T19:30:55.649+0000] {processor.py:154} INFO - Started process (PID=474) to work on /home/airflow/.local/lib/python3.7/site-packages/airflow/example_dags/example_latest_only.py
[2024-03-27T19:30:55.651+0000] {processor.py:756} INFO - Processing file /home/airflow/.local/lib/python3.7/site-packages/airflow/example_dags/example_latest_only.py for tasks to queue
[2024-03-27T19:30:55.653+0000] {logging_mixin.py:120} INFO - [2024-03-27T19:30:55.652+0000] {dagbag.py:537} INFO - Filling up the DagBag from /home/airflow/.local/lib/python3.7/site-packages/airflow/example_dags/example_latest_only.py
[2024-03-27T19:30:55.676+0000] {processor.py:766} INFO - DAG(s) dict_keys(['latest_only']) retrieved from /home/airflow/.local/lib/python3.7/site-packages/airflow/example_dags/example_latest_only.py
[2024-03-27T19:30:55.762+0000] {logging_mixin.py:120} INFO - [2024-03-27T19:30:55.762+0000] {dag.py:2585} INFO - Sync 1 DAGs
[2024-03-27T19:30:55.804+0000] {logging_mixin.py:120} INFO - [2024-03-27T19:30:55.804+0000] {dag.py:3340} INFO - Setting next_dagrun for latest_only to 2024-03-27T19:27:28.223373+00:00, run_after=2024-03-27T23:27:28.223373+00:00
[2024-03-27T19:30:55.855+0000] {processor.py:176} INFO - Processing /home/airflow/.local/lib/python3.7/site-packages/airflow/example_dags/example_latest_only.py took 0.212 seconds
[2024-03-27T19:31:26.051+0000] {processor.py:154} INFO - Started process (PID=526) to work on /home/airflow/.local/lib/python3.7/site-packages/airflow/example_dags/example_latest_only.py
[2024-03-27T19:31:26.055+0000] {processor.py:756} INFO - Processing file /home/airflow/.local/lib/python3.7/site-packages/airflow/example_dags/example_latest_only.py for tasks to queue
[2024-03-27T19:31:26.055+0000] {logging_mixin.py:120} INFO - [2024-03-27T19:31:26.055+0000] {dagbag.py:537} INFO - Filling up the DagBag from /home/airflow/.local/lib/python3.7/site-packages/airflow/example_dags/example_latest_only.py
[2024-03-27T19:31:26.067+0000] {processor.py:766} INFO - DAG(s) dict_keys(['latest_only']) retrieved from /home/airflow/.local/lib/python3.7/site-packages/airflow/example_dags/example_latest_only.py
[2024-03-27T19:31:26.101+0000] {logging_mixin.py:120} INFO - [2024-03-27T19:31:26.100+0000] {dag.py:2585} INFO - Sync 1 DAGs
[2024-03-27T19:31:26.117+0000] {logging_mixin.py:120} INFO - [2024-03-27T19:31:26.117+0000] {dag.py:3340} INFO - Setting next_dagrun for latest_only to 2024-03-27T19:27:28.223373+00:00, run_after=2024-03-27T23:27:28.223373+00:00
[2024-03-27T19:31:26.128+0000] {processor.py:176} INFO - Processing /home/airflow/.local/lib/python3.7/site-packages/airflow/example_dags/example_latest_only.py took 0.079 seconds
[2024-03-27T19:32:05.263+0000] {processor.py:154} INFO - Started process (PID=582) to work on /home/airflow/.local/lib/python3.7/site-packages/airflow/example_dags/example_latest_only.py
[2024-03-27T19:32:05.264+0000] {processor.py:756} INFO - Processing file /home/airflow/.local/lib/python3.7/site-packages/airflow/example_dags/example_latest_only.py for tasks to queue
[2024-03-27T19:32:05.265+0000] {logging_mixin.py:120} INFO - [2024-03-27T19:32:05.265+0000] {dagbag.py:537} INFO - Filling up the DagBag from /home/airflow/.local/lib/python3.7/site-packages/airflow/example_dags/example_latest_only.py
[2024-03-27T19:32:05.276+0000] {processor.py:766} INFO - DAG(s) dict_keys(['latest_only']) retrieved from /home/airflow/.local/lib/python3.7/site-packages/airflow/example_dags/example_latest_only.py
[2024-03-27T19:32:05.302+0000] {logging_mixin.py:120} INFO - [2024-03-27T19:32:05.302+0000] {dag.py:2585} INFO - Sync 1 DAGs
[2024-03-27T19:32:05.321+0000] {logging_mixin.py:120} INFO - [2024-03-27T19:32:05.321+0000] {dag.py:3340} INFO - Setting next_dagrun for latest_only to 2024-03-27T19:27:28.223373+00:00, run_after=2024-03-27T23:27:28.223373+00:00
[2024-03-27T19:32:05.333+0000] {processor.py:176} INFO - Processing /home/airflow/.local/lib/python3.7/site-packages/airflow/example_dags/example_latest_only.py took 0.073 seconds
[2024-03-27T19:32:54.499+0000] {processor.py:154} INFO - Started process (PID=643) to work on /home/airflow/.local/lib/python3.7/site-packages/airflow/example_dags/example_latest_only.py
[2024-03-27T19:32:54.500+0000] {processor.py:756} INFO - Processing file /home/airflow/.local/lib/python3.7/site-packages/airflow/example_dags/example_latest_only.py for tasks to queue
[2024-03-27T19:32:54.500+0000] {logging_mixin.py:120} INFO - [2024-03-27T19:32:54.500+0000] {dagbag.py:537} INFO - Filling up the DagBag from /home/airflow/.local/lib/python3.7/site-packages/airflow/example_dags/example_latest_only.py
[2024-03-27T19:32:54.519+0000] {processor.py:766} INFO - DAG(s) dict_keys(['latest_only']) retrieved from /home/airflow/.local/lib/python3.7/site-packages/airflow/example_dags/example_latest_only.py
[2024-03-27T19:32:54.568+0000] {logging_mixin.py:120} INFO - [2024-03-27T19:32:54.568+0000] {dag.py:2585} INFO - Sync 1 DAGs
[2024-03-27T19:32:54.602+0000] {logging_mixin.py:120} INFO - [2024-03-27T19:32:54.601+0000] {dag.py:3340} INFO - Setting next_dagrun for latest_only to 2024-03-27T19:27:28.223373+00:00, run_after=2024-03-27T23:27:28.223373+00:00
[2024-03-27T19:32:54.625+0000] {processor.py:176} INFO - Processing /home/airflow/.local/lib/python3.7/site-packages/airflow/example_dags/example_latest_only.py took 0.132 seconds
[2024-03-27T19:33:26.423+0000] {processor.py:154} INFO - Started process (PID=694) to work on /home/airflow/.local/lib/python3.7/site-packages/airflow/example_dags/example_latest_only.py
[2024-03-27T19:33:26.424+0000] {processor.py:756} INFO - Processing file /home/airflow/.local/lib/python3.7/site-packages/airflow/example_dags/example_latest_only.py for tasks to queue
[2024-03-27T19:33:26.425+0000] {logging_mixin.py:120} INFO - [2024-03-27T19:33:26.425+0000] {dagbag.py:537} INFO - Filling up the DagBag from /home/airflow/.local/lib/python3.7/site-packages/airflow/example_dags/example_latest_only.py
[2024-03-27T19:33:26.440+0000] {processor.py:766} INFO - DAG(s) dict_keys(['latest_only']) retrieved from /home/airflow/.local/lib/python3.7/site-packages/airflow/example_dags/example_latest_only.py
[2024-03-27T19:33:26.489+0000] {logging_mixin.py:120} INFO - [2024-03-27T19:33:26.489+0000] {dag.py:2585} INFO - Sync 1 DAGs
[2024-03-27T19:33:26.504+0000] {logging_mixin.py:120} INFO - [2024-03-27T19:33:26.504+0000] {dag.py:3340} INFO - Setting next_dagrun for latest_only to 2024-03-27T19:27:28.223373+00:00, run_after=2024-03-27T23:27:28.223373+00:00
[2024-03-27T19:33:26.515+0000] {processor.py:176} INFO - Processing /home/airflow/.local/lib/python3.7/site-packages/airflow/example_dags/example_latest_only.py took 0.095 seconds
[2024-03-27T19:34:13.590+0000] {processor.py:154} INFO - Started process (PID=765) to work on /home/airflow/.local/lib/python3.7/site-packages/airflow/example_dags/example_latest_only.py
[2024-03-27T19:34:13.591+0000] {processor.py:756} INFO - Processing file /home/airflow/.local/lib/python3.7/site-packages/airflow/example_dags/example_latest_only.py for tasks to queue
[2024-03-27T19:34:13.592+0000] {logging_mixin.py:120} INFO - [2024-03-27T19:34:13.592+0000] {dagbag.py:537} INFO - Filling up the DagBag from /home/airflow/.local/lib/python3.7/site-packages/airflow/example_dags/example_latest_only.py
[2024-03-27T19:34:13.623+0000] {processor.py:766} INFO - DAG(s) dict_keys(['latest_only']) retrieved from /home/airflow/.local/lib/python3.7/site-packages/airflow/example_dags/example_latest_only.py
[2024-03-27T19:34:13.718+0000] {logging_mixin.py:120} INFO - [2024-03-27T19:34:13.718+0000] {dag.py:2585} INFO - Sync 1 DAGs
[2024-03-27T19:34:13.779+0000] {logging_mixin.py:120} INFO - [2024-03-27T19:34:13.779+0000] {dag.py:3340} INFO - Setting next_dagrun for latest_only to 2024-03-27T19:27:28.223373+00:00, run_after=2024-03-27T23:27:28.223373+00:00
[2024-03-27T19:34:13.796+0000] {processor.py:176} INFO - Processing /home/airflow/.local/lib/python3.7/site-packages/airflow/example_dags/example_latest_only.py took 0.215 seconds
[2024-03-27T19:34:46.094+0000] {processor.py:154} INFO - Started process (PID=827) to work on /home/airflow/.local/lib/python3.7/site-packages/airflow/example_dags/example_latest_only.py
[2024-03-27T19:34:46.097+0000] {processor.py:756} INFO - Processing file /home/airflow/.local/lib/python3.7/site-packages/airflow/example_dags/example_latest_only.py for tasks to queue
[2024-03-27T19:34:46.098+0000] {logging_mixin.py:120} INFO - [2024-03-27T19:34:46.098+0000] {dagbag.py:537} INFO - Filling up the DagBag from /home/airflow/.local/lib/python3.7/site-packages/airflow/example_dags/example_latest_only.py
[2024-03-27T19:34:46.124+0000] {processor.py:766} INFO - DAG(s) dict_keys(['latest_only']) retrieved from /home/airflow/.local/lib/python3.7/site-packages/airflow/example_dags/example_latest_only.py
[2024-03-27T19:34:46.179+0000] {logging_mixin.py:120} INFO - [2024-03-27T19:34:46.179+0000] {dag.py:2585} INFO - Sync 1 DAGs
[2024-03-27T19:34:46.208+0000] {logging_mixin.py:120} INFO - [2024-03-27T19:34:46.208+0000] {dag.py:3340} INFO - Setting next_dagrun for latest_only to 2024-03-27T19:27:28.223373+00:00, run_after=2024-03-27T23:27:28.223373+00:00
[2024-03-27T19:34:46.239+0000] {processor.py:176} INFO - Processing /home/airflow/.local/lib/python3.7/site-packages/airflow/example_dags/example_latest_only.py took 0.148 seconds
[2024-03-27T19:35:21.038+0000] {processor.py:154} INFO - Started process (PID=877) to work on /home/airflow/.local/lib/python3.7/site-packages/airflow/example_dags/example_latest_only.py
[2024-03-27T19:35:21.042+0000] {processor.py:756} INFO - Processing file /home/airflow/.local/lib/python3.7/site-packages/airflow/example_dags/example_latest_only.py for tasks to queue
[2024-03-27T19:35:21.042+0000] {logging_mixin.py:120} INFO - [2024-03-27T19:35:21.042+0000] {dagbag.py:537} INFO - Filling up the DagBag from /home/airflow/.local/lib/python3.7/site-packages/airflow/example_dags/example_latest_only.py
[2024-03-27T19:35:21.058+0000] {processor.py:766} INFO - DAG(s) dict_keys(['latest_only']) retrieved from /home/airflow/.local/lib/python3.7/site-packages/airflow/example_dags/example_latest_only.py
[2024-03-27T19:35:21.087+0000] {logging_mixin.py:120} INFO - [2024-03-27T19:35:21.087+0000] {dag.py:2585} INFO - Sync 1 DAGs
[2024-03-27T19:35:21.106+0000] {logging_mixin.py:120} INFO - [2024-03-27T19:35:21.106+0000] {dag.py:3340} INFO - Setting next_dagrun for latest_only to 2024-03-27T19:27:28.223373+00:00, run_after=2024-03-27T23:27:28.223373+00:00
[2024-03-27T19:35:21.123+0000] {processor.py:176} INFO - Processing /home/airflow/.local/lib/python3.7/site-packages/airflow/example_dags/example_latest_only.py took 0.091 seconds
[2024-03-27T19:36:16.968+0000] {processor.py:154} INFO - Started process (PID=944) to work on /home/airflow/.local/lib/python3.7/site-packages/airflow/example_dags/example_latest_only.py
[2024-03-27T19:36:16.970+0000] {processor.py:756} INFO - Processing file /home/airflow/.local/lib/python3.7/site-packages/airflow/example_dags/example_latest_only.py for tasks to queue
[2024-03-27T19:36:16.971+0000] {logging_mixin.py:120} INFO - [2024-03-27T19:36:16.971+0000] {dagbag.py:537} INFO - Filling up the DagBag from /home/airflow/.local/lib/python3.7/site-packages/airflow/example_dags/example_latest_only.py
[2024-03-27T19:36:16.988+0000] {processor.py:766} INFO - DAG(s) dict_keys(['latest_only']) retrieved from /home/airflow/.local/lib/python3.7/site-packages/airflow/example_dags/example_latest_only.py
[2024-03-27T19:36:17.062+0000] {logging_mixin.py:120} INFO - [2024-03-27T19:36:17.062+0000] {dag.py:2585} INFO - Sync 1 DAGs
[2024-03-27T19:36:17.099+0000] {logging_mixin.py:120} INFO - [2024-03-27T19:36:17.099+0000] {dag.py:3340} INFO - Setting next_dagrun for latest_only to 2024-03-27T19:27:28.223373+00:00, run_after=2024-03-27T23:27:28.223373+00:00
[2024-03-27T19:36:17.134+0000] {processor.py:176} INFO - Processing /home/airflow/.local/lib/python3.7/site-packages/airflow/example_dags/example_latest_only.py took 0.170 seconds
[2024-03-27T19:37:15.247+0000] {processor.py:154} INFO - Started process (PID=78) to work on /home/airflow/.local/lib/python3.7/site-packages/airflow/example_dags/example_latest_only.py
[2024-03-27T19:37:15.251+0000] {processor.py:756} INFO - Processing file /home/airflow/.local/lib/python3.7/site-packages/airflow/example_dags/example_latest_only.py for tasks to queue
[2024-03-27T19:37:15.252+0000] {logging_mixin.py:120} INFO - [2024-03-27T19:37:15.252+0000] {dagbag.py:537} INFO - Filling up the DagBag from /home/airflow/.local/lib/python3.7/site-packages/airflow/example_dags/example_latest_only.py
[2024-03-27T19:37:15.287+0000] {processor.py:766} INFO - DAG(s) dict_keys(['latest_only']) retrieved from /home/airflow/.local/lib/python3.7/site-packages/airflow/example_dags/example_latest_only.py
[2024-03-27T19:37:15.320+0000] {logging_mixin.py:120} INFO - [2024-03-27T19:37:15.320+0000] {dag.py:2585} INFO - Sync 1 DAGs
[2024-03-27T19:37:15.341+0000] {logging_mixin.py:120} INFO - [2024-03-27T19:37:15.341+0000] {dag.py:3340} INFO - Setting next_dagrun for latest_only to 2024-03-27T19:27:28.223373+00:00, run_after=2024-03-27T23:27:28.223373+00:00
[2024-03-27T19:37:15.360+0000] {processor.py:176} INFO - Processing /home/airflow/.local/lib/python3.7/site-packages/airflow/example_dags/example_latest_only.py took 0.115 seconds
[2024-03-27T19:37:46.578+0000] {processor.py:154} INFO - Started process (PID=138) to work on /home/airflow/.local/lib/python3.7/site-packages/airflow/example_dags/example_latest_only.py
[2024-03-27T19:37:46.582+0000] {processor.py:756} INFO - Processing file /home/airflow/.local/lib/python3.7/site-packages/airflow/example_dags/example_latest_only.py for tasks to queue
[2024-03-27T19:37:46.583+0000] {logging_mixin.py:120} INFO - [2024-03-27T19:37:46.583+0000] {dagbag.py:537} INFO - Filling up the DagBag from /home/airflow/.local/lib/python3.7/site-packages/airflow/example_dags/example_latest_only.py
[2024-03-27T19:37:46.605+0000] {processor.py:766} INFO - DAG(s) dict_keys(['latest_only']) retrieved from /home/airflow/.local/lib/python3.7/site-packages/airflow/example_dags/example_latest_only.py
[2024-03-27T19:37:46.647+0000] {logging_mixin.py:120} INFO - [2024-03-27T19:37:46.647+0000] {dag.py:2585} INFO - Sync 1 DAGs
[2024-03-27T19:37:46.672+0000] {logging_mixin.py:120} INFO - [2024-03-27T19:37:46.672+0000] {dag.py:3340} INFO - Setting next_dagrun for latest_only to 2024-03-27T19:27:28.223373+00:00, run_after=2024-03-27T23:27:28.223373+00:00
[2024-03-27T19:37:46.690+0000] {processor.py:176} INFO - Processing /home/airflow/.local/lib/python3.7/site-packages/airflow/example_dags/example_latest_only.py took 0.118 seconds
[2024-03-27T19:38:29.453+0000] {processor.py:154} INFO - Started process (PID=78) to work on /home/airflow/.local/lib/python3.7/site-packages/airflow/example_dags/example_latest_only.py
[2024-03-27T19:38:29.455+0000] {processor.py:756} INFO - Processing file /home/airflow/.local/lib/python3.7/site-packages/airflow/example_dags/example_latest_only.py for tasks to queue
[2024-03-27T19:38:29.455+0000] {logging_mixin.py:120} INFO - [2024-03-27T19:38:29.455+0000] {dagbag.py:537} INFO - Filling up the DagBag from /home/airflow/.local/lib/python3.7/site-packages/airflow/example_dags/example_latest_only.py
[2024-03-27T19:38:29.492+0000] {processor.py:766} INFO - DAG(s) dict_keys(['latest_only']) retrieved from /home/airflow/.local/lib/python3.7/site-packages/airflow/example_dags/example_latest_only.py
[2024-03-27T19:38:29.617+0000] {logging_mixin.py:120} INFO - [2024-03-27T19:38:29.613+0000] {dag.py:2585} INFO - Sync 1 DAGs
[2024-03-27T19:38:29.680+0000] {logging_mixin.py:120} INFO - [2024-03-27T19:38:29.680+0000] {dag.py:3340} INFO - Setting next_dagrun for latest_only to 2024-03-27T19:27:28.223373+00:00, run_after=2024-03-27T23:27:28.223373+00:00
[2024-03-27T19:38:29.726+0000] {processor.py:176} INFO - Processing /home/airflow/.local/lib/python3.7/site-packages/airflow/example_dags/example_latest_only.py took 0.279 seconds
[2024-03-27T19:39:52.975+0000] {processor.py:154} INFO - Started process (PID=88) to work on /home/airflow/.local/lib/python3.7/site-packages/airflow/example_dags/example_latest_only.py
[2024-03-27T19:39:52.976+0000] {processor.py:756} INFO - Processing file /home/airflow/.local/lib/python3.7/site-packages/airflow/example_dags/example_latest_only.py for tasks to queue
[2024-03-27T19:39:52.977+0000] {logging_mixin.py:120} INFO - [2024-03-27T19:39:52.977+0000] {dagbag.py:537} INFO - Filling up the DagBag from /home/airflow/.local/lib/python3.7/site-packages/airflow/example_dags/example_latest_only.py
[2024-03-27T19:39:53.007+0000] {processor.py:766} INFO - DAG(s) dict_keys(['latest_only']) retrieved from /home/airflow/.local/lib/python3.7/site-packages/airflow/example_dags/example_latest_only.py
[2024-03-27T19:39:53.075+0000] {logging_mixin.py:120} INFO - [2024-03-27T19:39:53.075+0000] {dag.py:2585} INFO - Sync 1 DAGs
[2024-03-27T19:39:53.103+0000] {logging_mixin.py:120} INFO - [2024-03-27T19:39:53.103+0000] {dag.py:3340} INFO - Setting next_dagrun for latest_only to 2024-03-27T19:27:28.223373+00:00, run_after=2024-03-27T23:27:28.223373+00:00
[2024-03-27T19:39:53.139+0000] {processor.py:176} INFO - Processing /home/airflow/.local/lib/python3.7/site-packages/airflow/example_dags/example_latest_only.py took 0.167 seconds
[2024-03-27T19:40:33.533+0000] {processor.py:154} INFO - Started process (PID=146) to work on /home/airflow/.local/lib/python3.7/site-packages/airflow/example_dags/example_latest_only.py
[2024-03-27T19:40:33.537+0000] {processor.py:756} INFO - Processing file /home/airflow/.local/lib/python3.7/site-packages/airflow/example_dags/example_latest_only.py for tasks to queue
[2024-03-27T19:40:33.539+0000] {logging_mixin.py:120} INFO - [2024-03-27T19:40:33.539+0000] {dagbag.py:537} INFO - Filling up the DagBag from /home/airflow/.local/lib/python3.7/site-packages/airflow/example_dags/example_latest_only.py
[2024-03-27T19:40:33.570+0000] {processor.py:766} INFO - DAG(s) dict_keys(['latest_only']) retrieved from /home/airflow/.local/lib/python3.7/site-packages/airflow/example_dags/example_latest_only.py
[2024-03-27T19:40:33.632+0000] {logging_mixin.py:120} INFO - [2024-03-27T19:40:33.632+0000] {dag.py:2585} INFO - Sync 1 DAGs
[2024-03-27T19:40:33.652+0000] {logging_mixin.py:120} INFO - [2024-03-27T19:40:33.652+0000] {dag.py:3340} INFO - Setting next_dagrun for latest_only to 2024-03-27T19:27:28.223373+00:00, run_after=2024-03-27T23:27:28.223373+00:00
[2024-03-27T19:40:33.681+0000] {processor.py:176} INFO - Processing /home/airflow/.local/lib/python3.7/site-packages/airflow/example_dags/example_latest_only.py took 0.157 seconds
[2024-03-27T19:41:09.736+0000] {processor.py:154} INFO - Started process (PID=197) to work on /home/airflow/.local/lib/python3.7/site-packages/airflow/example_dags/example_latest_only.py
[2024-03-27T19:41:09.737+0000] {processor.py:756} INFO - Processing file /home/airflow/.local/lib/python3.7/site-packages/airflow/example_dags/example_latest_only.py for tasks to queue
[2024-03-27T19:41:09.738+0000] {logging_mixin.py:120} INFO - [2024-03-27T19:41:09.738+0000] {dagbag.py:537} INFO - Filling up the DagBag from /home/airflow/.local/lib/python3.7/site-packages/airflow/example_dags/example_latest_only.py
[2024-03-27T19:41:09.766+0000] {processor.py:766} INFO - DAG(s) dict_keys(['latest_only']) retrieved from /home/airflow/.local/lib/python3.7/site-packages/airflow/example_dags/example_latest_only.py
[2024-03-27T19:41:09.835+0000] {logging_mixin.py:120} INFO - [2024-03-27T19:41:09.834+0000] {dag.py:2585} INFO - Sync 1 DAGs
[2024-03-27T19:41:09.858+0000] {logging_mixin.py:120} INFO - [2024-03-27T19:41:09.858+0000] {dag.py:3340} INFO - Setting next_dagrun for latest_only to 2024-03-27T19:27:28.223373+00:00, run_after=2024-03-27T23:27:28.223373+00:00
[2024-03-27T19:41:09.883+0000] {processor.py:176} INFO - Processing /home/airflow/.local/lib/python3.7/site-packages/airflow/example_dags/example_latest_only.py took 0.151 seconds
[2024-03-27T19:41:40.772+0000] {processor.py:154} INFO - Started process (PID=78) to work on /home/airflow/.local/lib/python3.7/site-packages/airflow/example_dags/example_latest_only.py
[2024-03-27T19:41:40.773+0000] {processor.py:756} INFO - Processing file /home/airflow/.local/lib/python3.7/site-packages/airflow/example_dags/example_latest_only.py for tasks to queue
[2024-03-27T19:41:40.774+0000] {logging_mixin.py:120} INFO - [2024-03-27T19:41:40.774+0000] {dagbag.py:537} INFO - Filling up the DagBag from /home/airflow/.local/lib/python3.7/site-packages/airflow/example_dags/example_latest_only.py
[2024-03-27T19:41:40.790+0000] {processor.py:766} INFO - DAG(s) dict_keys(['latest_only']) retrieved from /home/airflow/.local/lib/python3.7/site-packages/airflow/example_dags/example_latest_only.py
[2024-03-27T19:41:40.839+0000] {logging_mixin.py:120} INFO - [2024-03-27T19:41:40.839+0000] {dag.py:2585} INFO - Sync 1 DAGs
[2024-03-27T19:41:40.863+0000] {logging_mixin.py:120} INFO - [2024-03-27T19:41:40.863+0000] {dag.py:3340} INFO - Setting next_dagrun for latest_only to 2024-03-27T19:27:28.223373+00:00, run_after=2024-03-27T23:27:28.223373+00:00
[2024-03-27T19:41:40.879+0000] {processor.py:176} INFO - Processing /home/airflow/.local/lib/python3.7/site-packages/airflow/example_dags/example_latest_only.py took 0.109 seconds
[2024-03-27T19:42:11.959+0000] {processor.py:154} INFO - Started process (PID=128) to work on /home/airflow/.local/lib/python3.7/site-packages/airflow/example_dags/example_latest_only.py
[2024-03-27T19:42:11.960+0000] {processor.py:756} INFO - Processing file /home/airflow/.local/lib/python3.7/site-packages/airflow/example_dags/example_latest_only.py for tasks to queue
[2024-03-27T19:42:11.961+0000] {logging_mixin.py:120} INFO - [2024-03-27T19:42:11.961+0000] {dagbag.py:537} INFO - Filling up the DagBag from /home/airflow/.local/lib/python3.7/site-packages/airflow/example_dags/example_latest_only.py
[2024-03-27T19:42:11.970+0000] {processor.py:766} INFO - DAG(s) dict_keys(['latest_only']) retrieved from /home/airflow/.local/lib/python3.7/site-packages/airflow/example_dags/example_latest_only.py
[2024-03-27T19:42:11.993+0000] {logging_mixin.py:120} INFO - [2024-03-27T19:42:11.993+0000] {dag.py:2585} INFO - Sync 1 DAGs
[2024-03-27T19:42:12.010+0000] {logging_mixin.py:120} INFO - [2024-03-27T19:42:12.010+0000] {dag.py:3340} INFO - Setting next_dagrun for latest_only to 2024-03-27T19:27:28.223373+00:00, run_after=2024-03-27T23:27:28.223373+00:00
[2024-03-27T19:42:12.021+0000] {processor.py:176} INFO - Processing /home/airflow/.local/lib/python3.7/site-packages/airflow/example_dags/example_latest_only.py took 0.065 seconds
[2024-03-27T19:44:53.591+0000] {processor.py:154} INFO - Started process (PID=88) to work on /home/airflow/.local/lib/python3.7/site-packages/airflow/example_dags/example_latest_only.py
[2024-03-27T19:44:53.593+0000] {processor.py:756} INFO - Processing file /home/airflow/.local/lib/python3.7/site-packages/airflow/example_dags/example_latest_only.py for tasks to queue
[2024-03-27T19:44:53.593+0000] {logging_mixin.py:120} INFO - [2024-03-27T19:44:53.593+0000] {dagbag.py:537} INFO - Filling up the DagBag from /home/airflow/.local/lib/python3.7/site-packages/airflow/example_dags/example_latest_only.py
[2024-03-27T19:44:53.621+0000] {processor.py:766} INFO - DAG(s) dict_keys(['latest_only']) retrieved from /home/airflow/.local/lib/python3.7/site-packages/airflow/example_dags/example_latest_only.py
[2024-03-27T19:44:53.790+0000] {logging_mixin.py:120} INFO - [2024-03-27T19:44:53.789+0000] {dag.py:2585} INFO - Sync 1 DAGs
[2024-03-27T19:44:53.856+0000] {logging_mixin.py:120} INFO - [2024-03-27T19:44:53.854+0000] {dag.py:3340} INFO - Setting next_dagrun for latest_only to 2024-03-27T19:27:28.223373+00:00, run_after=2024-03-27T23:27:28.223373+00:00
[2024-03-27T19:44:54.084+0000] {processor.py:176} INFO - Processing /home/airflow/.local/lib/python3.7/site-packages/airflow/example_dags/example_latest_only.py took 0.498 seconds
[2024-03-27T19:45:24.579+0000] {processor.py:154} INFO - Started process (PID=138) to work on /home/airflow/.local/lib/python3.7/site-packages/airflow/example_dags/example_latest_only.py
[2024-03-27T19:45:24.580+0000] {processor.py:756} INFO - Processing file /home/airflow/.local/lib/python3.7/site-packages/airflow/example_dags/example_latest_only.py for tasks to queue
[2024-03-27T19:45:24.581+0000] {logging_mixin.py:120} INFO - [2024-03-27T19:45:24.580+0000] {dagbag.py:537} INFO - Filling up the DagBag from /home/airflow/.local/lib/python3.7/site-packages/airflow/example_dags/example_latest_only.py
[2024-03-27T19:45:24.599+0000] {processor.py:766} INFO - DAG(s) dict_keys(['latest_only']) retrieved from /home/airflow/.local/lib/python3.7/site-packages/airflow/example_dags/example_latest_only.py
[2024-03-27T19:45:24.652+0000] {logging_mixin.py:120} INFO - [2024-03-27T19:45:24.652+0000] {dag.py:2585} INFO - Sync 1 DAGs
[2024-03-27T19:45:24.674+0000] {logging_mixin.py:120} INFO - [2024-03-27T19:45:24.674+0000] {dag.py:3340} INFO - Setting next_dagrun for latest_only to 2024-03-27T19:27:28.223373+00:00, run_after=2024-03-27T23:27:28.223373+00:00
[2024-03-27T19:45:24.716+0000] {processor.py:176} INFO - Processing /home/airflow/.local/lib/python3.7/site-packages/airflow/example_dags/example_latest_only.py took 0.139 seconds
[2024-03-27T19:46:41.834+0000] {processor.py:154} INFO - Started process (PID=91) to work on /home/airflow/.local/lib/python3.7/site-packages/airflow/example_dags/example_latest_only.py
[2024-03-27T19:46:41.839+0000] {processor.py:756} INFO - Processing file /home/airflow/.local/lib/python3.7/site-packages/airflow/example_dags/example_latest_only.py for tasks to queue
[2024-03-27T19:46:41.840+0000] {logging_mixin.py:120} INFO - [2024-03-27T19:46:41.840+0000] {dagbag.py:537} INFO - Filling up the DagBag from /home/airflow/.local/lib/python3.7/site-packages/airflow/example_dags/example_latest_only.py
[2024-03-27T19:46:41.882+0000] {processor.py:766} INFO - DAG(s) dict_keys(['latest_only']) retrieved from /home/airflow/.local/lib/python3.7/site-packages/airflow/example_dags/example_latest_only.py
[2024-03-27T19:46:41.946+0000] {logging_mixin.py:120} INFO - [2024-03-27T19:46:41.946+0000] {dag.py:2585} INFO - Sync 1 DAGs
[2024-03-27T19:46:41.975+0000] {logging_mixin.py:120} INFO - [2024-03-27T19:46:41.975+0000] {dag.py:3340} INFO - Setting next_dagrun for latest_only to 2024-03-27T19:27:28.223373+00:00, run_after=2024-03-27T23:27:28.223373+00:00
[2024-03-27T19:46:41.997+0000] {processor.py:176} INFO - Processing /home/airflow/.local/lib/python3.7/site-packages/airflow/example_dags/example_latest_only.py took 0.167 seconds
[2024-03-27T19:47:27.338+0000] {processor.py:154} INFO - Started process (PID=146) to work on /home/airflow/.local/lib/python3.7/site-packages/airflow/example_dags/example_latest_only.py
[2024-03-27T19:47:27.348+0000] {processor.py:756} INFO - Processing file /home/airflow/.local/lib/python3.7/site-packages/airflow/example_dags/example_latest_only.py for tasks to queue
[2024-03-27T19:47:27.349+0000] {logging_mixin.py:120} INFO - [2024-03-27T19:47:27.349+0000] {dagbag.py:537} INFO - Filling up the DagBag from /home/airflow/.local/lib/python3.7/site-packages/airflow/example_dags/example_latest_only.py
[2024-03-27T19:47:27.397+0000] {processor.py:766} INFO - DAG(s) dict_keys(['latest_only']) retrieved from /home/airflow/.local/lib/python3.7/site-packages/airflow/example_dags/example_latest_only.py
[2024-03-27T19:47:27.482+0000] {logging_mixin.py:120} INFO - [2024-03-27T19:47:27.482+0000] {dag.py:2585} INFO - Sync 1 DAGs
[2024-03-27T19:47:27.527+0000] {logging_mixin.py:120} INFO - [2024-03-27T19:47:27.526+0000] {dag.py:3340} INFO - Setting next_dagrun for latest_only to 2024-03-27T19:27:28.223373+00:00, run_after=2024-03-27T23:27:28.223373+00:00
[2024-03-27T19:47:27.579+0000] {processor.py:176} INFO - Processing /home/airflow/.local/lib/python3.7/site-packages/airflow/example_dags/example_latest_only.py took 0.253 seconds
[2024-03-27T19:47:49.808+0000] {processor.py:154} INFO - Started process (PID=78) to work on /home/airflow/.local/lib/python3.7/site-packages/airflow/example_dags/example_latest_only.py
[2024-03-27T19:47:49.809+0000] {processor.py:756} INFO - Processing file /home/airflow/.local/lib/python3.7/site-packages/airflow/example_dags/example_latest_only.py for tasks to queue
[2024-03-27T19:47:49.810+0000] {logging_mixin.py:120} INFO - [2024-03-27T19:47:49.810+0000] {dagbag.py:537} INFO - Filling up the DagBag from /home/airflow/.local/lib/python3.7/site-packages/airflow/example_dags/example_latest_only.py
[2024-03-27T19:47:49.842+0000] {processor.py:766} INFO - DAG(s) dict_keys(['latest_only']) retrieved from /home/airflow/.local/lib/python3.7/site-packages/airflow/example_dags/example_latest_only.py
[2024-03-27T19:47:49.930+0000] {logging_mixin.py:120} INFO - [2024-03-27T19:47:49.929+0000] {dag.py:2585} INFO - Sync 1 DAGs
[2024-03-27T19:47:51.891+0000] {logging_mixin.py:120} INFO - [2024-03-27T19:47:51.839+0000] {dag.py:3340} INFO - Setting next_dagrun for latest_only to 2024-03-27T19:27:28.223373+00:00, run_after=2024-03-27T23:27:28.223373+00:00
[2024-03-27T19:48:12.657+0000] {processor.py:176} INFO - Processing /home/airflow/.local/lib/python3.7/site-packages/airflow/example_dags/example_latest_only.py took 23.298 seconds
[2024-03-27T19:48:46.410+0000] {processor.py:154} INFO - Started process (PID=135) to work on /home/airflow/.local/lib/python3.7/site-packages/airflow/example_dags/example_latest_only.py
[2024-03-27T19:48:46.420+0000] {processor.py:756} INFO - Processing file /home/airflow/.local/lib/python3.7/site-packages/airflow/example_dags/example_latest_only.py for tasks to queue
[2024-03-27T19:48:46.424+0000] {logging_mixin.py:120} INFO - [2024-03-27T19:48:46.424+0000] {dagbag.py:537} INFO - Filling up the DagBag from /home/airflow/.local/lib/python3.7/site-packages/airflow/example_dags/example_latest_only.py
[2024-03-27T19:48:46.492+0000] {processor.py:766} INFO - DAG(s) dict_keys(['latest_only']) retrieved from /home/airflow/.local/lib/python3.7/site-packages/airflow/example_dags/example_latest_only.py
[2024-03-27T19:48:46.612+0000] {logging_mixin.py:120} INFO - [2024-03-27T19:48:46.612+0000] {dag.py:2585} INFO - Sync 1 DAGs
[2024-03-27T19:48:46.682+0000] {logging_mixin.py:120} INFO - [2024-03-27T19:48:46.682+0000] {dag.py:3340} INFO - Setting next_dagrun for latest_only to 2024-03-27T19:27:28.223373+00:00, run_after=2024-03-27T23:27:28.223373+00:00
[2024-03-27T19:48:46.743+0000] {processor.py:176} INFO - Processing /home/airflow/.local/lib/python3.7/site-packages/airflow/example_dags/example_latest_only.py took 0.352 seconds
[2024-03-27T19:49:28.187+0000] {processor.py:154} INFO - Started process (PID=79) to work on /home/airflow/.local/lib/python3.7/site-packages/airflow/example_dags/example_latest_only.py
[2024-03-27T19:49:28.188+0000] {processor.py:756} INFO - Processing file /home/airflow/.local/lib/python3.7/site-packages/airflow/example_dags/example_latest_only.py for tasks to queue
[2024-03-27T19:49:28.189+0000] {logging_mixin.py:120} INFO - [2024-03-27T19:49:28.189+0000] {dagbag.py:537} INFO - Filling up the DagBag from /home/airflow/.local/lib/python3.7/site-packages/airflow/example_dags/example_latest_only.py
[2024-03-27T19:49:28.207+0000] {processor.py:766} INFO - DAG(s) dict_keys(['latest_only']) retrieved from /home/airflow/.local/lib/python3.7/site-packages/airflow/example_dags/example_latest_only.py
[2024-03-27T19:49:28.242+0000] {logging_mixin.py:120} INFO - [2024-03-27T19:49:28.242+0000] {dag.py:2585} INFO - Sync 1 DAGs
[2024-03-27T19:49:28.262+0000] {logging_mixin.py:120} INFO - [2024-03-27T19:49:28.262+0000] {dag.py:3340} INFO - Setting next_dagrun for latest_only to 2024-03-27T19:27:28.223373+00:00, run_after=2024-03-27T23:27:28.223373+00:00
[2024-03-27T19:49:28.275+0000] {processor.py:176} INFO - Processing /home/airflow/.local/lib/python3.7/site-packages/airflow/example_dags/example_latest_only.py took 0.090 seconds
[2024-03-27T19:50:02.668+0000] {processor.py:154} INFO - Started process (PID=137) to work on /home/airflow/.local/lib/python3.7/site-packages/airflow/example_dags/example_latest_only.py
[2024-03-27T19:50:02.669+0000] {processor.py:756} INFO - Processing file /home/airflow/.local/lib/python3.7/site-packages/airflow/example_dags/example_latest_only.py for tasks to queue
[2024-03-27T19:50:02.670+0000] {logging_mixin.py:120} INFO - [2024-03-27T19:50:02.669+0000] {dagbag.py:537} INFO - Filling up the DagBag from /home/airflow/.local/lib/python3.7/site-packages/airflow/example_dags/example_latest_only.py
[2024-03-27T19:50:02.678+0000] {processor.py:766} INFO - DAG(s) dict_keys(['latest_only']) retrieved from /home/airflow/.local/lib/python3.7/site-packages/airflow/example_dags/example_latest_only.py
[2024-03-27T19:50:02.700+0000] {logging_mixin.py:120} INFO - [2024-03-27T19:50:02.700+0000] {dag.py:2585} INFO - Sync 1 DAGs
[2024-03-27T19:50:02.715+0000] {logging_mixin.py:120} INFO - [2024-03-27T19:50:02.715+0000] {dag.py:3340} INFO - Setting next_dagrun for latest_only to 2024-03-27T19:27:28.223373+00:00, run_after=2024-03-27T23:27:28.223373+00:00
[2024-03-27T19:50:02.725+0000] {processor.py:176} INFO - Processing /home/airflow/.local/lib/python3.7/site-packages/airflow/example_dags/example_latest_only.py took 0.058 seconds
[2024-03-27T19:54:24.356+0000] {processor.py:154} INFO - Started process (PID=80) to work on /home/airflow/.local/lib/python3.7/site-packages/airflow/example_dags/example_latest_only.py
[2024-03-27T19:54:24.363+0000] {processor.py:756} INFO - Processing file /home/airflow/.local/lib/python3.7/site-packages/airflow/example_dags/example_latest_only.py for tasks to queue
[2024-03-27T19:54:24.385+0000] {logging_mixin.py:120} INFO - [2024-03-27T19:54:24.378+0000] {dagbag.py:537} INFO - Filling up the DagBag from /home/airflow/.local/lib/python3.7/site-packages/airflow/example_dags/example_latest_only.py
[2024-03-27T19:54:24.402+0000] {processor.py:766} INFO - DAG(s) dict_keys(['latest_only']) retrieved from /home/airflow/.local/lib/python3.7/site-packages/airflow/example_dags/example_latest_only.py
[2024-03-27T19:54:24.486+0000] {logging_mixin.py:120} INFO - [2024-03-27T19:54:24.485+0000] {dag.py:2585} INFO - Sync 1 DAGs
[2024-03-27T19:54:24.530+0000] {logging_mixin.py:120} INFO - [2024-03-27T19:54:24.530+0000] {dag.py:3340} INFO - Setting next_dagrun for latest_only to 2024-03-27T19:27:28.223373+00:00, run_after=2024-03-27T23:27:28.223373+00:00
[2024-03-27T19:54:24.554+0000] {processor.py:176} INFO - Processing /home/airflow/.local/lib/python3.7/site-packages/airflow/example_dags/example_latest_only.py took 0.201 seconds
