[2024-03-27T19:09:47.794+0000] {processor.py:154} INFO - Started process (PID=56) to work on /home/airflow/.local/lib/python3.7/site-packages/airflow/example_dags/example_trigger_controller_dag.py
[2024-03-27T19:09:47.806+0000] {processor.py:756} INFO - Processing file /home/airflow/.local/lib/python3.7/site-packages/airflow/example_dags/example_trigger_controller_dag.py for tasks to queue
[2024-03-27T19:09:47.809+0000] {logging_mixin.py:120} INFO - [2024-03-27T19:09:47.809+0000] {dagbag.py:537} INFO - Filling up the DagBag from /home/airflow/.local/lib/python3.7/site-packages/airflow/example_dags/example_trigger_controller_dag.py
[2024-03-27T19:09:47.918+0000] {processor.py:766} INFO - DAG(s) dict_keys(['example_trigger_controller_dag']) retrieved from /home/airflow/.local/lib/python3.7/site-packages/airflow/example_dags/example_trigger_controller_dag.py
[2024-03-27T19:09:49.201+0000] {logging_mixin.py:120} INFO - [2024-03-27T19:09:49.200+0000] {dag.py:2585} INFO - Sync 1 DAGs
[2024-03-27T19:09:49.243+0000] {logging_mixin.py:120} INFO - [2024-03-27T19:09:49.242+0000] {dag.py:3340} INFO - Setting next_dagrun for example_trigger_controller_dag to 2021-01-01T00:00:00+00:00, run_after=2021-01-01T00:00:00+00:00
[2024-03-27T19:09:49.283+0000] {processor.py:176} INFO - Processing /home/airflow/.local/lib/python3.7/site-packages/airflow/example_dags/example_trigger_controller_dag.py took 1.496 seconds
[2024-03-27T19:10:19.566+0000] {processor.py:154} INFO - Started process (PID=123) to work on /home/airflow/.local/lib/python3.7/site-packages/airflow/example_dags/example_trigger_controller_dag.py
[2024-03-27T19:10:19.567+0000] {processor.py:756} INFO - Processing file /home/airflow/.local/lib/python3.7/site-packages/airflow/example_dags/example_trigger_controller_dag.py for tasks to queue
[2024-03-27T19:10:19.568+0000] {logging_mixin.py:120} INFO - [2024-03-27T19:10:19.568+0000] {dagbag.py:537} INFO - Filling up the DagBag from /home/airflow/.local/lib/python3.7/site-packages/airflow/example_dags/example_trigger_controller_dag.py
[2024-03-27T19:10:19.587+0000] {processor.py:766} INFO - DAG(s) dict_keys(['example_trigger_controller_dag']) retrieved from /home/airflow/.local/lib/python3.7/site-packages/airflow/example_dags/example_trigger_controller_dag.py
[2024-03-27T19:10:19.623+0000] {logging_mixin.py:120} INFO - [2024-03-27T19:10:19.622+0000] {dag.py:2585} INFO - Sync 1 DAGs
[2024-03-27T19:10:19.641+0000] {logging_mixin.py:120} INFO - [2024-03-27T19:10:19.641+0000] {dag.py:3340} INFO - Setting next_dagrun for example_trigger_controller_dag to 2021-01-01T00:00:00+00:00, run_after=2021-01-01T00:00:00+00:00
[2024-03-27T19:10:19.692+0000] {processor.py:176} INFO - Processing /home/airflow/.local/lib/python3.7/site-packages/airflow/example_dags/example_trigger_controller_dag.py took 0.132 seconds
[2024-03-27T19:10:39.567+0000] {processor.py:154} INFO - Started process (PID=47) to work on /home/airflow/.local/lib/python3.7/site-packages/airflow/example_dags/example_trigger_controller_dag.py
[2024-03-27T19:10:39.568+0000] {processor.py:756} INFO - Processing file /home/airflow/.local/lib/python3.7/site-packages/airflow/example_dags/example_trigger_controller_dag.py for tasks to queue
[2024-03-27T19:10:39.569+0000] {logging_mixin.py:120} INFO - [2024-03-27T19:10:39.569+0000] {dagbag.py:537} INFO - Filling up the DagBag from /home/airflow/.local/lib/python3.7/site-packages/airflow/example_dags/example_trigger_controller_dag.py
[2024-03-27T19:10:39.575+0000] {processor.py:766} INFO - DAG(s) dict_keys(['example_trigger_controller_dag']) retrieved from /home/airflow/.local/lib/python3.7/site-packages/airflow/example_dags/example_trigger_controller_dag.py
[2024-03-27T19:10:39.598+0000] {logging_mixin.py:120} INFO - [2024-03-27T19:10:39.598+0000] {dag.py:2585} INFO - Sync 1 DAGs
[2024-03-27T19:10:39.612+0000] {logging_mixin.py:120} INFO - [2024-03-27T19:10:39.612+0000] {dag.py:3340} INFO - Setting next_dagrun for example_trigger_controller_dag to 2021-01-01T00:00:00+00:00, run_after=2021-01-01T00:00:00+00:00
[2024-03-27T19:10:39.625+0000] {processor.py:176} INFO - Processing /home/airflow/.local/lib/python3.7/site-packages/airflow/example_dags/example_trigger_controller_dag.py took 0.060 seconds
[2024-03-27T19:11:13.515+0000] {processor.py:154} INFO - Started process (PID=97) to work on /home/airflow/.local/lib/python3.7/site-packages/airflow/example_dags/example_trigger_controller_dag.py
[2024-03-27T19:11:13.516+0000] {processor.py:756} INFO - Processing file /home/airflow/.local/lib/python3.7/site-packages/airflow/example_dags/example_trigger_controller_dag.py for tasks to queue
[2024-03-27T19:11:13.517+0000] {logging_mixin.py:120} INFO - [2024-03-27T19:11:13.517+0000] {dagbag.py:537} INFO - Filling up the DagBag from /home/airflow/.local/lib/python3.7/site-packages/airflow/example_dags/example_trigger_controller_dag.py
[2024-03-27T19:11:13.527+0000] {processor.py:766} INFO - DAG(s) dict_keys(['example_trigger_controller_dag']) retrieved from /home/airflow/.local/lib/python3.7/site-packages/airflow/example_dags/example_trigger_controller_dag.py
[2024-03-27T19:11:13.552+0000] {logging_mixin.py:120} INFO - [2024-03-27T19:11:13.552+0000] {dag.py:2585} INFO - Sync 1 DAGs
[2024-03-27T19:11:13.569+0000] {logging_mixin.py:120} INFO - [2024-03-27T19:11:13.569+0000] {dag.py:3340} INFO - Setting next_dagrun for example_trigger_controller_dag to 2021-01-01T00:00:00+00:00, run_after=2021-01-01T00:00:00+00:00
[2024-03-27T19:11:13.585+0000] {processor.py:176} INFO - Processing /home/airflow/.local/lib/python3.7/site-packages/airflow/example_dags/example_trigger_controller_dag.py took 0.072 seconds
[2024-03-27T19:11:45.826+0000] {processor.py:154} INFO - Started process (PID=158) to work on /home/airflow/.local/lib/python3.7/site-packages/airflow/example_dags/example_trigger_controller_dag.py
[2024-03-27T19:11:45.831+0000] {processor.py:756} INFO - Processing file /home/airflow/.local/lib/python3.7/site-packages/airflow/example_dags/example_trigger_controller_dag.py for tasks to queue
[2024-03-27T19:11:45.833+0000] {logging_mixin.py:120} INFO - [2024-03-27T19:11:45.833+0000] {dagbag.py:537} INFO - Filling up the DagBag from /home/airflow/.local/lib/python3.7/site-packages/airflow/example_dags/example_trigger_controller_dag.py
[2024-03-27T19:11:45.895+0000] {processor.py:766} INFO - DAG(s) dict_keys(['example_trigger_controller_dag']) retrieved from /home/airflow/.local/lib/python3.7/site-packages/airflow/example_dags/example_trigger_controller_dag.py
[2024-03-27T19:11:46.040+0000] {logging_mixin.py:120} INFO - [2024-03-27T19:11:46.040+0000] {dag.py:2585} INFO - Sync 1 DAGs
[2024-03-27T19:11:46.130+0000] {logging_mixin.py:120} INFO - [2024-03-27T19:11:46.130+0000] {dag.py:3340} INFO - Setting next_dagrun for example_trigger_controller_dag to 2021-01-01T00:00:00+00:00, run_after=2021-01-01T00:00:00+00:00
[2024-03-27T19:11:46.178+0000] {processor.py:176} INFO - Processing /home/airflow/.local/lib/python3.7/site-packages/airflow/example_dags/example_trigger_controller_dag.py took 0.365 seconds
[2024-03-27T19:12:20.754+0000] {processor.py:154} INFO - Started process (PID=57) to work on /home/airflow/.local/lib/python3.7/site-packages/airflow/example_dags/example_trigger_controller_dag.py
[2024-03-27T19:12:20.755+0000] {processor.py:756} INFO - Processing file /home/airflow/.local/lib/python3.7/site-packages/airflow/example_dags/example_trigger_controller_dag.py for tasks to queue
[2024-03-27T19:12:20.756+0000] {logging_mixin.py:120} INFO - [2024-03-27T19:12:20.756+0000] {dagbag.py:537} INFO - Filling up the DagBag from /home/airflow/.local/lib/python3.7/site-packages/airflow/example_dags/example_trigger_controller_dag.py
[2024-03-27T19:12:20.764+0000] {processor.py:766} INFO - DAG(s) dict_keys(['example_trigger_controller_dag']) retrieved from /home/airflow/.local/lib/python3.7/site-packages/airflow/example_dags/example_trigger_controller_dag.py
[2024-03-27T19:12:20.791+0000] {logging_mixin.py:120} INFO - [2024-03-27T19:12:20.791+0000] {dag.py:2585} INFO - Sync 1 DAGs
[2024-03-27T19:12:20.808+0000] {logging_mixin.py:120} INFO - [2024-03-27T19:12:20.808+0000] {dag.py:3340} INFO - Setting next_dagrun for example_trigger_controller_dag to 2021-01-01T00:00:00+00:00, run_after=2021-01-01T00:00:00+00:00
[2024-03-27T19:12:20.832+0000] {processor.py:176} INFO - Processing /home/airflow/.local/lib/python3.7/site-packages/airflow/example_dags/example_trigger_controller_dag.py took 0.079 seconds
[2024-03-27T19:12:51.737+0000] {processor.py:154} INFO - Started process (PID=107) to work on /home/airflow/.local/lib/python3.7/site-packages/airflow/example_dags/example_trigger_controller_dag.py
[2024-03-27T19:12:51.738+0000] {processor.py:756} INFO - Processing file /home/airflow/.local/lib/python3.7/site-packages/airflow/example_dags/example_trigger_controller_dag.py for tasks to queue
[2024-03-27T19:12:51.739+0000] {logging_mixin.py:120} INFO - [2024-03-27T19:12:51.739+0000] {dagbag.py:537} INFO - Filling up the DagBag from /home/airflow/.local/lib/python3.7/site-packages/airflow/example_dags/example_trigger_controller_dag.py
[2024-03-27T19:12:51.748+0000] {processor.py:766} INFO - DAG(s) dict_keys(['example_trigger_controller_dag']) retrieved from /home/airflow/.local/lib/python3.7/site-packages/airflow/example_dags/example_trigger_controller_dag.py
[2024-03-27T19:12:51.773+0000] {logging_mixin.py:120} INFO - [2024-03-27T19:12:51.773+0000] {dag.py:2585} INFO - Sync 1 DAGs
[2024-03-27T19:12:51.788+0000] {logging_mixin.py:120} INFO - [2024-03-27T19:12:51.788+0000] {dag.py:3340} INFO - Setting next_dagrun for example_trigger_controller_dag to 2021-01-01T00:00:00+00:00, run_after=2021-01-01T00:00:00+00:00
[2024-03-27T19:12:51.810+0000] {processor.py:176} INFO - Processing /home/airflow/.local/lib/python3.7/site-packages/airflow/example_dags/example_trigger_controller_dag.py took 0.076 seconds
[2024-03-27T19:13:30.557+0000] {processor.py:154} INFO - Started process (PID=168) to work on /home/airflow/.local/lib/python3.7/site-packages/airflow/example_dags/example_trigger_controller_dag.py
[2024-03-27T19:13:30.559+0000] {processor.py:756} INFO - Processing file /home/airflow/.local/lib/python3.7/site-packages/airflow/example_dags/example_trigger_controller_dag.py for tasks to queue
[2024-03-27T19:13:30.561+0000] {logging_mixin.py:120} INFO - [2024-03-27T19:13:30.561+0000] {dagbag.py:537} INFO - Filling up the DagBag from /home/airflow/.local/lib/python3.7/site-packages/airflow/example_dags/example_trigger_controller_dag.py
[2024-03-27T19:13:30.593+0000] {processor.py:766} INFO - DAG(s) dict_keys(['example_trigger_controller_dag']) retrieved from /home/airflow/.local/lib/python3.7/site-packages/airflow/example_dags/example_trigger_controller_dag.py
[2024-03-27T19:13:30.704+0000] {logging_mixin.py:120} INFO - [2024-03-27T19:13:30.704+0000] {dag.py:2585} INFO - Sync 1 DAGs
[2024-03-27T19:13:30.778+0000] {logging_mixin.py:120} INFO - [2024-03-27T19:13:30.778+0000] {dag.py:3340} INFO - Setting next_dagrun for example_trigger_controller_dag to 2021-01-01T00:00:00+00:00, run_after=2021-01-01T00:00:00+00:00
[2024-03-27T19:13:30.819+0000] {processor.py:176} INFO - Processing /home/airflow/.local/lib/python3.7/site-packages/airflow/example_dags/example_trigger_controller_dag.py took 0.278 seconds
[2024-03-27T19:13:56.388+0000] {processor.py:154} INFO - Started process (PID=56) to work on /home/airflow/.local/lib/python3.7/site-packages/airflow/example_dags/example_trigger_controller_dag.py
[2024-03-27T19:13:56.389+0000] {processor.py:756} INFO - Processing file /home/airflow/.local/lib/python3.7/site-packages/airflow/example_dags/example_trigger_controller_dag.py for tasks to queue
[2024-03-27T19:13:56.389+0000] {logging_mixin.py:120} INFO - [2024-03-27T19:13:56.389+0000] {dagbag.py:537} INFO - Filling up the DagBag from /home/airflow/.local/lib/python3.7/site-packages/airflow/example_dags/example_trigger_controller_dag.py
[2024-03-27T19:13:56.396+0000] {processor.py:766} INFO - DAG(s) dict_keys(['example_trigger_controller_dag']) retrieved from /home/airflow/.local/lib/python3.7/site-packages/airflow/example_dags/example_trigger_controller_dag.py
[2024-03-27T19:13:56.421+0000] {logging_mixin.py:120} INFO - [2024-03-27T19:13:56.421+0000] {dag.py:2585} INFO - Sync 1 DAGs
[2024-03-27T19:13:56.437+0000] {logging_mixin.py:120} INFO - [2024-03-27T19:13:56.437+0000] {dag.py:3340} INFO - Setting next_dagrun for example_trigger_controller_dag to 2021-01-01T00:00:00+00:00, run_after=2021-01-01T00:00:00+00:00
[2024-03-27T19:13:56.450+0000] {processor.py:176} INFO - Processing /home/airflow/.local/lib/python3.7/site-packages/airflow/example_dags/example_trigger_controller_dag.py took 0.064 seconds
[2024-03-27T19:14:34.162+0000] {processor.py:154} INFO - Started process (PID=115) to work on /home/airflow/.local/lib/python3.7/site-packages/airflow/example_dags/example_trigger_controller_dag.py
[2024-03-27T19:14:34.167+0000] {processor.py:756} INFO - Processing file /home/airflow/.local/lib/python3.7/site-packages/airflow/example_dags/example_trigger_controller_dag.py for tasks to queue
[2024-03-27T19:14:34.173+0000] {logging_mixin.py:120} INFO - [2024-03-27T19:14:34.173+0000] {dagbag.py:537} INFO - Filling up the DagBag from /home/airflow/.local/lib/python3.7/site-packages/airflow/example_dags/example_trigger_controller_dag.py
[2024-03-27T19:14:34.258+0000] {processor.py:766} INFO - DAG(s) dict_keys(['example_trigger_controller_dag']) retrieved from /home/airflow/.local/lib/python3.7/site-packages/airflow/example_dags/example_trigger_controller_dag.py
[2024-03-27T19:14:35.939+0000] {logging_mixin.py:120} INFO - [2024-03-27T19:14:35.926+0000] {dag.py:2585} INFO - Sync 1 DAGs
[2024-03-27T19:14:36.319+0000] {logging_mixin.py:120} INFO - [2024-03-27T19:14:36.313+0000] {dag.py:3340} INFO - Setting next_dagrun for example_trigger_controller_dag to 2021-01-01T00:00:00+00:00, run_after=2021-01-01T00:00:00+00:00
[2024-03-27T19:14:36.445+0000] {processor.py:176} INFO - Processing /home/airflow/.local/lib/python3.7/site-packages/airflow/example_dags/example_trigger_controller_dag.py took 2.295 seconds
[2024-03-27T19:15:21.137+0000] {processor.py:154} INFO - Started process (PID=56) to work on /home/airflow/.local/lib/python3.7/site-packages/airflow/example_dags/example_trigger_controller_dag.py
[2024-03-27T19:15:21.138+0000] {processor.py:756} INFO - Processing file /home/airflow/.local/lib/python3.7/site-packages/airflow/example_dags/example_trigger_controller_dag.py for tasks to queue
[2024-03-27T19:15:21.138+0000] {logging_mixin.py:120} INFO - [2024-03-27T19:15:21.138+0000] {dagbag.py:537} INFO - Filling up the DagBag from /home/airflow/.local/lib/python3.7/site-packages/airflow/example_dags/example_trigger_controller_dag.py
[2024-03-27T19:15:21.147+0000] {processor.py:766} INFO - DAG(s) dict_keys(['example_trigger_controller_dag']) retrieved from /home/airflow/.local/lib/python3.7/site-packages/airflow/example_dags/example_trigger_controller_dag.py
[2024-03-27T19:15:21.175+0000] {logging_mixin.py:120} INFO - [2024-03-27T19:15:21.175+0000] {dag.py:2585} INFO - Sync 1 DAGs
[2024-03-27T19:15:21.195+0000] {logging_mixin.py:120} INFO - [2024-03-27T19:15:21.195+0000] {dag.py:3340} INFO - Setting next_dagrun for example_trigger_controller_dag to 2021-01-01T00:00:00+00:00, run_after=2021-01-01T00:00:00+00:00
[2024-03-27T19:15:21.210+0000] {processor.py:176} INFO - Processing /home/airflow/.local/lib/python3.7/site-packages/airflow/example_dags/example_trigger_controller_dag.py took 0.075 seconds
[2024-03-27T19:15:52.941+0000] {processor.py:154} INFO - Started process (PID=115) to work on /home/airflow/.local/lib/python3.7/site-packages/airflow/example_dags/example_trigger_controller_dag.py
[2024-03-27T19:15:52.944+0000] {processor.py:756} INFO - Processing file /home/airflow/.local/lib/python3.7/site-packages/airflow/example_dags/example_trigger_controller_dag.py for tasks to queue
[2024-03-27T19:15:52.944+0000] {logging_mixin.py:120} INFO - [2024-03-27T19:15:52.944+0000] {dagbag.py:537} INFO - Filling up the DagBag from /home/airflow/.local/lib/python3.7/site-packages/airflow/example_dags/example_trigger_controller_dag.py
[2024-03-27T19:15:52.963+0000] {processor.py:766} INFO - DAG(s) dict_keys(['example_trigger_controller_dag']) retrieved from /home/airflow/.local/lib/python3.7/site-packages/airflow/example_dags/example_trigger_controller_dag.py
[2024-03-27T19:15:53.015+0000] {logging_mixin.py:120} INFO - [2024-03-27T19:15:53.015+0000] {dag.py:2585} INFO - Sync 1 DAGs
[2024-03-27T19:15:53.047+0000] {logging_mixin.py:120} INFO - [2024-03-27T19:15:53.047+0000] {dag.py:3340} INFO - Setting next_dagrun for example_trigger_controller_dag to 2021-01-01T00:00:00+00:00, run_after=2021-01-01T00:00:00+00:00
[2024-03-27T19:15:53.071+0000] {processor.py:176} INFO - Processing /home/airflow/.local/lib/python3.7/site-packages/airflow/example_dags/example_trigger_controller_dag.py took 0.132 seconds
[2024-03-27T19:16:24.542+0000] {processor.py:154} INFO - Started process (PID=174) to work on /home/airflow/.local/lib/python3.7/site-packages/airflow/example_dags/example_trigger_controller_dag.py
[2024-03-27T19:16:24.545+0000] {processor.py:756} INFO - Processing file /home/airflow/.local/lib/python3.7/site-packages/airflow/example_dags/example_trigger_controller_dag.py for tasks to queue
[2024-03-27T19:16:24.548+0000] {logging_mixin.py:120} INFO - [2024-03-27T19:16:24.548+0000] {dagbag.py:537} INFO - Filling up the DagBag from /home/airflow/.local/lib/python3.7/site-packages/airflow/example_dags/example_trigger_controller_dag.py
[2024-03-27T19:16:24.563+0000] {processor.py:766} INFO - DAG(s) dict_keys(['example_trigger_controller_dag']) retrieved from /home/airflow/.local/lib/python3.7/site-packages/airflow/example_dags/example_trigger_controller_dag.py
[2024-03-27T19:16:24.638+0000] {logging_mixin.py:120} INFO - [2024-03-27T19:16:24.638+0000] {dag.py:2585} INFO - Sync 1 DAGs
[2024-03-27T19:16:24.726+0000] {logging_mixin.py:120} INFO - [2024-03-27T19:16:24.725+0000] {dag.py:3340} INFO - Setting next_dagrun for example_trigger_controller_dag to 2021-01-01T00:00:00+00:00, run_after=2021-01-01T00:00:00+00:00
[2024-03-27T19:16:24.741+0000] {processor.py:176} INFO - Processing /home/airflow/.local/lib/python3.7/site-packages/airflow/example_dags/example_trigger_controller_dag.py took 0.201 seconds
[2024-03-27T19:16:50.135+0000] {processor.py:154} INFO - Started process (PID=55) to work on /home/airflow/.local/lib/python3.7/site-packages/airflow/example_dags/example_trigger_controller_dag.py
[2024-03-27T19:16:50.136+0000] {processor.py:756} INFO - Processing file /home/airflow/.local/lib/python3.7/site-packages/airflow/example_dags/example_trigger_controller_dag.py for tasks to queue
[2024-03-27T19:16:50.136+0000] {logging_mixin.py:120} INFO - [2024-03-27T19:16:50.136+0000] {dagbag.py:537} INFO - Filling up the DagBag from /home/airflow/.local/lib/python3.7/site-packages/airflow/example_dags/example_trigger_controller_dag.py
[2024-03-27T19:16:50.143+0000] {processor.py:766} INFO - DAG(s) dict_keys(['example_trigger_controller_dag']) retrieved from /home/airflow/.local/lib/python3.7/site-packages/airflow/example_dags/example_trigger_controller_dag.py
[2024-03-27T19:16:50.168+0000] {logging_mixin.py:120} INFO - [2024-03-27T19:16:50.168+0000] {dag.py:2585} INFO - Sync 1 DAGs
[2024-03-27T19:16:50.183+0000] {logging_mixin.py:120} INFO - [2024-03-27T19:16:50.183+0000] {dag.py:3340} INFO - Setting next_dagrun for example_trigger_controller_dag to 2021-01-01T00:00:00+00:00, run_after=2021-01-01T00:00:00+00:00
[2024-03-27T19:16:50.196+0000] {processor.py:176} INFO - Processing /home/airflow/.local/lib/python3.7/site-packages/airflow/example_dags/example_trigger_controller_dag.py took 0.063 seconds
[2024-03-27T19:17:26.576+0000] {processor.py:154} INFO - Started process (PID=113) to work on /home/airflow/.local/lib/python3.7/site-packages/airflow/example_dags/example_trigger_controller_dag.py
[2024-03-27T19:17:26.578+0000] {processor.py:756} INFO - Processing file /home/airflow/.local/lib/python3.7/site-packages/airflow/example_dags/example_trigger_controller_dag.py for tasks to queue
[2024-03-27T19:17:26.579+0000] {logging_mixin.py:120} INFO - [2024-03-27T19:17:26.579+0000] {dagbag.py:537} INFO - Filling up the DagBag from /home/airflow/.local/lib/python3.7/site-packages/airflow/example_dags/example_trigger_controller_dag.py
[2024-03-27T19:17:26.597+0000] {processor.py:766} INFO - DAG(s) dict_keys(['example_trigger_controller_dag']) retrieved from /home/airflow/.local/lib/python3.7/site-packages/airflow/example_dags/example_trigger_controller_dag.py
[2024-03-27T19:17:26.670+0000] {logging_mixin.py:120} INFO - [2024-03-27T19:17:26.669+0000] {dag.py:2585} INFO - Sync 1 DAGs
[2024-03-27T19:17:26.720+0000] {logging_mixin.py:120} INFO - [2024-03-27T19:17:26.720+0000] {dag.py:3340} INFO - Setting next_dagrun for example_trigger_controller_dag to 2021-01-01T00:00:00+00:00, run_after=2021-01-01T00:00:00+00:00
[2024-03-27T19:17:26.763+0000] {processor.py:176} INFO - Processing /home/airflow/.local/lib/python3.7/site-packages/airflow/example_dags/example_trigger_controller_dag.py took 0.190 seconds
[2024-03-27T19:18:19.435+0000] {processor.py:154} INFO - Started process (PID=56) to work on /home/airflow/.local/lib/python3.7/site-packages/airflow/example_dags/example_trigger_controller_dag.py
[2024-03-27T19:18:19.436+0000] {processor.py:756} INFO - Processing file /home/airflow/.local/lib/python3.7/site-packages/airflow/example_dags/example_trigger_controller_dag.py for tasks to queue
[2024-03-27T19:18:19.437+0000] {logging_mixin.py:120} INFO - [2024-03-27T19:18:19.437+0000] {dagbag.py:537} INFO - Filling up the DagBag from /home/airflow/.local/lib/python3.7/site-packages/airflow/example_dags/example_trigger_controller_dag.py
[2024-03-27T19:18:19.447+0000] {processor.py:766} INFO - DAG(s) dict_keys(['example_trigger_controller_dag']) retrieved from /home/airflow/.local/lib/python3.7/site-packages/airflow/example_dags/example_trigger_controller_dag.py
[2024-03-27T19:18:19.477+0000] {logging_mixin.py:120} INFO - [2024-03-27T19:18:19.477+0000] {dag.py:2585} INFO - Sync 1 DAGs
[2024-03-27T19:18:19.496+0000] {logging_mixin.py:120} INFO - [2024-03-27T19:18:19.496+0000] {dag.py:3340} INFO - Setting next_dagrun for example_trigger_controller_dag to 2021-01-01T00:00:00+00:00, run_after=2021-01-01T00:00:00+00:00
[2024-03-27T19:18:19.512+0000] {processor.py:176} INFO - Processing /home/airflow/.local/lib/python3.7/site-packages/airflow/example_dags/example_trigger_controller_dag.py took 0.079 seconds
[2024-03-27T19:18:50.265+0000] {processor.py:154} INFO - Started process (PID=114) to work on /home/airflow/.local/lib/python3.7/site-packages/airflow/example_dags/example_trigger_controller_dag.py
[2024-03-27T19:18:50.266+0000] {processor.py:756} INFO - Processing file /home/airflow/.local/lib/python3.7/site-packages/airflow/example_dags/example_trigger_controller_dag.py for tasks to queue
[2024-03-27T19:18:50.266+0000] {logging_mixin.py:120} INFO - [2024-03-27T19:18:50.266+0000] {dagbag.py:537} INFO - Filling up the DagBag from /home/airflow/.local/lib/python3.7/site-packages/airflow/example_dags/example_trigger_controller_dag.py
[2024-03-27T19:18:50.279+0000] {processor.py:766} INFO - DAG(s) dict_keys(['example_trigger_controller_dag']) retrieved from /home/airflow/.local/lib/python3.7/site-packages/airflow/example_dags/example_trigger_controller_dag.py
[2024-03-27T19:18:50.312+0000] {logging_mixin.py:120} INFO - [2024-03-27T19:18:50.312+0000] {dag.py:2585} INFO - Sync 1 DAGs
[2024-03-27T19:18:50.328+0000] {logging_mixin.py:120} INFO - [2024-03-27T19:18:50.328+0000] {dag.py:3340} INFO - Setting next_dagrun for example_trigger_controller_dag to 2021-01-01T00:00:00+00:00, run_after=2021-01-01T00:00:00+00:00
[2024-03-27T19:18:50.342+0000] {processor.py:176} INFO - Processing /home/airflow/.local/lib/python3.7/site-packages/airflow/example_dags/example_trigger_controller_dag.py took 0.079 seconds
[2024-03-27T19:19:40.817+0000] {processor.py:154} INFO - Started process (PID=56) to work on /home/airflow/.local/lib/python3.7/site-packages/airflow/example_dags/example_trigger_controller_dag.py
[2024-03-27T19:19:40.818+0000] {processor.py:756} INFO - Processing file /home/airflow/.local/lib/python3.7/site-packages/airflow/example_dags/example_trigger_controller_dag.py for tasks to queue
[2024-03-27T19:19:40.818+0000] {logging_mixin.py:120} INFO - [2024-03-27T19:19:40.818+0000] {dagbag.py:537} INFO - Filling up the DagBag from /home/airflow/.local/lib/python3.7/site-packages/airflow/example_dags/example_trigger_controller_dag.py
[2024-03-27T19:19:40.827+0000] {processor.py:766} INFO - DAG(s) dict_keys(['example_trigger_controller_dag']) retrieved from /home/airflow/.local/lib/python3.7/site-packages/airflow/example_dags/example_trigger_controller_dag.py
[2024-03-27T19:19:40.854+0000] {logging_mixin.py:120} INFO - [2024-03-27T19:19:40.854+0000] {dag.py:2585} INFO - Sync 1 DAGs
[2024-03-27T19:19:40.871+0000] {logging_mixin.py:120} INFO - [2024-03-27T19:19:40.871+0000] {dag.py:3340} INFO - Setting next_dagrun for example_trigger_controller_dag to 2021-01-01T00:00:00+00:00, run_after=2021-01-01T00:00:00+00:00
[2024-03-27T19:19:40.884+0000] {processor.py:176} INFO - Processing /home/airflow/.local/lib/python3.7/site-packages/airflow/example_dags/example_trigger_controller_dag.py took 0.069 seconds
[2024-03-27T19:20:21.229+0000] {processor.py:154} INFO - Started process (PID=115) to work on /home/airflow/.local/lib/python3.7/site-packages/airflow/example_dags/example_trigger_controller_dag.py
[2024-03-27T19:20:21.230+0000] {processor.py:756} INFO - Processing file /home/airflow/.local/lib/python3.7/site-packages/airflow/example_dags/example_trigger_controller_dag.py for tasks to queue
[2024-03-27T19:20:21.231+0000] {logging_mixin.py:120} INFO - [2024-03-27T19:20:21.231+0000] {dagbag.py:537} INFO - Filling up the DagBag from /home/airflow/.local/lib/python3.7/site-packages/airflow/example_dags/example_trigger_controller_dag.py
[2024-03-27T19:20:21.244+0000] {processor.py:766} INFO - DAG(s) dict_keys(['example_trigger_controller_dag']) retrieved from /home/airflow/.local/lib/python3.7/site-packages/airflow/example_dags/example_trigger_controller_dag.py
[2024-03-27T19:20:21.270+0000] {logging_mixin.py:120} INFO - [2024-03-27T19:20:21.270+0000] {dag.py:2585} INFO - Sync 1 DAGs
[2024-03-27T19:20:21.296+0000] {logging_mixin.py:120} INFO - [2024-03-27T19:20:21.296+0000] {dag.py:3340} INFO - Setting next_dagrun for example_trigger_controller_dag to 2021-01-01T00:00:00+00:00, run_after=2021-01-01T00:00:00+00:00
[2024-03-27T19:20:21.307+0000] {processor.py:176} INFO - Processing /home/airflow/.local/lib/python3.7/site-packages/airflow/example_dags/example_trigger_controller_dag.py took 0.082 seconds
[2024-03-27T19:21:23.254+0000] {processor.py:154} INFO - Started process (PID=55) to work on /home/airflow/.local/lib/python3.7/site-packages/airflow/example_dags/example_trigger_controller_dag.py
[2024-03-27T19:21:23.256+0000] {processor.py:756} INFO - Processing file /home/airflow/.local/lib/python3.7/site-packages/airflow/example_dags/example_trigger_controller_dag.py for tasks to queue
[2024-03-27T19:21:23.256+0000] {logging_mixin.py:120} INFO - [2024-03-27T19:21:23.256+0000] {dagbag.py:537} INFO - Filling up the DagBag from /home/airflow/.local/lib/python3.7/site-packages/airflow/example_dags/example_trigger_controller_dag.py
[2024-03-27T19:21:23.263+0000] {processor.py:766} INFO - DAG(s) dict_keys(['example_trigger_controller_dag']) retrieved from /home/airflow/.local/lib/python3.7/site-packages/airflow/example_dags/example_trigger_controller_dag.py
[2024-03-27T19:21:23.290+0000] {logging_mixin.py:120} INFO - [2024-03-27T19:21:23.290+0000] {dag.py:2585} INFO - Sync 1 DAGs
[2024-03-27T19:21:23.306+0000] {logging_mixin.py:120} INFO - [2024-03-27T19:21:23.305+0000] {dag.py:3340} INFO - Setting next_dagrun for example_trigger_controller_dag to 2021-01-01T00:00:00+00:00, run_after=2021-01-01T00:00:00+00:00
[2024-03-27T19:21:23.317+0000] {processor.py:176} INFO - Processing /home/airflow/.local/lib/python3.7/site-packages/airflow/example_dags/example_trigger_controller_dag.py took 0.064 seconds
[2024-03-27T19:21:53.888+0000] {processor.py:154} INFO - Started process (PID=105) to work on /home/airflow/.local/lib/python3.7/site-packages/airflow/example_dags/example_trigger_controller_dag.py
[2024-03-27T19:21:53.889+0000] {processor.py:756} INFO - Processing file /home/airflow/.local/lib/python3.7/site-packages/airflow/example_dags/example_trigger_controller_dag.py for tasks to queue
[2024-03-27T19:21:53.890+0000] {logging_mixin.py:120} INFO - [2024-03-27T19:21:53.890+0000] {dagbag.py:537} INFO - Filling up the DagBag from /home/airflow/.local/lib/python3.7/site-packages/airflow/example_dags/example_trigger_controller_dag.py
[2024-03-27T19:21:53.899+0000] {processor.py:766} INFO - DAG(s) dict_keys(['example_trigger_controller_dag']) retrieved from /home/airflow/.local/lib/python3.7/site-packages/airflow/example_dags/example_trigger_controller_dag.py
[2024-03-27T19:21:53.924+0000] {logging_mixin.py:120} INFO - [2024-03-27T19:21:53.923+0000] {dag.py:2585} INFO - Sync 1 DAGs
[2024-03-27T19:21:53.942+0000] {logging_mixin.py:120} INFO - [2024-03-27T19:21:53.942+0000] {dag.py:3340} INFO - Setting next_dagrun for example_trigger_controller_dag to 2021-01-01T00:00:00+00:00, run_after=2021-01-01T00:00:00+00:00
[2024-03-27T19:21:53.952+0000] {processor.py:176} INFO - Processing /home/airflow/.local/lib/python3.7/site-packages/airflow/example_dags/example_trigger_controller_dag.py took 0.066 seconds
[2024-03-27T19:22:30.500+0000] {processor.py:154} INFO - Started process (PID=46) to work on /home/airflow/.local/lib/python3.7/site-packages/airflow/example_dags/example_trigger_controller_dag.py
[2024-03-27T19:22:30.501+0000] {processor.py:756} INFO - Processing file /home/airflow/.local/lib/python3.7/site-packages/airflow/example_dags/example_trigger_controller_dag.py for tasks to queue
[2024-03-27T19:22:30.501+0000] {logging_mixin.py:120} INFO - [2024-03-27T19:22:30.501+0000] {dagbag.py:537} INFO - Filling up the DagBag from /home/airflow/.local/lib/python3.7/site-packages/airflow/example_dags/example_trigger_controller_dag.py
[2024-03-27T19:22:30.514+0000] {processor.py:766} INFO - DAG(s) dict_keys(['example_trigger_controller_dag']) retrieved from /home/airflow/.local/lib/python3.7/site-packages/airflow/example_dags/example_trigger_controller_dag.py
[2024-03-27T19:22:30.545+0000] {logging_mixin.py:120} INFO - [2024-03-27T19:22:30.544+0000] {dag.py:2585} INFO - Sync 1 DAGs
[2024-03-27T19:22:30.560+0000] {logging_mixin.py:120} INFO - [2024-03-27T19:22:30.560+0000] {dag.py:3340} INFO - Setting next_dagrun for example_trigger_controller_dag to 2021-01-01T00:00:00+00:00, run_after=2021-01-01T00:00:00+00:00
[2024-03-27T19:22:30.571+0000] {processor.py:176} INFO - Processing /home/airflow/.local/lib/python3.7/site-packages/airflow/example_dags/example_trigger_controller_dag.py took 0.073 seconds
[2024-03-27T19:23:01.152+0000] {processor.py:154} INFO - Started process (PID=114) to work on /home/airflow/.local/lib/python3.7/site-packages/airflow/example_dags/example_trigger_controller_dag.py
[2024-03-27T19:23:01.153+0000] {processor.py:756} INFO - Processing file /home/airflow/.local/lib/python3.7/site-packages/airflow/example_dags/example_trigger_controller_dag.py for tasks to queue
[2024-03-27T19:23:01.155+0000] {logging_mixin.py:120} INFO - [2024-03-27T19:23:01.155+0000] {dagbag.py:537} INFO - Filling up the DagBag from /home/airflow/.local/lib/python3.7/site-packages/airflow/example_dags/example_trigger_controller_dag.py
[2024-03-27T19:23:01.161+0000] {processor.py:766} INFO - DAG(s) dict_keys(['example_trigger_controller_dag']) retrieved from /home/airflow/.local/lib/python3.7/site-packages/airflow/example_dags/example_trigger_controller_dag.py
[2024-03-27T19:23:01.183+0000] {logging_mixin.py:120} INFO - [2024-03-27T19:23:01.183+0000] {dag.py:2585} INFO - Sync 1 DAGs
[2024-03-27T19:23:01.198+0000] {logging_mixin.py:120} INFO - [2024-03-27T19:23:01.198+0000] {dag.py:3340} INFO - Setting next_dagrun for example_trigger_controller_dag to 2021-01-01T00:00:00+00:00, run_after=2021-01-01T00:00:00+00:00
[2024-03-27T19:23:01.207+0000] {processor.py:176} INFO - Processing /home/airflow/.local/lib/python3.7/site-packages/airflow/example_dags/example_trigger_controller_dag.py took 0.057 seconds
[2024-03-27T19:24:27.852+0000] {processor.py:154} INFO - Started process (PID=173) to work on /home/airflow/.local/lib/python3.7/site-packages/airflow/example_dags/example_trigger_controller_dag.py
[2024-03-27T19:24:27.853+0000] {processor.py:756} INFO - Processing file /home/airflow/.local/lib/python3.7/site-packages/airflow/example_dags/example_trigger_controller_dag.py for tasks to queue
[2024-03-27T19:24:27.854+0000] {logging_mixin.py:120} INFO - [2024-03-27T19:24:27.854+0000] {dagbag.py:537} INFO - Filling up the DagBag from /home/airflow/.local/lib/python3.7/site-packages/airflow/example_dags/example_trigger_controller_dag.py
[2024-03-27T19:24:27.862+0000] {processor.py:766} INFO - DAG(s) dict_keys(['example_trigger_controller_dag']) retrieved from /home/airflow/.local/lib/python3.7/site-packages/airflow/example_dags/example_trigger_controller_dag.py
[2024-03-27T19:24:27.888+0000] {logging_mixin.py:120} INFO - [2024-03-27T19:24:27.888+0000] {dag.py:2585} INFO - Sync 1 DAGs
[2024-03-27T19:24:27.902+0000] {logging_mixin.py:120} INFO - [2024-03-27T19:24:27.902+0000] {dag.py:3340} INFO - Setting next_dagrun for example_trigger_controller_dag to 2021-01-01T00:00:00+00:00, run_after=2021-01-01T00:00:00+00:00
[2024-03-27T19:24:27.917+0000] {processor.py:176} INFO - Processing /home/airflow/.local/lib/python3.7/site-packages/airflow/example_dags/example_trigger_controller_dag.py took 0.067 seconds
[2024-03-27T19:24:53.745+0000] {processor.py:154} INFO - Started process (PID=46) to work on /home/airflow/.local/lib/python3.7/site-packages/airflow/example_dags/example_trigger_controller_dag.py
[2024-03-27T19:24:53.746+0000] {processor.py:756} INFO - Processing file /home/airflow/.local/lib/python3.7/site-packages/airflow/example_dags/example_trigger_controller_dag.py for tasks to queue
[2024-03-27T19:24:53.747+0000] {logging_mixin.py:120} INFO - [2024-03-27T19:24:53.746+0000] {dagbag.py:537} INFO - Filling up the DagBag from /home/airflow/.local/lib/python3.7/site-packages/airflow/example_dags/example_trigger_controller_dag.py
[2024-03-27T19:24:53.752+0000] {processor.py:766} INFO - DAG(s) dict_keys(['example_trigger_controller_dag']) retrieved from /home/airflow/.local/lib/python3.7/site-packages/airflow/example_dags/example_trigger_controller_dag.py
[2024-03-27T19:24:53.774+0000] {logging_mixin.py:120} INFO - [2024-03-27T19:24:53.773+0000] {dag.py:2585} INFO - Sync 1 DAGs
[2024-03-27T19:24:53.786+0000] {logging_mixin.py:120} INFO - [2024-03-27T19:24:53.786+0000] {dag.py:3340} INFO - Setting next_dagrun for example_trigger_controller_dag to 2021-01-01T00:00:00+00:00, run_after=2021-01-01T00:00:00+00:00
[2024-03-27T19:24:53.795+0000] {processor.py:176} INFO - Processing /home/airflow/.local/lib/python3.7/site-packages/airflow/example_dags/example_trigger_controller_dag.py took 0.051 seconds
[2024-03-27T19:25:24.318+0000] {processor.py:154} INFO - Started process (PID=113) to work on /home/airflow/.local/lib/python3.7/site-packages/airflow/example_dags/example_trigger_controller_dag.py
[2024-03-27T19:25:24.319+0000] {processor.py:756} INFO - Processing file /home/airflow/.local/lib/python3.7/site-packages/airflow/example_dags/example_trigger_controller_dag.py for tasks to queue
[2024-03-27T19:25:24.319+0000] {logging_mixin.py:120} INFO - [2024-03-27T19:25:24.319+0000] {dagbag.py:537} INFO - Filling up the DagBag from /home/airflow/.local/lib/python3.7/site-packages/airflow/example_dags/example_trigger_controller_dag.py
[2024-03-27T19:25:24.327+0000] {processor.py:766} INFO - DAG(s) dict_keys(['example_trigger_controller_dag']) retrieved from /home/airflow/.local/lib/python3.7/site-packages/airflow/example_dags/example_trigger_controller_dag.py
[2024-03-27T19:25:24.356+0000] {logging_mixin.py:120} INFO - [2024-03-27T19:25:24.356+0000] {dag.py:2585} INFO - Sync 1 DAGs
[2024-03-27T19:25:24.370+0000] {logging_mixin.py:120} INFO - [2024-03-27T19:25:24.370+0000] {dag.py:3340} INFO - Setting next_dagrun for example_trigger_controller_dag to 2021-01-01T00:00:00+00:00, run_after=2021-01-01T00:00:00+00:00
[2024-03-27T19:25:24.380+0000] {processor.py:176} INFO - Processing /home/airflow/.local/lib/python3.7/site-packages/airflow/example_dags/example_trigger_controller_dag.py took 0.065 seconds
[2024-03-27T19:25:54.442+0000] {processor.py:154} INFO - Started process (PID=181) to work on /home/airflow/.local/lib/python3.7/site-packages/airflow/example_dags/example_trigger_controller_dag.py
[2024-03-27T19:25:54.444+0000] {processor.py:756} INFO - Processing file /home/airflow/.local/lib/python3.7/site-packages/airflow/example_dags/example_trigger_controller_dag.py for tasks to queue
[2024-03-27T19:25:54.444+0000] {logging_mixin.py:120} INFO - [2024-03-27T19:25:54.444+0000] {dagbag.py:537} INFO - Filling up the DagBag from /home/airflow/.local/lib/python3.7/site-packages/airflow/example_dags/example_trigger_controller_dag.py
[2024-03-27T19:25:54.453+0000] {processor.py:766} INFO - DAG(s) dict_keys(['example_trigger_controller_dag']) retrieved from /home/airflow/.local/lib/python3.7/site-packages/airflow/example_dags/example_trigger_controller_dag.py
[2024-03-27T19:25:54.487+0000] {logging_mixin.py:120} INFO - [2024-03-27T19:25:54.487+0000] {dag.py:2585} INFO - Sync 1 DAGs
[2024-03-27T19:25:54.501+0000] {logging_mixin.py:120} INFO - [2024-03-27T19:25:54.500+0000] {dag.py:3340} INFO - Setting next_dagrun for example_trigger_controller_dag to 2021-01-01T00:00:00+00:00, run_after=2021-01-01T00:00:00+00:00
[2024-03-27T19:25:54.513+0000] {processor.py:176} INFO - Processing /home/airflow/.local/lib/python3.7/site-packages/airflow/example_dags/example_trigger_controller_dag.py took 0.073 seconds
[2024-03-27T19:26:24.848+0000] {processor.py:154} INFO - Started process (PID=239) to work on /home/airflow/.local/lib/python3.7/site-packages/airflow/example_dags/example_trigger_controller_dag.py
[2024-03-27T19:26:24.850+0000] {processor.py:756} INFO - Processing file /home/airflow/.local/lib/python3.7/site-packages/airflow/example_dags/example_trigger_controller_dag.py for tasks to queue
[2024-03-27T19:26:24.852+0000] {logging_mixin.py:120} INFO - [2024-03-27T19:26:24.851+0000] {dagbag.py:537} INFO - Filling up the DagBag from /home/airflow/.local/lib/python3.7/site-packages/airflow/example_dags/example_trigger_controller_dag.py
[2024-03-27T19:26:24.864+0000] {processor.py:766} INFO - DAG(s) dict_keys(['example_trigger_controller_dag']) retrieved from /home/airflow/.local/lib/python3.7/site-packages/airflow/example_dags/example_trigger_controller_dag.py
[2024-03-27T19:26:24.885+0000] {logging_mixin.py:120} INFO - [2024-03-27T19:26:24.885+0000] {dag.py:2585} INFO - Sync 1 DAGs
[2024-03-27T19:26:24.898+0000] {logging_mixin.py:120} INFO - [2024-03-27T19:26:24.898+0000] {dag.py:3340} INFO - Setting next_dagrun for example_trigger_controller_dag to 2021-01-01T00:00:00+00:00, run_after=2021-01-01T00:00:00+00:00
[2024-03-27T19:26:24.908+0000] {processor.py:176} INFO - Processing /home/airflow/.local/lib/python3.7/site-packages/airflow/example_dags/example_trigger_controller_dag.py took 0.065 seconds
[2024-03-27T19:26:56.786+0000] {processor.py:154} INFO - Started process (PID=47) to work on /home/airflow/.local/lib/python3.7/site-packages/airflow/example_dags/example_trigger_controller_dag.py
[2024-03-27T19:26:56.787+0000] {processor.py:756} INFO - Processing file /home/airflow/.local/lib/python3.7/site-packages/airflow/example_dags/example_trigger_controller_dag.py for tasks to queue
[2024-03-27T19:26:56.787+0000] {logging_mixin.py:120} INFO - [2024-03-27T19:26:56.787+0000] {dagbag.py:537} INFO - Filling up the DagBag from /home/airflow/.local/lib/python3.7/site-packages/airflow/example_dags/example_trigger_controller_dag.py
[2024-03-27T19:26:56.793+0000] {processor.py:766} INFO - DAG(s) dict_keys(['example_trigger_controller_dag']) retrieved from /home/airflow/.local/lib/python3.7/site-packages/airflow/example_dags/example_trigger_controller_dag.py
[2024-03-27T19:26:56.815+0000] {logging_mixin.py:120} INFO - [2024-03-27T19:26:56.815+0000] {dag.py:2585} INFO - Sync 1 DAGs
[2024-03-27T19:26:56.827+0000] {logging_mixin.py:120} INFO - [2024-03-27T19:26:56.827+0000] {dag.py:3340} INFO - Setting next_dagrun for example_trigger_controller_dag to 2021-01-01T00:00:00+00:00, run_after=2021-01-01T00:00:00+00:00
[2024-03-27T19:26:56.837+0000] {processor.py:176} INFO - Processing /home/airflow/.local/lib/python3.7/site-packages/airflow/example_dags/example_trigger_controller_dag.py took 0.052 seconds
[2024-03-27T19:27:27.087+0000] {processor.py:154} INFO - Started process (PID=114) to work on /home/airflow/.local/lib/python3.7/site-packages/airflow/example_dags/example_trigger_controller_dag.py
[2024-03-27T19:27:27.088+0000] {processor.py:756} INFO - Processing file /home/airflow/.local/lib/python3.7/site-packages/airflow/example_dags/example_trigger_controller_dag.py for tasks to queue
[2024-03-27T19:27:27.088+0000] {logging_mixin.py:120} INFO - [2024-03-27T19:27:27.088+0000] {dagbag.py:537} INFO - Filling up the DagBag from /home/airflow/.local/lib/python3.7/site-packages/airflow/example_dags/example_trigger_controller_dag.py
[2024-03-27T19:27:27.095+0000] {processor.py:766} INFO - DAG(s) dict_keys(['example_trigger_controller_dag']) retrieved from /home/airflow/.local/lib/python3.7/site-packages/airflow/example_dags/example_trigger_controller_dag.py
[2024-03-27T19:27:27.117+0000] {logging_mixin.py:120} INFO - [2024-03-27T19:27:27.117+0000] {dag.py:2585} INFO - Sync 1 DAGs
[2024-03-27T19:27:27.130+0000] {logging_mixin.py:120} INFO - [2024-03-27T19:27:27.130+0000] {dag.py:3340} INFO - Setting next_dagrun for example_trigger_controller_dag to 2021-01-01T00:00:00+00:00, run_after=2021-01-01T00:00:00+00:00
[2024-03-27T19:27:27.140+0000] {processor.py:176} INFO - Processing /home/airflow/.local/lib/python3.7/site-packages/airflow/example_dags/example_trigger_controller_dag.py took 0.054 seconds
[2024-03-27T19:28:03.873+0000] {processor.py:154} INFO - Started process (PID=211) to work on /home/airflow/.local/lib/python3.7/site-packages/airflow/example_dags/example_trigger_controller_dag.py
[2024-03-27T19:28:03.877+0000] {processor.py:756} INFO - Processing file /home/airflow/.local/lib/python3.7/site-packages/airflow/example_dags/example_trigger_controller_dag.py for tasks to queue
[2024-03-27T19:28:03.878+0000] {logging_mixin.py:120} INFO - [2024-03-27T19:28:03.878+0000] {dagbag.py:537} INFO - Filling up the DagBag from /home/airflow/.local/lib/python3.7/site-packages/airflow/example_dags/example_trigger_controller_dag.py
[2024-03-27T19:28:03.931+0000] {processor.py:766} INFO - DAG(s) dict_keys(['example_trigger_controller_dag']) retrieved from /home/airflow/.local/lib/python3.7/site-packages/airflow/example_dags/example_trigger_controller_dag.py
[2024-03-27T19:28:04.106+0000] {logging_mixin.py:120} INFO - [2024-03-27T19:28:04.105+0000] {dag.py:2585} INFO - Sync 1 DAGs
[2024-03-27T19:28:04.137+0000] {logging_mixin.py:120} INFO - [2024-03-27T19:28:04.137+0000] {dag.py:3340} INFO - Setting next_dagrun for example_trigger_controller_dag to None, run_after=None
[2024-03-27T19:28:04.196+0000] {processor.py:176} INFO - Processing /home/airflow/.local/lib/python3.7/site-packages/airflow/example_dags/example_trigger_controller_dag.py took 0.338 seconds
[2024-03-27T19:28:34.404+0000] {processor.py:154} INFO - Started process (PID=269) to work on /home/airflow/.local/lib/python3.7/site-packages/airflow/example_dags/example_trigger_controller_dag.py
[2024-03-27T19:28:34.405+0000] {processor.py:756} INFO - Processing file /home/airflow/.local/lib/python3.7/site-packages/airflow/example_dags/example_trigger_controller_dag.py for tasks to queue
[2024-03-27T19:28:34.406+0000] {logging_mixin.py:120} INFO - [2024-03-27T19:28:34.406+0000] {dagbag.py:537} INFO - Filling up the DagBag from /home/airflow/.local/lib/python3.7/site-packages/airflow/example_dags/example_trigger_controller_dag.py
[2024-03-27T19:28:34.433+0000] {processor.py:766} INFO - DAG(s) dict_keys(['example_trigger_controller_dag']) retrieved from /home/airflow/.local/lib/python3.7/site-packages/airflow/example_dags/example_trigger_controller_dag.py
[2024-03-27T19:28:34.473+0000] {logging_mixin.py:120} INFO - [2024-03-27T19:28:34.473+0000] {dag.py:2585} INFO - Sync 1 DAGs
[2024-03-27T19:28:34.502+0000] {logging_mixin.py:120} INFO - [2024-03-27T19:28:34.501+0000] {dag.py:3340} INFO - Setting next_dagrun for example_trigger_controller_dag to None, run_after=None
[2024-03-27T19:28:34.526+0000] {processor.py:176} INFO - Processing /home/airflow/.local/lib/python3.7/site-packages/airflow/example_dags/example_trigger_controller_dag.py took 0.128 seconds
[2024-03-27T19:29:08.070+0000] {processor.py:154} INFO - Started process (PID=319) to work on /home/airflow/.local/lib/python3.7/site-packages/airflow/example_dags/example_trigger_controller_dag.py
[2024-03-27T19:29:08.071+0000] {processor.py:756} INFO - Processing file /home/airflow/.local/lib/python3.7/site-packages/airflow/example_dags/example_trigger_controller_dag.py for tasks to queue
[2024-03-27T19:29:08.071+0000] {logging_mixin.py:120} INFO - [2024-03-27T19:29:08.071+0000] {dagbag.py:537} INFO - Filling up the DagBag from /home/airflow/.local/lib/python3.7/site-packages/airflow/example_dags/example_trigger_controller_dag.py
[2024-03-27T19:29:08.083+0000] {processor.py:766} INFO - DAG(s) dict_keys(['example_trigger_controller_dag']) retrieved from /home/airflow/.local/lib/python3.7/site-packages/airflow/example_dags/example_trigger_controller_dag.py
[2024-03-27T19:29:08.134+0000] {logging_mixin.py:120} INFO - [2024-03-27T19:29:08.134+0000] {dag.py:2585} INFO - Sync 1 DAGs
[2024-03-27T19:29:08.168+0000] {logging_mixin.py:120} INFO - [2024-03-27T19:29:08.168+0000] {dag.py:3340} INFO - Setting next_dagrun for example_trigger_controller_dag to None, run_after=None
[2024-03-27T19:29:08.211+0000] {processor.py:176} INFO - Processing /home/airflow/.local/lib/python3.7/site-packages/airflow/example_dags/example_trigger_controller_dag.py took 0.145 seconds
[2024-03-27T19:30:06.393+0000] {processor.py:154} INFO - Started process (PID=389) to work on /home/airflow/.local/lib/python3.7/site-packages/airflow/example_dags/example_trigger_controller_dag.py
[2024-03-27T19:30:06.395+0000] {processor.py:756} INFO - Processing file /home/airflow/.local/lib/python3.7/site-packages/airflow/example_dags/example_trigger_controller_dag.py for tasks to queue
[2024-03-27T19:30:06.397+0000] {logging_mixin.py:120} INFO - [2024-03-27T19:30:06.396+0000] {dagbag.py:537} INFO - Filling up the DagBag from /home/airflow/.local/lib/python3.7/site-packages/airflow/example_dags/example_trigger_controller_dag.py
[2024-03-27T19:30:06.415+0000] {processor.py:766} INFO - DAG(s) dict_keys(['example_trigger_controller_dag']) retrieved from /home/airflow/.local/lib/python3.7/site-packages/airflow/example_dags/example_trigger_controller_dag.py
[2024-03-27T19:30:06.527+0000] {logging_mixin.py:120} INFO - [2024-03-27T19:30:06.527+0000] {dag.py:2585} INFO - Sync 1 DAGs
[2024-03-27T19:30:06.610+0000] {logging_mixin.py:120} INFO - [2024-03-27T19:30:06.609+0000] {dag.py:3340} INFO - Setting next_dagrun for example_trigger_controller_dag to None, run_after=None
[2024-03-27T19:30:06.774+0000] {processor.py:176} INFO - Processing /home/airflow/.local/lib/python3.7/site-packages/airflow/example_dags/example_trigger_controller_dag.py took 0.385 seconds
[2024-03-27T19:30:53.921+0000] {processor.py:154} INFO - Started process (PID=456) to work on /home/airflow/.local/lib/python3.7/site-packages/airflow/example_dags/example_trigger_controller_dag.py
[2024-03-27T19:30:53.923+0000] {processor.py:756} INFO - Processing file /home/airflow/.local/lib/python3.7/site-packages/airflow/example_dags/example_trigger_controller_dag.py for tasks to queue
[2024-03-27T19:30:53.926+0000] {logging_mixin.py:120} INFO - [2024-03-27T19:30:53.926+0000] {dagbag.py:537} INFO - Filling up the DagBag from /home/airflow/.local/lib/python3.7/site-packages/airflow/example_dags/example_trigger_controller_dag.py
[2024-03-27T19:30:53.939+0000] {processor.py:766} INFO - DAG(s) dict_keys(['example_trigger_controller_dag']) retrieved from /home/airflow/.local/lib/python3.7/site-packages/airflow/example_dags/example_trigger_controller_dag.py
[2024-03-27T19:30:53.976+0000] {logging_mixin.py:120} INFO - [2024-03-27T19:30:53.976+0000] {dag.py:2585} INFO - Sync 1 DAGs
[2024-03-27T19:30:53.997+0000] {logging_mixin.py:120} INFO - [2024-03-27T19:30:53.997+0000] {dag.py:3340} INFO - Setting next_dagrun for example_trigger_controller_dag to None, run_after=None
[2024-03-27T19:30:54.013+0000] {processor.py:176} INFO - Processing /home/airflow/.local/lib/python3.7/site-packages/airflow/example_dags/example_trigger_controller_dag.py took 0.098 seconds
[2024-03-27T19:31:24.504+0000] {processor.py:154} INFO - Started process (PID=508) to work on /home/airflow/.local/lib/python3.7/site-packages/airflow/example_dags/example_trigger_controller_dag.py
[2024-03-27T19:31:24.505+0000] {processor.py:756} INFO - Processing file /home/airflow/.local/lib/python3.7/site-packages/airflow/example_dags/example_trigger_controller_dag.py for tasks to queue
[2024-03-27T19:31:24.506+0000] {logging_mixin.py:120} INFO - [2024-03-27T19:31:24.506+0000] {dagbag.py:537} INFO - Filling up the DagBag from /home/airflow/.local/lib/python3.7/site-packages/airflow/example_dags/example_trigger_controller_dag.py
[2024-03-27T19:31:24.516+0000] {processor.py:766} INFO - DAG(s) dict_keys(['example_trigger_controller_dag']) retrieved from /home/airflow/.local/lib/python3.7/site-packages/airflow/example_dags/example_trigger_controller_dag.py
[2024-03-27T19:31:24.546+0000] {logging_mixin.py:120} INFO - [2024-03-27T19:31:24.546+0000] {dag.py:2585} INFO - Sync 1 DAGs
[2024-03-27T19:31:24.563+0000] {logging_mixin.py:120} INFO - [2024-03-27T19:31:24.563+0000] {dag.py:3340} INFO - Setting next_dagrun for example_trigger_controller_dag to None, run_after=None
[2024-03-27T19:31:24.575+0000] {processor.py:176} INFO - Processing /home/airflow/.local/lib/python3.7/site-packages/airflow/example_dags/example_trigger_controller_dag.py took 0.073 seconds
[2024-03-27T19:32:03.288+0000] {processor.py:154} INFO - Started process (PID=563) to work on /home/airflow/.local/lib/python3.7/site-packages/airflow/example_dags/example_trigger_controller_dag.py
[2024-03-27T19:32:03.290+0000] {processor.py:756} INFO - Processing file /home/airflow/.local/lib/python3.7/site-packages/airflow/example_dags/example_trigger_controller_dag.py for tasks to queue
[2024-03-27T19:32:03.293+0000] {logging_mixin.py:120} INFO - [2024-03-27T19:32:03.293+0000] {dagbag.py:537} INFO - Filling up the DagBag from /home/airflow/.local/lib/python3.7/site-packages/airflow/example_dags/example_trigger_controller_dag.py
[2024-03-27T19:32:03.303+0000] {processor.py:766} INFO - DAG(s) dict_keys(['example_trigger_controller_dag']) retrieved from /home/airflow/.local/lib/python3.7/site-packages/airflow/example_dags/example_trigger_controller_dag.py
[2024-03-27T19:32:03.348+0000] {logging_mixin.py:120} INFO - [2024-03-27T19:32:03.348+0000] {dag.py:2585} INFO - Sync 1 DAGs
[2024-03-27T19:32:03.377+0000] {logging_mixin.py:120} INFO - [2024-03-27T19:32:03.377+0000] {dag.py:3340} INFO - Setting next_dagrun for example_trigger_controller_dag to None, run_after=None
[2024-03-27T19:32:03.399+0000] {processor.py:176} INFO - Processing /home/airflow/.local/lib/python3.7/site-packages/airflow/example_dags/example_trigger_controller_dag.py took 0.115 seconds
[2024-03-27T19:32:51.723+0000] {processor.py:154} INFO - Started process (PID=618) to work on /home/airflow/.local/lib/python3.7/site-packages/airflow/example_dags/example_trigger_controller_dag.py
[2024-03-27T19:32:51.725+0000] {processor.py:756} INFO - Processing file /home/airflow/.local/lib/python3.7/site-packages/airflow/example_dags/example_trigger_controller_dag.py for tasks to queue
[2024-03-27T19:32:51.725+0000] {logging_mixin.py:120} INFO - [2024-03-27T19:32:51.725+0000] {dagbag.py:537} INFO - Filling up the DagBag from /home/airflow/.local/lib/python3.7/site-packages/airflow/example_dags/example_trigger_controller_dag.py
[2024-03-27T19:32:51.748+0000] {processor.py:766} INFO - DAG(s) dict_keys(['example_trigger_controller_dag']) retrieved from /home/airflow/.local/lib/python3.7/site-packages/airflow/example_dags/example_trigger_controller_dag.py
[2024-03-27T19:32:51.843+0000] {logging_mixin.py:120} INFO - [2024-03-27T19:32:51.843+0000] {dag.py:2585} INFO - Sync 1 DAGs
[2024-03-27T19:32:51.905+0000] {logging_mixin.py:120} INFO - [2024-03-27T19:32:51.905+0000] {dag.py:3340} INFO - Setting next_dagrun for example_trigger_controller_dag to None, run_after=None
[2024-03-27T19:32:51.940+0000] {processor.py:176} INFO - Processing /home/airflow/.local/lib/python3.7/site-packages/airflow/example_dags/example_trigger_controller_dag.py took 0.219 seconds
[2024-03-27T19:33:22.174+0000] {processor.py:154} INFO - Started process (PID=671) to work on /home/airflow/.local/lib/python3.7/site-packages/airflow/example_dags/example_trigger_controller_dag.py
[2024-03-27T19:33:22.176+0000] {processor.py:756} INFO - Processing file /home/airflow/.local/lib/python3.7/site-packages/airflow/example_dags/example_trigger_controller_dag.py for tasks to queue
[2024-03-27T19:33:22.176+0000] {logging_mixin.py:120} INFO - [2024-03-27T19:33:22.176+0000] {dagbag.py:537} INFO - Filling up the DagBag from /home/airflow/.local/lib/python3.7/site-packages/airflow/example_dags/example_trigger_controller_dag.py
[2024-03-27T19:33:22.187+0000] {processor.py:766} INFO - DAG(s) dict_keys(['example_trigger_controller_dag']) retrieved from /home/airflow/.local/lib/python3.7/site-packages/airflow/example_dags/example_trigger_controller_dag.py
[2024-03-27T19:33:22.220+0000] {logging_mixin.py:120} INFO - [2024-03-27T19:33:22.220+0000] {dag.py:2585} INFO - Sync 1 DAGs
[2024-03-27T19:33:22.239+0000] {logging_mixin.py:120} INFO - [2024-03-27T19:33:22.239+0000] {dag.py:3340} INFO - Setting next_dagrun for example_trigger_controller_dag to None, run_after=None
[2024-03-27T19:33:22.252+0000] {processor.py:176} INFO - Processing /home/airflow/.local/lib/python3.7/site-packages/airflow/example_dags/example_trigger_controller_dag.py took 0.084 seconds
[2024-03-27T19:34:02.645+0000] {processor.py:154} INFO - Started process (PID=740) to work on /home/airflow/.local/lib/python3.7/site-packages/airflow/example_dags/example_trigger_controller_dag.py
[2024-03-27T19:34:02.646+0000] {processor.py:756} INFO - Processing file /home/airflow/.local/lib/python3.7/site-packages/airflow/example_dags/example_trigger_controller_dag.py for tasks to queue
[2024-03-27T19:34:02.647+0000] {logging_mixin.py:120} INFO - [2024-03-27T19:34:02.647+0000] {dagbag.py:537} INFO - Filling up the DagBag from /home/airflow/.local/lib/python3.7/site-packages/airflow/example_dags/example_trigger_controller_dag.py
[2024-03-27T19:34:02.668+0000] {processor.py:766} INFO - DAG(s) dict_keys(['example_trigger_controller_dag']) retrieved from /home/airflow/.local/lib/python3.7/site-packages/airflow/example_dags/example_trigger_controller_dag.py
[2024-03-27T19:34:02.998+0000] {logging_mixin.py:120} INFO - [2024-03-27T19:34:02.993+0000] {dag.py:2585} INFO - Sync 1 DAGs
[2024-03-27T19:34:03.261+0000] {logging_mixin.py:120} INFO - [2024-03-27T19:34:03.259+0000] {dag.py:3340} INFO - Setting next_dagrun for example_trigger_controller_dag to None, run_after=None
[2024-03-27T19:34:03.494+0000] {processor.py:176} INFO - Processing /home/airflow/.local/lib/python3.7/site-packages/airflow/example_dags/example_trigger_controller_dag.py took 0.852 seconds
[2024-03-27T19:34:33.652+0000] {processor.py:154} INFO - Started process (PID=793) to work on /home/airflow/.local/lib/python3.7/site-packages/airflow/example_dags/example_trigger_controller_dag.py
[2024-03-27T19:34:33.653+0000] {processor.py:756} INFO - Processing file /home/airflow/.local/lib/python3.7/site-packages/airflow/example_dags/example_trigger_controller_dag.py for tasks to queue
[2024-03-27T19:34:33.654+0000] {logging_mixin.py:120} INFO - [2024-03-27T19:34:33.654+0000] {dagbag.py:537} INFO - Filling up the DagBag from /home/airflow/.local/lib/python3.7/site-packages/airflow/example_dags/example_trigger_controller_dag.py
[2024-03-27T19:34:33.672+0000] {processor.py:766} INFO - DAG(s) dict_keys(['example_trigger_controller_dag']) retrieved from /home/airflow/.local/lib/python3.7/site-packages/airflow/example_dags/example_trigger_controller_dag.py
[2024-03-27T19:34:33.711+0000] {logging_mixin.py:120} INFO - [2024-03-27T19:34:33.711+0000] {dag.py:2585} INFO - Sync 1 DAGs
[2024-03-27T19:34:33.727+0000] {logging_mixin.py:120} INFO - [2024-03-27T19:34:33.727+0000] {dag.py:3340} INFO - Setting next_dagrun for example_trigger_controller_dag to None, run_after=None
[2024-03-27T19:34:33.739+0000] {processor.py:176} INFO - Processing /home/airflow/.local/lib/python3.7/site-packages/airflow/example_dags/example_trigger_controller_dag.py took 0.090 seconds
[2024-03-27T19:35:18.187+0000] {processor.py:154} INFO - Started process (PID=854) to work on /home/airflow/.local/lib/python3.7/site-packages/airflow/example_dags/example_trigger_controller_dag.py
[2024-03-27T19:35:18.189+0000] {processor.py:756} INFO - Processing file /home/airflow/.local/lib/python3.7/site-packages/airflow/example_dags/example_trigger_controller_dag.py for tasks to queue
[2024-03-27T19:35:18.191+0000] {logging_mixin.py:120} INFO - [2024-03-27T19:35:18.191+0000] {dagbag.py:537} INFO - Filling up the DagBag from /home/airflow/.local/lib/python3.7/site-packages/airflow/example_dags/example_trigger_controller_dag.py
[2024-03-27T19:35:18.203+0000] {processor.py:766} INFO - DAG(s) dict_keys(['example_trigger_controller_dag']) retrieved from /home/airflow/.local/lib/python3.7/site-packages/airflow/example_dags/example_trigger_controller_dag.py
[2024-03-27T19:35:18.273+0000] {logging_mixin.py:120} INFO - [2024-03-27T19:35:18.273+0000] {dag.py:2585} INFO - Sync 1 DAGs
[2024-03-27T19:35:18.323+0000] {logging_mixin.py:120} INFO - [2024-03-27T19:35:18.323+0000] {dag.py:3340} INFO - Setting next_dagrun for example_trigger_controller_dag to None, run_after=None
[2024-03-27T19:35:18.382+0000] {processor.py:176} INFO - Processing /home/airflow/.local/lib/python3.7/site-packages/airflow/example_dags/example_trigger_controller_dag.py took 0.203 seconds
[2024-03-27T19:36:14.346+0000] {processor.py:154} INFO - Started process (PID=921) to work on /home/airflow/.local/lib/python3.7/site-packages/airflow/example_dags/example_trigger_controller_dag.py
[2024-03-27T19:36:14.348+0000] {processor.py:756} INFO - Processing file /home/airflow/.local/lib/python3.7/site-packages/airflow/example_dags/example_trigger_controller_dag.py for tasks to queue
[2024-03-27T19:36:14.351+0000] {logging_mixin.py:120} INFO - [2024-03-27T19:36:14.351+0000] {dagbag.py:537} INFO - Filling up the DagBag from /home/airflow/.local/lib/python3.7/site-packages/airflow/example_dags/example_trigger_controller_dag.py
[2024-03-27T19:36:14.376+0000] {processor.py:766} INFO - DAG(s) dict_keys(['example_trigger_controller_dag']) retrieved from /home/airflow/.local/lib/python3.7/site-packages/airflow/example_dags/example_trigger_controller_dag.py
[2024-03-27T19:36:14.462+0000] {logging_mixin.py:120} INFO - [2024-03-27T19:36:14.462+0000] {dag.py:2585} INFO - Sync 1 DAGs
[2024-03-27T19:36:14.515+0000] {logging_mixin.py:120} INFO - [2024-03-27T19:36:14.515+0000] {dag.py:3340} INFO - Setting next_dagrun for example_trigger_controller_dag to None, run_after=None
[2024-03-27T19:36:14.558+0000] {processor.py:176} INFO - Processing /home/airflow/.local/lib/python3.7/site-packages/airflow/example_dags/example_trigger_controller_dag.py took 0.220 seconds
[2024-03-27T19:36:50.527+0000] {processor.py:154} INFO - Started process (PID=47) to work on /home/airflow/.local/lib/python3.7/site-packages/airflow/example_dags/example_trigger_controller_dag.py
[2024-03-27T19:36:50.528+0000] {processor.py:756} INFO - Processing file /home/airflow/.local/lib/python3.7/site-packages/airflow/example_dags/example_trigger_controller_dag.py for tasks to queue
[2024-03-27T19:36:50.529+0000] {logging_mixin.py:120} INFO - [2024-03-27T19:36:50.529+0000] {dagbag.py:537} INFO - Filling up the DagBag from /home/airflow/.local/lib/python3.7/site-packages/airflow/example_dags/example_trigger_controller_dag.py
[2024-03-27T19:36:50.557+0000] {processor.py:766} INFO - DAG(s) dict_keys(['example_trigger_controller_dag']) retrieved from /home/airflow/.local/lib/python3.7/site-packages/airflow/example_dags/example_trigger_controller_dag.py
[2024-03-27T19:36:51.023+0000] {logging_mixin.py:120} INFO - [2024-03-27T19:36:51.019+0000] {dag.py:2585} INFO - Sync 1 DAGs
[2024-03-27T19:37:02.630+0000] {logging_mixin.py:120} INFO - [2024-03-27T19:37:02.629+0000] {dag.py:3340} INFO - Setting next_dagrun for example_trigger_controller_dag to None, run_after=None
[2024-03-27T19:37:02.742+0000] {processor.py:176} INFO - Processing /home/airflow/.local/lib/python3.7/site-packages/airflow/example_dags/example_trigger_controller_dag.py took 12.218 seconds
[2024-03-27T19:37:41.311+0000] {processor.py:154} INFO - Started process (PID=106) to work on /home/airflow/.local/lib/python3.7/site-packages/airflow/example_dags/example_trigger_controller_dag.py
[2024-03-27T19:37:41.316+0000] {processor.py:756} INFO - Processing file /home/airflow/.local/lib/python3.7/site-packages/airflow/example_dags/example_trigger_controller_dag.py for tasks to queue
[2024-03-27T19:37:41.320+0000] {logging_mixin.py:120} INFO - [2024-03-27T19:37:41.319+0000] {dagbag.py:537} INFO - Filling up the DagBag from /home/airflow/.local/lib/python3.7/site-packages/airflow/example_dags/example_trigger_controller_dag.py
[2024-03-27T19:37:41.426+0000] {processor.py:766} INFO - DAG(s) dict_keys(['example_trigger_controller_dag']) retrieved from /home/airflow/.local/lib/python3.7/site-packages/airflow/example_dags/example_trigger_controller_dag.py
[2024-03-27T19:37:41.873+0000] {logging_mixin.py:120} INFO - [2024-03-27T19:37:41.868+0000] {dag.py:2585} INFO - Sync 1 DAGs
[2024-03-27T19:37:42.340+0000] {logging_mixin.py:120} INFO - [2024-03-27T19:37:42.340+0000] {dag.py:3340} INFO - Setting next_dagrun for example_trigger_controller_dag to None, run_after=None
[2024-03-27T19:37:42.367+0000] {processor.py:176} INFO - Processing /home/airflow/.local/lib/python3.7/site-packages/airflow/example_dags/example_trigger_controller_dag.py took 1.073 seconds
[2024-03-27T19:38:23.455+0000] {processor.py:154} INFO - Started process (PID=55) to work on /home/airflow/.local/lib/python3.7/site-packages/airflow/example_dags/example_trigger_controller_dag.py
[2024-03-27T19:38:23.457+0000] {processor.py:756} INFO - Processing file /home/airflow/.local/lib/python3.7/site-packages/airflow/example_dags/example_trigger_controller_dag.py for tasks to queue
[2024-03-27T19:38:23.458+0000] {logging_mixin.py:120} INFO - [2024-03-27T19:38:23.458+0000] {dagbag.py:537} INFO - Filling up the DagBag from /home/airflow/.local/lib/python3.7/site-packages/airflow/example_dags/example_trigger_controller_dag.py
[2024-03-27T19:38:23.468+0000] {processor.py:766} INFO - DAG(s) dict_keys(['example_trigger_controller_dag']) retrieved from /home/airflow/.local/lib/python3.7/site-packages/airflow/example_dags/example_trigger_controller_dag.py
[2024-03-27T19:38:23.517+0000] {logging_mixin.py:120} INFO - [2024-03-27T19:38:23.517+0000] {dag.py:2585} INFO - Sync 1 DAGs
[2024-03-27T19:38:23.541+0000] {logging_mixin.py:120} INFO - [2024-03-27T19:38:23.540+0000] {dag.py:3340} INFO - Setting next_dagrun for example_trigger_controller_dag to None, run_after=None
[2024-03-27T19:38:23.563+0000] {processor.py:176} INFO - Processing /home/airflow/.local/lib/python3.7/site-packages/airflow/example_dags/example_trigger_controller_dag.py took 0.110 seconds
[2024-03-27T19:38:53.962+0000] {processor.py:154} INFO - Started process (PID=105) to work on /home/airflow/.local/lib/python3.7/site-packages/airflow/example_dags/example_trigger_controller_dag.py
[2024-03-27T19:38:53.963+0000] {processor.py:756} INFO - Processing file /home/airflow/.local/lib/python3.7/site-packages/airflow/example_dags/example_trigger_controller_dag.py for tasks to queue
[2024-03-27T19:38:53.963+0000] {logging_mixin.py:120} INFO - [2024-03-27T19:38:53.963+0000] {dagbag.py:537} INFO - Filling up the DagBag from /home/airflow/.local/lib/python3.7/site-packages/airflow/example_dags/example_trigger_controller_dag.py
[2024-03-27T19:38:53.973+0000] {processor.py:766} INFO - DAG(s) dict_keys(['example_trigger_controller_dag']) retrieved from /home/airflow/.local/lib/python3.7/site-packages/airflow/example_dags/example_trigger_controller_dag.py
[2024-03-27T19:38:54.000+0000] {logging_mixin.py:120} INFO - [2024-03-27T19:38:54.000+0000] {dag.py:2585} INFO - Sync 1 DAGs
[2024-03-27T19:38:54.020+0000] {logging_mixin.py:120} INFO - [2024-03-27T19:38:54.020+0000] {dag.py:3340} INFO - Setting next_dagrun for example_trigger_controller_dag to None, run_after=None
[2024-03-27T19:38:54.031+0000] {processor.py:176} INFO - Processing /home/airflow/.local/lib/python3.7/site-packages/airflow/example_dags/example_trigger_controller_dag.py took 0.071 seconds
[2024-03-27T19:39:51.348+0000] {processor.py:154} INFO - Started process (PID=65) to work on /home/airflow/.local/lib/python3.7/site-packages/airflow/example_dags/example_trigger_controller_dag.py
[2024-03-27T19:39:51.350+0000] {processor.py:756} INFO - Processing file /home/airflow/.local/lib/python3.7/site-packages/airflow/example_dags/example_trigger_controller_dag.py for tasks to queue
[2024-03-27T19:39:51.351+0000] {logging_mixin.py:120} INFO - [2024-03-27T19:39:51.351+0000] {dagbag.py:537} INFO - Filling up the DagBag from /home/airflow/.local/lib/python3.7/site-packages/airflow/example_dags/example_trigger_controller_dag.py
[2024-03-27T19:39:51.359+0000] {processor.py:766} INFO - DAG(s) dict_keys(['example_trigger_controller_dag']) retrieved from /home/airflow/.local/lib/python3.7/site-packages/airflow/example_dags/example_trigger_controller_dag.py
[2024-03-27T19:39:51.394+0000] {logging_mixin.py:120} INFO - [2024-03-27T19:39:51.394+0000] {dag.py:2585} INFO - Sync 1 DAGs
[2024-03-27T19:39:51.417+0000] {logging_mixin.py:120} INFO - [2024-03-27T19:39:51.417+0000] {dag.py:3340} INFO - Setting next_dagrun for example_trigger_controller_dag to None, run_after=None
[2024-03-27T19:39:51.445+0000] {processor.py:176} INFO - Processing /home/airflow/.local/lib/python3.7/site-packages/airflow/example_dags/example_trigger_controller_dag.py took 0.098 seconds
[2024-03-27T19:40:30.551+0000] {processor.py:154} INFO - Started process (PID=123) to work on /home/airflow/.local/lib/python3.7/site-packages/airflow/example_dags/example_trigger_controller_dag.py
[2024-03-27T19:40:30.553+0000] {processor.py:756} INFO - Processing file /home/airflow/.local/lib/python3.7/site-packages/airflow/example_dags/example_trigger_controller_dag.py for tasks to queue
[2024-03-27T19:40:30.554+0000] {logging_mixin.py:120} INFO - [2024-03-27T19:40:30.554+0000] {dagbag.py:537} INFO - Filling up the DagBag from /home/airflow/.local/lib/python3.7/site-packages/airflow/example_dags/example_trigger_controller_dag.py
[2024-03-27T19:40:30.611+0000] {processor.py:766} INFO - DAG(s) dict_keys(['example_trigger_controller_dag']) retrieved from /home/airflow/.local/lib/python3.7/site-packages/airflow/example_dags/example_trigger_controller_dag.py
[2024-03-27T19:40:30.711+0000] {logging_mixin.py:120} INFO - [2024-03-27T19:40:30.710+0000] {dag.py:2585} INFO - Sync 1 DAGs
[2024-03-27T19:40:30.777+0000] {logging_mixin.py:120} INFO - [2024-03-27T19:40:30.777+0000] {dag.py:3340} INFO - Setting next_dagrun for example_trigger_controller_dag to None, run_after=None
[2024-03-27T19:40:30.852+0000] {processor.py:176} INFO - Processing /home/airflow/.local/lib/python3.7/site-packages/airflow/example_dags/example_trigger_controller_dag.py took 0.310 seconds
[2024-03-27T19:41:06.991+0000] {processor.py:154} INFO - Started process (PID=174) to work on /home/airflow/.local/lib/python3.7/site-packages/airflow/example_dags/example_trigger_controller_dag.py
[2024-03-27T19:41:06.993+0000] {processor.py:756} INFO - Processing file /home/airflow/.local/lib/python3.7/site-packages/airflow/example_dags/example_trigger_controller_dag.py for tasks to queue
[2024-03-27T19:41:06.994+0000] {logging_mixin.py:120} INFO - [2024-03-27T19:41:06.994+0000] {dagbag.py:537} INFO - Filling up the DagBag from /home/airflow/.local/lib/python3.7/site-packages/airflow/example_dags/example_trigger_controller_dag.py
[2024-03-27T19:41:07.012+0000] {processor.py:766} INFO - DAG(s) dict_keys(['example_trigger_controller_dag']) retrieved from /home/airflow/.local/lib/python3.7/site-packages/airflow/example_dags/example_trigger_controller_dag.py
[2024-03-27T19:41:07.079+0000] {logging_mixin.py:120} INFO - [2024-03-27T19:41:07.079+0000] {dag.py:2585} INFO - Sync 1 DAGs
[2024-03-27T19:41:07.111+0000] {logging_mixin.py:120} INFO - [2024-03-27T19:41:07.111+0000] {dag.py:3340} INFO - Setting next_dagrun for example_trigger_controller_dag to None, run_after=None
[2024-03-27T19:41:07.142+0000] {processor.py:176} INFO - Processing /home/airflow/.local/lib/python3.7/site-packages/airflow/example_dags/example_trigger_controller_dag.py took 0.153 seconds
[2024-03-27T19:41:39.203+0000] {processor.py:154} INFO - Started process (PID=55) to work on /home/airflow/.local/lib/python3.7/site-packages/airflow/example_dags/example_trigger_controller_dag.py
[2024-03-27T19:41:39.203+0000] {processor.py:756} INFO - Processing file /home/airflow/.local/lib/python3.7/site-packages/airflow/example_dags/example_trigger_controller_dag.py for tasks to queue
[2024-03-27T19:41:39.204+0000] {logging_mixin.py:120} INFO - [2024-03-27T19:41:39.204+0000] {dagbag.py:537} INFO - Filling up the DagBag from /home/airflow/.local/lib/python3.7/site-packages/airflow/example_dags/example_trigger_controller_dag.py
[2024-03-27T19:41:39.211+0000] {processor.py:766} INFO - DAG(s) dict_keys(['example_trigger_controller_dag']) retrieved from /home/airflow/.local/lib/python3.7/site-packages/airflow/example_dags/example_trigger_controller_dag.py
[2024-03-27T19:41:39.236+0000] {logging_mixin.py:120} INFO - [2024-03-27T19:41:39.236+0000] {dag.py:2585} INFO - Sync 1 DAGs
[2024-03-27T19:41:39.251+0000] {logging_mixin.py:120} INFO - [2024-03-27T19:41:39.251+0000] {dag.py:3340} INFO - Setting next_dagrun for example_trigger_controller_dag to None, run_after=None
[2024-03-27T19:41:39.272+0000] {processor.py:176} INFO - Processing /home/airflow/.local/lib/python3.7/site-packages/airflow/example_dags/example_trigger_controller_dag.py took 0.071 seconds
[2024-03-27T19:42:10.707+0000] {processor.py:154} INFO - Started process (PID=105) to work on /home/airflow/.local/lib/python3.7/site-packages/airflow/example_dags/example_trigger_controller_dag.py
[2024-03-27T19:42:10.708+0000] {processor.py:756} INFO - Processing file /home/airflow/.local/lib/python3.7/site-packages/airflow/example_dags/example_trigger_controller_dag.py for tasks to queue
[2024-03-27T19:42:10.708+0000] {logging_mixin.py:120} INFO - [2024-03-27T19:42:10.708+0000] {dagbag.py:537} INFO - Filling up the DagBag from /home/airflow/.local/lib/python3.7/site-packages/airflow/example_dags/example_trigger_controller_dag.py
[2024-03-27T19:42:10.718+0000] {processor.py:766} INFO - DAG(s) dict_keys(['example_trigger_controller_dag']) retrieved from /home/airflow/.local/lib/python3.7/site-packages/airflow/example_dags/example_trigger_controller_dag.py
[2024-03-27T19:42:10.742+0000] {logging_mixin.py:120} INFO - [2024-03-27T19:42:10.742+0000] {dag.py:2585} INFO - Sync 1 DAGs
[2024-03-27T19:42:10.760+0000] {logging_mixin.py:120} INFO - [2024-03-27T19:42:10.760+0000] {dag.py:3340} INFO - Setting next_dagrun for example_trigger_controller_dag to None, run_after=None
[2024-03-27T19:42:10.771+0000] {processor.py:176} INFO - Processing /home/airflow/.local/lib/python3.7/site-packages/airflow/example_dags/example_trigger_controller_dag.py took 0.066 seconds
[2024-03-27T19:42:49.423+0000] {processor.py:154} INFO - Started process (PID=165) to work on /home/airflow/.local/lib/python3.7/site-packages/airflow/example_dags/example_trigger_controller_dag.py
[2024-03-27T19:42:49.425+0000] {processor.py:756} INFO - Processing file /home/airflow/.local/lib/python3.7/site-packages/airflow/example_dags/example_trigger_controller_dag.py for tasks to queue
[2024-03-27T19:42:49.426+0000] {logging_mixin.py:120} INFO - [2024-03-27T19:42:49.426+0000] {dagbag.py:537} INFO - Filling up the DagBag from /home/airflow/.local/lib/python3.7/site-packages/airflow/example_dags/example_trigger_controller_dag.py
[2024-03-27T19:42:49.445+0000] {processor.py:766} INFO - DAG(s) dict_keys(['example_trigger_controller_dag']) retrieved from /home/airflow/.local/lib/python3.7/site-packages/airflow/example_dags/example_trigger_controller_dag.py
[2024-03-27T19:42:49.506+0000] {logging_mixin.py:120} INFO - [2024-03-27T19:42:49.506+0000] {dag.py:2585} INFO - Sync 1 DAGs
[2024-03-27T19:42:49.549+0000] {logging_mixin.py:120} INFO - [2024-03-27T19:42:49.549+0000] {dag.py:3340} INFO - Setting next_dagrun for example_trigger_controller_dag to None, run_after=None
[2024-03-27T19:42:49.577+0000] {processor.py:176} INFO - Processing /home/airflow/.local/lib/python3.7/site-packages/airflow/example_dags/example_trigger_controller_dag.py took 0.159 seconds
[2024-03-27T19:44:27.141+0000] {processor.py:154} INFO - Started process (PID=56) to work on /home/airflow/.local/lib/python3.7/site-packages/airflow/example_dags/example_trigger_controller_dag.py
[2024-03-27T19:44:27.142+0000] {processor.py:756} INFO - Processing file /home/airflow/.local/lib/python3.7/site-packages/airflow/example_dags/example_trigger_controller_dag.py for tasks to queue
[2024-03-27T19:44:27.143+0000] {logging_mixin.py:120} INFO - [2024-03-27T19:44:27.143+0000] {dagbag.py:537} INFO - Filling up the DagBag from /home/airflow/.local/lib/python3.7/site-packages/airflow/example_dags/example_trigger_controller_dag.py
[2024-03-27T19:44:27.155+0000] {processor.py:766} INFO - DAG(s) dict_keys(['example_trigger_controller_dag']) retrieved from /home/airflow/.local/lib/python3.7/site-packages/airflow/example_dags/example_trigger_controller_dag.py
[2024-03-27T19:44:27.216+0000] {logging_mixin.py:120} INFO - [2024-03-27T19:44:27.215+0000] {dag.py:2585} INFO - Sync 1 DAGs
[2024-03-27T19:44:27.244+0000] {logging_mixin.py:120} INFO - [2024-03-27T19:44:27.243+0000] {dag.py:3340} INFO - Setting next_dagrun for example_trigger_controller_dag to None, run_after=None
[2024-03-27T19:44:27.269+0000] {processor.py:176} INFO - Processing /home/airflow/.local/lib/python3.7/site-packages/airflow/example_dags/example_trigger_controller_dag.py took 0.133 seconds
[2024-03-27T19:45:20.850+0000] {processor.py:154} INFO - Started process (PID=115) to work on /home/airflow/.local/lib/python3.7/site-packages/airflow/example_dags/example_trigger_controller_dag.py
[2024-03-27T19:45:20.856+0000] {processor.py:756} INFO - Processing file /home/airflow/.local/lib/python3.7/site-packages/airflow/example_dags/example_trigger_controller_dag.py for tasks to queue
[2024-03-27T19:45:20.862+0000] {logging_mixin.py:120} INFO - [2024-03-27T19:45:20.862+0000] {dagbag.py:537} INFO - Filling up the DagBag from /home/airflow/.local/lib/python3.7/site-packages/airflow/example_dags/example_trigger_controller_dag.py
[2024-03-27T19:45:20.953+0000] {processor.py:766} INFO - DAG(s) dict_keys(['example_trigger_controller_dag']) retrieved from /home/airflow/.local/lib/python3.7/site-packages/airflow/example_dags/example_trigger_controller_dag.py
[2024-03-27T19:45:21.100+0000] {logging_mixin.py:120} INFO - [2024-03-27T19:45:21.098+0000] {dag.py:2585} INFO - Sync 1 DAGs
[2024-03-27T19:45:21.184+0000] {logging_mixin.py:120} INFO - [2024-03-27T19:45:21.184+0000] {dag.py:3340} INFO - Setting next_dagrun for example_trigger_controller_dag to None, run_after=None
[2024-03-27T19:45:21.221+0000] {processor.py:176} INFO - Processing /home/airflow/.local/lib/python3.7/site-packages/airflow/example_dags/example_trigger_controller_dag.py took 0.381 seconds
[2024-03-27T19:46:20.347+0000] {processor.py:154} INFO - Started process (PID=66) to work on /home/airflow/.local/lib/python3.7/site-packages/airflow/example_dags/example_trigger_controller_dag.py
[2024-03-27T19:46:20.349+0000] {processor.py:756} INFO - Processing file /home/airflow/.local/lib/python3.7/site-packages/airflow/example_dags/example_trigger_controller_dag.py for tasks to queue
[2024-03-27T19:46:20.355+0000] {logging_mixin.py:120} INFO - [2024-03-27T19:46:20.355+0000] {dagbag.py:537} INFO - Filling up the DagBag from /home/airflow/.local/lib/python3.7/site-packages/airflow/example_dags/example_trigger_controller_dag.py
[2024-03-27T19:46:20.385+0000] {processor.py:766} INFO - DAG(s) dict_keys(['example_trigger_controller_dag']) retrieved from /home/airflow/.local/lib/python3.7/site-packages/airflow/example_dags/example_trigger_controller_dag.py
[2024-03-27T19:46:20.497+0000] {logging_mixin.py:120} INFO - [2024-03-27T19:46:20.497+0000] {dag.py:2585} INFO - Sync 1 DAGs
[2024-03-27T19:46:20.581+0000] {logging_mixin.py:120} INFO - [2024-03-27T19:46:20.581+0000] {dag.py:3340} INFO - Setting next_dagrun for example_trigger_controller_dag to None, run_after=None
[2024-03-27T19:46:20.878+0000] {processor.py:176} INFO - Processing /home/airflow/.local/lib/python3.7/site-packages/airflow/example_dags/example_trigger_controller_dag.py took 0.535 seconds
[2024-03-27T19:47:22.786+0000] {processor.py:154} INFO - Started process (PID=118) to work on /home/airflow/.local/lib/python3.7/site-packages/airflow/example_dags/example_trigger_controller_dag.py
[2024-03-27T19:47:22.789+0000] {processor.py:756} INFO - Processing file /home/airflow/.local/lib/python3.7/site-packages/airflow/example_dags/example_trigger_controller_dag.py for tasks to queue
[2024-03-27T19:47:22.790+0000] {logging_mixin.py:120} INFO - [2024-03-27T19:47:22.790+0000] {dagbag.py:537} INFO - Filling up the DagBag from /home/airflow/.local/lib/python3.7/site-packages/airflow/example_dags/example_trigger_controller_dag.py
[2024-03-27T19:47:22.843+0000] {processor.py:766} INFO - DAG(s) dict_keys(['example_trigger_controller_dag']) retrieved from /home/airflow/.local/lib/python3.7/site-packages/airflow/example_dags/example_trigger_controller_dag.py
[2024-03-27T19:47:22.920+0000] {logging_mixin.py:120} INFO - [2024-03-27T19:47:22.920+0000] {dag.py:2585} INFO - Sync 1 DAGs
[2024-03-27T19:47:22.996+0000] {logging_mixin.py:120} INFO - [2024-03-27T19:47:22.996+0000] {dag.py:3340} INFO - Setting next_dagrun for example_trigger_controller_dag to None, run_after=None
[2024-03-27T19:47:23.069+0000] {processor.py:176} INFO - Processing /home/airflow/.local/lib/python3.7/site-packages/airflow/example_dags/example_trigger_controller_dag.py took 0.286 seconds
[2024-03-27T19:47:46.743+0000] {processor.py:154} INFO - Started process (PID=55) to work on /home/airflow/.local/lib/python3.7/site-packages/airflow/example_dags/example_trigger_controller_dag.py
[2024-03-27T19:47:46.744+0000] {processor.py:756} INFO - Processing file /home/airflow/.local/lib/python3.7/site-packages/airflow/example_dags/example_trigger_controller_dag.py for tasks to queue
[2024-03-27T19:47:46.744+0000] {logging_mixin.py:120} INFO - [2024-03-27T19:47:46.744+0000] {dagbag.py:537} INFO - Filling up the DagBag from /home/airflow/.local/lib/python3.7/site-packages/airflow/example_dags/example_trigger_controller_dag.py
[2024-03-27T19:47:46.751+0000] {processor.py:766} INFO - DAG(s) dict_keys(['example_trigger_controller_dag']) retrieved from /home/airflow/.local/lib/python3.7/site-packages/airflow/example_dags/example_trigger_controller_dag.py
[2024-03-27T19:47:46.775+0000] {logging_mixin.py:120} INFO - [2024-03-27T19:47:46.775+0000] {dag.py:2585} INFO - Sync 1 DAGs
[2024-03-27T19:47:46.790+0000] {logging_mixin.py:120} INFO - [2024-03-27T19:47:46.790+0000] {dag.py:3340} INFO - Setting next_dagrun for example_trigger_controller_dag to None, run_after=None
[2024-03-27T19:47:46.801+0000] {processor.py:176} INFO - Processing /home/airflow/.local/lib/python3.7/site-packages/airflow/example_dags/example_trigger_controller_dag.py took 0.060 seconds
[2024-03-27T19:48:34.503+0000] {processor.py:154} INFO - Started process (PID=112) to work on /home/airflow/.local/lib/python3.7/site-packages/airflow/example_dags/example_trigger_controller_dag.py
[2024-03-27T19:48:34.505+0000] {processor.py:756} INFO - Processing file /home/airflow/.local/lib/python3.7/site-packages/airflow/example_dags/example_trigger_controller_dag.py for tasks to queue
[2024-03-27T19:48:34.506+0000] {logging_mixin.py:120} INFO - [2024-03-27T19:48:34.506+0000] {dagbag.py:537} INFO - Filling up the DagBag from /home/airflow/.local/lib/python3.7/site-packages/airflow/example_dags/example_trigger_controller_dag.py
[2024-03-27T19:48:34.525+0000] {processor.py:766} INFO - DAG(s) dict_keys(['example_trigger_controller_dag']) retrieved from /home/airflow/.local/lib/python3.7/site-packages/airflow/example_dags/example_trigger_controller_dag.py
[2024-03-27T19:48:34.553+0000] {logging_mixin.py:120} INFO - [2024-03-27T19:48:34.553+0000] {dag.py:2585} INFO - Sync 1 DAGs
[2024-03-27T19:48:34.576+0000] {logging_mixin.py:120} INFO - [2024-03-27T19:48:34.576+0000] {dag.py:3340} INFO - Setting next_dagrun for example_trigger_controller_dag to None, run_after=None
[2024-03-27T19:48:34.591+0000] {processor.py:176} INFO - Processing /home/airflow/.local/lib/python3.7/site-packages/airflow/example_dags/example_trigger_controller_dag.py took 0.094 seconds
[2024-03-27T19:49:26.412+0000] {processor.py:154} INFO - Started process (PID=56) to work on /home/airflow/.local/lib/python3.7/site-packages/airflow/example_dags/example_trigger_controller_dag.py
[2024-03-27T19:49:26.416+0000] {processor.py:756} INFO - Processing file /home/airflow/.local/lib/python3.7/site-packages/airflow/example_dags/example_trigger_controller_dag.py for tasks to queue
[2024-03-27T19:49:26.417+0000] {logging_mixin.py:120} INFO - [2024-03-27T19:49:26.417+0000] {dagbag.py:537} INFO - Filling up the DagBag from /home/airflow/.local/lib/python3.7/site-packages/airflow/example_dags/example_trigger_controller_dag.py
[2024-03-27T19:49:26.429+0000] {processor.py:766} INFO - DAG(s) dict_keys(['example_trigger_controller_dag']) retrieved from /home/airflow/.local/lib/python3.7/site-packages/airflow/example_dags/example_trigger_controller_dag.py
[2024-03-27T19:49:26.467+0000] {logging_mixin.py:120} INFO - [2024-03-27T19:49:26.467+0000] {dag.py:2585} INFO - Sync 1 DAGs
[2024-03-27T19:49:26.482+0000] {logging_mixin.py:120} INFO - [2024-03-27T19:49:26.482+0000] {dag.py:3340} INFO - Setting next_dagrun for example_trigger_controller_dag to None, run_after=None
[2024-03-27T19:49:26.494+0000] {processor.py:176} INFO - Processing /home/airflow/.local/lib/python3.7/site-packages/airflow/example_dags/example_trigger_controller_dag.py took 0.088 seconds
[2024-03-27T19:50:01.109+0000] {processor.py:154} INFO - Started process (PID=114) to work on /home/airflow/.local/lib/python3.7/site-packages/airflow/example_dags/example_trigger_controller_dag.py
[2024-03-27T19:50:01.110+0000] {processor.py:756} INFO - Processing file /home/airflow/.local/lib/python3.7/site-packages/airflow/example_dags/example_trigger_controller_dag.py for tasks to queue
[2024-03-27T19:50:01.111+0000] {logging_mixin.py:120} INFO - [2024-03-27T19:50:01.110+0000] {dagbag.py:537} INFO - Filling up the DagBag from /home/airflow/.local/lib/python3.7/site-packages/airflow/example_dags/example_trigger_controller_dag.py
[2024-03-27T19:50:01.125+0000] {processor.py:766} INFO - DAG(s) dict_keys(['example_trigger_controller_dag']) retrieved from /home/airflow/.local/lib/python3.7/site-packages/airflow/example_dags/example_trigger_controller_dag.py
[2024-03-27T19:50:01.157+0000] {logging_mixin.py:120} INFO - [2024-03-27T19:50:01.157+0000] {dag.py:2585} INFO - Sync 1 DAGs
[2024-03-27T19:50:01.176+0000] {logging_mixin.py:120} INFO - [2024-03-27T19:50:01.176+0000] {dag.py:3340} INFO - Setting next_dagrun for example_trigger_controller_dag to None, run_after=None
[2024-03-27T19:50:01.190+0000] {processor.py:176} INFO - Processing /home/airflow/.local/lib/python3.7/site-packages/airflow/example_dags/example_trigger_controller_dag.py took 0.083 seconds
[2024-03-27T19:54:19.129+0000] {processor.py:154} INFO - Started process (PID=48) to work on /home/airflow/.local/lib/python3.7/site-packages/airflow/example_dags/example_trigger_controller_dag.py
[2024-03-27T19:54:19.130+0000] {processor.py:756} INFO - Processing file /home/airflow/.local/lib/python3.7/site-packages/airflow/example_dags/example_trigger_controller_dag.py for tasks to queue
[2024-03-27T19:54:19.131+0000] {logging_mixin.py:120} INFO - [2024-03-27T19:54:19.131+0000] {dagbag.py:537} INFO - Filling up the DagBag from /home/airflow/.local/lib/python3.7/site-packages/airflow/example_dags/example_trigger_controller_dag.py
[2024-03-27T19:54:19.143+0000] {processor.py:766} INFO - DAG(s) dict_keys(['example_trigger_controller_dag']) retrieved from /home/airflow/.local/lib/python3.7/site-packages/airflow/example_dags/example_trigger_controller_dag.py
[2024-03-27T19:54:19.186+0000] {logging_mixin.py:120} INFO - [2024-03-27T19:54:19.186+0000] {dag.py:2585} INFO - Sync 1 DAGs
[2024-03-27T19:54:19.214+0000] {logging_mixin.py:120} INFO - [2024-03-27T19:54:19.214+0000] {dag.py:3340} INFO - Setting next_dagrun for example_trigger_controller_dag to None, run_after=None
[2024-03-27T19:54:19.242+0000] {processor.py:176} INFO - Processing /home/airflow/.local/lib/python3.7/site-packages/airflow/example_dags/example_trigger_controller_dag.py took 0.115 seconds
