[2024-03-27T19:09:51.694+0000] {processor.py:154} INFO - Started process (PID=76) to work on /home/airflow/.local/lib/python3.7/site-packages/airflow/example_dags/example_local_kubernetes_executor.py
[2024-03-27T19:09:51.696+0000] {processor.py:756} INFO - Processing file /home/airflow/.local/lib/python3.7/site-packages/airflow/example_dags/example_local_kubernetes_executor.py for tasks to queue
[2024-03-27T19:09:51.698+0000] {logging_mixin.py:120} INFO - [2024-03-27T19:09:51.698+0000] {dagbag.py:537} INFO - Filling up the DagBag from /home/airflow/.local/lib/python3.7/site-packages/airflow/example_dags/example_local_kubernetes_executor.py
[2024-03-27T19:09:51.725+0000] {processor.py:766} INFO - DAG(s) dict_keys(['example_local_kubernetes_executor']) retrieved from /home/airflow/.local/lib/python3.7/site-packages/airflow/example_dags/example_local_kubernetes_executor.py
[2024-03-27T19:09:51.778+0000] {logging_mixin.py:120} INFO - [2024-03-27T19:09:51.778+0000] {dag.py:2585} INFO - Sync 1 DAGs
[2024-03-27T19:09:51.807+0000] {logging_mixin.py:120} INFO - [2024-03-27T19:09:51.806+0000] {dag.py:3340} INFO - Setting next_dagrun for example_local_kubernetes_executor to None, run_after=None
[2024-03-27T19:09:51.828+0000] {processor.py:176} INFO - Processing /home/airflow/.local/lib/python3.7/site-packages/airflow/example_dags/example_local_kubernetes_executor.py took 0.137 seconds
[2024-03-27T19:10:21.969+0000] {processor.py:154} INFO - Started process (PID=143) to work on /home/airflow/.local/lib/python3.7/site-packages/airflow/example_dags/example_local_kubernetes_executor.py
[2024-03-27T19:10:21.970+0000] {processor.py:756} INFO - Processing file /home/airflow/.local/lib/python3.7/site-packages/airflow/example_dags/example_local_kubernetes_executor.py for tasks to queue
[2024-03-27T19:10:21.971+0000] {logging_mixin.py:120} INFO - [2024-03-27T19:10:21.970+0000] {dagbag.py:537} INFO - Filling up the DagBag from /home/airflow/.local/lib/python3.7/site-packages/airflow/example_dags/example_local_kubernetes_executor.py
[2024-03-27T19:10:21.988+0000] {processor.py:766} INFO - DAG(s) dict_keys(['example_local_kubernetes_executor']) retrieved from /home/airflow/.local/lib/python3.7/site-packages/airflow/example_dags/example_local_kubernetes_executor.py
[2024-03-27T19:10:22.017+0000] {logging_mixin.py:120} INFO - [2024-03-27T19:10:22.017+0000] {dag.py:2585} INFO - Sync 1 DAGs
[2024-03-27T19:10:22.033+0000] {logging_mixin.py:120} INFO - [2024-03-27T19:10:22.033+0000] {dag.py:3340} INFO - Setting next_dagrun for example_local_kubernetes_executor to None, run_after=None
[2024-03-27T19:10:22.044+0000] {processor.py:176} INFO - Processing /home/airflow/.local/lib/python3.7/site-packages/airflow/example_dags/example_local_kubernetes_executor.py took 0.078 seconds
[2024-03-27T19:11:11.355+0000] {processor.py:154} INFO - Started process (PID=76) to work on /home/airflow/.local/lib/python3.7/site-packages/airflow/example_dags/example_local_kubernetes_executor.py
[2024-03-27T19:11:11.356+0000] {processor.py:756} INFO - Processing file /home/airflow/.local/lib/python3.7/site-packages/airflow/example_dags/example_local_kubernetes_executor.py for tasks to queue
[2024-03-27T19:11:11.357+0000] {logging_mixin.py:120} INFO - [2024-03-27T19:11:11.357+0000] {dagbag.py:537} INFO - Filling up the DagBag from /home/airflow/.local/lib/python3.7/site-packages/airflow/example_dags/example_local_kubernetes_executor.py
[2024-03-27T19:11:11.381+0000] {processor.py:766} INFO - DAG(s) dict_keys(['example_local_kubernetes_executor']) retrieved from /home/airflow/.local/lib/python3.7/site-packages/airflow/example_dags/example_local_kubernetes_executor.py
[2024-03-27T19:11:11.432+0000] {logging_mixin.py:120} INFO - [2024-03-27T19:11:11.432+0000] {dag.py:2585} INFO - Sync 1 DAGs
[2024-03-27T19:11:11.460+0000] {logging_mixin.py:120} INFO - [2024-03-27T19:11:11.460+0000] {dag.py:3340} INFO - Setting next_dagrun for example_local_kubernetes_executor to None, run_after=None
[2024-03-27T19:11:11.484+0000] {processor.py:176} INFO - Processing /home/airflow/.local/lib/python3.7/site-packages/airflow/example_dags/example_local_kubernetes_executor.py took 0.132 seconds
[2024-03-27T19:11:42.560+0000] {processor.py:154} INFO - Started process (PID=136) to work on /home/airflow/.local/lib/python3.7/site-packages/airflow/example_dags/example_local_kubernetes_executor.py
[2024-03-27T19:11:42.565+0000] {processor.py:756} INFO - Processing file /home/airflow/.local/lib/python3.7/site-packages/airflow/example_dags/example_local_kubernetes_executor.py for tasks to queue
[2024-03-27T19:11:42.566+0000] {logging_mixin.py:120} INFO - [2024-03-27T19:11:42.566+0000] {dagbag.py:537} INFO - Filling up the DagBag from /home/airflow/.local/lib/python3.7/site-packages/airflow/example_dags/example_local_kubernetes_executor.py
[2024-03-27T19:11:42.659+0000] {processor.py:766} INFO - DAG(s) dict_keys(['example_local_kubernetes_executor']) retrieved from /home/airflow/.local/lib/python3.7/site-packages/airflow/example_dags/example_local_kubernetes_executor.py
[2024-03-27T19:11:42.734+0000] {logging_mixin.py:120} INFO - [2024-03-27T19:11:42.734+0000] {dag.py:2585} INFO - Sync 1 DAGs
[2024-03-27T19:11:42.783+0000] {logging_mixin.py:120} INFO - [2024-03-27T19:11:42.782+0000] {dag.py:3340} INFO - Setting next_dagrun for example_local_kubernetes_executor to None, run_after=None
[2024-03-27T19:11:42.815+0000] {processor.py:176} INFO - Processing /home/airflow/.local/lib/python3.7/site-packages/airflow/example_dags/example_local_kubernetes_executor.py took 0.271 seconds
[2024-03-27T19:12:21.953+0000] {processor.py:154} INFO - Started process (PID=77) to work on /home/airflow/.local/lib/python3.7/site-packages/airflow/example_dags/example_local_kubernetes_executor.py
[2024-03-27T19:12:21.954+0000] {processor.py:756} INFO - Processing file /home/airflow/.local/lib/python3.7/site-packages/airflow/example_dags/example_local_kubernetes_executor.py for tasks to queue
[2024-03-27T19:12:21.955+0000] {logging_mixin.py:120} INFO - [2024-03-27T19:12:21.954+0000] {dagbag.py:537} INFO - Filling up the DagBag from /home/airflow/.local/lib/python3.7/site-packages/airflow/example_dags/example_local_kubernetes_executor.py
[2024-03-27T19:12:21.972+0000] {processor.py:766} INFO - DAG(s) dict_keys(['example_local_kubernetes_executor']) retrieved from /home/airflow/.local/lib/python3.7/site-packages/airflow/example_dags/example_local_kubernetes_executor.py
[2024-03-27T19:12:21.994+0000] {logging_mixin.py:120} INFO - [2024-03-27T19:12:21.994+0000] {dag.py:2585} INFO - Sync 1 DAGs
[2024-03-27T19:12:22.010+0000] {logging_mixin.py:120} INFO - [2024-03-27T19:12:22.010+0000] {dag.py:3340} INFO - Setting next_dagrun for example_local_kubernetes_executor to None, run_after=None
[2024-03-27T19:12:22.022+0000] {processor.py:176} INFO - Processing /home/airflow/.local/lib/python3.7/site-packages/airflow/example_dags/example_local_kubernetes_executor.py took 0.070 seconds
[2024-03-27T19:12:52.829+0000] {processor.py:154} INFO - Started process (PID=127) to work on /home/airflow/.local/lib/python3.7/site-packages/airflow/example_dags/example_local_kubernetes_executor.py
[2024-03-27T19:12:52.830+0000] {processor.py:756} INFO - Processing file /home/airflow/.local/lib/python3.7/site-packages/airflow/example_dags/example_local_kubernetes_executor.py for tasks to queue
[2024-03-27T19:12:52.830+0000] {logging_mixin.py:120} INFO - [2024-03-27T19:12:52.830+0000] {dagbag.py:537} INFO - Filling up the DagBag from /home/airflow/.local/lib/python3.7/site-packages/airflow/example_dags/example_local_kubernetes_executor.py
[2024-03-27T19:12:52.847+0000] {processor.py:766} INFO - DAG(s) dict_keys(['example_local_kubernetes_executor']) retrieved from /home/airflow/.local/lib/python3.7/site-packages/airflow/example_dags/example_local_kubernetes_executor.py
[2024-03-27T19:12:52.870+0000] {logging_mixin.py:120} INFO - [2024-03-27T19:12:52.870+0000] {dag.py:2585} INFO - Sync 1 DAGs
[2024-03-27T19:12:52.887+0000] {logging_mixin.py:120} INFO - [2024-03-27T19:12:52.887+0000] {dag.py:3340} INFO - Setting next_dagrun for example_local_kubernetes_executor to None, run_after=None
[2024-03-27T19:12:52.902+0000] {processor.py:176} INFO - Processing /home/airflow/.local/lib/python3.7/site-packages/airflow/example_dags/example_local_kubernetes_executor.py took 0.076 seconds
[2024-03-27T19:13:33.596+0000] {processor.py:154} INFO - Started process (PID=188) to work on /home/airflow/.local/lib/python3.7/site-packages/airflow/example_dags/example_local_kubernetes_executor.py
[2024-03-27T19:13:33.598+0000] {processor.py:756} INFO - Processing file /home/airflow/.local/lib/python3.7/site-packages/airflow/example_dags/example_local_kubernetes_executor.py for tasks to queue
[2024-03-27T19:13:33.599+0000] {logging_mixin.py:120} INFO - [2024-03-27T19:13:33.599+0000] {dagbag.py:537} INFO - Filling up the DagBag from /home/airflow/.local/lib/python3.7/site-packages/airflow/example_dags/example_local_kubernetes_executor.py
[2024-03-27T19:13:33.621+0000] {processor.py:766} INFO - DAG(s) dict_keys(['example_local_kubernetes_executor']) retrieved from /home/airflow/.local/lib/python3.7/site-packages/airflow/example_dags/example_local_kubernetes_executor.py
[2024-03-27T19:13:33.673+0000] {logging_mixin.py:120} INFO - [2024-03-27T19:13:33.672+0000] {dag.py:2585} INFO - Sync 1 DAGs
[2024-03-27T19:13:33.730+0000] {logging_mixin.py:120} INFO - [2024-03-27T19:13:33.730+0000] {dag.py:3340} INFO - Setting next_dagrun for example_local_kubernetes_executor to None, run_after=None
[2024-03-27T19:13:33.794+0000] {processor.py:176} INFO - Processing /home/airflow/.local/lib/python3.7/site-packages/airflow/example_dags/example_local_kubernetes_executor.py took 0.202 seconds
[2024-03-27T19:13:57.592+0000] {processor.py:154} INFO - Started process (PID=76) to work on /home/airflow/.local/lib/python3.7/site-packages/airflow/example_dags/example_local_kubernetes_executor.py
[2024-03-27T19:13:57.592+0000] {processor.py:756} INFO - Processing file /home/airflow/.local/lib/python3.7/site-packages/airflow/example_dags/example_local_kubernetes_executor.py for tasks to queue
[2024-03-27T19:13:57.593+0000] {logging_mixin.py:120} INFO - [2024-03-27T19:13:57.593+0000] {dagbag.py:537} INFO - Filling up the DagBag from /home/airflow/.local/lib/python3.7/site-packages/airflow/example_dags/example_local_kubernetes_executor.py
[2024-03-27T19:13:57.609+0000] {processor.py:766} INFO - DAG(s) dict_keys(['example_local_kubernetes_executor']) retrieved from /home/airflow/.local/lib/python3.7/site-packages/airflow/example_dags/example_local_kubernetes_executor.py
[2024-03-27T19:13:57.633+0000] {logging_mixin.py:120} INFO - [2024-03-27T19:13:57.633+0000] {dag.py:2585} INFO - Sync 1 DAGs
[2024-03-27T19:13:57.650+0000] {logging_mixin.py:120} INFO - [2024-03-27T19:13:57.650+0000] {dag.py:3340} INFO - Setting next_dagrun for example_local_kubernetes_executor to None, run_after=None
[2024-03-27T19:13:57.662+0000] {processor.py:176} INFO - Processing /home/airflow/.local/lib/python3.7/site-packages/airflow/example_dags/example_local_kubernetes_executor.py took 0.073 seconds
[2024-03-27T19:14:50.429+0000] {processor.py:154} INFO - Started process (PID=135) to work on /home/airflow/.local/lib/python3.7/site-packages/airflow/example_dags/example_local_kubernetes_executor.py
[2024-03-27T19:14:50.434+0000] {processor.py:756} INFO - Processing file /home/airflow/.local/lib/python3.7/site-packages/airflow/example_dags/example_local_kubernetes_executor.py for tasks to queue
[2024-03-27T19:14:50.436+0000] {logging_mixin.py:120} INFO - [2024-03-27T19:14:50.436+0000] {dagbag.py:537} INFO - Filling up the DagBag from /home/airflow/.local/lib/python3.7/site-packages/airflow/example_dags/example_local_kubernetes_executor.py
[2024-03-27T19:14:50.472+0000] {processor.py:766} INFO - DAG(s) dict_keys(['example_local_kubernetes_executor']) retrieved from /home/airflow/.local/lib/python3.7/site-packages/airflow/example_dags/example_local_kubernetes_executor.py
[2024-03-27T19:14:50.522+0000] {logging_mixin.py:120} INFO - [2024-03-27T19:14:50.522+0000] {dag.py:2585} INFO - Sync 1 DAGs
[2024-03-27T19:14:50.561+0000] {logging_mixin.py:120} INFO - [2024-03-27T19:14:50.561+0000] {dag.py:3340} INFO - Setting next_dagrun for example_local_kubernetes_executor to None, run_after=None
[2024-03-27T19:14:50.596+0000] {processor.py:176} INFO - Processing /home/airflow/.local/lib/python3.7/site-packages/airflow/example_dags/example_local_kubernetes_executor.py took 0.169 seconds
[2024-03-27T19:15:22.566+0000] {processor.py:154} INFO - Started process (PID=76) to work on /home/airflow/.local/lib/python3.7/site-packages/airflow/example_dags/example_local_kubernetes_executor.py
[2024-03-27T19:15:22.567+0000] {processor.py:756} INFO - Processing file /home/airflow/.local/lib/python3.7/site-packages/airflow/example_dags/example_local_kubernetes_executor.py for tasks to queue
[2024-03-27T19:15:22.568+0000] {logging_mixin.py:120} INFO - [2024-03-27T19:15:22.568+0000] {dagbag.py:537} INFO - Filling up the DagBag from /home/airflow/.local/lib/python3.7/site-packages/airflow/example_dags/example_local_kubernetes_executor.py
[2024-03-27T19:15:22.583+0000] {processor.py:766} INFO - DAG(s) dict_keys(['example_local_kubernetes_executor']) retrieved from /home/airflow/.local/lib/python3.7/site-packages/airflow/example_dags/example_local_kubernetes_executor.py
[2024-03-27T19:15:22.605+0000] {logging_mixin.py:120} INFO - [2024-03-27T19:15:22.604+0000] {dag.py:2585} INFO - Sync 1 DAGs
[2024-03-27T19:15:22.618+0000] {logging_mixin.py:120} INFO - [2024-03-27T19:15:22.618+0000] {dag.py:3340} INFO - Setting next_dagrun for example_local_kubernetes_executor to None, run_after=None
[2024-03-27T19:15:22.632+0000] {processor.py:176} INFO - Processing /home/airflow/.local/lib/python3.7/site-packages/airflow/example_dags/example_local_kubernetes_executor.py took 0.068 seconds
[2024-03-27T19:15:55.519+0000] {processor.py:154} INFO - Started process (PID=135) to work on /home/airflow/.local/lib/python3.7/site-packages/airflow/example_dags/example_local_kubernetes_executor.py
[2024-03-27T19:15:55.520+0000] {processor.py:756} INFO - Processing file /home/airflow/.local/lib/python3.7/site-packages/airflow/example_dags/example_local_kubernetes_executor.py for tasks to queue
[2024-03-27T19:15:55.521+0000] {logging_mixin.py:120} INFO - [2024-03-27T19:15:55.521+0000] {dagbag.py:537} INFO - Filling up the DagBag from /home/airflow/.local/lib/python3.7/site-packages/airflow/example_dags/example_local_kubernetes_executor.py
[2024-03-27T19:15:55.535+0000] {processor.py:766} INFO - DAG(s) dict_keys(['example_local_kubernetes_executor']) retrieved from /home/airflow/.local/lib/python3.7/site-packages/airflow/example_dags/example_local_kubernetes_executor.py
[2024-03-27T19:15:55.559+0000] {logging_mixin.py:120} INFO - [2024-03-27T19:15:55.559+0000] {dag.py:2585} INFO - Sync 1 DAGs
[2024-03-27T19:15:55.573+0000] {logging_mixin.py:120} INFO - [2024-03-27T19:15:55.573+0000] {dag.py:3340} INFO - Setting next_dagrun for example_local_kubernetes_executor to None, run_after=None
[2024-03-27T19:15:55.586+0000] {processor.py:176} INFO - Processing /home/airflow/.local/lib/python3.7/site-packages/airflow/example_dags/example_local_kubernetes_executor.py took 0.069 seconds
[2024-03-27T19:16:27.107+0000] {processor.py:154} INFO - Started process (PID=194) to work on /home/airflow/.local/lib/python3.7/site-packages/airflow/example_dags/example_local_kubernetes_executor.py
[2024-03-27T19:16:27.108+0000] {processor.py:756} INFO - Processing file /home/airflow/.local/lib/python3.7/site-packages/airflow/example_dags/example_local_kubernetes_executor.py for tasks to queue
[2024-03-27T19:16:27.109+0000] {logging_mixin.py:120} INFO - [2024-03-27T19:16:27.109+0000] {dagbag.py:537} INFO - Filling up the DagBag from /home/airflow/.local/lib/python3.7/site-packages/airflow/example_dags/example_local_kubernetes_executor.py
[2024-03-27T19:16:27.124+0000] {processor.py:766} INFO - DAG(s) dict_keys(['example_local_kubernetes_executor']) retrieved from /home/airflow/.local/lib/python3.7/site-packages/airflow/example_dags/example_local_kubernetes_executor.py
[2024-03-27T19:16:27.149+0000] {logging_mixin.py:120} INFO - [2024-03-27T19:16:27.149+0000] {dag.py:2585} INFO - Sync 1 DAGs
[2024-03-27T19:16:27.165+0000] {logging_mixin.py:120} INFO - [2024-03-27T19:16:27.165+0000] {dag.py:3340} INFO - Setting next_dagrun for example_local_kubernetes_executor to None, run_after=None
[2024-03-27T19:16:27.176+0000] {processor.py:176} INFO - Processing /home/airflow/.local/lib/python3.7/site-packages/airflow/example_dags/example_local_kubernetes_executor.py took 0.071 seconds
[2024-03-27T19:16:51.633+0000] {processor.py:154} INFO - Started process (PID=75) to work on /home/airflow/.local/lib/python3.7/site-packages/airflow/example_dags/example_local_kubernetes_executor.py
[2024-03-27T19:16:51.633+0000] {processor.py:756} INFO - Processing file /home/airflow/.local/lib/python3.7/site-packages/airflow/example_dags/example_local_kubernetes_executor.py for tasks to queue
[2024-03-27T19:16:51.634+0000] {logging_mixin.py:120} INFO - [2024-03-27T19:16:51.634+0000] {dagbag.py:537} INFO - Filling up the DagBag from /home/airflow/.local/lib/python3.7/site-packages/airflow/example_dags/example_local_kubernetes_executor.py
[2024-03-27T19:16:51.649+0000] {processor.py:766} INFO - DAG(s) dict_keys(['example_local_kubernetes_executor']) retrieved from /home/airflow/.local/lib/python3.7/site-packages/airflow/example_dags/example_local_kubernetes_executor.py
[2024-03-27T19:16:51.676+0000] {logging_mixin.py:120} INFO - [2024-03-27T19:16:51.676+0000] {dag.py:2585} INFO - Sync 1 DAGs
[2024-03-27T19:16:51.696+0000] {logging_mixin.py:120} INFO - [2024-03-27T19:16:51.696+0000] {dag.py:3340} INFO - Setting next_dagrun for example_local_kubernetes_executor to None, run_after=None
[2024-03-27T19:16:51.708+0000] {processor.py:176} INFO - Processing /home/airflow/.local/lib/python3.7/site-packages/airflow/example_dags/example_local_kubernetes_executor.py took 0.077 seconds
[2024-03-27T19:17:30.204+0000] {processor.py:154} INFO - Started process (PID=133) to work on /home/airflow/.local/lib/python3.7/site-packages/airflow/example_dags/example_local_kubernetes_executor.py
[2024-03-27T19:17:30.207+0000] {processor.py:756} INFO - Processing file /home/airflow/.local/lib/python3.7/site-packages/airflow/example_dags/example_local_kubernetes_executor.py for tasks to queue
[2024-03-27T19:17:30.208+0000] {logging_mixin.py:120} INFO - [2024-03-27T19:17:30.208+0000] {dagbag.py:537} INFO - Filling up the DagBag from /home/airflow/.local/lib/python3.7/site-packages/airflow/example_dags/example_local_kubernetes_executor.py
[2024-03-27T19:17:30.239+0000] {processor.py:766} INFO - DAG(s) dict_keys(['example_local_kubernetes_executor']) retrieved from /home/airflow/.local/lib/python3.7/site-packages/airflow/example_dags/example_local_kubernetes_executor.py
[2024-03-27T19:17:30.301+0000] {logging_mixin.py:120} INFO - [2024-03-27T19:17:30.301+0000] {dag.py:2585} INFO - Sync 1 DAGs
[2024-03-27T19:17:30.350+0000] {logging_mixin.py:120} INFO - [2024-03-27T19:17:30.349+0000] {dag.py:3340} INFO - Setting next_dagrun for example_local_kubernetes_executor to None, run_after=None
[2024-03-27T19:17:30.386+0000] {processor.py:176} INFO - Processing /home/airflow/.local/lib/python3.7/site-packages/airflow/example_dags/example_local_kubernetes_executor.py took 0.184 seconds
[2024-03-27T19:18:20.997+0000] {processor.py:154} INFO - Started process (PID=76) to work on /home/airflow/.local/lib/python3.7/site-packages/airflow/example_dags/example_local_kubernetes_executor.py
[2024-03-27T19:18:20.998+0000] {processor.py:756} INFO - Processing file /home/airflow/.local/lib/python3.7/site-packages/airflow/example_dags/example_local_kubernetes_executor.py for tasks to queue
[2024-03-27T19:18:20.999+0000] {logging_mixin.py:120} INFO - [2024-03-27T19:18:20.999+0000] {dagbag.py:537} INFO - Filling up the DagBag from /home/airflow/.local/lib/python3.7/site-packages/airflow/example_dags/example_local_kubernetes_executor.py
[2024-03-27T19:18:21.036+0000] {processor.py:766} INFO - DAG(s) dict_keys(['example_local_kubernetes_executor']) retrieved from /home/airflow/.local/lib/python3.7/site-packages/airflow/example_dags/example_local_kubernetes_executor.py
[2024-03-27T19:18:21.144+0000] {logging_mixin.py:120} INFO - [2024-03-27T19:18:21.143+0000] {dag.py:2585} INFO - Sync 1 DAGs
[2024-03-27T19:18:21.365+0000] {logging_mixin.py:120} INFO - [2024-03-27T19:18:21.360+0000] {dag.py:3340} INFO - Setting next_dagrun for example_local_kubernetes_executor to None, run_after=None
[2024-03-27T19:18:21.471+0000] {processor.py:176} INFO - Processing /home/airflow/.local/lib/python3.7/site-packages/airflow/example_dags/example_local_kubernetes_executor.py took 0.478 seconds
[2024-03-27T19:18:51.890+0000] {processor.py:154} INFO - Started process (PID=134) to work on /home/airflow/.local/lib/python3.7/site-packages/airflow/example_dags/example_local_kubernetes_executor.py
[2024-03-27T19:18:51.891+0000] {processor.py:756} INFO - Processing file /home/airflow/.local/lib/python3.7/site-packages/airflow/example_dags/example_local_kubernetes_executor.py for tasks to queue
[2024-03-27T19:18:51.891+0000] {logging_mixin.py:120} INFO - [2024-03-27T19:18:51.891+0000] {dagbag.py:537} INFO - Filling up the DagBag from /home/airflow/.local/lib/python3.7/site-packages/airflow/example_dags/example_local_kubernetes_executor.py
[2024-03-27T19:18:51.905+0000] {processor.py:766} INFO - DAG(s) dict_keys(['example_local_kubernetes_executor']) retrieved from /home/airflow/.local/lib/python3.7/site-packages/airflow/example_dags/example_local_kubernetes_executor.py
[2024-03-27T19:18:51.928+0000] {logging_mixin.py:120} INFO - [2024-03-27T19:18:51.928+0000] {dag.py:2585} INFO - Sync 1 DAGs
[2024-03-27T19:18:51.944+0000] {logging_mixin.py:120} INFO - [2024-03-27T19:18:51.944+0000] {dag.py:3340} INFO - Setting next_dagrun for example_local_kubernetes_executor to None, run_after=None
[2024-03-27T19:18:51.956+0000] {processor.py:176} INFO - Processing /home/airflow/.local/lib/python3.7/site-packages/airflow/example_dags/example_local_kubernetes_executor.py took 0.067 seconds
[2024-03-27T19:19:41.903+0000] {processor.py:154} INFO - Started process (PID=76) to work on /home/airflow/.local/lib/python3.7/site-packages/airflow/example_dags/example_local_kubernetes_executor.py
[2024-03-27T19:19:41.904+0000] {processor.py:756} INFO - Processing file /home/airflow/.local/lib/python3.7/site-packages/airflow/example_dags/example_local_kubernetes_executor.py for tasks to queue
[2024-03-27T19:19:41.904+0000] {logging_mixin.py:120} INFO - [2024-03-27T19:19:41.904+0000] {dagbag.py:537} INFO - Filling up the DagBag from /home/airflow/.local/lib/python3.7/site-packages/airflow/example_dags/example_local_kubernetes_executor.py
[2024-03-27T19:19:41.922+0000] {processor.py:766} INFO - DAG(s) dict_keys(['example_local_kubernetes_executor']) retrieved from /home/airflow/.local/lib/python3.7/site-packages/airflow/example_dags/example_local_kubernetes_executor.py
[2024-03-27T19:19:41.945+0000] {logging_mixin.py:120} INFO - [2024-03-27T19:19:41.945+0000] {dag.py:2585} INFO - Sync 1 DAGs
[2024-03-27T19:19:41.961+0000] {logging_mixin.py:120} INFO - [2024-03-27T19:19:41.961+0000] {dag.py:3340} INFO - Setting next_dagrun for example_local_kubernetes_executor to None, run_after=None
[2024-03-27T19:19:41.973+0000] {processor.py:176} INFO - Processing /home/airflow/.local/lib/python3.7/site-packages/airflow/example_dags/example_local_kubernetes_executor.py took 0.071 seconds
[2024-03-27T19:20:23.185+0000] {processor.py:154} INFO - Started process (PID=135) to work on /home/airflow/.local/lib/python3.7/site-packages/airflow/example_dags/example_local_kubernetes_executor.py
[2024-03-27T19:20:23.187+0000] {processor.py:756} INFO - Processing file /home/airflow/.local/lib/python3.7/site-packages/airflow/example_dags/example_local_kubernetes_executor.py for tasks to queue
[2024-03-27T19:20:23.192+0000] {logging_mixin.py:120} INFO - [2024-03-27T19:20:23.191+0000] {dagbag.py:537} INFO - Filling up the DagBag from /home/airflow/.local/lib/python3.7/site-packages/airflow/example_dags/example_local_kubernetes_executor.py
[2024-03-27T19:20:23.242+0000] {processor.py:766} INFO - DAG(s) dict_keys(['example_local_kubernetes_executor']) retrieved from /home/airflow/.local/lib/python3.7/site-packages/airflow/example_dags/example_local_kubernetes_executor.py
[2024-03-27T19:20:23.321+0000] {logging_mixin.py:120} INFO - [2024-03-27T19:20:23.321+0000] {dag.py:2585} INFO - Sync 1 DAGs
[2024-03-27T19:20:23.366+0000] {logging_mixin.py:120} INFO - [2024-03-27T19:20:23.365+0000] {dag.py:3340} INFO - Setting next_dagrun for example_local_kubernetes_executor to None, run_after=None
[2024-03-27T19:20:23.400+0000] {processor.py:176} INFO - Processing /home/airflow/.local/lib/python3.7/site-packages/airflow/example_dags/example_local_kubernetes_executor.py took 0.223 seconds
[2024-03-27T19:21:24.368+0000] {processor.py:154} INFO - Started process (PID=75) to work on /home/airflow/.local/lib/python3.7/site-packages/airflow/example_dags/example_local_kubernetes_executor.py
[2024-03-27T19:21:24.369+0000] {processor.py:756} INFO - Processing file /home/airflow/.local/lib/python3.7/site-packages/airflow/example_dags/example_local_kubernetes_executor.py for tasks to queue
[2024-03-27T19:21:24.369+0000] {logging_mixin.py:120} INFO - [2024-03-27T19:21:24.369+0000] {dagbag.py:537} INFO - Filling up the DagBag from /home/airflow/.local/lib/python3.7/site-packages/airflow/example_dags/example_local_kubernetes_executor.py
[2024-03-27T19:21:24.389+0000] {processor.py:766} INFO - DAG(s) dict_keys(['example_local_kubernetes_executor']) retrieved from /home/airflow/.local/lib/python3.7/site-packages/airflow/example_dags/example_local_kubernetes_executor.py
[2024-03-27T19:21:24.419+0000] {logging_mixin.py:120} INFO - [2024-03-27T19:21:24.419+0000] {dag.py:2585} INFO - Sync 1 DAGs
[2024-03-27T19:21:24.434+0000] {logging_mixin.py:120} INFO - [2024-03-27T19:21:24.434+0000] {dag.py:3340} INFO - Setting next_dagrun for example_local_kubernetes_executor to None, run_after=None
[2024-03-27T19:21:24.445+0000] {processor.py:176} INFO - Processing /home/airflow/.local/lib/python3.7/site-packages/airflow/example_dags/example_local_kubernetes_executor.py took 0.079 seconds
[2024-03-27T19:22:05.227+0000] {processor.py:154} INFO - Started process (PID=134) to work on /home/airflow/.local/lib/python3.7/site-packages/airflow/example_dags/example_local_kubernetes_executor.py
[2024-03-27T19:22:05.228+0000] {processor.py:756} INFO - Processing file /home/airflow/.local/lib/python3.7/site-packages/airflow/example_dags/example_local_kubernetes_executor.py for tasks to queue
[2024-03-27T19:22:05.229+0000] {logging_mixin.py:120} INFO - [2024-03-27T19:22:05.229+0000] {dagbag.py:537} INFO - Filling up the DagBag from /home/airflow/.local/lib/python3.7/site-packages/airflow/example_dags/example_local_kubernetes_executor.py
[2024-03-27T19:22:05.262+0000] {processor.py:766} INFO - DAG(s) dict_keys(['example_local_kubernetes_executor']) retrieved from /home/airflow/.local/lib/python3.7/site-packages/airflow/example_dags/example_local_kubernetes_executor.py
[2024-03-27T19:22:05.330+0000] {logging_mixin.py:120} INFO - [2024-03-27T19:22:05.330+0000] {dag.py:2585} INFO - Sync 1 DAGs
[2024-03-27T19:22:05.376+0000] {logging_mixin.py:120} INFO - [2024-03-27T19:22:05.376+0000] {dag.py:3340} INFO - Setting next_dagrun for example_local_kubernetes_executor to None, run_after=None
[2024-03-27T19:22:05.417+0000] {processor.py:176} INFO - Processing /home/airflow/.local/lib/python3.7/site-packages/airflow/example_dags/example_local_kubernetes_executor.py took 0.192 seconds
[2024-03-27T19:22:31.626+0000] {processor.py:154} INFO - Started process (PID=66) to work on /home/airflow/.local/lib/python3.7/site-packages/airflow/example_dags/example_local_kubernetes_executor.py
[2024-03-27T19:22:31.627+0000] {processor.py:756} INFO - Processing file /home/airflow/.local/lib/python3.7/site-packages/airflow/example_dags/example_local_kubernetes_executor.py for tasks to queue
[2024-03-27T19:22:31.628+0000] {logging_mixin.py:120} INFO - [2024-03-27T19:22:31.628+0000] {dagbag.py:537} INFO - Filling up the DagBag from /home/airflow/.local/lib/python3.7/site-packages/airflow/example_dags/example_local_kubernetes_executor.py
[2024-03-27T19:22:31.648+0000] {processor.py:766} INFO - DAG(s) dict_keys(['example_local_kubernetes_executor']) retrieved from /home/airflow/.local/lib/python3.7/site-packages/airflow/example_dags/example_local_kubernetes_executor.py
[2024-03-27T19:22:31.672+0000] {logging_mixin.py:120} INFO - [2024-03-27T19:22:31.672+0000] {dag.py:2585} INFO - Sync 1 DAGs
[2024-03-27T19:22:31.686+0000] {logging_mixin.py:120} INFO - [2024-03-27T19:22:31.686+0000] {dag.py:3340} INFO - Setting next_dagrun for example_local_kubernetes_executor to None, run_after=None
[2024-03-27T19:22:31.697+0000] {processor.py:176} INFO - Processing /home/airflow/.local/lib/python3.7/site-packages/airflow/example_dags/example_local_kubernetes_executor.py took 0.073 seconds
[2024-03-27T19:23:02.085+0000] {processor.py:154} INFO - Started process (PID=134) to work on /home/airflow/.local/lib/python3.7/site-packages/airflow/example_dags/example_local_kubernetes_executor.py
[2024-03-27T19:23:02.086+0000] {processor.py:756} INFO - Processing file /home/airflow/.local/lib/python3.7/site-packages/airflow/example_dags/example_local_kubernetes_executor.py for tasks to queue
[2024-03-27T19:23:02.086+0000] {logging_mixin.py:120} INFO - [2024-03-27T19:23:02.086+0000] {dagbag.py:537} INFO - Filling up the DagBag from /home/airflow/.local/lib/python3.7/site-packages/airflow/example_dags/example_local_kubernetes_executor.py
[2024-03-27T19:23:02.103+0000] {processor.py:766} INFO - DAG(s) dict_keys(['example_local_kubernetes_executor']) retrieved from /home/airflow/.local/lib/python3.7/site-packages/airflow/example_dags/example_local_kubernetes_executor.py
[2024-03-27T19:23:02.130+0000] {logging_mixin.py:120} INFO - [2024-03-27T19:23:02.130+0000] {dag.py:2585} INFO - Sync 1 DAGs
[2024-03-27T19:23:02.145+0000] {logging_mixin.py:120} INFO - [2024-03-27T19:23:02.144+0000] {dag.py:3340} INFO - Setting next_dagrun for example_local_kubernetes_executor to None, run_after=None
[2024-03-27T19:23:02.158+0000] {processor.py:176} INFO - Processing /home/airflow/.local/lib/python3.7/site-packages/airflow/example_dags/example_local_kubernetes_executor.py took 0.075 seconds
[2024-03-27T19:24:28.844+0000] {processor.py:154} INFO - Started process (PID=193) to work on /home/airflow/.local/lib/python3.7/site-packages/airflow/example_dags/example_local_kubernetes_executor.py
[2024-03-27T19:24:28.845+0000] {processor.py:756} INFO - Processing file /home/airflow/.local/lib/python3.7/site-packages/airflow/example_dags/example_local_kubernetes_executor.py for tasks to queue
[2024-03-27T19:24:28.845+0000] {logging_mixin.py:120} INFO - [2024-03-27T19:24:28.845+0000] {dagbag.py:537} INFO - Filling up the DagBag from /home/airflow/.local/lib/python3.7/site-packages/airflow/example_dags/example_local_kubernetes_executor.py
[2024-03-27T19:24:28.858+0000] {processor.py:766} INFO - DAG(s) dict_keys(['example_local_kubernetes_executor']) retrieved from /home/airflow/.local/lib/python3.7/site-packages/airflow/example_dags/example_local_kubernetes_executor.py
[2024-03-27T19:24:28.879+0000] {logging_mixin.py:120} INFO - [2024-03-27T19:24:28.879+0000] {dag.py:2585} INFO - Sync 1 DAGs
[2024-03-27T19:24:28.891+0000] {logging_mixin.py:120} INFO - [2024-03-27T19:24:28.891+0000] {dag.py:3340} INFO - Setting next_dagrun for example_local_kubernetes_executor to None, run_after=None
[2024-03-27T19:24:28.900+0000] {processor.py:176} INFO - Processing /home/airflow/.local/lib/python3.7/site-packages/airflow/example_dags/example_local_kubernetes_executor.py took 0.058 seconds
[2024-03-27T19:24:54.971+0000] {processor.py:154} INFO - Started process (PID=66) to work on /home/airflow/.local/lib/python3.7/site-packages/airflow/example_dags/example_local_kubernetes_executor.py
[2024-03-27T19:24:54.971+0000] {processor.py:756} INFO - Processing file /home/airflow/.local/lib/python3.7/site-packages/airflow/example_dags/example_local_kubernetes_executor.py for tasks to queue
[2024-03-27T19:24:54.972+0000] {logging_mixin.py:120} INFO - [2024-03-27T19:24:54.972+0000] {dagbag.py:537} INFO - Filling up the DagBag from /home/airflow/.local/lib/python3.7/site-packages/airflow/example_dags/example_local_kubernetes_executor.py
[2024-03-27T19:24:54.989+0000] {processor.py:766} INFO - DAG(s) dict_keys(['example_local_kubernetes_executor']) retrieved from /home/airflow/.local/lib/python3.7/site-packages/airflow/example_dags/example_local_kubernetes_executor.py
[2024-03-27T19:24:55.010+0000] {logging_mixin.py:120} INFO - [2024-03-27T19:24:55.010+0000] {dag.py:2585} INFO - Sync 1 DAGs
[2024-03-27T19:24:55.022+0000] {logging_mixin.py:120} INFO - [2024-03-27T19:24:55.022+0000] {dag.py:3340} INFO - Setting next_dagrun for example_local_kubernetes_executor to None, run_after=None
[2024-03-27T19:24:55.031+0000] {processor.py:176} INFO - Processing /home/airflow/.local/lib/python3.7/site-packages/airflow/example_dags/example_local_kubernetes_executor.py took 0.062 seconds
[2024-03-27T19:25:25.139+0000] {processor.py:154} INFO - Started process (PID=133) to work on /home/airflow/.local/lib/python3.7/site-packages/airflow/example_dags/example_local_kubernetes_executor.py
[2024-03-27T19:25:25.140+0000] {processor.py:756} INFO - Processing file /home/airflow/.local/lib/python3.7/site-packages/airflow/example_dags/example_local_kubernetes_executor.py for tasks to queue
[2024-03-27T19:25:25.140+0000] {logging_mixin.py:120} INFO - [2024-03-27T19:25:25.140+0000] {dagbag.py:537} INFO - Filling up the DagBag from /home/airflow/.local/lib/python3.7/site-packages/airflow/example_dags/example_local_kubernetes_executor.py
[2024-03-27T19:25:25.152+0000] {processor.py:766} INFO - DAG(s) dict_keys(['example_local_kubernetes_executor']) retrieved from /home/airflow/.local/lib/python3.7/site-packages/airflow/example_dags/example_local_kubernetes_executor.py
[2024-03-27T19:25:25.174+0000] {logging_mixin.py:120} INFO - [2024-03-27T19:25:25.174+0000] {dag.py:2585} INFO - Sync 1 DAGs
[2024-03-27T19:25:25.186+0000] {logging_mixin.py:120} INFO - [2024-03-27T19:25:25.186+0000] {dag.py:3340} INFO - Setting next_dagrun for example_local_kubernetes_executor to None, run_after=None
[2024-03-27T19:25:25.195+0000] {processor.py:176} INFO - Processing /home/airflow/.local/lib/python3.7/site-packages/airflow/example_dags/example_local_kubernetes_executor.py took 0.058 seconds
[2024-03-27T19:25:55.758+0000] {processor.py:154} INFO - Started process (PID=202) to work on /home/airflow/.local/lib/python3.7/site-packages/airflow/example_dags/example_local_kubernetes_executor.py
[2024-03-27T19:25:55.760+0000] {processor.py:756} INFO - Processing file /home/airflow/.local/lib/python3.7/site-packages/airflow/example_dags/example_local_kubernetes_executor.py for tasks to queue
[2024-03-27T19:25:55.762+0000] {logging_mixin.py:120} INFO - [2024-03-27T19:25:55.762+0000] {dagbag.py:537} INFO - Filling up the DagBag from /home/airflow/.local/lib/python3.7/site-packages/airflow/example_dags/example_local_kubernetes_executor.py
[2024-03-27T19:25:55.774+0000] {processor.py:766} INFO - DAG(s) dict_keys(['example_local_kubernetes_executor']) retrieved from /home/airflow/.local/lib/python3.7/site-packages/airflow/example_dags/example_local_kubernetes_executor.py
[2024-03-27T19:25:55.793+0000] {logging_mixin.py:120} INFO - [2024-03-27T19:25:55.793+0000] {dag.py:2585} INFO - Sync 1 DAGs
[2024-03-27T19:25:55.808+0000] {logging_mixin.py:120} INFO - [2024-03-27T19:25:55.807+0000] {dag.py:3340} INFO - Setting next_dagrun for example_local_kubernetes_executor to None, run_after=None
[2024-03-27T19:25:55.816+0000] {processor.py:176} INFO - Processing /home/airflow/.local/lib/python3.7/site-packages/airflow/example_dags/example_local_kubernetes_executor.py took 0.060 seconds
[2024-03-27T19:26:26.213+0000] {processor.py:154} INFO - Started process (PID=270) to work on /home/airflow/.local/lib/python3.7/site-packages/airflow/example_dags/example_local_kubernetes_executor.py
[2024-03-27T19:26:26.217+0000] {processor.py:756} INFO - Processing file /home/airflow/.local/lib/python3.7/site-packages/airflow/example_dags/example_local_kubernetes_executor.py for tasks to queue
[2024-03-27T19:26:26.217+0000] {logging_mixin.py:120} INFO - [2024-03-27T19:26:26.217+0000] {dagbag.py:537} INFO - Filling up the DagBag from /home/airflow/.local/lib/python3.7/site-packages/airflow/example_dags/example_local_kubernetes_executor.py
[2024-03-27T19:26:26.230+0000] {processor.py:766} INFO - DAG(s) dict_keys(['example_local_kubernetes_executor']) retrieved from /home/airflow/.local/lib/python3.7/site-packages/airflow/example_dags/example_local_kubernetes_executor.py
[2024-03-27T19:26:26.253+0000] {logging_mixin.py:120} INFO - [2024-03-27T19:26:26.253+0000] {dag.py:2585} INFO - Sync 1 DAGs
[2024-03-27T19:26:26.269+0000] {logging_mixin.py:120} INFO - [2024-03-27T19:26:26.269+0000] {dag.py:3340} INFO - Setting next_dagrun for example_local_kubernetes_executor to None, run_after=None
[2024-03-27T19:26:26.280+0000] {processor.py:176} INFO - Processing /home/airflow/.local/lib/python3.7/site-packages/airflow/example_dags/example_local_kubernetes_executor.py took 0.071 seconds
[2024-03-27T19:26:57.672+0000] {processor.py:154} INFO - Started process (PID=67) to work on /home/airflow/.local/lib/python3.7/site-packages/airflow/example_dags/example_local_kubernetes_executor.py
[2024-03-27T19:26:57.673+0000] {processor.py:756} INFO - Processing file /home/airflow/.local/lib/python3.7/site-packages/airflow/example_dags/example_local_kubernetes_executor.py for tasks to queue
[2024-03-27T19:26:57.674+0000] {logging_mixin.py:120} INFO - [2024-03-27T19:26:57.674+0000] {dagbag.py:537} INFO - Filling up the DagBag from /home/airflow/.local/lib/python3.7/site-packages/airflow/example_dags/example_local_kubernetes_executor.py
[2024-03-27T19:26:57.691+0000] {processor.py:766} INFO - DAG(s) dict_keys(['example_local_kubernetes_executor']) retrieved from /home/airflow/.local/lib/python3.7/site-packages/airflow/example_dags/example_local_kubernetes_executor.py
[2024-03-27T19:26:57.713+0000] {logging_mixin.py:120} INFO - [2024-03-27T19:26:57.713+0000] {dag.py:2585} INFO - Sync 1 DAGs
[2024-03-27T19:26:57.727+0000] {logging_mixin.py:120} INFO - [2024-03-27T19:26:57.726+0000] {dag.py:3340} INFO - Setting next_dagrun for example_local_kubernetes_executor to None, run_after=None
[2024-03-27T19:26:57.736+0000] {processor.py:176} INFO - Processing /home/airflow/.local/lib/python3.7/site-packages/airflow/example_dags/example_local_kubernetes_executor.py took 0.066 seconds
[2024-03-27T19:27:28.052+0000] {processor.py:154} INFO - Started process (PID=134) to work on /home/airflow/.local/lib/python3.7/site-packages/airflow/example_dags/example_local_kubernetes_executor.py
[2024-03-27T19:27:28.053+0000] {processor.py:756} INFO - Processing file /home/airflow/.local/lib/python3.7/site-packages/airflow/example_dags/example_local_kubernetes_executor.py for tasks to queue
[2024-03-27T19:27:28.053+0000] {logging_mixin.py:120} INFO - [2024-03-27T19:27:28.053+0000] {dagbag.py:537} INFO - Filling up the DagBag from /home/airflow/.local/lib/python3.7/site-packages/airflow/example_dags/example_local_kubernetes_executor.py
[2024-03-27T19:27:28.065+0000] {processor.py:766} INFO - DAG(s) dict_keys(['example_local_kubernetes_executor']) retrieved from /home/airflow/.local/lib/python3.7/site-packages/airflow/example_dags/example_local_kubernetes_executor.py
[2024-03-27T19:27:28.084+0000] {logging_mixin.py:120} INFO - [2024-03-27T19:27:28.084+0000] {dag.py:2585} INFO - Sync 1 DAGs
[2024-03-27T19:27:28.096+0000] {logging_mixin.py:120} INFO - [2024-03-27T19:27:28.096+0000] {dag.py:3340} INFO - Setting next_dagrun for example_local_kubernetes_executor to None, run_after=None
[2024-03-27T19:27:28.105+0000] {processor.py:176} INFO - Processing /home/airflow/.local/lib/python3.7/site-packages/airflow/example_dags/example_local_kubernetes_executor.py took 0.055 seconds
[2024-03-27T19:28:32.543+0000] {processor.py:154} INFO - Started process (PID=251) to work on /home/airflow/.local/lib/python3.7/site-packages/airflow/example_dags/example_local_kubernetes_executor.py
[2024-03-27T19:28:32.545+0000] {processor.py:756} INFO - Processing file /home/airflow/.local/lib/python3.7/site-packages/airflow/example_dags/example_local_kubernetes_executor.py for tasks to queue
[2024-03-27T19:28:32.546+0000] {logging_mixin.py:120} INFO - [2024-03-27T19:28:32.546+0000] {dagbag.py:537} INFO - Filling up the DagBag from /home/airflow/.local/lib/python3.7/site-packages/airflow/example_dags/example_local_kubernetes_executor.py
[2024-03-27T19:28:32.614+0000] {processor.py:766} INFO - DAG(s) dict_keys(['example_local_kubernetes_executor']) retrieved from /home/airflow/.local/lib/python3.7/site-packages/airflow/example_dags/example_local_kubernetes_executor.py
[2024-03-27T19:28:32.696+0000] {logging_mixin.py:120} INFO - [2024-03-27T19:28:32.696+0000] {dag.py:2585} INFO - Sync 1 DAGs
[2024-03-27T19:28:32.767+0000] {logging_mixin.py:120} INFO - [2024-03-27T19:28:32.767+0000] {dag.py:3340} INFO - Setting next_dagrun for example_local_kubernetes_executor to None, run_after=None
[2024-03-27T19:28:32.817+0000] {processor.py:176} INFO - Processing /home/airflow/.local/lib/python3.7/site-packages/airflow/example_dags/example_local_kubernetes_executor.py took 0.280 seconds
[2024-03-27T19:29:08.532+0000] {processor.py:154} INFO - Started process (PID=323) to work on /home/airflow/.local/lib/python3.7/site-packages/airflow/example_dags/example_local_kubernetes_executor.py
[2024-03-27T19:29:08.534+0000] {processor.py:756} INFO - Processing file /home/airflow/.local/lib/python3.7/site-packages/airflow/example_dags/example_local_kubernetes_executor.py for tasks to queue
[2024-03-27T19:29:08.539+0000] {logging_mixin.py:120} INFO - [2024-03-27T19:29:08.539+0000] {dagbag.py:537} INFO - Filling up the DagBag from /home/airflow/.local/lib/python3.7/site-packages/airflow/example_dags/example_local_kubernetes_executor.py
[2024-03-27T19:29:08.610+0000] {processor.py:766} INFO - DAG(s) dict_keys(['example_local_kubernetes_executor']) retrieved from /home/airflow/.local/lib/python3.7/site-packages/airflow/example_dags/example_local_kubernetes_executor.py
[2024-03-27T19:29:08.691+0000] {logging_mixin.py:120} INFO - [2024-03-27T19:29:08.691+0000] {dag.py:2585} INFO - Sync 1 DAGs
[2024-03-27T19:29:08.729+0000] {logging_mixin.py:120} INFO - [2024-03-27T19:29:08.729+0000] {dag.py:3340} INFO - Setting next_dagrun for example_local_kubernetes_executor to None, run_after=None
[2024-03-27T19:29:08.763+0000] {processor.py:176} INFO - Processing /home/airflow/.local/lib/python3.7/site-packages/airflow/example_dags/example_local_kubernetes_executor.py took 0.246 seconds
[2024-03-27T19:30:07.659+0000] {processor.py:154} INFO - Started process (PID=394) to work on /home/airflow/.local/lib/python3.7/site-packages/airflow/example_dags/example_local_kubernetes_executor.py
[2024-03-27T19:30:07.664+0000] {processor.py:756} INFO - Processing file /home/airflow/.local/lib/python3.7/site-packages/airflow/example_dags/example_local_kubernetes_executor.py for tasks to queue
[2024-03-27T19:30:07.673+0000] {logging_mixin.py:120} INFO - [2024-03-27T19:30:07.669+0000] {dagbag.py:537} INFO - Filling up the DagBag from /home/airflow/.local/lib/python3.7/site-packages/airflow/example_dags/example_local_kubernetes_executor.py
[2024-03-27T19:30:08.708+0000] {processor.py:766} INFO - DAG(s) dict_keys(['example_local_kubernetes_executor']) retrieved from /home/airflow/.local/lib/python3.7/site-packages/airflow/example_dags/example_local_kubernetes_executor.py
[2024-03-27T19:30:08.909+0000] {logging_mixin.py:120} INFO - [2024-03-27T19:30:08.909+0000] {dag.py:2585} INFO - Sync 1 DAGs
[2024-03-27T19:30:08.958+0000] {logging_mixin.py:120} INFO - [2024-03-27T19:30:08.958+0000] {dag.py:3340} INFO - Setting next_dagrun for example_local_kubernetes_executor to None, run_after=None
[2024-03-27T19:30:08.984+0000] {processor.py:176} INFO - Processing /home/airflow/.local/lib/python3.7/site-packages/airflow/example_dags/example_local_kubernetes_executor.py took 1.336 seconds
[2024-03-27T19:30:55.471+0000] {processor.py:154} INFO - Started process (PID=471) to work on /home/airflow/.local/lib/python3.7/site-packages/airflow/example_dags/example_local_kubernetes_executor.py
[2024-03-27T19:30:55.475+0000] {processor.py:756} INFO - Processing file /home/airflow/.local/lib/python3.7/site-packages/airflow/example_dags/example_local_kubernetes_executor.py for tasks to queue
[2024-03-27T19:30:55.476+0000] {logging_mixin.py:120} INFO - [2024-03-27T19:30:55.476+0000] {dagbag.py:537} INFO - Filling up the DagBag from /home/airflow/.local/lib/python3.7/site-packages/airflow/example_dags/example_local_kubernetes_executor.py
[2024-03-27T19:30:55.503+0000] {processor.py:766} INFO - DAG(s) dict_keys(['example_local_kubernetes_executor']) retrieved from /home/airflow/.local/lib/python3.7/site-packages/airflow/example_dags/example_local_kubernetes_executor.py
[2024-03-27T19:30:55.538+0000] {logging_mixin.py:120} INFO - [2024-03-27T19:30:55.538+0000] {dag.py:2585} INFO - Sync 1 DAGs
[2024-03-27T19:30:55.568+0000] {logging_mixin.py:120} INFO - [2024-03-27T19:30:55.568+0000] {dag.py:3340} INFO - Setting next_dagrun for example_local_kubernetes_executor to None, run_after=None
[2024-03-27T19:30:55.590+0000] {processor.py:176} INFO - Processing /home/airflow/.local/lib/python3.7/site-packages/airflow/example_dags/example_local_kubernetes_executor.py took 0.121 seconds
[2024-03-27T19:31:25.612+0000] {processor.py:154} INFO - Started process (PID=523) to work on /home/airflow/.local/lib/python3.7/site-packages/airflow/example_dags/example_local_kubernetes_executor.py
[2024-03-27T19:31:25.613+0000] {processor.py:756} INFO - Processing file /home/airflow/.local/lib/python3.7/site-packages/airflow/example_dags/example_local_kubernetes_executor.py for tasks to queue
[2024-03-27T19:31:25.613+0000] {logging_mixin.py:120} INFO - [2024-03-27T19:31:25.613+0000] {dagbag.py:537} INFO - Filling up the DagBag from /home/airflow/.local/lib/python3.7/site-packages/airflow/example_dags/example_local_kubernetes_executor.py
[2024-03-27T19:31:25.630+0000] {processor.py:766} INFO - DAG(s) dict_keys(['example_local_kubernetes_executor']) retrieved from /home/airflow/.local/lib/python3.7/site-packages/airflow/example_dags/example_local_kubernetes_executor.py
[2024-03-27T19:31:25.655+0000] {logging_mixin.py:120} INFO - [2024-03-27T19:31:25.655+0000] {dag.py:2585} INFO - Sync 1 DAGs
[2024-03-27T19:31:25.670+0000] {logging_mixin.py:120} INFO - [2024-03-27T19:31:25.670+0000] {dag.py:3340} INFO - Setting next_dagrun for example_local_kubernetes_executor to None, run_after=None
[2024-03-27T19:31:25.681+0000] {processor.py:176} INFO - Processing /home/airflow/.local/lib/python3.7/site-packages/airflow/example_dags/example_local_kubernetes_executor.py took 0.071 seconds
[2024-03-27T19:32:04.743+0000] {processor.py:154} INFO - Started process (PID=578) to work on /home/airflow/.local/lib/python3.7/site-packages/airflow/example_dags/example_local_kubernetes_executor.py
[2024-03-27T19:32:04.745+0000] {processor.py:756} INFO - Processing file /home/airflow/.local/lib/python3.7/site-packages/airflow/example_dags/example_local_kubernetes_executor.py for tasks to queue
[2024-03-27T19:32:04.746+0000] {logging_mixin.py:120} INFO - [2024-03-27T19:32:04.745+0000] {dagbag.py:537} INFO - Filling up the DagBag from /home/airflow/.local/lib/python3.7/site-packages/airflow/example_dags/example_local_kubernetes_executor.py
[2024-03-27T19:32:04.778+0000] {processor.py:766} INFO - DAG(s) dict_keys(['example_local_kubernetes_executor']) retrieved from /home/airflow/.local/lib/python3.7/site-packages/airflow/example_dags/example_local_kubernetes_executor.py
[2024-03-27T19:32:04.825+0000] {logging_mixin.py:120} INFO - [2024-03-27T19:32:04.825+0000] {dag.py:2585} INFO - Sync 1 DAGs
[2024-03-27T19:32:04.865+0000] {logging_mixin.py:120} INFO - [2024-03-27T19:32:04.865+0000] {dag.py:3340} INFO - Setting next_dagrun for example_local_kubernetes_executor to None, run_after=None
[2024-03-27T19:32:04.895+0000] {processor.py:176} INFO - Processing /home/airflow/.local/lib/python3.7/site-packages/airflow/example_dags/example_local_kubernetes_executor.py took 0.158 seconds
[2024-03-27T19:32:54.018+0000] {processor.py:154} INFO - Started process (PID=638) to work on /home/airflow/.local/lib/python3.7/site-packages/airflow/example_dags/example_local_kubernetes_executor.py
[2024-03-27T19:32:54.019+0000] {processor.py:756} INFO - Processing file /home/airflow/.local/lib/python3.7/site-packages/airflow/example_dags/example_local_kubernetes_executor.py for tasks to queue
[2024-03-27T19:32:54.020+0000] {logging_mixin.py:120} INFO - [2024-03-27T19:32:54.020+0000] {dagbag.py:537} INFO - Filling up the DagBag from /home/airflow/.local/lib/python3.7/site-packages/airflow/example_dags/example_local_kubernetes_executor.py
[2024-03-27T19:32:54.060+0000] {processor.py:766} INFO - DAG(s) dict_keys(['example_local_kubernetes_executor']) retrieved from /home/airflow/.local/lib/python3.7/site-packages/airflow/example_dags/example_local_kubernetes_executor.py
[2024-03-27T19:32:54.119+0000] {logging_mixin.py:120} INFO - [2024-03-27T19:32:54.119+0000] {dag.py:2585} INFO - Sync 1 DAGs
[2024-03-27T19:32:54.152+0000] {logging_mixin.py:120} INFO - [2024-03-27T19:32:54.152+0000] {dag.py:3340} INFO - Setting next_dagrun for example_local_kubernetes_executor to None, run_after=None
[2024-03-27T19:32:54.182+0000] {processor.py:176} INFO - Processing /home/airflow/.local/lib/python3.7/site-packages/airflow/example_dags/example_local_kubernetes_executor.py took 0.171 seconds
[2024-03-27T19:33:24.256+0000] {processor.py:154} INFO - Started process (PID=691) to work on /home/airflow/.local/lib/python3.7/site-packages/airflow/example_dags/example_local_kubernetes_executor.py
[2024-03-27T19:33:24.258+0000] {processor.py:756} INFO - Processing file /home/airflow/.local/lib/python3.7/site-packages/airflow/example_dags/example_local_kubernetes_executor.py for tasks to queue
[2024-03-27T19:33:24.259+0000] {logging_mixin.py:120} INFO - [2024-03-27T19:33:24.259+0000] {dagbag.py:537} INFO - Filling up the DagBag from /home/airflow/.local/lib/python3.7/site-packages/airflow/example_dags/example_local_kubernetes_executor.py
[2024-03-27T19:33:24.358+0000] {processor.py:766} INFO - DAG(s) dict_keys(['example_local_kubernetes_executor']) retrieved from /home/airflow/.local/lib/python3.7/site-packages/airflow/example_dags/example_local_kubernetes_executor.py
[2024-03-27T19:33:24.533+0000] {logging_mixin.py:120} INFO - [2024-03-27T19:33:24.531+0000] {dag.py:2585} INFO - Sync 1 DAGs
[2024-03-27T19:33:24.595+0000] {logging_mixin.py:120} INFO - [2024-03-27T19:33:24.592+0000] {dag.py:3340} INFO - Setting next_dagrun for example_local_kubernetes_executor to None, run_after=None
[2024-03-27T19:33:24.644+0000] {processor.py:176} INFO - Processing /home/airflow/.local/lib/python3.7/site-packages/airflow/example_dags/example_local_kubernetes_executor.py took 0.391 seconds
[2024-03-27T19:34:13.288+0000] {processor.py:154} INFO - Started process (PID=762) to work on /home/airflow/.local/lib/python3.7/site-packages/airflow/example_dags/example_local_kubernetes_executor.py
[2024-03-27T19:34:13.297+0000] {processor.py:756} INFO - Processing file /home/airflow/.local/lib/python3.7/site-packages/airflow/example_dags/example_local_kubernetes_executor.py for tasks to queue
[2024-03-27T19:34:13.298+0000] {logging_mixin.py:120} INFO - [2024-03-27T19:34:13.298+0000] {dagbag.py:537} INFO - Filling up the DagBag from /home/airflow/.local/lib/python3.7/site-packages/airflow/example_dags/example_local_kubernetes_executor.py
[2024-03-27T19:34:13.350+0000] {processor.py:766} INFO - DAG(s) dict_keys(['example_local_kubernetes_executor']) retrieved from /home/airflow/.local/lib/python3.7/site-packages/airflow/example_dags/example_local_kubernetes_executor.py
[2024-03-27T19:34:13.410+0000] {logging_mixin.py:120} INFO - [2024-03-27T19:34:13.408+0000] {dag.py:2585} INFO - Sync 1 DAGs
[2024-03-27T19:34:13.450+0000] {logging_mixin.py:120} INFO - [2024-03-27T19:34:13.450+0000] {dag.py:3340} INFO - Setting next_dagrun for example_local_kubernetes_executor to None, run_after=None
[2024-03-27T19:34:13.479+0000] {processor.py:176} INFO - Processing /home/airflow/.local/lib/python3.7/site-packages/airflow/example_dags/example_local_kubernetes_executor.py took 0.194 seconds
[2024-03-27T19:34:45.756+0000] {processor.py:154} INFO - Started process (PID=824) to work on /home/airflow/.local/lib/python3.7/site-packages/airflow/example_dags/example_local_kubernetes_executor.py
[2024-03-27T19:34:45.758+0000] {processor.py:756} INFO - Processing file /home/airflow/.local/lib/python3.7/site-packages/airflow/example_dags/example_local_kubernetes_executor.py for tasks to queue
[2024-03-27T19:34:45.758+0000] {logging_mixin.py:120} INFO - [2024-03-27T19:34:45.758+0000] {dagbag.py:537} INFO - Filling up the DagBag from /home/airflow/.local/lib/python3.7/site-packages/airflow/example_dags/example_local_kubernetes_executor.py
[2024-03-27T19:34:45.784+0000] {processor.py:766} INFO - DAG(s) dict_keys(['example_local_kubernetes_executor']) retrieved from /home/airflow/.local/lib/python3.7/site-packages/airflow/example_dags/example_local_kubernetes_executor.py
[2024-03-27T19:34:45.843+0000] {logging_mixin.py:120} INFO - [2024-03-27T19:34:45.843+0000] {dag.py:2585} INFO - Sync 1 DAGs
[2024-03-27T19:34:45.891+0000] {logging_mixin.py:120} INFO - [2024-03-27T19:34:45.891+0000] {dag.py:3340} INFO - Setting next_dagrun for example_local_kubernetes_executor to None, run_after=None
[2024-03-27T19:34:45.918+0000] {processor.py:176} INFO - Processing /home/airflow/.local/lib/python3.7/site-packages/airflow/example_dags/example_local_kubernetes_executor.py took 0.164 seconds
[2024-03-27T19:35:20.730+0000] {processor.py:154} INFO - Started process (PID=874) to work on /home/airflow/.local/lib/python3.7/site-packages/airflow/example_dags/example_local_kubernetes_executor.py
[2024-03-27T19:35:20.732+0000] {processor.py:756} INFO - Processing file /home/airflow/.local/lib/python3.7/site-packages/airflow/example_dags/example_local_kubernetes_executor.py for tasks to queue
[2024-03-27T19:35:20.733+0000] {logging_mixin.py:120} INFO - [2024-03-27T19:35:20.733+0000] {dagbag.py:537} INFO - Filling up the DagBag from /home/airflow/.local/lib/python3.7/site-packages/airflow/example_dags/example_local_kubernetes_executor.py
[2024-03-27T19:35:20.753+0000] {processor.py:766} INFO - DAG(s) dict_keys(['example_local_kubernetes_executor']) retrieved from /home/airflow/.local/lib/python3.7/site-packages/airflow/example_dags/example_local_kubernetes_executor.py
[2024-03-27T19:35:20.790+0000] {logging_mixin.py:120} INFO - [2024-03-27T19:35:20.790+0000] {dag.py:2585} INFO - Sync 1 DAGs
[2024-03-27T19:35:20.809+0000] {logging_mixin.py:120} INFO - [2024-03-27T19:35:20.809+0000] {dag.py:3340} INFO - Setting next_dagrun for example_local_kubernetes_executor to None, run_after=None
[2024-03-27T19:35:20.829+0000] {processor.py:176} INFO - Processing /home/airflow/.local/lib/python3.7/site-packages/airflow/example_dags/example_local_kubernetes_executor.py took 0.104 seconds
[2024-03-27T19:36:16.790+0000] {processor.py:154} INFO - Started process (PID=941) to work on /home/airflow/.local/lib/python3.7/site-packages/airflow/example_dags/example_local_kubernetes_executor.py
[2024-03-27T19:36:16.796+0000] {processor.py:756} INFO - Processing file /home/airflow/.local/lib/python3.7/site-packages/airflow/example_dags/example_local_kubernetes_executor.py for tasks to queue
[2024-03-27T19:36:16.797+0000] {logging_mixin.py:120} INFO - [2024-03-27T19:36:16.797+0000] {dagbag.py:537} INFO - Filling up the DagBag from /home/airflow/.local/lib/python3.7/site-packages/airflow/example_dags/example_local_kubernetes_executor.py
[2024-03-27T19:36:16.833+0000] {processor.py:766} INFO - DAG(s) dict_keys(['example_local_kubernetes_executor']) retrieved from /home/airflow/.local/lib/python3.7/site-packages/airflow/example_dags/example_local_kubernetes_executor.py
[2024-03-27T19:36:16.889+0000] {logging_mixin.py:120} INFO - [2024-03-27T19:36:16.889+0000] {dag.py:2585} INFO - Sync 1 DAGs
[2024-03-27T19:36:16.920+0000] {logging_mixin.py:120} INFO - [2024-03-27T19:36:16.920+0000] {dag.py:3340} INFO - Setting next_dagrun for example_local_kubernetes_executor to None, run_after=None
[2024-03-27T19:36:16.942+0000] {processor.py:176} INFO - Processing /home/airflow/.local/lib/python3.7/site-packages/airflow/example_dags/example_local_kubernetes_executor.py took 0.155 seconds
[2024-03-27T19:37:15.041+0000] {processor.py:154} INFO - Started process (PID=75) to work on /home/airflow/.local/lib/python3.7/site-packages/airflow/example_dags/example_local_kubernetes_executor.py
[2024-03-27T19:37:15.043+0000] {processor.py:756} INFO - Processing file /home/airflow/.local/lib/python3.7/site-packages/airflow/example_dags/example_local_kubernetes_executor.py for tasks to queue
[2024-03-27T19:37:15.043+0000] {logging_mixin.py:120} INFO - [2024-03-27T19:37:15.043+0000] {dagbag.py:537} INFO - Filling up the DagBag from /home/airflow/.local/lib/python3.7/site-packages/airflow/example_dags/example_local_kubernetes_executor.py
[2024-03-27T19:37:15.076+0000] {processor.py:766} INFO - DAG(s) dict_keys(['example_local_kubernetes_executor']) retrieved from /home/airflow/.local/lib/python3.7/site-packages/airflow/example_dags/example_local_kubernetes_executor.py
[2024-03-27T19:37:15.115+0000] {logging_mixin.py:120} INFO - [2024-03-27T19:37:15.115+0000] {dag.py:2585} INFO - Sync 1 DAGs
[2024-03-27T19:37:15.141+0000] {logging_mixin.py:120} INFO - [2024-03-27T19:37:15.141+0000] {dag.py:3340} INFO - Setting next_dagrun for example_local_kubernetes_executor to None, run_after=None
[2024-03-27T19:37:15.161+0000] {processor.py:176} INFO - Processing /home/airflow/.local/lib/python3.7/site-packages/airflow/example_dags/example_local_kubernetes_executor.py took 0.122 seconds
[2024-03-27T19:37:46.247+0000] {processor.py:154} INFO - Started process (PID=135) to work on /home/airflow/.local/lib/python3.7/site-packages/airflow/example_dags/example_local_kubernetes_executor.py
[2024-03-27T19:37:46.254+0000] {processor.py:756} INFO - Processing file /home/airflow/.local/lib/python3.7/site-packages/airflow/example_dags/example_local_kubernetes_executor.py for tasks to queue
[2024-03-27T19:37:46.255+0000] {logging_mixin.py:120} INFO - [2024-03-27T19:37:46.254+0000] {dagbag.py:537} INFO - Filling up the DagBag from /home/airflow/.local/lib/python3.7/site-packages/airflow/example_dags/example_local_kubernetes_executor.py
[2024-03-27T19:37:46.297+0000] {processor.py:766} INFO - DAG(s) dict_keys(['example_local_kubernetes_executor']) retrieved from /home/airflow/.local/lib/python3.7/site-packages/airflow/example_dags/example_local_kubernetes_executor.py
[2024-03-27T19:37:46.358+0000] {logging_mixin.py:120} INFO - [2024-03-27T19:37:46.358+0000] {dag.py:2585} INFO - Sync 1 DAGs
[2024-03-27T19:37:46.386+0000] {logging_mixin.py:120} INFO - [2024-03-27T19:37:46.386+0000] {dag.py:3340} INFO - Setting next_dagrun for example_local_kubernetes_executor to None, run_after=None
[2024-03-27T19:37:46.404+0000] {processor.py:176} INFO - Processing /home/airflow/.local/lib/python3.7/site-packages/airflow/example_dags/example_local_kubernetes_executor.py took 0.169 seconds
[2024-03-27T19:38:28.883+0000] {processor.py:154} INFO - Started process (PID=75) to work on /home/airflow/.local/lib/python3.7/site-packages/airflow/example_dags/example_local_kubernetes_executor.py
[2024-03-27T19:38:28.885+0000] {processor.py:756} INFO - Processing file /home/airflow/.local/lib/python3.7/site-packages/airflow/example_dags/example_local_kubernetes_executor.py for tasks to queue
[2024-03-27T19:38:28.886+0000] {logging_mixin.py:120} INFO - [2024-03-27T19:38:28.886+0000] {dagbag.py:537} INFO - Filling up the DagBag from /home/airflow/.local/lib/python3.7/site-packages/airflow/example_dags/example_local_kubernetes_executor.py
[2024-03-27T19:38:28.969+0000] {processor.py:766} INFO - DAG(s) dict_keys(['example_local_kubernetes_executor']) retrieved from /home/airflow/.local/lib/python3.7/site-packages/airflow/example_dags/example_local_kubernetes_executor.py
[2024-03-27T19:38:29.126+0000] {logging_mixin.py:120} INFO - [2024-03-27T19:38:29.125+0000] {dag.py:2585} INFO - Sync 1 DAGs
[2024-03-27T19:38:29.183+0000] {logging_mixin.py:120} INFO - [2024-03-27T19:38:29.183+0000] {dag.py:3340} INFO - Setting next_dagrun for example_local_kubernetes_executor to None, run_after=None
[2024-03-27T19:38:29.231+0000] {processor.py:176} INFO - Processing /home/airflow/.local/lib/python3.7/site-packages/airflow/example_dags/example_local_kubernetes_executor.py took 0.355 seconds
[2024-03-27T19:39:52.789+0000] {processor.py:154} INFO - Started process (PID=85) to work on /home/airflow/.local/lib/python3.7/site-packages/airflow/example_dags/example_local_kubernetes_executor.py
[2024-03-27T19:39:52.792+0000] {processor.py:756} INFO - Processing file /home/airflow/.local/lib/python3.7/site-packages/airflow/example_dags/example_local_kubernetes_executor.py for tasks to queue
[2024-03-27T19:39:52.792+0000] {logging_mixin.py:120} INFO - [2024-03-27T19:39:52.792+0000] {dagbag.py:537} INFO - Filling up the DagBag from /home/airflow/.local/lib/python3.7/site-packages/airflow/example_dags/example_local_kubernetes_executor.py
[2024-03-27T19:39:52.810+0000] {processor.py:766} INFO - DAG(s) dict_keys(['example_local_kubernetes_executor']) retrieved from /home/airflow/.local/lib/python3.7/site-packages/airflow/example_dags/example_local_kubernetes_executor.py
[2024-03-27T19:39:52.841+0000] {logging_mixin.py:120} INFO - [2024-03-27T19:39:52.841+0000] {dag.py:2585} INFO - Sync 1 DAGs
[2024-03-27T19:39:52.859+0000] {logging_mixin.py:120} INFO - [2024-03-27T19:39:52.859+0000] {dag.py:3340} INFO - Setting next_dagrun for example_local_kubernetes_executor to None, run_after=None
[2024-03-27T19:39:52.877+0000] {processor.py:176} INFO - Processing /home/airflow/.local/lib/python3.7/site-packages/airflow/example_dags/example_local_kubernetes_executor.py took 0.090 seconds
[2024-03-27T19:40:33.229+0000] {processor.py:154} INFO - Started process (PID=143) to work on /home/airflow/.local/lib/python3.7/site-packages/airflow/example_dags/example_local_kubernetes_executor.py
[2024-03-27T19:40:33.230+0000] {processor.py:756} INFO - Processing file /home/airflow/.local/lib/python3.7/site-packages/airflow/example_dags/example_local_kubernetes_executor.py for tasks to queue
[2024-03-27T19:40:33.231+0000] {logging_mixin.py:120} INFO - [2024-03-27T19:40:33.230+0000] {dagbag.py:537} INFO - Filling up the DagBag from /home/airflow/.local/lib/python3.7/site-packages/airflow/example_dags/example_local_kubernetes_executor.py
[2024-03-27T19:40:33.266+0000] {processor.py:766} INFO - DAG(s) dict_keys(['example_local_kubernetes_executor']) retrieved from /home/airflow/.local/lib/python3.7/site-packages/airflow/example_dags/example_local_kubernetes_executor.py
[2024-03-27T19:40:33.327+0000] {logging_mixin.py:120} INFO - [2024-03-27T19:40:33.327+0000] {dag.py:2585} INFO - Sync 1 DAGs
[2024-03-27T19:40:33.364+0000] {logging_mixin.py:120} INFO - [2024-03-27T19:40:33.364+0000] {dag.py:3340} INFO - Setting next_dagrun for example_local_kubernetes_executor to None, run_after=None
[2024-03-27T19:40:33.389+0000] {processor.py:176} INFO - Processing /home/airflow/.local/lib/python3.7/site-packages/airflow/example_dags/example_local_kubernetes_executor.py took 0.167 seconds
[2024-03-27T19:41:09.338+0000] {processor.py:154} INFO - Started process (PID=194) to work on /home/airflow/.local/lib/python3.7/site-packages/airflow/example_dags/example_local_kubernetes_executor.py
[2024-03-27T19:41:09.342+0000] {processor.py:756} INFO - Processing file /home/airflow/.local/lib/python3.7/site-packages/airflow/example_dags/example_local_kubernetes_executor.py for tasks to queue
[2024-03-27T19:41:09.345+0000] {logging_mixin.py:120} INFO - [2024-03-27T19:41:09.344+0000] {dagbag.py:537} INFO - Filling up the DagBag from /home/airflow/.local/lib/python3.7/site-packages/airflow/example_dags/example_local_kubernetes_executor.py
[2024-03-27T19:41:09.404+0000] {processor.py:766} INFO - DAG(s) dict_keys(['example_local_kubernetes_executor']) retrieved from /home/airflow/.local/lib/python3.7/site-packages/airflow/example_dags/example_local_kubernetes_executor.py
[2024-03-27T19:41:09.472+0000] {logging_mixin.py:120} INFO - [2024-03-27T19:41:09.472+0000] {dag.py:2585} INFO - Sync 1 DAGs
[2024-03-27T19:41:09.516+0000] {logging_mixin.py:120} INFO - [2024-03-27T19:41:09.516+0000] {dag.py:3340} INFO - Setting next_dagrun for example_local_kubernetes_executor to None, run_after=None
[2024-03-27T19:41:09.541+0000] {processor.py:176} INFO - Processing /home/airflow/.local/lib/python3.7/site-packages/airflow/example_dags/example_local_kubernetes_executor.py took 0.205 seconds
[2024-03-27T19:41:40.539+0000] {processor.py:154} INFO - Started process (PID=75) to work on /home/airflow/.local/lib/python3.7/site-packages/airflow/example_dags/example_local_kubernetes_executor.py
[2024-03-27T19:41:40.540+0000] {processor.py:756} INFO - Processing file /home/airflow/.local/lib/python3.7/site-packages/airflow/example_dags/example_local_kubernetes_executor.py for tasks to queue
[2024-03-27T19:41:40.541+0000] {logging_mixin.py:120} INFO - [2024-03-27T19:41:40.541+0000] {dagbag.py:537} INFO - Filling up the DagBag from /home/airflow/.local/lib/python3.7/site-packages/airflow/example_dags/example_local_kubernetes_executor.py
[2024-03-27T19:41:40.569+0000] {processor.py:766} INFO - DAG(s) dict_keys(['example_local_kubernetes_executor']) retrieved from /home/airflow/.local/lib/python3.7/site-packages/airflow/example_dags/example_local_kubernetes_executor.py
[2024-03-27T19:41:40.605+0000] {logging_mixin.py:120} INFO - [2024-03-27T19:41:40.605+0000] {dag.py:2585} INFO - Sync 1 DAGs
[2024-03-27T19:41:40.622+0000] {logging_mixin.py:120} INFO - [2024-03-27T19:41:40.622+0000] {dag.py:3340} INFO - Setting next_dagrun for example_local_kubernetes_executor to None, run_after=None
[2024-03-27T19:41:40.634+0000] {processor.py:176} INFO - Processing /home/airflow/.local/lib/python3.7/site-packages/airflow/example_dags/example_local_kubernetes_executor.py took 0.098 seconds
[2024-03-27T19:42:11.790+0000] {processor.py:154} INFO - Started process (PID=125) to work on /home/airflow/.local/lib/python3.7/site-packages/airflow/example_dags/example_local_kubernetes_executor.py
[2024-03-27T19:42:11.791+0000] {processor.py:756} INFO - Processing file /home/airflow/.local/lib/python3.7/site-packages/airflow/example_dags/example_local_kubernetes_executor.py for tasks to queue
[2024-03-27T19:42:11.793+0000] {logging_mixin.py:120} INFO - [2024-03-27T19:42:11.793+0000] {dagbag.py:537} INFO - Filling up the DagBag from /home/airflow/.local/lib/python3.7/site-packages/airflow/example_dags/example_local_kubernetes_executor.py
[2024-03-27T19:42:11.811+0000] {processor.py:766} INFO - DAG(s) dict_keys(['example_local_kubernetes_executor']) retrieved from /home/airflow/.local/lib/python3.7/site-packages/airflow/example_dags/example_local_kubernetes_executor.py
[2024-03-27T19:42:11.837+0000] {logging_mixin.py:120} INFO - [2024-03-27T19:42:11.837+0000] {dag.py:2585} INFO - Sync 1 DAGs
[2024-03-27T19:42:11.853+0000] {logging_mixin.py:120} INFO - [2024-03-27T19:42:11.853+0000] {dag.py:3340} INFO - Setting next_dagrun for example_local_kubernetes_executor to None, run_after=None
[2024-03-27T19:42:11.864+0000] {processor.py:176} INFO - Processing /home/airflow/.local/lib/python3.7/site-packages/airflow/example_dags/example_local_kubernetes_executor.py took 0.075 seconds
[2024-03-27T19:44:37.718+0000] {processor.py:154} INFO - Started process (PID=85) to work on /home/airflow/.local/lib/python3.7/site-packages/airflow/example_dags/example_local_kubernetes_executor.py
[2024-03-27T19:44:37.727+0000] {processor.py:756} INFO - Processing file /home/airflow/.local/lib/python3.7/site-packages/airflow/example_dags/example_local_kubernetes_executor.py for tasks to queue
[2024-03-27T19:44:37.729+0000] {logging_mixin.py:120} INFO - [2024-03-27T19:44:37.729+0000] {dagbag.py:537} INFO - Filling up the DagBag from /home/airflow/.local/lib/python3.7/site-packages/airflow/example_dags/example_local_kubernetes_executor.py
[2024-03-27T19:44:37.828+0000] {processor.py:766} INFO - DAG(s) dict_keys(['example_local_kubernetes_executor']) retrieved from /home/airflow/.local/lib/python3.7/site-packages/airflow/example_dags/example_local_kubernetes_executor.py
[2024-03-27T19:44:53.303+0000] {logging_mixin.py:120} INFO - [2024-03-27T19:44:53.302+0000] {dag.py:2585} INFO - Sync 1 DAGs
[2024-03-27T19:44:53.457+0000] {logging_mixin.py:120} INFO - [2024-03-27T19:44:53.456+0000] {dag.py:3340} INFO - Setting next_dagrun for example_local_kubernetes_executor to None, run_after=None
[2024-03-27T19:44:53.530+0000] {processor.py:176} INFO - Processing /home/airflow/.local/lib/python3.7/site-packages/airflow/example_dags/example_local_kubernetes_executor.py took 15.710 seconds
[2024-03-27T19:45:24.321+0000] {processor.py:154} INFO - Started process (PID=135) to work on /home/airflow/.local/lib/python3.7/site-packages/airflow/example_dags/example_local_kubernetes_executor.py
[2024-03-27T19:45:24.322+0000] {processor.py:756} INFO - Processing file /home/airflow/.local/lib/python3.7/site-packages/airflow/example_dags/example_local_kubernetes_executor.py for tasks to queue
[2024-03-27T19:45:24.323+0000] {logging_mixin.py:120} INFO - [2024-03-27T19:45:24.323+0000] {dagbag.py:537} INFO - Filling up the DagBag from /home/airflow/.local/lib/python3.7/site-packages/airflow/example_dags/example_local_kubernetes_executor.py
[2024-03-27T19:45:24.353+0000] {processor.py:766} INFO - DAG(s) dict_keys(['example_local_kubernetes_executor']) retrieved from /home/airflow/.local/lib/python3.7/site-packages/airflow/example_dags/example_local_kubernetes_executor.py
[2024-03-27T19:45:24.424+0000] {logging_mixin.py:120} INFO - [2024-03-27T19:45:24.424+0000] {dag.py:2585} INFO - Sync 1 DAGs
[2024-03-27T19:45:24.444+0000] {logging_mixin.py:120} INFO - [2024-03-27T19:45:24.443+0000] {dag.py:3340} INFO - Setting next_dagrun for example_local_kubernetes_executor to None, run_after=None
[2024-03-27T19:45:24.455+0000] {processor.py:176} INFO - Processing /home/airflow/.local/lib/python3.7/site-packages/airflow/example_dags/example_local_kubernetes_executor.py took 0.137 seconds
[2024-03-27T19:46:41.534+0000] {processor.py:154} INFO - Started process (PID=88) to work on /home/airflow/.local/lib/python3.7/site-packages/airflow/example_dags/example_local_kubernetes_executor.py
[2024-03-27T19:46:41.536+0000] {processor.py:756} INFO - Processing file /home/airflow/.local/lib/python3.7/site-packages/airflow/example_dags/example_local_kubernetes_executor.py for tasks to queue
[2024-03-27T19:46:41.536+0000] {logging_mixin.py:120} INFO - [2024-03-27T19:46:41.536+0000] {dagbag.py:537} INFO - Filling up the DagBag from /home/airflow/.local/lib/python3.7/site-packages/airflow/example_dags/example_local_kubernetes_executor.py
[2024-03-27T19:46:41.570+0000] {processor.py:766} INFO - DAG(s) dict_keys(['example_local_kubernetes_executor']) retrieved from /home/airflow/.local/lib/python3.7/site-packages/airflow/example_dags/example_local_kubernetes_executor.py
[2024-03-27T19:46:41.615+0000] {logging_mixin.py:120} INFO - [2024-03-27T19:46:41.615+0000] {dag.py:2585} INFO - Sync 1 DAGs
[2024-03-27T19:46:41.654+0000] {logging_mixin.py:120} INFO - [2024-03-27T19:46:41.654+0000] {dag.py:3340} INFO - Setting next_dagrun for example_local_kubernetes_executor to None, run_after=None
[2024-03-27T19:46:41.686+0000] {processor.py:176} INFO - Processing /home/airflow/.local/lib/python3.7/site-packages/airflow/example_dags/example_local_kubernetes_executor.py took 0.158 seconds
[2024-03-27T19:47:27.031+0000] {processor.py:154} INFO - Started process (PID=143) to work on /home/airflow/.local/lib/python3.7/site-packages/airflow/example_dags/example_local_kubernetes_executor.py
[2024-03-27T19:47:27.034+0000] {processor.py:756} INFO - Processing file /home/airflow/.local/lib/python3.7/site-packages/airflow/example_dags/example_local_kubernetes_executor.py for tasks to queue
[2024-03-27T19:47:27.034+0000] {logging_mixin.py:120} INFO - [2024-03-27T19:47:27.034+0000] {dagbag.py:537} INFO - Filling up the DagBag from /home/airflow/.local/lib/python3.7/site-packages/airflow/example_dags/example_local_kubernetes_executor.py
[2024-03-27T19:47:27.082+0000] {processor.py:766} INFO - DAG(s) dict_keys(['example_local_kubernetes_executor']) retrieved from /home/airflow/.local/lib/python3.7/site-packages/airflow/example_dags/example_local_kubernetes_executor.py
[2024-03-27T19:47:27.141+0000] {logging_mixin.py:120} INFO - [2024-03-27T19:47:27.141+0000] {dag.py:2585} INFO - Sync 1 DAGs
[2024-03-27T19:47:27.181+0000] {logging_mixin.py:120} INFO - [2024-03-27T19:47:27.181+0000] {dag.py:3340} INFO - Setting next_dagrun for example_local_kubernetes_executor to None, run_after=None
[2024-03-27T19:47:27.199+0000] {processor.py:176} INFO - Processing /home/airflow/.local/lib/python3.7/site-packages/airflow/example_dags/example_local_kubernetes_executor.py took 0.180 seconds
[2024-03-27T19:47:48.053+0000] {processor.py:154} INFO - Started process (PID=75) to work on /home/airflow/.local/lib/python3.7/site-packages/airflow/example_dags/example_local_kubernetes_executor.py
[2024-03-27T19:47:48.054+0000] {processor.py:756} INFO - Processing file /home/airflow/.local/lib/python3.7/site-packages/airflow/example_dags/example_local_kubernetes_executor.py for tasks to queue
[2024-03-27T19:47:48.054+0000] {logging_mixin.py:120} INFO - [2024-03-27T19:47:48.054+0000] {dagbag.py:537} INFO - Filling up the DagBag from /home/airflow/.local/lib/python3.7/site-packages/airflow/example_dags/example_local_kubernetes_executor.py
[2024-03-27T19:47:48.078+0000] {processor.py:766} INFO - DAG(s) dict_keys(['example_local_kubernetes_executor']) retrieved from /home/airflow/.local/lib/python3.7/site-packages/airflow/example_dags/example_local_kubernetes_executor.py
[2024-03-27T19:47:48.117+0000] {logging_mixin.py:120} INFO - [2024-03-27T19:47:48.117+0000] {dag.py:2585} INFO - Sync 1 DAGs
[2024-03-27T19:47:48.149+0000] {logging_mixin.py:120} INFO - [2024-03-27T19:47:48.149+0000] {dag.py:3340} INFO - Setting next_dagrun for example_local_kubernetes_executor to None, run_after=None
[2024-03-27T19:47:48.168+0000] {processor.py:176} INFO - Processing /home/airflow/.local/lib/python3.7/site-packages/airflow/example_dags/example_local_kubernetes_executor.py took 0.119 seconds
[2024-03-27T19:48:37.218+0000] {processor.py:154} INFO - Started process (PID=132) to work on /home/airflow/.local/lib/python3.7/site-packages/airflow/example_dags/example_local_kubernetes_executor.py
[2024-03-27T19:48:37.224+0000] {processor.py:756} INFO - Processing file /home/airflow/.local/lib/python3.7/site-packages/airflow/example_dags/example_local_kubernetes_executor.py for tasks to queue
[2024-03-27T19:48:37.224+0000] {logging_mixin.py:120} INFO - [2024-03-27T19:48:37.224+0000] {dagbag.py:537} INFO - Filling up the DagBag from /home/airflow/.local/lib/python3.7/site-packages/airflow/example_dags/example_local_kubernetes_executor.py
[2024-03-27T19:48:37.256+0000] {processor.py:766} INFO - DAG(s) dict_keys(['example_local_kubernetes_executor']) retrieved from /home/airflow/.local/lib/python3.7/site-packages/airflow/example_dags/example_local_kubernetes_executor.py
[2024-03-27T19:48:37.302+0000] {logging_mixin.py:120} INFO - [2024-03-27T19:48:37.301+0000] {dag.py:2585} INFO - Sync 1 DAGs
[2024-03-27T19:48:37.329+0000] {logging_mixin.py:120} INFO - [2024-03-27T19:48:37.329+0000] {dag.py:3340} INFO - Setting next_dagrun for example_local_kubernetes_executor to None, run_after=None
[2024-03-27T19:48:37.345+0000] {processor.py:176} INFO - Processing /home/airflow/.local/lib/python3.7/site-packages/airflow/example_dags/example_local_kubernetes_executor.py took 0.129 seconds
[2024-03-27T19:49:27.911+0000] {processor.py:154} INFO - Started process (PID=76) to work on /home/airflow/.local/lib/python3.7/site-packages/airflow/example_dags/example_local_kubernetes_executor.py
[2024-03-27T19:49:27.912+0000] {processor.py:756} INFO - Processing file /home/airflow/.local/lib/python3.7/site-packages/airflow/example_dags/example_local_kubernetes_executor.py for tasks to queue
[2024-03-27T19:49:27.913+0000] {logging_mixin.py:120} INFO - [2024-03-27T19:49:27.913+0000] {dagbag.py:537} INFO - Filling up the DagBag from /home/airflow/.local/lib/python3.7/site-packages/airflow/example_dags/example_local_kubernetes_executor.py
[2024-03-27T19:49:27.970+0000] {processor.py:766} INFO - DAG(s) dict_keys(['example_local_kubernetes_executor']) retrieved from /home/airflow/.local/lib/python3.7/site-packages/airflow/example_dags/example_local_kubernetes_executor.py
[2024-03-27T19:49:28.046+0000] {logging_mixin.py:120} INFO - [2024-03-27T19:49:28.046+0000] {dag.py:2585} INFO - Sync 1 DAGs
[2024-03-27T19:49:28.074+0000] {logging_mixin.py:120} INFO - [2024-03-27T19:49:28.074+0000] {dag.py:3340} INFO - Setting next_dagrun for example_local_kubernetes_executor to None, run_after=None
[2024-03-27T19:49:28.091+0000] {processor.py:176} INFO - Processing /home/airflow/.local/lib/python3.7/site-packages/airflow/example_dags/example_local_kubernetes_executor.py took 0.185 seconds
[2024-03-27T19:50:02.503+0000] {processor.py:154} INFO - Started process (PID=134) to work on /home/airflow/.local/lib/python3.7/site-packages/airflow/example_dags/example_local_kubernetes_executor.py
[2024-03-27T19:50:02.504+0000] {processor.py:756} INFO - Processing file /home/airflow/.local/lib/python3.7/site-packages/airflow/example_dags/example_local_kubernetes_executor.py for tasks to queue
[2024-03-27T19:50:02.505+0000] {logging_mixin.py:120} INFO - [2024-03-27T19:50:02.505+0000] {dagbag.py:537} INFO - Filling up the DagBag from /home/airflow/.local/lib/python3.7/site-packages/airflow/example_dags/example_local_kubernetes_executor.py
[2024-03-27T19:50:02.522+0000] {processor.py:766} INFO - DAG(s) dict_keys(['example_local_kubernetes_executor']) retrieved from /home/airflow/.local/lib/python3.7/site-packages/airflow/example_dags/example_local_kubernetes_executor.py
[2024-03-27T19:50:02.549+0000] {logging_mixin.py:120} INFO - [2024-03-27T19:50:02.549+0000] {dag.py:2585} INFO - Sync 1 DAGs
[2024-03-27T19:50:02.564+0000] {logging_mixin.py:120} INFO - [2024-03-27T19:50:02.564+0000] {dag.py:3340} INFO - Setting next_dagrun for example_local_kubernetes_executor to None, run_after=None
[2024-03-27T19:50:02.576+0000] {processor.py:176} INFO - Processing /home/airflow/.local/lib/python3.7/site-packages/airflow/example_dags/example_local_kubernetes_executor.py took 0.075 seconds
[2024-03-27T19:54:24.167+0000] {processor.py:154} INFO - Started process (PID=75) to work on /home/airflow/.local/lib/python3.7/site-packages/airflow/example_dags/example_local_kubernetes_executor.py
[2024-03-27T19:54:24.169+0000] {processor.py:756} INFO - Processing file /home/airflow/.local/lib/python3.7/site-packages/airflow/example_dags/example_local_kubernetes_executor.py for tasks to queue
[2024-03-27T19:54:24.170+0000] {logging_mixin.py:120} INFO - [2024-03-27T19:54:24.170+0000] {dagbag.py:537} INFO - Filling up the DagBag from /home/airflow/.local/lib/python3.7/site-packages/airflow/example_dags/example_local_kubernetes_executor.py
[2024-03-27T19:54:24.209+0000] {processor.py:766} INFO - DAG(s) dict_keys(['example_local_kubernetes_executor']) retrieved from /home/airflow/.local/lib/python3.7/site-packages/airflow/example_dags/example_local_kubernetes_executor.py
[2024-03-27T19:54:24.260+0000] {logging_mixin.py:120} INFO - [2024-03-27T19:54:24.260+0000] {dag.py:2585} INFO - Sync 1 DAGs
[2024-03-27T19:54:24.289+0000] {logging_mixin.py:120} INFO - [2024-03-27T19:54:24.289+0000] {dag.py:3340} INFO - Setting next_dagrun for example_local_kubernetes_executor to None, run_after=None
[2024-03-27T19:54:24.318+0000] {processor.py:176} INFO - Processing /home/airflow/.local/lib/python3.7/site-packages/airflow/example_dags/example_local_kubernetes_executor.py took 0.157 seconds
