[2024-03-27T19:09:50.354+0000] {processor.py:154} INFO - Started process (PID=63) to work on /home/airflow/.local/lib/python3.7/site-packages/airflow/example_dags/example_task_group.py
[2024-03-27T19:09:50.355+0000] {processor.py:756} INFO - Processing file /home/airflow/.local/lib/python3.7/site-packages/airflow/example_dags/example_task_group.py for tasks to queue
[2024-03-27T19:09:50.355+0000] {logging_mixin.py:120} INFO - [2024-03-27T19:09:50.355+0000] {dagbag.py:537} INFO - Filling up the DagBag from /home/airflow/.local/lib/python3.7/site-packages/airflow/example_dags/example_task_group.py
[2024-03-27T19:09:50.372+0000] {processor.py:766} INFO - DAG(s) dict_keys(['example_task_group']) retrieved from /home/airflow/.local/lib/python3.7/site-packages/airflow/example_dags/example_task_group.py
[2024-03-27T19:09:50.418+0000] {logging_mixin.py:120} INFO - [2024-03-27T19:09:50.418+0000] {dag.py:2585} INFO - Sync 1 DAGs
[2024-03-27T19:09:50.436+0000] {logging_mixin.py:120} INFO - [2024-03-27T19:09:50.436+0000] {dag.py:3340} INFO - Setting next_dagrun for example_task_group to 2024-03-26T19:09:50.435944+00:00, run_after=2024-03-27T19:09:50.435944+00:00
[2024-03-27T19:09:50.458+0000] {processor.py:176} INFO - Processing /home/airflow/.local/lib/python3.7/site-packages/airflow/example_dags/example_task_group.py took 0.108 seconds
[2024-03-27T19:10:21.139+0000] {processor.py:154} INFO - Started process (PID=130) to work on /home/airflow/.local/lib/python3.7/site-packages/airflow/example_dags/example_task_group.py
[2024-03-27T19:10:21.140+0000] {processor.py:756} INFO - Processing file /home/airflow/.local/lib/python3.7/site-packages/airflow/example_dags/example_task_group.py for tasks to queue
[2024-03-27T19:10:21.140+0000] {logging_mixin.py:120} INFO - [2024-03-27T19:10:21.140+0000] {dagbag.py:537} INFO - Filling up the DagBag from /home/airflow/.local/lib/python3.7/site-packages/airflow/example_dags/example_task_group.py
[2024-03-27T19:10:21.150+0000] {processor.py:766} INFO - DAG(s) dict_keys(['example_task_group']) retrieved from /home/airflow/.local/lib/python3.7/site-packages/airflow/example_dags/example_task_group.py
[2024-03-27T19:10:21.174+0000] {logging_mixin.py:120} INFO - [2024-03-27T19:10:21.174+0000] {dag.py:2585} INFO - Sync 1 DAGs
[2024-03-27T19:10:21.191+0000] {logging_mixin.py:120} INFO - [2024-03-27T19:10:21.191+0000] {dag.py:3340} INFO - Setting next_dagrun for example_task_group to 2024-03-26T19:10:21.191583+00:00, run_after=2024-03-27T19:10:21.191583+00:00
[2024-03-27T19:10:21.202+0000] {processor.py:176} INFO - Processing /home/airflow/.local/lib/python3.7/site-packages/airflow/example_dags/example_task_group.py took 0.065 seconds
[2024-03-27T19:10:42.080+0000] {processor.py:154} INFO - Started process (PID=54) to work on /home/airflow/.local/lib/python3.7/site-packages/airflow/example_dags/example_task_group.py
[2024-03-27T19:10:42.082+0000] {processor.py:756} INFO - Processing file /home/airflow/.local/lib/python3.7/site-packages/airflow/example_dags/example_task_group.py for tasks to queue
[2024-03-27T19:10:42.084+0000] {logging_mixin.py:120} INFO - [2024-03-27T19:10:42.083+0000] {dagbag.py:537} INFO - Filling up the DagBag from /home/airflow/.local/lib/python3.7/site-packages/airflow/example_dags/example_task_group.py
[2024-03-27T19:10:42.461+0000] {processor.py:766} INFO - DAG(s) dict_keys(['example_task_group']) retrieved from /home/airflow/.local/lib/python3.7/site-packages/airflow/example_dags/example_task_group.py
[2024-03-27T19:10:43.255+0000] {logging_mixin.py:120} INFO - [2024-03-27T19:10:43.252+0000] {dag.py:2585} INFO - Sync 1 DAGs
[2024-03-27T19:10:43.412+0000] {logging_mixin.py:120} INFO - [2024-03-27T19:10:43.411+0000] {dag.py:3340} INFO - Setting next_dagrun for example_task_group to 2024-03-26T19:10:43.410493+00:00, run_after=2024-03-27T19:10:43.410493+00:00
[2024-03-27T19:10:43.492+0000] {processor.py:176} INFO - Processing /home/airflow/.local/lib/python3.7/site-packages/airflow/example_dags/example_task_group.py took 1.437 seconds
[2024-03-27T19:11:14.641+0000] {processor.py:154} INFO - Started process (PID=113) to work on /home/airflow/.local/lib/python3.7/site-packages/airflow/example_dags/example_task_group.py
[2024-03-27T19:11:14.642+0000] {processor.py:756} INFO - Processing file /home/airflow/.local/lib/python3.7/site-packages/airflow/example_dags/example_task_group.py for tasks to queue
[2024-03-27T19:11:14.643+0000] {logging_mixin.py:120} INFO - [2024-03-27T19:11:14.643+0000] {dagbag.py:537} INFO - Filling up the DagBag from /home/airflow/.local/lib/python3.7/site-packages/airflow/example_dags/example_task_group.py
[2024-03-27T19:11:14.656+0000] {processor.py:766} INFO - DAG(s) dict_keys(['example_task_group']) retrieved from /home/airflow/.local/lib/python3.7/site-packages/airflow/example_dags/example_task_group.py
[2024-03-27T19:11:14.680+0000] {logging_mixin.py:120} INFO - [2024-03-27T19:11:14.680+0000] {dag.py:2585} INFO - Sync 1 DAGs
[2024-03-27T19:11:14.696+0000] {logging_mixin.py:120} INFO - [2024-03-27T19:11:14.696+0000] {dag.py:3340} INFO - Setting next_dagrun for example_task_group to 2024-03-26T19:11:14.696201+00:00, run_after=2024-03-27T19:11:14.696201+00:00
[2024-03-27T19:11:14.710+0000] {processor.py:176} INFO - Processing /home/airflow/.local/lib/python3.7/site-packages/airflow/example_dags/example_task_group.py took 0.071 seconds
[2024-03-27T19:11:47.696+0000] {processor.py:154} INFO - Started process (PID=165) to work on /home/airflow/.local/lib/python3.7/site-packages/airflow/example_dags/example_task_group.py
[2024-03-27T19:11:47.697+0000] {processor.py:756} INFO - Processing file /home/airflow/.local/lib/python3.7/site-packages/airflow/example_dags/example_task_group.py for tasks to queue
[2024-03-27T19:11:47.700+0000] {logging_mixin.py:120} INFO - [2024-03-27T19:11:47.700+0000] {dagbag.py:537} INFO - Filling up the DagBag from /home/airflow/.local/lib/python3.7/site-packages/airflow/example_dags/example_task_group.py
[2024-03-27T19:11:47.717+0000] {processor.py:766} INFO - DAG(s) dict_keys(['example_task_group']) retrieved from /home/airflow/.local/lib/python3.7/site-packages/airflow/example_dags/example_task_group.py
[2024-03-27T19:11:47.797+0000] {logging_mixin.py:120} INFO - [2024-03-27T19:11:47.797+0000] {dag.py:2585} INFO - Sync 1 DAGs
[2024-03-27T19:11:47.838+0000] {logging_mixin.py:120} INFO - [2024-03-27T19:11:47.838+0000] {dag.py:3340} INFO - Setting next_dagrun for example_task_group to 2024-03-26T19:11:47.838232+00:00, run_after=2024-03-27T19:11:47.838232+00:00
[2024-03-27T19:11:47.882+0000] {processor.py:176} INFO - Processing /home/airflow/.local/lib/python3.7/site-packages/airflow/example_dags/example_task_group.py took 0.190 seconds
[2024-03-27T19:12:21.165+0000] {processor.py:154} INFO - Started process (PID=64) to work on /home/airflow/.local/lib/python3.7/site-packages/airflow/example_dags/example_task_group.py
[2024-03-27T19:12:21.166+0000] {processor.py:756} INFO - Processing file /home/airflow/.local/lib/python3.7/site-packages/airflow/example_dags/example_task_group.py for tasks to queue
[2024-03-27T19:12:21.167+0000] {logging_mixin.py:120} INFO - [2024-03-27T19:12:21.167+0000] {dagbag.py:537} INFO - Filling up the DagBag from /home/airflow/.local/lib/python3.7/site-packages/airflow/example_dags/example_task_group.py
[2024-03-27T19:12:21.179+0000] {processor.py:766} INFO - DAG(s) dict_keys(['example_task_group']) retrieved from /home/airflow/.local/lib/python3.7/site-packages/airflow/example_dags/example_task_group.py
[2024-03-27T19:12:21.207+0000] {logging_mixin.py:120} INFO - [2024-03-27T19:12:21.207+0000] {dag.py:2585} INFO - Sync 1 DAGs
[2024-03-27T19:12:21.228+0000] {logging_mixin.py:120} INFO - [2024-03-27T19:12:21.228+0000] {dag.py:3340} INFO - Setting next_dagrun for example_task_group to 2024-03-26T19:12:21.228554+00:00, run_after=2024-03-27T19:12:21.228554+00:00
[2024-03-27T19:12:21.244+0000] {processor.py:176} INFO - Processing /home/airflow/.local/lib/python3.7/site-packages/airflow/example_dags/example_task_group.py took 0.081 seconds
[2024-03-27T19:12:52.104+0000] {processor.py:154} INFO - Started process (PID=114) to work on /home/airflow/.local/lib/python3.7/site-packages/airflow/example_dags/example_task_group.py
[2024-03-27T19:12:52.105+0000] {processor.py:756} INFO - Processing file /home/airflow/.local/lib/python3.7/site-packages/airflow/example_dags/example_task_group.py for tasks to queue
[2024-03-27T19:12:52.106+0000] {logging_mixin.py:120} INFO - [2024-03-27T19:12:52.106+0000] {dagbag.py:537} INFO - Filling up the DagBag from /home/airflow/.local/lib/python3.7/site-packages/airflow/example_dags/example_task_group.py
[2024-03-27T19:12:52.123+0000] {processor.py:766} INFO - DAG(s) dict_keys(['example_task_group']) retrieved from /home/airflow/.local/lib/python3.7/site-packages/airflow/example_dags/example_task_group.py
[2024-03-27T19:12:52.156+0000] {logging_mixin.py:120} INFO - [2024-03-27T19:12:52.156+0000] {dag.py:2585} INFO - Sync 1 DAGs
[2024-03-27T19:12:52.173+0000] {logging_mixin.py:120} INFO - [2024-03-27T19:12:52.173+0000] {dag.py:3340} INFO - Setting next_dagrun for example_task_group to 2024-03-26T19:12:52.173520+00:00, run_after=2024-03-27T19:12:52.173520+00:00
[2024-03-27T19:12:52.187+0000] {processor.py:176} INFO - Processing /home/airflow/.local/lib/python3.7/site-packages/airflow/example_dags/example_task_group.py took 0.085 seconds
[2024-03-27T19:13:31.946+0000] {processor.py:154} INFO - Started process (PID=175) to work on /home/airflow/.local/lib/python3.7/site-packages/airflow/example_dags/example_task_group.py
[2024-03-27T19:13:31.951+0000] {processor.py:756} INFO - Processing file /home/airflow/.local/lib/python3.7/site-packages/airflow/example_dags/example_task_group.py for tasks to queue
[2024-03-27T19:13:31.951+0000] {logging_mixin.py:120} INFO - [2024-03-27T19:13:31.951+0000] {dagbag.py:537} INFO - Filling up the DagBag from /home/airflow/.local/lib/python3.7/site-packages/airflow/example_dags/example_task_group.py
[2024-03-27T19:13:31.981+0000] {processor.py:766} INFO - DAG(s) dict_keys(['example_task_group']) retrieved from /home/airflow/.local/lib/python3.7/site-packages/airflow/example_dags/example_task_group.py
[2024-03-27T19:13:32.080+0000] {logging_mixin.py:120} INFO - [2024-03-27T19:13:32.079+0000] {dag.py:2585} INFO - Sync 1 DAGs
[2024-03-27T19:13:32.135+0000] {logging_mixin.py:120} INFO - [2024-03-27T19:13:32.135+0000] {dag.py:3340} INFO - Setting next_dagrun for example_task_group to 2024-03-26T19:13:32.135128+00:00, run_after=2024-03-27T19:13:32.135128+00:00
[2024-03-27T19:13:32.176+0000] {processor.py:176} INFO - Processing /home/airflow/.local/lib/python3.7/site-packages/airflow/example_dags/example_task_group.py took 0.232 seconds
[2024-03-27T19:13:56.788+0000] {processor.py:154} INFO - Started process (PID=63) to work on /home/airflow/.local/lib/python3.7/site-packages/airflow/example_dags/example_task_group.py
[2024-03-27T19:13:56.789+0000] {processor.py:756} INFO - Processing file /home/airflow/.local/lib/python3.7/site-packages/airflow/example_dags/example_task_group.py for tasks to queue
[2024-03-27T19:13:56.791+0000] {logging_mixin.py:120} INFO - [2024-03-27T19:13:56.791+0000] {dagbag.py:537} INFO - Filling up the DagBag from /home/airflow/.local/lib/python3.7/site-packages/airflow/example_dags/example_task_group.py
[2024-03-27T19:13:56.803+0000] {processor.py:766} INFO - DAG(s) dict_keys(['example_task_group']) retrieved from /home/airflow/.local/lib/python3.7/site-packages/airflow/example_dags/example_task_group.py
[2024-03-27T19:13:56.826+0000] {logging_mixin.py:120} INFO - [2024-03-27T19:13:56.826+0000] {dag.py:2585} INFO - Sync 1 DAGs
[2024-03-27T19:13:56.841+0000] {logging_mixin.py:120} INFO - [2024-03-27T19:13:56.841+0000] {dag.py:3340} INFO - Setting next_dagrun for example_task_group to 2024-03-26T19:13:56.841301+00:00, run_after=2024-03-27T19:13:56.841301+00:00
[2024-03-27T19:13:56.864+0000] {processor.py:176} INFO - Processing /home/airflow/.local/lib/python3.7/site-packages/airflow/example_dags/example_task_group.py took 0.078 seconds
[2024-03-27T19:14:47.929+0000] {processor.py:154} INFO - Started process (PID=122) to work on /home/airflow/.local/lib/python3.7/site-packages/airflow/example_dags/example_task_group.py
[2024-03-27T19:14:47.932+0000] {processor.py:756} INFO - Processing file /home/airflow/.local/lib/python3.7/site-packages/airflow/example_dags/example_task_group.py for tasks to queue
[2024-03-27T19:14:47.934+0000] {logging_mixin.py:120} INFO - [2024-03-27T19:14:47.934+0000] {dagbag.py:537} INFO - Filling up the DagBag from /home/airflow/.local/lib/python3.7/site-packages/airflow/example_dags/example_task_group.py
[2024-03-27T19:14:47.968+0000] {processor.py:766} INFO - DAG(s) dict_keys(['example_task_group']) retrieved from /home/airflow/.local/lib/python3.7/site-packages/airflow/example_dags/example_task_group.py
[2024-03-27T19:14:48.225+0000] {logging_mixin.py:120} INFO - [2024-03-27T19:14:48.224+0000] {dag.py:2585} INFO - Sync 1 DAGs
[2024-03-27T19:14:48.380+0000] {logging_mixin.py:120} INFO - [2024-03-27T19:14:48.375+0000] {dag.py:3340} INFO - Setting next_dagrun for example_task_group to 2024-03-26T19:14:48.373747+00:00, run_after=2024-03-27T19:14:48.373747+00:00
[2024-03-27T19:14:48.476+0000] {processor.py:176} INFO - Processing /home/airflow/.local/lib/python3.7/site-packages/airflow/example_dags/example_task_group.py took 0.549 seconds
[2024-03-27T19:15:21.571+0000] {processor.py:154} INFO - Started process (PID=63) to work on /home/airflow/.local/lib/python3.7/site-packages/airflow/example_dags/example_task_group.py
[2024-03-27T19:15:21.572+0000] {processor.py:756} INFO - Processing file /home/airflow/.local/lib/python3.7/site-packages/airflow/example_dags/example_task_group.py for tasks to queue
[2024-03-27T19:15:21.572+0000] {logging_mixin.py:120} INFO - [2024-03-27T19:15:21.572+0000] {dagbag.py:537} INFO - Filling up the DagBag from /home/airflow/.local/lib/python3.7/site-packages/airflow/example_dags/example_task_group.py
[2024-03-27T19:15:21.584+0000] {processor.py:766} INFO - DAG(s) dict_keys(['example_task_group']) retrieved from /home/airflow/.local/lib/python3.7/site-packages/airflow/example_dags/example_task_group.py
[2024-03-27T19:15:21.609+0000] {logging_mixin.py:120} INFO - [2024-03-27T19:15:21.609+0000] {dag.py:2585} INFO - Sync 1 DAGs
[2024-03-27T19:15:21.630+0000] {logging_mixin.py:120} INFO - [2024-03-27T19:15:21.630+0000] {dag.py:3340} INFO - Setting next_dagrun for example_task_group to 2024-03-26T19:15:21.629944+00:00, run_after=2024-03-27T19:15:21.629944+00:00
[2024-03-27T19:15:21.642+0000] {processor.py:176} INFO - Processing /home/airflow/.local/lib/python3.7/site-packages/airflow/example_dags/example_task_group.py took 0.072 seconds
[2024-03-27T19:15:54.037+0000] {processor.py:154} INFO - Started process (PID=122) to work on /home/airflow/.local/lib/python3.7/site-packages/airflow/example_dags/example_task_group.py
[2024-03-27T19:15:54.038+0000] {processor.py:756} INFO - Processing file /home/airflow/.local/lib/python3.7/site-packages/airflow/example_dags/example_task_group.py for tasks to queue
[2024-03-27T19:15:54.041+0000] {logging_mixin.py:120} INFO - [2024-03-27T19:15:54.041+0000] {dagbag.py:537} INFO - Filling up the DagBag from /home/airflow/.local/lib/python3.7/site-packages/airflow/example_dags/example_task_group.py
[2024-03-27T19:15:54.122+0000] {processor.py:766} INFO - DAG(s) dict_keys(['example_task_group']) retrieved from /home/airflow/.local/lib/python3.7/site-packages/airflow/example_dags/example_task_group.py
[2024-03-27T19:15:54.182+0000] {logging_mixin.py:120} INFO - [2024-03-27T19:15:54.181+0000] {dag.py:2585} INFO - Sync 1 DAGs
[2024-03-27T19:15:54.218+0000] {logging_mixin.py:120} INFO - [2024-03-27T19:15:54.218+0000] {dag.py:3340} INFO - Setting next_dagrun for example_task_group to 2024-03-26T19:15:54.218433+00:00, run_after=2024-03-27T19:15:54.218433+00:00
[2024-03-27T19:15:54.252+0000] {processor.py:176} INFO - Processing /home/airflow/.local/lib/python3.7/site-packages/airflow/example_dags/example_task_group.py took 0.224 seconds
[2024-03-27T19:16:25.738+0000] {processor.py:154} INFO - Started process (PID=181) to work on /home/airflow/.local/lib/python3.7/site-packages/airflow/example_dags/example_task_group.py
[2024-03-27T19:16:25.739+0000] {processor.py:756} INFO - Processing file /home/airflow/.local/lib/python3.7/site-packages/airflow/example_dags/example_task_group.py for tasks to queue
[2024-03-27T19:16:25.741+0000] {logging_mixin.py:120} INFO - [2024-03-27T19:16:25.741+0000] {dagbag.py:537} INFO - Filling up the DagBag from /home/airflow/.local/lib/python3.7/site-packages/airflow/example_dags/example_task_group.py
[2024-03-27T19:16:25.768+0000] {processor.py:766} INFO - DAG(s) dict_keys(['example_task_group']) retrieved from /home/airflow/.local/lib/python3.7/site-packages/airflow/example_dags/example_task_group.py
[2024-03-27T19:16:25.816+0000] {logging_mixin.py:120} INFO - [2024-03-27T19:16:25.815+0000] {dag.py:2585} INFO - Sync 1 DAGs
[2024-03-27T19:16:25.837+0000] {logging_mixin.py:120} INFO - [2024-03-27T19:16:25.837+0000] {dag.py:3340} INFO - Setting next_dagrun for example_task_group to 2024-03-26T19:16:25.837020+00:00, run_after=2024-03-27T19:16:25.837020+00:00
[2024-03-27T19:16:25.853+0000] {processor.py:176} INFO - Processing /home/airflow/.local/lib/python3.7/site-packages/airflow/example_dags/example_task_group.py took 0.119 seconds
[2024-03-27T19:16:50.599+0000] {processor.py:154} INFO - Started process (PID=62) to work on /home/airflow/.local/lib/python3.7/site-packages/airflow/example_dags/example_task_group.py
[2024-03-27T19:16:50.599+0000] {processor.py:756} INFO - Processing file /home/airflow/.local/lib/python3.7/site-packages/airflow/example_dags/example_task_group.py for tasks to queue
[2024-03-27T19:16:50.600+0000] {logging_mixin.py:120} INFO - [2024-03-27T19:16:50.600+0000] {dagbag.py:537} INFO - Filling up the DagBag from /home/airflow/.local/lib/python3.7/site-packages/airflow/example_dags/example_task_group.py
[2024-03-27T19:16:50.623+0000] {processor.py:766} INFO - DAG(s) dict_keys(['example_task_group']) retrieved from /home/airflow/.local/lib/python3.7/site-packages/airflow/example_dags/example_task_group.py
[2024-03-27T19:16:50.653+0000] {logging_mixin.py:120} INFO - [2024-03-27T19:16:50.653+0000] {dag.py:2585} INFO - Sync 1 DAGs
[2024-03-27T19:16:50.676+0000] {logging_mixin.py:120} INFO - [2024-03-27T19:16:50.676+0000] {dag.py:3340} INFO - Setting next_dagrun for example_task_group to 2024-03-26T19:16:50.676009+00:00, run_after=2024-03-27T19:16:50.676009+00:00
[2024-03-27T19:16:50.695+0000] {processor.py:176} INFO - Processing /home/airflow/.local/lib/python3.7/site-packages/airflow/example_dags/example_task_group.py took 0.098 seconds
[2024-03-27T19:17:27.639+0000] {processor.py:154} INFO - Started process (PID=120) to work on /home/airflow/.local/lib/python3.7/site-packages/airflow/example_dags/example_task_group.py
[2024-03-27T19:17:27.640+0000] {processor.py:756} INFO - Processing file /home/airflow/.local/lib/python3.7/site-packages/airflow/example_dags/example_task_group.py for tasks to queue
[2024-03-27T19:17:27.642+0000] {logging_mixin.py:120} INFO - [2024-03-27T19:17:27.642+0000] {dagbag.py:537} INFO - Filling up the DagBag from /home/airflow/.local/lib/python3.7/site-packages/airflow/example_dags/example_task_group.py
[2024-03-27T19:17:27.664+0000] {processor.py:766} INFO - DAG(s) dict_keys(['example_task_group']) retrieved from /home/airflow/.local/lib/python3.7/site-packages/airflow/example_dags/example_task_group.py
[2024-03-27T19:17:27.707+0000] {logging_mixin.py:120} INFO - [2024-03-27T19:17:27.707+0000] {dag.py:2585} INFO - Sync 1 DAGs
[2024-03-27T19:17:27.739+0000] {logging_mixin.py:120} INFO - [2024-03-27T19:17:27.739+0000] {dag.py:3340} INFO - Setting next_dagrun for example_task_group to 2024-03-26T19:17:27.739523+00:00, run_after=2024-03-27T19:17:27.739523+00:00
[2024-03-27T19:17:27.761+0000] {processor.py:176} INFO - Processing /home/airflow/.local/lib/python3.7/site-packages/airflow/example_dags/example_task_group.py took 0.126 seconds
[2024-03-27T19:18:19.908+0000] {processor.py:154} INFO - Started process (PID=63) to work on /home/airflow/.local/lib/python3.7/site-packages/airflow/example_dags/example_task_group.py
[2024-03-27T19:18:19.909+0000] {processor.py:756} INFO - Processing file /home/airflow/.local/lib/python3.7/site-packages/airflow/example_dags/example_task_group.py for tasks to queue
[2024-03-27T19:18:19.909+0000] {logging_mixin.py:120} INFO - [2024-03-27T19:18:19.909+0000] {dagbag.py:537} INFO - Filling up the DagBag from /home/airflow/.local/lib/python3.7/site-packages/airflow/example_dags/example_task_group.py
[2024-03-27T19:18:19.926+0000] {processor.py:766} INFO - DAG(s) dict_keys(['example_task_group']) retrieved from /home/airflow/.local/lib/python3.7/site-packages/airflow/example_dags/example_task_group.py
[2024-03-27T19:18:19.957+0000] {logging_mixin.py:120} INFO - [2024-03-27T19:18:19.956+0000] {dag.py:2585} INFO - Sync 1 DAGs
[2024-03-27T19:18:19.983+0000] {logging_mixin.py:120} INFO - [2024-03-27T19:18:19.983+0000] {dag.py:3340} INFO - Setting next_dagrun for example_task_group to 2024-03-26T19:18:19.983438+00:00, run_after=2024-03-27T19:18:19.983438+00:00
[2024-03-27T19:18:19.997+0000] {processor.py:176} INFO - Processing /home/airflow/.local/lib/python3.7/site-packages/airflow/example_dags/example_task_group.py took 0.092 seconds
[2024-03-27T19:18:51.057+0000] {processor.py:154} INFO - Started process (PID=121) to work on /home/airflow/.local/lib/python3.7/site-packages/airflow/example_dags/example_task_group.py
[2024-03-27T19:18:51.058+0000] {processor.py:756} INFO - Processing file /home/airflow/.local/lib/python3.7/site-packages/airflow/example_dags/example_task_group.py for tasks to queue
[2024-03-27T19:18:51.058+0000] {logging_mixin.py:120} INFO - [2024-03-27T19:18:51.058+0000] {dagbag.py:537} INFO - Filling up the DagBag from /home/airflow/.local/lib/python3.7/site-packages/airflow/example_dags/example_task_group.py
[2024-03-27T19:18:51.076+0000] {processor.py:766} INFO - DAG(s) dict_keys(['example_task_group']) retrieved from /home/airflow/.local/lib/python3.7/site-packages/airflow/example_dags/example_task_group.py
[2024-03-27T19:18:51.112+0000] {logging_mixin.py:120} INFO - [2024-03-27T19:18:51.112+0000] {dag.py:2585} INFO - Sync 1 DAGs
[2024-03-27T19:18:51.132+0000] {logging_mixin.py:120} INFO - [2024-03-27T19:18:51.132+0000] {dag.py:3340} INFO - Setting next_dagrun for example_task_group to 2024-03-26T19:18:51.131188+00:00, run_after=2024-03-27T19:18:51.131188+00:00
[2024-03-27T19:18:51.147+0000] {processor.py:176} INFO - Processing /home/airflow/.local/lib/python3.7/site-packages/airflow/example_dags/example_task_group.py took 0.092 seconds
[2024-03-27T19:19:41.211+0000] {processor.py:154} INFO - Started process (PID=63) to work on /home/airflow/.local/lib/python3.7/site-packages/airflow/example_dags/example_task_group.py
[2024-03-27T19:19:41.212+0000] {processor.py:756} INFO - Processing file /home/airflow/.local/lib/python3.7/site-packages/airflow/example_dags/example_task_group.py for tasks to queue
[2024-03-27T19:19:41.213+0000] {logging_mixin.py:120} INFO - [2024-03-27T19:19:41.212+0000] {dagbag.py:537} INFO - Filling up the DagBag from /home/airflow/.local/lib/python3.7/site-packages/airflow/example_dags/example_task_group.py
[2024-03-27T19:19:41.226+0000] {processor.py:766} INFO - DAG(s) dict_keys(['example_task_group']) retrieved from /home/airflow/.local/lib/python3.7/site-packages/airflow/example_dags/example_task_group.py
[2024-03-27T19:19:41.250+0000] {logging_mixin.py:120} INFO - [2024-03-27T19:19:41.250+0000] {dag.py:2585} INFO - Sync 1 DAGs
[2024-03-27T19:19:41.265+0000] {logging_mixin.py:120} INFO - [2024-03-27T19:19:41.264+0000] {dag.py:3340} INFO - Setting next_dagrun for example_task_group to 2024-03-26T19:19:41.264272+00:00, run_after=2024-03-27T19:19:41.264272+00:00
[2024-03-27T19:19:41.275+0000] {processor.py:176} INFO - Processing /home/airflow/.local/lib/python3.7/site-packages/airflow/example_dags/example_task_group.py took 0.066 seconds
[2024-03-27T19:20:21.929+0000] {processor.py:154} INFO - Started process (PID=122) to work on /home/airflow/.local/lib/python3.7/site-packages/airflow/example_dags/example_task_group.py
[2024-03-27T19:20:21.937+0000] {processor.py:756} INFO - Processing file /home/airflow/.local/lib/python3.7/site-packages/airflow/example_dags/example_task_group.py for tasks to queue
[2024-03-27T19:20:21.940+0000] {logging_mixin.py:120} INFO - [2024-03-27T19:20:21.939+0000] {dagbag.py:537} INFO - Filling up the DagBag from /home/airflow/.local/lib/python3.7/site-packages/airflow/example_dags/example_task_group.py
[2024-03-27T19:20:21.979+0000] {processor.py:766} INFO - DAG(s) dict_keys(['example_task_group']) retrieved from /home/airflow/.local/lib/python3.7/site-packages/airflow/example_dags/example_task_group.py
[2024-03-27T19:20:22.048+0000] {logging_mixin.py:120} INFO - [2024-03-27T19:20:22.048+0000] {dag.py:2585} INFO - Sync 1 DAGs
[2024-03-27T19:20:22.075+0000] {logging_mixin.py:120} INFO - [2024-03-27T19:20:22.075+0000] {dag.py:3340} INFO - Setting next_dagrun for example_task_group to 2024-03-26T19:20:22.075469+00:00, run_after=2024-03-27T19:20:22.075469+00:00
[2024-03-27T19:20:22.097+0000] {processor.py:176} INFO - Processing /home/airflow/.local/lib/python3.7/site-packages/airflow/example_dags/example_task_group.py took 0.170 seconds
[2024-03-27T19:21:23.662+0000] {processor.py:154} INFO - Started process (PID=62) to work on /home/airflow/.local/lib/python3.7/site-packages/airflow/example_dags/example_task_group.py
[2024-03-27T19:21:23.663+0000] {processor.py:756} INFO - Processing file /home/airflow/.local/lib/python3.7/site-packages/airflow/example_dags/example_task_group.py for tasks to queue
[2024-03-27T19:21:23.663+0000] {logging_mixin.py:120} INFO - [2024-03-27T19:21:23.663+0000] {dagbag.py:537} INFO - Filling up the DagBag from /home/airflow/.local/lib/python3.7/site-packages/airflow/example_dags/example_task_group.py
[2024-03-27T19:21:23.675+0000] {processor.py:766} INFO - DAG(s) dict_keys(['example_task_group']) retrieved from /home/airflow/.local/lib/python3.7/site-packages/airflow/example_dags/example_task_group.py
[2024-03-27T19:21:23.699+0000] {logging_mixin.py:120} INFO - [2024-03-27T19:21:23.699+0000] {dag.py:2585} INFO - Sync 1 DAGs
[2024-03-27T19:21:23.717+0000] {logging_mixin.py:120} INFO - [2024-03-27T19:21:23.716+0000] {dag.py:3340} INFO - Setting next_dagrun for example_task_group to 2024-03-26T19:21:23.716487+00:00, run_after=2024-03-27T19:21:23.716487+00:00
[2024-03-27T19:21:23.730+0000] {processor.py:176} INFO - Processing /home/airflow/.local/lib/python3.7/site-packages/airflow/example_dags/example_task_group.py took 0.070 seconds
[2024-03-27T19:21:54.248+0000] {processor.py:154} INFO - Started process (PID=112) to work on /home/airflow/.local/lib/python3.7/site-packages/airflow/example_dags/example_task_group.py
[2024-03-27T19:21:54.249+0000] {processor.py:756} INFO - Processing file /home/airflow/.local/lib/python3.7/site-packages/airflow/example_dags/example_task_group.py for tasks to queue
[2024-03-27T19:21:54.250+0000] {logging_mixin.py:120} INFO - [2024-03-27T19:21:54.250+0000] {dagbag.py:537} INFO - Filling up the DagBag from /home/airflow/.local/lib/python3.7/site-packages/airflow/example_dags/example_task_group.py
[2024-03-27T19:21:54.261+0000] {processor.py:766} INFO - DAG(s) dict_keys(['example_task_group']) retrieved from /home/airflow/.local/lib/python3.7/site-packages/airflow/example_dags/example_task_group.py
[2024-03-27T19:21:54.286+0000] {logging_mixin.py:120} INFO - [2024-03-27T19:21:54.286+0000] {dag.py:2585} INFO - Sync 1 DAGs
[2024-03-27T19:21:54.304+0000] {logging_mixin.py:120} INFO - [2024-03-27T19:21:54.304+0000] {dag.py:3340} INFO - Setting next_dagrun for example_task_group to 2024-03-26T19:21:54.303866+00:00, run_after=2024-03-27T19:21:54.303866+00:00
[2024-03-27T19:21:54.315+0000] {processor.py:176} INFO - Processing /home/airflow/.local/lib/python3.7/site-packages/airflow/example_dags/example_task_group.py took 0.068 seconds
[2024-03-27T19:22:30.924+0000] {processor.py:154} INFO - Started process (PID=53) to work on /home/airflow/.local/lib/python3.7/site-packages/airflow/example_dags/example_task_group.py
[2024-03-27T19:22:30.925+0000] {processor.py:756} INFO - Processing file /home/airflow/.local/lib/python3.7/site-packages/airflow/example_dags/example_task_group.py for tasks to queue
[2024-03-27T19:22:30.926+0000] {logging_mixin.py:120} INFO - [2024-03-27T19:22:30.926+0000] {dagbag.py:537} INFO - Filling up the DagBag from /home/airflow/.local/lib/python3.7/site-packages/airflow/example_dags/example_task_group.py
[2024-03-27T19:22:30.945+0000] {processor.py:766} INFO - DAG(s) dict_keys(['example_task_group']) retrieved from /home/airflow/.local/lib/python3.7/site-packages/airflow/example_dags/example_task_group.py
[2024-03-27T19:22:30.985+0000] {logging_mixin.py:120} INFO - [2024-03-27T19:22:30.985+0000] {dag.py:2585} INFO - Sync 1 DAGs
[2024-03-27T19:22:31.002+0000] {logging_mixin.py:120} INFO - [2024-03-27T19:22:31.002+0000] {dag.py:3340} INFO - Setting next_dagrun for example_task_group to 2024-03-26T19:22:31.001897+00:00, run_after=2024-03-27T19:22:31.001897+00:00
[2024-03-27T19:22:31.015+0000] {processor.py:176} INFO - Processing /home/airflow/.local/lib/python3.7/site-packages/airflow/example_dags/example_task_group.py took 0.093 seconds
[2024-03-27T19:23:01.461+0000] {processor.py:154} INFO - Started process (PID=121) to work on /home/airflow/.local/lib/python3.7/site-packages/airflow/example_dags/example_task_group.py
[2024-03-27T19:23:01.462+0000] {processor.py:756} INFO - Processing file /home/airflow/.local/lib/python3.7/site-packages/airflow/example_dags/example_task_group.py for tasks to queue
[2024-03-27T19:23:01.462+0000] {logging_mixin.py:120} INFO - [2024-03-27T19:23:01.462+0000] {dagbag.py:537} INFO - Filling up the DagBag from /home/airflow/.local/lib/python3.7/site-packages/airflow/example_dags/example_task_group.py
[2024-03-27T19:23:01.471+0000] {processor.py:766} INFO - DAG(s) dict_keys(['example_task_group']) retrieved from /home/airflow/.local/lib/python3.7/site-packages/airflow/example_dags/example_task_group.py
[2024-03-27T19:23:01.492+0000] {logging_mixin.py:120} INFO - [2024-03-27T19:23:01.492+0000] {dag.py:2585} INFO - Sync 1 DAGs
[2024-03-27T19:23:01.506+0000] {logging_mixin.py:120} INFO - [2024-03-27T19:23:01.506+0000] {dag.py:3340} INFO - Setting next_dagrun for example_task_group to 2024-03-26T19:23:01.506211+00:00, run_after=2024-03-27T19:23:01.506211+00:00
[2024-03-27T19:23:01.516+0000] {processor.py:176} INFO - Processing /home/airflow/.local/lib/python3.7/site-packages/airflow/example_dags/example_task_group.py took 0.056 seconds
[2024-03-27T19:24:28.198+0000] {processor.py:154} INFO - Started process (PID=180) to work on /home/airflow/.local/lib/python3.7/site-packages/airflow/example_dags/example_task_group.py
[2024-03-27T19:24:28.199+0000] {processor.py:756} INFO - Processing file /home/airflow/.local/lib/python3.7/site-packages/airflow/example_dags/example_task_group.py for tasks to queue
[2024-03-27T19:24:28.199+0000] {logging_mixin.py:120} INFO - [2024-03-27T19:24:28.199+0000] {dagbag.py:537} INFO - Filling up the DagBag from /home/airflow/.local/lib/python3.7/site-packages/airflow/example_dags/example_task_group.py
[2024-03-27T19:24:28.208+0000] {processor.py:766} INFO - DAG(s) dict_keys(['example_task_group']) retrieved from /home/airflow/.local/lib/python3.7/site-packages/airflow/example_dags/example_task_group.py
[2024-03-27T19:24:28.231+0000] {logging_mixin.py:120} INFO - [2024-03-27T19:24:28.231+0000] {dag.py:2585} INFO - Sync 1 DAGs
[2024-03-27T19:24:28.244+0000] {logging_mixin.py:120} INFO - [2024-03-27T19:24:28.244+0000] {dag.py:3340} INFO - Setting next_dagrun for example_task_group to 2024-03-26T19:24:28.244073+00:00, run_after=2024-03-27T19:24:28.244073+00:00
[2024-03-27T19:24:28.254+0000] {processor.py:176} INFO - Processing /home/airflow/.local/lib/python3.7/site-packages/airflow/example_dags/example_task_group.py took 0.058 seconds
[2024-03-27T19:24:54.121+0000] {processor.py:154} INFO - Started process (PID=53) to work on /home/airflow/.local/lib/python3.7/site-packages/airflow/example_dags/example_task_group.py
[2024-03-27T19:24:54.123+0000] {processor.py:756} INFO - Processing file /home/airflow/.local/lib/python3.7/site-packages/airflow/example_dags/example_task_group.py for tasks to queue
[2024-03-27T19:24:54.123+0000] {logging_mixin.py:120} INFO - [2024-03-27T19:24:54.123+0000] {dagbag.py:537} INFO - Filling up the DagBag from /home/airflow/.local/lib/python3.7/site-packages/airflow/example_dags/example_task_group.py
[2024-03-27T19:24:54.139+0000] {processor.py:766} INFO - DAG(s) dict_keys(['example_task_group']) retrieved from /home/airflow/.local/lib/python3.7/site-packages/airflow/example_dags/example_task_group.py
[2024-03-27T19:24:54.175+0000] {logging_mixin.py:120} INFO - [2024-03-27T19:24:54.175+0000] {dag.py:2585} INFO - Sync 1 DAGs
[2024-03-27T19:24:54.190+0000] {logging_mixin.py:120} INFO - [2024-03-27T19:24:54.190+0000] {dag.py:3340} INFO - Setting next_dagrun for example_task_group to 2024-03-26T19:24:54.190497+00:00, run_after=2024-03-27T19:24:54.190497+00:00
[2024-03-27T19:24:54.203+0000] {processor.py:176} INFO - Processing /home/airflow/.local/lib/python3.7/site-packages/airflow/example_dags/example_task_group.py took 0.085 seconds
[2024-03-27T19:25:24.623+0000] {processor.py:154} INFO - Started process (PID=120) to work on /home/airflow/.local/lib/python3.7/site-packages/airflow/example_dags/example_task_group.py
[2024-03-27T19:25:24.623+0000] {processor.py:756} INFO - Processing file /home/airflow/.local/lib/python3.7/site-packages/airflow/example_dags/example_task_group.py for tasks to queue
[2024-03-27T19:25:24.624+0000] {logging_mixin.py:120} INFO - [2024-03-27T19:25:24.624+0000] {dagbag.py:537} INFO - Filling up the DagBag from /home/airflow/.local/lib/python3.7/site-packages/airflow/example_dags/example_task_group.py
[2024-03-27T19:25:24.633+0000] {processor.py:766} INFO - DAG(s) dict_keys(['example_task_group']) retrieved from /home/airflow/.local/lib/python3.7/site-packages/airflow/example_dags/example_task_group.py
[2024-03-27T19:25:24.666+0000] {logging_mixin.py:120} INFO - [2024-03-27T19:25:24.666+0000] {dag.py:2585} INFO - Sync 1 DAGs
[2024-03-27T19:25:24.683+0000] {logging_mixin.py:120} INFO - [2024-03-27T19:25:24.683+0000] {dag.py:3340} INFO - Setting next_dagrun for example_task_group to 2024-03-26T19:25:24.683116+00:00, run_after=2024-03-27T19:25:24.683116+00:00
[2024-03-27T19:25:24.694+0000] {processor.py:176} INFO - Processing /home/airflow/.local/lib/python3.7/site-packages/airflow/example_dags/example_task_group.py took 0.074 seconds
[2024-03-27T19:25:55.196+0000] {processor.py:154} INFO - Started process (PID=189) to work on /home/airflow/.local/lib/python3.7/site-packages/airflow/example_dags/example_task_group.py
[2024-03-27T19:25:55.197+0000] {processor.py:756} INFO - Processing file /home/airflow/.local/lib/python3.7/site-packages/airflow/example_dags/example_task_group.py for tasks to queue
[2024-03-27T19:25:55.197+0000] {logging_mixin.py:120} INFO - [2024-03-27T19:25:55.197+0000] {dagbag.py:537} INFO - Filling up the DagBag from /home/airflow/.local/lib/python3.7/site-packages/airflow/example_dags/example_task_group.py
[2024-03-27T19:25:55.206+0000] {processor.py:766} INFO - DAG(s) dict_keys(['example_task_group']) retrieved from /home/airflow/.local/lib/python3.7/site-packages/airflow/example_dags/example_task_group.py
[2024-03-27T19:25:55.225+0000] {logging_mixin.py:120} INFO - [2024-03-27T19:25:55.225+0000] {dag.py:2585} INFO - Sync 1 DAGs
[2024-03-27T19:25:55.237+0000] {logging_mixin.py:120} INFO - [2024-03-27T19:25:55.237+0000] {dag.py:3340} INFO - Setting next_dagrun for example_task_group to 2024-03-26T19:25:55.237455+00:00, run_after=2024-03-27T19:25:55.237455+00:00
[2024-03-27T19:25:55.247+0000] {processor.py:176} INFO - Processing /home/airflow/.local/lib/python3.7/site-packages/airflow/example_dags/example_task_group.py took 0.053 seconds
[2024-03-27T19:26:25.495+0000] {processor.py:154} INFO - Started process (PID=248) to work on /home/airflow/.local/lib/python3.7/site-packages/airflow/example_dags/example_task_group.py
[2024-03-27T19:26:25.497+0000] {processor.py:756} INFO - Processing file /home/airflow/.local/lib/python3.7/site-packages/airflow/example_dags/example_task_group.py for tasks to queue
[2024-03-27T19:26:25.498+0000] {logging_mixin.py:120} INFO - [2024-03-27T19:26:25.498+0000] {dagbag.py:537} INFO - Filling up the DagBag from /home/airflow/.local/lib/python3.7/site-packages/airflow/example_dags/example_task_group.py
[2024-03-27T19:26:25.509+0000] {processor.py:766} INFO - DAG(s) dict_keys(['example_task_group']) retrieved from /home/airflow/.local/lib/python3.7/site-packages/airflow/example_dags/example_task_group.py
[2024-03-27T19:26:25.532+0000] {logging_mixin.py:120} INFO - [2024-03-27T19:26:25.532+0000] {dag.py:2585} INFO - Sync 1 DAGs
[2024-03-27T19:26:25.546+0000] {logging_mixin.py:120} INFO - [2024-03-27T19:26:25.546+0000] {dag.py:3340} INFO - Setting next_dagrun for example_task_group to 2024-03-26T19:26:25.546314+00:00, run_after=2024-03-27T19:26:25.546314+00:00
[2024-03-27T19:26:25.556+0000] {processor.py:176} INFO - Processing /home/airflow/.local/lib/python3.7/site-packages/airflow/example_dags/example_task_group.py took 0.063 seconds
[2024-03-27T19:26:57.126+0000] {processor.py:154} INFO - Started process (PID=54) to work on /home/airflow/.local/lib/python3.7/site-packages/airflow/example_dags/example_task_group.py
[2024-03-27T19:26:57.127+0000] {processor.py:756} INFO - Processing file /home/airflow/.local/lib/python3.7/site-packages/airflow/example_dags/example_task_group.py for tasks to queue
[2024-03-27T19:26:57.127+0000] {logging_mixin.py:120} INFO - [2024-03-27T19:26:57.127+0000] {dagbag.py:537} INFO - Filling up the DagBag from /home/airflow/.local/lib/python3.7/site-packages/airflow/example_dags/example_task_group.py
[2024-03-27T19:26:57.137+0000] {processor.py:766} INFO - DAG(s) dict_keys(['example_task_group']) retrieved from /home/airflow/.local/lib/python3.7/site-packages/airflow/example_dags/example_task_group.py
[2024-03-27T19:26:57.157+0000] {logging_mixin.py:120} INFO - [2024-03-27T19:26:57.156+0000] {dag.py:2585} INFO - Sync 1 DAGs
[2024-03-27T19:26:57.169+0000] {logging_mixin.py:120} INFO - [2024-03-27T19:26:57.169+0000] {dag.py:3340} INFO - Setting next_dagrun for example_task_group to 2024-03-26T19:26:57.169261+00:00, run_after=2024-03-27T19:26:57.169261+00:00
[2024-03-27T19:26:57.178+0000] {processor.py:176} INFO - Processing /home/airflow/.local/lib/python3.7/site-packages/airflow/example_dags/example_task_group.py took 0.054 seconds
[2024-03-27T19:27:27.403+0000] {processor.py:154} INFO - Started process (PID=121) to work on /home/airflow/.local/lib/python3.7/site-packages/airflow/example_dags/example_task_group.py
[2024-03-27T19:27:27.404+0000] {processor.py:756} INFO - Processing file /home/airflow/.local/lib/python3.7/site-packages/airflow/example_dags/example_task_group.py for tasks to queue
[2024-03-27T19:27:27.404+0000] {logging_mixin.py:120} INFO - [2024-03-27T19:27:27.404+0000] {dagbag.py:537} INFO - Filling up the DagBag from /home/airflow/.local/lib/python3.7/site-packages/airflow/example_dags/example_task_group.py
[2024-03-27T19:27:27.413+0000] {processor.py:766} INFO - DAG(s) dict_keys(['example_task_group']) retrieved from /home/airflow/.local/lib/python3.7/site-packages/airflow/example_dags/example_task_group.py
[2024-03-27T19:27:27.432+0000] {logging_mixin.py:120} INFO - [2024-03-27T19:27:27.432+0000] {dag.py:2585} INFO - Sync 1 DAGs
[2024-03-27T19:27:27.445+0000] {logging_mixin.py:120} INFO - [2024-03-27T19:27:27.445+0000] {dag.py:3340} INFO - Setting next_dagrun for example_task_group to 2024-03-26T19:27:27.444926+00:00, run_after=2024-03-27T19:27:27.444926+00:00
[2024-03-27T19:27:27.454+0000] {processor.py:176} INFO - Processing /home/airflow/.local/lib/python3.7/site-packages/airflow/example_dags/example_task_group.py took 0.053 seconds
[2024-03-27T19:28:22.307+0000] {processor.py:154} INFO - Started process (PID=229) to work on /home/airflow/.local/lib/python3.7/site-packages/airflow/example_dags/example_task_group.py
[2024-03-27T19:28:22.308+0000] {processor.py:756} INFO - Processing file /home/airflow/.local/lib/python3.7/site-packages/airflow/example_dags/example_task_group.py for tasks to queue
[2024-03-27T19:28:22.310+0000] {logging_mixin.py:120} INFO - [2024-03-27T19:28:22.309+0000] {dagbag.py:537} INFO - Filling up the DagBag from /home/airflow/.local/lib/python3.7/site-packages/airflow/example_dags/example_task_group.py
[2024-03-27T19:28:22.332+0000] {processor.py:766} INFO - DAG(s) dict_keys(['example_task_group']) retrieved from /home/airflow/.local/lib/python3.7/site-packages/airflow/example_dags/example_task_group.py
[2024-03-27T19:28:22.393+0000] {logging_mixin.py:120} INFO - [2024-03-27T19:28:22.393+0000] {dag.py:2585} INFO - Sync 1 DAGs
[2024-03-27T19:28:22.420+0000] {logging_mixin.py:120} INFO - [2024-03-27T19:28:22.420+0000] {dag.py:3340} INFO - Setting next_dagrun for example_task_group to 2024-03-27T19:27:27.444926+00:00, run_after=2024-03-28T19:27:27.444926+00:00
[2024-03-27T19:28:22.440+0000] {processor.py:176} INFO - Processing /home/airflow/.local/lib/python3.7/site-packages/airflow/example_dags/example_task_group.py took 0.136 seconds
[2024-03-27T19:28:52.793+0000] {processor.py:154} INFO - Started process (PID=288) to work on /home/airflow/.local/lib/python3.7/site-packages/airflow/example_dags/example_task_group.py
[2024-03-27T19:28:52.795+0000] {processor.py:756} INFO - Processing file /home/airflow/.local/lib/python3.7/site-packages/airflow/example_dags/example_task_group.py for tasks to queue
[2024-03-27T19:28:52.800+0000] {logging_mixin.py:120} INFO - [2024-03-27T19:28:52.800+0000] {dagbag.py:537} INFO - Filling up the DagBag from /home/airflow/.local/lib/python3.7/site-packages/airflow/example_dags/example_task_group.py
[2024-03-27T19:28:52.827+0000] {processor.py:766} INFO - DAG(s) dict_keys(['example_task_group']) retrieved from /home/airflow/.local/lib/python3.7/site-packages/airflow/example_dags/example_task_group.py
[2024-03-27T19:28:52.879+0000] {logging_mixin.py:120} INFO - [2024-03-27T19:28:52.879+0000] {dag.py:2585} INFO - Sync 1 DAGs
[2024-03-27T19:28:52.917+0000] {logging_mixin.py:120} INFO - [2024-03-27T19:28:52.917+0000] {dag.py:3340} INFO - Setting next_dagrun for example_task_group to 2024-03-27T19:27:27.444926+00:00, run_after=2024-03-28T19:27:27.444926+00:00
[2024-03-27T19:28:52.943+0000] {processor.py:176} INFO - Processing /home/airflow/.local/lib/python3.7/site-packages/airflow/example_dags/example_task_group.py took 0.154 seconds
[2024-03-27T19:29:33.968+0000] {processor.py:154} INFO - Started process (PID=356) to work on /home/airflow/.local/lib/python3.7/site-packages/airflow/example_dags/example_task_group.py
[2024-03-27T19:29:33.971+0000] {processor.py:756} INFO - Processing file /home/airflow/.local/lib/python3.7/site-packages/airflow/example_dags/example_task_group.py for tasks to queue
[2024-03-27T19:29:33.972+0000] {logging_mixin.py:120} INFO - [2024-03-27T19:29:33.972+0000] {dagbag.py:537} INFO - Filling up the DagBag from /home/airflow/.local/lib/python3.7/site-packages/airflow/example_dags/example_task_group.py
[2024-03-27T19:29:34.019+0000] {processor.py:766} INFO - DAG(s) dict_keys(['example_task_group']) retrieved from /home/airflow/.local/lib/python3.7/site-packages/airflow/example_dags/example_task_group.py
[2024-03-27T19:29:34.118+0000] {logging_mixin.py:120} INFO - [2024-03-27T19:29:34.118+0000] {dag.py:2585} INFO - Sync 1 DAGs
[2024-03-27T19:29:34.169+0000] {logging_mixin.py:120} INFO - [2024-03-27T19:29:34.169+0000] {dag.py:3340} INFO - Setting next_dagrun for example_task_group to 2024-03-27T19:27:27.444926+00:00, run_after=2024-03-28T19:27:27.444926+00:00
[2024-03-27T19:29:34.211+0000] {processor.py:176} INFO - Processing /home/airflow/.local/lib/python3.7/site-packages/airflow/example_dags/example_task_group.py took 0.252 seconds
[2024-03-27T19:30:11.000+0000] {processor.py:154} INFO - Started process (PID=413) to work on /home/airflow/.local/lib/python3.7/site-packages/airflow/example_dags/example_task_group.py
[2024-03-27T19:30:11.001+0000] {processor.py:756} INFO - Processing file /home/airflow/.local/lib/python3.7/site-packages/airflow/example_dags/example_task_group.py for tasks to queue
[2024-03-27T19:30:11.001+0000] {logging_mixin.py:120} INFO - [2024-03-27T19:30:11.001+0000] {dagbag.py:537} INFO - Filling up the DagBag from /home/airflow/.local/lib/python3.7/site-packages/airflow/example_dags/example_task_group.py
[2024-03-27T19:30:11.012+0000] {processor.py:766} INFO - DAG(s) dict_keys(['example_task_group']) retrieved from /home/airflow/.local/lib/python3.7/site-packages/airflow/example_dags/example_task_group.py
[2024-03-27T19:30:11.037+0000] {logging_mixin.py:120} INFO - [2024-03-27T19:30:11.037+0000] {dag.py:2585} INFO - Sync 1 DAGs
[2024-03-27T19:30:11.057+0000] {logging_mixin.py:120} INFO - [2024-03-27T19:30:11.057+0000] {dag.py:3340} INFO - Setting next_dagrun for example_task_group to 2024-03-27T19:27:27.444926+00:00, run_after=2024-03-28T19:27:27.444926+00:00
[2024-03-27T19:30:11.067+0000] {processor.py:176} INFO - Processing /home/airflow/.local/lib/python3.7/site-packages/airflow/example_dags/example_task_group.py took 0.070 seconds
[2024-03-27T19:30:54.768+0000] {processor.py:154} INFO - Started process (PID=463) to work on /home/airflow/.local/lib/python3.7/site-packages/airflow/example_dags/example_task_group.py
[2024-03-27T19:30:54.777+0000] {processor.py:756} INFO - Processing file /home/airflow/.local/lib/python3.7/site-packages/airflow/example_dags/example_task_group.py for tasks to queue
[2024-03-27T19:30:54.778+0000] {logging_mixin.py:120} INFO - [2024-03-27T19:30:54.778+0000] {dagbag.py:537} INFO - Filling up the DagBag from /home/airflow/.local/lib/python3.7/site-packages/airflow/example_dags/example_task_group.py
[2024-03-27T19:30:54.806+0000] {processor.py:766} INFO - DAG(s) dict_keys(['example_task_group']) retrieved from /home/airflow/.local/lib/python3.7/site-packages/airflow/example_dags/example_task_group.py
[2024-03-27T19:30:54.865+0000] {logging_mixin.py:120} INFO - [2024-03-27T19:30:54.865+0000] {dag.py:2585} INFO - Sync 1 DAGs
[2024-03-27T19:30:54.902+0000] {logging_mixin.py:120} INFO - [2024-03-27T19:30:54.902+0000] {dag.py:3340} INFO - Setting next_dagrun for example_task_group to 2024-03-27T19:27:27.444926+00:00, run_after=2024-03-28T19:27:27.444926+00:00
[2024-03-27T19:30:54.924+0000] {processor.py:176} INFO - Processing /home/airflow/.local/lib/python3.7/site-packages/airflow/example_dags/example_task_group.py took 0.158 seconds
[2024-03-27T19:31:25.267+0000] {processor.py:154} INFO - Started process (PID=515) to work on /home/airflow/.local/lib/python3.7/site-packages/airflow/example_dags/example_task_group.py
[2024-03-27T19:31:25.269+0000] {processor.py:756} INFO - Processing file /home/airflow/.local/lib/python3.7/site-packages/airflow/example_dags/example_task_group.py for tasks to queue
[2024-03-27T19:31:25.270+0000] {logging_mixin.py:120} INFO - [2024-03-27T19:31:25.270+0000] {dagbag.py:537} INFO - Filling up the DagBag from /home/airflow/.local/lib/python3.7/site-packages/airflow/example_dags/example_task_group.py
[2024-03-27T19:31:25.283+0000] {processor.py:766} INFO - DAG(s) dict_keys(['example_task_group']) retrieved from /home/airflow/.local/lib/python3.7/site-packages/airflow/example_dags/example_task_group.py
[2024-03-27T19:31:25.317+0000] {logging_mixin.py:120} INFO - [2024-03-27T19:31:25.316+0000] {dag.py:2585} INFO - Sync 1 DAGs
[2024-03-27T19:31:25.332+0000] {logging_mixin.py:120} INFO - [2024-03-27T19:31:25.332+0000] {dag.py:3340} INFO - Setting next_dagrun for example_task_group to 2024-03-27T19:27:27.444926+00:00, run_after=2024-03-28T19:27:27.444926+00:00
[2024-03-27T19:31:25.345+0000] {processor.py:176} INFO - Processing /home/airflow/.local/lib/python3.7/site-packages/airflow/example_dags/example_task_group.py took 0.080 seconds
[2024-03-27T19:32:04.065+0000] {processor.py:154} INFO - Started process (PID=570) to work on /home/airflow/.local/lib/python3.7/site-packages/airflow/example_dags/example_task_group.py
[2024-03-27T19:32:04.066+0000] {processor.py:756} INFO - Processing file /home/airflow/.local/lib/python3.7/site-packages/airflow/example_dags/example_task_group.py for tasks to queue
[2024-03-27T19:32:04.067+0000] {logging_mixin.py:120} INFO - [2024-03-27T19:32:04.067+0000] {dagbag.py:537} INFO - Filling up the DagBag from /home/airflow/.local/lib/python3.7/site-packages/airflow/example_dags/example_task_group.py
[2024-03-27T19:32:04.088+0000] {processor.py:766} INFO - DAG(s) dict_keys(['example_task_group']) retrieved from /home/airflow/.local/lib/python3.7/site-packages/airflow/example_dags/example_task_group.py
[2024-03-27T19:32:04.132+0000] {logging_mixin.py:120} INFO - [2024-03-27T19:32:04.132+0000] {dag.py:2585} INFO - Sync 1 DAGs
[2024-03-27T19:32:04.180+0000] {logging_mixin.py:120} INFO - [2024-03-27T19:32:04.180+0000] {dag.py:3340} INFO - Setting next_dagrun for example_task_group to 2024-03-27T19:27:27.444926+00:00, run_after=2024-03-28T19:27:27.444926+00:00
[2024-03-27T19:32:04.214+0000] {processor.py:176} INFO - Processing /home/airflow/.local/lib/python3.7/site-packages/airflow/example_dags/example_task_group.py took 0.153 seconds
[2024-03-27T19:32:52.778+0000] {processor.py:154} INFO - Started process (PID=625) to work on /home/airflow/.local/lib/python3.7/site-packages/airflow/example_dags/example_task_group.py
[2024-03-27T19:32:52.782+0000] {processor.py:756} INFO - Processing file /home/airflow/.local/lib/python3.7/site-packages/airflow/example_dags/example_task_group.py for tasks to queue
[2024-03-27T19:32:52.782+0000] {logging_mixin.py:120} INFO - [2024-03-27T19:32:52.782+0000] {dagbag.py:537} INFO - Filling up the DagBag from /home/airflow/.local/lib/python3.7/site-packages/airflow/example_dags/example_task_group.py
[2024-03-27T19:32:52.811+0000] {processor.py:766} INFO - DAG(s) dict_keys(['example_task_group']) retrieved from /home/airflow/.local/lib/python3.7/site-packages/airflow/example_dags/example_task_group.py
[2024-03-27T19:32:52.839+0000] {logging_mixin.py:120} INFO - [2024-03-27T19:32:52.839+0000] {dag.py:2585} INFO - Sync 1 DAGs
[2024-03-27T19:32:52.858+0000] {logging_mixin.py:120} INFO - [2024-03-27T19:32:52.857+0000] {dag.py:3340} INFO - Setting next_dagrun for example_task_group to 2024-03-27T19:27:27.444926+00:00, run_after=2024-03-28T19:27:27.444926+00:00
[2024-03-27T19:32:52.871+0000] {processor.py:176} INFO - Processing /home/airflow/.local/lib/python3.7/site-packages/airflow/example_dags/example_task_group.py took 0.096 seconds
[2024-03-27T19:33:23.256+0000] {processor.py:154} INFO - Started process (PID=678) to work on /home/airflow/.local/lib/python3.7/site-packages/airflow/example_dags/example_task_group.py
[2024-03-27T19:33:23.257+0000] {processor.py:756} INFO - Processing file /home/airflow/.local/lib/python3.7/site-packages/airflow/example_dags/example_task_group.py for tasks to queue
[2024-03-27T19:33:23.257+0000] {logging_mixin.py:120} INFO - [2024-03-27T19:33:23.257+0000] {dagbag.py:537} INFO - Filling up the DagBag from /home/airflow/.local/lib/python3.7/site-packages/airflow/example_dags/example_task_group.py
[2024-03-27T19:33:23.268+0000] {processor.py:766} INFO - DAG(s) dict_keys(['example_task_group']) retrieved from /home/airflow/.local/lib/python3.7/site-packages/airflow/example_dags/example_task_group.py
[2024-03-27T19:33:23.294+0000] {logging_mixin.py:120} INFO - [2024-03-27T19:33:23.294+0000] {dag.py:2585} INFO - Sync 1 DAGs
[2024-03-27T19:33:23.311+0000] {logging_mixin.py:120} INFO - [2024-03-27T19:33:23.311+0000] {dag.py:3340} INFO - Setting next_dagrun for example_task_group to 2024-03-27T19:27:27.444926+00:00, run_after=2024-03-28T19:27:27.444926+00:00
[2024-03-27T19:33:23.323+0000] {processor.py:176} INFO - Processing /home/airflow/.local/lib/python3.7/site-packages/airflow/example_dags/example_task_group.py took 0.069 seconds
[2024-03-27T19:34:11.900+0000] {processor.py:154} INFO - Started process (PID=749) to work on /home/airflow/.local/lib/python3.7/site-packages/airflow/example_dags/example_task_group.py
[2024-03-27T19:34:11.901+0000] {processor.py:756} INFO - Processing file /home/airflow/.local/lib/python3.7/site-packages/airflow/example_dags/example_task_group.py for tasks to queue
[2024-03-27T19:34:11.902+0000] {logging_mixin.py:120} INFO - [2024-03-27T19:34:11.902+0000] {dagbag.py:537} INFO - Filling up the DagBag from /home/airflow/.local/lib/python3.7/site-packages/airflow/example_dags/example_task_group.py
[2024-03-27T19:34:11.925+0000] {processor.py:766} INFO - DAG(s) dict_keys(['example_task_group']) retrieved from /home/airflow/.local/lib/python3.7/site-packages/airflow/example_dags/example_task_group.py
[2024-03-27T19:34:12.000+0000] {logging_mixin.py:120} INFO - [2024-03-27T19:34:12.000+0000] {dag.py:2585} INFO - Sync 1 DAGs
[2024-03-27T19:34:12.038+0000] {logging_mixin.py:120} INFO - [2024-03-27T19:34:12.038+0000] {dag.py:3340} INFO - Setting next_dagrun for example_task_group to 2024-03-27T19:27:27.444926+00:00, run_after=2024-03-28T19:27:27.444926+00:00
[2024-03-27T19:34:12.063+0000] {processor.py:176} INFO - Processing /home/airflow/.local/lib/python3.7/site-packages/airflow/example_dags/example_task_group.py took 0.169 seconds
[2024-03-27T19:34:43.004+0000] {processor.py:154} INFO - Started process (PID=811) to work on /home/airflow/.local/lib/python3.7/site-packages/airflow/example_dags/example_task_group.py
[2024-03-27T19:34:43.006+0000] {processor.py:756} INFO - Processing file /home/airflow/.local/lib/python3.7/site-packages/airflow/example_dags/example_task_group.py for tasks to queue
[2024-03-27T19:34:43.007+0000] {logging_mixin.py:120} INFO - [2024-03-27T19:34:43.007+0000] {dagbag.py:537} INFO - Filling up the DagBag from /home/airflow/.local/lib/python3.7/site-packages/airflow/example_dags/example_task_group.py
[2024-03-27T19:34:43.042+0000] {processor.py:766} INFO - DAG(s) dict_keys(['example_task_group']) retrieved from /home/airflow/.local/lib/python3.7/site-packages/airflow/example_dags/example_task_group.py
[2024-03-27T19:34:43.095+0000] {logging_mixin.py:120} INFO - [2024-03-27T19:34:43.095+0000] {dag.py:2585} INFO - Sync 1 DAGs
[2024-03-27T19:34:43.121+0000] {logging_mixin.py:120} INFO - [2024-03-27T19:34:43.121+0000] {dag.py:3340} INFO - Setting next_dagrun for example_task_group to 2024-03-27T19:27:27.444926+00:00, run_after=2024-03-28T19:27:27.444926+00:00
[2024-03-27T19:34:43.140+0000] {processor.py:176} INFO - Processing /home/airflow/.local/lib/python3.7/site-packages/airflow/example_dags/example_task_group.py took 0.139 seconds
[2024-03-27T19:35:19.373+0000] {processor.py:154} INFO - Started process (PID=861) to work on /home/airflow/.local/lib/python3.7/site-packages/airflow/example_dags/example_task_group.py
[2024-03-27T19:35:19.375+0000] {processor.py:756} INFO - Processing file /home/airflow/.local/lib/python3.7/site-packages/airflow/example_dags/example_task_group.py for tasks to queue
[2024-03-27T19:35:19.379+0000] {logging_mixin.py:120} INFO - [2024-03-27T19:35:19.379+0000] {dagbag.py:537} INFO - Filling up the DagBag from /home/airflow/.local/lib/python3.7/site-packages/airflow/example_dags/example_task_group.py
[2024-03-27T19:35:19.402+0000] {processor.py:766} INFO - DAG(s) dict_keys(['example_task_group']) retrieved from /home/airflow/.local/lib/python3.7/site-packages/airflow/example_dags/example_task_group.py
[2024-03-27T19:35:19.442+0000] {logging_mixin.py:120} INFO - [2024-03-27T19:35:19.442+0000] {dag.py:2585} INFO - Sync 1 DAGs
[2024-03-27T19:35:19.469+0000] {logging_mixin.py:120} INFO - [2024-03-27T19:35:19.469+0000] {dag.py:3340} INFO - Setting next_dagrun for example_task_group to 2024-03-27T19:27:27.444926+00:00, run_after=2024-03-28T19:27:27.444926+00:00
[2024-03-27T19:35:19.489+0000] {processor.py:176} INFO - Processing /home/airflow/.local/lib/python3.7/site-packages/airflow/example_dags/example_task_group.py took 0.122 seconds
[2024-03-27T19:36:15.317+0000] {processor.py:154} INFO - Started process (PID=928) to work on /home/airflow/.local/lib/python3.7/site-packages/airflow/example_dags/example_task_group.py
[2024-03-27T19:36:15.318+0000] {processor.py:756} INFO - Processing file /home/airflow/.local/lib/python3.7/site-packages/airflow/example_dags/example_task_group.py for tasks to queue
[2024-03-27T19:36:15.319+0000] {logging_mixin.py:120} INFO - [2024-03-27T19:36:15.319+0000] {dagbag.py:537} INFO - Filling up the DagBag from /home/airflow/.local/lib/python3.7/site-packages/airflow/example_dags/example_task_group.py
[2024-03-27T19:36:15.331+0000] {processor.py:766} INFO - DAG(s) dict_keys(['example_task_group']) retrieved from /home/airflow/.local/lib/python3.7/site-packages/airflow/example_dags/example_task_group.py
[2024-03-27T19:36:15.365+0000] {logging_mixin.py:120} INFO - [2024-03-27T19:36:15.365+0000] {dag.py:2585} INFO - Sync 1 DAGs
[2024-03-27T19:36:15.386+0000] {logging_mixin.py:120} INFO - [2024-03-27T19:36:15.386+0000] {dag.py:3340} INFO - Setting next_dagrun for example_task_group to 2024-03-27T19:27:27.444926+00:00, run_after=2024-03-28T19:27:27.444926+00:00
[2024-03-27T19:36:15.400+0000] {processor.py:176} INFO - Processing /home/airflow/.local/lib/python3.7/site-packages/airflow/example_dags/example_task_group.py took 0.085 seconds
[2024-03-27T19:37:04.775+0000] {processor.py:154} INFO - Started process (PID=62) to work on /home/airflow/.local/lib/python3.7/site-packages/airflow/example_dags/example_task_group.py
[2024-03-27T19:37:04.776+0000] {processor.py:756} INFO - Processing file /home/airflow/.local/lib/python3.7/site-packages/airflow/example_dags/example_task_group.py for tasks to queue
[2024-03-27T19:37:04.777+0000] {logging_mixin.py:120} INFO - [2024-03-27T19:37:04.777+0000] {dagbag.py:537} INFO - Filling up the DagBag from /home/airflow/.local/lib/python3.7/site-packages/airflow/example_dags/example_task_group.py
[2024-03-27T19:37:04.939+0000] {processor.py:766} INFO - DAG(s) dict_keys(['example_task_group']) retrieved from /home/airflow/.local/lib/python3.7/site-packages/airflow/example_dags/example_task_group.py
[2024-03-27T19:37:11.350+0000] {logging_mixin.py:120} INFO - [2024-03-27T19:37:11.339+0000] {dag.py:2585} INFO - Sync 1 DAGs
[2024-03-27T19:37:11.448+0000] {logging_mixin.py:120} INFO - [2024-03-27T19:37:11.442+0000] {dag.py:3340} INFO - Setting next_dagrun for example_task_group to 2024-03-27T19:27:27.444926+00:00, run_after=2024-03-28T19:27:27.444926+00:00
[2024-03-27T19:37:11.633+0000] {processor.py:176} INFO - Processing /home/airflow/.local/lib/python3.7/site-packages/airflow/example_dags/example_task_group.py took 6.415 seconds
[2024-03-27T19:37:44.336+0000] {processor.py:154} INFO - Started process (PID=121) to work on /home/airflow/.local/lib/python3.7/site-packages/airflow/example_dags/example_task_group.py
[2024-03-27T19:37:44.338+0000] {processor.py:756} INFO - Processing file /home/airflow/.local/lib/python3.7/site-packages/airflow/example_dags/example_task_group.py for tasks to queue
[2024-03-27T19:37:44.340+0000] {logging_mixin.py:120} INFO - [2024-03-27T19:37:44.340+0000] {dagbag.py:537} INFO - Filling up the DagBag from /home/airflow/.local/lib/python3.7/site-packages/airflow/example_dags/example_task_group.py
[2024-03-27T19:37:44.402+0000] {processor.py:766} INFO - DAG(s) dict_keys(['example_task_group']) retrieved from /home/airflow/.local/lib/python3.7/site-packages/airflow/example_dags/example_task_group.py
[2024-03-27T19:37:44.468+0000] {logging_mixin.py:120} INFO - [2024-03-27T19:37:44.468+0000] {dag.py:2585} INFO - Sync 1 DAGs
[2024-03-27T19:37:44.509+0000] {logging_mixin.py:120} INFO - [2024-03-27T19:37:44.509+0000] {dag.py:3340} INFO - Setting next_dagrun for example_task_group to 2024-03-27T19:27:27.444926+00:00, run_after=2024-03-28T19:27:27.444926+00:00
[2024-03-27T19:37:44.541+0000] {processor.py:176} INFO - Processing /home/airflow/.local/lib/python3.7/site-packages/airflow/example_dags/example_task_group.py took 0.212 seconds
[2024-03-27T19:38:26.502+0000] {processor.py:154} INFO - Started process (PID=62) to work on /home/airflow/.local/lib/python3.7/site-packages/airflow/example_dags/example_task_group.py
[2024-03-27T19:38:26.503+0000] {processor.py:756} INFO - Processing file /home/airflow/.local/lib/python3.7/site-packages/airflow/example_dags/example_task_group.py for tasks to queue
[2024-03-27T19:38:26.504+0000] {logging_mixin.py:120} INFO - [2024-03-27T19:38:26.504+0000] {dagbag.py:537} INFO - Filling up the DagBag from /home/airflow/.local/lib/python3.7/site-packages/airflow/example_dags/example_task_group.py
[2024-03-27T19:38:26.535+0000] {processor.py:766} INFO - DAG(s) dict_keys(['example_task_group']) retrieved from /home/airflow/.local/lib/python3.7/site-packages/airflow/example_dags/example_task_group.py
[2024-03-27T19:38:26.593+0000] {logging_mixin.py:120} INFO - [2024-03-27T19:38:26.593+0000] {dag.py:2585} INFO - Sync 1 DAGs
[2024-03-27T19:38:26.656+0000] {logging_mixin.py:120} INFO - [2024-03-27T19:38:26.655+0000] {dag.py:3340} INFO - Setting next_dagrun for example_task_group to 2024-03-27T19:27:27.444926+00:00, run_after=2024-03-28T19:27:27.444926+00:00
[2024-03-27T19:38:26.692+0000] {processor.py:176} INFO - Processing /home/airflow/.local/lib/python3.7/site-packages/airflow/example_dags/example_task_group.py took 0.194 seconds
[2024-03-27T19:39:51.880+0000] {processor.py:154} INFO - Started process (PID=72) to work on /home/airflow/.local/lib/python3.7/site-packages/airflow/example_dags/example_task_group.py
[2024-03-27T19:39:51.881+0000] {processor.py:756} INFO - Processing file /home/airflow/.local/lib/python3.7/site-packages/airflow/example_dags/example_task_group.py for tasks to queue
[2024-03-27T19:39:51.881+0000] {logging_mixin.py:120} INFO - [2024-03-27T19:39:51.881+0000] {dagbag.py:537} INFO - Filling up the DagBag from /home/airflow/.local/lib/python3.7/site-packages/airflow/example_dags/example_task_group.py
[2024-03-27T19:39:51.893+0000] {processor.py:766} INFO - DAG(s) dict_keys(['example_task_group']) retrieved from /home/airflow/.local/lib/python3.7/site-packages/airflow/example_dags/example_task_group.py
[2024-03-27T19:39:51.918+0000] {logging_mixin.py:120} INFO - [2024-03-27T19:39:51.918+0000] {dag.py:2585} INFO - Sync 1 DAGs
[2024-03-27T19:39:51.935+0000] {logging_mixin.py:120} INFO - [2024-03-27T19:39:51.935+0000] {dag.py:3340} INFO - Setting next_dagrun for example_task_group to 2024-03-27T19:27:27.444926+00:00, run_after=2024-03-28T19:27:27.444926+00:00
[2024-03-27T19:39:51.946+0000] {processor.py:176} INFO - Processing /home/airflow/.local/lib/python3.7/site-packages/airflow/example_dags/example_task_group.py took 0.068 seconds
[2024-03-27T19:40:31.567+0000] {processor.py:154} INFO - Started process (PID=130) to work on /home/airflow/.local/lib/python3.7/site-packages/airflow/example_dags/example_task_group.py
[2024-03-27T19:40:31.571+0000] {processor.py:756} INFO - Processing file /home/airflow/.local/lib/python3.7/site-packages/airflow/example_dags/example_task_group.py for tasks to queue
[2024-03-27T19:40:31.574+0000] {logging_mixin.py:120} INFO - [2024-03-27T19:40:31.574+0000] {dagbag.py:537} INFO - Filling up the DagBag from /home/airflow/.local/lib/python3.7/site-packages/airflow/example_dags/example_task_group.py
[2024-03-27T19:40:31.593+0000] {processor.py:766} INFO - DAG(s) dict_keys(['example_task_group']) retrieved from /home/airflow/.local/lib/python3.7/site-packages/airflow/example_dags/example_task_group.py
[2024-03-27T19:40:31.653+0000] {logging_mixin.py:120} INFO - [2024-03-27T19:40:31.653+0000] {dag.py:2585} INFO - Sync 1 DAGs
[2024-03-27T19:40:31.687+0000] {logging_mixin.py:120} INFO - [2024-03-27T19:40:31.687+0000] {dag.py:3340} INFO - Setting next_dagrun for example_task_group to 2024-03-27T19:27:27.444926+00:00, run_after=2024-03-28T19:27:27.444926+00:00
[2024-03-27T19:40:31.711+0000] {processor.py:176} INFO - Processing /home/airflow/.local/lib/python3.7/site-packages/airflow/example_dags/example_task_group.py took 0.146 seconds
[2024-03-27T19:41:07.806+0000] {processor.py:154} INFO - Started process (PID=181) to work on /home/airflow/.local/lib/python3.7/site-packages/airflow/example_dags/example_task_group.py
[2024-03-27T19:41:07.813+0000] {processor.py:756} INFO - Processing file /home/airflow/.local/lib/python3.7/site-packages/airflow/example_dags/example_task_group.py for tasks to queue
[2024-03-27T19:41:07.816+0000] {logging_mixin.py:120} INFO - [2024-03-27T19:41:07.816+0000] {dagbag.py:537} INFO - Filling up the DagBag from /home/airflow/.local/lib/python3.7/site-packages/airflow/example_dags/example_task_group.py
[2024-03-27T19:41:07.874+0000] {processor.py:766} INFO - DAG(s) dict_keys(['example_task_group']) retrieved from /home/airflow/.local/lib/python3.7/site-packages/airflow/example_dags/example_task_group.py
[2024-03-27T19:41:07.972+0000] {logging_mixin.py:120} INFO - [2024-03-27T19:41:07.972+0000] {dag.py:2585} INFO - Sync 1 DAGs
[2024-03-27T19:41:08.026+0000] {logging_mixin.py:120} INFO - [2024-03-27T19:41:08.026+0000] {dag.py:3340} INFO - Setting next_dagrun for example_task_group to 2024-03-27T19:27:27.444926+00:00, run_after=2024-03-28T19:27:27.444926+00:00
[2024-03-27T19:41:08.054+0000] {processor.py:176} INFO - Processing /home/airflow/.local/lib/python3.7/site-packages/airflow/example_dags/example_task_group.py took 0.255 seconds
[2024-03-27T19:41:39.660+0000] {processor.py:154} INFO - Started process (PID=62) to work on /home/airflow/.local/lib/python3.7/site-packages/airflow/example_dags/example_task_group.py
[2024-03-27T19:41:39.661+0000] {processor.py:756} INFO - Processing file /home/airflow/.local/lib/python3.7/site-packages/airflow/example_dags/example_task_group.py for tasks to queue
[2024-03-27T19:41:39.662+0000] {logging_mixin.py:120} INFO - [2024-03-27T19:41:39.662+0000] {dagbag.py:537} INFO - Filling up the DagBag from /home/airflow/.local/lib/python3.7/site-packages/airflow/example_dags/example_task_group.py
[2024-03-27T19:41:39.674+0000] {processor.py:766} INFO - DAG(s) dict_keys(['example_task_group']) retrieved from /home/airflow/.local/lib/python3.7/site-packages/airflow/example_dags/example_task_group.py
[2024-03-27T19:41:39.701+0000] {logging_mixin.py:120} INFO - [2024-03-27T19:41:39.701+0000] {dag.py:2585} INFO - Sync 1 DAGs
[2024-03-27T19:41:39.718+0000] {logging_mixin.py:120} INFO - [2024-03-27T19:41:39.718+0000] {dag.py:3340} INFO - Setting next_dagrun for example_task_group to 2024-03-27T19:27:27.444926+00:00, run_after=2024-03-28T19:27:27.444926+00:00
[2024-03-27T19:41:39.737+0000] {processor.py:176} INFO - Processing /home/airflow/.local/lib/python3.7/site-packages/airflow/example_dags/example_task_group.py took 0.078 seconds
[2024-03-27T19:42:11.061+0000] {processor.py:154} INFO - Started process (PID=112) to work on /home/airflow/.local/lib/python3.7/site-packages/airflow/example_dags/example_task_group.py
[2024-03-27T19:42:11.063+0000] {processor.py:756} INFO - Processing file /home/airflow/.local/lib/python3.7/site-packages/airflow/example_dags/example_task_group.py for tasks to queue
[2024-03-27T19:42:11.065+0000] {logging_mixin.py:120} INFO - [2024-03-27T19:42:11.065+0000] {dagbag.py:537} INFO - Filling up the DagBag from /home/airflow/.local/lib/python3.7/site-packages/airflow/example_dags/example_task_group.py
[2024-03-27T19:42:11.079+0000] {processor.py:766} INFO - DAG(s) dict_keys(['example_task_group']) retrieved from /home/airflow/.local/lib/python3.7/site-packages/airflow/example_dags/example_task_group.py
[2024-03-27T19:42:11.104+0000] {logging_mixin.py:120} INFO - [2024-03-27T19:42:11.103+0000] {dag.py:2585} INFO - Sync 1 DAGs
[2024-03-27T19:42:11.120+0000] {logging_mixin.py:120} INFO - [2024-03-27T19:42:11.120+0000] {dag.py:3340} INFO - Setting next_dagrun for example_task_group to 2024-03-27T19:27:27.444926+00:00, run_after=2024-03-28T19:27:27.444926+00:00
[2024-03-27T19:42:11.132+0000] {processor.py:176} INFO - Processing /home/airflow/.local/lib/python3.7/site-packages/airflow/example_dags/example_task_group.py took 0.073 seconds
[2024-03-27T19:42:50.451+0000] {processor.py:154} INFO - Started process (PID=172) to work on /home/airflow/.local/lib/python3.7/site-packages/airflow/example_dags/example_task_group.py
[2024-03-27T19:42:50.455+0000] {processor.py:756} INFO - Processing file /home/airflow/.local/lib/python3.7/site-packages/airflow/example_dags/example_task_group.py for tasks to queue
[2024-03-27T19:42:50.455+0000] {logging_mixin.py:120} INFO - [2024-03-27T19:42:50.455+0000] {dagbag.py:537} INFO - Filling up the DagBag from /home/airflow/.local/lib/python3.7/site-packages/airflow/example_dags/example_task_group.py
[2024-03-27T19:42:50.480+0000] {processor.py:766} INFO - DAG(s) dict_keys(['example_task_group']) retrieved from /home/airflow/.local/lib/python3.7/site-packages/airflow/example_dags/example_task_group.py
[2024-03-27T19:42:50.589+0000] {logging_mixin.py:120} INFO - [2024-03-27T19:42:50.589+0000] {dag.py:2585} INFO - Sync 1 DAGs
[2024-03-27T19:42:50.719+0000] {logging_mixin.py:120} INFO - [2024-03-27T19:42:50.719+0000] {dag.py:3340} INFO - Setting next_dagrun for example_task_group to 2024-03-27T19:27:27.444926+00:00, run_after=2024-03-28T19:27:27.444926+00:00
[2024-03-27T19:42:50.767+0000] {processor.py:176} INFO - Processing /home/airflow/.local/lib/python3.7/site-packages/airflow/example_dags/example_task_group.py took 0.321 seconds
[2024-03-27T19:44:27.802+0000] {processor.py:154} INFO - Started process (PID=63) to work on /home/airflow/.local/lib/python3.7/site-packages/airflow/example_dags/example_task_group.py
[2024-03-27T19:44:27.803+0000] {processor.py:756} INFO - Processing file /home/airflow/.local/lib/python3.7/site-packages/airflow/example_dags/example_task_group.py for tasks to queue
[2024-03-27T19:44:27.806+0000] {logging_mixin.py:120} INFO - [2024-03-27T19:44:27.806+0000] {dagbag.py:537} INFO - Filling up the DagBag from /home/airflow/.local/lib/python3.7/site-packages/airflow/example_dags/example_task_group.py
[2024-03-27T19:44:27.834+0000] {processor.py:766} INFO - DAG(s) dict_keys(['example_task_group']) retrieved from /home/airflow/.local/lib/python3.7/site-packages/airflow/example_dags/example_task_group.py
[2024-03-27T19:44:27.897+0000] {logging_mixin.py:120} INFO - [2024-03-27T19:44:27.897+0000] {dag.py:2585} INFO - Sync 1 DAGs
[2024-03-27T19:44:27.943+0000] {logging_mixin.py:120} INFO - [2024-03-27T19:44:27.942+0000] {dag.py:3340} INFO - Setting next_dagrun for example_task_group to 2024-03-27T19:27:27.444926+00:00, run_after=2024-03-28T19:27:27.444926+00:00
[2024-03-27T19:44:27.972+0000] {processor.py:176} INFO - Processing /home/airflow/.local/lib/python3.7/site-packages/airflow/example_dags/example_task_group.py took 0.173 seconds
[2024-03-27T19:45:21.948+0000] {processor.py:154} INFO - Started process (PID=122) to work on /home/airflow/.local/lib/python3.7/site-packages/airflow/example_dags/example_task_group.py
[2024-03-27T19:45:21.952+0000] {processor.py:756} INFO - Processing file /home/airflow/.local/lib/python3.7/site-packages/airflow/example_dags/example_task_group.py for tasks to queue
[2024-03-27T19:45:21.952+0000] {logging_mixin.py:120} INFO - [2024-03-27T19:45:21.952+0000] {dagbag.py:537} INFO - Filling up the DagBag from /home/airflow/.local/lib/python3.7/site-packages/airflow/example_dags/example_task_group.py
[2024-03-27T19:45:21.974+0000] {processor.py:766} INFO - DAG(s) dict_keys(['example_task_group']) retrieved from /home/airflow/.local/lib/python3.7/site-packages/airflow/example_dags/example_task_group.py
[2024-03-27T19:45:22.024+0000] {logging_mixin.py:120} INFO - [2024-03-27T19:45:22.024+0000] {dag.py:2585} INFO - Sync 1 DAGs
[2024-03-27T19:45:22.060+0000] {logging_mixin.py:120} INFO - [2024-03-27T19:45:22.060+0000] {dag.py:3340} INFO - Setting next_dagrun for example_task_group to 2024-03-27T19:27:27.444926+00:00, run_after=2024-03-28T19:27:27.444926+00:00
[2024-03-27T19:45:22.084+0000] {processor.py:176} INFO - Processing /home/airflow/.local/lib/python3.7/site-packages/airflow/example_dags/example_task_group.py took 0.139 seconds
[2024-03-27T19:46:39.894+0000] {processor.py:154} INFO - Started process (PID=75) to work on /home/airflow/.local/lib/python3.7/site-packages/airflow/example_dags/example_task_group.py
[2024-03-27T19:46:39.896+0000] {processor.py:756} INFO - Processing file /home/airflow/.local/lib/python3.7/site-packages/airflow/example_dags/example_task_group.py for tasks to queue
[2024-03-27T19:46:39.900+0000] {logging_mixin.py:120} INFO - [2024-03-27T19:46:39.900+0000] {dagbag.py:537} INFO - Filling up the DagBag from /home/airflow/.local/lib/python3.7/site-packages/airflow/example_dags/example_task_group.py
[2024-03-27T19:46:39.965+0000] {processor.py:766} INFO - DAG(s) dict_keys(['example_task_group']) retrieved from /home/airflow/.local/lib/python3.7/site-packages/airflow/example_dags/example_task_group.py
[2024-03-27T19:46:40.061+0000] {logging_mixin.py:120} INFO - [2024-03-27T19:46:40.061+0000] {dag.py:2585} INFO - Sync 1 DAGs
[2024-03-27T19:46:40.112+0000] {logging_mixin.py:120} INFO - [2024-03-27T19:46:40.112+0000] {dag.py:3340} INFO - Setting next_dagrun for example_task_group to 2024-03-27T19:27:27.444926+00:00, run_after=2024-03-28T19:27:27.444926+00:00
[2024-03-27T19:46:40.147+0000] {processor.py:176} INFO - Processing /home/airflow/.local/lib/python3.7/site-packages/airflow/example_dags/example_task_group.py took 0.262 seconds
[2024-03-27T19:47:24.342+0000] {processor.py:154} INFO - Started process (PID=130) to work on /home/airflow/.local/lib/python3.7/site-packages/airflow/example_dags/example_task_group.py
[2024-03-27T19:47:24.343+0000] {processor.py:756} INFO - Processing file /home/airflow/.local/lib/python3.7/site-packages/airflow/example_dags/example_task_group.py for tasks to queue
[2024-03-27T19:47:24.346+0000] {logging_mixin.py:120} INFO - [2024-03-27T19:47:24.346+0000] {dagbag.py:537} INFO - Filling up the DagBag from /home/airflow/.local/lib/python3.7/site-packages/airflow/example_dags/example_task_group.py
[2024-03-27T19:47:24.387+0000] {processor.py:766} INFO - DAG(s) dict_keys(['example_task_group']) retrieved from /home/airflow/.local/lib/python3.7/site-packages/airflow/example_dags/example_task_group.py
[2024-03-27T19:47:24.442+0000] {logging_mixin.py:120} INFO - [2024-03-27T19:47:24.442+0000] {dag.py:2585} INFO - Sync 1 DAGs
[2024-03-27T19:47:24.478+0000] {logging_mixin.py:120} INFO - [2024-03-27T19:47:24.478+0000] {dag.py:3340} INFO - Setting next_dagrun for example_task_group to 2024-03-27T19:27:27.444926+00:00, run_after=2024-03-28T19:27:27.444926+00:00
[2024-03-27T19:47:24.527+0000] {processor.py:176} INFO - Processing /home/airflow/.local/lib/python3.7/site-packages/airflow/example_dags/example_task_group.py took 0.199 seconds
[2024-03-27T19:47:47.168+0000] {processor.py:154} INFO - Started process (PID=62) to work on /home/airflow/.local/lib/python3.7/site-packages/airflow/example_dags/example_task_group.py
[2024-03-27T19:47:47.169+0000] {processor.py:756} INFO - Processing file /home/airflow/.local/lib/python3.7/site-packages/airflow/example_dags/example_task_group.py for tasks to queue
[2024-03-27T19:47:47.170+0000] {logging_mixin.py:120} INFO - [2024-03-27T19:47:47.169+0000] {dagbag.py:537} INFO - Filling up the DagBag from /home/airflow/.local/lib/python3.7/site-packages/airflow/example_dags/example_task_group.py
[2024-03-27T19:47:47.190+0000] {processor.py:766} INFO - DAG(s) dict_keys(['example_task_group']) retrieved from /home/airflow/.local/lib/python3.7/site-packages/airflow/example_dags/example_task_group.py
[2024-03-27T19:47:47.230+0000] {logging_mixin.py:120} INFO - [2024-03-27T19:47:47.230+0000] {dag.py:2585} INFO - Sync 1 DAGs
[2024-03-27T19:47:47.248+0000] {logging_mixin.py:120} INFO - [2024-03-27T19:47:47.248+0000] {dag.py:3340} INFO - Setting next_dagrun for example_task_group to 2024-03-27T19:27:27.444926+00:00, run_after=2024-03-28T19:27:27.444926+00:00
[2024-03-27T19:47:47.261+0000] {processor.py:176} INFO - Processing /home/airflow/.local/lib/python3.7/site-packages/airflow/example_dags/example_task_group.py took 0.096 seconds
[2024-03-27T19:48:35.410+0000] {processor.py:154} INFO - Started process (PID=119) to work on /home/airflow/.local/lib/python3.7/site-packages/airflow/example_dags/example_task_group.py
[2024-03-27T19:48:35.411+0000] {processor.py:756} INFO - Processing file /home/airflow/.local/lib/python3.7/site-packages/airflow/example_dags/example_task_group.py for tasks to queue
[2024-03-27T19:48:35.412+0000] {logging_mixin.py:120} INFO - [2024-03-27T19:48:35.412+0000] {dagbag.py:537} INFO - Filling up the DagBag from /home/airflow/.local/lib/python3.7/site-packages/airflow/example_dags/example_task_group.py
[2024-03-27T19:48:35.435+0000] {processor.py:766} INFO - DAG(s) dict_keys(['example_task_group']) retrieved from /home/airflow/.local/lib/python3.7/site-packages/airflow/example_dags/example_task_group.py
[2024-03-27T19:48:35.507+0000] {logging_mixin.py:120} INFO - [2024-03-27T19:48:35.507+0000] {dag.py:2585} INFO - Sync 1 DAGs
[2024-03-27T19:48:35.564+0000] {logging_mixin.py:120} INFO - [2024-03-27T19:48:35.563+0000] {dag.py:3340} INFO - Setting next_dagrun for example_task_group to 2024-03-27T19:27:27.444926+00:00, run_after=2024-03-28T19:27:27.444926+00:00
[2024-03-27T19:48:35.593+0000] {processor.py:176} INFO - Processing /home/airflow/.local/lib/python3.7/site-packages/airflow/example_dags/example_task_group.py took 0.187 seconds
[2024-03-27T19:49:26.923+0000] {processor.py:154} INFO - Started process (PID=63) to work on /home/airflow/.local/lib/python3.7/site-packages/airflow/example_dags/example_task_group.py
[2024-03-27T19:49:26.924+0000] {processor.py:756} INFO - Processing file /home/airflow/.local/lib/python3.7/site-packages/airflow/example_dags/example_task_group.py for tasks to queue
[2024-03-27T19:49:26.925+0000] {logging_mixin.py:120} INFO - [2024-03-27T19:49:26.925+0000] {dagbag.py:537} INFO - Filling up the DagBag from /home/airflow/.local/lib/python3.7/site-packages/airflow/example_dags/example_task_group.py
[2024-03-27T19:49:26.938+0000] {processor.py:766} INFO - DAG(s) dict_keys(['example_task_group']) retrieved from /home/airflow/.local/lib/python3.7/site-packages/airflow/example_dags/example_task_group.py
[2024-03-27T19:49:26.968+0000] {logging_mixin.py:120} INFO - [2024-03-27T19:49:26.968+0000] {dag.py:2585} INFO - Sync 1 DAGs
[2024-03-27T19:49:26.984+0000] {logging_mixin.py:120} INFO - [2024-03-27T19:49:26.984+0000] {dag.py:3340} INFO - Setting next_dagrun for example_task_group to 2024-03-27T19:27:27.444926+00:00, run_after=2024-03-28T19:27:27.444926+00:00
[2024-03-27T19:49:27.000+0000] {processor.py:176} INFO - Processing /home/airflow/.local/lib/python3.7/site-packages/airflow/example_dags/example_task_group.py took 0.079 seconds
[2024-03-27T19:50:01.581+0000] {processor.py:154} INFO - Started process (PID=121) to work on /home/airflow/.local/lib/python3.7/site-packages/airflow/example_dags/example_task_group.py
[2024-03-27T19:50:01.582+0000] {processor.py:756} INFO - Processing file /home/airflow/.local/lib/python3.7/site-packages/airflow/example_dags/example_task_group.py for tasks to queue
[2024-03-27T19:50:01.583+0000] {logging_mixin.py:120} INFO - [2024-03-27T19:50:01.582+0000] {dagbag.py:537} INFO - Filling up the DagBag from /home/airflow/.local/lib/python3.7/site-packages/airflow/example_dags/example_task_group.py
[2024-03-27T19:50:01.598+0000] {processor.py:766} INFO - DAG(s) dict_keys(['example_task_group']) retrieved from /home/airflow/.local/lib/python3.7/site-packages/airflow/example_dags/example_task_group.py
[2024-03-27T19:50:01.636+0000] {logging_mixin.py:120} INFO - [2024-03-27T19:50:01.636+0000] {dag.py:2585} INFO - Sync 1 DAGs
[2024-03-27T19:50:01.667+0000] {logging_mixin.py:120} INFO - [2024-03-27T19:50:01.667+0000] {dag.py:3340} INFO - Setting next_dagrun for example_task_group to 2024-03-27T19:27:27.444926+00:00, run_after=2024-03-28T19:27:27.444926+00:00
[2024-03-27T19:50:01.695+0000] {processor.py:176} INFO - Processing /home/airflow/.local/lib/python3.7/site-packages/airflow/example_dags/example_task_group.py took 0.117 seconds
[2024-03-27T19:54:20.519+0000] {processor.py:154} INFO - Started process (PID=55) to work on /home/airflow/.local/lib/python3.7/site-packages/airflow/example_dags/example_task_group.py
[2024-03-27T19:54:20.522+0000] {processor.py:756} INFO - Processing file /home/airflow/.local/lib/python3.7/site-packages/airflow/example_dags/example_task_group.py for tasks to queue
[2024-03-27T19:54:20.523+0000] {logging_mixin.py:120} INFO - [2024-03-27T19:54:20.523+0000] {dagbag.py:537} INFO - Filling up the DagBag from /home/airflow/.local/lib/python3.7/site-packages/airflow/example_dags/example_task_group.py
[2024-03-27T19:54:20.560+0000] {processor.py:766} INFO - DAG(s) dict_keys(['example_task_group']) retrieved from /home/airflow/.local/lib/python3.7/site-packages/airflow/example_dags/example_task_group.py
[2024-03-27T19:54:20.892+0000] {logging_mixin.py:120} INFO - [2024-03-27T19:54:20.890+0000] {dag.py:2585} INFO - Sync 1 DAGs
[2024-03-27T19:54:20.955+0000] {logging_mixin.py:120} INFO - [2024-03-27T19:54:20.955+0000] {dag.py:3340} INFO - Setting next_dagrun for example_task_group to 2024-03-27T19:27:27.444926+00:00, run_after=2024-03-28T19:27:27.444926+00:00
[2024-03-27T19:54:21.193+0000] {processor.py:176} INFO - Processing /home/airflow/.local/lib/python3.7/site-packages/airflow/example_dags/example_task_group.py took 0.678 seconds
