[2024-03-27T19:09:50.482+0000] {processor.py:154} INFO - Started process (PID=65) to work on /home/airflow/.local/lib/python3.7/site-packages/airflow/example_dags/tutorial.py
[2024-03-27T19:09:50.483+0000] {processor.py:756} INFO - Processing file /home/airflow/.local/lib/python3.7/site-packages/airflow/example_dags/tutorial.py for tasks to queue
[2024-03-27T19:09:50.484+0000] {logging_mixin.py:120} INFO - [2024-03-27T19:09:50.484+0000] {dagbag.py:537} INFO - Filling up the DagBag from /home/airflow/.local/lib/python3.7/site-packages/airflow/example_dags/tutorial.py
[2024-03-27T19:09:50.507+0000] {processor.py:766} INFO - DAG(s) dict_keys(['tutorial']) retrieved from /home/airflow/.local/lib/python3.7/site-packages/airflow/example_dags/tutorial.py
[2024-03-27T19:09:50.635+0000] {logging_mixin.py:120} INFO - [2024-03-27T19:09:50.635+0000] {dag.py:2585} INFO - Sync 1 DAGs
[2024-03-27T19:09:50.690+0000] {logging_mixin.py:120} INFO - [2024-03-27T19:09:50.690+0000] {dag.py:3340} INFO - Setting next_dagrun for tutorial to 2024-03-26T19:09:50.689975+00:00, run_after=2024-03-27T19:09:50.689975+00:00
[2024-03-27T19:09:50.731+0000] {processor.py:176} INFO - Processing /home/airflow/.local/lib/python3.7/site-packages/airflow/example_dags/tutorial.py took 0.252 seconds
[2024-03-27T19:10:21.216+0000] {processor.py:154} INFO - Started process (PID=132) to work on /home/airflow/.local/lib/python3.7/site-packages/airflow/example_dags/tutorial.py
[2024-03-27T19:10:21.217+0000] {processor.py:756} INFO - Processing file /home/airflow/.local/lib/python3.7/site-packages/airflow/example_dags/tutorial.py for tasks to queue
[2024-03-27T19:10:21.217+0000] {logging_mixin.py:120} INFO - [2024-03-27T19:10:21.217+0000] {dagbag.py:537} INFO - Filling up the DagBag from /home/airflow/.local/lib/python3.7/site-packages/airflow/example_dags/tutorial.py
[2024-03-27T19:10:21.225+0000] {processor.py:766} INFO - DAG(s) dict_keys(['tutorial']) retrieved from /home/airflow/.local/lib/python3.7/site-packages/airflow/example_dags/tutorial.py
[2024-03-27T19:10:21.246+0000] {logging_mixin.py:120} INFO - [2024-03-27T19:10:21.246+0000] {dag.py:2585} INFO - Sync 1 DAGs
[2024-03-27T19:10:21.261+0000] {logging_mixin.py:120} INFO - [2024-03-27T19:10:21.261+0000] {dag.py:3340} INFO - Setting next_dagrun for tutorial to 2024-03-26T19:10:21.261741+00:00, run_after=2024-03-27T19:10:21.261741+00:00
[2024-03-27T19:10:21.271+0000] {processor.py:176} INFO - Processing /home/airflow/.local/lib/python3.7/site-packages/airflow/example_dags/tutorial.py took 0.057 seconds
[2024-03-27T19:10:43.566+0000] {processor.py:154} INFO - Started process (PID=56) to work on /home/airflow/.local/lib/python3.7/site-packages/airflow/example_dags/tutorial.py
[2024-03-27T19:10:43.569+0000] {processor.py:756} INFO - Processing file /home/airflow/.local/lib/python3.7/site-packages/airflow/example_dags/tutorial.py for tasks to queue
[2024-03-27T19:10:43.570+0000] {logging_mixin.py:120} INFO - [2024-03-27T19:10:43.570+0000] {dagbag.py:537} INFO - Filling up the DagBag from /home/airflow/.local/lib/python3.7/site-packages/airflow/example_dags/tutorial.py
[2024-03-27T19:10:43.647+0000] {processor.py:766} INFO - DAG(s) dict_keys(['tutorial']) retrieved from /home/airflow/.local/lib/python3.7/site-packages/airflow/example_dags/tutorial.py
[2024-03-27T19:10:43.917+0000] {logging_mixin.py:120} INFO - [2024-03-27T19:10:43.916+0000] {dag.py:2585} INFO - Sync 1 DAGs
[2024-03-27T19:10:44.067+0000] {logging_mixin.py:120} INFO - [2024-03-27T19:10:44.067+0000] {dag.py:3340} INFO - Setting next_dagrun for tutorial to 2024-03-26T19:10:44.057404+00:00, run_after=2024-03-27T19:10:44.057404+00:00
[2024-03-27T19:10:44.108+0000] {processor.py:176} INFO - Processing /home/airflow/.local/lib/python3.7/site-packages/airflow/example_dags/tutorial.py took 0.560 seconds
[2024-03-27T19:11:14.745+0000] {processor.py:154} INFO - Started process (PID=115) to work on /home/airflow/.local/lib/python3.7/site-packages/airflow/example_dags/tutorial.py
[2024-03-27T19:11:14.748+0000] {processor.py:756} INFO - Processing file /home/airflow/.local/lib/python3.7/site-packages/airflow/example_dags/tutorial.py for tasks to queue
[2024-03-27T19:11:14.750+0000] {logging_mixin.py:120} INFO - [2024-03-27T19:11:14.750+0000] {dagbag.py:537} INFO - Filling up the DagBag from /home/airflow/.local/lib/python3.7/site-packages/airflow/example_dags/tutorial.py
[2024-03-27T19:11:14.810+0000] {processor.py:766} INFO - DAG(s) dict_keys(['tutorial']) retrieved from /home/airflow/.local/lib/python3.7/site-packages/airflow/example_dags/tutorial.py
[2024-03-27T19:11:14.889+0000] {logging_mixin.py:120} INFO - [2024-03-27T19:11:14.889+0000] {dag.py:2585} INFO - Sync 1 DAGs
[2024-03-27T19:11:14.938+0000] {logging_mixin.py:120} INFO - [2024-03-27T19:11:14.938+0000] {dag.py:3340} INFO - Setting next_dagrun for tutorial to 2024-03-26T19:11:14.937974+00:00, run_after=2024-03-27T19:11:14.937974+00:00
[2024-03-27T19:11:14.975+0000] {processor.py:176} INFO - Processing /home/airflow/.local/lib/python3.7/site-packages/airflow/example_dags/tutorial.py took 0.238 seconds
[2024-03-27T19:11:47.911+0000] {processor.py:154} INFO - Started process (PID=167) to work on /home/airflow/.local/lib/python3.7/site-packages/airflow/example_dags/tutorial.py
[2024-03-27T19:11:47.914+0000] {processor.py:756} INFO - Processing file /home/airflow/.local/lib/python3.7/site-packages/airflow/example_dags/tutorial.py for tasks to queue
[2024-03-27T19:11:47.916+0000] {logging_mixin.py:120} INFO - [2024-03-27T19:11:47.916+0000] {dagbag.py:537} INFO - Filling up the DagBag from /home/airflow/.local/lib/python3.7/site-packages/airflow/example_dags/tutorial.py
[2024-03-27T19:11:47.933+0000] {processor.py:766} INFO - DAG(s) dict_keys(['tutorial']) retrieved from /home/airflow/.local/lib/python3.7/site-packages/airflow/example_dags/tutorial.py
[2024-03-27T19:11:47.981+0000] {logging_mixin.py:120} INFO - [2024-03-27T19:11:47.981+0000] {dag.py:2585} INFO - Sync 1 DAGs
[2024-03-27T19:11:48.011+0000] {logging_mixin.py:120} INFO - [2024-03-27T19:11:48.011+0000] {dag.py:3340} INFO - Setting next_dagrun for tutorial to 2024-03-26T19:11:48.011128+00:00, run_after=2024-03-27T19:11:48.011128+00:00
[2024-03-27T19:11:48.040+0000] {processor.py:176} INFO - Processing /home/airflow/.local/lib/python3.7/site-packages/airflow/example_dags/tutorial.py took 0.131 seconds
[2024-03-27T19:12:21.262+0000] {processor.py:154} INFO - Started process (PID=66) to work on /home/airflow/.local/lib/python3.7/site-packages/airflow/example_dags/tutorial.py
[2024-03-27T19:12:21.263+0000] {processor.py:756} INFO - Processing file /home/airflow/.local/lib/python3.7/site-packages/airflow/example_dags/tutorial.py for tasks to queue
[2024-03-27T19:12:21.264+0000] {logging_mixin.py:120} INFO - [2024-03-27T19:12:21.264+0000] {dagbag.py:537} INFO - Filling up the DagBag from /home/airflow/.local/lib/python3.7/site-packages/airflow/example_dags/tutorial.py
[2024-03-27T19:12:21.276+0000] {processor.py:766} INFO - DAG(s) dict_keys(['tutorial']) retrieved from /home/airflow/.local/lib/python3.7/site-packages/airflow/example_dags/tutorial.py
[2024-03-27T19:12:21.302+0000] {logging_mixin.py:120} INFO - [2024-03-27T19:12:21.302+0000] {dag.py:2585} INFO - Sync 1 DAGs
[2024-03-27T19:12:21.316+0000] {logging_mixin.py:120} INFO - [2024-03-27T19:12:21.316+0000] {dag.py:3340} INFO - Setting next_dagrun for tutorial to 2024-03-26T19:12:21.316665+00:00, run_after=2024-03-27T19:12:21.316665+00:00
[2024-03-27T19:12:21.336+0000] {processor.py:176} INFO - Processing /home/airflow/.local/lib/python3.7/site-packages/airflow/example_dags/tutorial.py took 0.076 seconds
[2024-03-27T19:12:52.203+0000] {processor.py:154} INFO - Started process (PID=116) to work on /home/airflow/.local/lib/python3.7/site-packages/airflow/example_dags/tutorial.py
[2024-03-27T19:12:52.204+0000] {processor.py:756} INFO - Processing file /home/airflow/.local/lib/python3.7/site-packages/airflow/example_dags/tutorial.py for tasks to queue
[2024-03-27T19:12:52.204+0000] {logging_mixin.py:120} INFO - [2024-03-27T19:12:52.204+0000] {dagbag.py:537} INFO - Filling up the DagBag from /home/airflow/.local/lib/python3.7/site-packages/airflow/example_dags/tutorial.py
[2024-03-27T19:12:52.217+0000] {processor.py:766} INFO - DAG(s) dict_keys(['tutorial']) retrieved from /home/airflow/.local/lib/python3.7/site-packages/airflow/example_dags/tutorial.py
[2024-03-27T19:12:52.249+0000] {logging_mixin.py:120} INFO - [2024-03-27T19:12:52.249+0000] {dag.py:2585} INFO - Sync 1 DAGs
[2024-03-27T19:12:52.272+0000] {logging_mixin.py:120} INFO - [2024-03-27T19:12:52.272+0000] {dag.py:3340} INFO - Setting next_dagrun for tutorial to 2024-03-26T19:12:52.271854+00:00, run_after=2024-03-27T19:12:52.271854+00:00
[2024-03-27T19:12:52.290+0000] {processor.py:176} INFO - Processing /home/airflow/.local/lib/python3.7/site-packages/airflow/example_dags/tutorial.py took 0.089 seconds
[2024-03-27T19:13:32.187+0000] {processor.py:154} INFO - Started process (PID=177) to work on /home/airflow/.local/lib/python3.7/site-packages/airflow/example_dags/tutorial.py
[2024-03-27T19:13:32.193+0000] {processor.py:756} INFO - Processing file /home/airflow/.local/lib/python3.7/site-packages/airflow/example_dags/tutorial.py for tasks to queue
[2024-03-27T19:13:32.195+0000] {logging_mixin.py:120} INFO - [2024-03-27T19:13:32.195+0000] {dagbag.py:537} INFO - Filling up the DagBag from /home/airflow/.local/lib/python3.7/site-packages/airflow/example_dags/tutorial.py
[2024-03-27T19:13:32.227+0000] {processor.py:766} INFO - DAG(s) dict_keys(['tutorial']) retrieved from /home/airflow/.local/lib/python3.7/site-packages/airflow/example_dags/tutorial.py
[2024-03-27T19:13:32.330+0000] {logging_mixin.py:120} INFO - [2024-03-27T19:13:32.330+0000] {dag.py:2585} INFO - Sync 1 DAGs
[2024-03-27T19:13:32.369+0000] {logging_mixin.py:120} INFO - [2024-03-27T19:13:32.369+0000] {dag.py:3340} INFO - Setting next_dagrun for tutorial to 2024-03-26T19:13:32.369102+00:00, run_after=2024-03-27T19:13:32.369102+00:00
[2024-03-27T19:13:32.393+0000] {processor.py:176} INFO - Processing /home/airflow/.local/lib/python3.7/site-packages/airflow/example_dags/tutorial.py took 0.211 seconds
[2024-03-27T19:13:56.884+0000] {processor.py:154} INFO - Started process (PID=65) to work on /home/airflow/.local/lib/python3.7/site-packages/airflow/example_dags/tutorial.py
[2024-03-27T19:13:56.886+0000] {processor.py:756} INFO - Processing file /home/airflow/.local/lib/python3.7/site-packages/airflow/example_dags/tutorial.py for tasks to queue
[2024-03-27T19:13:56.887+0000] {logging_mixin.py:120} INFO - [2024-03-27T19:13:56.887+0000] {dagbag.py:537} INFO - Filling up the DagBag from /home/airflow/.local/lib/python3.7/site-packages/airflow/example_dags/tutorial.py
[2024-03-27T19:13:56.907+0000] {processor.py:766} INFO - DAG(s) dict_keys(['tutorial']) retrieved from /home/airflow/.local/lib/python3.7/site-packages/airflow/example_dags/tutorial.py
[2024-03-27T19:13:56.942+0000] {logging_mixin.py:120} INFO - [2024-03-27T19:13:56.942+0000] {dag.py:2585} INFO - Sync 1 DAGs
[2024-03-27T19:13:56.964+0000] {logging_mixin.py:120} INFO - [2024-03-27T19:13:56.963+0000] {dag.py:3340} INFO - Setting next_dagrun for tutorial to 2024-03-26T19:13:56.963795+00:00, run_after=2024-03-27T19:13:56.963795+00:00
[2024-03-27T19:13:56.977+0000] {processor.py:176} INFO - Processing /home/airflow/.local/lib/python3.7/site-packages/airflow/example_dags/tutorial.py took 0.098 seconds
[2024-03-27T19:14:48.871+0000] {processor.py:154} INFO - Started process (PID=124) to work on /home/airflow/.local/lib/python3.7/site-packages/airflow/example_dags/tutorial.py
[2024-03-27T19:14:48.876+0000] {processor.py:756} INFO - Processing file /home/airflow/.local/lib/python3.7/site-packages/airflow/example_dags/tutorial.py for tasks to queue
[2024-03-27T19:14:48.878+0000] {logging_mixin.py:120} INFO - [2024-03-27T19:14:48.878+0000] {dagbag.py:537} INFO - Filling up the DagBag from /home/airflow/.local/lib/python3.7/site-packages/airflow/example_dags/tutorial.py
[2024-03-27T19:14:48.929+0000] {processor.py:766} INFO - DAG(s) dict_keys(['tutorial']) retrieved from /home/airflow/.local/lib/python3.7/site-packages/airflow/example_dags/tutorial.py
[2024-03-27T19:14:49.016+0000] {logging_mixin.py:120} INFO - [2024-03-27T19:14:49.016+0000] {dag.py:2585} INFO - Sync 1 DAGs
[2024-03-27T19:14:49.221+0000] {logging_mixin.py:120} INFO - [2024-03-27T19:14:49.221+0000] {dag.py:3340} INFO - Setting next_dagrun for tutorial to 2024-03-26T19:14:49.218964+00:00, run_after=2024-03-27T19:14:49.218964+00:00
[2024-03-27T19:14:49.263+0000] {processor.py:176} INFO - Processing /home/airflow/.local/lib/python3.7/site-packages/airflow/example_dags/tutorial.py took 0.295 seconds
[2024-03-27T19:15:21.742+0000] {processor.py:154} INFO - Started process (PID=65) to work on /home/airflow/.local/lib/python3.7/site-packages/airflow/example_dags/tutorial.py
[2024-03-27T19:15:21.743+0000] {processor.py:756} INFO - Processing file /home/airflow/.local/lib/python3.7/site-packages/airflow/example_dags/tutorial.py for tasks to queue
[2024-03-27T19:15:21.743+0000] {logging_mixin.py:120} INFO - [2024-03-27T19:15:21.743+0000] {dagbag.py:537} INFO - Filling up the DagBag from /home/airflow/.local/lib/python3.7/site-packages/airflow/example_dags/tutorial.py
[2024-03-27T19:15:21.756+0000] {processor.py:766} INFO - DAG(s) dict_keys(['tutorial']) retrieved from /home/airflow/.local/lib/python3.7/site-packages/airflow/example_dags/tutorial.py
[2024-03-27T19:15:21.780+0000] {logging_mixin.py:120} INFO - [2024-03-27T19:15:21.780+0000] {dag.py:2585} INFO - Sync 1 DAGs
[2024-03-27T19:15:21.796+0000] {logging_mixin.py:120} INFO - [2024-03-27T19:15:21.796+0000] {dag.py:3340} INFO - Setting next_dagrun for tutorial to 2024-03-26T19:15:21.796204+00:00, run_after=2024-03-27T19:15:21.796204+00:00
[2024-03-27T19:15:21.809+0000] {processor.py:176} INFO - Processing /home/airflow/.local/lib/python3.7/site-packages/airflow/example_dags/tutorial.py took 0.069 seconds
[2024-03-27T19:15:54.269+0000] {processor.py:154} INFO - Started process (PID=124) to work on /home/airflow/.local/lib/python3.7/site-packages/airflow/example_dags/tutorial.py
[2024-03-27T19:15:54.273+0000] {processor.py:756} INFO - Processing file /home/airflow/.local/lib/python3.7/site-packages/airflow/example_dags/tutorial.py for tasks to queue
[2024-03-27T19:15:54.274+0000] {logging_mixin.py:120} INFO - [2024-03-27T19:15:54.274+0000] {dagbag.py:537} INFO - Filling up the DagBag from /home/airflow/.local/lib/python3.7/site-packages/airflow/example_dags/tutorial.py
[2024-03-27T19:15:54.316+0000] {processor.py:766} INFO - DAG(s) dict_keys(['tutorial']) retrieved from /home/airflow/.local/lib/python3.7/site-packages/airflow/example_dags/tutorial.py
[2024-03-27T19:15:54.374+0000] {logging_mixin.py:120} INFO - [2024-03-27T19:15:54.373+0000] {dag.py:2585} INFO - Sync 1 DAGs
[2024-03-27T19:15:54.430+0000] {logging_mixin.py:120} INFO - [2024-03-27T19:15:54.430+0000] {dag.py:3340} INFO - Setting next_dagrun for tutorial to 2024-03-26T19:15:54.430218+00:00, run_after=2024-03-27T19:15:54.430218+00:00
[2024-03-27T19:15:54.489+0000] {processor.py:176} INFO - Processing /home/airflow/.local/lib/python3.7/site-packages/airflow/example_dags/tutorial.py took 0.231 seconds
[2024-03-27T19:16:25.888+0000] {processor.py:154} INFO - Started process (PID=183) to work on /home/airflow/.local/lib/python3.7/site-packages/airflow/example_dags/tutorial.py
[2024-03-27T19:16:25.891+0000] {processor.py:756} INFO - Processing file /home/airflow/.local/lib/python3.7/site-packages/airflow/example_dags/tutorial.py for tasks to queue
[2024-03-27T19:16:25.892+0000] {logging_mixin.py:120} INFO - [2024-03-27T19:16:25.892+0000] {dagbag.py:537} INFO - Filling up the DagBag from /home/airflow/.local/lib/python3.7/site-packages/airflow/example_dags/tutorial.py
[2024-03-27T19:16:25.907+0000] {processor.py:766} INFO - DAG(s) dict_keys(['tutorial']) retrieved from /home/airflow/.local/lib/python3.7/site-packages/airflow/example_dags/tutorial.py
[2024-03-27T19:16:25.970+0000] {logging_mixin.py:120} INFO - [2024-03-27T19:16:25.970+0000] {dag.py:2585} INFO - Sync 1 DAGs
[2024-03-27T19:16:25.990+0000] {logging_mixin.py:120} INFO - [2024-03-27T19:16:25.989+0000] {dag.py:3340} INFO - Setting next_dagrun for tutorial to 2024-03-26T19:16:25.989683+00:00, run_after=2024-03-27T19:16:25.989683+00:00
[2024-03-27T19:16:26.003+0000] {processor.py:176} INFO - Processing /home/airflow/.local/lib/python3.7/site-packages/airflow/example_dags/tutorial.py took 0.121 seconds
[2024-03-27T19:16:50.716+0000] {processor.py:154} INFO - Started process (PID=64) to work on /home/airflow/.local/lib/python3.7/site-packages/airflow/example_dags/tutorial.py
[2024-03-27T19:16:50.717+0000] {processor.py:756} INFO - Processing file /home/airflow/.local/lib/python3.7/site-packages/airflow/example_dags/tutorial.py for tasks to queue
[2024-03-27T19:16:50.717+0000] {logging_mixin.py:120} INFO - [2024-03-27T19:16:50.717+0000] {dagbag.py:537} INFO - Filling up the DagBag from /home/airflow/.local/lib/python3.7/site-packages/airflow/example_dags/tutorial.py
[2024-03-27T19:16:50.729+0000] {processor.py:766} INFO - DAG(s) dict_keys(['tutorial']) retrieved from /home/airflow/.local/lib/python3.7/site-packages/airflow/example_dags/tutorial.py
[2024-03-27T19:16:50.762+0000] {logging_mixin.py:120} INFO - [2024-03-27T19:16:50.762+0000] {dag.py:2585} INFO - Sync 1 DAGs
[2024-03-27T19:16:50.790+0000] {logging_mixin.py:120} INFO - [2024-03-27T19:16:50.790+0000] {dag.py:3340} INFO - Setting next_dagrun for tutorial to 2024-03-26T19:16:50.790244+00:00, run_after=2024-03-27T19:16:50.790244+00:00
[2024-03-27T19:16:50.811+0000] {processor.py:176} INFO - Processing /home/airflow/.local/lib/python3.7/site-packages/airflow/example_dags/tutorial.py took 0.098 seconds
[2024-03-27T19:17:27.786+0000] {processor.py:154} INFO - Started process (PID=122) to work on /home/airflow/.local/lib/python3.7/site-packages/airflow/example_dags/tutorial.py
[2024-03-27T19:17:27.788+0000] {processor.py:756} INFO - Processing file /home/airflow/.local/lib/python3.7/site-packages/airflow/example_dags/tutorial.py for tasks to queue
[2024-03-27T19:17:27.788+0000] {logging_mixin.py:120} INFO - [2024-03-27T19:17:27.788+0000] {dagbag.py:537} INFO - Filling up the DagBag from /home/airflow/.local/lib/python3.7/site-packages/airflow/example_dags/tutorial.py
[2024-03-27T19:17:27.806+0000] {processor.py:766} INFO - DAG(s) dict_keys(['tutorial']) retrieved from /home/airflow/.local/lib/python3.7/site-packages/airflow/example_dags/tutorial.py
[2024-03-27T19:17:27.889+0000] {logging_mixin.py:120} INFO - [2024-03-27T19:17:27.889+0000] {dag.py:2585} INFO - Sync 1 DAGs
[2024-03-27T19:17:28.031+0000] {logging_mixin.py:120} INFO - [2024-03-27T19:17:28.030+0000] {dag.py:3340} INFO - Setting next_dagrun for tutorial to 2024-03-26T19:17:28.029643+00:00, run_after=2024-03-27T19:17:28.029643+00:00
[2024-03-27T19:17:28.153+0000] {processor.py:176} INFO - Processing /home/airflow/.local/lib/python3.7/site-packages/airflow/example_dags/tutorial.py took 0.371 seconds
[2024-03-27T19:18:20.014+0000] {processor.py:154} INFO - Started process (PID=65) to work on /home/airflow/.local/lib/python3.7/site-packages/airflow/example_dags/tutorial.py
[2024-03-27T19:18:20.015+0000] {processor.py:756} INFO - Processing file /home/airflow/.local/lib/python3.7/site-packages/airflow/example_dags/tutorial.py for tasks to queue
[2024-03-27T19:18:20.016+0000] {logging_mixin.py:120} INFO - [2024-03-27T19:18:20.016+0000] {dagbag.py:537} INFO - Filling up the DagBag from /home/airflow/.local/lib/python3.7/site-packages/airflow/example_dags/tutorial.py
[2024-03-27T19:18:20.030+0000] {processor.py:766} INFO - DAG(s) dict_keys(['tutorial']) retrieved from /home/airflow/.local/lib/python3.7/site-packages/airflow/example_dags/tutorial.py
[2024-03-27T19:18:20.064+0000] {logging_mixin.py:120} INFO - [2024-03-27T19:18:20.064+0000] {dag.py:2585} INFO - Sync 1 DAGs
[2024-03-27T19:18:20.086+0000] {logging_mixin.py:120} INFO - [2024-03-27T19:18:20.086+0000] {dag.py:3340} INFO - Setting next_dagrun for tutorial to 2024-03-26T19:18:20.086575+00:00, run_after=2024-03-27T19:18:20.086575+00:00
[2024-03-27T19:18:20.102+0000] {processor.py:176} INFO - Processing /home/airflow/.local/lib/python3.7/site-packages/airflow/example_dags/tutorial.py took 0.091 seconds
[2024-03-27T19:18:51.167+0000] {processor.py:154} INFO - Started process (PID=123) to work on /home/airflow/.local/lib/python3.7/site-packages/airflow/example_dags/tutorial.py
[2024-03-27T19:18:51.168+0000] {processor.py:756} INFO - Processing file /home/airflow/.local/lib/python3.7/site-packages/airflow/example_dags/tutorial.py for tasks to queue
[2024-03-27T19:18:51.168+0000] {logging_mixin.py:120} INFO - [2024-03-27T19:18:51.168+0000] {dagbag.py:537} INFO - Filling up the DagBag from /home/airflow/.local/lib/python3.7/site-packages/airflow/example_dags/tutorial.py
[2024-03-27T19:18:51.177+0000] {processor.py:766} INFO - DAG(s) dict_keys(['tutorial']) retrieved from /home/airflow/.local/lib/python3.7/site-packages/airflow/example_dags/tutorial.py
[2024-03-27T19:18:51.205+0000] {logging_mixin.py:120} INFO - [2024-03-27T19:18:51.204+0000] {dag.py:2585} INFO - Sync 1 DAGs
[2024-03-27T19:18:51.220+0000] {logging_mixin.py:120} INFO - [2024-03-27T19:18:51.220+0000] {dag.py:3340} INFO - Setting next_dagrun for tutorial to 2024-03-26T19:18:51.220058+00:00, run_after=2024-03-27T19:18:51.220058+00:00
[2024-03-27T19:18:51.230+0000] {processor.py:176} INFO - Processing /home/airflow/.local/lib/python3.7/site-packages/airflow/example_dags/tutorial.py took 0.065 seconds
[2024-03-27T19:19:41.292+0000] {processor.py:154} INFO - Started process (PID=65) to work on /home/airflow/.local/lib/python3.7/site-packages/airflow/example_dags/tutorial.py
[2024-03-27T19:19:41.295+0000] {processor.py:756} INFO - Processing file /home/airflow/.local/lib/python3.7/site-packages/airflow/example_dags/tutorial.py for tasks to queue
[2024-03-27T19:19:41.295+0000] {logging_mixin.py:120} INFO - [2024-03-27T19:19:41.295+0000] {dagbag.py:537} INFO - Filling up the DagBag from /home/airflow/.local/lib/python3.7/site-packages/airflow/example_dags/tutorial.py
[2024-03-27T19:19:41.306+0000] {processor.py:766} INFO - DAG(s) dict_keys(['tutorial']) retrieved from /home/airflow/.local/lib/python3.7/site-packages/airflow/example_dags/tutorial.py
[2024-03-27T19:19:41.328+0000] {logging_mixin.py:120} INFO - [2024-03-27T19:19:41.328+0000] {dag.py:2585} INFO - Sync 1 DAGs
[2024-03-27T19:19:41.343+0000] {logging_mixin.py:120} INFO - [2024-03-27T19:19:41.343+0000] {dag.py:3340} INFO - Setting next_dagrun for tutorial to 2024-03-26T19:19:41.342824+00:00, run_after=2024-03-27T19:19:41.342824+00:00
[2024-03-27T19:19:41.354+0000] {processor.py:176} INFO - Processing /home/airflow/.local/lib/python3.7/site-packages/airflow/example_dags/tutorial.py took 0.064 seconds
[2024-03-27T19:20:22.122+0000] {processor.py:154} INFO - Started process (PID=124) to work on /home/airflow/.local/lib/python3.7/site-packages/airflow/example_dags/tutorial.py
[2024-03-27T19:20:22.125+0000] {processor.py:756} INFO - Processing file /home/airflow/.local/lib/python3.7/site-packages/airflow/example_dags/tutorial.py for tasks to queue
[2024-03-27T19:20:22.125+0000] {logging_mixin.py:120} INFO - [2024-03-27T19:20:22.125+0000] {dagbag.py:537} INFO - Filling up the DagBag from /home/airflow/.local/lib/python3.7/site-packages/airflow/example_dags/tutorial.py
[2024-03-27T19:20:22.141+0000] {processor.py:766} INFO - DAG(s) dict_keys(['tutorial']) retrieved from /home/airflow/.local/lib/python3.7/site-packages/airflow/example_dags/tutorial.py
[2024-03-27T19:20:22.200+0000] {logging_mixin.py:120} INFO - [2024-03-27T19:20:22.200+0000] {dag.py:2585} INFO - Sync 1 DAGs
[2024-03-27T19:20:22.231+0000] {logging_mixin.py:120} INFO - [2024-03-27T19:20:22.231+0000] {dag.py:3340} INFO - Setting next_dagrun for tutorial to 2024-03-26T19:20:22.231240+00:00, run_after=2024-03-27T19:20:22.231240+00:00
[2024-03-27T19:20:22.274+0000] {processor.py:176} INFO - Processing /home/airflow/.local/lib/python3.7/site-packages/airflow/example_dags/tutorial.py took 0.156 seconds
[2024-03-27T19:21:23.748+0000] {processor.py:154} INFO - Started process (PID=64) to work on /home/airflow/.local/lib/python3.7/site-packages/airflow/example_dags/tutorial.py
[2024-03-27T19:21:23.749+0000] {processor.py:756} INFO - Processing file /home/airflow/.local/lib/python3.7/site-packages/airflow/example_dags/tutorial.py for tasks to queue
[2024-03-27T19:21:23.750+0000] {logging_mixin.py:120} INFO - [2024-03-27T19:21:23.750+0000] {dagbag.py:537} INFO - Filling up the DagBag from /home/airflow/.local/lib/python3.7/site-packages/airflow/example_dags/tutorial.py
[2024-03-27T19:21:23.763+0000] {processor.py:766} INFO - DAG(s) dict_keys(['tutorial']) retrieved from /home/airflow/.local/lib/python3.7/site-packages/airflow/example_dags/tutorial.py
[2024-03-27T19:21:23.789+0000] {logging_mixin.py:120} INFO - [2024-03-27T19:21:23.789+0000] {dag.py:2585} INFO - Sync 1 DAGs
[2024-03-27T19:21:23.803+0000] {logging_mixin.py:120} INFO - [2024-03-27T19:21:23.803+0000] {dag.py:3340} INFO - Setting next_dagrun for tutorial to 2024-03-26T19:21:23.803458+00:00, run_after=2024-03-27T19:21:23.803458+00:00
[2024-03-27T19:21:23.815+0000] {processor.py:176} INFO - Processing /home/airflow/.local/lib/python3.7/site-packages/airflow/example_dags/tutorial.py took 0.069 seconds
[2024-03-27T19:21:54.330+0000] {processor.py:154} INFO - Started process (PID=114) to work on /home/airflow/.local/lib/python3.7/site-packages/airflow/example_dags/tutorial.py
[2024-03-27T19:21:54.332+0000] {processor.py:756} INFO - Processing file /home/airflow/.local/lib/python3.7/site-packages/airflow/example_dags/tutorial.py for tasks to queue
[2024-03-27T19:21:54.333+0000] {logging_mixin.py:120} INFO - [2024-03-27T19:21:54.333+0000] {dagbag.py:537} INFO - Filling up the DagBag from /home/airflow/.local/lib/python3.7/site-packages/airflow/example_dags/tutorial.py
[2024-03-27T19:21:54.344+0000] {processor.py:766} INFO - DAG(s) dict_keys(['tutorial']) retrieved from /home/airflow/.local/lib/python3.7/site-packages/airflow/example_dags/tutorial.py
[2024-03-27T19:21:54.367+0000] {logging_mixin.py:120} INFO - [2024-03-27T19:21:54.367+0000] {dag.py:2585} INFO - Sync 1 DAGs
[2024-03-27T19:21:54.382+0000] {logging_mixin.py:120} INFO - [2024-03-27T19:21:54.382+0000] {dag.py:3340} INFO - Setting next_dagrun for tutorial to 2024-03-26T19:21:54.382693+00:00, run_after=2024-03-27T19:21:54.382693+00:00
[2024-03-27T19:21:54.395+0000] {processor.py:176} INFO - Processing /home/airflow/.local/lib/python3.7/site-packages/airflow/example_dags/tutorial.py took 0.067 seconds
[2024-03-27T19:22:31.028+0000] {processor.py:154} INFO - Started process (PID=55) to work on /home/airflow/.local/lib/python3.7/site-packages/airflow/example_dags/tutorial.py
[2024-03-27T19:22:31.029+0000] {processor.py:756} INFO - Processing file /home/airflow/.local/lib/python3.7/site-packages/airflow/example_dags/tutorial.py for tasks to queue
[2024-03-27T19:22:31.032+0000] {logging_mixin.py:120} INFO - [2024-03-27T19:22:31.032+0000] {dagbag.py:537} INFO - Filling up the DagBag from /home/airflow/.local/lib/python3.7/site-packages/airflow/example_dags/tutorial.py
[2024-03-27T19:22:31.043+0000] {processor.py:766} INFO - DAG(s) dict_keys(['tutorial']) retrieved from /home/airflow/.local/lib/python3.7/site-packages/airflow/example_dags/tutorial.py
[2024-03-27T19:22:31.065+0000] {logging_mixin.py:120} INFO - [2024-03-27T19:22:31.065+0000] {dag.py:2585} INFO - Sync 1 DAGs
[2024-03-27T19:22:31.081+0000] {logging_mixin.py:120} INFO - [2024-03-27T19:22:31.081+0000] {dag.py:3340} INFO - Setting next_dagrun for tutorial to 2024-03-26T19:22:31.080934+00:00, run_after=2024-03-27T19:22:31.080934+00:00
[2024-03-27T19:22:31.093+0000] {processor.py:176} INFO - Processing /home/airflow/.local/lib/python3.7/site-packages/airflow/example_dags/tutorial.py took 0.066 seconds
[2024-03-27T19:23:01.529+0000] {processor.py:154} INFO - Started process (PID=123) to work on /home/airflow/.local/lib/python3.7/site-packages/airflow/example_dags/tutorial.py
[2024-03-27T19:23:01.529+0000] {processor.py:756} INFO - Processing file /home/airflow/.local/lib/python3.7/site-packages/airflow/example_dags/tutorial.py for tasks to queue
[2024-03-27T19:23:01.530+0000] {logging_mixin.py:120} INFO - [2024-03-27T19:23:01.530+0000] {dagbag.py:537} INFO - Filling up the DagBag from /home/airflow/.local/lib/python3.7/site-packages/airflow/example_dags/tutorial.py
[2024-03-27T19:23:01.538+0000] {processor.py:766} INFO - DAG(s) dict_keys(['tutorial']) retrieved from /home/airflow/.local/lib/python3.7/site-packages/airflow/example_dags/tutorial.py
[2024-03-27T19:23:01.559+0000] {logging_mixin.py:120} INFO - [2024-03-27T19:23:01.559+0000] {dag.py:2585} INFO - Sync 1 DAGs
[2024-03-27T19:23:01.573+0000] {logging_mixin.py:120} INFO - [2024-03-27T19:23:01.573+0000] {dag.py:3340} INFO - Setting next_dagrun for tutorial to 2024-03-26T19:23:01.573005+00:00, run_after=2024-03-27T19:23:01.573005+00:00
[2024-03-27T19:23:01.582+0000] {processor.py:176} INFO - Processing /home/airflow/.local/lib/python3.7/site-packages/airflow/example_dags/tutorial.py took 0.055 seconds
[2024-03-27T19:24:28.271+0000] {processor.py:154} INFO - Started process (PID=182) to work on /home/airflow/.local/lib/python3.7/site-packages/airflow/example_dags/tutorial.py
[2024-03-27T19:24:28.271+0000] {processor.py:756} INFO - Processing file /home/airflow/.local/lib/python3.7/site-packages/airflow/example_dags/tutorial.py for tasks to queue
[2024-03-27T19:24:28.272+0000] {logging_mixin.py:120} INFO - [2024-03-27T19:24:28.272+0000] {dagbag.py:537} INFO - Filling up the DagBag from /home/airflow/.local/lib/python3.7/site-packages/airflow/example_dags/tutorial.py
[2024-03-27T19:24:28.280+0000] {processor.py:766} INFO - DAG(s) dict_keys(['tutorial']) retrieved from /home/airflow/.local/lib/python3.7/site-packages/airflow/example_dags/tutorial.py
[2024-03-27T19:24:28.305+0000] {logging_mixin.py:120} INFO - [2024-03-27T19:24:28.305+0000] {dag.py:2585} INFO - Sync 1 DAGs
[2024-03-27T19:24:28.319+0000] {logging_mixin.py:120} INFO - [2024-03-27T19:24:28.318+0000] {dag.py:3340} INFO - Setting next_dagrun for tutorial to 2024-03-26T19:24:28.318837+00:00, run_after=2024-03-27T19:24:28.318837+00:00
[2024-03-27T19:24:28.328+0000] {processor.py:176} INFO - Processing /home/airflow/.local/lib/python3.7/site-packages/airflow/example_dags/tutorial.py took 0.059 seconds
[2024-03-27T19:24:54.223+0000] {processor.py:154} INFO - Started process (PID=55) to work on /home/airflow/.local/lib/python3.7/site-packages/airflow/example_dags/tutorial.py
[2024-03-27T19:24:54.224+0000] {processor.py:756} INFO - Processing file /home/airflow/.local/lib/python3.7/site-packages/airflow/example_dags/tutorial.py for tasks to queue
[2024-03-27T19:24:54.225+0000] {logging_mixin.py:120} INFO - [2024-03-27T19:24:54.225+0000] {dagbag.py:537} INFO - Filling up the DagBag from /home/airflow/.local/lib/python3.7/site-packages/airflow/example_dags/tutorial.py
[2024-03-27T19:24:54.239+0000] {processor.py:766} INFO - DAG(s) dict_keys(['tutorial']) retrieved from /home/airflow/.local/lib/python3.7/site-packages/airflow/example_dags/tutorial.py
[2024-03-27T19:24:54.265+0000] {logging_mixin.py:120} INFO - [2024-03-27T19:24:54.264+0000] {dag.py:2585} INFO - Sync 1 DAGs
[2024-03-27T19:24:54.280+0000] {logging_mixin.py:120} INFO - [2024-03-27T19:24:54.280+0000] {dag.py:3340} INFO - Setting next_dagrun for tutorial to 2024-03-26T19:24:54.280592+00:00, run_after=2024-03-27T19:24:54.280592+00:00
[2024-03-27T19:24:54.293+0000] {processor.py:176} INFO - Processing /home/airflow/.local/lib/python3.7/site-packages/airflow/example_dags/tutorial.py took 0.072 seconds
[2024-03-27T19:25:24.706+0000] {processor.py:154} INFO - Started process (PID=122) to work on /home/airflow/.local/lib/python3.7/site-packages/airflow/example_dags/tutorial.py
[2024-03-27T19:25:24.707+0000] {processor.py:756} INFO - Processing file /home/airflow/.local/lib/python3.7/site-packages/airflow/example_dags/tutorial.py for tasks to queue
[2024-03-27T19:25:24.707+0000] {logging_mixin.py:120} INFO - [2024-03-27T19:25:24.707+0000] {dagbag.py:537} INFO - Filling up the DagBag from /home/airflow/.local/lib/python3.7/site-packages/airflow/example_dags/tutorial.py
[2024-03-27T19:25:24.715+0000] {processor.py:766} INFO - DAG(s) dict_keys(['tutorial']) retrieved from /home/airflow/.local/lib/python3.7/site-packages/airflow/example_dags/tutorial.py
[2024-03-27T19:25:24.735+0000] {logging_mixin.py:120} INFO - [2024-03-27T19:25:24.735+0000] {dag.py:2585} INFO - Sync 1 DAGs
[2024-03-27T19:25:24.748+0000] {logging_mixin.py:120} INFO - [2024-03-27T19:25:24.748+0000] {dag.py:3340} INFO - Setting next_dagrun for tutorial to 2024-03-26T19:25:24.748312+00:00, run_after=2024-03-27T19:25:24.748312+00:00
[2024-03-27T19:25:24.757+0000] {processor.py:176} INFO - Processing /home/airflow/.local/lib/python3.7/site-packages/airflow/example_dags/tutorial.py took 0.053 seconds
[2024-03-27T19:25:55.260+0000] {processor.py:154} INFO - Started process (PID=191) to work on /home/airflow/.local/lib/python3.7/site-packages/airflow/example_dags/tutorial.py
[2024-03-27T19:25:55.261+0000] {processor.py:756} INFO - Processing file /home/airflow/.local/lib/python3.7/site-packages/airflow/example_dags/tutorial.py for tasks to queue
[2024-03-27T19:25:55.261+0000] {logging_mixin.py:120} INFO - [2024-03-27T19:25:55.261+0000] {dagbag.py:537} INFO - Filling up the DagBag from /home/airflow/.local/lib/python3.7/site-packages/airflow/example_dags/tutorial.py
[2024-03-27T19:25:55.268+0000] {processor.py:766} INFO - DAG(s) dict_keys(['tutorial']) retrieved from /home/airflow/.local/lib/python3.7/site-packages/airflow/example_dags/tutorial.py
[2024-03-27T19:25:55.289+0000] {logging_mixin.py:120} INFO - [2024-03-27T19:25:55.288+0000] {dag.py:2585} INFO - Sync 1 DAGs
[2024-03-27T19:25:55.301+0000] {logging_mixin.py:120} INFO - [2024-03-27T19:25:55.301+0000] {dag.py:3340} INFO - Setting next_dagrun for tutorial to 2024-03-26T19:25:55.300948+00:00, run_after=2024-03-27T19:25:55.300948+00:00
[2024-03-27T19:25:55.310+0000] {processor.py:176} INFO - Processing /home/airflow/.local/lib/python3.7/site-packages/airflow/example_dags/tutorial.py took 0.052 seconds
[2024-03-27T19:26:25.569+0000] {processor.py:154} INFO - Started process (PID=250) to work on /home/airflow/.local/lib/python3.7/site-packages/airflow/example_dags/tutorial.py
[2024-03-27T19:26:25.570+0000] {processor.py:756} INFO - Processing file /home/airflow/.local/lib/python3.7/site-packages/airflow/example_dags/tutorial.py for tasks to queue
[2024-03-27T19:26:25.572+0000] {logging_mixin.py:120} INFO - [2024-03-27T19:26:25.571+0000] {dagbag.py:537} INFO - Filling up the DagBag from /home/airflow/.local/lib/python3.7/site-packages/airflow/example_dags/tutorial.py
[2024-03-27T19:26:25.580+0000] {processor.py:766} INFO - DAG(s) dict_keys(['tutorial']) retrieved from /home/airflow/.local/lib/python3.7/site-packages/airflow/example_dags/tutorial.py
[2024-03-27T19:26:25.602+0000] {logging_mixin.py:120} INFO - [2024-03-27T19:26:25.602+0000] {dag.py:2585} INFO - Sync 1 DAGs
[2024-03-27T19:26:25.616+0000] {logging_mixin.py:120} INFO - [2024-03-27T19:26:25.616+0000] {dag.py:3340} INFO - Setting next_dagrun for tutorial to 2024-03-26T19:26:25.616055+00:00, run_after=2024-03-27T19:26:25.616055+00:00
[2024-03-27T19:26:25.625+0000] {processor.py:176} INFO - Processing /home/airflow/.local/lib/python3.7/site-packages/airflow/example_dags/tutorial.py took 0.058 seconds
[2024-03-27T19:26:57.189+0000] {processor.py:154} INFO - Started process (PID=56) to work on /home/airflow/.local/lib/python3.7/site-packages/airflow/example_dags/tutorial.py
[2024-03-27T19:26:57.190+0000] {processor.py:756} INFO - Processing file /home/airflow/.local/lib/python3.7/site-packages/airflow/example_dags/tutorial.py for tasks to queue
[2024-03-27T19:26:57.191+0000] {logging_mixin.py:120} INFO - [2024-03-27T19:26:57.191+0000] {dagbag.py:537} INFO - Filling up the DagBag from /home/airflow/.local/lib/python3.7/site-packages/airflow/example_dags/tutorial.py
[2024-03-27T19:26:57.200+0000] {processor.py:766} INFO - DAG(s) dict_keys(['tutorial']) retrieved from /home/airflow/.local/lib/python3.7/site-packages/airflow/example_dags/tutorial.py
[2024-03-27T19:26:57.220+0000] {logging_mixin.py:120} INFO - [2024-03-27T19:26:57.220+0000] {dag.py:2585} INFO - Sync 1 DAGs
[2024-03-27T19:26:57.232+0000] {logging_mixin.py:120} INFO - [2024-03-27T19:26:57.232+0000] {dag.py:3340} INFO - Setting next_dagrun for tutorial to 2024-03-26T19:26:57.232540+00:00, run_after=2024-03-27T19:26:57.232540+00:00
[2024-03-27T19:26:57.243+0000] {processor.py:176} INFO - Processing /home/airflow/.local/lib/python3.7/site-packages/airflow/example_dags/tutorial.py took 0.055 seconds
[2024-03-27T19:27:27.466+0000] {processor.py:154} INFO - Started process (PID=123) to work on /home/airflow/.local/lib/python3.7/site-packages/airflow/example_dags/tutorial.py
[2024-03-27T19:27:27.467+0000] {processor.py:756} INFO - Processing file /home/airflow/.local/lib/python3.7/site-packages/airflow/example_dags/tutorial.py for tasks to queue
[2024-03-27T19:27:27.467+0000] {logging_mixin.py:120} INFO - [2024-03-27T19:27:27.467+0000] {dagbag.py:537} INFO - Filling up the DagBag from /home/airflow/.local/lib/python3.7/site-packages/airflow/example_dags/tutorial.py
[2024-03-27T19:27:27.476+0000] {processor.py:766} INFO - DAG(s) dict_keys(['tutorial']) retrieved from /home/airflow/.local/lib/python3.7/site-packages/airflow/example_dags/tutorial.py
[2024-03-27T19:27:27.498+0000] {logging_mixin.py:120} INFO - [2024-03-27T19:27:27.498+0000] {dag.py:2585} INFO - Sync 1 DAGs
[2024-03-27T19:27:27.514+0000] {logging_mixin.py:120} INFO - [2024-03-27T19:27:27.513+0000] {dag.py:3340} INFO - Setting next_dagrun for tutorial to 2024-03-26T19:27:27.513766+00:00, run_after=2024-03-27T19:27:27.513766+00:00
[2024-03-27T19:27:27.523+0000] {processor.py:176} INFO - Processing /home/airflow/.local/lib/python3.7/site-packages/airflow/example_dags/tutorial.py took 0.059 seconds
[2024-03-27T19:28:22.501+0000] {processor.py:154} INFO - Started process (PID=231) to work on /home/airflow/.local/lib/python3.7/site-packages/airflow/example_dags/tutorial.py
[2024-03-27T19:28:22.502+0000] {processor.py:756} INFO - Processing file /home/airflow/.local/lib/python3.7/site-packages/airflow/example_dags/tutorial.py for tasks to queue
[2024-03-27T19:28:22.503+0000] {logging_mixin.py:120} INFO - [2024-03-27T19:28:22.503+0000] {dagbag.py:537} INFO - Filling up the DagBag from /home/airflow/.local/lib/python3.7/site-packages/airflow/example_dags/tutorial.py
[2024-03-27T19:28:22.521+0000] {processor.py:766} INFO - DAG(s) dict_keys(['tutorial']) retrieved from /home/airflow/.local/lib/python3.7/site-packages/airflow/example_dags/tutorial.py
[2024-03-27T19:28:22.576+0000] {logging_mixin.py:120} INFO - [2024-03-27T19:28:22.576+0000] {dag.py:2585} INFO - Sync 1 DAGs
[2024-03-27T19:28:22.613+0000] {logging_mixin.py:120} INFO - [2024-03-27T19:28:22.613+0000] {dag.py:3340} INFO - Setting next_dagrun for tutorial to 2024-03-27T19:27:27.513766+00:00, run_after=2024-03-28T19:27:27.513766+00:00
[2024-03-27T19:28:22.639+0000] {processor.py:176} INFO - Processing /home/airflow/.local/lib/python3.7/site-packages/airflow/example_dags/tutorial.py took 0.142 seconds
[2024-03-27T19:28:53.193+0000] {processor.py:154} INFO - Started process (PID=291) to work on /home/airflow/.local/lib/python3.7/site-packages/airflow/example_dags/tutorial.py
[2024-03-27T19:28:53.195+0000] {processor.py:756} INFO - Processing file /home/airflow/.local/lib/python3.7/site-packages/airflow/example_dags/tutorial.py for tasks to queue
[2024-03-27T19:28:53.196+0000] {logging_mixin.py:120} INFO - [2024-03-27T19:28:53.196+0000] {dagbag.py:537} INFO - Filling up the DagBag from /home/airflow/.local/lib/python3.7/site-packages/airflow/example_dags/tutorial.py
[2024-03-27T19:28:53.219+0000] {processor.py:766} INFO - DAG(s) dict_keys(['tutorial']) retrieved from /home/airflow/.local/lib/python3.7/site-packages/airflow/example_dags/tutorial.py
[2024-03-27T19:28:53.317+0000] {logging_mixin.py:120} INFO - [2024-03-27T19:28:53.317+0000] {dag.py:2585} INFO - Sync 1 DAGs
[2024-03-27T19:28:53.364+0000] {logging_mixin.py:120} INFO - [2024-03-27T19:28:53.364+0000] {dag.py:3340} INFO - Setting next_dagrun for tutorial to 2024-03-27T19:27:27.513766+00:00, run_after=2024-03-28T19:27:27.513766+00:00
[2024-03-27T19:28:53.399+0000] {processor.py:176} INFO - Processing /home/airflow/.local/lib/python3.7/site-packages/airflow/example_dags/tutorial.py took 0.208 seconds
[2024-03-27T19:29:34.247+0000] {processor.py:154} INFO - Started process (PID=358) to work on /home/airflow/.local/lib/python3.7/site-packages/airflow/example_dags/tutorial.py
[2024-03-27T19:29:34.248+0000] {processor.py:756} INFO - Processing file /home/airflow/.local/lib/python3.7/site-packages/airflow/example_dags/tutorial.py for tasks to queue
[2024-03-27T19:29:34.249+0000] {logging_mixin.py:120} INFO - [2024-03-27T19:29:34.249+0000] {dagbag.py:537} INFO - Filling up the DagBag from /home/airflow/.local/lib/python3.7/site-packages/airflow/example_dags/tutorial.py
[2024-03-27T19:29:34.264+0000] {processor.py:766} INFO - DAG(s) dict_keys(['tutorial']) retrieved from /home/airflow/.local/lib/python3.7/site-packages/airflow/example_dags/tutorial.py
[2024-03-27T19:29:34.302+0000] {logging_mixin.py:120} INFO - [2024-03-27T19:29:34.302+0000] {dag.py:2585} INFO - Sync 1 DAGs
[2024-03-27T19:29:34.340+0000] {logging_mixin.py:120} INFO - [2024-03-27T19:29:34.340+0000] {dag.py:3340} INFO - Setting next_dagrun for tutorial to 2024-03-27T19:27:27.513766+00:00, run_after=2024-03-28T19:27:27.513766+00:00
[2024-03-27T19:29:34.366+0000] {processor.py:176} INFO - Processing /home/airflow/.local/lib/python3.7/site-packages/airflow/example_dags/tutorial.py took 0.121 seconds
[2024-03-27T19:30:11.094+0000] {processor.py:154} INFO - Started process (PID=415) to work on /home/airflow/.local/lib/python3.7/site-packages/airflow/example_dags/tutorial.py
[2024-03-27T19:30:11.096+0000] {processor.py:756} INFO - Processing file /home/airflow/.local/lib/python3.7/site-packages/airflow/example_dags/tutorial.py for tasks to queue
[2024-03-27T19:30:11.098+0000] {logging_mixin.py:120} INFO - [2024-03-27T19:30:11.098+0000] {dagbag.py:537} INFO - Filling up the DagBag from /home/airflow/.local/lib/python3.7/site-packages/airflow/example_dags/tutorial.py
[2024-03-27T19:30:11.117+0000] {processor.py:766} INFO - DAG(s) dict_keys(['tutorial']) retrieved from /home/airflow/.local/lib/python3.7/site-packages/airflow/example_dags/tutorial.py
[2024-03-27T19:30:11.183+0000] {logging_mixin.py:120} INFO - [2024-03-27T19:30:11.182+0000] {dag.py:2585} INFO - Sync 1 DAGs
[2024-03-27T19:30:11.232+0000] {logging_mixin.py:120} INFO - [2024-03-27T19:30:11.232+0000] {dag.py:3340} INFO - Setting next_dagrun for tutorial to 2024-03-27T19:27:27.513766+00:00, run_after=2024-03-28T19:27:27.513766+00:00
[2024-03-27T19:30:11.254+0000] {processor.py:176} INFO - Processing /home/airflow/.local/lib/python3.7/site-packages/airflow/example_dags/tutorial.py took 0.164 seconds
[2024-03-27T19:30:54.952+0000] {processor.py:154} INFO - Started process (PID=465) to work on /home/airflow/.local/lib/python3.7/site-packages/airflow/example_dags/tutorial.py
[2024-03-27T19:30:54.953+0000] {processor.py:756} INFO - Processing file /home/airflow/.local/lib/python3.7/site-packages/airflow/example_dags/tutorial.py for tasks to queue
[2024-03-27T19:30:54.954+0000] {logging_mixin.py:120} INFO - [2024-03-27T19:30:54.954+0000] {dagbag.py:537} INFO - Filling up the DagBag from /home/airflow/.local/lib/python3.7/site-packages/airflow/example_dags/tutorial.py
[2024-03-27T19:30:54.979+0000] {processor.py:766} INFO - DAG(s) dict_keys(['tutorial']) retrieved from /home/airflow/.local/lib/python3.7/site-packages/airflow/example_dags/tutorial.py
[2024-03-27T19:30:55.064+0000] {logging_mixin.py:120} INFO - [2024-03-27T19:30:55.064+0000] {dag.py:2585} INFO - Sync 1 DAGs
[2024-03-27T19:30:55.101+0000] {logging_mixin.py:120} INFO - [2024-03-27T19:30:55.101+0000] {dag.py:3340} INFO - Setting next_dagrun for tutorial to 2024-03-27T19:27:27.513766+00:00, run_after=2024-03-28T19:27:27.513766+00:00
[2024-03-27T19:30:55.121+0000] {processor.py:176} INFO - Processing /home/airflow/.local/lib/python3.7/site-packages/airflow/example_dags/tutorial.py took 0.173 seconds
[2024-03-27T19:31:25.363+0000] {processor.py:154} INFO - Started process (PID=517) to work on /home/airflow/.local/lib/python3.7/site-packages/airflow/example_dags/tutorial.py
[2024-03-27T19:31:25.364+0000] {processor.py:756} INFO - Processing file /home/airflow/.local/lib/python3.7/site-packages/airflow/example_dags/tutorial.py for tasks to queue
[2024-03-27T19:31:25.366+0000] {logging_mixin.py:120} INFO - [2024-03-27T19:31:25.365+0000] {dagbag.py:537} INFO - Filling up the DagBag from /home/airflow/.local/lib/python3.7/site-packages/airflow/example_dags/tutorial.py
[2024-03-27T19:31:25.375+0000] {processor.py:766} INFO - DAG(s) dict_keys(['tutorial']) retrieved from /home/airflow/.local/lib/python3.7/site-packages/airflow/example_dags/tutorial.py
[2024-03-27T19:31:25.400+0000] {logging_mixin.py:120} INFO - [2024-03-27T19:31:25.400+0000] {dag.py:2585} INFO - Sync 1 DAGs
[2024-03-27T19:31:25.415+0000] {logging_mixin.py:120} INFO - [2024-03-27T19:31:25.415+0000] {dag.py:3340} INFO - Setting next_dagrun for tutorial to 2024-03-27T19:27:27.513766+00:00, run_after=2024-03-28T19:27:27.513766+00:00
[2024-03-27T19:31:25.426+0000] {processor.py:176} INFO - Processing /home/airflow/.local/lib/python3.7/site-packages/airflow/example_dags/tutorial.py took 0.065 seconds
[2024-03-27T19:32:04.238+0000] {processor.py:154} INFO - Started process (PID=572) to work on /home/airflow/.local/lib/python3.7/site-packages/airflow/example_dags/tutorial.py
[2024-03-27T19:32:04.239+0000] {processor.py:756} INFO - Processing file /home/airflow/.local/lib/python3.7/site-packages/airflow/example_dags/tutorial.py for tasks to queue
[2024-03-27T19:32:04.239+0000] {logging_mixin.py:120} INFO - [2024-03-27T19:32:04.239+0000] {dagbag.py:537} INFO - Filling up the DagBag from /home/airflow/.local/lib/python3.7/site-packages/airflow/example_dags/tutorial.py
[2024-03-27T19:32:04.264+0000] {processor.py:766} INFO - DAG(s) dict_keys(['tutorial']) retrieved from /home/airflow/.local/lib/python3.7/site-packages/airflow/example_dags/tutorial.py
[2024-03-27T19:32:04.308+0000] {logging_mixin.py:120} INFO - [2024-03-27T19:32:04.308+0000] {dag.py:2585} INFO - Sync 1 DAGs
[2024-03-27T19:32:04.333+0000] {logging_mixin.py:120} INFO - [2024-03-27T19:32:04.333+0000] {dag.py:3340} INFO - Setting next_dagrun for tutorial to 2024-03-27T19:27:27.513766+00:00, run_after=2024-03-28T19:27:27.513766+00:00
[2024-03-27T19:32:04.353+0000] {processor.py:176} INFO - Processing /home/airflow/.local/lib/python3.7/site-packages/airflow/example_dags/tutorial.py took 0.120 seconds
[2024-03-27T19:32:52.891+0000] {processor.py:154} INFO - Started process (PID=627) to work on /home/airflow/.local/lib/python3.7/site-packages/airflow/example_dags/tutorial.py
[2024-03-27T19:32:52.892+0000] {processor.py:756} INFO - Processing file /home/airflow/.local/lib/python3.7/site-packages/airflow/example_dags/tutorial.py for tasks to queue
[2024-03-27T19:32:52.893+0000] {logging_mixin.py:120} INFO - [2024-03-27T19:32:52.893+0000] {dagbag.py:537} INFO - Filling up the DagBag from /home/airflow/.local/lib/python3.7/site-packages/airflow/example_dags/tutorial.py
[2024-03-27T19:32:52.911+0000] {processor.py:766} INFO - DAG(s) dict_keys(['tutorial']) retrieved from /home/airflow/.local/lib/python3.7/site-packages/airflow/example_dags/tutorial.py
[2024-03-27T19:32:52.982+0000] {logging_mixin.py:120} INFO - [2024-03-27T19:32:52.982+0000] {dag.py:2585} INFO - Sync 1 DAGs
[2024-03-27T19:32:53.014+0000] {logging_mixin.py:120} INFO - [2024-03-27T19:32:53.014+0000] {dag.py:3340} INFO - Setting next_dagrun for tutorial to 2024-03-27T19:27:27.513766+00:00, run_after=2024-03-28T19:27:27.513766+00:00
[2024-03-27T19:32:53.050+0000] {processor.py:176} INFO - Processing /home/airflow/.local/lib/python3.7/site-packages/airflow/example_dags/tutorial.py took 0.161 seconds
[2024-03-27T19:33:23.338+0000] {processor.py:154} INFO - Started process (PID=680) to work on /home/airflow/.local/lib/python3.7/site-packages/airflow/example_dags/tutorial.py
[2024-03-27T19:33:23.339+0000] {processor.py:756} INFO - Processing file /home/airflow/.local/lib/python3.7/site-packages/airflow/example_dags/tutorial.py for tasks to queue
[2024-03-27T19:33:23.340+0000] {logging_mixin.py:120} INFO - [2024-03-27T19:33:23.340+0000] {dagbag.py:537} INFO - Filling up the DagBag from /home/airflow/.local/lib/python3.7/site-packages/airflow/example_dags/tutorial.py
[2024-03-27T19:33:23.349+0000] {processor.py:766} INFO - DAG(s) dict_keys(['tutorial']) retrieved from /home/airflow/.local/lib/python3.7/site-packages/airflow/example_dags/tutorial.py
[2024-03-27T19:33:23.373+0000] {logging_mixin.py:120} INFO - [2024-03-27T19:33:23.373+0000] {dag.py:2585} INFO - Sync 1 DAGs
[2024-03-27T19:33:23.389+0000] {logging_mixin.py:120} INFO - [2024-03-27T19:33:23.389+0000] {dag.py:3340} INFO - Setting next_dagrun for tutorial to 2024-03-27T19:27:27.513766+00:00, run_after=2024-03-28T19:27:27.513766+00:00
[2024-03-27T19:33:23.401+0000] {processor.py:176} INFO - Processing /home/airflow/.local/lib/python3.7/site-packages/airflow/example_dags/tutorial.py took 0.065 seconds
[2024-03-27T19:34:12.079+0000] {processor.py:154} INFO - Started process (PID=751) to work on /home/airflow/.local/lib/python3.7/site-packages/airflow/example_dags/tutorial.py
[2024-03-27T19:34:12.080+0000] {processor.py:756} INFO - Processing file /home/airflow/.local/lib/python3.7/site-packages/airflow/example_dags/tutorial.py for tasks to queue
[2024-03-27T19:34:12.081+0000] {logging_mixin.py:120} INFO - [2024-03-27T19:34:12.081+0000] {dagbag.py:537} INFO - Filling up the DagBag from /home/airflow/.local/lib/python3.7/site-packages/airflow/example_dags/tutorial.py
[2024-03-27T19:34:12.106+0000] {processor.py:766} INFO - DAG(s) dict_keys(['tutorial']) retrieved from /home/airflow/.local/lib/python3.7/site-packages/airflow/example_dags/tutorial.py
[2024-03-27T19:34:12.163+0000] {logging_mixin.py:120} INFO - [2024-03-27T19:34:12.163+0000] {dag.py:2585} INFO - Sync 1 DAGs
[2024-03-27T19:34:12.183+0000] {logging_mixin.py:120} INFO - [2024-03-27T19:34:12.183+0000] {dag.py:3340} INFO - Setting next_dagrun for tutorial to 2024-03-27T19:27:27.513766+00:00, run_after=2024-03-28T19:27:27.513766+00:00
[2024-03-27T19:34:12.200+0000] {processor.py:176} INFO - Processing /home/airflow/.local/lib/python3.7/site-packages/airflow/example_dags/tutorial.py took 0.123 seconds
[2024-03-27T19:34:43.406+0000] {processor.py:154} INFO - Started process (PID=813) to work on /home/airflow/.local/lib/python3.7/site-packages/airflow/example_dags/tutorial.py
[2024-03-27T19:34:43.409+0000] {processor.py:756} INFO - Processing file /home/airflow/.local/lib/python3.7/site-packages/airflow/example_dags/tutorial.py for tasks to queue
[2024-03-27T19:34:43.417+0000] {logging_mixin.py:120} INFO - [2024-03-27T19:34:43.416+0000] {dagbag.py:537} INFO - Filling up the DagBag from /home/airflow/.local/lib/python3.7/site-packages/airflow/example_dags/tutorial.py
[2024-03-27T19:34:43.486+0000] {processor.py:766} INFO - DAG(s) dict_keys(['tutorial']) retrieved from /home/airflow/.local/lib/python3.7/site-packages/airflow/example_dags/tutorial.py
[2024-03-27T19:34:43.586+0000] {logging_mixin.py:120} INFO - [2024-03-27T19:34:43.586+0000] {dag.py:2585} INFO - Sync 1 DAGs
[2024-03-27T19:34:43.685+0000] {logging_mixin.py:120} INFO - [2024-03-27T19:34:43.685+0000] {dag.py:3340} INFO - Setting next_dagrun for tutorial to 2024-03-27T19:27:27.513766+00:00, run_after=2024-03-28T19:27:27.513766+00:00
[2024-03-27T19:34:43.731+0000] {processor.py:176} INFO - Processing /home/airflow/.local/lib/python3.7/site-packages/airflow/example_dags/tutorial.py took 0.332 seconds
[2024-03-27T19:35:19.519+0000] {processor.py:154} INFO - Started process (PID=863) to work on /home/airflow/.local/lib/python3.7/site-packages/airflow/example_dags/tutorial.py
[2024-03-27T19:35:19.520+0000] {processor.py:756} INFO - Processing file /home/airflow/.local/lib/python3.7/site-packages/airflow/example_dags/tutorial.py for tasks to queue
[2024-03-27T19:35:19.521+0000] {logging_mixin.py:120} INFO - [2024-03-27T19:35:19.521+0000] {dagbag.py:537} INFO - Filling up the DagBag from /home/airflow/.local/lib/python3.7/site-packages/airflow/example_dags/tutorial.py
[2024-03-27T19:35:19.541+0000] {processor.py:766} INFO - DAG(s) dict_keys(['tutorial']) retrieved from /home/airflow/.local/lib/python3.7/site-packages/airflow/example_dags/tutorial.py
[2024-03-27T19:35:19.575+0000] {logging_mixin.py:120} INFO - [2024-03-27T19:35:19.575+0000] {dag.py:2585} INFO - Sync 1 DAGs
[2024-03-27T19:35:19.594+0000] {logging_mixin.py:120} INFO - [2024-03-27T19:35:19.594+0000] {dag.py:3340} INFO - Setting next_dagrun for tutorial to 2024-03-27T19:27:27.513766+00:00, run_after=2024-03-28T19:27:27.513766+00:00
[2024-03-27T19:35:19.607+0000] {processor.py:176} INFO - Processing /home/airflow/.local/lib/python3.7/site-packages/airflow/example_dags/tutorial.py took 0.093 seconds
[2024-03-27T19:36:15.554+0000] {processor.py:154} INFO - Started process (PID=930) to work on /home/airflow/.local/lib/python3.7/site-packages/airflow/example_dags/tutorial.py
[2024-03-27T19:36:15.556+0000] {processor.py:756} INFO - Processing file /home/airflow/.local/lib/python3.7/site-packages/airflow/example_dags/tutorial.py for tasks to queue
[2024-03-27T19:36:15.557+0000] {logging_mixin.py:120} INFO - [2024-03-27T19:36:15.557+0000] {dagbag.py:537} INFO - Filling up the DagBag from /home/airflow/.local/lib/python3.7/site-packages/airflow/example_dags/tutorial.py
[2024-03-27T19:36:15.576+0000] {processor.py:766} INFO - DAG(s) dict_keys(['tutorial']) retrieved from /home/airflow/.local/lib/python3.7/site-packages/airflow/example_dags/tutorial.py
[2024-03-27T19:36:15.639+0000] {logging_mixin.py:120} INFO - [2024-03-27T19:36:15.639+0000] {dag.py:2585} INFO - Sync 1 DAGs
[2024-03-27T19:36:15.686+0000] {logging_mixin.py:120} INFO - [2024-03-27T19:36:15.686+0000] {dag.py:3340} INFO - Setting next_dagrun for tutorial to 2024-03-27T19:27:27.513766+00:00, run_after=2024-03-28T19:27:27.513766+00:00
[2024-03-27T19:36:15.711+0000] {processor.py:176} INFO - Processing /home/airflow/.local/lib/python3.7/site-packages/airflow/example_dags/tutorial.py took 0.161 seconds
[2024-03-27T19:37:11.724+0000] {processor.py:154} INFO - Started process (PID=64) to work on /home/airflow/.local/lib/python3.7/site-packages/airflow/example_dags/tutorial.py
[2024-03-27T19:37:11.725+0000] {processor.py:756} INFO - Processing file /home/airflow/.local/lib/python3.7/site-packages/airflow/example_dags/tutorial.py for tasks to queue
[2024-03-27T19:37:11.726+0000] {logging_mixin.py:120} INFO - [2024-03-27T19:37:11.726+0000] {dagbag.py:537} INFO - Filling up the DagBag from /home/airflow/.local/lib/python3.7/site-packages/airflow/example_dags/tutorial.py
[2024-03-27T19:37:11.802+0000] {processor.py:766} INFO - DAG(s) dict_keys(['tutorial']) retrieved from /home/airflow/.local/lib/python3.7/site-packages/airflow/example_dags/tutorial.py
[2024-03-27T19:37:12.077+0000] {logging_mixin.py:120} INFO - [2024-03-27T19:37:12.077+0000] {dag.py:2585} INFO - Sync 1 DAGs
[2024-03-27T19:37:12.123+0000] {logging_mixin.py:120} INFO - [2024-03-27T19:37:12.123+0000] {dag.py:3340} INFO - Setting next_dagrun for tutorial to 2024-03-27T19:27:27.513766+00:00, run_after=2024-03-28T19:27:27.513766+00:00
[2024-03-27T19:37:12.224+0000] {processor.py:176} INFO - Processing /home/airflow/.local/lib/python3.7/site-packages/airflow/example_dags/tutorial.py took 0.507 seconds
[2024-03-27T19:37:44.582+0000] {processor.py:154} INFO - Started process (PID=123) to work on /home/airflow/.local/lib/python3.7/site-packages/airflow/example_dags/tutorial.py
[2024-03-27T19:37:44.583+0000] {processor.py:756} INFO - Processing file /home/airflow/.local/lib/python3.7/site-packages/airflow/example_dags/tutorial.py for tasks to queue
[2024-03-27T19:37:44.584+0000] {logging_mixin.py:120} INFO - [2024-03-27T19:37:44.584+0000] {dagbag.py:537} INFO - Filling up the DagBag from /home/airflow/.local/lib/python3.7/site-packages/airflow/example_dags/tutorial.py
[2024-03-27T19:37:44.607+0000] {processor.py:766} INFO - DAG(s) dict_keys(['tutorial']) retrieved from /home/airflow/.local/lib/python3.7/site-packages/airflow/example_dags/tutorial.py
[2024-03-27T19:37:44.668+0000] {logging_mixin.py:120} INFO - [2024-03-27T19:37:44.668+0000] {dag.py:2585} INFO - Sync 1 DAGs
[2024-03-27T19:37:44.694+0000] {logging_mixin.py:120} INFO - [2024-03-27T19:37:44.694+0000] {dag.py:3340} INFO - Setting next_dagrun for tutorial to 2024-03-27T19:27:27.513766+00:00, run_after=2024-03-28T19:27:27.513766+00:00
[2024-03-27T19:37:44.712+0000] {processor.py:176} INFO - Processing /home/airflow/.local/lib/python3.7/site-packages/airflow/example_dags/tutorial.py took 0.136 seconds
[2024-03-27T19:38:26.729+0000] {processor.py:154} INFO - Started process (PID=64) to work on /home/airflow/.local/lib/python3.7/site-packages/airflow/example_dags/tutorial.py
[2024-03-27T19:38:26.732+0000] {processor.py:756} INFO - Processing file /home/airflow/.local/lib/python3.7/site-packages/airflow/example_dags/tutorial.py for tasks to queue
[2024-03-27T19:38:26.733+0000] {logging_mixin.py:120} INFO - [2024-03-27T19:38:26.733+0000] {dagbag.py:537} INFO - Filling up the DagBag from /home/airflow/.local/lib/python3.7/site-packages/airflow/example_dags/tutorial.py
[2024-03-27T19:38:26.752+0000] {processor.py:766} INFO - DAG(s) dict_keys(['tutorial']) retrieved from /home/airflow/.local/lib/python3.7/site-packages/airflow/example_dags/tutorial.py
[2024-03-27T19:38:26.803+0000] {logging_mixin.py:120} INFO - [2024-03-27T19:38:26.803+0000] {dag.py:2585} INFO - Sync 1 DAGs
[2024-03-27T19:38:26.848+0000] {logging_mixin.py:120} INFO - [2024-03-27T19:38:26.847+0000] {dag.py:3340} INFO - Setting next_dagrun for tutorial to 2024-03-27T19:27:27.513766+00:00, run_after=2024-03-28T19:27:27.513766+00:00
[2024-03-27T19:38:27.021+0000] {processor.py:176} INFO - Processing /home/airflow/.local/lib/python3.7/site-packages/airflow/example_dags/tutorial.py took 0.297 seconds
[2024-03-27T19:39:51.966+0000] {processor.py:154} INFO - Started process (PID=74) to work on /home/airflow/.local/lib/python3.7/site-packages/airflow/example_dags/tutorial.py
[2024-03-27T19:39:51.968+0000] {processor.py:756} INFO - Processing file /home/airflow/.local/lib/python3.7/site-packages/airflow/example_dags/tutorial.py for tasks to queue
[2024-03-27T19:39:51.969+0000] {logging_mixin.py:120} INFO - [2024-03-27T19:39:51.969+0000] {dagbag.py:537} INFO - Filling up the DagBag from /home/airflow/.local/lib/python3.7/site-packages/airflow/example_dags/tutorial.py
[2024-03-27T19:39:51.979+0000] {processor.py:766} INFO - DAG(s) dict_keys(['tutorial']) retrieved from /home/airflow/.local/lib/python3.7/site-packages/airflow/example_dags/tutorial.py
[2024-03-27T19:39:52.011+0000] {logging_mixin.py:120} INFO - [2024-03-27T19:39:52.011+0000] {dag.py:2585} INFO - Sync 1 DAGs
[2024-03-27T19:39:52.030+0000] {logging_mixin.py:120} INFO - [2024-03-27T19:39:52.029+0000] {dag.py:3340} INFO - Setting next_dagrun for tutorial to 2024-03-27T19:27:27.513766+00:00, run_after=2024-03-28T19:27:27.513766+00:00
[2024-03-27T19:39:52.055+0000] {processor.py:176} INFO - Processing /home/airflow/.local/lib/python3.7/site-packages/airflow/example_dags/tutorial.py took 0.092 seconds
[2024-03-27T19:40:31.738+0000] {processor.py:154} INFO - Started process (PID=132) to work on /home/airflow/.local/lib/python3.7/site-packages/airflow/example_dags/tutorial.py
[2024-03-27T19:40:31.742+0000] {processor.py:756} INFO - Processing file /home/airflow/.local/lib/python3.7/site-packages/airflow/example_dags/tutorial.py for tasks to queue
[2024-03-27T19:40:31.743+0000] {logging_mixin.py:120} INFO - [2024-03-27T19:40:31.743+0000] {dagbag.py:537} INFO - Filling up the DagBag from /home/airflow/.local/lib/python3.7/site-packages/airflow/example_dags/tutorial.py
[2024-03-27T19:40:31.773+0000] {processor.py:766} INFO - DAG(s) dict_keys(['tutorial']) retrieved from /home/airflow/.local/lib/python3.7/site-packages/airflow/example_dags/tutorial.py
[2024-03-27T19:40:31.823+0000] {logging_mixin.py:120} INFO - [2024-03-27T19:40:31.823+0000] {dag.py:2585} INFO - Sync 1 DAGs
[2024-03-27T19:40:31.861+0000] {logging_mixin.py:120} INFO - [2024-03-27T19:40:31.861+0000] {dag.py:3340} INFO - Setting next_dagrun for tutorial to 2024-03-27T19:27:27.513766+00:00, run_after=2024-03-28T19:27:27.513766+00:00
[2024-03-27T19:40:31.878+0000] {processor.py:176} INFO - Processing /home/airflow/.local/lib/python3.7/site-packages/airflow/example_dags/tutorial.py took 0.147 seconds
[2024-03-27T19:41:08.083+0000] {processor.py:154} INFO - Started process (PID=183) to work on /home/airflow/.local/lib/python3.7/site-packages/airflow/example_dags/tutorial.py
[2024-03-27T19:41:08.086+0000] {processor.py:756} INFO - Processing file /home/airflow/.local/lib/python3.7/site-packages/airflow/example_dags/tutorial.py for tasks to queue
[2024-03-27T19:41:08.086+0000] {logging_mixin.py:120} INFO - [2024-03-27T19:41:08.086+0000] {dagbag.py:537} INFO - Filling up the DagBag from /home/airflow/.local/lib/python3.7/site-packages/airflow/example_dags/tutorial.py
[2024-03-27T19:41:08.105+0000] {processor.py:766} INFO - DAG(s) dict_keys(['tutorial']) retrieved from /home/airflow/.local/lib/python3.7/site-packages/airflow/example_dags/tutorial.py
[2024-03-27T19:41:08.158+0000] {logging_mixin.py:120} INFO - [2024-03-27T19:41:08.158+0000] {dag.py:2585} INFO - Sync 1 DAGs
[2024-03-27T19:41:08.192+0000] {logging_mixin.py:120} INFO - [2024-03-27T19:41:08.192+0000] {dag.py:3340} INFO - Setting next_dagrun for tutorial to 2024-03-27T19:27:27.513766+00:00, run_after=2024-03-28T19:27:27.513766+00:00
[2024-03-27T19:41:08.215+0000] {processor.py:176} INFO - Processing /home/airflow/.local/lib/python3.7/site-packages/airflow/example_dags/tutorial.py took 0.137 seconds
[2024-03-27T19:41:39.758+0000] {processor.py:154} INFO - Started process (PID=64) to work on /home/airflow/.local/lib/python3.7/site-packages/airflow/example_dags/tutorial.py
[2024-03-27T19:41:39.759+0000] {processor.py:756} INFO - Processing file /home/airflow/.local/lib/python3.7/site-packages/airflow/example_dags/tutorial.py for tasks to queue
[2024-03-27T19:41:39.762+0000] {logging_mixin.py:120} INFO - [2024-03-27T19:41:39.762+0000] {dagbag.py:537} INFO - Filling up the DagBag from /home/airflow/.local/lib/python3.7/site-packages/airflow/example_dags/tutorial.py
[2024-03-27T19:41:39.773+0000] {processor.py:766} INFO - DAG(s) dict_keys(['tutorial']) retrieved from /home/airflow/.local/lib/python3.7/site-packages/airflow/example_dags/tutorial.py
[2024-03-27T19:41:39.800+0000] {logging_mixin.py:120} INFO - [2024-03-27T19:41:39.800+0000] {dag.py:2585} INFO - Sync 1 DAGs
[2024-03-27T19:41:39.818+0000] {logging_mixin.py:120} INFO - [2024-03-27T19:41:39.818+0000] {dag.py:3340} INFO - Setting next_dagrun for tutorial to 2024-03-27T19:27:27.513766+00:00, run_after=2024-03-28T19:27:27.513766+00:00
[2024-03-27T19:41:39.830+0000] {processor.py:176} INFO - Processing /home/airflow/.local/lib/python3.7/site-packages/airflow/example_dags/tutorial.py took 0.074 seconds
[2024-03-27T19:42:11.147+0000] {processor.py:154} INFO - Started process (PID=114) to work on /home/airflow/.local/lib/python3.7/site-packages/airflow/example_dags/tutorial.py
[2024-03-27T19:42:11.148+0000] {processor.py:756} INFO - Processing file /home/airflow/.local/lib/python3.7/site-packages/airflow/example_dags/tutorial.py for tasks to queue
[2024-03-27T19:42:11.148+0000] {logging_mixin.py:120} INFO - [2024-03-27T19:42:11.148+0000] {dagbag.py:537} INFO - Filling up the DagBag from /home/airflow/.local/lib/python3.7/site-packages/airflow/example_dags/tutorial.py
[2024-03-27T19:42:11.160+0000] {processor.py:766} INFO - DAG(s) dict_keys(['tutorial']) retrieved from /home/airflow/.local/lib/python3.7/site-packages/airflow/example_dags/tutorial.py
[2024-03-27T19:42:11.184+0000] {logging_mixin.py:120} INFO - [2024-03-27T19:42:11.184+0000] {dag.py:2585} INFO - Sync 1 DAGs
[2024-03-27T19:42:11.202+0000] {logging_mixin.py:120} INFO - [2024-03-27T19:42:11.202+0000] {dag.py:3340} INFO - Setting next_dagrun for tutorial to 2024-03-27T19:27:27.513766+00:00, run_after=2024-03-28T19:27:27.513766+00:00
[2024-03-27T19:42:11.218+0000] {processor.py:176} INFO - Processing /home/airflow/.local/lib/python3.7/site-packages/airflow/example_dags/tutorial.py took 0.073 seconds
[2024-03-27T19:42:50.733+0000] {processor.py:154} INFO - Started process (PID=174) to work on /home/airflow/.local/lib/python3.7/site-packages/airflow/example_dags/tutorial.py
[2024-03-27T19:42:50.735+0000] {processor.py:756} INFO - Processing file /home/airflow/.local/lib/python3.7/site-packages/airflow/example_dags/tutorial.py for tasks to queue
[2024-03-27T19:42:50.736+0000] {logging_mixin.py:120} INFO - [2024-03-27T19:42:50.736+0000] {dagbag.py:537} INFO - Filling up the DagBag from /home/airflow/.local/lib/python3.7/site-packages/airflow/example_dags/tutorial.py
[2024-03-27T19:42:50.785+0000] {processor.py:766} INFO - DAG(s) dict_keys(['tutorial']) retrieved from /home/airflow/.local/lib/python3.7/site-packages/airflow/example_dags/tutorial.py
[2024-03-27T19:42:50.859+0000] {logging_mixin.py:120} INFO - [2024-03-27T19:42:50.859+0000] {dag.py:2585} INFO - Sync 1 DAGs
[2024-03-27T19:42:50.917+0000] {logging_mixin.py:120} INFO - [2024-03-27T19:42:50.917+0000] {dag.py:3340} INFO - Setting next_dagrun for tutorial to 2024-03-27T19:27:27.513766+00:00, run_after=2024-03-28T19:27:27.513766+00:00
[2024-03-27T19:42:50.992+0000] {processor.py:176} INFO - Processing /home/airflow/.local/lib/python3.7/site-packages/airflow/example_dags/tutorial.py took 0.265 seconds
[2024-03-27T19:44:27.995+0000] {processor.py:154} INFO - Started process (PID=65) to work on /home/airflow/.local/lib/python3.7/site-packages/airflow/example_dags/tutorial.py
[2024-03-27T19:44:27.996+0000] {processor.py:756} INFO - Processing file /home/airflow/.local/lib/python3.7/site-packages/airflow/example_dags/tutorial.py for tasks to queue
[2024-03-27T19:44:27.997+0000] {logging_mixin.py:120} INFO - [2024-03-27T19:44:27.997+0000] {dagbag.py:537} INFO - Filling up the DagBag from /home/airflow/.local/lib/python3.7/site-packages/airflow/example_dags/tutorial.py
[2024-03-27T19:44:28.018+0000] {processor.py:766} INFO - DAG(s) dict_keys(['tutorial']) retrieved from /home/airflow/.local/lib/python3.7/site-packages/airflow/example_dags/tutorial.py
[2024-03-27T19:44:28.067+0000] {logging_mixin.py:120} INFO - [2024-03-27T19:44:28.067+0000] {dag.py:2585} INFO - Sync 1 DAGs
[2024-03-27T19:44:28.089+0000] {logging_mixin.py:120} INFO - [2024-03-27T19:44:28.089+0000] {dag.py:3340} INFO - Setting next_dagrun for tutorial to 2024-03-27T19:27:27.513766+00:00, run_after=2024-03-28T19:27:27.513766+00:00
[2024-03-27T19:44:28.103+0000] {processor.py:176} INFO - Processing /home/airflow/.local/lib/python3.7/site-packages/airflow/example_dags/tutorial.py took 0.112 seconds
[2024-03-27T19:45:22.115+0000] {processor.py:154} INFO - Started process (PID=124) to work on /home/airflow/.local/lib/python3.7/site-packages/airflow/example_dags/tutorial.py
[2024-03-27T19:45:22.116+0000] {processor.py:756} INFO - Processing file /home/airflow/.local/lib/python3.7/site-packages/airflow/example_dags/tutorial.py for tasks to queue
[2024-03-27T19:45:22.118+0000] {logging_mixin.py:120} INFO - [2024-03-27T19:45:22.118+0000] {dagbag.py:537} INFO - Filling up the DagBag from /home/airflow/.local/lib/python3.7/site-packages/airflow/example_dags/tutorial.py
[2024-03-27T19:45:22.140+0000] {processor.py:766} INFO - DAG(s) dict_keys(['tutorial']) retrieved from /home/airflow/.local/lib/python3.7/site-packages/airflow/example_dags/tutorial.py
[2024-03-27T19:45:22.195+0000] {logging_mixin.py:120} INFO - [2024-03-27T19:45:22.195+0000] {dag.py:2585} INFO - Sync 1 DAGs
[2024-03-27T19:45:22.232+0000] {logging_mixin.py:120} INFO - [2024-03-27T19:45:22.232+0000] {dag.py:3340} INFO - Setting next_dagrun for tutorial to 2024-03-27T19:27:27.513766+00:00, run_after=2024-03-28T19:27:27.513766+00:00
[2024-03-27T19:45:22.256+0000] {processor.py:176} INFO - Processing /home/airflow/.local/lib/python3.7/site-packages/airflow/example_dags/tutorial.py took 0.145 seconds
[2024-03-27T19:46:40.224+0000] {processor.py:154} INFO - Started process (PID=77) to work on /home/airflow/.local/lib/python3.7/site-packages/airflow/example_dags/tutorial.py
[2024-03-27T19:46:40.227+0000] {processor.py:756} INFO - Processing file /home/airflow/.local/lib/python3.7/site-packages/airflow/example_dags/tutorial.py for tasks to queue
[2024-03-27T19:46:40.230+0000] {logging_mixin.py:120} INFO - [2024-03-27T19:46:40.229+0000] {dagbag.py:537} INFO - Filling up the DagBag from /home/airflow/.local/lib/python3.7/site-packages/airflow/example_dags/tutorial.py
[2024-03-27T19:46:40.311+0000] {processor.py:766} INFO - DAG(s) dict_keys(['tutorial']) retrieved from /home/airflow/.local/lib/python3.7/site-packages/airflow/example_dags/tutorial.py
[2024-03-27T19:46:40.381+0000] {logging_mixin.py:120} INFO - [2024-03-27T19:46:40.381+0000] {dag.py:2585} INFO - Sync 1 DAGs
[2024-03-27T19:46:40.420+0000] {logging_mixin.py:120} INFO - [2024-03-27T19:46:40.420+0000] {dag.py:3340} INFO - Setting next_dagrun for tutorial to 2024-03-27T19:27:27.513766+00:00, run_after=2024-03-28T19:27:27.513766+00:00
[2024-03-27T19:46:40.446+0000] {processor.py:176} INFO - Processing /home/airflow/.local/lib/python3.7/site-packages/airflow/example_dags/tutorial.py took 0.238 seconds
[2024-03-27T19:47:24.558+0000] {processor.py:154} INFO - Started process (PID=132) to work on /home/airflow/.local/lib/python3.7/site-packages/airflow/example_dags/tutorial.py
[2024-03-27T19:47:24.561+0000] {processor.py:756} INFO - Processing file /home/airflow/.local/lib/python3.7/site-packages/airflow/example_dags/tutorial.py for tasks to queue
[2024-03-27T19:47:24.562+0000] {logging_mixin.py:120} INFO - [2024-03-27T19:47:24.562+0000] {dagbag.py:537} INFO - Filling up the DagBag from /home/airflow/.local/lib/python3.7/site-packages/airflow/example_dags/tutorial.py
[2024-03-27T19:47:24.586+0000] {processor.py:766} INFO - DAG(s) dict_keys(['tutorial']) retrieved from /home/airflow/.local/lib/python3.7/site-packages/airflow/example_dags/tutorial.py
[2024-03-27T19:47:24.660+0000] {logging_mixin.py:120} INFO - [2024-03-27T19:47:24.660+0000] {dag.py:2585} INFO - Sync 1 DAGs
[2024-03-27T19:47:24.704+0000] {logging_mixin.py:120} INFO - [2024-03-27T19:47:24.704+0000] {dag.py:3340} INFO - Setting next_dagrun for tutorial to 2024-03-27T19:27:27.513766+00:00, run_after=2024-03-28T19:27:27.513766+00:00
[2024-03-27T19:47:24.740+0000] {processor.py:176} INFO - Processing /home/airflow/.local/lib/python3.7/site-packages/airflow/example_dags/tutorial.py took 0.184 seconds
[2024-03-27T19:47:47.279+0000] {processor.py:154} INFO - Started process (PID=64) to work on /home/airflow/.local/lib/python3.7/site-packages/airflow/example_dags/tutorial.py
[2024-03-27T19:47:47.280+0000] {processor.py:756} INFO - Processing file /home/airflow/.local/lib/python3.7/site-packages/airflow/example_dags/tutorial.py for tasks to queue
[2024-03-27T19:47:47.280+0000] {logging_mixin.py:120} INFO - [2024-03-27T19:47:47.280+0000] {dagbag.py:537} INFO - Filling up the DagBag from /home/airflow/.local/lib/python3.7/site-packages/airflow/example_dags/tutorial.py
[2024-03-27T19:47:47.290+0000] {processor.py:766} INFO - DAG(s) dict_keys(['tutorial']) retrieved from /home/airflow/.local/lib/python3.7/site-packages/airflow/example_dags/tutorial.py
[2024-03-27T19:47:47.316+0000] {logging_mixin.py:120} INFO - [2024-03-27T19:47:47.316+0000] {dag.py:2585} INFO - Sync 1 DAGs
[2024-03-27T19:47:47.333+0000] {logging_mixin.py:120} INFO - [2024-03-27T19:47:47.333+0000] {dag.py:3340} INFO - Setting next_dagrun for tutorial to 2024-03-27T19:27:27.513766+00:00, run_after=2024-03-28T19:27:27.513766+00:00
[2024-03-27T19:47:47.347+0000] {processor.py:176} INFO - Processing /home/airflow/.local/lib/python3.7/site-packages/airflow/example_dags/tutorial.py took 0.071 seconds
[2024-03-27T19:48:35.648+0000] {processor.py:154} INFO - Started process (PID=121) to work on /home/airflow/.local/lib/python3.7/site-packages/airflow/example_dags/tutorial.py
[2024-03-27T19:48:35.651+0000] {processor.py:756} INFO - Processing file /home/airflow/.local/lib/python3.7/site-packages/airflow/example_dags/tutorial.py for tasks to queue
[2024-03-27T19:48:35.652+0000] {logging_mixin.py:120} INFO - [2024-03-27T19:48:35.652+0000] {dagbag.py:537} INFO - Filling up the DagBag from /home/airflow/.local/lib/python3.7/site-packages/airflow/example_dags/tutorial.py
[2024-03-27T19:48:35.676+0000] {processor.py:766} INFO - DAG(s) dict_keys(['tutorial']) retrieved from /home/airflow/.local/lib/python3.7/site-packages/airflow/example_dags/tutorial.py
[2024-03-27T19:48:35.740+0000] {logging_mixin.py:120} INFO - [2024-03-27T19:48:35.740+0000] {dag.py:2585} INFO - Sync 1 DAGs
[2024-03-27T19:48:35.787+0000] {logging_mixin.py:120} INFO - [2024-03-27T19:48:35.786+0000] {dag.py:3340} INFO - Setting next_dagrun for tutorial to 2024-03-27T19:27:27.513766+00:00, run_after=2024-03-28T19:27:27.513766+00:00
[2024-03-27T19:48:35.821+0000] {processor.py:176} INFO - Processing /home/airflow/.local/lib/python3.7/site-packages/airflow/example_dags/tutorial.py took 0.193 seconds
[2024-03-27T19:49:27.021+0000] {processor.py:154} INFO - Started process (PID=65) to work on /home/airflow/.local/lib/python3.7/site-packages/airflow/example_dags/tutorial.py
[2024-03-27T19:49:27.022+0000] {processor.py:756} INFO - Processing file /home/airflow/.local/lib/python3.7/site-packages/airflow/example_dags/tutorial.py for tasks to queue
[2024-03-27T19:49:27.023+0000] {logging_mixin.py:120} INFO - [2024-03-27T19:49:27.022+0000] {dagbag.py:537} INFO - Filling up the DagBag from /home/airflow/.local/lib/python3.7/site-packages/airflow/example_dags/tutorial.py
[2024-03-27T19:49:27.047+0000] {processor.py:766} INFO - DAG(s) dict_keys(['tutorial']) retrieved from /home/airflow/.local/lib/python3.7/site-packages/airflow/example_dags/tutorial.py
[2024-03-27T19:49:27.091+0000] {logging_mixin.py:120} INFO - [2024-03-27T19:49:27.091+0000] {dag.py:2585} INFO - Sync 1 DAGs
[2024-03-27T19:49:27.112+0000] {logging_mixin.py:120} INFO - [2024-03-27T19:49:27.112+0000] {dag.py:3340} INFO - Setting next_dagrun for tutorial to 2024-03-27T19:27:27.513766+00:00, run_after=2024-03-28T19:27:27.513766+00:00
[2024-03-27T19:49:27.133+0000] {processor.py:176} INFO - Processing /home/airflow/.local/lib/python3.7/site-packages/airflow/example_dags/tutorial.py took 0.116 seconds
[2024-03-27T19:50:01.726+0000] {processor.py:154} INFO - Started process (PID=123) to work on /home/airflow/.local/lib/python3.7/site-packages/airflow/example_dags/tutorial.py
[2024-03-27T19:50:01.728+0000] {processor.py:756} INFO - Processing file /home/airflow/.local/lib/python3.7/site-packages/airflow/example_dags/tutorial.py for tasks to queue
[2024-03-27T19:50:01.729+0000] {logging_mixin.py:120} INFO - [2024-03-27T19:50:01.728+0000] {dagbag.py:537} INFO - Filling up the DagBag from /home/airflow/.local/lib/python3.7/site-packages/airflow/example_dags/tutorial.py
[2024-03-27T19:50:01.745+0000] {processor.py:766} INFO - DAG(s) dict_keys(['tutorial']) retrieved from /home/airflow/.local/lib/python3.7/site-packages/airflow/example_dags/tutorial.py
[2024-03-27T19:50:01.785+0000] {logging_mixin.py:120} INFO - [2024-03-27T19:50:01.785+0000] {dag.py:2585} INFO - Sync 1 DAGs
[2024-03-27T19:50:01.806+0000] {logging_mixin.py:120} INFO - [2024-03-27T19:50:01.806+0000] {dag.py:3340} INFO - Setting next_dagrun for tutorial to 2024-03-27T19:27:27.513766+00:00, run_after=2024-03-28T19:27:27.513766+00:00
[2024-03-27T19:50:01.823+0000] {processor.py:176} INFO - Processing /home/airflow/.local/lib/python3.7/site-packages/airflow/example_dags/tutorial.py took 0.099 seconds
[2024-03-27T19:54:21.323+0000] {processor.py:154} INFO - Started process (PID=57) to work on /home/airflow/.local/lib/python3.7/site-packages/airflow/example_dags/tutorial.py
[2024-03-27T19:54:21.325+0000] {processor.py:756} INFO - Processing file /home/airflow/.local/lib/python3.7/site-packages/airflow/example_dags/tutorial.py for tasks to queue
[2024-03-27T19:54:21.326+0000] {logging_mixin.py:120} INFO - [2024-03-27T19:54:21.326+0000] {dagbag.py:537} INFO - Filling up the DagBag from /home/airflow/.local/lib/python3.7/site-packages/airflow/example_dags/tutorial.py
[2024-03-27T19:54:21.386+0000] {processor.py:766} INFO - DAG(s) dict_keys(['tutorial']) retrieved from /home/airflow/.local/lib/python3.7/site-packages/airflow/example_dags/tutorial.py
[2024-03-27T19:54:22.174+0000] {logging_mixin.py:120} INFO - [2024-03-27T19:54:22.086+0000] {dag.py:2585} INFO - Sync 1 DAGs
[2024-03-27T19:54:22.462+0000] {logging_mixin.py:120} INFO - [2024-03-27T19:54:22.462+0000] {dag.py:3340} INFO - Setting next_dagrun for tutorial to 2024-03-27T19:27:27.513766+00:00, run_after=2024-03-28T19:27:27.513766+00:00
[2024-03-27T19:54:22.501+0000] {processor.py:176} INFO - Processing /home/airflow/.local/lib/python3.7/site-packages/airflow/example_dags/tutorial.py took 1.184 seconds
