[2024-03-27T19:09:26.695+0000] {processor.py:154} INFO - Started process (PID=40) to work on /home/airflow/.local/lib/python3.7/site-packages/airflow/example_dags/tutorial_dag.py
[2024-03-27T19:09:26.698+0000] {processor.py:756} INFO - Processing file /home/airflow/.local/lib/python3.7/site-packages/airflow/example_dags/tutorial_dag.py for tasks to queue
[2024-03-27T19:09:26.704+0000] {logging_mixin.py:120} INFO - [2024-03-27T19:09:26.704+0000] {dagbag.py:537} INFO - Filling up the DagBag from /home/airflow/.local/lib/python3.7/site-packages/airflow/example_dags/tutorial_dag.py
[2024-03-27T19:09:27.384+0000] {processor.py:766} INFO - DAG(s) dict_keys(['tutorial_dag']) retrieved from /home/airflow/.local/lib/python3.7/site-packages/airflow/example_dags/tutorial_dag.py
[2024-03-27T19:09:29.485+0000] {logging_mixin.py:120} INFO - [2024-03-27T19:09:29.480+0000] {dag.py:2585} INFO - Sync 1 DAGs
[2024-03-27T19:09:30.008+0000] {logging_mixin.py:120} INFO - [2024-03-27T19:09:29.986+0000] {dag.py:3340} INFO - Setting next_dagrun for tutorial_dag to None, run_after=None
[2024-03-27T19:09:34.580+0000] {processor.py:176} INFO - Processing /home/airflow/.local/lib/python3.7/site-packages/airflow/example_dags/tutorial_dag.py took 8.181 seconds
[2024-03-27T19:10:07.366+0000] {processor.py:154} INFO - Started process (PID=99) to work on /home/airflow/.local/lib/python3.7/site-packages/airflow/example_dags/tutorial_dag.py
[2024-03-27T19:10:07.373+0000] {processor.py:756} INFO - Processing file /home/airflow/.local/lib/python3.7/site-packages/airflow/example_dags/tutorial_dag.py for tasks to queue
[2024-03-27T19:10:07.374+0000] {logging_mixin.py:120} INFO - [2024-03-27T19:10:07.374+0000] {dagbag.py:537} INFO - Filling up the DagBag from /home/airflow/.local/lib/python3.7/site-packages/airflow/example_dags/tutorial_dag.py
[2024-03-27T19:10:07.535+0000] {processor.py:766} INFO - DAG(s) dict_keys(['tutorial_dag']) retrieved from /home/airflow/.local/lib/python3.7/site-packages/airflow/example_dags/tutorial_dag.py
[2024-03-27T19:10:07.740+0000] {logging_mixin.py:120} INFO - [2024-03-27T19:10:07.740+0000] {dag.py:2585} INFO - Sync 1 DAGs
[2024-03-27T19:10:07.809+0000] {logging_mixin.py:120} INFO - [2024-03-27T19:10:07.809+0000] {dag.py:3340} INFO - Setting next_dagrun for tutorial_dag to None, run_after=None
[2024-03-27T19:10:07.866+0000] {processor.py:176} INFO - Processing /home/airflow/.local/lib/python3.7/site-packages/airflow/example_dags/tutorial_dag.py took 0.527 seconds
[2024-03-27T19:10:38.941+0000] {processor.py:154} INFO - Started process (PID=39) to work on /home/airflow/.local/lib/python3.7/site-packages/airflow/example_dags/tutorial_dag.py
[2024-03-27T19:10:38.942+0000] {processor.py:756} INFO - Processing file /home/airflow/.local/lib/python3.7/site-packages/airflow/example_dags/tutorial_dag.py for tasks to queue
[2024-03-27T19:10:38.943+0000] {logging_mixin.py:120} INFO - [2024-03-27T19:10:38.942+0000] {dagbag.py:537} INFO - Filling up the DagBag from /home/airflow/.local/lib/python3.7/site-packages/airflow/example_dags/tutorial_dag.py
[2024-03-27T19:10:38.956+0000] {processor.py:766} INFO - DAG(s) dict_keys(['tutorial_dag']) retrieved from /home/airflow/.local/lib/python3.7/site-packages/airflow/example_dags/tutorial_dag.py
[2024-03-27T19:10:39.011+0000] {logging_mixin.py:120} INFO - [2024-03-27T19:10:39.011+0000] {dag.py:2585} INFO - Sync 1 DAGs
[2024-03-27T19:10:39.041+0000] {logging_mixin.py:120} INFO - [2024-03-27T19:10:39.041+0000] {dag.py:3340} INFO - Setting next_dagrun for tutorial_dag to None, run_after=None
[2024-03-27T19:10:39.059+0000] {processor.py:176} INFO - Processing /home/airflow/.local/lib/python3.7/site-packages/airflow/example_dags/tutorial_dag.py took 0.120 seconds
[2024-03-27T19:11:12.543+0000] {processor.py:154} INFO - Started process (PID=90) to work on /home/airflow/.local/lib/python3.7/site-packages/airflow/example_dags/tutorial_dag.py
[2024-03-27T19:11:12.544+0000] {processor.py:756} INFO - Processing file /home/airflow/.local/lib/python3.7/site-packages/airflow/example_dags/tutorial_dag.py for tasks to queue
[2024-03-27T19:11:12.546+0000] {logging_mixin.py:120} INFO - [2024-03-27T19:11:12.545+0000] {dagbag.py:537} INFO - Filling up the DagBag from /home/airflow/.local/lib/python3.7/site-packages/airflow/example_dags/tutorial_dag.py
[2024-03-27T19:11:12.584+0000] {processor.py:766} INFO - DAG(s) dict_keys(['tutorial_dag']) retrieved from /home/airflow/.local/lib/python3.7/site-packages/airflow/example_dags/tutorial_dag.py
[2024-03-27T19:11:12.639+0000] {logging_mixin.py:120} INFO - [2024-03-27T19:11:12.639+0000] {dag.py:2585} INFO - Sync 1 DAGs
[2024-03-27T19:11:12.682+0000] {logging_mixin.py:120} INFO - [2024-03-27T19:11:12.682+0000] {dag.py:3340} INFO - Setting next_dagrun for tutorial_dag to None, run_after=None
[2024-03-27T19:11:12.711+0000] {processor.py:176} INFO - Processing /home/airflow/.local/lib/python3.7/site-packages/airflow/example_dags/tutorial_dag.py took 0.171 seconds
[2024-03-27T19:11:44.692+0000] {processor.py:154} INFO - Started process (PID=147) to work on /home/airflow/.local/lib/python3.7/site-packages/airflow/example_dags/tutorial_dag.py
[2024-03-27T19:11:44.693+0000] {processor.py:756} INFO - Processing file /home/airflow/.local/lib/python3.7/site-packages/airflow/example_dags/tutorial_dag.py for tasks to queue
[2024-03-27T19:11:44.693+0000] {logging_mixin.py:120} INFO - [2024-03-27T19:11:44.693+0000] {dagbag.py:537} INFO - Filling up the DagBag from /home/airflow/.local/lib/python3.7/site-packages/airflow/example_dags/tutorial_dag.py
[2024-03-27T19:11:44.708+0000] {processor.py:766} INFO - DAG(s) dict_keys(['tutorial_dag']) retrieved from /home/airflow/.local/lib/python3.7/site-packages/airflow/example_dags/tutorial_dag.py
[2024-03-27T19:11:44.743+0000] {logging_mixin.py:120} INFO - [2024-03-27T19:11:44.743+0000] {dag.py:2585} INFO - Sync 1 DAGs
[2024-03-27T19:11:44.768+0000] {logging_mixin.py:120} INFO - [2024-03-27T19:11:44.768+0000] {dag.py:3340} INFO - Setting next_dagrun for tutorial_dag to None, run_after=None
[2024-03-27T19:11:44.793+0000] {processor.py:176} INFO - Processing /home/airflow/.local/lib/python3.7/site-packages/airflow/example_dags/tutorial_dag.py took 0.104 seconds
[2024-03-27T19:12:20.148+0000] {processor.py:154} INFO - Started process (PID=50) to work on /home/airflow/.local/lib/python3.7/site-packages/airflow/example_dags/tutorial_dag.py
[2024-03-27T19:12:20.149+0000] {processor.py:756} INFO - Processing file /home/airflow/.local/lib/python3.7/site-packages/airflow/example_dags/tutorial_dag.py for tasks to queue
[2024-03-27T19:12:20.150+0000] {logging_mixin.py:120} INFO - [2024-03-27T19:12:20.150+0000] {dagbag.py:537} INFO - Filling up the DagBag from /home/airflow/.local/lib/python3.7/site-packages/airflow/example_dags/tutorial_dag.py
[2024-03-27T19:12:20.175+0000] {processor.py:766} INFO - DAG(s) dict_keys(['tutorial_dag']) retrieved from /home/airflow/.local/lib/python3.7/site-packages/airflow/example_dags/tutorial_dag.py
[2024-03-27T19:12:20.272+0000] {logging_mixin.py:120} INFO - [2024-03-27T19:12:20.272+0000] {dag.py:2585} INFO - Sync 1 DAGs
[2024-03-27T19:12:20.293+0000] {logging_mixin.py:120} INFO - [2024-03-27T19:12:20.293+0000] {dag.py:3340} INFO - Setting next_dagrun for tutorial_dag to None, run_after=None
[2024-03-27T19:12:20.310+0000] {processor.py:176} INFO - Processing /home/airflow/.local/lib/python3.7/site-packages/airflow/example_dags/tutorial_dag.py took 0.166 seconds
[2024-03-27T19:12:51.072+0000] {processor.py:154} INFO - Started process (PID=99) to work on /home/airflow/.local/lib/python3.7/site-packages/airflow/example_dags/tutorial_dag.py
[2024-03-27T19:12:51.073+0000] {processor.py:756} INFO - Processing file /home/airflow/.local/lib/python3.7/site-packages/airflow/example_dags/tutorial_dag.py for tasks to queue
[2024-03-27T19:12:51.074+0000] {logging_mixin.py:120} INFO - [2024-03-27T19:12:51.074+0000] {dagbag.py:537} INFO - Filling up the DagBag from /home/airflow/.local/lib/python3.7/site-packages/airflow/example_dags/tutorial_dag.py
[2024-03-27T19:12:51.088+0000] {processor.py:766} INFO - DAG(s) dict_keys(['tutorial_dag']) retrieved from /home/airflow/.local/lib/python3.7/site-packages/airflow/example_dags/tutorial_dag.py
[2024-03-27T19:12:51.141+0000] {logging_mixin.py:120} INFO - [2024-03-27T19:12:51.141+0000] {dag.py:2585} INFO - Sync 1 DAGs
[2024-03-27T19:12:51.160+0000] {logging_mixin.py:120} INFO - [2024-03-27T19:12:51.160+0000] {dag.py:3340} INFO - Setting next_dagrun for tutorial_dag to None, run_after=None
[2024-03-27T19:12:51.172+0000] {processor.py:176} INFO - Processing /home/airflow/.local/lib/python3.7/site-packages/airflow/example_dags/tutorial_dag.py took 0.104 seconds
[2024-03-27T19:13:28.821+0000] {processor.py:154} INFO - Started process (PID=160) to work on /home/airflow/.local/lib/python3.7/site-packages/airflow/example_dags/tutorial_dag.py
[2024-03-27T19:13:28.823+0000] {processor.py:756} INFO - Processing file /home/airflow/.local/lib/python3.7/site-packages/airflow/example_dags/tutorial_dag.py for tasks to queue
[2024-03-27T19:13:28.824+0000] {logging_mixin.py:120} INFO - [2024-03-27T19:13:28.824+0000] {dagbag.py:537} INFO - Filling up the DagBag from /home/airflow/.local/lib/python3.7/site-packages/airflow/example_dags/tutorial_dag.py
[2024-03-27T19:13:28.844+0000] {processor.py:766} INFO - DAG(s) dict_keys(['tutorial_dag']) retrieved from /home/airflow/.local/lib/python3.7/site-packages/airflow/example_dags/tutorial_dag.py
[2024-03-27T19:13:28.884+0000] {logging_mixin.py:120} INFO - [2024-03-27T19:13:28.884+0000] {dag.py:2585} INFO - Sync 1 DAGs
[2024-03-27T19:13:28.905+0000] {logging_mixin.py:120} INFO - [2024-03-27T19:13:28.904+0000] {dag.py:3340} INFO - Setting next_dagrun for tutorial_dag to None, run_after=None
[2024-03-27T19:13:28.923+0000] {processor.py:176} INFO - Processing /home/airflow/.local/lib/python3.7/site-packages/airflow/example_dags/tutorial_dag.py took 0.108 seconds
[2024-03-27T19:13:55.999+0000] {processor.py:154} INFO - Started process (PID=49) to work on /home/airflow/.local/lib/python3.7/site-packages/airflow/example_dags/tutorial_dag.py
[2024-03-27T19:13:56.000+0000] {processor.py:756} INFO - Processing file /home/airflow/.local/lib/python3.7/site-packages/airflow/example_dags/tutorial_dag.py for tasks to queue
[2024-03-27T19:13:56.000+0000] {logging_mixin.py:120} INFO - [2024-03-27T19:13:56.000+0000] {dagbag.py:537} INFO - Filling up the DagBag from /home/airflow/.local/lib/python3.7/site-packages/airflow/example_dags/tutorial_dag.py
[2024-03-27T19:13:56.009+0000] {processor.py:766} INFO - DAG(s) dict_keys(['tutorial_dag']) retrieved from /home/airflow/.local/lib/python3.7/site-packages/airflow/example_dags/tutorial_dag.py
[2024-03-27T19:13:56.034+0000] {logging_mixin.py:120} INFO - [2024-03-27T19:13:56.034+0000] {dag.py:2585} INFO - Sync 1 DAGs
[2024-03-27T19:13:56.047+0000] {logging_mixin.py:120} INFO - [2024-03-27T19:13:56.047+0000] {dag.py:3340} INFO - Setting next_dagrun for tutorial_dag to None, run_after=None
[2024-03-27T19:13:56.060+0000] {processor.py:176} INFO - Processing /home/airflow/.local/lib/python3.7/site-packages/airflow/example_dags/tutorial_dag.py took 0.064 seconds
[2024-03-27T19:14:26.721+0000] {processor.py:154} INFO - Started process (PID=99) to work on /home/airflow/.local/lib/python3.7/site-packages/airflow/example_dags/tutorial_dag.py
[2024-03-27T19:14:26.722+0000] {processor.py:756} INFO - Processing file /home/airflow/.local/lib/python3.7/site-packages/airflow/example_dags/tutorial_dag.py for tasks to queue
[2024-03-27T19:14:26.723+0000] {logging_mixin.py:120} INFO - [2024-03-27T19:14:26.723+0000] {dagbag.py:537} INFO - Filling up the DagBag from /home/airflow/.local/lib/python3.7/site-packages/airflow/example_dags/tutorial_dag.py
[2024-03-27T19:14:26.735+0000] {processor.py:766} INFO - DAG(s) dict_keys(['tutorial_dag']) retrieved from /home/airflow/.local/lib/python3.7/site-packages/airflow/example_dags/tutorial_dag.py
[2024-03-27T19:14:26.776+0000] {logging_mixin.py:120} INFO - [2024-03-27T19:14:26.775+0000] {dag.py:2585} INFO - Sync 1 DAGs
[2024-03-27T19:14:26.792+0000] {logging_mixin.py:120} INFO - [2024-03-27T19:14:26.792+0000] {dag.py:3340} INFO - Setting next_dagrun for tutorial_dag to None, run_after=None
[2024-03-27T19:14:26.805+0000] {processor.py:176} INFO - Processing /home/airflow/.local/lib/python3.7/site-packages/airflow/example_dags/tutorial_dag.py took 0.086 seconds
[2024-03-27T19:14:57.527+0000] {processor.py:154} INFO - Started process (PID=157) to work on /home/airflow/.local/lib/python3.7/site-packages/airflow/example_dags/tutorial_dag.py
[2024-03-27T19:14:57.528+0000] {processor.py:756} INFO - Processing file /home/airflow/.local/lib/python3.7/site-packages/airflow/example_dags/tutorial_dag.py for tasks to queue
[2024-03-27T19:14:57.529+0000] {logging_mixin.py:120} INFO - [2024-03-27T19:14:57.529+0000] {dagbag.py:537} INFO - Filling up the DagBag from /home/airflow/.local/lib/python3.7/site-packages/airflow/example_dags/tutorial_dag.py
[2024-03-27T19:14:57.545+0000] {processor.py:766} INFO - DAG(s) dict_keys(['tutorial_dag']) retrieved from /home/airflow/.local/lib/python3.7/site-packages/airflow/example_dags/tutorial_dag.py
[2024-03-27T19:14:57.585+0000] {logging_mixin.py:120} INFO - [2024-03-27T19:14:57.585+0000] {dag.py:2585} INFO - Sync 1 DAGs
[2024-03-27T19:14:57.601+0000] {logging_mixin.py:120} INFO - [2024-03-27T19:14:57.600+0000] {dag.py:3340} INFO - Setting next_dagrun for tutorial_dag to None, run_after=None
[2024-03-27T19:14:57.613+0000] {processor.py:176} INFO - Processing /home/airflow/.local/lib/python3.7/site-packages/airflow/example_dags/tutorial_dag.py took 0.088 seconds
[2024-03-27T19:15:20.539+0000] {processor.py:154} INFO - Started process (PID=49) to work on /home/airflow/.local/lib/python3.7/site-packages/airflow/example_dags/tutorial_dag.py
[2024-03-27T19:15:20.540+0000] {processor.py:756} INFO - Processing file /home/airflow/.local/lib/python3.7/site-packages/airflow/example_dags/tutorial_dag.py for tasks to queue
[2024-03-27T19:15:20.540+0000] {logging_mixin.py:120} INFO - [2024-03-27T19:15:20.540+0000] {dagbag.py:537} INFO - Filling up the DagBag from /home/airflow/.local/lib/python3.7/site-packages/airflow/example_dags/tutorial_dag.py
[2024-03-27T19:15:20.549+0000] {processor.py:766} INFO - DAG(s) dict_keys(['tutorial_dag']) retrieved from /home/airflow/.local/lib/python3.7/site-packages/airflow/example_dags/tutorial_dag.py
[2024-03-27T19:15:20.581+0000] {logging_mixin.py:120} INFO - [2024-03-27T19:15:20.581+0000] {dag.py:2585} INFO - Sync 1 DAGs
[2024-03-27T19:15:20.598+0000] {logging_mixin.py:120} INFO - [2024-03-27T19:15:20.598+0000] {dag.py:3340} INFO - Setting next_dagrun for tutorial_dag to None, run_after=None
[2024-03-27T19:15:20.611+0000] {processor.py:176} INFO - Processing /home/airflow/.local/lib/python3.7/site-packages/airflow/example_dags/tutorial_dag.py took 0.075 seconds
[2024-03-27T19:15:51.645+0000] {processor.py:154} INFO - Started process (PID=106) to work on /home/airflow/.local/lib/python3.7/site-packages/airflow/example_dags/tutorial_dag.py
[2024-03-27T19:15:51.647+0000] {processor.py:756} INFO - Processing file /home/airflow/.local/lib/python3.7/site-packages/airflow/example_dags/tutorial_dag.py for tasks to queue
[2024-03-27T19:15:51.648+0000] {logging_mixin.py:120} INFO - [2024-03-27T19:15:51.648+0000] {dagbag.py:537} INFO - Filling up the DagBag from /home/airflow/.local/lib/python3.7/site-packages/airflow/example_dags/tutorial_dag.py
[2024-03-27T19:15:51.678+0000] {processor.py:766} INFO - DAG(s) dict_keys(['tutorial_dag']) retrieved from /home/airflow/.local/lib/python3.7/site-packages/airflow/example_dags/tutorial_dag.py
[2024-03-27T19:15:51.746+0000] {logging_mixin.py:120} INFO - [2024-03-27T19:15:51.746+0000] {dag.py:2585} INFO - Sync 1 DAGs
[2024-03-27T19:15:51.779+0000] {logging_mixin.py:120} INFO - [2024-03-27T19:15:51.779+0000] {dag.py:3340} INFO - Setting next_dagrun for tutorial_dag to None, run_after=None
[2024-03-27T19:15:51.806+0000] {processor.py:176} INFO - Processing /home/airflow/.local/lib/python3.7/site-packages/airflow/example_dags/tutorial_dag.py took 0.164 seconds
[2024-03-27T19:16:22.220+0000] {processor.py:154} INFO - Started process (PID=164) to work on /home/airflow/.local/lib/python3.7/site-packages/airflow/example_dags/tutorial_dag.py
[2024-03-27T19:16:22.221+0000] {processor.py:756} INFO - Processing file /home/airflow/.local/lib/python3.7/site-packages/airflow/example_dags/tutorial_dag.py for tasks to queue
[2024-03-27T19:16:22.221+0000] {logging_mixin.py:120} INFO - [2024-03-27T19:16:22.221+0000] {dagbag.py:537} INFO - Filling up the DagBag from /home/airflow/.local/lib/python3.7/site-packages/airflow/example_dags/tutorial_dag.py
[2024-03-27T19:16:22.244+0000] {processor.py:766} INFO - DAG(s) dict_keys(['tutorial_dag']) retrieved from /home/airflow/.local/lib/python3.7/site-packages/airflow/example_dags/tutorial_dag.py
[2024-03-27T19:16:22.290+0000] {logging_mixin.py:120} INFO - [2024-03-27T19:16:22.289+0000] {dag.py:2585} INFO - Sync 1 DAGs
[2024-03-27T19:16:22.306+0000] {logging_mixin.py:120} INFO - [2024-03-27T19:16:22.306+0000] {dag.py:3340} INFO - Setting next_dagrun for tutorial_dag to None, run_after=None
[2024-03-27T19:16:22.326+0000] {processor.py:176} INFO - Processing /home/airflow/.local/lib/python3.7/site-packages/airflow/example_dags/tutorial_dag.py took 0.109 seconds
[2024-03-27T19:16:49.651+0000] {processor.py:154} INFO - Started process (PID=48) to work on /home/airflow/.local/lib/python3.7/site-packages/airflow/example_dags/tutorial_dag.py
[2024-03-27T19:16:49.652+0000] {processor.py:756} INFO - Processing file /home/airflow/.local/lib/python3.7/site-packages/airflow/example_dags/tutorial_dag.py for tasks to queue
[2024-03-27T19:16:49.653+0000] {logging_mixin.py:120} INFO - [2024-03-27T19:16:49.653+0000] {dagbag.py:537} INFO - Filling up the DagBag from /home/airflow/.local/lib/python3.7/site-packages/airflow/example_dags/tutorial_dag.py
[2024-03-27T19:16:49.666+0000] {processor.py:766} INFO - DAG(s) dict_keys(['tutorial_dag']) retrieved from /home/airflow/.local/lib/python3.7/site-packages/airflow/example_dags/tutorial_dag.py
[2024-03-27T19:16:49.700+0000] {logging_mixin.py:120} INFO - [2024-03-27T19:16:49.700+0000] {dag.py:2585} INFO - Sync 1 DAGs
[2024-03-27T19:16:49.718+0000] {logging_mixin.py:120} INFO - [2024-03-27T19:16:49.718+0000] {dag.py:3340} INFO - Setting next_dagrun for tutorial_dag to None, run_after=None
[2024-03-27T19:16:49.731+0000] {processor.py:176} INFO - Processing /home/airflow/.local/lib/python3.7/site-packages/airflow/example_dags/tutorial_dag.py took 0.082 seconds
[2024-03-27T19:17:25.136+0000] {processor.py:154} INFO - Started process (PID=106) to work on /home/airflow/.local/lib/python3.7/site-packages/airflow/example_dags/tutorial_dag.py
[2024-03-27T19:17:25.137+0000] {processor.py:756} INFO - Processing file /home/airflow/.local/lib/python3.7/site-packages/airflow/example_dags/tutorial_dag.py for tasks to queue
[2024-03-27T19:17:25.140+0000] {logging_mixin.py:120} INFO - [2024-03-27T19:17:25.139+0000] {dagbag.py:537} INFO - Filling up the DagBag from /home/airflow/.local/lib/python3.7/site-packages/airflow/example_dags/tutorial_dag.py
[2024-03-27T19:17:25.188+0000] {processor.py:766} INFO - DAG(s) dict_keys(['tutorial_dag']) retrieved from /home/airflow/.local/lib/python3.7/site-packages/airflow/example_dags/tutorial_dag.py
[2024-03-27T19:17:25.278+0000] {logging_mixin.py:120} INFO - [2024-03-27T19:17:25.278+0000] {dag.py:2585} INFO - Sync 1 DAGs
[2024-03-27T19:17:25.319+0000] {logging_mixin.py:120} INFO - [2024-03-27T19:17:25.318+0000] {dag.py:3340} INFO - Setting next_dagrun for tutorial_dag to None, run_after=None
[2024-03-27T19:17:25.353+0000] {processor.py:176} INFO - Processing /home/airflow/.local/lib/python3.7/site-packages/airflow/example_dags/tutorial_dag.py took 0.225 seconds
[2024-03-27T19:18:18.970+0000] {processor.py:154} INFO - Started process (PID=49) to work on /home/airflow/.local/lib/python3.7/site-packages/airflow/example_dags/tutorial_dag.py
[2024-03-27T19:18:18.971+0000] {processor.py:756} INFO - Processing file /home/airflow/.local/lib/python3.7/site-packages/airflow/example_dags/tutorial_dag.py for tasks to queue
[2024-03-27T19:18:18.971+0000] {logging_mixin.py:120} INFO - [2024-03-27T19:18:18.971+0000] {dagbag.py:537} INFO - Filling up the DagBag from /home/airflow/.local/lib/python3.7/site-packages/airflow/example_dags/tutorial_dag.py
[2024-03-27T19:18:18.981+0000] {processor.py:766} INFO - DAG(s) dict_keys(['tutorial_dag']) retrieved from /home/airflow/.local/lib/python3.7/site-packages/airflow/example_dags/tutorial_dag.py
[2024-03-27T19:18:19.016+0000] {logging_mixin.py:120} INFO - [2024-03-27T19:18:19.016+0000] {dag.py:2585} INFO - Sync 1 DAGs
[2024-03-27T19:18:19.038+0000] {logging_mixin.py:120} INFO - [2024-03-27T19:18:19.038+0000] {dag.py:3340} INFO - Setting next_dagrun for tutorial_dag to None, run_after=None
[2024-03-27T19:18:19.055+0000] {processor.py:176} INFO - Processing /home/airflow/.local/lib/python3.7/site-packages/airflow/example_dags/tutorial_dag.py took 0.088 seconds
[2024-03-27T19:18:49.368+0000] {processor.py:154} INFO - Started process (PID=105) to work on /home/airflow/.local/lib/python3.7/site-packages/airflow/example_dags/tutorial_dag.py
[2024-03-27T19:18:49.368+0000] {processor.py:756} INFO - Processing file /home/airflow/.local/lib/python3.7/site-packages/airflow/example_dags/tutorial_dag.py for tasks to queue
[2024-03-27T19:18:49.369+0000] {logging_mixin.py:120} INFO - [2024-03-27T19:18:49.369+0000] {dagbag.py:537} INFO - Filling up the DagBag from /home/airflow/.local/lib/python3.7/site-packages/airflow/example_dags/tutorial_dag.py
[2024-03-27T19:18:49.382+0000] {processor.py:766} INFO - DAG(s) dict_keys(['tutorial_dag']) retrieved from /home/airflow/.local/lib/python3.7/site-packages/airflow/example_dags/tutorial_dag.py
[2024-03-27T19:18:49.412+0000] {logging_mixin.py:120} INFO - [2024-03-27T19:18:49.412+0000] {dag.py:2585} INFO - Sync 1 DAGs
[2024-03-27T19:18:49.427+0000] {logging_mixin.py:120} INFO - [2024-03-27T19:18:49.427+0000] {dag.py:3340} INFO - Setting next_dagrun for tutorial_dag to None, run_after=None
[2024-03-27T19:18:49.439+0000] {processor.py:176} INFO - Processing /home/airflow/.local/lib/python3.7/site-packages/airflow/example_dags/tutorial_dag.py took 0.073 seconds
[2024-03-27T19:19:40.317+0000] {processor.py:154} INFO - Started process (PID=49) to work on /home/airflow/.local/lib/python3.7/site-packages/airflow/example_dags/tutorial_dag.py
[2024-03-27T19:19:40.318+0000] {processor.py:756} INFO - Processing file /home/airflow/.local/lib/python3.7/site-packages/airflow/example_dags/tutorial_dag.py for tasks to queue
[2024-03-27T19:19:40.318+0000] {logging_mixin.py:120} INFO - [2024-03-27T19:19:40.318+0000] {dagbag.py:537} INFO - Filling up the DagBag from /home/airflow/.local/lib/python3.7/site-packages/airflow/example_dags/tutorial_dag.py
[2024-03-27T19:19:40.326+0000] {processor.py:766} INFO - DAG(s) dict_keys(['tutorial_dag']) retrieved from /home/airflow/.local/lib/python3.7/site-packages/airflow/example_dags/tutorial_dag.py
[2024-03-27T19:19:40.350+0000] {logging_mixin.py:120} INFO - [2024-03-27T19:19:40.350+0000] {dag.py:2585} INFO - Sync 1 DAGs
[2024-03-27T19:19:40.365+0000] {logging_mixin.py:120} INFO - [2024-03-27T19:19:40.365+0000] {dag.py:3340} INFO - Setting next_dagrun for tutorial_dag to None, run_after=None
[2024-03-27T19:19:40.376+0000] {processor.py:176} INFO - Processing /home/airflow/.local/lib/python3.7/site-packages/airflow/example_dags/tutorial_dag.py took 0.061 seconds
[2024-03-27T19:20:20.378+0000] {processor.py:154} INFO - Started process (PID=108) to work on /home/airflow/.local/lib/python3.7/site-packages/airflow/example_dags/tutorial_dag.py
[2024-03-27T19:20:20.380+0000] {processor.py:756} INFO - Processing file /home/airflow/.local/lib/python3.7/site-packages/airflow/example_dags/tutorial_dag.py for tasks to queue
[2024-03-27T19:20:20.381+0000] {logging_mixin.py:120} INFO - [2024-03-27T19:20:20.381+0000] {dagbag.py:537} INFO - Filling up the DagBag from /home/airflow/.local/lib/python3.7/site-packages/airflow/example_dags/tutorial_dag.py
[2024-03-27T19:20:20.417+0000] {processor.py:766} INFO - DAG(s) dict_keys(['tutorial_dag']) retrieved from /home/airflow/.local/lib/python3.7/site-packages/airflow/example_dags/tutorial_dag.py
[2024-03-27T19:20:20.473+0000] {logging_mixin.py:120} INFO - [2024-03-27T19:20:20.472+0000] {dag.py:2585} INFO - Sync 1 DAGs
[2024-03-27T19:20:20.538+0000] {logging_mixin.py:120} INFO - [2024-03-27T19:20:20.538+0000] {dag.py:3340} INFO - Setting next_dagrun for tutorial_dag to None, run_after=None
[2024-03-27T19:20:20.588+0000] {processor.py:176} INFO - Processing /home/airflow/.local/lib/python3.7/site-packages/airflow/example_dags/tutorial_dag.py took 0.218 seconds
[2024-03-27T19:21:22.772+0000] {processor.py:154} INFO - Started process (PID=48) to work on /home/airflow/.local/lib/python3.7/site-packages/airflow/example_dags/tutorial_dag.py
[2024-03-27T19:21:22.773+0000] {processor.py:756} INFO - Processing file /home/airflow/.local/lib/python3.7/site-packages/airflow/example_dags/tutorial_dag.py for tasks to queue
[2024-03-27T19:21:22.773+0000] {logging_mixin.py:120} INFO - [2024-03-27T19:21:22.773+0000] {dagbag.py:537} INFO - Filling up the DagBag from /home/airflow/.local/lib/python3.7/site-packages/airflow/example_dags/tutorial_dag.py
[2024-03-27T19:21:22.783+0000] {processor.py:766} INFO - DAG(s) dict_keys(['tutorial_dag']) retrieved from /home/airflow/.local/lib/python3.7/site-packages/airflow/example_dags/tutorial_dag.py
[2024-03-27T19:21:22.811+0000] {logging_mixin.py:120} INFO - [2024-03-27T19:21:22.811+0000] {dag.py:2585} INFO - Sync 1 DAGs
[2024-03-27T19:21:22.829+0000] {logging_mixin.py:120} INFO - [2024-03-27T19:21:22.829+0000] {dag.py:3340} INFO - Setting next_dagrun for tutorial_dag to None, run_after=None
[2024-03-27T19:21:22.843+0000] {processor.py:176} INFO - Processing /home/airflow/.local/lib/python3.7/site-packages/airflow/example_dags/tutorial_dag.py took 0.073 seconds
[2024-03-27T19:21:53.429+0000] {processor.py:154} INFO - Started process (PID=98) to work on /home/airflow/.local/lib/python3.7/site-packages/airflow/example_dags/tutorial_dag.py
[2024-03-27T19:21:53.430+0000] {processor.py:756} INFO - Processing file /home/airflow/.local/lib/python3.7/site-packages/airflow/example_dags/tutorial_dag.py for tasks to queue
[2024-03-27T19:21:53.430+0000] {logging_mixin.py:120} INFO - [2024-03-27T19:21:53.430+0000] {dagbag.py:537} INFO - Filling up the DagBag from /home/airflow/.local/lib/python3.7/site-packages/airflow/example_dags/tutorial_dag.py
[2024-03-27T19:21:53.440+0000] {processor.py:766} INFO - DAG(s) dict_keys(['tutorial_dag']) retrieved from /home/airflow/.local/lib/python3.7/site-packages/airflow/example_dags/tutorial_dag.py
[2024-03-27T19:21:53.465+0000] {logging_mixin.py:120} INFO - [2024-03-27T19:21:53.465+0000] {dag.py:2585} INFO - Sync 1 DAGs
[2024-03-27T19:21:53.481+0000] {logging_mixin.py:120} INFO - [2024-03-27T19:21:53.481+0000] {dag.py:3340} INFO - Setting next_dagrun for tutorial_dag to None, run_after=None
[2024-03-27T19:21:53.492+0000] {processor.py:176} INFO - Processing /home/airflow/.local/lib/python3.7/site-packages/airflow/example_dags/tutorial_dag.py took 0.065 seconds
[2024-03-27T19:22:30.042+0000] {processor.py:154} INFO - Started process (PID=39) to work on /home/airflow/.local/lib/python3.7/site-packages/airflow/example_dags/tutorial_dag.py
[2024-03-27T19:22:30.043+0000] {processor.py:756} INFO - Processing file /home/airflow/.local/lib/python3.7/site-packages/airflow/example_dags/tutorial_dag.py for tasks to queue
[2024-03-27T19:22:30.045+0000] {logging_mixin.py:120} INFO - [2024-03-27T19:22:30.045+0000] {dagbag.py:537} INFO - Filling up the DagBag from /home/airflow/.local/lib/python3.7/site-packages/airflow/example_dags/tutorial_dag.py
[2024-03-27T19:22:30.054+0000] {processor.py:766} INFO - DAG(s) dict_keys(['tutorial_dag']) retrieved from /home/airflow/.local/lib/python3.7/site-packages/airflow/example_dags/tutorial_dag.py
[2024-03-27T19:22:30.079+0000] {logging_mixin.py:120} INFO - [2024-03-27T19:22:30.079+0000] {dag.py:2585} INFO - Sync 1 DAGs
[2024-03-27T19:22:30.092+0000] {logging_mixin.py:120} INFO - [2024-03-27T19:22:30.092+0000] {dag.py:3340} INFO - Setting next_dagrun for tutorial_dag to None, run_after=None
[2024-03-27T19:22:30.102+0000] {processor.py:176} INFO - Processing /home/airflow/.local/lib/python3.7/site-packages/airflow/example_dags/tutorial_dag.py took 0.063 seconds
[2024-03-27T19:23:00.742+0000] {processor.py:154} INFO - Started process (PID=107) to work on /home/airflow/.local/lib/python3.7/site-packages/airflow/example_dags/tutorial_dag.py
[2024-03-27T19:23:00.742+0000] {processor.py:756} INFO - Processing file /home/airflow/.local/lib/python3.7/site-packages/airflow/example_dags/tutorial_dag.py for tasks to queue
[2024-03-27T19:23:00.743+0000] {logging_mixin.py:120} INFO - [2024-03-27T19:23:00.743+0000] {dagbag.py:537} INFO - Filling up the DagBag from /home/airflow/.local/lib/python3.7/site-packages/airflow/example_dags/tutorial_dag.py
[2024-03-27T19:23:00.752+0000] {processor.py:766} INFO - DAG(s) dict_keys(['tutorial_dag']) retrieved from /home/airflow/.local/lib/python3.7/site-packages/airflow/example_dags/tutorial_dag.py
[2024-03-27T19:23:00.771+0000] {logging_mixin.py:120} INFO - [2024-03-27T19:23:00.771+0000] {dag.py:2585} INFO - Sync 1 DAGs
[2024-03-27T19:23:00.786+0000] {logging_mixin.py:120} INFO - [2024-03-27T19:23:00.785+0000] {dag.py:3340} INFO - Setting next_dagrun for tutorial_dag to None, run_after=None
[2024-03-27T19:23:00.794+0000] {processor.py:176} INFO - Processing /home/airflow/.local/lib/python3.7/site-packages/airflow/example_dags/tutorial_dag.py took 0.054 seconds
[2024-03-27T19:24:27.303+0000] {processor.py:154} INFO - Started process (PID=165) to work on /home/airflow/.local/lib/python3.7/site-packages/airflow/example_dags/tutorial_dag.py
[2024-03-27T19:24:27.305+0000] {processor.py:756} INFO - Processing file /home/airflow/.local/lib/python3.7/site-packages/airflow/example_dags/tutorial_dag.py for tasks to queue
[2024-03-27T19:24:27.307+0000] {logging_mixin.py:120} INFO - [2024-03-27T19:24:27.306+0000] {dagbag.py:537} INFO - Filling up the DagBag from /home/airflow/.local/lib/python3.7/site-packages/airflow/example_dags/tutorial_dag.py
[2024-03-27T19:24:27.332+0000] {processor.py:766} INFO - DAG(s) dict_keys(['tutorial_dag']) retrieved from /home/airflow/.local/lib/python3.7/site-packages/airflow/example_dags/tutorial_dag.py
[2024-03-27T19:24:27.368+0000] {logging_mixin.py:120} INFO - [2024-03-27T19:24:27.368+0000] {dag.py:2585} INFO - Sync 1 DAGs
[2024-03-27T19:24:27.386+0000] {logging_mixin.py:120} INFO - [2024-03-27T19:24:27.386+0000] {dag.py:3340} INFO - Setting next_dagrun for tutorial_dag to None, run_after=None
[2024-03-27T19:24:27.398+0000] {processor.py:176} INFO - Processing /home/airflow/.local/lib/python3.7/site-packages/airflow/example_dags/tutorial_dag.py took 0.099 seconds
[2024-03-27T19:24:53.387+0000] {processor.py:154} INFO - Started process (PID=39) to work on /home/airflow/.local/lib/python3.7/site-packages/airflow/example_dags/tutorial_dag.py
[2024-03-27T19:24:53.388+0000] {processor.py:756} INFO - Processing file /home/airflow/.local/lib/python3.7/site-packages/airflow/example_dags/tutorial_dag.py for tasks to queue
[2024-03-27T19:24:53.388+0000] {logging_mixin.py:120} INFO - [2024-03-27T19:24:53.388+0000] {dagbag.py:537} INFO - Filling up the DagBag from /home/airflow/.local/lib/python3.7/site-packages/airflow/example_dags/tutorial_dag.py
[2024-03-27T19:24:53.398+0000] {processor.py:766} INFO - DAG(s) dict_keys(['tutorial_dag']) retrieved from /home/airflow/.local/lib/python3.7/site-packages/airflow/example_dags/tutorial_dag.py
[2024-03-27T19:24:53.424+0000] {logging_mixin.py:120} INFO - [2024-03-27T19:24:53.424+0000] {dag.py:2585} INFO - Sync 1 DAGs
[2024-03-27T19:24:53.437+0000] {logging_mixin.py:120} INFO - [2024-03-27T19:24:53.437+0000] {dag.py:3340} INFO - Setting next_dagrun for tutorial_dag to None, run_after=None
[2024-03-27T19:24:53.447+0000] {processor.py:176} INFO - Processing /home/airflow/.local/lib/python3.7/site-packages/airflow/example_dags/tutorial_dag.py took 0.063 seconds
[2024-03-27T19:25:23.705+0000] {processor.py:154} INFO - Started process (PID=104) to work on /home/airflow/.local/lib/python3.7/site-packages/airflow/example_dags/tutorial_dag.py
[2024-03-27T19:25:23.705+0000] {processor.py:756} INFO - Processing file /home/airflow/.local/lib/python3.7/site-packages/airflow/example_dags/tutorial_dag.py for tasks to queue
[2024-03-27T19:25:23.706+0000] {logging_mixin.py:120} INFO - [2024-03-27T19:25:23.706+0000] {dagbag.py:537} INFO - Filling up the DagBag from /home/airflow/.local/lib/python3.7/site-packages/airflow/example_dags/tutorial_dag.py
[2024-03-27T19:25:23.715+0000] {processor.py:766} INFO - DAG(s) dict_keys(['tutorial_dag']) retrieved from /home/airflow/.local/lib/python3.7/site-packages/airflow/example_dags/tutorial_dag.py
[2024-03-27T19:25:23.738+0000] {logging_mixin.py:120} INFO - [2024-03-27T19:25:23.738+0000] {dag.py:2585} INFO - Sync 1 DAGs
[2024-03-27T19:25:23.751+0000] {logging_mixin.py:120} INFO - [2024-03-27T19:25:23.751+0000] {dag.py:3340} INFO - Setting next_dagrun for tutorial_dag to None, run_after=None
[2024-03-27T19:25:23.759+0000] {processor.py:176} INFO - Processing /home/airflow/.local/lib/python3.7/site-packages/airflow/example_dags/tutorial_dag.py took 0.056 seconds
[2024-03-27T19:25:53.958+0000] {processor.py:154} INFO - Started process (PID=173) to work on /home/airflow/.local/lib/python3.7/site-packages/airflow/example_dags/tutorial_dag.py
[2024-03-27T19:25:53.962+0000] {processor.py:756} INFO - Processing file /home/airflow/.local/lib/python3.7/site-packages/airflow/example_dags/tutorial_dag.py for tasks to queue
[2024-03-27T19:25:53.963+0000] {logging_mixin.py:120} INFO - [2024-03-27T19:25:53.963+0000] {dagbag.py:537} INFO - Filling up the DagBag from /home/airflow/.local/lib/python3.7/site-packages/airflow/example_dags/tutorial_dag.py
[2024-03-27T19:25:53.976+0000] {processor.py:766} INFO - DAG(s) dict_keys(['tutorial_dag']) retrieved from /home/airflow/.local/lib/python3.7/site-packages/airflow/example_dags/tutorial_dag.py
[2024-03-27T19:25:54.010+0000] {logging_mixin.py:120} INFO - [2024-03-27T19:25:54.010+0000] {dag.py:2585} INFO - Sync 1 DAGs
[2024-03-27T19:25:54.027+0000] {logging_mixin.py:120} INFO - [2024-03-27T19:25:54.027+0000] {dag.py:3340} INFO - Setting next_dagrun for tutorial_dag to None, run_after=None
[2024-03-27T19:25:54.042+0000] {processor.py:176} INFO - Processing /home/airflow/.local/lib/python3.7/site-packages/airflow/example_dags/tutorial_dag.py took 0.088 seconds
[2024-03-27T19:26:24.562+0000] {processor.py:154} INFO - Started process (PID=232) to work on /home/airflow/.local/lib/python3.7/site-packages/airflow/example_dags/tutorial_dag.py
[2024-03-27T19:26:24.563+0000] {processor.py:756} INFO - Processing file /home/airflow/.local/lib/python3.7/site-packages/airflow/example_dags/tutorial_dag.py for tasks to queue
[2024-03-27T19:26:24.564+0000] {logging_mixin.py:120} INFO - [2024-03-27T19:26:24.564+0000] {dagbag.py:537} INFO - Filling up the DagBag from /home/airflow/.local/lib/python3.7/site-packages/airflow/example_dags/tutorial_dag.py
[2024-03-27T19:26:24.576+0000] {processor.py:766} INFO - DAG(s) dict_keys(['tutorial_dag']) retrieved from /home/airflow/.local/lib/python3.7/site-packages/airflow/example_dags/tutorial_dag.py
[2024-03-27T19:26:24.603+0000] {logging_mixin.py:120} INFO - [2024-03-27T19:26:24.603+0000] {dag.py:2585} INFO - Sync 1 DAGs
[2024-03-27T19:26:24.617+0000] {logging_mixin.py:120} INFO - [2024-03-27T19:26:24.616+0000] {dag.py:3340} INFO - Setting next_dagrun for tutorial_dag to None, run_after=None
[2024-03-27T19:26:24.626+0000] {processor.py:176} INFO - Processing /home/airflow/.local/lib/python3.7/site-packages/airflow/example_dags/tutorial_dag.py took 0.065 seconds
[2024-03-27T19:26:56.447+0000] {processor.py:154} INFO - Started process (PID=40) to work on /home/airflow/.local/lib/python3.7/site-packages/airflow/example_dags/tutorial_dag.py
[2024-03-27T19:26:56.448+0000] {processor.py:756} INFO - Processing file /home/airflow/.local/lib/python3.7/site-packages/airflow/example_dags/tutorial_dag.py for tasks to queue
[2024-03-27T19:26:56.448+0000] {logging_mixin.py:120} INFO - [2024-03-27T19:26:56.448+0000] {dagbag.py:537} INFO - Filling up the DagBag from /home/airflow/.local/lib/python3.7/site-packages/airflow/example_dags/tutorial_dag.py
[2024-03-27T19:26:56.456+0000] {processor.py:766} INFO - DAG(s) dict_keys(['tutorial_dag']) retrieved from /home/airflow/.local/lib/python3.7/site-packages/airflow/example_dags/tutorial_dag.py
[2024-03-27T19:26:56.479+0000] {logging_mixin.py:120} INFO - [2024-03-27T19:26:56.479+0000] {dag.py:2585} INFO - Sync 1 DAGs
[2024-03-27T19:26:56.492+0000] {logging_mixin.py:120} INFO - [2024-03-27T19:26:56.492+0000] {dag.py:3340} INFO - Setting next_dagrun for tutorial_dag to None, run_after=None
[2024-03-27T19:26:56.502+0000] {processor.py:176} INFO - Processing /home/airflow/.local/lib/python3.7/site-packages/airflow/example_dags/tutorial_dag.py took 0.056 seconds
[2024-03-27T19:27:26.542+0000] {processor.py:154} INFO - Started process (PID=105) to work on /home/airflow/.local/lib/python3.7/site-packages/airflow/example_dags/tutorial_dag.py
[2024-03-27T19:27:26.543+0000] {processor.py:756} INFO - Processing file /home/airflow/.local/lib/python3.7/site-packages/airflow/example_dags/tutorial_dag.py for tasks to queue
[2024-03-27T19:27:26.544+0000] {logging_mixin.py:120} INFO - [2024-03-27T19:27:26.543+0000] {dagbag.py:537} INFO - Filling up the DagBag from /home/airflow/.local/lib/python3.7/site-packages/airflow/example_dags/tutorial_dag.py
[2024-03-27T19:27:26.552+0000] {processor.py:766} INFO - DAG(s) dict_keys(['tutorial_dag']) retrieved from /home/airflow/.local/lib/python3.7/site-packages/airflow/example_dags/tutorial_dag.py
[2024-03-27T19:27:26.571+0000] {logging_mixin.py:120} INFO - [2024-03-27T19:27:26.571+0000] {dag.py:2585} INFO - Sync 1 DAGs
[2024-03-27T19:27:26.583+0000] {logging_mixin.py:120} INFO - [2024-03-27T19:27:26.583+0000] {dag.py:3340} INFO - Setting next_dagrun for tutorial_dag to None, run_after=None
[2024-03-27T19:27:26.592+0000] {processor.py:176} INFO - Processing /home/airflow/.local/lib/python3.7/site-packages/airflow/example_dags/tutorial_dag.py took 0.051 seconds
[2024-03-27T19:27:56.620+0000] {processor.py:154} INFO - Started process (PID=192) to work on /home/airflow/.local/lib/python3.7/site-packages/airflow/example_dags/tutorial_dag.py
[2024-03-27T19:27:56.621+0000] {processor.py:756} INFO - Processing file /home/airflow/.local/lib/python3.7/site-packages/airflow/example_dags/tutorial_dag.py for tasks to queue
[2024-03-27T19:27:56.621+0000] {logging_mixin.py:120} INFO - [2024-03-27T19:27:56.621+0000] {dagbag.py:537} INFO - Filling up the DagBag from /home/airflow/.local/lib/python3.7/site-packages/airflow/example_dags/tutorial_dag.py
[2024-03-27T19:27:56.628+0000] {processor.py:766} INFO - DAG(s) dict_keys(['tutorial_dag']) retrieved from /home/airflow/.local/lib/python3.7/site-packages/airflow/example_dags/tutorial_dag.py
[2024-03-27T19:27:56.650+0000] {logging_mixin.py:120} INFO - [2024-03-27T19:27:56.650+0000] {dag.py:2585} INFO - Sync 1 DAGs
[2024-03-27T19:27:56.664+0000] {logging_mixin.py:120} INFO - [2024-03-27T19:27:56.664+0000] {dag.py:3340} INFO - Setting next_dagrun for tutorial_dag to None, run_after=None
[2024-03-27T19:27:56.674+0000] {processor.py:176} INFO - Processing /home/airflow/.local/lib/python3.7/site-packages/airflow/example_dags/tutorial_dag.py took 0.056 seconds
[2024-03-27T19:28:33.811+0000] {processor.py:154} INFO - Started process (PID=263) to work on /home/airflow/.local/lib/python3.7/site-packages/airflow/example_dags/tutorial_dag.py
[2024-03-27T19:28:33.815+0000] {processor.py:756} INFO - Processing file /home/airflow/.local/lib/python3.7/site-packages/airflow/example_dags/tutorial_dag.py for tasks to queue
[2024-03-27T19:28:33.816+0000] {logging_mixin.py:120} INFO - [2024-03-27T19:28:33.815+0000] {dagbag.py:537} INFO - Filling up the DagBag from /home/airflow/.local/lib/python3.7/site-packages/airflow/example_dags/tutorial_dag.py
[2024-03-27T19:28:33.832+0000] {processor.py:766} INFO - DAG(s) dict_keys(['tutorial_dag']) retrieved from /home/airflow/.local/lib/python3.7/site-packages/airflow/example_dags/tutorial_dag.py
[2024-03-27T19:28:33.871+0000] {logging_mixin.py:120} INFO - [2024-03-27T19:28:33.871+0000] {dag.py:2585} INFO - Sync 1 DAGs
[2024-03-27T19:28:33.893+0000] {logging_mixin.py:120} INFO - [2024-03-27T19:28:33.893+0000] {dag.py:3340} INFO - Setting next_dagrun for tutorial_dag to None, run_after=None
[2024-03-27T19:28:33.909+0000] {processor.py:176} INFO - Processing /home/airflow/.local/lib/python3.7/site-packages/airflow/example_dags/tutorial_dag.py took 0.101 seconds
[2024-03-27T19:29:07.317+0000] {processor.py:154} INFO - Started process (PID=312) to work on /home/airflow/.local/lib/python3.7/site-packages/airflow/example_dags/tutorial_dag.py
[2024-03-27T19:29:07.320+0000] {processor.py:756} INFO - Processing file /home/airflow/.local/lib/python3.7/site-packages/airflow/example_dags/tutorial_dag.py for tasks to queue
[2024-03-27T19:29:07.321+0000] {logging_mixin.py:120} INFO - [2024-03-27T19:29:07.321+0000] {dagbag.py:537} INFO - Filling up the DagBag from /home/airflow/.local/lib/python3.7/site-packages/airflow/example_dags/tutorial_dag.py
[2024-03-27T19:29:07.342+0000] {processor.py:766} INFO - DAG(s) dict_keys(['tutorial_dag']) retrieved from /home/airflow/.local/lib/python3.7/site-packages/airflow/example_dags/tutorial_dag.py
[2024-03-27T19:29:07.417+0000] {logging_mixin.py:120} INFO - [2024-03-27T19:29:07.417+0000] {dag.py:2585} INFO - Sync 1 DAGs
[2024-03-27T19:29:07.459+0000] {logging_mixin.py:120} INFO - [2024-03-27T19:29:07.459+0000] {dag.py:3340} INFO - Setting next_dagrun for tutorial_dag to None, run_after=None
[2024-03-27T19:29:07.481+0000] {processor.py:176} INFO - Processing /home/airflow/.local/lib/python3.7/site-packages/airflow/example_dags/tutorial_dag.py took 0.168 seconds
[2024-03-27T19:29:55.615+0000] {processor.py:154} INFO - Started process (PID=382) to work on /home/airflow/.local/lib/python3.7/site-packages/airflow/example_dags/tutorial_dag.py
[2024-03-27T19:29:55.618+0000] {processor.py:756} INFO - Processing file /home/airflow/.local/lib/python3.7/site-packages/airflow/example_dags/tutorial_dag.py for tasks to queue
[2024-03-27T19:29:55.619+0000] {logging_mixin.py:120} INFO - [2024-03-27T19:29:55.619+0000] {dagbag.py:537} INFO - Filling up the DagBag from /home/airflow/.local/lib/python3.7/site-packages/airflow/example_dags/tutorial_dag.py
[2024-03-27T19:29:55.660+0000] {processor.py:766} INFO - DAG(s) dict_keys(['tutorial_dag']) retrieved from /home/airflow/.local/lib/python3.7/site-packages/airflow/example_dags/tutorial_dag.py
[2024-03-27T19:29:55.833+0000] {logging_mixin.py:120} INFO - [2024-03-27T19:29:55.832+0000] {dag.py:2585} INFO - Sync 1 DAGs
[2024-03-27T19:29:55.971+0000] {logging_mixin.py:120} INFO - [2024-03-27T19:29:55.966+0000] {dag.py:3340} INFO - Setting next_dagrun for tutorial_dag to None, run_after=None
[2024-03-27T19:30:03.185+0000] {processor.py:176} INFO - Processing /home/airflow/.local/lib/python3.7/site-packages/airflow/example_dags/tutorial_dag.py took 7.317 seconds
[2024-03-27T19:30:35.482+0000] {processor.py:154} INFO - Started process (PID=436) to work on /home/airflow/.local/lib/python3.7/site-packages/airflow/example_dags/tutorial_dag.py
[2024-03-27T19:30:35.487+0000] {processor.py:756} INFO - Processing file /home/airflow/.local/lib/python3.7/site-packages/airflow/example_dags/tutorial_dag.py for tasks to queue
[2024-03-27T19:30:35.488+0000] {logging_mixin.py:120} INFO - [2024-03-27T19:30:35.488+0000] {dagbag.py:537} INFO - Filling up the DagBag from /home/airflow/.local/lib/python3.7/site-packages/airflow/example_dags/tutorial_dag.py
[2024-03-27T19:30:35.595+0000] {processor.py:766} INFO - DAG(s) dict_keys(['tutorial_dag']) retrieved from /home/airflow/.local/lib/python3.7/site-packages/airflow/example_dags/tutorial_dag.py
[2024-03-27T19:30:35.851+0000] {logging_mixin.py:120} INFO - [2024-03-27T19:30:35.850+0000] {dag.py:2585} INFO - Sync 1 DAGs
[2024-03-27T19:30:35.972+0000] {logging_mixin.py:120} INFO - [2024-03-27T19:30:35.971+0000] {dag.py:3340} INFO - Setting next_dagrun for tutorial_dag to None, run_after=None
[2024-03-27T19:30:49.230+0000] {processor.py:176} INFO - Processing /home/airflow/.local/lib/python3.7/site-packages/airflow/example_dags/tutorial_dag.py took 13.755 seconds
[2024-03-27T19:31:22.217+0000] {processor.py:154} INFO - Started process (PID=498) to work on /home/airflow/.local/lib/python3.7/site-packages/airflow/example_dags/tutorial_dag.py
[2024-03-27T19:31:22.220+0000] {processor.py:756} INFO - Processing file /home/airflow/.local/lib/python3.7/site-packages/airflow/example_dags/tutorial_dag.py for tasks to queue
[2024-03-27T19:31:22.223+0000] {logging_mixin.py:120} INFO - [2024-03-27T19:31:22.223+0000] {dagbag.py:537} INFO - Filling up the DagBag from /home/airflow/.local/lib/python3.7/site-packages/airflow/example_dags/tutorial_dag.py
[2024-03-27T19:31:22.279+0000] {processor.py:766} INFO - DAG(s) dict_keys(['tutorial_dag']) retrieved from /home/airflow/.local/lib/python3.7/site-packages/airflow/example_dags/tutorial_dag.py
[2024-03-27T19:31:22.450+0000] {logging_mixin.py:120} INFO - [2024-03-27T19:31:22.450+0000] {dag.py:2585} INFO - Sync 1 DAGs
[2024-03-27T19:31:22.522+0000] {logging_mixin.py:120} INFO - [2024-03-27T19:31:22.521+0000] {dag.py:3340} INFO - Setting next_dagrun for tutorial_dag to None, run_after=None
[2024-03-27T19:31:22.670+0000] {processor.py:176} INFO - Processing /home/airflow/.local/lib/python3.7/site-packages/airflow/example_dags/tutorial_dag.py took 0.462 seconds
[2024-03-27T19:32:02.839+0000] {processor.py:154} INFO - Started process (PID=557) to work on /home/airflow/.local/lib/python3.7/site-packages/airflow/example_dags/tutorial_dag.py
[2024-03-27T19:32:02.841+0000] {processor.py:756} INFO - Processing file /home/airflow/.local/lib/python3.7/site-packages/airflow/example_dags/tutorial_dag.py for tasks to queue
[2024-03-27T19:32:02.841+0000] {logging_mixin.py:120} INFO - [2024-03-27T19:32:02.841+0000] {dagbag.py:537} INFO - Filling up the DagBag from /home/airflow/.local/lib/python3.7/site-packages/airflow/example_dags/tutorial_dag.py
[2024-03-27T19:32:02.857+0000] {processor.py:766} INFO - DAG(s) dict_keys(['tutorial_dag']) retrieved from /home/airflow/.local/lib/python3.7/site-packages/airflow/example_dags/tutorial_dag.py
[2024-03-27T19:32:02.900+0000] {logging_mixin.py:120} INFO - [2024-03-27T19:32:02.900+0000] {dag.py:2585} INFO - Sync 1 DAGs
[2024-03-27T19:32:02.931+0000] {logging_mixin.py:120} INFO - [2024-03-27T19:32:02.931+0000] {dag.py:3340} INFO - Setting next_dagrun for tutorial_dag to None, run_after=None
[2024-03-27T19:32:02.953+0000] {processor.py:176} INFO - Processing /home/airflow/.local/lib/python3.7/site-packages/airflow/example_dags/tutorial_dag.py took 0.117 seconds
[2024-03-27T19:32:47.480+0000] {processor.py:154} INFO - Started process (PID=612) to work on /home/airflow/.local/lib/python3.7/site-packages/airflow/example_dags/tutorial_dag.py
[2024-03-27T19:32:47.483+0000] {processor.py:756} INFO - Processing file /home/airflow/.local/lib/python3.7/site-packages/airflow/example_dags/tutorial_dag.py for tasks to queue
[2024-03-27T19:32:47.484+0000] {logging_mixin.py:120} INFO - [2024-03-27T19:32:47.483+0000] {dagbag.py:537} INFO - Filling up the DagBag from /home/airflow/.local/lib/python3.7/site-packages/airflow/example_dags/tutorial_dag.py
[2024-03-27T19:32:47.553+0000] {processor.py:766} INFO - DAG(s) dict_keys(['tutorial_dag']) retrieved from /home/airflow/.local/lib/python3.7/site-packages/airflow/example_dags/tutorial_dag.py
[2024-03-27T19:32:49.045+0000] {logging_mixin.py:120} INFO - [2024-03-27T19:32:49.040+0000] {dag.py:2585} INFO - Sync 1 DAGs
[2024-03-27T19:32:49.113+0000] {logging_mixin.py:120} INFO - [2024-03-27T19:32:49.113+0000] {dag.py:3340} INFO - Setting next_dagrun for tutorial_dag to None, run_after=None
[2024-03-27T19:32:49.147+0000] {processor.py:176} INFO - Processing /home/airflow/.local/lib/python3.7/site-packages/airflow/example_dags/tutorial_dag.py took 1.680 seconds
[2024-03-27T19:33:19.337+0000] {processor.py:154} INFO - Started process (PID=663) to work on /home/airflow/.local/lib/python3.7/site-packages/airflow/example_dags/tutorial_dag.py
[2024-03-27T19:33:19.338+0000] {processor.py:756} INFO - Processing file /home/airflow/.local/lib/python3.7/site-packages/airflow/example_dags/tutorial_dag.py for tasks to queue
[2024-03-27T19:33:19.339+0000] {logging_mixin.py:120} INFO - [2024-03-27T19:33:19.339+0000] {dagbag.py:537} INFO - Filling up the DagBag from /home/airflow/.local/lib/python3.7/site-packages/airflow/example_dags/tutorial_dag.py
[2024-03-27T19:33:19.376+0000] {processor.py:766} INFO - DAG(s) dict_keys(['tutorial_dag']) retrieved from /home/airflow/.local/lib/python3.7/site-packages/airflow/example_dags/tutorial_dag.py
[2024-03-27T19:33:19.439+0000] {logging_mixin.py:120} INFO - [2024-03-27T19:33:19.439+0000] {dag.py:2585} INFO - Sync 1 DAGs
[2024-03-27T19:33:19.495+0000] {logging_mixin.py:120} INFO - [2024-03-27T19:33:19.494+0000] {dag.py:3340} INFO - Setting next_dagrun for tutorial_dag to None, run_after=None
[2024-03-27T19:33:19.515+0000] {processor.py:176} INFO - Processing /home/airflow/.local/lib/python3.7/site-packages/airflow/example_dags/tutorial_dag.py took 0.181 seconds
[2024-03-27T19:33:49.729+0000] {processor.py:154} INFO - Started process (PID=723) to work on /home/airflow/.local/lib/python3.7/site-packages/airflow/example_dags/tutorial_dag.py
[2024-03-27T19:33:49.731+0000] {processor.py:756} INFO - Processing file /home/airflow/.local/lib/python3.7/site-packages/airflow/example_dags/tutorial_dag.py for tasks to queue
[2024-03-27T19:33:49.732+0000] {logging_mixin.py:120} INFO - [2024-03-27T19:33:49.732+0000] {dagbag.py:537} INFO - Filling up the DagBag from /home/airflow/.local/lib/python3.7/site-packages/airflow/example_dags/tutorial_dag.py
[2024-03-27T19:33:49.741+0000] {processor.py:766} INFO - DAG(s) dict_keys(['tutorial_dag']) retrieved from /home/airflow/.local/lib/python3.7/site-packages/airflow/example_dags/tutorial_dag.py
[2024-03-27T19:33:49.768+0000] {logging_mixin.py:120} INFO - [2024-03-27T19:33:49.768+0000] {dag.py:2585} INFO - Sync 1 DAGs
[2024-03-27T19:33:49.786+0000] {logging_mixin.py:120} INFO - [2024-03-27T19:33:49.786+0000] {dag.py:3340} INFO - Setting next_dagrun for tutorial_dag to None, run_after=None
[2024-03-27T19:33:49.800+0000] {processor.py:176} INFO - Processing /home/airflow/.local/lib/python3.7/site-packages/airflow/example_dags/tutorial_dag.py took 0.073 seconds
[2024-03-27T19:34:28.375+0000] {processor.py:154} INFO - Started process (PID=782) to work on /home/airflow/.local/lib/python3.7/site-packages/airflow/example_dags/tutorial_dag.py
[2024-03-27T19:34:28.376+0000] {processor.py:756} INFO - Processing file /home/airflow/.local/lib/python3.7/site-packages/airflow/example_dags/tutorial_dag.py for tasks to queue
[2024-03-27T19:34:28.381+0000] {logging_mixin.py:120} INFO - [2024-03-27T19:34:28.379+0000] {dagbag.py:537} INFO - Filling up the DagBag from /home/airflow/.local/lib/python3.7/site-packages/airflow/example_dags/tutorial_dag.py
[2024-03-27T19:34:28.678+0000] {processor.py:766} INFO - DAG(s) dict_keys(['tutorial_dag']) retrieved from /home/airflow/.local/lib/python3.7/site-packages/airflow/example_dags/tutorial_dag.py
[2024-03-27T19:34:28.832+0000] {logging_mixin.py:120} INFO - [2024-03-27T19:34:28.832+0000] {dag.py:2585} INFO - Sync 1 DAGs
[2024-03-27T19:34:28.855+0000] {logging_mixin.py:120} INFO - [2024-03-27T19:34:28.855+0000] {dag.py:3340} INFO - Setting next_dagrun for tutorial_dag to None, run_after=None
[2024-03-27T19:34:28.893+0000] {processor.py:176} INFO - Processing /home/airflow/.local/lib/python3.7/site-packages/airflow/example_dags/tutorial_dag.py took 0.523 seconds
[2024-03-27T19:35:09.739+0000] {processor.py:154} INFO - Started process (PID=846) to work on /home/airflow/.local/lib/python3.7/site-packages/airflow/example_dags/tutorial_dag.py
[2024-03-27T19:35:09.742+0000] {processor.py:756} INFO - Processing file /home/airflow/.local/lib/python3.7/site-packages/airflow/example_dags/tutorial_dag.py for tasks to queue
[2024-03-27T19:35:09.746+0000] {logging_mixin.py:120} INFO - [2024-03-27T19:35:09.744+0000] {dagbag.py:537} INFO - Filling up the DagBag from /home/airflow/.local/lib/python3.7/site-packages/airflow/example_dags/tutorial_dag.py
[2024-03-27T19:35:09.830+0000] {processor.py:766} INFO - DAG(s) dict_keys(['tutorial_dag']) retrieved from /home/airflow/.local/lib/python3.7/site-packages/airflow/example_dags/tutorial_dag.py
[2024-03-27T19:35:10.136+0000] {logging_mixin.py:120} INFO - [2024-03-27T19:35:10.132+0000] {dag.py:2585} INFO - Sync 1 DAGs
[2024-03-27T19:35:10.202+0000] {logging_mixin.py:120} INFO - [2024-03-27T19:35:10.202+0000] {dag.py:3340} INFO - Setting next_dagrun for tutorial_dag to None, run_after=None
[2024-03-27T19:35:10.232+0000] {processor.py:176} INFO - Processing /home/airflow/.local/lib/python3.7/site-packages/airflow/example_dags/tutorial_dag.py took 0.504 seconds
[2024-03-27T19:35:40.941+0000] {processor.py:154} INFO - Started process (PID=898) to work on /home/airflow/.local/lib/python3.7/site-packages/airflow/example_dags/tutorial_dag.py
[2024-03-27T19:35:40.942+0000] {processor.py:756} INFO - Processing file /home/airflow/.local/lib/python3.7/site-packages/airflow/example_dags/tutorial_dag.py for tasks to queue
[2024-03-27T19:35:40.944+0000] {logging_mixin.py:120} INFO - [2024-03-27T19:35:40.944+0000] {dagbag.py:537} INFO - Filling up the DagBag from /home/airflow/.local/lib/python3.7/site-packages/airflow/example_dags/tutorial_dag.py
[2024-03-27T19:35:40.966+0000] {processor.py:766} INFO - DAG(s) dict_keys(['tutorial_dag']) retrieved from /home/airflow/.local/lib/python3.7/site-packages/airflow/example_dags/tutorial_dag.py
[2024-03-27T19:35:41.023+0000] {logging_mixin.py:120} INFO - [2024-03-27T19:35:41.022+0000] {dag.py:2585} INFO - Sync 1 DAGs
[2024-03-27T19:35:41.058+0000] {logging_mixin.py:120} INFO - [2024-03-27T19:35:41.057+0000] {dag.py:3340} INFO - Setting next_dagrun for tutorial_dag to None, run_after=None
[2024-03-27T19:35:41.079+0000] {processor.py:176} INFO - Processing /home/airflow/.local/lib/python3.7/site-packages/airflow/example_dags/tutorial_dag.py took 0.143 seconds
[2024-03-27T19:36:17.276+0000] {processor.py:154} INFO - Started process (PID=948) to work on /home/airflow/.local/lib/python3.7/site-packages/airflow/example_dags/tutorial_dag.py
[2024-03-27T19:36:17.277+0000] {processor.py:756} INFO - Processing file /home/airflow/.local/lib/python3.7/site-packages/airflow/example_dags/tutorial_dag.py for tasks to queue
[2024-03-27T19:36:17.278+0000] {logging_mixin.py:120} INFO - [2024-03-27T19:36:17.278+0000] {dagbag.py:537} INFO - Filling up the DagBag from /home/airflow/.local/lib/python3.7/site-packages/airflow/example_dags/tutorial_dag.py
[2024-03-27T19:36:17.298+0000] {processor.py:766} INFO - DAG(s) dict_keys(['tutorial_dag']) retrieved from /home/airflow/.local/lib/python3.7/site-packages/airflow/example_dags/tutorial_dag.py
[2024-03-27T19:36:17.343+0000] {logging_mixin.py:120} INFO - [2024-03-27T19:36:17.343+0000] {dag.py:2585} INFO - Sync 1 DAGs
[2024-03-27T19:36:17.375+0000] {logging_mixin.py:120} INFO - [2024-03-27T19:36:17.375+0000] {dag.py:3340} INFO - Setting next_dagrun for tutorial_dag to None, run_after=None
[2024-03-27T19:36:17.404+0000] {processor.py:176} INFO - Processing /home/airflow/.local/lib/python3.7/site-packages/airflow/example_dags/tutorial_dag.py took 0.130 seconds
[2024-03-27T19:36:48.057+0000] {processor.py:154} INFO - Started process (PID=40) to work on /home/airflow/.local/lib/python3.7/site-packages/airflow/example_dags/tutorial_dag.py
[2024-03-27T19:36:48.058+0000] {processor.py:756} INFO - Processing file /home/airflow/.local/lib/python3.7/site-packages/airflow/example_dags/tutorial_dag.py for tasks to queue
[2024-03-27T19:36:48.058+0000] {logging_mixin.py:120} INFO - [2024-03-27T19:36:48.058+0000] {dagbag.py:537} INFO - Filling up the DagBag from /home/airflow/.local/lib/python3.7/site-packages/airflow/example_dags/tutorial_dag.py
[2024-03-27T19:36:48.075+0000] {processor.py:766} INFO - DAG(s) dict_keys(['tutorial_dag']) retrieved from /home/airflow/.local/lib/python3.7/site-packages/airflow/example_dags/tutorial_dag.py
[2024-03-27T19:36:48.142+0000] {logging_mixin.py:120} INFO - [2024-03-27T19:36:48.142+0000] {dag.py:2585} INFO - Sync 1 DAGs
[2024-03-27T19:36:48.159+0000] {logging_mixin.py:120} INFO - [2024-03-27T19:36:48.159+0000] {dag.py:3340} INFO - Setting next_dagrun for tutorial_dag to None, run_after=None
[2024-03-27T19:36:48.175+0000] {processor.py:176} INFO - Processing /home/airflow/.local/lib/python3.7/site-packages/airflow/example_dags/tutorial_dag.py took 0.122 seconds
[2024-03-27T19:37:19.082+0000] {processor.py:154} INFO - Started process (PID=87) to work on /home/airflow/.local/lib/python3.7/site-packages/airflow/example_dags/tutorial_dag.py
[2024-03-27T19:37:19.084+0000] {processor.py:756} INFO - Processing file /home/airflow/.local/lib/python3.7/site-packages/airflow/example_dags/tutorial_dag.py for tasks to queue
[2024-03-27T19:37:19.085+0000] {logging_mixin.py:120} INFO - [2024-03-27T19:37:19.085+0000] {dagbag.py:537} INFO - Filling up the DagBag from /home/airflow/.local/lib/python3.7/site-packages/airflow/example_dags/tutorial_dag.py
[2024-03-27T19:37:19.104+0000] {processor.py:766} INFO - DAG(s) dict_keys(['tutorial_dag']) retrieved from /home/airflow/.local/lib/python3.7/site-packages/airflow/example_dags/tutorial_dag.py
[2024-03-27T19:37:19.140+0000] {logging_mixin.py:120} INFO - [2024-03-27T19:37:19.140+0000] {dag.py:2585} INFO - Sync 1 DAGs
[2024-03-27T19:37:19.163+0000] {logging_mixin.py:120} INFO - [2024-03-27T19:37:19.162+0000] {dag.py:3340} INFO - Setting next_dagrun for tutorial_dag to None, run_after=None
[2024-03-27T19:37:19.190+0000] {processor.py:176} INFO - Processing /home/airflow/.local/lib/python3.7/site-packages/airflow/example_dags/tutorial_dag.py took 0.111 seconds
[2024-03-27T19:38:19.862+0000] {processor.py:154} INFO - Started process (PID=46) to work on /home/airflow/.local/lib/python3.7/site-packages/airflow/example_dags/tutorial_dag.py
[2024-03-27T19:38:19.870+0000] {processor.py:756} INFO - Processing file /home/airflow/.local/lib/python3.7/site-packages/airflow/example_dags/tutorial_dag.py for tasks to queue
[2024-03-27T19:38:19.871+0000] {logging_mixin.py:120} INFO - [2024-03-27T19:38:19.871+0000] {dagbag.py:537} INFO - Filling up the DagBag from /home/airflow/.local/lib/python3.7/site-packages/airflow/example_dags/tutorial_dag.py
[2024-03-27T19:38:19.992+0000] {processor.py:766} INFO - DAG(s) dict_keys(['tutorial_dag']) retrieved from /home/airflow/.local/lib/python3.7/site-packages/airflow/example_dags/tutorial_dag.py
[2024-03-27T19:38:20.165+0000] {logging_mixin.py:120} INFO - [2024-03-27T19:38:20.164+0000] {dag.py:2585} INFO - Sync 1 DAGs
[2024-03-27T19:38:20.294+0000] {logging_mixin.py:120} INFO - [2024-03-27T19:38:20.294+0000] {dag.py:3340} INFO - Setting next_dagrun for tutorial_dag to None, run_after=None
[2024-03-27T19:38:20.447+0000] {processor.py:176} INFO - Processing /home/airflow/.local/lib/python3.7/site-packages/airflow/example_dags/tutorial_dag.py took 0.594 seconds
[2024-03-27T19:38:51.772+0000] {processor.py:154} INFO - Started process (PID=93) to work on /home/airflow/.local/lib/python3.7/site-packages/airflow/example_dags/tutorial_dag.py
[2024-03-27T19:38:51.780+0000] {processor.py:756} INFO - Processing file /home/airflow/.local/lib/python3.7/site-packages/airflow/example_dags/tutorial_dag.py for tasks to queue
[2024-03-27T19:38:51.782+0000] {logging_mixin.py:120} INFO - [2024-03-27T19:38:51.781+0000] {dagbag.py:537} INFO - Filling up the DagBag from /home/airflow/.local/lib/python3.7/site-packages/airflow/example_dags/tutorial_dag.py
[2024-03-27T19:38:51.909+0000] {processor.py:766} INFO - DAG(s) dict_keys(['tutorial_dag']) retrieved from /home/airflow/.local/lib/python3.7/site-packages/airflow/example_dags/tutorial_dag.py
[2024-03-27T19:38:52.073+0000] {logging_mixin.py:120} INFO - [2024-03-27T19:38:52.073+0000] {dag.py:2585} INFO - Sync 1 DAGs
[2024-03-27T19:38:52.116+0000] {logging_mixin.py:120} INFO - [2024-03-27T19:38:52.116+0000] {dag.py:3340} INFO - Setting next_dagrun for tutorial_dag to None, run_after=None
[2024-03-27T19:38:52.137+0000] {processor.py:176} INFO - Processing /home/airflow/.local/lib/python3.7/site-packages/airflow/example_dags/tutorial_dag.py took 0.384 seconds
[2024-03-27T19:39:50.475+0000] {processor.py:154} INFO - Started process (PID=57) to work on /home/airflow/.local/lib/python3.7/site-packages/airflow/example_dags/tutorial_dag.py
[2024-03-27T19:39:50.476+0000] {processor.py:756} INFO - Processing file /home/airflow/.local/lib/python3.7/site-packages/airflow/example_dags/tutorial_dag.py for tasks to queue
[2024-03-27T19:39:50.477+0000] {logging_mixin.py:120} INFO - [2024-03-27T19:39:50.477+0000] {dagbag.py:537} INFO - Filling up the DagBag from /home/airflow/.local/lib/python3.7/site-packages/airflow/example_dags/tutorial_dag.py
[2024-03-27T19:39:50.493+0000] {processor.py:766} INFO - DAG(s) dict_keys(['tutorial_dag']) retrieved from /home/airflow/.local/lib/python3.7/site-packages/airflow/example_dags/tutorial_dag.py
[2024-03-27T19:39:50.547+0000] {logging_mixin.py:120} INFO - [2024-03-27T19:39:50.547+0000] {dag.py:2585} INFO - Sync 1 DAGs
[2024-03-27T19:39:50.605+0000] {logging_mixin.py:120} INFO - [2024-03-27T19:39:50.605+0000] {dag.py:3340} INFO - Setting next_dagrun for tutorial_dag to None, run_after=None
[2024-03-27T19:39:50.636+0000] {processor.py:176} INFO - Processing /home/airflow/.local/lib/python3.7/site-packages/airflow/example_dags/tutorial_dag.py took 0.165 seconds
[2024-03-27T19:40:28.923+0000] {processor.py:154} INFO - Started process (PID=116) to work on /home/airflow/.local/lib/python3.7/site-packages/airflow/example_dags/tutorial_dag.py
[2024-03-27T19:40:28.931+0000] {processor.py:756} INFO - Processing file /home/airflow/.local/lib/python3.7/site-packages/airflow/example_dags/tutorial_dag.py for tasks to queue
[2024-03-27T19:40:28.932+0000] {logging_mixin.py:120} INFO - [2024-03-27T19:40:28.932+0000] {dagbag.py:537} INFO - Filling up the DagBag from /home/airflow/.local/lib/python3.7/site-packages/airflow/example_dags/tutorial_dag.py
[2024-03-27T19:40:28.991+0000] {processor.py:766} INFO - DAG(s) dict_keys(['tutorial_dag']) retrieved from /home/airflow/.local/lib/python3.7/site-packages/airflow/example_dags/tutorial_dag.py
[2024-03-27T19:40:29.073+0000] {logging_mixin.py:120} INFO - [2024-03-27T19:40:29.073+0000] {dag.py:2585} INFO - Sync 1 DAGs
[2024-03-27T19:40:29.114+0000] {logging_mixin.py:120} INFO - [2024-03-27T19:40:29.114+0000] {dag.py:3340} INFO - Setting next_dagrun for tutorial_dag to None, run_after=None
[2024-03-27T19:40:29.142+0000] {processor.py:176} INFO - Processing /home/airflow/.local/lib/python3.7/site-packages/airflow/example_dags/tutorial_dag.py took 0.226 seconds
[2024-03-27T19:40:59.705+0000] {processor.py:154} INFO - Started process (PID=164) to work on /home/airflow/.local/lib/python3.7/site-packages/airflow/example_dags/tutorial_dag.py
[2024-03-27T19:40:59.706+0000] {processor.py:756} INFO - Processing file /home/airflow/.local/lib/python3.7/site-packages/airflow/example_dags/tutorial_dag.py for tasks to queue
[2024-03-27T19:40:59.707+0000] {logging_mixin.py:120} INFO - [2024-03-27T19:40:59.707+0000] {dagbag.py:537} INFO - Filling up the DagBag from /home/airflow/.local/lib/python3.7/site-packages/airflow/example_dags/tutorial_dag.py
[2024-03-27T19:40:59.772+0000] {processor.py:766} INFO - DAG(s) dict_keys(['tutorial_dag']) retrieved from /home/airflow/.local/lib/python3.7/site-packages/airflow/example_dags/tutorial_dag.py
[2024-03-27T19:41:03.618+0000] {logging_mixin.py:120} INFO - [2024-03-27T19:41:03.618+0000] {dag.py:2585} INFO - Sync 1 DAGs
[2024-03-27T19:41:03.685+0000] {logging_mixin.py:120} INFO - [2024-03-27T19:41:03.681+0000] {dag.py:3340} INFO - Setting next_dagrun for tutorial_dag to None, run_after=None
[2024-03-27T19:41:04.029+0000] {processor.py:176} INFO - Processing /home/airflow/.local/lib/python3.7/site-packages/airflow/example_dags/tutorial_dag.py took 4.330 seconds
[2024-03-27T19:41:38.724+0000] {processor.py:154} INFO - Started process (PID=48) to work on /home/airflow/.local/lib/python3.7/site-packages/airflow/example_dags/tutorial_dag.py
[2024-03-27T19:41:38.725+0000] {processor.py:756} INFO - Processing file /home/airflow/.local/lib/python3.7/site-packages/airflow/example_dags/tutorial_dag.py for tasks to queue
[2024-03-27T19:41:38.726+0000] {logging_mixin.py:120} INFO - [2024-03-27T19:41:38.726+0000] {dagbag.py:537} INFO - Filling up the DagBag from /home/airflow/.local/lib/python3.7/site-packages/airflow/example_dags/tutorial_dag.py
[2024-03-27T19:41:38.737+0000] {processor.py:766} INFO - DAG(s) dict_keys(['tutorial_dag']) retrieved from /home/airflow/.local/lib/python3.7/site-packages/airflow/example_dags/tutorial_dag.py
[2024-03-27T19:41:38.785+0000] {logging_mixin.py:120} INFO - [2024-03-27T19:41:38.785+0000] {dag.py:2585} INFO - Sync 1 DAGs
[2024-03-27T19:41:38.805+0000] {logging_mixin.py:120} INFO - [2024-03-27T19:41:38.805+0000] {dag.py:3340} INFO - Setting next_dagrun for tutorial_dag to None, run_after=None
[2024-03-27T19:41:38.820+0000] {processor.py:176} INFO - Processing /home/airflow/.local/lib/python3.7/site-packages/airflow/example_dags/tutorial_dag.py took 0.098 seconds
[2024-03-27T19:42:09.994+0000] {processor.py:154} INFO - Started process (PID=97) to work on /home/airflow/.local/lib/python3.7/site-packages/airflow/example_dags/tutorial_dag.py
[2024-03-27T19:42:09.995+0000] {processor.py:756} INFO - Processing file /home/airflow/.local/lib/python3.7/site-packages/airflow/example_dags/tutorial_dag.py for tasks to queue
[2024-03-27T19:42:09.996+0000] {logging_mixin.py:120} INFO - [2024-03-27T19:42:09.996+0000] {dagbag.py:537} INFO - Filling up the DagBag from /home/airflow/.local/lib/python3.7/site-packages/airflow/example_dags/tutorial_dag.py
[2024-03-27T19:42:10.015+0000] {processor.py:766} INFO - DAG(s) dict_keys(['tutorial_dag']) retrieved from /home/airflow/.local/lib/python3.7/site-packages/airflow/example_dags/tutorial_dag.py
[2024-03-27T19:42:10.095+0000] {logging_mixin.py:120} INFO - [2024-03-27T19:42:10.095+0000] {dag.py:2585} INFO - Sync 1 DAGs
[2024-03-27T19:42:10.134+0000] {logging_mixin.py:120} INFO - [2024-03-27T19:42:10.134+0000] {dag.py:3340} INFO - Setting next_dagrun for tutorial_dag to None, run_after=None
[2024-03-27T19:42:10.184+0000] {processor.py:176} INFO - Processing /home/airflow/.local/lib/python3.7/site-packages/airflow/example_dags/tutorial_dag.py took 0.194 seconds
[2024-03-27T19:42:47.153+0000] {processor.py:154} INFO - Started process (PID=157) to work on /home/airflow/.local/lib/python3.7/site-packages/airflow/example_dags/tutorial_dag.py
[2024-03-27T19:42:47.154+0000] {processor.py:756} INFO - Processing file /home/airflow/.local/lib/python3.7/site-packages/airflow/example_dags/tutorial_dag.py for tasks to queue
[2024-03-27T19:42:47.159+0000] {logging_mixin.py:120} INFO - [2024-03-27T19:42:47.159+0000] {dagbag.py:537} INFO - Filling up the DagBag from /home/airflow/.local/lib/python3.7/site-packages/airflow/example_dags/tutorial_dag.py
[2024-03-27T19:42:47.256+0000] {processor.py:766} INFO - DAG(s) dict_keys(['tutorial_dag']) retrieved from /home/airflow/.local/lib/python3.7/site-packages/airflow/example_dags/tutorial_dag.py
[2024-03-27T19:42:47.389+0000] {logging_mixin.py:120} INFO - [2024-03-27T19:42:47.388+0000] {dag.py:2585} INFO - Sync 1 DAGs
[2024-03-27T19:42:47.465+0000] {logging_mixin.py:120} INFO - [2024-03-27T19:42:47.464+0000] {dag.py:3340} INFO - Setting next_dagrun for tutorial_dag to None, run_after=None
[2024-03-27T19:42:47.561+0000] {processor.py:176} INFO - Processing /home/airflow/.local/lib/python3.7/site-packages/airflow/example_dags/tutorial_dag.py took 0.414 seconds
[2024-03-27T19:44:25.802+0000] {processor.py:154} INFO - Started process (PID=49) to work on /home/airflow/.local/lib/python3.7/site-packages/airflow/example_dags/tutorial_dag.py
[2024-03-27T19:44:25.803+0000] {processor.py:756} INFO - Processing file /home/airflow/.local/lib/python3.7/site-packages/airflow/example_dags/tutorial_dag.py for tasks to queue
[2024-03-27T19:44:25.804+0000] {logging_mixin.py:120} INFO - [2024-03-27T19:44:25.804+0000] {dagbag.py:537} INFO - Filling up the DagBag from /home/airflow/.local/lib/python3.7/site-packages/airflow/example_dags/tutorial_dag.py
[2024-03-27T19:44:25.815+0000] {processor.py:766} INFO - DAG(s) dict_keys(['tutorial_dag']) retrieved from /home/airflow/.local/lib/python3.7/site-packages/airflow/example_dags/tutorial_dag.py
[2024-03-27T19:44:25.890+0000] {logging_mixin.py:120} INFO - [2024-03-27T19:44:25.889+0000] {dag.py:2585} INFO - Sync 1 DAGs
[2024-03-27T19:44:25.985+0000] {logging_mixin.py:120} INFO - [2024-03-27T19:44:25.984+0000] {dag.py:3340} INFO - Setting next_dagrun for tutorial_dag to None, run_after=None
[2024-03-27T19:44:26.036+0000] {processor.py:176} INFO - Processing /home/airflow/.local/lib/python3.7/site-packages/airflow/example_dags/tutorial_dag.py took 0.237 seconds
[2024-03-27T19:45:19.385+0000] {processor.py:154} INFO - Started process (PID=108) to work on /home/airflow/.local/lib/python3.7/site-packages/airflow/example_dags/tutorial_dag.py
[2024-03-27T19:45:19.390+0000] {processor.py:756} INFO - Processing file /home/airflow/.local/lib/python3.7/site-packages/airflow/example_dags/tutorial_dag.py for tasks to queue
[2024-03-27T19:45:19.395+0000] {logging_mixin.py:120} INFO - [2024-03-27T19:45:19.392+0000] {dagbag.py:537} INFO - Filling up the DagBag from /home/airflow/.local/lib/python3.7/site-packages/airflow/example_dags/tutorial_dag.py
[2024-03-27T19:45:19.428+0000] {processor.py:766} INFO - DAG(s) dict_keys(['tutorial_dag']) retrieved from /home/airflow/.local/lib/python3.7/site-packages/airflow/example_dags/tutorial_dag.py
[2024-03-27T19:45:19.507+0000] {logging_mixin.py:120} INFO - [2024-03-27T19:45:19.507+0000] {dag.py:2585} INFO - Sync 1 DAGs
[2024-03-27T19:45:19.544+0000] {logging_mixin.py:120} INFO - [2024-03-27T19:45:19.544+0000] {dag.py:3340} INFO - Setting next_dagrun for tutorial_dag to None, run_after=None
[2024-03-27T19:45:19.558+0000] {processor.py:176} INFO - Processing /home/airflow/.local/lib/python3.7/site-packages/airflow/example_dags/tutorial_dag.py took 0.181 seconds
[2024-03-27T19:46:19.130+0000] {processor.py:154} INFO - Started process (PID=52) to work on /home/airflow/.local/lib/python3.7/site-packages/airflow/example_dags/tutorial_dag.py
[2024-03-27T19:46:19.131+0000] {processor.py:756} INFO - Processing file /home/airflow/.local/lib/python3.7/site-packages/airflow/example_dags/tutorial_dag.py for tasks to queue
[2024-03-27T19:46:19.132+0000] {logging_mixin.py:120} INFO - [2024-03-27T19:46:19.132+0000] {dagbag.py:537} INFO - Filling up the DagBag from /home/airflow/.local/lib/python3.7/site-packages/airflow/example_dags/tutorial_dag.py
[2024-03-27T19:46:19.169+0000] {processor.py:766} INFO - DAG(s) dict_keys(['tutorial_dag']) retrieved from /home/airflow/.local/lib/python3.7/site-packages/airflow/example_dags/tutorial_dag.py
[2024-03-27T19:46:19.231+0000] {logging_mixin.py:120} INFO - [2024-03-27T19:46:19.231+0000] {dag.py:2585} INFO - Sync 1 DAGs
[2024-03-27T19:46:19.255+0000] {logging_mixin.py:120} INFO - [2024-03-27T19:46:19.255+0000] {dag.py:3340} INFO - Setting next_dagrun for tutorial_dag to None, run_after=None
[2024-03-27T19:46:19.273+0000] {processor.py:176} INFO - Processing /home/airflow/.local/lib/python3.7/site-packages/airflow/example_dags/tutorial_dag.py took 0.149 seconds
[2024-03-27T19:46:58.665+0000] {processor.py:154} INFO - Started process (PID=108) to work on /home/airflow/.local/lib/python3.7/site-packages/airflow/example_dags/tutorial_dag.py
[2024-03-27T19:46:58.668+0000] {processor.py:756} INFO - Processing file /home/airflow/.local/lib/python3.7/site-packages/airflow/example_dags/tutorial_dag.py for tasks to queue
[2024-03-27T19:46:58.669+0000] {logging_mixin.py:120} INFO - [2024-03-27T19:46:58.669+0000] {dagbag.py:537} INFO - Filling up the DagBag from /home/airflow/.local/lib/python3.7/site-packages/airflow/example_dags/tutorial_dag.py
[2024-03-27T19:46:58.777+0000] {processor.py:766} INFO - DAG(s) dict_keys(['tutorial_dag']) retrieved from /home/airflow/.local/lib/python3.7/site-packages/airflow/example_dags/tutorial_dag.py
[2024-03-27T19:46:59.186+0000] {logging_mixin.py:120} INFO - [2024-03-27T19:46:59.186+0000] {dag.py:2585} INFO - Sync 1 DAGs
[2024-03-27T19:46:59.256+0000] {logging_mixin.py:120} INFO - [2024-03-27T19:46:59.256+0000] {dag.py:3340} INFO - Setting next_dagrun for tutorial_dag to None, run_after=None
[2024-03-27T19:46:59.661+0000] {processor.py:176} INFO - Processing /home/airflow/.local/lib/python3.7/site-packages/airflow/example_dags/tutorial_dag.py took 1.005 seconds
[2024-03-27T19:47:46.302+0000] {processor.py:154} INFO - Started process (PID=48) to work on /home/airflow/.local/lib/python3.7/site-packages/airflow/example_dags/tutorial_dag.py
[2024-03-27T19:47:46.303+0000] {processor.py:756} INFO - Processing file /home/airflow/.local/lib/python3.7/site-packages/airflow/example_dags/tutorial_dag.py for tasks to queue
[2024-03-27T19:47:46.304+0000] {logging_mixin.py:120} INFO - [2024-03-27T19:47:46.304+0000] {dagbag.py:537} INFO - Filling up the DagBag from /home/airflow/.local/lib/python3.7/site-packages/airflow/example_dags/tutorial_dag.py
[2024-03-27T19:47:46.313+0000] {processor.py:766} INFO - DAG(s) dict_keys(['tutorial_dag']) retrieved from /home/airflow/.local/lib/python3.7/site-packages/airflow/example_dags/tutorial_dag.py
[2024-03-27T19:47:46.339+0000] {logging_mixin.py:120} INFO - [2024-03-27T19:47:46.339+0000] {dag.py:2585} INFO - Sync 1 DAGs
[2024-03-27T19:47:46.356+0000] {logging_mixin.py:120} INFO - [2024-03-27T19:47:46.356+0000] {dag.py:3340} INFO - Setting next_dagrun for tutorial_dag to None, run_after=None
[2024-03-27T19:47:46.371+0000] {processor.py:176} INFO - Processing /home/airflow/.local/lib/python3.7/site-packages/airflow/example_dags/tutorial_dag.py took 0.070 seconds
[2024-03-27T19:48:21.741+0000] {processor.py:154} INFO - Started process (PID=97) to work on /home/airflow/.local/lib/python3.7/site-packages/airflow/example_dags/tutorial_dag.py
[2024-03-27T19:48:21.744+0000] {processor.py:756} INFO - Processing file /home/airflow/.local/lib/python3.7/site-packages/airflow/example_dags/tutorial_dag.py for tasks to queue
[2024-03-27T19:48:21.748+0000] {logging_mixin.py:120} INFO - [2024-03-27T19:48:21.748+0000] {dagbag.py:537} INFO - Filling up the DagBag from /home/airflow/.local/lib/python3.7/site-packages/airflow/example_dags/tutorial_dag.py
[2024-03-27T19:48:21.853+0000] {processor.py:766} INFO - DAG(s) dict_keys(['tutorial_dag']) retrieved from /home/airflow/.local/lib/python3.7/site-packages/airflow/example_dags/tutorial_dag.py
[2024-03-27T19:48:31.240+0000] {logging_mixin.py:120} INFO - [2024-03-27T19:48:31.238+0000] {dag.py:2585} INFO - Sync 1 DAGs
[2024-03-27T19:48:31.507+0000] {logging_mixin.py:120} INFO - [2024-03-27T19:48:31.505+0000] {dag.py:3340} INFO - Setting next_dagrun for tutorial_dag to None, run_after=None
[2024-03-27T19:48:31.568+0000] {processor.py:176} INFO - Processing /home/airflow/.local/lib/python3.7/site-packages/airflow/example_dags/tutorial_dag.py took 11.706 seconds
[2024-03-27T19:49:25.834+0000] {processor.py:154} INFO - Started process (PID=49) to work on /home/airflow/.local/lib/python3.7/site-packages/airflow/example_dags/tutorial_dag.py
[2024-03-27T19:49:25.835+0000] {processor.py:756} INFO - Processing file /home/airflow/.local/lib/python3.7/site-packages/airflow/example_dags/tutorial_dag.py for tasks to queue
[2024-03-27T19:49:25.835+0000] {logging_mixin.py:120} INFO - [2024-03-27T19:49:25.835+0000] {dagbag.py:537} INFO - Filling up the DagBag from /home/airflow/.local/lib/python3.7/site-packages/airflow/example_dags/tutorial_dag.py
[2024-03-27T19:49:25.846+0000] {processor.py:766} INFO - DAG(s) dict_keys(['tutorial_dag']) retrieved from /home/airflow/.local/lib/python3.7/site-packages/airflow/example_dags/tutorial_dag.py
[2024-03-27T19:49:25.878+0000] {logging_mixin.py:120} INFO - [2024-03-27T19:49:25.878+0000] {dag.py:2585} INFO - Sync 1 DAGs
[2024-03-27T19:49:25.896+0000] {logging_mixin.py:120} INFO - [2024-03-27T19:49:25.896+0000] {dag.py:3340} INFO - Setting next_dagrun for tutorial_dag to None, run_after=None
[2024-03-27T19:49:25.909+0000] {processor.py:176} INFO - Processing /home/airflow/.local/lib/python3.7/site-packages/airflow/example_dags/tutorial_dag.py took 0.077 seconds
[2024-03-27T19:49:59.980+0000] {processor.py:154} INFO - Started process (PID=107) to work on /home/airflow/.local/lib/python3.7/site-packages/airflow/example_dags/tutorial_dag.py
[2024-03-27T19:49:59.983+0000] {processor.py:756} INFO - Processing file /home/airflow/.local/lib/python3.7/site-packages/airflow/example_dags/tutorial_dag.py for tasks to queue
[2024-03-27T19:49:59.987+0000] {logging_mixin.py:120} INFO - [2024-03-27T19:49:59.987+0000] {dagbag.py:537} INFO - Filling up the DagBag from /home/airflow/.local/lib/python3.7/site-packages/airflow/example_dags/tutorial_dag.py
[2024-03-27T19:50:00.039+0000] {processor.py:766} INFO - DAG(s) dict_keys(['tutorial_dag']) retrieved from /home/airflow/.local/lib/python3.7/site-packages/airflow/example_dags/tutorial_dag.py
[2024-03-27T19:50:00.121+0000] {logging_mixin.py:120} INFO - [2024-03-27T19:50:00.121+0000] {dag.py:2585} INFO - Sync 1 DAGs
[2024-03-27T19:50:00.143+0000] {logging_mixin.py:120} INFO - [2024-03-27T19:50:00.143+0000] {dag.py:3340} INFO - Setting next_dagrun for tutorial_dag to None, run_after=None
[2024-03-27T19:50:00.167+0000] {processor.py:176} INFO - Processing /home/airflow/.local/lib/python3.7/site-packages/airflow/example_dags/tutorial_dag.py took 0.194 seconds
[2024-03-27T19:54:18.358+0000] {processor.py:154} INFO - Started process (PID=41) to work on /home/airflow/.local/lib/python3.7/site-packages/airflow/example_dags/tutorial_dag.py
[2024-03-27T19:54:18.360+0000] {processor.py:756} INFO - Processing file /home/airflow/.local/lib/python3.7/site-packages/airflow/example_dags/tutorial_dag.py for tasks to queue
[2024-03-27T19:54:18.361+0000] {logging_mixin.py:120} INFO - [2024-03-27T19:54:18.361+0000] {dagbag.py:537} INFO - Filling up the DagBag from /home/airflow/.local/lib/python3.7/site-packages/airflow/example_dags/tutorial_dag.py
[2024-03-27T19:54:18.389+0000] {processor.py:766} INFO - DAG(s) dict_keys(['tutorial_dag']) retrieved from /home/airflow/.local/lib/python3.7/site-packages/airflow/example_dags/tutorial_dag.py
[2024-03-27T19:54:18.460+0000] {logging_mixin.py:120} INFO - [2024-03-27T19:54:18.460+0000] {dag.py:2585} INFO - Sync 1 DAGs
[2024-03-27T19:54:18.499+0000] {logging_mixin.py:120} INFO - [2024-03-27T19:54:18.498+0000] {dag.py:3340} INFO - Setting next_dagrun for tutorial_dag to None, run_after=None
[2024-03-27T19:54:18.535+0000] {processor.py:176} INFO - Processing /home/airflow/.local/lib/python3.7/site-packages/airflow/example_dags/tutorial_dag.py took 0.180 seconds
