[2024-03-28T15:20:29.005+0000] {processor.py:154} INFO - Started process (PID=44) to work on /opt/airflow/dags/consumer.py
[2024-03-28T15:20:29.005+0000] {processor.py:756} INFO - Processing file /opt/airflow/dags/consumer.py for tasks to queue
[2024-03-28T15:20:29.006+0000] {logging_mixin.py:120} INFO - [2024-03-28T15:20:29.006+0000] {dagbag.py:537} INFO - Filling up the DagBag from /opt/airflow/dags/consumer.py
[2024-03-28T15:20:29.025+0000] {processor.py:766} INFO - DAG(s) dict_keys(['consumer_test']) retrieved from /opt/airflow/dags/consumer.py
[2024-03-28T15:20:29.084+0000] {logging_mixin.py:120} INFO - [2024-03-28T15:20:29.084+0000] {dag.py:2585} INFO - Sync 1 DAGs
[2024-03-28T15:20:29.145+0000] {logging_mixin.py:120} INFO - [2024-03-28T15:20:29.144+0000] {dag.py:3340} INFO - Setting next_dagrun for consumer_test to None, run_after=None
[2024-03-28T15:20:29.168+0000] {processor.py:176} INFO - Processing /opt/airflow/dags/consumer.py took 0.166 seconds
[2024-03-28T15:22:04.742+0000] {processor.py:154} INFO - Started process (PID=117) to work on /opt/airflow/dags/consumer.py
[2024-03-28T15:22:04.746+0000] {processor.py:756} INFO - Processing file /opt/airflow/dags/consumer.py for tasks to queue
[2024-03-28T15:22:04.749+0000] {logging_mixin.py:120} INFO - [2024-03-28T15:22:04.749+0000] {dagbag.py:537} INFO - Filling up the DagBag from /opt/airflow/dags/consumer.py
[2024-03-28T15:22:05.148+0000] {processor.py:766} INFO - DAG(s) dict_keys(['consumer_test']) retrieved from /opt/airflow/dags/consumer.py
[2024-03-28T15:22:19.470+0000] {logging_mixin.py:120} INFO - [2024-03-28T15:22:19.448+0000] {dag.py:2585} INFO - Sync 1 DAGs
[2024-03-28T15:22:20.677+0000] {logging_mixin.py:120} INFO - [2024-03-28T15:22:20.670+0000] {dag.py:3340} INFO - Setting next_dagrun for consumer_test to None, run_after=None
[2024-03-28T15:22:21.198+0000] {processor.py:176} INFO - Processing /opt/airflow/dags/consumer.py took 16.474 seconds
[2024-03-28T15:24:47.354+0000] {processor.py:154} INFO - Started process (PID=74) to work on /opt/airflow/dags/consumer.py
[2024-03-28T15:24:47.358+0000] {processor.py:756} INFO - Processing file /opt/airflow/dags/consumer.py for tasks to queue
[2024-03-28T15:24:47.361+0000] {logging_mixin.py:120} INFO - [2024-03-28T15:24:47.361+0000] {dagbag.py:537} INFO - Filling up the DagBag from /opt/airflow/dags/consumer.py
[2024-03-28T15:24:47.541+0000] {processor.py:766} INFO - DAG(s) dict_keys(['consumer_test']) retrieved from /opt/airflow/dags/consumer.py
[2024-03-28T15:24:48.214+0000] {logging_mixin.py:120} INFO - [2024-03-28T15:24:48.209+0000] {dag.py:2585} INFO - Sync 1 DAGs
[2024-03-28T15:24:48.646+0000] {logging_mixin.py:120} INFO - [2024-03-28T15:24:48.637+0000] {dag.py:3340} INFO - Setting next_dagrun for consumer_test to None, run_after=None
[2024-03-28T15:24:48.929+0000] {processor.py:176} INFO - Processing /opt/airflow/dags/consumer.py took 1.585 seconds
[2024-03-28T15:25:50.879+0000] {processor.py:154} INFO - Started process (PID=148) to work on /opt/airflow/dags/consumer.py
[2024-03-28T15:25:50.885+0000] {processor.py:756} INFO - Processing file /opt/airflow/dags/consumer.py for tasks to queue
[2024-03-28T15:25:50.888+0000] {logging_mixin.py:120} INFO - [2024-03-28T15:25:50.888+0000] {dagbag.py:537} INFO - Filling up the DagBag from /opt/airflow/dags/consumer.py
[2024-03-28T15:25:51.234+0000] {processor.py:766} INFO - DAG(s) dict_keys(['consumer_test']) retrieved from /opt/airflow/dags/consumer.py
[2024-03-28T15:25:52.090+0000] {logging_mixin.py:120} INFO - [2024-03-28T15:25:52.067+0000] {dag.py:2585} INFO - Sync 1 DAGs
[2024-03-28T15:25:52.661+0000] {logging_mixin.py:120} INFO - [2024-03-28T15:25:52.656+0000] {dag.py:3340} INFO - Setting next_dagrun for consumer_test to None, run_after=None
[2024-03-28T15:25:53.147+0000] {processor.py:176} INFO - Processing /opt/airflow/dags/consumer.py took 2.294 seconds
[2024-03-28T15:27:09.407+0000] {processor.py:154} INFO - Started process (PID=67) to work on /opt/airflow/dags/consumer.py
[2024-03-28T15:27:09.411+0000] {processor.py:756} INFO - Processing file /opt/airflow/dags/consumer.py for tasks to queue
[2024-03-28T15:27:09.415+0000] {logging_mixin.py:120} INFO - [2024-03-28T15:27:09.414+0000] {dagbag.py:537} INFO - Filling up the DagBag from /opt/airflow/dags/consumer.py
[2024-03-28T15:27:09.607+0000] {processor.py:766} INFO - DAG(s) dict_keys(['consumer_test']) retrieved from /opt/airflow/dags/consumer.py
[2024-03-28T15:27:10.515+0000] {logging_mixin.py:120} INFO - [2024-03-28T15:27:10.509+0000] {dag.py:2585} INFO - Sync 1 DAGs
[2024-03-28T15:27:10.619+0000] {logging_mixin.py:120} INFO - [2024-03-28T15:27:10.618+0000] {dag.py:3340} INFO - Setting next_dagrun for consumer_test to None, run_after=None
[2024-03-28T15:27:10.727+0000] {processor.py:176} INFO - Processing /opt/airflow/dags/consumer.py took 1.346 seconds
[2024-03-28T15:27:59.759+0000] {processor.py:154} INFO - Started process (PID=132) to work on /opt/airflow/dags/consumer.py
[2024-03-28T15:27:59.762+0000] {processor.py:756} INFO - Processing file /opt/airflow/dags/consumer.py for tasks to queue
[2024-03-28T15:27:59.764+0000] {logging_mixin.py:120} INFO - [2024-03-28T15:27:59.764+0000] {dagbag.py:537} INFO - Filling up the DagBag from /opt/airflow/dags/consumer.py
[2024-03-28T15:27:59.809+0000] {processor.py:766} INFO - DAG(s) dict_keys(['consumer_test']) retrieved from /opt/airflow/dags/consumer.py
[2024-03-28T15:27:59.959+0000] {logging_mixin.py:120} INFO - [2024-03-28T15:27:59.959+0000] {dag.py:2585} INFO - Sync 1 DAGs
[2024-03-28T15:28:00.060+0000] {logging_mixin.py:120} INFO - [2024-03-28T15:28:00.060+0000] {dag.py:3340} INFO - Setting next_dagrun for consumer_test to None, run_after=None
[2024-03-28T15:28:00.110+0000] {processor.py:176} INFO - Processing /opt/airflow/dags/consumer.py took 0.358 seconds
[2024-03-28T15:29:51.211+0000] {processor.py:154} INFO - Started process (PID=66) to work on /opt/airflow/dags/consumer.py
[2024-03-28T15:29:51.218+0000] {processor.py:756} INFO - Processing file /opt/airflow/dags/consumer.py for tasks to queue
[2024-03-28T15:29:51.220+0000] {logging_mixin.py:120} INFO - [2024-03-28T15:29:51.220+0000] {dagbag.py:537} INFO - Filling up the DagBag from /opt/airflow/dags/consumer.py
[2024-03-28T15:29:51.345+0000] {processor.py:766} INFO - DAG(s) dict_keys(['consumer_test']) retrieved from /opt/airflow/dags/consumer.py
[2024-03-28T15:29:53.027+0000] {logging_mixin.py:120} INFO - [2024-03-28T15:29:53.025+0000] {dag.py:2585} INFO - Sync 1 DAGs
[2024-03-28T15:29:53.974+0000] {logging_mixin.py:120} INFO - [2024-03-28T15:29:53.973+0000] {dag.py:3340} INFO - Setting next_dagrun for consumer_test to None, run_after=None
[2024-03-28T15:29:54.732+0000] {processor.py:176} INFO - Processing /opt/airflow/dags/consumer.py took 3.532 seconds
[2024-03-28T15:34:55.387+0000] {processor.py:154} INFO - Started process (PID=76) to work on /opt/airflow/dags/consumer.py
[2024-03-28T15:34:55.396+0000] {processor.py:756} INFO - Processing file /opt/airflow/dags/consumer.py for tasks to queue
[2024-03-28T15:34:55.396+0000] {logging_mixin.py:120} INFO - [2024-03-28T15:34:55.396+0000] {dagbag.py:537} INFO - Filling up the DagBag from /opt/airflow/dags/consumer.py
[2024-03-28T15:34:55.695+0000] {processor.py:766} INFO - DAG(s) dict_keys(['consumer_test']) retrieved from /opt/airflow/dags/consumer.py
[2024-03-28T15:34:56.111+0000] {logging_mixin.py:120} INFO - [2024-03-28T15:34:56.110+0000] {dag.py:2585} INFO - Sync 1 DAGs
[2024-03-28T15:34:56.401+0000] {logging_mixin.py:120} INFO - [2024-03-28T15:34:56.398+0000] {dag.py:3340} INFO - Setting next_dagrun for consumer_test to None, run_after=None
[2024-03-28T15:34:56.739+0000] {processor.py:176} INFO - Processing /opt/airflow/dags/consumer.py took 1.364 seconds
[2024-03-28T15:39:13.034+0000] {processor.py:154} INFO - Started process (PID=149) to work on /opt/airflow/dags/consumer.py
[2024-03-28T15:39:13.042+0000] {processor.py:756} INFO - Processing file /opt/airflow/dags/consumer.py for tasks to queue
[2024-03-28T15:39:13.043+0000] {logging_mixin.py:120} INFO - [2024-03-28T15:39:13.043+0000] {dagbag.py:537} INFO - Filling up the DagBag from /opt/airflow/dags/consumer.py
[2024-03-28T15:39:17.659+0000] {processor.py:766} INFO - DAG(s) dict_keys(['consumer_test']) retrieved from /opt/airflow/dags/consumer.py
[2024-03-28T15:39:18.297+0000] {logging_mixin.py:120} INFO - [2024-03-28T15:39:18.296+0000] {dag.py:2585} INFO - Sync 1 DAGs
[2024-03-28T15:39:18.572+0000] {logging_mixin.py:120} INFO - [2024-03-28T15:39:18.571+0000] {dag.py:3340} INFO - Setting next_dagrun for consumer_test to None, run_after=None
[2024-03-28T15:39:18.969+0000] {processor.py:176} INFO - Processing /opt/airflow/dags/consumer.py took 5.704 seconds
[2024-03-28T15:42:02.273+0000] {processor.py:154} INFO - Started process (PID=73) to work on /opt/airflow/dags/consumer.py
[2024-03-28T15:42:02.275+0000] {processor.py:756} INFO - Processing file /opt/airflow/dags/consumer.py for tasks to queue
[2024-03-28T15:42:02.277+0000] {logging_mixin.py:120} INFO - [2024-03-28T15:42:02.277+0000] {dagbag.py:537} INFO - Filling up the DagBag from /opt/airflow/dags/consumer.py
[2024-03-28T15:42:02.346+0000] {processor.py:766} INFO - DAG(s) dict_keys(['consumer_test']) retrieved from /opt/airflow/dags/consumer.py
[2024-03-28T15:42:02.448+0000] {logging_mixin.py:120} INFO - [2024-03-28T15:42:02.448+0000] {dag.py:2585} INFO - Sync 1 DAGs
[2024-03-28T15:42:02.474+0000] {logging_mixin.py:120} INFO - [2024-03-28T15:42:02.474+0000] {dag.py:3340} INFO - Setting next_dagrun for consumer_test to None, run_after=None
[2024-03-28T15:42:02.502+0000] {processor.py:176} INFO - Processing /opt/airflow/dags/consumer.py took 0.236 seconds
[2024-03-28T15:42:54.367+0000] {processor.py:154} INFO - Started process (PID=40) to work on /opt/airflow/dags/consumer.py
[2024-03-28T15:42:54.369+0000] {processor.py:756} INFO - Processing file /opt/airflow/dags/consumer.py for tasks to queue
[2024-03-28T15:42:54.370+0000] {logging_mixin.py:120} INFO - [2024-03-28T15:42:54.370+0000] {dagbag.py:537} INFO - Filling up the DagBag from /opt/airflow/dags/consumer.py
[2024-03-28T15:42:54.390+0000] {processor.py:766} INFO - DAG(s) dict_keys(['consumer_test']) retrieved from /opt/airflow/dags/consumer.py
[2024-03-28T15:42:54.426+0000] {logging_mixin.py:120} INFO - [2024-03-28T15:42:54.425+0000] {dag.py:2585} INFO - Sync 1 DAGs
[2024-03-28T15:42:54.455+0000] {logging_mixin.py:120} INFO - [2024-03-28T15:42:54.454+0000] {dag.py:3340} INFO - Setting next_dagrun for consumer_test to None, run_after=None
[2024-03-28T15:42:54.477+0000] {processor.py:176} INFO - Processing /opt/airflow/dags/consumer.py took 0.111 seconds
[2024-03-28T15:43:33.093+0000] {processor.py:154} INFO - Started process (PID=103) to work on /opt/airflow/dags/consumer.py
[2024-03-28T15:43:33.096+0000] {processor.py:756} INFO - Processing file /opt/airflow/dags/consumer.py for tasks to queue
[2024-03-28T15:43:33.097+0000] {logging_mixin.py:120} INFO - [2024-03-28T15:43:33.097+0000] {dagbag.py:537} INFO - Filling up the DagBag from /opt/airflow/dags/consumer.py
[2024-03-28T15:43:35.861+0000] {processor.py:766} INFO - DAG(s) dict_keys(['consumer_test']) retrieved from /opt/airflow/dags/consumer.py
[2024-03-28T15:43:36.323+0000] {logging_mixin.py:120} INFO - [2024-03-28T15:43:36.322+0000] {dag.py:2585} INFO - Sync 1 DAGs
[2024-03-28T15:43:36.672+0000] {logging_mixin.py:120} INFO - [2024-03-28T15:43:36.667+0000] {dag.py:3340} INFO - Setting next_dagrun for consumer_test to None, run_after=None
[2024-03-28T15:43:36.907+0000] {processor.py:176} INFO - Processing /opt/airflow/dags/consumer.py took 3.822 seconds
[2024-03-28T15:45:19.361+0000] {processor.py:154} INFO - Started process (PID=58) to work on /opt/airflow/dags/consumer.py
[2024-03-28T15:45:19.365+0000] {processor.py:756} INFO - Processing file /opt/airflow/dags/consumer.py for tasks to queue
[2024-03-28T15:45:19.365+0000] {logging_mixin.py:120} INFO - [2024-03-28T15:45:19.365+0000] {dagbag.py:537} INFO - Filling up the DagBag from /opt/airflow/dags/consumer.py
[2024-03-28T15:45:19.381+0000] {processor.py:766} INFO - DAG(s) dict_keys(['consumer_test']) retrieved from /opt/airflow/dags/consumer.py
[2024-03-28T15:45:19.408+0000] {logging_mixin.py:120} INFO - [2024-03-28T15:45:19.408+0000] {dag.py:2585} INFO - Sync 1 DAGs
[2024-03-28T15:45:19.428+0000] {logging_mixin.py:120} INFO - [2024-03-28T15:45:19.428+0000] {dag.py:3340} INFO - Setting next_dagrun for consumer_test to None, run_after=None
[2024-03-28T15:45:19.445+0000] {processor.py:176} INFO - Processing /opt/airflow/dags/consumer.py took 0.086 seconds
[2024-03-28T15:46:18.833+0000] {processor.py:154} INFO - Started process (PID=126) to work on /opt/airflow/dags/consumer.py
[2024-03-28T15:46:18.848+0000] {processor.py:756} INFO - Processing file /opt/airflow/dags/consumer.py for tasks to queue
[2024-03-28T15:46:18.970+0000] {logging_mixin.py:120} INFO - [2024-03-28T15:46:18.901+0000] {dagbag.py:537} INFO - Filling up the DagBag from /opt/airflow/dags/consumer.py
[2024-03-28T15:46:24.781+0000] {processor.py:766} INFO - DAG(s) dict_keys(['consumer_test']) retrieved from /opt/airflow/dags/consumer.py
[2024-03-28T15:46:26.110+0000] {logging_mixin.py:120} INFO - [2024-03-28T15:46:26.103+0000] {dag.py:2585} INFO - Sync 1 DAGs
[2024-03-28T15:46:26.265+0000] {logging_mixin.py:120} INFO - [2024-03-28T15:46:26.265+0000] {dag.py:3340} INFO - Setting next_dagrun for consumer_test to None, run_after=None
[2024-03-28T15:46:26.592+0000] {processor.py:176} INFO - Processing /opt/airflow/dags/consumer.py took 11.260 seconds
[2024-03-28T15:50:17.390+0000] {processor.py:154} INFO - Started process (PID=84) to work on /opt/airflow/dags/consumer.py
[2024-03-28T15:50:18.982+0000] {processor.py:756} INFO - Processing file /opt/airflow/dags/consumer.py for tasks to queue
[2024-03-28T15:50:18.990+0000] {logging_mixin.py:120} INFO - [2024-03-28T15:50:18.988+0000] {dagbag.py:537} INFO - Filling up the DagBag from /opt/airflow/dags/consumer.py
[2024-03-28T15:50:19.554+0000] {processor.py:766} INFO - DAG(s) dict_keys(['consumer_test']) retrieved from /opt/airflow/dags/consumer.py
[2024-03-28T15:50:20.145+0000] {logging_mixin.py:120} INFO - [2024-03-28T15:50:20.142+0000] {dag.py:2585} INFO - Sync 1 DAGs
[2024-03-28T15:50:20.371+0000] {logging_mixin.py:120} INFO - [2024-03-28T15:50:20.365+0000] {dag.py:3340} INFO - Setting next_dagrun for consumer_test to None, run_after=None
[2024-03-28T15:50:20.489+0000] {processor.py:176} INFO - Processing /opt/airflow/dags/consumer.py took 3.215 seconds
[2024-03-28T15:51:12.429+0000] {processor.py:154} INFO - Started process (PID=147) to work on /opt/airflow/dags/consumer.py
[2024-03-28T15:51:12.432+0000] {processor.py:756} INFO - Processing file /opt/airflow/dags/consumer.py for tasks to queue
[2024-03-28T15:51:12.437+0000] {logging_mixin.py:120} INFO - [2024-03-28T15:51:12.436+0000] {dagbag.py:537} INFO - Filling up the DagBag from /opt/airflow/dags/consumer.py
[2024-03-28T15:51:12.511+0000] {processor.py:766} INFO - DAG(s) dict_keys(['consumer_test']) retrieved from /opt/airflow/dags/consumer.py
[2024-03-28T15:51:12.954+0000] {logging_mixin.py:120} INFO - [2024-03-28T15:51:12.942+0000] {dag.py:2585} INFO - Sync 1 DAGs
[2024-03-28T15:51:13.163+0000] {logging_mixin.py:120} INFO - [2024-03-28T15:51:13.163+0000] {dag.py:3340} INFO - Setting next_dagrun for consumer_test to None, run_after=None
[2024-03-28T15:51:13.961+0000] {processor.py:176} INFO - Processing /opt/airflow/dags/consumer.py took 1.532 seconds
[2024-03-28T15:53:34.359+0000] {processor.py:154} INFO - Started process (PID=57) to work on /opt/airflow/dags/consumer.py
[2024-03-28T15:53:34.362+0000] {processor.py:756} INFO - Processing file /opt/airflow/dags/consumer.py for tasks to queue
[2024-03-28T15:53:34.363+0000] {logging_mixin.py:120} INFO - [2024-03-28T15:53:34.363+0000] {dagbag.py:537} INFO - Filling up the DagBag from /opt/airflow/dags/consumer.py
[2024-03-28T15:53:34.422+0000] {processor.py:766} INFO - DAG(s) dict_keys(['consumer_test']) retrieved from /opt/airflow/dags/consumer.py
[2024-03-28T15:53:34.706+0000] {logging_mixin.py:120} INFO - [2024-03-28T15:53:34.702+0000] {dag.py:2585} INFO - Sync 1 DAGs
[2024-03-28T15:53:35.098+0000] {logging_mixin.py:120} INFO - [2024-03-28T15:53:35.088+0000] {dag.py:3340} INFO - Setting next_dagrun for consumer_test to None, run_after=None
[2024-03-28T15:53:35.618+0000] {processor.py:176} INFO - Processing /opt/airflow/dags/consumer.py took 1.266 seconds
[2024-03-28T15:54:29.058+0000] {processor.py:154} INFO - Started process (PID=130) to work on /opt/airflow/dags/consumer.py
[2024-03-28T15:54:29.060+0000] {processor.py:756} INFO - Processing file /opt/airflow/dags/consumer.py for tasks to queue
[2024-03-28T15:54:29.061+0000] {logging_mixin.py:120} INFO - [2024-03-28T15:54:29.061+0000] {dagbag.py:537} INFO - Filling up the DagBag from /opt/airflow/dags/consumer.py
[2024-03-28T15:54:29.310+0000] {processor.py:766} INFO - DAG(s) dict_keys(['consumer_test']) retrieved from /opt/airflow/dags/consumer.py
[2024-03-28T15:54:30.577+0000] {logging_mixin.py:120} INFO - [2024-03-28T15:54:30.576+0000] {dag.py:2585} INFO - Sync 1 DAGs
[2024-03-28T15:54:30.664+0000] {logging_mixin.py:120} INFO - [2024-03-28T15:54:30.661+0000] {dag.py:3340} INFO - Setting next_dagrun for consumer_test to None, run_after=None
[2024-03-28T15:54:30.723+0000] {processor.py:176} INFO - Processing /opt/airflow/dags/consumer.py took 1.681 seconds
[2024-03-28T15:58:01.628+0000] {processor.py:154} INFO - Started process (PID=91) to work on /opt/airflow/dags/consumer.py
[2024-03-28T15:58:01.655+0000] {processor.py:756} INFO - Processing file /opt/airflow/dags/consumer.py for tasks to queue
[2024-03-28T15:58:01.673+0000] {logging_mixin.py:120} INFO - [2024-03-28T15:58:01.672+0000] {dagbag.py:537} INFO - Filling up the DagBag from /opt/airflow/dags/consumer.py
[2024-03-28T15:58:01.996+0000] {processor.py:766} INFO - DAG(s) dict_keys(['consumer_test']) retrieved from /opt/airflow/dags/consumer.py
[2024-03-28T15:58:02.432+0000] {logging_mixin.py:120} INFO - [2024-03-28T15:58:02.426+0000] {dag.py:2585} INFO - Sync 1 DAGs
[2024-03-28T15:58:02.723+0000] {logging_mixin.py:120} INFO - [2024-03-28T15:58:02.717+0000] {dag.py:3340} INFO - Setting next_dagrun for consumer_test to None, run_after=None
[2024-03-28T15:58:03.037+0000] {processor.py:176} INFO - Processing /opt/airflow/dags/consumer.py took 1.469 seconds
