[2024-03-28T15:20:29.186+0000] {processor.py:154} INFO - Started process (PID=46) to work on /opt/airflow/dags/first_dag.py
[2024-03-28T15:20:29.187+0000] {processor.py:756} INFO - Processing file /opt/airflow/dags/first_dag.py for tasks to queue
[2024-03-28T15:20:29.187+0000] {logging_mixin.py:120} INFO - [2024-03-28T15:20:29.187+0000] {dagbag.py:537} INFO - Filling up the DagBag from /opt/airflow/dags/first_dag.py
[2024-03-28T15:20:29.747+0000] {processor.py:766} INFO - DAG(s) dict_keys(['user_processing']) retrieved from /opt/airflow/dags/first_dag.py
[2024-03-28T15:20:30.117+0000] {logging_mixin.py:120} INFO - [2024-03-28T15:20:30.117+0000] {dag.py:2585} INFO - Sync 1 DAGs
[2024-03-28T15:20:30.161+0000] {logging_mixin.py:120} INFO - [2024-03-28T15:20:30.161+0000] {dag.py:3340} INFO - Setting next_dagrun for user_processing to 2024-03-27T00:00:00+00:00, run_after=2024-03-28T00:00:00+00:00
[2024-03-28T15:20:30.195+0000] {processor.py:176} INFO - Processing /opt/airflow/dags/first_dag.py took 1.011 seconds
[2024-03-28T15:22:21.207+0000] {processor.py:154} INFO - Started process (PID=125) to work on /opt/airflow/dags/first_dag.py
[2024-03-28T15:22:21.209+0000] {processor.py:756} INFO - Processing file /opt/airflow/dags/first_dag.py for tasks to queue
[2024-03-28T15:22:21.228+0000] {logging_mixin.py:120} INFO - [2024-03-28T15:22:21.227+0000] {dagbag.py:537} INFO - Filling up the DagBag from /opt/airflow/dags/first_dag.py
[2024-03-28T15:24:52.209+0000] {processor.py:154} INFO - Started process (PID=76) to work on /opt/airflow/dags/first_dag.py
[2024-03-28T15:24:52.213+0000] {processor.py:756} INFO - Processing file /opt/airflow/dags/first_dag.py for tasks to queue
[2024-03-28T15:24:52.222+0000] {logging_mixin.py:120} INFO - [2024-03-28T15:24:52.222+0000] {dagbag.py:537} INFO - Filling up the DagBag from /opt/airflow/dags/first_dag.py
[2024-03-28T15:25:53.359+0000] {processor.py:154} INFO - Started process (PID=150) to work on /opt/airflow/dags/first_dag.py
[2024-03-28T15:25:53.372+0000] {processor.py:756} INFO - Processing file /opt/airflow/dags/first_dag.py for tasks to queue
[2024-03-28T15:25:53.397+0000] {logging_mixin.py:120} INFO - [2024-03-28T15:25:53.388+0000] {dagbag.py:537} INFO - Filling up the DagBag from /opt/airflow/dags/first_dag.py
[2024-03-28T15:27:11.440+0000] {processor.py:154} INFO - Started process (PID=69) to work on /opt/airflow/dags/first_dag.py
[2024-03-28T15:27:11.447+0000] {processor.py:756} INFO - Processing file /opt/airflow/dags/first_dag.py for tasks to queue
[2024-03-28T15:27:11.457+0000] {logging_mixin.py:120} INFO - [2024-03-28T15:27:11.456+0000] {dagbag.py:537} INFO - Filling up the DagBag from /opt/airflow/dags/first_dag.py
[2024-03-28T15:28:00.362+0000] {processor.py:154} INFO - Started process (PID=134) to work on /opt/airflow/dags/first_dag.py
[2024-03-28T15:28:00.368+0000] {processor.py:756} INFO - Processing file /opt/airflow/dags/first_dag.py for tasks to queue
[2024-03-28T15:28:00.370+0000] {logging_mixin.py:120} INFO - [2024-03-28T15:28:00.370+0000] {dagbag.py:537} INFO - Filling up the DagBag from /opt/airflow/dags/first_dag.py
[2024-03-28T15:28:02.212+0000] {processor.py:766} INFO - DAG(s) dict_keys(['user_processing']) retrieved from /opt/airflow/dags/first_dag.py
[2024-03-28T15:28:02.974+0000] {logging_mixin.py:120} INFO - [2024-03-28T15:28:02.969+0000] {dag.py:2585} INFO - Sync 1 DAGs
[2024-03-28T15:28:03.114+0000] {logging_mixin.py:120} INFO - [2024-03-28T15:28:03.114+0000] {dag.py:3340} INFO - Setting next_dagrun for user_processing to 2024-03-27T00:00:00+00:00, run_after=2024-03-28T00:00:00+00:00
[2024-03-28T15:28:03.219+0000] {processor.py:176} INFO - Processing /opt/airflow/dags/first_dag.py took 2.865 seconds
[2024-03-28T15:29:55.217+0000] {processor.py:154} INFO - Started process (PID=75) to work on /opt/airflow/dags/first_dag.py
[2024-03-28T15:29:55.229+0000] {processor.py:756} INFO - Processing file /opt/airflow/dags/first_dag.py for tasks to queue
[2024-03-28T15:29:55.234+0000] {logging_mixin.py:120} INFO - [2024-03-28T15:29:55.234+0000] {dagbag.py:537} INFO - Filling up the DagBag from /opt/airflow/dags/first_dag.py
[2024-03-28T15:34:56.714+0000] {processor.py:154} INFO - Started process (PID=78) to work on /opt/airflow/dags/first_dag.py
[2024-03-28T15:34:56.721+0000] {processor.py:756} INFO - Processing file /opt/airflow/dags/first_dag.py for tasks to queue
[2024-03-28T15:34:56.723+0000] {logging_mixin.py:120} INFO - [2024-03-28T15:34:56.723+0000] {dagbag.py:537} INFO - Filling up the DagBag from /opt/airflow/dags/first_dag.py
[2024-03-28T15:39:19.171+0000] {processor.py:154} INFO - Started process (PID=151) to work on /opt/airflow/dags/first_dag.py
[2024-03-28T15:39:19.183+0000] {processor.py:756} INFO - Processing file /opt/airflow/dags/first_dag.py for tasks to queue
[2024-03-28T15:39:19.196+0000] {logging_mixin.py:120} INFO - [2024-03-28T15:39:19.196+0000] {dagbag.py:537} INFO - Filling up the DagBag from /opt/airflow/dags/first_dag.py
[2024-03-28T15:42:02.526+0000] {processor.py:154} INFO - Started process (PID=75) to work on /opt/airflow/dags/first_dag.py
[2024-03-28T15:42:02.527+0000] {processor.py:756} INFO - Processing file /opt/airflow/dags/first_dag.py for tasks to queue
[2024-03-28T15:42:02.528+0000] {logging_mixin.py:120} INFO - [2024-03-28T15:42:02.528+0000] {dagbag.py:537} INFO - Filling up the DagBag from /opt/airflow/dags/first_dag.py
[2024-03-28T15:42:54.543+0000] {processor.py:154} INFO - Started process (PID=42) to work on /opt/airflow/dags/first_dag.py
[2024-03-28T15:42:54.544+0000] {processor.py:756} INFO - Processing file /opt/airflow/dags/first_dag.py for tasks to queue
[2024-03-28T15:42:54.545+0000] {logging_mixin.py:120} INFO - [2024-03-28T15:42:54.545+0000] {dagbag.py:537} INFO - Filling up the DagBag from /opt/airflow/dags/first_dag.py
[2024-03-28T15:42:55.141+0000] {processor.py:766} INFO - DAG(s) dict_keys(['user_processing']) retrieved from /opt/airflow/dags/first_dag.py
[2024-03-28T15:42:55.356+0000] {logging_mixin.py:120} INFO - [2024-03-28T15:42:55.355+0000] {dag.py:2585} INFO - Sync 1 DAGs
[2024-03-28T15:42:55.375+0000] {logging_mixin.py:120} INFO - [2024-03-28T15:42:55.375+0000] {dag.py:3340} INFO - Setting next_dagrun for user_processing to 2024-03-27T00:00:00+00:00, run_after=2024-03-28T00:00:00+00:00
[2024-03-28T15:42:55.391+0000] {processor.py:176} INFO - Processing /opt/airflow/dags/first_dag.py took 0.852 seconds
[2024-03-28T15:43:37.006+0000] {processor.py:154} INFO - Started process (PID=114) to work on /opt/airflow/dags/first_dag.py
[2024-03-28T15:43:37.008+0000] {processor.py:756} INFO - Processing file /opt/airflow/dags/first_dag.py for tasks to queue
[2024-03-28T15:43:37.009+0000] {logging_mixin.py:120} INFO - [2024-03-28T15:43:37.009+0000] {dagbag.py:537} INFO - Filling up the DagBag from /opt/airflow/dags/first_dag.py
[2024-03-28T15:45:19.475+0000] {processor.py:154} INFO - Started process (PID=60) to work on /opt/airflow/dags/first_dag.py
[2024-03-28T15:45:19.476+0000] {processor.py:756} INFO - Processing file /opt/airflow/dags/first_dag.py for tasks to queue
[2024-03-28T15:45:19.477+0000] {logging_mixin.py:120} INFO - [2024-03-28T15:45:19.477+0000] {dagbag.py:537} INFO - Filling up the DagBag from /opt/airflow/dags/first_dag.py
[2024-03-28T15:45:20.021+0000] {processor.py:766} INFO - DAG(s) dict_keys(['user_processing']) retrieved from /opt/airflow/dags/first_dag.py
[2024-03-28T15:45:20.161+0000] {logging_mixin.py:120} INFO - [2024-03-28T15:45:20.161+0000] {dag.py:2585} INFO - Sync 1 DAGs
[2024-03-28T15:45:20.180+0000] {logging_mixin.py:120} INFO - [2024-03-28T15:45:20.180+0000] {dag.py:3340} INFO - Setting next_dagrun for user_processing to 2024-03-27T00:00:00+00:00, run_after=2024-03-28T00:00:00+00:00
[2024-03-28T15:45:20.193+0000] {processor.py:176} INFO - Processing /opt/airflow/dags/first_dag.py took 0.722 seconds
[2024-03-28T15:46:26.705+0000] {processor.py:154} INFO - Started process (PID=129) to work on /opt/airflow/dags/first_dag.py
[2024-03-28T15:46:26.708+0000] {processor.py:756} INFO - Processing file /opt/airflow/dags/first_dag.py for tasks to queue
[2024-03-28T15:46:26.709+0000] {logging_mixin.py:120} INFO - [2024-03-28T15:46:26.709+0000] {dagbag.py:537} INFO - Filling up the DagBag from /opt/airflow/dags/first_dag.py
[2024-03-28T15:50:20.744+0000] {processor.py:154} INFO - Started process (PID=86) to work on /opt/airflow/dags/first_dag.py
[2024-03-28T15:50:20.753+0000] {processor.py:756} INFO - Processing file /opt/airflow/dags/first_dag.py for tasks to queue
[2024-03-28T15:50:20.756+0000] {logging_mixin.py:120} INFO - [2024-03-28T15:50:20.755+0000] {dagbag.py:537} INFO - Filling up the DagBag from /opt/airflow/dags/first_dag.py
[2024-03-28T15:51:14.121+0000] {processor.py:154} INFO - Started process (PID=155) to work on /opt/airflow/dags/first_dag.py
[2024-03-28T15:51:14.136+0000] {processor.py:756} INFO - Processing file /opt/airflow/dags/first_dag.py for tasks to queue
[2024-03-28T15:51:14.143+0000] {logging_mixin.py:120} INFO - [2024-03-28T15:51:14.140+0000] {dagbag.py:537} INFO - Filling up the DagBag from /opt/airflow/dags/first_dag.py
[2024-03-28T15:53:35.645+0000] {processor.py:154} INFO - Started process (PID=66) to work on /opt/airflow/dags/first_dag.py
[2024-03-28T15:53:35.648+0000] {processor.py:756} INFO - Processing file /opt/airflow/dags/first_dag.py for tasks to queue
[2024-03-28T15:53:35.650+0000] {logging_mixin.py:120} INFO - [2024-03-28T15:53:35.650+0000] {dagbag.py:537} INFO - Filling up the DagBag from /opt/airflow/dags/first_dag.py
[2024-03-28T15:54:30.800+0000] {processor.py:154} INFO - Started process (PID=132) to work on /opt/airflow/dags/first_dag.py
[2024-03-28T15:54:30.803+0000] {processor.py:756} INFO - Processing file /opt/airflow/dags/first_dag.py for tasks to queue
[2024-03-28T15:54:30.804+0000] {logging_mixin.py:120} INFO - [2024-03-28T15:54:30.804+0000] {dagbag.py:537} INFO - Filling up the DagBag from /opt/airflow/dags/first_dag.py
[2024-03-28T15:58:03.218+0000] {processor.py:154} INFO - Started process (PID=93) to work on /opt/airflow/dags/first_dag.py
[2024-03-28T15:58:03.235+0000] {processor.py:756} INFO - Processing file /opt/airflow/dags/first_dag.py for tasks to queue
[2024-03-28T15:58:03.240+0000] {logging_mixin.py:120} INFO - [2024-03-28T15:58:03.240+0000] {dagbag.py:537} INFO - Filling up the DagBag from /opt/airflow/dags/first_dag.py
