[2024-03-28T15:20:28.488+0000] {processor.py:154} INFO - Started process (PID=40) to work on /opt/airflow/dags/group_dag.py
[2024-03-28T15:20:28.489+0000] {processor.py:756} INFO - Processing file /opt/airflow/dags/group_dag.py for tasks to queue
[2024-03-28T15:20:28.490+0000] {logging_mixin.py:120} INFO - [2024-03-28T15:20:28.490+0000] {dagbag.py:537} INFO - Filling up the DagBag from /opt/airflow/dags/group_dag.py
[2024-03-28T15:20:28.570+0000] {processor.py:766} INFO - DAG(s) dict_keys(['group_dag.downloads', 'group_dag']) retrieved from /opt/airflow/dags/group_dag.py
[2024-03-28T15:20:28.887+0000] {logging_mixin.py:120} INFO - [2024-03-28T15:20:28.887+0000] {manager.py:507} INFO - Created Permission View: can delete on DAG:group_dag
[2024-03-28T15:20:28.893+0000] {logging_mixin.py:120} INFO - [2024-03-28T15:20:28.893+0000] {manager.py:507} INFO - Created Permission View: can edit on DAG:group_dag
[2024-03-28T15:20:28.898+0000] {logging_mixin.py:120} INFO - [2024-03-28T15:20:28.898+0000] {manager.py:507} INFO - Created Permission View: can read on DAG:group_dag
[2024-03-28T15:20:28.899+0000] {logging_mixin.py:120} INFO - [2024-03-28T15:20:28.899+0000] {dag.py:2585} INFO - Sync 2 DAGs
[2024-03-28T15:20:28.910+0000] {logging_mixin.py:120} INFO - [2024-03-28T15:20:28.910+0000] {dag.py:2606} INFO - Creating ORM DAG for group_dag.downloads
[2024-03-28T15:20:28.911+0000] {logging_mixin.py:120} INFO - [2024-03-28T15:20:28.911+0000] {dag.py:2606} INFO - Creating ORM DAG for group_dag
[2024-03-28T15:20:28.940+0000] {logging_mixin.py:120} INFO - [2024-03-28T15:20:28.940+0000] {dag.py:3340} INFO - Setting next_dagrun for group_dag to 2024-03-27T00:00:00+00:00, run_after=2024-03-28T00:00:00+00:00
[2024-03-28T15:20:28.941+0000] {logging_mixin.py:120} INFO - [2024-03-28T15:20:28.941+0000] {dag.py:3340} INFO - Setting next_dagrun for group_dag.downloads to None, run_after=None
[2024-03-28T15:20:28.953+0000] {logging_mixin.py:120} INFO - [2024-03-28T15:20:28.953+0000] {dag.py:2585} INFO - Sync 1 DAGs
[2024-03-28T15:20:28.963+0000] {logging_mixin.py:120} INFO - [2024-03-28T15:20:28.962+0000] {dag.py:3340} INFO - Setting next_dagrun for group_dag.downloads to None, run_after=None
[2024-03-28T15:20:28.984+0000] {processor.py:176} INFO - Processing /opt/airflow/dags/group_dag.py took 0.498 seconds
[2024-03-28T15:21:57.238+0000] {processor.py:154} INFO - Started process (PID=105) to work on /opt/airflow/dags/group_dag.py
[2024-03-28T15:21:57.242+0000] {processor.py:756} INFO - Processing file /opt/airflow/dags/group_dag.py for tasks to queue
[2024-03-28T15:21:57.245+0000] {logging_mixin.py:120} INFO - [2024-03-28T15:21:57.245+0000] {dagbag.py:537} INFO - Filling up the DagBag from /opt/airflow/dags/group_dag.py
[2024-03-28T15:21:57.566+0000] {processor.py:766} INFO - DAG(s) dict_keys(['group_dag.downloads', 'group_dag']) retrieved from /opt/airflow/dags/group_dag.py
[2024-03-28T15:22:03.638+0000] {logging_mixin.py:120} INFO - [2024-03-28T15:22:03.631+0000] {dag.py:2585} INFO - Sync 2 DAGs
[2024-03-28T15:22:04.459+0000] {logging_mixin.py:120} INFO - [2024-03-28T15:22:04.452+0000] {dag.py:3340} INFO - Setting next_dagrun for group_dag to 2024-03-27T00:00:00+00:00, run_after=2024-03-28T00:00:00+00:00
[2024-03-28T15:22:04.512+0000] {logging_mixin.py:120} INFO - [2024-03-28T15:22:04.512+0000] {dag.py:3340} INFO - Setting next_dagrun for group_dag.downloads to None, run_after=None
[2024-03-28T15:22:04.546+0000] {logging_mixin.py:120} INFO - [2024-03-28T15:22:04.545+0000] {dag.py:2585} INFO - Sync 1 DAGs
[2024-03-28T15:22:04.575+0000] {logging_mixin.py:120} INFO - [2024-03-28T15:22:04.575+0000] {dag.py:3340} INFO - Setting next_dagrun for group_dag.downloads to None, run_after=None
[2024-03-28T15:22:04.618+0000] {processor.py:176} INFO - Processing /opt/airflow/dags/group_dag.py took 7.395 seconds
[2024-03-28T15:24:46.293+0000] {processor.py:154} INFO - Started process (PID=68) to work on /opt/airflow/dags/group_dag.py
[2024-03-28T15:24:46.297+0000] {processor.py:756} INFO - Processing file /opt/airflow/dags/group_dag.py for tasks to queue
[2024-03-28T15:24:46.300+0000] {logging_mixin.py:120} INFO - [2024-03-28T15:24:46.299+0000] {dagbag.py:537} INFO - Filling up the DagBag from /opt/airflow/dags/group_dag.py
[2024-03-28T15:24:46.648+0000] {processor.py:766} INFO - DAG(s) dict_keys(['group_dag.downloads', 'group_dag']) retrieved from /opt/airflow/dags/group_dag.py
[2024-03-28T15:24:49.153+0000] {logging_mixin.py:120} INFO - [2024-03-28T15:24:49.148+0000] {dag.py:2585} INFO - Sync 2 DAGs
[2024-03-28T15:24:51.759+0000] {logging_mixin.py:120} INFO - [2024-03-28T15:24:51.756+0000] {dag.py:3340} INFO - Setting next_dagrun for group_dag to 2024-03-27T00:00:00+00:00, run_after=2024-03-28T00:00:00+00:00
[2024-03-28T15:24:51.777+0000] {logging_mixin.py:120} INFO - [2024-03-28T15:24:51.777+0000] {dag.py:3340} INFO - Setting next_dagrun for group_dag.downloads to None, run_after=None
[2024-03-28T15:24:51.912+0000] {logging_mixin.py:120} INFO - [2024-03-28T15:24:51.909+0000] {dag.py:2585} INFO - Sync 1 DAGs
[2024-03-28T15:24:51.943+0000] {logging_mixin.py:120} INFO - [2024-03-28T15:24:51.936+0000] {dag.py:3340} INFO - Setting next_dagrun for group_dag.downloads to None, run_after=None
[2024-03-28T15:24:52.041+0000] {processor.py:176} INFO - Processing /opt/airflow/dags/group_dag.py took 5.767 seconds
[2024-03-28T15:25:43.129+0000] {processor.py:154} INFO - Started process (PID=135) to work on /opt/airflow/dags/group_dag.py
[2024-03-28T15:25:43.134+0000] {processor.py:756} INFO - Processing file /opt/airflow/dags/group_dag.py for tasks to queue
[2024-03-28T15:25:43.135+0000] {logging_mixin.py:120} INFO - [2024-03-28T15:25:43.135+0000] {dagbag.py:537} INFO - Filling up the DagBag from /opt/airflow/dags/group_dag.py
[2024-03-28T15:25:45.952+0000] {processor.py:766} INFO - DAG(s) dict_keys(['group_dag.downloads', 'group_dag']) retrieved from /opt/airflow/dags/group_dag.py
[2024-03-28T15:25:50.587+0000] {logging_mixin.py:120} INFO - [2024-03-28T15:25:50.584+0000] {dag.py:2585} INFO - Sync 2 DAGs
[2024-03-28T15:25:50.716+0000] {logging_mixin.py:120} INFO - [2024-03-28T15:25:50.713+0000] {dag.py:3340} INFO - Setting next_dagrun for group_dag to 2024-03-27T00:00:00+00:00, run_after=2024-03-28T00:00:00+00:00
[2024-03-28T15:25:50.743+0000] {logging_mixin.py:120} INFO - [2024-03-28T15:25:50.742+0000] {dag.py:3340} INFO - Setting next_dagrun for group_dag.downloads to None, run_after=None
[2024-03-28T15:25:50.783+0000] {logging_mixin.py:120} INFO - [2024-03-28T15:25:50.780+0000] {dag.py:2585} INFO - Sync 1 DAGs
[2024-03-28T15:25:50.808+0000] {logging_mixin.py:120} INFO - [2024-03-28T15:25:50.808+0000] {dag.py:3340} INFO - Setting next_dagrun for group_dag.downloads to None, run_after=None
[2024-03-28T15:25:50.849+0000] {processor.py:176} INFO - Processing /opt/airflow/dags/group_dag.py took 7.736 seconds
[2024-03-28T15:27:08.245+0000] {processor.py:154} INFO - Started process (PID=63) to work on /opt/airflow/dags/group_dag.py
[2024-03-28T15:27:08.250+0000] {processor.py:756} INFO - Processing file /opt/airflow/dags/group_dag.py for tasks to queue
[2024-03-28T15:27:08.252+0000] {logging_mixin.py:120} INFO - [2024-03-28T15:27:08.251+0000] {dagbag.py:537} INFO - Filling up the DagBag from /opt/airflow/dags/group_dag.py
[2024-03-28T15:27:08.618+0000] {processor.py:766} INFO - DAG(s) dict_keys(['group_dag.downloads', 'group_dag']) retrieved from /opt/airflow/dags/group_dag.py
[2024-03-28T15:27:10.741+0000] {logging_mixin.py:120} INFO - [2024-03-28T15:27:10.735+0000] {dag.py:2585} INFO - Sync 2 DAGs
[2024-03-28T15:27:10.998+0000] {logging_mixin.py:120} INFO - [2024-03-28T15:27:10.995+0000] {dag.py:3340} INFO - Setting next_dagrun for group_dag to 2024-03-27T00:00:00+00:00, run_after=2024-03-28T00:00:00+00:00
[2024-03-28T15:27:11.040+0000] {logging_mixin.py:120} INFO - [2024-03-28T15:27:11.036+0000] {dag.py:3340} INFO - Setting next_dagrun for group_dag.downloads to None, run_after=None
[2024-03-28T15:27:11.114+0000] {logging_mixin.py:120} INFO - [2024-03-28T15:27:11.113+0000] {dag.py:2585} INFO - Sync 1 DAGs
[2024-03-28T15:27:11.147+0000] {logging_mixin.py:120} INFO - [2024-03-28T15:27:11.145+0000] {dag.py:3340} INFO - Setting next_dagrun for group_dag.downloads to None, run_after=None
[2024-03-28T15:27:11.277+0000] {processor.py:176} INFO - Processing /opt/airflow/dags/group_dag.py took 3.042 seconds
[2024-03-28T15:27:56.779+0000] {processor.py:154} INFO - Started process (PID=127) to work on /opt/airflow/dags/group_dag.py
[2024-03-28T15:27:56.782+0000] {processor.py:756} INFO - Processing file /opt/airflow/dags/group_dag.py for tasks to queue
[2024-03-28T15:27:56.784+0000] {logging_mixin.py:120} INFO - [2024-03-28T15:27:56.784+0000] {dagbag.py:537} INFO - Filling up the DagBag from /opt/airflow/dags/group_dag.py
[2024-03-28T15:27:57.211+0000] {processor.py:766} INFO - DAG(s) dict_keys(['group_dag.downloads', 'group_dag']) retrieved from /opt/airflow/dags/group_dag.py
[2024-03-28T15:27:59.121+0000] {logging_mixin.py:120} INFO - [2024-03-28T15:27:59.113+0000] {dag.py:2585} INFO - Sync 2 DAGs
[2024-03-28T15:27:59.322+0000] {logging_mixin.py:120} INFO - [2024-03-28T15:27:59.322+0000] {dag.py:3340} INFO - Setting next_dagrun for group_dag to 2024-03-27T00:00:00+00:00, run_after=2024-03-28T00:00:00+00:00
[2024-03-28T15:27:59.348+0000] {logging_mixin.py:120} INFO - [2024-03-28T15:27:59.348+0000] {dag.py:3340} INFO - Setting next_dagrun for group_dag.downloads to None, run_after=None
[2024-03-28T15:27:59.385+0000] {logging_mixin.py:120} INFO - [2024-03-28T15:27:59.385+0000] {dag.py:2585} INFO - Sync 1 DAGs
[2024-03-28T15:27:59.419+0000] {logging_mixin.py:120} INFO - [2024-03-28T15:27:59.419+0000] {dag.py:3340} INFO - Setting next_dagrun for group_dag.downloads to None, run_after=None
[2024-03-28T15:27:59.460+0000] {processor.py:176} INFO - Processing /opt/airflow/dags/group_dag.py took 2.689 seconds
[2024-03-28T15:29:44.437+0000] {processor.py:154} INFO - Started process (PID=61) to work on /opt/airflow/dags/group_dag.py
[2024-03-28T15:29:44.441+0000] {processor.py:756} INFO - Processing file /opt/airflow/dags/group_dag.py for tasks to queue
[2024-03-28T15:29:44.442+0000] {logging_mixin.py:120} INFO - [2024-03-28T15:29:44.442+0000] {dagbag.py:537} INFO - Filling up the DagBag from /opt/airflow/dags/group_dag.py
[2024-03-28T15:29:44.956+0000] {processor.py:766} INFO - DAG(s) dict_keys(['group_dag.downloads', 'group_dag']) retrieved from /opt/airflow/dags/group_dag.py
[2024-03-28T15:29:51.711+0000] {logging_mixin.py:120} INFO - [2024-03-28T15:29:51.709+0000] {dag.py:2585} INFO - Sync 2 DAGs
[2024-03-28T15:29:52.953+0000] {logging_mixin.py:120} INFO - [2024-03-28T15:29:52.948+0000] {dag.py:3340} INFO - Setting next_dagrun for group_dag to 2024-03-28T00:00:00+00:00, run_after=2024-03-29T00:00:00+00:00
[2024-03-28T15:29:53.027+0000] {logging_mixin.py:120} INFO - [2024-03-28T15:29:53.027+0000] {dag.py:3340} INFO - Setting next_dagrun for group_dag.downloads to None, run_after=None
[2024-03-28T15:29:53.833+0000] {logging_mixin.py:120} INFO - [2024-03-28T15:29:53.831+0000] {dag.py:2585} INFO - Sync 1 DAGs
[2024-03-28T15:29:53.856+0000] {logging_mixin.py:120} INFO - [2024-03-28T15:29:53.856+0000] {dag.py:3340} INFO - Setting next_dagrun for group_dag.downloads to None, run_after=None
[2024-03-28T15:29:53.961+0000] {processor.py:176} INFO - Processing /opt/airflow/dags/group_dag.py took 9.553 seconds
[2024-03-28T15:33:09.603+0000] {processor.py:154} INFO - Started process (PID=70) to work on /opt/airflow/dags/group_dag.py
[2024-03-28T15:33:09.612+0000] {processor.py:756} INFO - Processing file /opt/airflow/dags/group_dag.py for tasks to queue
[2024-03-28T15:33:09.614+0000] {logging_mixin.py:120} INFO - [2024-03-28T15:33:09.614+0000] {dagbag.py:537} INFO - Filling up the DagBag from /opt/airflow/dags/group_dag.py
[2024-03-28T15:33:10.427+0000] {processor.py:766} INFO - DAG(s) dict_keys(['group_dag.downloads', 'group_dag']) retrieved from /opt/airflow/dags/group_dag.py
[2024-03-28T15:39:06.731+0000] {processor.py:154} INFO - Started process (PID=136) to work on /opt/airflow/dags/group_dag.py
[2024-03-28T15:39:06.739+0000] {processor.py:756} INFO - Processing file /opt/airflow/dags/group_dag.py for tasks to queue
[2024-03-28T15:39:06.743+0000] {logging_mixin.py:120} INFO - [2024-03-28T15:39:06.742+0000] {dagbag.py:537} INFO - Filling up the DagBag from /opt/airflow/dags/group_dag.py
[2024-03-28T15:39:07.175+0000] {processor.py:766} INFO - DAG(s) dict_keys(['group_dag.downloads', 'group_dag']) retrieved from /opt/airflow/dags/group_dag.py
[2024-03-28T15:39:12.523+0000] {logging_mixin.py:120} INFO - [2024-03-28T15:39:12.521+0000] {dag.py:2585} INFO - Sync 2 DAGs
[2024-03-28T15:39:12.620+0000] {logging_mixin.py:120} INFO - [2024-03-28T15:39:12.620+0000] {dag.py:3340} INFO - Setting next_dagrun for group_dag to 2024-03-28T00:00:00+00:00, run_after=2024-03-29T00:00:00+00:00
[2024-03-28T15:39:12.630+0000] {logging_mixin.py:120} INFO - [2024-03-28T15:39:12.630+0000] {dag.py:3340} INFO - Setting next_dagrun for group_dag.downloads to None, run_after=None
[2024-03-28T15:39:12.646+0000] {logging_mixin.py:120} INFO - [2024-03-28T15:39:12.646+0000] {dag.py:2585} INFO - Sync 1 DAGs
[2024-03-28T15:39:12.664+0000] {logging_mixin.py:120} INFO - [2024-03-28T15:39:12.664+0000] {dag.py:3340} INFO - Setting next_dagrun for group_dag.downloads to None, run_after=None
[2024-03-28T15:39:12.865+0000] {processor.py:176} INFO - Processing /opt/airflow/dags/group_dag.py took 6.190 seconds
[2024-03-28T15:41:57.895+0000] {processor.py:154} INFO - Started process (PID=69) to work on /opt/airflow/dags/group_dag.py
[2024-03-28T15:41:57.896+0000] {processor.py:756} INFO - Processing file /opt/airflow/dags/group_dag.py for tasks to queue
[2024-03-28T15:41:57.897+0000] {logging_mixin.py:120} INFO - [2024-03-28T15:41:57.896+0000] {dagbag.py:537} INFO - Filling up the DagBag from /opt/airflow/dags/group_dag.py
[2024-03-28T15:41:58.014+0000] {processor.py:766} INFO - DAG(s) dict_keys(['group_dag.downloads', 'group_dag']) retrieved from /opt/airflow/dags/group_dag.py
[2024-03-28T15:42:02.335+0000] {logging_mixin.py:120} INFO - [2024-03-28T15:42:02.334+0000] {dag.py:2585} INFO - Sync 2 DAGs
[2024-03-28T15:42:02.369+0000] {logging_mixin.py:120} INFO - [2024-03-28T15:42:02.369+0000] {dag.py:3340} INFO - Setting next_dagrun for group_dag to 2024-03-28T00:00:00+00:00, run_after=2024-03-29T00:00:00+00:00
[2024-03-28T15:42:02.372+0000] {logging_mixin.py:120} INFO - [2024-03-28T15:42:02.372+0000] {dag.py:3340} INFO - Setting next_dagrun for group_dag.downloads to None, run_after=None
[2024-03-28T15:42:02.387+0000] {logging_mixin.py:120} INFO - [2024-03-28T15:42:02.386+0000] {dag.py:2585} INFO - Sync 1 DAGs
[2024-03-28T15:42:02.399+0000] {logging_mixin.py:120} INFO - [2024-03-28T15:42:02.399+0000] {dag.py:3340} INFO - Setting next_dagrun for group_dag.downloads to None, run_after=None
[2024-03-28T15:42:02.424+0000] {processor.py:176} INFO - Processing /opt/airflow/dags/group_dag.py took 4.532 seconds
[2024-03-28T15:42:54.128+0000] {processor.py:154} INFO - Started process (PID=36) to work on /opt/airflow/dags/group_dag.py
[2024-03-28T15:42:54.130+0000] {processor.py:756} INFO - Processing file /opt/airflow/dags/group_dag.py for tasks to queue
[2024-03-28T15:42:54.132+0000] {logging_mixin.py:120} INFO - [2024-03-28T15:42:54.132+0000] {dagbag.py:537} INFO - Filling up the DagBag from /opt/airflow/dags/group_dag.py
[2024-03-28T15:42:54.164+0000] {processor.py:766} INFO - DAG(s) dict_keys(['group_dag.downloads', 'group_dag']) retrieved from /opt/airflow/dags/group_dag.py
[2024-03-28T15:42:54.466+0000] {logging_mixin.py:120} INFO - [2024-03-28T15:42:54.466+0000] {dag.py:2585} INFO - Sync 2 DAGs
[2024-03-28T15:42:54.496+0000] {logging_mixin.py:120} INFO - [2024-03-28T15:42:54.496+0000] {dag.py:3340} INFO - Setting next_dagrun for group_dag to 2024-03-28T00:00:00+00:00, run_after=2024-03-29T00:00:00+00:00
[2024-03-28T15:42:54.500+0000] {logging_mixin.py:120} INFO - [2024-03-28T15:42:54.500+0000] {dag.py:3340} INFO - Setting next_dagrun for group_dag.downloads to None, run_after=None
[2024-03-28T15:42:54.505+0000] {logging_mixin.py:120} INFO - [2024-03-28T15:42:54.505+0000] {dag.py:2585} INFO - Sync 1 DAGs
[2024-03-28T15:42:54.510+0000] {logging_mixin.py:120} INFO - [2024-03-28T15:42:54.510+0000] {dag.py:3340} INFO - Setting next_dagrun for group_dag.downloads to None, run_after=None
[2024-03-28T15:42:54.520+0000] {processor.py:176} INFO - Processing /opt/airflow/dags/group_dag.py took 0.394 seconds
[2024-03-28T15:43:28.552+0000] {processor.py:154} INFO - Started process (PID=102) to work on /opt/airflow/dags/group_dag.py
[2024-03-28T15:43:28.554+0000] {processor.py:756} INFO - Processing file /opt/airflow/dags/group_dag.py for tasks to queue
[2024-03-28T15:43:28.555+0000] {logging_mixin.py:120} INFO - [2024-03-28T15:43:28.555+0000] {dagbag.py:537} INFO - Filling up the DagBag from /opt/airflow/dags/group_dag.py
[2024-03-28T15:43:32.471+0000] {processor.py:766} INFO - DAG(s) dict_keys(['group_dag.downloads', 'group_dag']) retrieved from /opt/airflow/dags/group_dag.py
[2024-03-28T15:43:36.614+0000] {logging_mixin.py:120} INFO - [2024-03-28T15:43:36.611+0000] {dag.py:2585} INFO - Sync 2 DAGs
[2024-03-28T15:43:36.699+0000] {logging_mixin.py:120} INFO - [2024-03-28T15:43:36.696+0000] {dag.py:3340} INFO - Setting next_dagrun for group_dag to 2024-03-28T00:00:00+00:00, run_after=2024-03-29T00:00:00+00:00
[2024-03-28T15:43:36.816+0000] {logging_mixin.py:120} INFO - [2024-03-28T15:43:36.809+0000] {dag.py:3340} INFO - Setting next_dagrun for group_dag.downloads to None, run_after=None
[2024-03-28T15:43:36.888+0000] {logging_mixin.py:120} INFO - [2024-03-28T15:43:36.887+0000] {dag.py:2585} INFO - Sync 1 DAGs
[2024-03-28T15:43:36.942+0000] {logging_mixin.py:120} INFO - [2024-03-28T15:43:36.941+0000] {dag.py:3340} INFO - Setting next_dagrun for group_dag.downloads to None, run_after=None
[2024-03-28T15:43:36.973+0000] {processor.py:176} INFO - Processing /opt/airflow/dags/group_dag.py took 8.435 seconds
[2024-03-28T15:45:19.138+0000] {processor.py:154} INFO - Started process (PID=54) to work on /opt/airflow/dags/group_dag.py
[2024-03-28T15:45:19.139+0000] {processor.py:756} INFO - Processing file /opt/airflow/dags/group_dag.py for tasks to queue
[2024-03-28T15:45:19.140+0000] {logging_mixin.py:120} INFO - [2024-03-28T15:45:19.140+0000] {dagbag.py:537} INFO - Filling up the DagBag from /opt/airflow/dags/group_dag.py
[2024-03-28T15:45:19.170+0000] {processor.py:766} INFO - DAG(s) dict_keys(['group_dag.downloads', 'group_dag']) retrieved from /opt/airflow/dags/group_dag.py
[2024-03-28T15:45:19.338+0000] {logging_mixin.py:120} INFO - [2024-03-28T15:45:19.338+0000] {dag.py:2585} INFO - Sync 2 DAGs
[2024-03-28T15:45:19.364+0000] {logging_mixin.py:120} INFO - [2024-03-28T15:45:19.363+0000] {dag.py:3340} INFO - Setting next_dagrun for group_dag to 2024-03-28T00:00:00+00:00, run_after=2024-03-29T00:00:00+00:00
[2024-03-28T15:45:19.367+0000] {logging_mixin.py:120} INFO - [2024-03-28T15:45:19.367+0000] {dag.py:3340} INFO - Setting next_dagrun for group_dag.downloads to None, run_after=None
[2024-03-28T15:45:19.371+0000] {logging_mixin.py:120} INFO - [2024-03-28T15:45:19.371+0000] {dag.py:2585} INFO - Sync 1 DAGs
[2024-03-28T15:45:19.375+0000] {logging_mixin.py:120} INFO - [2024-03-28T15:45:19.375+0000] {dag.py:3340} INFO - Setting next_dagrun for group_dag.downloads to None, run_after=None
[2024-03-28T15:45:19.383+0000] {processor.py:176} INFO - Processing /opt/airflow/dags/group_dag.py took 0.247 seconds
[2024-03-28T15:45:55.542+0000] {processor.py:154} INFO - Started process (PID=115) to work on /opt/airflow/dags/group_dag.py
[2024-03-28T15:45:55.545+0000] {processor.py:756} INFO - Processing file /opt/airflow/dags/group_dag.py for tasks to queue
[2024-03-28T15:45:55.548+0000] {logging_mixin.py:120} INFO - [2024-03-28T15:45:55.548+0000] {dagbag.py:537} INFO - Filling up the DagBag from /opt/airflow/dags/group_dag.py
[2024-03-28T15:46:04.484+0000] {processor.py:766} INFO - DAG(s) dict_keys(['group_dag.downloads', 'group_dag']) retrieved from /opt/airflow/dags/group_dag.py
[2024-03-28T15:46:24.537+0000] {logging_mixin.py:120} INFO - [2024-03-28T15:46:24.530+0000] {dag.py:2585} INFO - Sync 2 DAGs
[2024-03-28T15:46:24.754+0000] {logging_mixin.py:120} INFO - [2024-03-28T15:46:24.750+0000] {dag.py:3340} INFO - Setting next_dagrun for group_dag to 2024-03-28T00:00:00+00:00, run_after=2024-03-29T00:00:00+00:00
[2024-03-28T15:46:24.762+0000] {logging_mixin.py:120} INFO - [2024-03-28T15:46:24.762+0000] {dag.py:3340} INFO - Setting next_dagrun for group_dag.downloads to None, run_after=None
[2024-03-28T15:46:24.784+0000] {logging_mixin.py:120} INFO - [2024-03-28T15:46:24.784+0000] {dag.py:2585} INFO - Sync 1 DAGs
[2024-03-28T15:46:24.797+0000] {logging_mixin.py:120} INFO - [2024-03-28T15:46:24.797+0000] {dag.py:3340} INFO - Setting next_dagrun for group_dag.downloads to None, run_after=None
[2024-03-28T15:46:24.828+0000] {processor.py:176} INFO - Processing /opt/airflow/dags/group_dag.py took 32.734 seconds
[2024-03-28T15:50:09.691+0000] {processor.py:154} INFO - Started process (PID=80) to work on /opt/airflow/dags/group_dag.py
[2024-03-28T15:50:09.706+0000] {processor.py:756} INFO - Processing file /opt/airflow/dags/group_dag.py for tasks to queue
[2024-03-28T15:50:09.713+0000] {logging_mixin.py:120} INFO - [2024-03-28T15:50:09.712+0000] {dagbag.py:537} INFO - Filling up the DagBag from /opt/airflow/dags/group_dag.py
[2024-03-28T15:50:10.811+0000] {processor.py:766} INFO - DAG(s) dict_keys(['group_dag.downloads', 'group_dag']) retrieved from /opt/airflow/dags/group_dag.py
[2024-03-28T15:50:20.360+0000] {logging_mixin.py:120} INFO - [2024-03-28T15:50:20.348+0000] {dag.py:2585} INFO - Sync 2 DAGs
[2024-03-28T15:50:20.512+0000] {logging_mixin.py:120} INFO - [2024-03-28T15:50:20.512+0000] {dag.py:3340} INFO - Setting next_dagrun for group_dag to 2024-03-28T00:00:00+00:00, run_after=2024-03-29T00:00:00+00:00
[2024-03-28T15:50:20.539+0000] {logging_mixin.py:120} INFO - [2024-03-28T15:50:20.538+0000] {dag.py:3340} INFO - Setting next_dagrun for group_dag.downloads to None, run_after=None
[2024-03-28T15:50:20.571+0000] {logging_mixin.py:120} INFO - [2024-03-28T15:50:20.571+0000] {dag.py:2585} INFO - Sync 1 DAGs
[2024-03-28T15:50:20.603+0000] {logging_mixin.py:120} INFO - [2024-03-28T15:50:20.602+0000] {dag.py:3340} INFO - Setting next_dagrun for group_dag.downloads to None, run_after=None
[2024-03-28T15:50:20.634+0000] {processor.py:176} INFO - Processing /opt/airflow/dags/group_dag.py took 10.761 seconds
[2024-03-28T15:51:11.049+0000] {processor.py:154} INFO - Started process (PID=143) to work on /opt/airflow/dags/group_dag.py
[2024-03-28T15:51:11.058+0000] {processor.py:756} INFO - Processing file /opt/airflow/dags/group_dag.py for tasks to queue
[2024-03-28T15:51:11.060+0000] {logging_mixin.py:120} INFO - [2024-03-28T15:51:11.059+0000] {dagbag.py:537} INFO - Filling up the DagBag from /opt/airflow/dags/group_dag.py
[2024-03-28T15:51:11.362+0000] {processor.py:766} INFO - DAG(s) dict_keys(['group_dag.downloads', 'group_dag']) retrieved from /opt/airflow/dags/group_dag.py
[2024-03-28T15:51:12.438+0000] {logging_mixin.py:120} INFO - [2024-03-28T15:51:12.437+0000] {dag.py:2585} INFO - Sync 2 DAGs
[2024-03-28T15:51:12.479+0000] {logging_mixin.py:120} INFO - [2024-03-28T15:51:12.479+0000] {dag.py:3340} INFO - Setting next_dagrun for group_dag to 2024-03-28T00:00:00+00:00, run_after=2024-03-29T00:00:00+00:00
[2024-03-28T15:51:12.487+0000] {logging_mixin.py:120} INFO - [2024-03-28T15:51:12.487+0000] {dag.py:3340} INFO - Setting next_dagrun for group_dag.downloads to None, run_after=None
[2024-03-28T15:51:12.505+0000] {logging_mixin.py:120} INFO - [2024-03-28T15:51:12.504+0000] {dag.py:2585} INFO - Sync 1 DAGs
[2024-03-28T15:51:12.512+0000] {logging_mixin.py:120} INFO - [2024-03-28T15:51:12.512+0000] {dag.py:3340} INFO - Setting next_dagrun for group_dag.downloads to None, run_after=None
[2024-03-28T15:51:12.711+0000] {processor.py:176} INFO - Processing /opt/airflow/dags/group_dag.py took 1.674 seconds
[2024-03-28T15:53:30.228+0000] {processor.py:154} INFO - Started process (PID=53) to work on /opt/airflow/dags/group_dag.py
[2024-03-28T15:53:30.232+0000] {processor.py:756} INFO - Processing file /opt/airflow/dags/group_dag.py for tasks to queue
[2024-03-28T15:53:30.234+0000] {logging_mixin.py:120} INFO - [2024-03-28T15:53:30.233+0000] {dagbag.py:537} INFO - Filling up the DagBag from /opt/airflow/dags/group_dag.py
[2024-03-28T15:53:30.498+0000] {processor.py:766} INFO - DAG(s) dict_keys(['group_dag.downloads', 'group_dag']) retrieved from /opt/airflow/dags/group_dag.py
[2024-03-28T15:53:34.096+0000] {logging_mixin.py:120} INFO - [2024-03-28T15:53:34.081+0000] {dag.py:2585} INFO - Sync 2 DAGs
[2024-03-28T15:53:34.247+0000] {logging_mixin.py:120} INFO - [2024-03-28T15:53:34.247+0000] {dag.py:3340} INFO - Setting next_dagrun for group_dag to 2024-03-28T00:00:00+00:00, run_after=2024-03-29T00:00:00+00:00
[2024-03-28T15:53:34.278+0000] {logging_mixin.py:120} INFO - [2024-03-28T15:53:34.277+0000] {dag.py:3340} INFO - Setting next_dagrun for group_dag.downloads to None, run_after=None
[2024-03-28T15:53:34.297+0000] {logging_mixin.py:120} INFO - [2024-03-28T15:53:34.297+0000] {dag.py:2585} INFO - Sync 1 DAGs
[2024-03-28T15:53:34.307+0000] {logging_mixin.py:120} INFO - [2024-03-28T15:53:34.307+0000] {dag.py:3340} INFO - Setting next_dagrun for group_dag.downloads to None, run_after=None
[2024-03-28T15:53:34.328+0000] {processor.py:176} INFO - Processing /opt/airflow/dags/group_dag.py took 4.127 seconds
[2024-03-28T15:54:27.032+0000] {processor.py:154} INFO - Started process (PID=126) to work on /opt/airflow/dags/group_dag.py
[2024-03-28T15:54:27.034+0000] {processor.py:756} INFO - Processing file /opt/airflow/dags/group_dag.py for tasks to queue
[2024-03-28T15:54:27.036+0000] {logging_mixin.py:120} INFO - [2024-03-28T15:54:27.035+0000] {dagbag.py:537} INFO - Filling up the DagBag from /opt/airflow/dags/group_dag.py
[2024-03-28T15:54:27.202+0000] {processor.py:766} INFO - DAG(s) dict_keys(['group_dag.downloads', 'group_dag']) retrieved from /opt/airflow/dags/group_dag.py
[2024-03-28T15:54:29.758+0000] {logging_mixin.py:120} INFO - [2024-03-28T15:54:29.754+0000] {dag.py:2585} INFO - Sync 2 DAGs
[2024-03-28T15:54:30.541+0000] {logging_mixin.py:120} INFO - [2024-03-28T15:54:30.540+0000] {dag.py:3340} INFO - Setting next_dagrun for group_dag to 2024-03-28T00:00:00+00:00, run_after=2024-03-29T00:00:00+00:00
[2024-03-28T15:54:30.552+0000] {logging_mixin.py:120} INFO - [2024-03-28T15:54:30.552+0000] {dag.py:3340} INFO - Setting next_dagrun for group_dag.downloads to None, run_after=None
[2024-03-28T15:54:30.581+0000] {logging_mixin.py:120} INFO - [2024-03-28T15:54:30.581+0000] {dag.py:2585} INFO - Sync 1 DAGs
[2024-03-28T15:54:30.599+0000] {logging_mixin.py:120} INFO - [2024-03-28T15:54:30.598+0000] {dag.py:3340} INFO - Setting next_dagrun for group_dag.downloads to None, run_after=None
[2024-03-28T15:54:30.639+0000] {processor.py:176} INFO - Processing /opt/airflow/dags/group_dag.py took 3.613 seconds
[2024-03-28T15:57:43.852+0000] {processor.py:154} INFO - Started process (PID=78) to work on /opt/airflow/dags/group_dag.py
[2024-03-28T15:57:43.858+0000] {processor.py:756} INFO - Processing file /opt/airflow/dags/group_dag.py for tasks to queue
[2024-03-28T15:57:43.859+0000] {logging_mixin.py:120} INFO - [2024-03-28T15:57:43.859+0000] {dagbag.py:537} INFO - Filling up the DagBag from /opt/airflow/dags/group_dag.py
[2024-03-28T15:57:44.223+0000] {processor.py:766} INFO - DAG(s) dict_keys(['group_dag.downloads', 'group_dag']) retrieved from /opt/airflow/dags/group_dag.py
[2024-03-28T15:58:00.395+0000] {logging_mixin.py:120} INFO - [2024-03-28T15:58:00.387+0000] {dag.py:2585} INFO - Sync 2 DAGs
[2024-03-28T15:58:01.154+0000] {logging_mixin.py:120} INFO - [2024-03-28T15:58:01.151+0000] {dag.py:3340} INFO - Setting next_dagrun for group_dag to 2024-03-28T00:00:00+00:00, run_after=2024-03-29T00:00:00+00:00
[2024-03-28T15:58:01.223+0000] {logging_mixin.py:120} INFO - [2024-03-28T15:58:01.205+0000] {dag.py:3340} INFO - Setting next_dagrun for group_dag.downloads to None, run_after=None
[2024-03-28T15:58:01.389+0000] {logging_mixin.py:120} INFO - [2024-03-28T15:58:01.387+0000] {dag.py:2585} INFO - Sync 1 DAGs
[2024-03-28T15:58:01.475+0000] {logging_mixin.py:120} INFO - [2024-03-28T15:58:01.467+0000] {dag.py:3340} INFO - Setting next_dagrun for group_dag.downloads to None, run_after=None
[2024-03-28T15:58:01.649+0000] {processor.py:176} INFO - Processing /opt/airflow/dags/group_dag.py took 16.778 seconds
