[2024-03-28T15:20:29.163+0000] {processor.py:154} INFO - Started process (PID=45) to work on /opt/airflow/dags/parallels.py
[2024-03-28T15:20:29.164+0000] {processor.py:756} INFO - Processing file /opt/airflow/dags/parallels.py for tasks to queue
[2024-03-28T15:20:29.165+0000] {logging_mixin.py:120} INFO - [2024-03-28T15:20:29.164+0000] {dagbag.py:537} INFO - Filling up the DagBag from /opt/airflow/dags/parallels.py
[2024-03-28T15:20:29.186+0000] {processor.py:766} INFO - DAG(s) dict_keys(['parallel_dag']) retrieved from /opt/airflow/dags/parallels.py
[2024-03-28T15:20:29.219+0000] {logging_mixin.py:120} INFO - [2024-03-28T15:20:29.219+0000] {dag.py:2585} INFO - Sync 1 DAGs
[2024-03-28T15:20:29.259+0000] {logging_mixin.py:120} INFO - [2024-03-28T15:20:29.258+0000] {dag.py:3340} INFO - Setting next_dagrun for parallel_dag to 2024-03-27T00:00:00+00:00, run_after=2024-03-28T00:00:00+00:00
[2024-03-28T15:20:29.285+0000] {processor.py:176} INFO - Processing /opt/airflow/dags/parallels.py took 0.125 seconds
[2024-03-28T15:22:04.740+0000] {processor.py:154} INFO - Started process (PID=118) to work on /opt/airflow/dags/parallels.py
[2024-03-28T15:22:04.746+0000] {processor.py:756} INFO - Processing file /opt/airflow/dags/parallels.py for tasks to queue
[2024-03-28T15:22:04.748+0000] {logging_mixin.py:120} INFO - [2024-03-28T15:22:04.748+0000] {dagbag.py:537} INFO - Filling up the DagBag from /opt/airflow/dags/parallels.py
[2024-03-28T15:22:05.141+0000] {processor.py:766} INFO - DAG(s) dict_keys(['parallel_dag']) retrieved from /opt/airflow/dags/parallels.py
[2024-03-28T15:22:18.970+0000] {logging_mixin.py:120} INFO - [2024-03-28T15:22:18.958+0000] {dag.py:2585} INFO - Sync 1 DAGs
[2024-03-28T15:22:20.626+0000] {logging_mixin.py:120} INFO - [2024-03-28T15:22:20.600+0000] {dag.py:3340} INFO - Setting next_dagrun for parallel_dag to 2024-03-27T00:00:00+00:00, run_after=2024-03-28T00:00:00+00:00
[2024-03-28T15:22:20.867+0000] {processor.py:176} INFO - Processing /opt/airflow/dags/parallels.py took 16.142 seconds
[2024-03-28T15:24:49.167+0000] {processor.py:154} INFO - Started process (PID=75) to work on /opt/airflow/dags/parallels.py
[2024-03-28T15:24:49.175+0000] {processor.py:756} INFO - Processing file /opt/airflow/dags/parallels.py for tasks to queue
[2024-03-28T15:24:49.181+0000] {logging_mixin.py:120} INFO - [2024-03-28T15:24:49.181+0000] {dagbag.py:537} INFO - Filling up the DagBag from /opt/airflow/dags/parallels.py
[2024-03-28T15:24:51.669+0000] {processor.py:766} INFO - DAG(s) dict_keys(['parallel_dag']) retrieved from /opt/airflow/dags/parallels.py
[2024-03-28T15:24:52.303+0000] {logging_mixin.py:120} INFO - [2024-03-28T15:24:52.302+0000] {dag.py:2585} INFO - Sync 1 DAGs
[2024-03-28T15:24:52.484+0000] {logging_mixin.py:120} INFO - [2024-03-28T15:24:52.484+0000] {dag.py:3340} INFO - Setting next_dagrun for parallel_dag to 2024-03-27T00:00:00+00:00, run_after=2024-03-28T00:00:00+00:00
[2024-03-28T15:24:52.653+0000] {processor.py:176} INFO - Processing /opt/airflow/dags/parallels.py took 3.501 seconds
[2024-03-28T15:25:51.127+0000] {processor.py:154} INFO - Started process (PID=149) to work on /opt/airflow/dags/parallels.py
[2024-03-28T15:25:51.130+0000] {processor.py:756} INFO - Processing file /opt/airflow/dags/parallels.py for tasks to queue
[2024-03-28T15:25:51.133+0000] {logging_mixin.py:120} INFO - [2024-03-28T15:25:51.133+0000] {dagbag.py:537} INFO - Filling up the DagBag from /opt/airflow/dags/parallels.py
[2024-03-28T15:25:51.479+0000] {processor.py:766} INFO - DAG(s) dict_keys(['parallel_dag']) retrieved from /opt/airflow/dags/parallels.py
[2024-03-28T15:25:53.011+0000] {logging_mixin.py:120} INFO - [2024-03-28T15:25:53.000+0000] {dag.py:2585} INFO - Sync 1 DAGs
[2024-03-28T15:25:53.210+0000] {logging_mixin.py:120} INFO - [2024-03-28T15:25:53.207+0000] {dag.py:3340} INFO - Setting next_dagrun for parallel_dag to 2024-03-27T00:00:00+00:00, run_after=2024-03-28T00:00:00+00:00
[2024-03-28T15:25:53.288+0000] {processor.py:176} INFO - Processing /opt/airflow/dags/parallels.py took 2.170 seconds
[2024-03-28T15:27:10.837+0000] {processor.py:154} INFO - Started process (PID=68) to work on /opt/airflow/dags/parallels.py
[2024-03-28T15:27:10.842+0000] {processor.py:756} INFO - Processing file /opt/airflow/dags/parallels.py for tasks to queue
[2024-03-28T15:27:10.847+0000] {logging_mixin.py:120} INFO - [2024-03-28T15:27:10.846+0000] {dagbag.py:537} INFO - Filling up the DagBag from /opt/airflow/dags/parallels.py
[2024-03-28T15:27:11.232+0000] {processor.py:766} INFO - DAG(s) dict_keys(['parallel_dag']) retrieved from /opt/airflow/dags/parallels.py
[2024-03-28T15:27:12.188+0000] {logging_mixin.py:120} INFO - [2024-03-28T15:27:12.184+0000] {dag.py:2585} INFO - Sync 1 DAGs
[2024-03-28T15:27:12.530+0000] {logging_mixin.py:120} INFO - [2024-03-28T15:27:12.527+0000] {dag.py:3340} INFO - Setting next_dagrun for parallel_dag to 2024-03-27T00:00:00+00:00, run_after=2024-03-28T00:00:00+00:00
[2024-03-28T15:27:13.153+0000] {processor.py:176} INFO - Processing /opt/airflow/dags/parallels.py took 2.335 seconds
[2024-03-28T15:28:00.155+0000] {processor.py:154} INFO - Started process (PID=133) to work on /opt/airflow/dags/parallels.py
[2024-03-28T15:28:00.161+0000] {processor.py:756} INFO - Processing file /opt/airflow/dags/parallels.py for tasks to queue
[2024-03-28T15:28:00.163+0000] {logging_mixin.py:120} INFO - [2024-03-28T15:28:00.163+0000] {dagbag.py:537} INFO - Filling up the DagBag from /opt/airflow/dags/parallels.py
[2024-03-28T15:28:00.186+0000] {processor.py:766} INFO - DAG(s) dict_keys(['parallel_dag']) retrieved from /opt/airflow/dags/parallels.py
[2024-03-28T15:28:00.265+0000] {logging_mixin.py:120} INFO - [2024-03-28T15:28:00.265+0000] {dag.py:2585} INFO - Sync 1 DAGs
[2024-03-28T15:28:00.298+0000] {logging_mixin.py:120} INFO - [2024-03-28T15:28:00.298+0000] {dag.py:3340} INFO - Setting next_dagrun for parallel_dag to 2024-03-27T00:00:00+00:00, run_after=2024-03-28T00:00:00+00:00
[2024-03-28T15:28:00.325+0000] {processor.py:176} INFO - Processing /opt/airflow/dags/parallels.py took 0.180 seconds
[2024-03-28T15:29:54.134+0000] {processor.py:154} INFO - Started process (PID=74) to work on /opt/airflow/dags/parallels.py
[2024-03-28T15:29:54.140+0000] {processor.py:756} INFO - Processing file /opt/airflow/dags/parallels.py for tasks to queue
[2024-03-28T15:29:54.147+0000] {logging_mixin.py:120} INFO - [2024-03-28T15:29:54.143+0000] {dagbag.py:537} INFO - Filling up the DagBag from /opt/airflow/dags/parallels.py
[2024-03-28T15:29:54.838+0000] {processor.py:766} INFO - DAG(s) dict_keys(['parallel_dag']) retrieved from /opt/airflow/dags/parallels.py
[2024-03-28T15:29:56.332+0000] {logging_mixin.py:120} INFO - [2024-03-28T15:29:56.318+0000] {dag.py:2585} INFO - Sync 1 DAGs
[2024-03-28T15:29:57.007+0000] {logging_mixin.py:120} INFO - [2024-03-28T15:29:56.998+0000] {dag.py:3340} INFO - Setting next_dagrun for parallel_dag to 2024-03-27T00:00:00+00:00, run_after=2024-03-28T00:00:00+00:00
[2024-03-28T15:29:57.568+0000] {processor.py:176} INFO - Processing /opt/airflow/dags/parallels.py took 3.481 seconds
[2024-03-28T15:34:55.381+0000] {processor.py:154} INFO - Started process (PID=77) to work on /opt/airflow/dags/parallels.py
[2024-03-28T15:34:55.382+0000] {processor.py:756} INFO - Processing file /opt/airflow/dags/parallels.py for tasks to queue
[2024-03-28T15:34:55.385+0000] {logging_mixin.py:120} INFO - [2024-03-28T15:34:55.385+0000] {dagbag.py:537} INFO - Filling up the DagBag from /opt/airflow/dags/parallels.py
[2024-03-28T15:34:55.699+0000] {processor.py:766} INFO - DAG(s) dict_keys(['parallel_dag']) retrieved from /opt/airflow/dags/parallels.py
[2024-03-28T15:34:56.075+0000] {logging_mixin.py:120} INFO - [2024-03-28T15:34:56.072+0000] {dag.py:2585} INFO - Sync 1 DAGs
[2024-03-28T15:34:56.206+0000] {logging_mixin.py:120} INFO - [2024-03-28T15:34:56.206+0000] {dag.py:3340} INFO - Setting next_dagrun for parallel_dag to 2024-03-27T00:00:00+00:00, run_after=2024-03-28T00:00:00+00:00
[2024-03-28T15:34:56.527+0000] {processor.py:176} INFO - Processing /opt/airflow/dags/parallels.py took 1.156 seconds
[2024-03-28T15:39:18.287+0000] {processor.py:154} INFO - Started process (PID=150) to work on /opt/airflow/dags/parallels.py
[2024-03-28T15:39:18.290+0000] {processor.py:756} INFO - Processing file /opt/airflow/dags/parallels.py for tasks to queue
[2024-03-28T15:39:18.292+0000] {logging_mixin.py:120} INFO - [2024-03-28T15:39:18.292+0000] {dagbag.py:537} INFO - Filling up the DagBag from /opt/airflow/dags/parallels.py
[2024-03-28T15:39:18.557+0000] {processor.py:766} INFO - DAG(s) dict_keys(['parallel_dag']) retrieved from /opt/airflow/dags/parallels.py
[2024-03-28T15:39:19.319+0000] {logging_mixin.py:120} INFO - [2024-03-28T15:39:19.311+0000] {dag.py:2585} INFO - Sync 1 DAGs
[2024-03-28T15:39:19.433+0000] {logging_mixin.py:120} INFO - [2024-03-28T15:39:19.433+0000] {dag.py:3340} INFO - Setting next_dagrun for parallel_dag to 2024-03-27T00:00:00+00:00, run_after=2024-03-28T00:00:00+00:00
[2024-03-28T15:39:19.487+0000] {processor.py:176} INFO - Processing /opt/airflow/dags/parallels.py took 1.209 seconds
[2024-03-28T15:42:02.454+0000] {processor.py:154} INFO - Started process (PID=74) to work on /opt/airflow/dags/parallels.py
[2024-03-28T15:42:02.456+0000] {processor.py:756} INFO - Processing file /opt/airflow/dags/parallels.py for tasks to queue
[2024-03-28T15:42:02.459+0000] {logging_mixin.py:120} INFO - [2024-03-28T15:42:02.459+0000] {dagbag.py:537} INFO - Filling up the DagBag from /opt/airflow/dags/parallels.py
[2024-03-28T15:42:02.495+0000] {processor.py:766} INFO - DAG(s) dict_keys(['parallel_dag']) retrieved from /opt/airflow/dags/parallels.py
[2024-03-28T15:42:02.534+0000] {logging_mixin.py:120} INFO - [2024-03-28T15:42:02.534+0000] {dag.py:2585} INFO - Sync 1 DAGs
[2024-03-28T15:42:02.555+0000] {logging_mixin.py:120} INFO - [2024-03-28T15:42:02.555+0000] {dag.py:3340} INFO - Setting next_dagrun for parallel_dag to 2024-03-27T00:00:00+00:00, run_after=2024-03-28T00:00:00+00:00
[2024-03-28T15:42:02.569+0000] {processor.py:176} INFO - Processing /opt/airflow/dags/parallels.py took 0.121 seconds
[2024-03-28T15:42:54.497+0000] {processor.py:154} INFO - Started process (PID=41) to work on /opt/airflow/dags/parallels.py
[2024-03-28T15:42:54.499+0000] {processor.py:756} INFO - Processing file /opt/airflow/dags/parallels.py for tasks to queue
[2024-03-28T15:42:54.500+0000] {logging_mixin.py:120} INFO - [2024-03-28T15:42:54.499+0000] {dagbag.py:537} INFO - Filling up the DagBag from /opt/airflow/dags/parallels.py
[2024-03-28T15:42:54.512+0000] {processor.py:766} INFO - DAG(s) dict_keys(['parallel_dag']) retrieved from /opt/airflow/dags/parallels.py
[2024-03-28T15:42:54.547+0000] {logging_mixin.py:120} INFO - [2024-03-28T15:42:54.547+0000] {dag.py:2585} INFO - Sync 1 DAGs
[2024-03-28T15:42:54.568+0000] {logging_mixin.py:120} INFO - [2024-03-28T15:42:54.567+0000] {dag.py:3340} INFO - Setting next_dagrun for parallel_dag to 2024-03-27T00:00:00+00:00, run_after=2024-03-28T00:00:00+00:00
[2024-03-28T15:42:54.584+0000] {processor.py:176} INFO - Processing /opt/airflow/dags/parallels.py took 0.090 seconds
[2024-03-28T15:43:36.966+0000] {processor.py:154} INFO - Started process (PID=113) to work on /opt/airflow/dags/parallels.py
[2024-03-28T15:43:36.968+0000] {processor.py:756} INFO - Processing file /opt/airflow/dags/parallels.py for tasks to queue
[2024-03-28T15:43:36.970+0000] {logging_mixin.py:120} INFO - [2024-03-28T15:43:36.970+0000] {dagbag.py:537} INFO - Filling up the DagBag from /opt/airflow/dags/parallels.py
[2024-03-28T15:43:37.040+0000] {processor.py:766} INFO - DAG(s) dict_keys(['parallel_dag']) retrieved from /opt/airflow/dags/parallels.py
[2024-03-28T15:43:37.628+0000] {logging_mixin.py:120} INFO - [2024-03-28T15:43:37.623+0000] {dag.py:2585} INFO - Sync 1 DAGs
[2024-03-28T15:43:37.888+0000] {logging_mixin.py:120} INFO - [2024-03-28T15:43:37.885+0000] {dag.py:3340} INFO - Setting next_dagrun for parallel_dag to 2024-03-27T00:00:00+00:00, run_after=2024-03-28T00:00:00+00:00
[2024-03-28T15:43:41.061+0000] {processor.py:176} INFO - Processing /opt/airflow/dags/parallels.py took 4.105 seconds
[2024-03-28T15:45:19.397+0000] {processor.py:154} INFO - Started process (PID=59) to work on /opt/airflow/dags/parallels.py
[2024-03-28T15:45:19.397+0000] {processor.py:756} INFO - Processing file /opt/airflow/dags/parallels.py for tasks to queue
[2024-03-28T15:45:19.398+0000] {logging_mixin.py:120} INFO - [2024-03-28T15:45:19.398+0000] {dagbag.py:537} INFO - Filling up the DagBag from /opt/airflow/dags/parallels.py
[2024-03-28T15:45:19.413+0000] {processor.py:766} INFO - DAG(s) dict_keys(['parallel_dag']) retrieved from /opt/airflow/dags/parallels.py
[2024-03-28T15:45:19.445+0000] {logging_mixin.py:120} INFO - [2024-03-28T15:45:19.445+0000] {dag.py:2585} INFO - Sync 1 DAGs
[2024-03-28T15:45:19.476+0000] {logging_mixin.py:120} INFO - [2024-03-28T15:45:19.476+0000] {dag.py:3340} INFO - Setting next_dagrun for parallel_dag to 2024-03-27T00:00:00+00:00, run_after=2024-03-28T00:00:00+00:00
[2024-03-28T15:45:19.492+0000] {processor.py:176} INFO - Processing /opt/airflow/dags/parallels.py took 0.097 seconds
[2024-03-28T15:46:24.882+0000] {processor.py:154} INFO - Started process (PID=128) to work on /opt/airflow/dags/parallels.py
[2024-03-28T15:46:24.886+0000] {processor.py:756} INFO - Processing file /opt/airflow/dags/parallels.py for tasks to queue
[2024-03-28T15:46:24.887+0000] {logging_mixin.py:120} INFO - [2024-03-28T15:46:24.887+0000] {dagbag.py:537} INFO - Filling up the DagBag from /opt/airflow/dags/parallels.py
[2024-03-28T15:46:25.556+0000] {processor.py:766} INFO - DAG(s) dict_keys(['parallel_dag']) retrieved from /opt/airflow/dags/parallels.py
[2024-03-28T15:46:26.246+0000] {logging_mixin.py:120} INFO - [2024-03-28T15:46:26.233+0000] {dag.py:2585} INFO - Sync 1 DAGs
[2024-03-28T15:46:26.575+0000] {logging_mixin.py:120} INFO - [2024-03-28T15:46:26.571+0000] {dag.py:3340} INFO - Setting next_dagrun for parallel_dag to 2024-03-27T00:00:00+00:00, run_after=2024-03-28T00:00:00+00:00
[2024-03-28T15:46:26.684+0000] {processor.py:176} INFO - Processing /opt/airflow/dags/parallels.py took 1.809 seconds
[2024-03-28T15:50:20.563+0000] {processor.py:154} INFO - Started process (PID=85) to work on /opt/airflow/dags/parallels.py
[2024-03-28T15:50:20.577+0000] {processor.py:756} INFO - Processing file /opt/airflow/dags/parallels.py for tasks to queue
[2024-03-28T15:50:20.585+0000] {logging_mixin.py:120} INFO - [2024-03-28T15:50:20.584+0000] {dagbag.py:537} INFO - Filling up the DagBag from /opt/airflow/dags/parallels.py
[2024-03-28T15:50:20.834+0000] {processor.py:766} INFO - DAG(s) dict_keys(['parallel_dag']) retrieved from /opt/airflow/dags/parallels.py
[2024-03-28T15:50:21.207+0000] {logging_mixin.py:120} INFO - [2024-03-28T15:50:21.207+0000] {dag.py:2585} INFO - Sync 1 DAGs
[2024-03-28T15:50:21.245+0000] {logging_mixin.py:120} INFO - [2024-03-28T15:50:21.245+0000] {dag.py:3340} INFO - Setting next_dagrun for parallel_dag to 2024-03-27T00:00:00+00:00, run_after=2024-03-28T00:00:00+00:00
[2024-03-28T15:50:21.301+0000] {processor.py:176} INFO - Processing /opt/airflow/dags/parallels.py took 0.749 seconds
[2024-03-28T15:51:12.833+0000] {processor.py:154} INFO - Started process (PID=148) to work on /opt/airflow/dags/parallels.py
[2024-03-28T15:51:12.835+0000] {processor.py:756} INFO - Processing file /opt/airflow/dags/parallels.py for tasks to queue
[2024-03-28T15:51:12.837+0000] {logging_mixin.py:120} INFO - [2024-03-28T15:51:12.837+0000] {dagbag.py:537} INFO - Filling up the DagBag from /opt/airflow/dags/parallels.py
[2024-03-28T15:51:13.043+0000] {processor.py:766} INFO - DAG(s) dict_keys(['parallel_dag']) retrieved from /opt/airflow/dags/parallels.py
[2024-03-28T15:51:14.162+0000] {logging_mixin.py:120} INFO - [2024-03-28T15:51:14.159+0000] {dag.py:2585} INFO - Sync 1 DAGs
[2024-03-28T15:51:14.545+0000] {logging_mixin.py:120} INFO - [2024-03-28T15:51:14.541+0000] {dag.py:3340} INFO - Setting next_dagrun for parallel_dag to 2024-03-27T00:00:00+00:00, run_after=2024-03-28T00:00:00+00:00
[2024-03-28T15:51:16.104+0000] {processor.py:176} INFO - Processing /opt/airflow/dags/parallels.py took 3.285 seconds
[2024-03-28T15:53:34.359+0000] {processor.py:154} INFO - Started process (PID=58) to work on /opt/airflow/dags/parallels.py
[2024-03-28T15:53:34.361+0000] {processor.py:756} INFO - Processing file /opt/airflow/dags/parallels.py for tasks to queue
[2024-03-28T15:53:34.362+0000] {logging_mixin.py:120} INFO - [2024-03-28T15:53:34.362+0000] {dagbag.py:537} INFO - Filling up the DagBag from /opt/airflow/dags/parallels.py
[2024-03-28T15:53:34.417+0000] {processor.py:766} INFO - DAG(s) dict_keys(['parallel_dag']) retrieved from /opt/airflow/dags/parallels.py
[2024-03-28T15:53:34.706+0000] {logging_mixin.py:120} INFO - [2024-03-28T15:53:34.702+0000] {dag.py:2585} INFO - Sync 1 DAGs
[2024-03-28T15:53:35.185+0000] {logging_mixin.py:120} INFO - [2024-03-28T15:53:35.180+0000] {dag.py:3340} INFO - Setting next_dagrun for parallel_dag to 2024-03-27T00:00:00+00:00, run_after=2024-03-28T00:00:00+00:00
[2024-03-28T15:53:35.599+0000] {processor.py:176} INFO - Processing /opt/airflow/dags/parallels.py took 1.243 seconds
[2024-03-28T15:54:30.715+0000] {processor.py:154} INFO - Started process (PID=131) to work on /opt/airflow/dags/parallels.py
[2024-03-28T15:54:30.717+0000] {processor.py:756} INFO - Processing file /opt/airflow/dags/parallels.py for tasks to queue
[2024-03-28T15:54:30.719+0000] {logging_mixin.py:120} INFO - [2024-03-28T15:54:30.719+0000] {dagbag.py:537} INFO - Filling up the DagBag from /opt/airflow/dags/parallels.py
[2024-03-28T15:54:30.781+0000] {processor.py:766} INFO - DAG(s) dict_keys(['parallel_dag']) retrieved from /opt/airflow/dags/parallels.py
[2024-03-28T15:54:31.108+0000] {logging_mixin.py:120} INFO - [2024-03-28T15:54:31.107+0000] {dag.py:2585} INFO - Sync 1 DAGs
[2024-03-28T15:54:31.246+0000] {logging_mixin.py:120} INFO - [2024-03-28T15:54:31.239+0000] {dag.py:3340} INFO - Setting next_dagrun for parallel_dag to 2024-03-27T00:00:00+00:00, run_after=2024-03-28T00:00:00+00:00
[2024-03-28T15:54:32.883+0000] {processor.py:176} INFO - Processing /opt/airflow/dags/parallels.py took 2.175 seconds
[2024-03-28T15:58:01.859+0000] {processor.py:154} INFO - Started process (PID=92) to work on /opt/airflow/dags/parallels.py
[2024-03-28T15:58:01.870+0000] {processor.py:756} INFO - Processing file /opt/airflow/dags/parallels.py for tasks to queue
[2024-03-28T15:58:01.897+0000] {logging_mixin.py:120} INFO - [2024-03-28T15:58:01.897+0000] {dagbag.py:537} INFO - Filling up the DagBag from /opt/airflow/dags/parallels.py
[2024-03-28T15:58:02.070+0000] {processor.py:766} INFO - DAG(s) dict_keys(['parallel_dag']) retrieved from /opt/airflow/dags/parallels.py
[2024-03-28T15:58:02.434+0000] {logging_mixin.py:120} INFO - [2024-03-28T15:58:02.434+0000] {dag.py:2585} INFO - Sync 1 DAGs
[2024-03-28T15:58:02.738+0000] {logging_mixin.py:120} INFO - [2024-03-28T15:58:02.736+0000] {dag.py:3340} INFO - Setting next_dagrun for parallel_dag to 2024-03-27T00:00:00+00:00, run_after=2024-03-28T00:00:00+00:00
[2024-03-28T15:58:03.080+0000] {processor.py:176} INFO - Processing /opt/airflow/dags/parallels.py took 1.266 seconds
