[2024-03-28T15:20:28.966+0000] {processor.py:154} INFO - Started process (PID=43) to work on /opt/airflow/dags/producer.py
[2024-03-28T15:20:28.967+0000] {processor.py:756} INFO - Processing file /opt/airflow/dags/producer.py for tasks to queue
[2024-03-28T15:20:28.968+0000] {logging_mixin.py:120} INFO - [2024-03-28T15:20:28.968+0000] {dagbag.py:537} INFO - Filling up the DagBag from /opt/airflow/dags/producer.py
[2024-03-28T15:20:29.006+0000] {processor.py:766} INFO - DAG(s) dict_keys(['producer_test']) retrieved from /opt/airflow/dags/producer.py
[2024-03-28T15:20:29.042+0000] {logging_mixin.py:120} INFO - [2024-03-28T15:20:29.042+0000] {dag.py:2585} INFO - Sync 1 DAGs
[2024-03-28T15:20:29.089+0000] {logging_mixin.py:120} INFO - [2024-03-28T15:20:29.088+0000] {dag.py:3340} INFO - Setting next_dagrun for producer_test to 2024-03-28T00:00:00+00:00, run_after=2024-03-29T00:00:00+00:00
[2024-03-28T15:20:29.133+0000] {processor.py:176} INFO - Processing /opt/airflow/dags/producer.py took 0.171 seconds
[2024-03-28T15:21:57.672+0000] {processor.py:154} INFO - Started process (PID=114) to work on /opt/airflow/dags/producer.py
[2024-03-28T15:21:57.692+0000] {processor.py:756} INFO - Processing file /opt/airflow/dags/producer.py for tasks to queue
[2024-03-28T15:21:57.708+0000] {logging_mixin.py:120} INFO - [2024-03-28T15:21:57.708+0000] {dagbag.py:537} INFO - Filling up the DagBag from /opt/airflow/dags/producer.py
[2024-03-28T15:21:57.841+0000] {processor.py:766} INFO - DAG(s) dict_keys(['producer_test']) retrieved from /opt/airflow/dags/producer.py
[2024-03-28T15:22:01.543+0000] {logging_mixin.py:120} INFO - [2024-03-28T15:22:01.537+0000] {dag.py:2585} INFO - Sync 1 DAGs
[2024-03-28T15:22:02.744+0000] {logging_mixin.py:120} INFO - [2024-03-28T15:22:02.713+0000] {dag.py:3340} INFO - Setting next_dagrun for producer_test to 2024-03-28T00:00:00+00:00, run_after=2024-03-29T00:00:00+00:00
[2024-03-28T15:22:04.224+0000] {processor.py:176} INFO - Processing /opt/airflow/dags/producer.py took 6.565 seconds
[2024-03-28T15:24:47.025+0000] {processor.py:154} INFO - Started process (PID=73) to work on /opt/airflow/dags/producer.py
[2024-03-28T15:24:47.026+0000] {processor.py:756} INFO - Processing file /opt/airflow/dags/producer.py for tasks to queue
[2024-03-28T15:24:47.027+0000] {logging_mixin.py:120} INFO - [2024-03-28T15:24:47.027+0000] {dagbag.py:537} INFO - Filling up the DagBag from /opt/airflow/dags/producer.py
[2024-03-28T15:24:47.073+0000] {processor.py:766} INFO - DAG(s) dict_keys(['producer_test']) retrieved from /opt/airflow/dags/producer.py
[2024-03-28T15:24:47.150+0000] {logging_mixin.py:120} INFO - [2024-03-28T15:24:47.150+0000] {dag.py:2585} INFO - Sync 1 DAGs
[2024-03-28T15:24:47.206+0000] {logging_mixin.py:120} INFO - [2024-03-28T15:24:47.206+0000] {dag.py:3340} INFO - Setting next_dagrun for producer_test to 2024-03-28T00:00:00+00:00, run_after=2024-03-29T00:00:00+00:00
[2024-03-28T15:24:47.268+0000] {processor.py:176} INFO - Processing /opt/airflow/dags/producer.py took 0.249 seconds
[2024-03-28T15:25:46.814+0000] {processor.py:154} INFO - Started process (PID=145) to work on /opt/airflow/dags/producer.py
[2024-03-28T15:25:46.820+0000] {processor.py:756} INFO - Processing file /opt/airflow/dags/producer.py for tasks to queue
[2024-03-28T15:25:46.840+0000] {logging_mixin.py:120} INFO - [2024-03-28T15:25:46.838+0000] {dagbag.py:537} INFO - Filling up the DagBag from /opt/airflow/dags/producer.py
[2024-03-28T15:25:47.144+0000] {processor.py:766} INFO - DAG(s) dict_keys(['producer_test']) retrieved from /opt/airflow/dags/producer.py
[2024-03-28T15:25:50.592+0000] {logging_mixin.py:120} INFO - [2024-03-28T15:25:50.592+0000] {dag.py:2585} INFO - Sync 1 DAGs
[2024-03-28T15:25:50.644+0000] {logging_mixin.py:120} INFO - [2024-03-28T15:25:50.643+0000] {dag.py:3340} INFO - Setting next_dagrun for producer_test to 2024-03-28T00:00:00+00:00, run_after=2024-03-29T00:00:00+00:00
[2024-03-28T15:25:50.715+0000] {processor.py:176} INFO - Processing /opt/airflow/dags/producer.py took 3.914 seconds
[2024-03-28T15:27:08.629+0000] {processor.py:154} INFO - Started process (PID=66) to work on /opt/airflow/dags/producer.py
[2024-03-28T15:27:08.634+0000] {processor.py:756} INFO - Processing file /opt/airflow/dags/producer.py for tasks to queue
[2024-03-28T15:27:08.637+0000] {logging_mixin.py:120} INFO - [2024-03-28T15:27:08.637+0000] {dagbag.py:537} INFO - Filling up the DagBag from /opt/airflow/dags/producer.py
[2024-03-28T15:27:08.778+0000] {processor.py:766} INFO - DAG(s) dict_keys(['producer_test']) retrieved from /opt/airflow/dags/producer.py
[2024-03-28T15:27:08.987+0000] {logging_mixin.py:120} INFO - [2024-03-28T15:27:08.986+0000] {dag.py:2585} INFO - Sync 1 DAGs
[2024-03-28T15:27:09.144+0000] {logging_mixin.py:120} INFO - [2024-03-28T15:27:09.144+0000] {dag.py:3340} INFO - Setting next_dagrun for producer_test to 2024-03-28T00:00:00+00:00, run_after=2024-03-29T00:00:00+00:00
[2024-03-28T15:27:09.217+0000] {processor.py:176} INFO - Processing /opt/airflow/dags/producer.py took 0.601 seconds
[2024-03-28T15:27:59.653+0000] {processor.py:154} INFO - Started process (PID=131) to work on /opt/airflow/dags/producer.py
[2024-03-28T15:27:59.657+0000] {processor.py:756} INFO - Processing file /opt/airflow/dags/producer.py for tasks to queue
[2024-03-28T15:27:59.667+0000] {logging_mixin.py:120} INFO - [2024-03-28T15:27:59.663+0000] {dagbag.py:537} INFO - Filling up the DagBag from /opt/airflow/dags/producer.py
[2024-03-28T15:27:59.771+0000] {processor.py:766} INFO - DAG(s) dict_keys(['producer_test']) retrieved from /opt/airflow/dags/producer.py
[2024-03-28T15:27:59.872+0000] {logging_mixin.py:120} INFO - [2024-03-28T15:27:59.872+0000] {dag.py:2585} INFO - Sync 1 DAGs
[2024-03-28T15:27:59.969+0000] {logging_mixin.py:120} INFO - [2024-03-28T15:27:59.969+0000] {dag.py:3340} INFO - Setting next_dagrun for producer_test to 2024-03-28T00:00:00+00:00, run_after=2024-03-29T00:00:00+00:00
[2024-03-28T15:28:00.078+0000] {processor.py:176} INFO - Processing /opt/airflow/dags/producer.py took 0.435 seconds
[2024-03-28T15:29:45.447+0000] {processor.py:154} INFO - Started process (PID=65) to work on /opt/airflow/dags/producer.py
[2024-03-28T15:29:45.453+0000] {processor.py:756} INFO - Processing file /opt/airflow/dags/producer.py for tasks to queue
[2024-03-28T15:29:45.459+0000] {logging_mixin.py:120} INFO - [2024-03-28T15:29:45.458+0000] {dagbag.py:537} INFO - Filling up the DagBag from /opt/airflow/dags/producer.py
[2024-03-28T15:29:45.663+0000] {processor.py:766} INFO - DAG(s) dict_keys(['producer_test']) retrieved from /opt/airflow/dags/producer.py
[2024-03-28T15:29:51.036+0000] {logging_mixin.py:120} INFO - [2024-03-28T15:29:51.036+0000] {dag.py:2585} INFO - Sync 1 DAGs
[2024-03-28T15:29:51.088+0000] {logging_mixin.py:120} INFO - [2024-03-28T15:29:51.088+0000] {dag.py:3340} INFO - Setting next_dagrun for producer_test to 2024-03-28T00:00:00+00:00, run_after=2024-03-29T00:00:00+00:00
[2024-03-28T15:29:51.128+0000] {processor.py:176} INFO - Processing /opt/airflow/dags/producer.py took 5.716 seconds
[2024-03-28T15:33:14.671+0000] {processor.py:154} INFO - Started process (PID=75) to work on /opt/airflow/dags/producer.py
[2024-03-28T15:33:14.745+0000] {processor.py:756} INFO - Processing file /opt/airflow/dags/producer.py for tasks to queue
[2024-03-28T15:33:14.776+0000] {logging_mixin.py:120} INFO - [2024-03-28T15:33:14.776+0000] {dagbag.py:537} INFO - Filling up the DagBag from /opt/airflow/dags/producer.py
[2024-03-28T15:33:15.443+0000] {processor.py:766} INFO - DAG(s) dict_keys(['producer_test']) retrieved from /opt/airflow/dags/producer.py
[2024-03-28T15:34:55.178+0000] {logging_mixin.py:120} INFO - [2024-03-28T15:34:55.175+0000] {dag.py:2585} INFO - Sync 1 DAGs
[2024-03-28T15:39:11.764+0000] {processor.py:154} INFO - Started process (PID=146) to work on /opt/airflow/dags/producer.py
[2024-03-28T15:39:11.778+0000] {processor.py:756} INFO - Processing file /opt/airflow/dags/producer.py for tasks to queue
[2024-03-28T15:39:11.793+0000] {logging_mixin.py:120} INFO - [2024-03-28T15:39:11.789+0000] {dagbag.py:537} INFO - Filling up the DagBag from /opt/airflow/dags/producer.py
[2024-03-28T15:39:12.161+0000] {processor.py:766} INFO - DAG(s) dict_keys(['producer_test']) retrieved from /opt/airflow/dags/producer.py
[2024-03-28T15:39:13.964+0000] {logging_mixin.py:120} INFO - [2024-03-28T15:39:13.963+0000] {dag.py:2585} INFO - Sync 1 DAGs
[2024-03-28T15:39:18.042+0000] {logging_mixin.py:120} INFO - [2024-03-28T15:39:18.039+0000] {dag.py:3340} INFO - Setting next_dagrun for producer_test to 2024-03-28T00:00:00+00:00, run_after=2024-03-29T00:00:00+00:00
[2024-03-28T15:39:18.174+0000] {processor.py:176} INFO - Processing /opt/airflow/dags/producer.py took 6.213 seconds
[2024-03-28T15:41:58.350+0000] {processor.py:154} INFO - Started process (PID=72) to work on /opt/airflow/dags/producer.py
[2024-03-28T15:41:58.352+0000] {processor.py:756} INFO - Processing file /opt/airflow/dags/producer.py for tasks to queue
[2024-03-28T15:41:58.353+0000] {logging_mixin.py:120} INFO - [2024-03-28T15:41:58.353+0000] {dagbag.py:537} INFO - Filling up the DagBag from /opt/airflow/dags/producer.py
[2024-03-28T15:41:58.477+0000] {processor.py:766} INFO - DAG(s) dict_keys(['producer_test']) retrieved from /opt/airflow/dags/producer.py
[2024-03-28T15:41:59.063+0000] {logging_mixin.py:120} INFO - [2024-03-28T15:41:59.060+0000] {dag.py:2585} INFO - Sync 1 DAGs
[2024-03-28T15:42:02.200+0000] {logging_mixin.py:120} INFO - [2024-03-28T15:42:02.199+0000] {dag.py:3340} INFO - Setting next_dagrun for producer_test to 2024-03-28T00:00:00+00:00, run_after=2024-03-29T00:00:00+00:00
[2024-03-28T15:42:02.236+0000] {processor.py:176} INFO - Processing /opt/airflow/dags/producer.py took 3.897 seconds
[2024-03-28T15:42:54.229+0000] {processor.py:154} INFO - Started process (PID=39) to work on /opt/airflow/dags/producer.py
[2024-03-28T15:42:54.230+0000] {processor.py:756} INFO - Processing file /opt/airflow/dags/producer.py for tasks to queue
[2024-03-28T15:42:54.232+0000] {logging_mixin.py:120} INFO - [2024-03-28T15:42:54.232+0000] {dagbag.py:537} INFO - Filling up the DagBag from /opt/airflow/dags/producer.py
[2024-03-28T15:42:54.263+0000] {processor.py:766} INFO - DAG(s) dict_keys(['producer_test']) retrieved from /opt/airflow/dags/producer.py
[2024-03-28T15:42:54.297+0000] {logging_mixin.py:120} INFO - [2024-03-28T15:42:54.296+0000] {dag.py:2585} INFO - Sync 1 DAGs
[2024-03-28T15:42:54.327+0000] {logging_mixin.py:120} INFO - [2024-03-28T15:42:54.327+0000] {dag.py:3340} INFO - Setting next_dagrun for producer_test to 2024-03-28T00:00:00+00:00, run_after=2024-03-29T00:00:00+00:00
[2024-03-28T15:42:54.351+0000] {processor.py:176} INFO - Processing /opt/airflow/dags/producer.py took 0.124 seconds
[2024-03-28T15:43:28.338+0000] {processor.py:154} INFO - Started process (PID=101) to work on /opt/airflow/dags/producer.py
[2024-03-28T15:43:28.342+0000] {processor.py:756} INFO - Processing file /opt/airflow/dags/producer.py for tasks to queue
[2024-03-28T15:43:28.343+0000] {logging_mixin.py:120} INFO - [2024-03-28T15:43:28.343+0000] {dagbag.py:537} INFO - Filling up the DagBag from /opt/airflow/dags/producer.py
[2024-03-28T15:43:28.591+0000] {processor.py:766} INFO - DAG(s) dict_keys(['producer_test']) retrieved from /opt/airflow/dags/producer.py
[2024-03-28T15:43:32.753+0000] {logging_mixin.py:120} INFO - [2024-03-28T15:43:32.751+0000] {dag.py:2585} INFO - Sync 1 DAGs
[2024-03-28T15:43:32.916+0000] {logging_mixin.py:120} INFO - [2024-03-28T15:43:32.913+0000] {dag.py:3340} INFO - Setting next_dagrun for producer_test to 2024-03-28T00:00:00+00:00, run_after=2024-03-29T00:00:00+00:00
[2024-03-28T15:43:33.020+0000] {processor.py:176} INFO - Processing /opt/airflow/dags/producer.py took 4.690 seconds
[2024-03-28T15:45:19.240+0000] {processor.py:154} INFO - Started process (PID=57) to work on /opt/airflow/dags/producer.py
[2024-03-28T15:45:19.240+0000] {processor.py:756} INFO - Processing file /opt/airflow/dags/producer.py for tasks to queue
[2024-03-28T15:45:19.241+0000] {logging_mixin.py:120} INFO - [2024-03-28T15:45:19.241+0000] {dagbag.py:537} INFO - Filling up the DagBag from /opt/airflow/dags/producer.py
[2024-03-28T15:45:19.261+0000] {processor.py:766} INFO - DAG(s) dict_keys(['producer_test']) retrieved from /opt/airflow/dags/producer.py
[2024-03-28T15:45:19.303+0000] {logging_mixin.py:120} INFO - [2024-03-28T15:45:19.303+0000] {dag.py:2585} INFO - Sync 1 DAGs
[2024-03-28T15:45:19.324+0000] {logging_mixin.py:120} INFO - [2024-03-28T15:45:19.323+0000] {dag.py:3340} INFO - Setting next_dagrun for producer_test to 2024-03-28T00:00:00+00:00, run_after=2024-03-29T00:00:00+00:00
[2024-03-28T15:45:19.343+0000] {processor.py:176} INFO - Processing /opt/airflow/dags/producer.py took 0.105 seconds
[2024-03-28T15:46:04.791+0000] {processor.py:154} INFO - Started process (PID=120) to work on /opt/airflow/dags/producer.py
[2024-03-28T15:46:04.803+0000] {processor.py:756} INFO - Processing file /opt/airflow/dags/producer.py for tasks to queue
[2024-03-28T15:46:04.809+0000] {logging_mixin.py:120} INFO - [2024-03-28T15:46:04.809+0000] {dagbag.py:537} INFO - Filling up the DagBag from /opt/airflow/dags/producer.py
[2024-03-28T15:46:04.910+0000] {processor.py:766} INFO - DAG(s) dict_keys(['producer_test']) retrieved from /opt/airflow/dags/producer.py
[2024-03-28T15:46:15.923+0000] {logging_mixin.py:120} INFO - [2024-03-28T15:46:15.868+0000] {dag.py:2585} INFO - Sync 1 DAGs
[2024-03-28T15:46:18.491+0000] {logging_mixin.py:120} INFO - [2024-03-28T15:46:18.490+0000] {dag.py:3340} INFO - Setting next_dagrun for producer_test to 2024-03-28T00:00:00+00:00, run_after=2024-03-29T00:00:00+00:00
[2024-03-28T15:46:18.566+0000] {processor.py:176} INFO - Processing /opt/airflow/dags/producer.py took 13.784 seconds
[2024-03-28T15:50:10.874+0000] {processor.py:154} INFO - Started process (PID=83) to work on /opt/airflow/dags/producer.py
[2024-03-28T15:50:10.877+0000] {processor.py:756} INFO - Processing file /opt/airflow/dags/producer.py for tasks to queue
[2024-03-28T15:50:10.880+0000] {logging_mixin.py:120} INFO - [2024-03-28T15:50:10.880+0000] {dagbag.py:537} INFO - Filling up the DagBag from /opt/airflow/dags/producer.py
[2024-03-28T15:50:11.105+0000] {processor.py:766} INFO - DAG(s) dict_keys(['producer_test']) retrieved from /opt/airflow/dags/producer.py
[2024-03-28T15:50:16.415+0000] {logging_mixin.py:120} INFO - [2024-03-28T15:50:16.411+0000] {dag.py:2585} INFO - Sync 1 DAGs
[2024-03-28T15:50:16.752+0000] {logging_mixin.py:120} INFO - [2024-03-28T15:50:16.740+0000] {dag.py:3340} INFO - Setting next_dagrun for producer_test to 2024-03-28T00:00:00+00:00, run_after=2024-03-29T00:00:00+00:00
[2024-03-28T15:50:16.891+0000] {processor.py:176} INFO - Processing /opt/airflow/dags/producer.py took 5.815 seconds
[2024-03-28T15:51:11.617+0000] {processor.py:154} INFO - Started process (PID=146) to work on /opt/airflow/dags/producer.py
[2024-03-28T15:51:11.619+0000] {processor.py:756} INFO - Processing file /opt/airflow/dags/producer.py for tasks to queue
[2024-03-28T15:51:11.621+0000] {logging_mixin.py:120} INFO - [2024-03-28T15:51:11.621+0000] {dagbag.py:537} INFO - Filling up the DagBag from /opt/airflow/dags/producer.py
[2024-03-28T15:51:11.825+0000] {processor.py:766} INFO - DAG(s) dict_keys(['producer_test']) retrieved from /opt/airflow/dags/producer.py
[2024-03-28T15:51:12.195+0000] {logging_mixin.py:120} INFO - [2024-03-28T15:51:12.194+0000] {dag.py:2585} INFO - Sync 1 DAGs
[2024-03-28T15:51:12.323+0000] {logging_mixin.py:120} INFO - [2024-03-28T15:51:12.323+0000] {dag.py:3340} INFO - Setting next_dagrun for producer_test to 2024-03-28T00:00:00+00:00, run_after=2024-03-29T00:00:00+00:00
[2024-03-28T15:51:12.387+0000] {processor.py:176} INFO - Processing /opt/airflow/dags/producer.py took 0.775 seconds
[2024-03-28T15:53:32.700+0000] {processor.py:154} INFO - Started process (PID=56) to work on /opt/airflow/dags/producer.py
[2024-03-28T15:53:32.706+0000] {processor.py:756} INFO - Processing file /opt/airflow/dags/producer.py for tasks to queue
[2024-03-28T15:53:32.709+0000] {logging_mixin.py:120} INFO - [2024-03-28T15:53:32.709+0000] {dagbag.py:537} INFO - Filling up the DagBag from /opt/airflow/dags/producer.py
[2024-03-28T15:53:32.899+0000] {processor.py:766} INFO - DAG(s) dict_keys(['producer_test']) retrieved from /opt/airflow/dags/producer.py
[2024-03-28T15:53:33.484+0000] {logging_mixin.py:120} INFO - [2024-03-28T15:53:33.481+0000] {dag.py:2585} INFO - Sync 1 DAGs
[2024-03-28T15:53:33.893+0000] {logging_mixin.py:120} INFO - [2024-03-28T15:53:33.892+0000] {dag.py:3340} INFO - Setting next_dagrun for producer_test to 2024-03-28T00:00:00+00:00, run_after=2024-03-29T00:00:00+00:00
[2024-03-28T15:53:34.215+0000] {processor.py:176} INFO - Processing /opt/airflow/dags/producer.py took 1.532 seconds
[2024-03-28T15:54:28.068+0000] {processor.py:154} INFO - Started process (PID=129) to work on /opt/airflow/dags/producer.py
[2024-03-28T15:54:28.073+0000] {processor.py:756} INFO - Processing file /opt/airflow/dags/producer.py for tasks to queue
[2024-03-28T15:54:28.074+0000] {logging_mixin.py:120} INFO - [2024-03-28T15:54:28.074+0000] {dagbag.py:537} INFO - Filling up the DagBag from /opt/airflow/dags/producer.py
[2024-03-28T15:54:28.580+0000] {processor.py:766} INFO - DAG(s) dict_keys(['producer_test']) retrieved from /opt/airflow/dags/producer.py
[2024-03-28T15:54:28.731+0000] {logging_mixin.py:120} INFO - [2024-03-28T15:54:28.730+0000] {dag.py:2585} INFO - Sync 1 DAGs
[2024-03-28T15:54:28.900+0000] {logging_mixin.py:120} INFO - [2024-03-28T15:54:28.895+0000] {dag.py:3340} INFO - Setting next_dagrun for producer_test to 2024-03-28T00:00:00+00:00, run_after=2024-03-29T00:00:00+00:00
[2024-03-28T15:54:28.974+0000] {processor.py:176} INFO - Processing /opt/airflow/dags/producer.py took 0.938 seconds
[2024-03-28T15:57:54.004+0000] {processor.py:154} INFO - Started process (PID=81) to work on /opt/airflow/dags/producer.py
[2024-03-28T15:57:54.091+0000] {processor.py:756} INFO - Processing file /opt/airflow/dags/producer.py for tasks to queue
[2024-03-28T15:57:54.151+0000] {logging_mixin.py:120} INFO - [2024-03-28T15:57:54.150+0000] {dagbag.py:537} INFO - Filling up the DagBag from /opt/airflow/dags/producer.py
[2024-03-28T15:57:55.471+0000] {processor.py:766} INFO - DAG(s) dict_keys(['producer_test']) retrieved from /opt/airflow/dags/producer.py
[2024-03-28T15:57:56.669+0000] {logging_mixin.py:120} INFO - [2024-03-28T15:57:56.659+0000] {dag.py:2585} INFO - Sync 1 DAGs
[2024-03-28T15:57:57.661+0000] {logging_mixin.py:120} INFO - [2024-03-28T15:57:57.658+0000] {dag.py:3340} INFO - Setting next_dagrun for producer_test to 2024-03-28T00:00:00+00:00, run_after=2024-03-29T00:00:00+00:00
[2024-03-28T15:58:01.276+0000] {processor.py:176} INFO - Processing /opt/airflow/dags/producer.py took 13.967 seconds
