[2024-03-28T15:20:28.899+0000] {processor.py:154} INFO - Started process (PID=42) to work on /opt/airflow/dags/subdags/subdag_downloads.py
[2024-03-28T15:20:28.899+0000] {processor.py:756} INFO - Processing file /opt/airflow/dags/subdags/subdag_downloads.py for tasks to queue
[2024-03-28T15:20:28.900+0000] {logging_mixin.py:120} INFO - [2024-03-28T15:20:28.900+0000] {dagbag.py:537} INFO - Filling up the DagBag from /opt/airflow/dags/subdags/subdag_downloads.py
[2024-03-28T15:20:28.908+0000] {processor.py:768} WARNING - No viable dags retrieved from /opt/airflow/dags/subdags/subdag_downloads.py
[2024-03-28T15:20:28.939+0000] {processor.py:176} INFO - Processing /opt/airflow/dags/subdags/subdag_downloads.py took 0.043 seconds
[2024-03-28T15:21:57.528+0000] {processor.py:154} INFO - Started process (PID=113) to work on /opt/airflow/dags/subdags/subdag_downloads.py
[2024-03-28T15:21:57.534+0000] {processor.py:756} INFO - Processing file /opt/airflow/dags/subdags/subdag_downloads.py for tasks to queue
[2024-03-28T15:21:57.536+0000] {logging_mixin.py:120} INFO - [2024-03-28T15:21:57.536+0000] {dagbag.py:537} INFO - Filling up the DagBag from /opt/airflow/dags/subdags/subdag_downloads.py
[2024-03-28T15:21:57.576+0000] {processor.py:768} WARNING - No viable dags retrieved from /opt/airflow/dags/subdags/subdag_downloads.py
[2024-03-28T15:21:57.620+0000] {processor.py:176} INFO - Processing /opt/airflow/dags/subdags/subdag_downloads.py took 0.095 seconds
[2024-03-28T15:24:46.799+0000] {processor.py:154} INFO - Started process (PID=70) to work on /opt/airflow/dags/subdags/subdag_downloads.py
[2024-03-28T15:24:46.819+0000] {processor.py:756} INFO - Processing file /opt/airflow/dags/subdags/subdag_downloads.py for tasks to queue
[2024-03-28T15:24:46.830+0000] {logging_mixin.py:120} INFO - [2024-03-28T15:24:46.830+0000] {dagbag.py:537} INFO - Filling up the DagBag from /opt/airflow/dags/subdags/subdag_downloads.py
[2024-03-28T15:24:46.916+0000] {processor.py:768} WARNING - No viable dags retrieved from /opt/airflow/dags/subdags/subdag_downloads.py
[2024-03-28T15:24:46.975+0000] {processor.py:176} INFO - Processing /opt/airflow/dags/subdags/subdag_downloads.py took 0.206 seconds
[2024-03-28T15:25:46.511+0000] {processor.py:154} INFO - Started process (PID=137) to work on /opt/airflow/dags/subdags/subdag_downloads.py
[2024-03-28T15:25:46.515+0000] {processor.py:756} INFO - Processing file /opt/airflow/dags/subdags/subdag_downloads.py for tasks to queue
[2024-03-28T15:25:46.517+0000] {logging_mixin.py:120} INFO - [2024-03-28T15:25:46.516+0000] {dagbag.py:537} INFO - Filling up the DagBag from /opt/airflow/dags/subdags/subdag_downloads.py
[2024-03-28T15:25:46.574+0000] {processor.py:768} WARNING - No viable dags retrieved from /opt/airflow/dags/subdags/subdag_downloads.py
[2024-03-28T15:25:46.707+0000] {processor.py:176} INFO - Processing /opt/airflow/dags/subdags/subdag_downloads.py took 0.201 seconds
[2024-03-28T15:27:08.521+0000] {processor.py:154} INFO - Started process (PID=65) to work on /opt/airflow/dags/subdags/subdag_downloads.py
[2024-03-28T15:27:08.523+0000] {processor.py:756} INFO - Processing file /opt/airflow/dags/subdags/subdag_downloads.py for tasks to queue
[2024-03-28T15:27:08.524+0000] {logging_mixin.py:120} INFO - [2024-03-28T15:27:08.524+0000] {dagbag.py:537} INFO - Filling up the DagBag from /opt/airflow/dags/subdags/subdag_downloads.py
[2024-03-28T15:27:08.537+0000] {processor.py:768} WARNING - No viable dags retrieved from /opt/airflow/dags/subdags/subdag_downloads.py
[2024-03-28T15:27:08.566+0000] {processor.py:176} INFO - Processing /opt/airflow/dags/subdags/subdag_downloads.py took 0.050 seconds
[2024-03-28T15:27:59.580+0000] {processor.py:154} INFO - Started process (PID=130) to work on /opt/airflow/dags/subdags/subdag_downloads.py
[2024-03-28T15:27:59.588+0000] {processor.py:756} INFO - Processing file /opt/airflow/dags/subdags/subdag_downloads.py for tasks to queue
[2024-03-28T15:27:59.593+0000] {logging_mixin.py:120} INFO - [2024-03-28T15:27:59.590+0000] {dagbag.py:537} INFO - Filling up the DagBag from /opt/airflow/dags/subdags/subdag_downloads.py
[2024-03-28T15:27:59.628+0000] {processor.py:768} WARNING - No viable dags retrieved from /opt/airflow/dags/subdags/subdag_downloads.py
[2024-03-28T15:27:59.715+0000] {processor.py:176} INFO - Processing /opt/airflow/dags/subdags/subdag_downloads.py took 0.147 seconds
[2024-03-28T15:29:45.036+0000] {processor.py:154} INFO - Started process (PID=64) to work on /opt/airflow/dags/subdags/subdag_downloads.py
[2024-03-28T15:29:45.042+0000] {processor.py:756} INFO - Processing file /opt/airflow/dags/subdags/subdag_downloads.py for tasks to queue
[2024-03-28T15:29:45.046+0000] {logging_mixin.py:120} INFO - [2024-03-28T15:29:45.046+0000] {dagbag.py:537} INFO - Filling up the DagBag from /opt/airflow/dags/subdags/subdag_downloads.py
[2024-03-28T15:29:45.096+0000] {processor.py:768} WARNING - No viable dags retrieved from /opt/airflow/dags/subdags/subdag_downloads.py
[2024-03-28T15:29:45.329+0000] {processor.py:176} INFO - Processing /opt/airflow/dags/subdags/subdag_downloads.py took 0.303 seconds
[2024-03-28T15:33:10.593+0000] {processor.py:154} INFO - Started process (PID=74) to work on /opt/airflow/dags/subdags/subdag_downloads.py
[2024-03-28T15:33:10.604+0000] {processor.py:756} INFO - Processing file /opt/airflow/dags/subdags/subdag_downloads.py for tasks to queue
[2024-03-28T15:33:10.626+0000] {logging_mixin.py:120} INFO - [2024-03-28T15:33:10.626+0000] {dagbag.py:537} INFO - Filling up the DagBag from /opt/airflow/dags/subdags/subdag_downloads.py
[2024-03-28T15:33:10.694+0000] {processor.py:768} WARNING - No viable dags retrieved from /opt/airflow/dags/subdags/subdag_downloads.py
[2024-03-28T15:33:10.995+0000] {processor.py:176} INFO - Processing /opt/airflow/dags/subdags/subdag_downloads.py took 0.419 seconds
[2024-03-28T15:39:10.778+0000] {processor.py:154} INFO - Started process (PID=145) to work on /opt/airflow/dags/subdags/subdag_downloads.py
[2024-03-28T15:39:10.791+0000] {processor.py:756} INFO - Processing file /opt/airflow/dags/subdags/subdag_downloads.py for tasks to queue
[2024-03-28T15:39:10.801+0000] {logging_mixin.py:120} INFO - [2024-03-28T15:39:10.801+0000] {dagbag.py:537} INFO - Filling up the DagBag from /opt/airflow/dags/subdags/subdag_downloads.py
[2024-03-28T15:39:10.859+0000] {processor.py:768} WARNING - No viable dags retrieved from /opt/airflow/dags/subdags/subdag_downloads.py
[2024-03-28T15:39:11.388+0000] {processor.py:176} INFO - Processing /opt/airflow/dags/subdags/subdag_downloads.py took 0.647 seconds
[2024-03-28T15:41:58.042+0000] {processor.py:154} INFO - Started process (PID=71) to work on /opt/airflow/dags/subdags/subdag_downloads.py
[2024-03-28T15:41:58.045+0000] {processor.py:756} INFO - Processing file /opt/airflow/dags/subdags/subdag_downloads.py for tasks to queue
[2024-03-28T15:41:58.053+0000] {logging_mixin.py:120} INFO - [2024-03-28T15:41:58.053+0000] {dagbag.py:537} INFO - Filling up the DagBag from /opt/airflow/dags/subdags/subdag_downloads.py
[2024-03-28T15:41:58.074+0000] {processor.py:768} WARNING - No viable dags retrieved from /opt/airflow/dags/subdags/subdag_downloads.py
[2024-03-28T15:41:58.296+0000] {processor.py:176} INFO - Processing /opt/airflow/dags/subdags/subdag_downloads.py took 0.259 seconds
[2024-03-28T15:42:54.189+0000] {processor.py:154} INFO - Started process (PID=38) to work on /opt/airflow/dags/subdags/subdag_downloads.py
[2024-03-28T15:42:54.190+0000] {processor.py:756} INFO - Processing file /opt/airflow/dags/subdags/subdag_downloads.py for tasks to queue
[2024-03-28T15:42:54.191+0000] {logging_mixin.py:120} INFO - [2024-03-28T15:42:54.191+0000] {dagbag.py:537} INFO - Filling up the DagBag from /opt/airflow/dags/subdags/subdag_downloads.py
[2024-03-28T15:42:54.196+0000] {processor.py:768} WARNING - No viable dags retrieved from /opt/airflow/dags/subdags/subdag_downloads.py
[2024-03-28T15:42:54.210+0000] {processor.py:176} INFO - Processing /opt/airflow/dags/subdags/subdag_downloads.py took 0.023 seconds
[2024-03-28T15:43:28.004+0000] {processor.py:154} INFO - Started process (PID=100) to work on /opt/airflow/dags/subdags/subdag_downloads.py
[2024-03-28T15:43:28.010+0000] {processor.py:756} INFO - Processing file /opt/airflow/dags/subdags/subdag_downloads.py for tasks to queue
[2024-03-28T15:43:28.012+0000] {logging_mixin.py:120} INFO - [2024-03-28T15:43:28.011+0000] {dagbag.py:537} INFO - Filling up the DagBag from /opt/airflow/dags/subdags/subdag_downloads.py
[2024-03-28T15:43:28.053+0000] {processor.py:768} WARNING - No viable dags retrieved from /opt/airflow/dags/subdags/subdag_downloads.py
[2024-03-28T15:43:28.460+0000] {processor.py:176} INFO - Processing /opt/airflow/dags/subdags/subdag_downloads.py took 0.489 seconds
[2024-03-28T15:45:19.210+0000] {processor.py:154} INFO - Started process (PID=56) to work on /opt/airflow/dags/subdags/subdag_downloads.py
[2024-03-28T15:45:19.211+0000] {processor.py:756} INFO - Processing file /opt/airflow/dags/subdags/subdag_downloads.py for tasks to queue
[2024-03-28T15:45:19.212+0000] {logging_mixin.py:120} INFO - [2024-03-28T15:45:19.212+0000] {dagbag.py:537} INFO - Filling up the DagBag from /opt/airflow/dags/subdags/subdag_downloads.py
[2024-03-28T15:45:19.216+0000] {processor.py:768} WARNING - No viable dags retrieved from /opt/airflow/dags/subdags/subdag_downloads.py
[2024-03-28T15:45:19.226+0000] {processor.py:176} INFO - Processing /opt/airflow/dags/subdags/subdag_downloads.py took 0.017 seconds
[2024-03-28T15:46:04.569+0000] {processor.py:154} INFO - Started process (PID=119) to work on /opt/airflow/dags/subdags/subdag_downloads.py
[2024-03-28T15:46:04.571+0000] {processor.py:756} INFO - Processing file /opt/airflow/dags/subdags/subdag_downloads.py for tasks to queue
[2024-03-28T15:46:04.575+0000] {logging_mixin.py:120} INFO - [2024-03-28T15:46:04.575+0000] {dagbag.py:537} INFO - Filling up the DagBag from /opt/airflow/dags/subdags/subdag_downloads.py
[2024-03-28T15:46:04.638+0000] {processor.py:768} WARNING - No viable dags retrieved from /opt/airflow/dags/subdags/subdag_downloads.py
[2024-03-28T15:46:04.734+0000] {processor.py:176} INFO - Processing /opt/airflow/dags/subdags/subdag_downloads.py took 0.174 seconds
[2024-03-28T15:50:10.754+0000] {processor.py:154} INFO - Started process (PID=82) to work on /opt/airflow/dags/subdags/subdag_downloads.py
[2024-03-28T15:50:10.756+0000] {processor.py:756} INFO - Processing file /opt/airflow/dags/subdags/subdag_downloads.py for tasks to queue
[2024-03-28T15:50:10.758+0000] {logging_mixin.py:120} INFO - [2024-03-28T15:50:10.758+0000] {dagbag.py:537} INFO - Filling up the DagBag from /opt/airflow/dags/subdags/subdag_downloads.py
[2024-03-28T15:50:10.782+0000] {processor.py:768} WARNING - No viable dags retrieved from /opt/airflow/dags/subdags/subdag_downloads.py
[2024-03-28T15:50:10.817+0000] {processor.py:176} INFO - Processing /opt/airflow/dags/subdags/subdag_downloads.py took 0.069 seconds
[2024-03-28T15:51:11.359+0000] {processor.py:154} INFO - Started process (PID=145) to work on /opt/airflow/dags/subdags/subdag_downloads.py
[2024-03-28T15:51:11.361+0000] {processor.py:756} INFO - Processing file /opt/airflow/dags/subdags/subdag_downloads.py for tasks to queue
[2024-03-28T15:51:11.364+0000] {logging_mixin.py:120} INFO - [2024-03-28T15:51:11.363+0000] {dagbag.py:537} INFO - Filling up the DagBag from /opt/airflow/dags/subdags/subdag_downloads.py
[2024-03-28T15:51:11.384+0000] {processor.py:768} WARNING - No viable dags retrieved from /opt/airflow/dags/subdags/subdag_downloads.py
[2024-03-28T15:51:11.560+0000] {processor.py:176} INFO - Processing /opt/airflow/dags/subdags/subdag_downloads.py took 0.208 seconds
[2024-03-28T15:53:30.628+0000] {processor.py:154} INFO - Started process (PID=55) to work on /opt/airflow/dags/subdags/subdag_downloads.py
[2024-03-28T15:53:30.631+0000] {processor.py:756} INFO - Processing file /opt/airflow/dags/subdags/subdag_downloads.py for tasks to queue
[2024-03-28T15:53:30.633+0000] {logging_mixin.py:120} INFO - [2024-03-28T15:53:30.633+0000] {dagbag.py:537} INFO - Filling up the DagBag from /opt/airflow/dags/subdags/subdag_downloads.py
[2024-03-28T15:53:32.079+0000] {processor.py:768} WARNING - No viable dags retrieved from /opt/airflow/dags/subdags/subdag_downloads.py
[2024-03-28T15:53:32.542+0000] {processor.py:176} INFO - Processing /opt/airflow/dags/subdags/subdag_downloads.py took 1.948 seconds
[2024-03-28T15:54:27.544+0000] {processor.py:154} INFO - Started process (PID=128) to work on /opt/airflow/dags/subdags/subdag_downloads.py
[2024-03-28T15:54:27.549+0000] {processor.py:756} INFO - Processing file /opt/airflow/dags/subdags/subdag_downloads.py for tasks to queue
[2024-03-28T15:54:27.554+0000] {logging_mixin.py:120} INFO - [2024-03-28T15:54:27.553+0000] {dagbag.py:537} INFO - Filling up the DagBag from /opt/airflow/dags/subdags/subdag_downloads.py
[2024-03-28T15:54:27.598+0000] {processor.py:768} WARNING - No viable dags retrieved from /opt/airflow/dags/subdags/subdag_downloads.py
[2024-03-28T15:54:27.977+0000] {processor.py:176} INFO - Processing /opt/airflow/dags/subdags/subdag_downloads.py took 0.703 seconds
[2024-03-28T15:57:44.214+0000] {processor.py:154} INFO - Started process (PID=80) to work on /opt/airflow/dags/subdags/subdag_downloads.py
[2024-03-28T15:57:44.236+0000] {processor.py:756} INFO - Processing file /opt/airflow/dags/subdags/subdag_downloads.py for tasks to queue
[2024-03-28T15:57:44.239+0000] {logging_mixin.py:120} INFO - [2024-03-28T15:57:44.238+0000] {dagbag.py:537} INFO - Filling up the DagBag from /opt/airflow/dags/subdags/subdag_downloads.py
[2024-03-28T15:57:44.396+0000] {processor.py:768} WARNING - No viable dags retrieved from /opt/airflow/dags/subdags/subdag_downloads.py
[2024-03-28T15:57:45.284+0000] {processor.py:176} INFO - Processing /opt/airflow/dags/subdags/subdag_downloads.py took 1.097 seconds
