[2024-03-27T19:09:23.072+0000] {processor.py:154} INFO - Started process (PID=36) to work on /opt/airflow/dags/first_dag.py
[2024-03-27T19:09:23.074+0000] {processor.py:756} INFO - Processing file /opt/airflow/dags/first_dag.py for tasks to queue
[2024-03-27T19:09:23.075+0000] {logging_mixin.py:120} INFO - [2024-03-27T19:09:23.075+0000] {dagbag.py:537} INFO - Filling up the DagBag from /opt/airflow/dags/first_dag.py
[2024-03-27T19:09:24.249+0000] {processor.py:766} INFO - DAG(s) dict_keys(['user_processing']) retrieved from /opt/airflow/dags/first_dag.py
[2024-03-27T19:09:56.087+0000] {processor.py:154} INFO - Started process (PID=96) to work on /opt/airflow/dags/first_dag.py
[2024-03-27T19:09:56.089+0000] {processor.py:756} INFO - Processing file /opt/airflow/dags/first_dag.py for tasks to queue
[2024-03-27T19:09:56.091+0000] {logging_mixin.py:120} INFO - [2024-03-27T19:09:56.091+0000] {dagbag.py:537} INFO - Filling up the DagBag from /opt/airflow/dags/first_dag.py
[2024-03-27T19:09:56.731+0000] {processor.py:766} INFO - DAG(s) dict_keys(['user_processing']) retrieved from /opt/airflow/dags/first_dag.py
[2024-03-27T19:10:38.702+0000] {processor.py:154} INFO - Started process (PID=36) to work on /opt/airflow/dags/first_dag.py
[2024-03-27T19:10:38.703+0000] {processor.py:756} INFO - Processing file /opt/airflow/dags/first_dag.py for tasks to queue
[2024-03-27T19:10:38.706+0000] {logging_mixin.py:120} INFO - [2024-03-27T19:10:38.706+0000] {dagbag.py:537} INFO - Filling up the DagBag from /opt/airflow/dags/first_dag.py
[2024-03-27T19:10:39.193+0000] {processor.py:766} INFO - DAG(s) dict_keys(['user_processing']) retrieved from /opt/airflow/dags/first_dag.py
[2024-03-27T19:10:39.439+0000] {logging_mixin.py:120} INFO - [2024-03-27T19:10:39.439+0000] {dag.py:2585} INFO - Sync 1 DAGs
[2024-03-27T19:10:39.456+0000] {logging_mixin.py:120} INFO - [2024-03-27T19:10:39.456+0000] {dag.py:3340} INFO - Setting next_dagrun for user_processing to 2024-03-27T00:00:00+00:00, run_after=2024-03-28T00:00:00+00:00
[2024-03-27T19:10:39.475+0000] {processor.py:176} INFO - Processing /opt/airflow/dags/first_dag.py took 0.776 seconds
[2024-03-27T19:11:12.019+0000] {processor.py:154} INFO - Started process (PID=86) to work on /opt/airflow/dags/first_dag.py
[2024-03-27T19:11:12.020+0000] {processor.py:756} INFO - Processing file /opt/airflow/dags/first_dag.py for tasks to queue
[2024-03-27T19:11:12.021+0000] {logging_mixin.py:120} INFO - [2024-03-27T19:11:12.021+0000] {dagbag.py:537} INFO - Filling up the DagBag from /opt/airflow/dags/first_dag.py
[2024-03-27T19:11:12.964+0000] {processor.py:766} INFO - DAG(s) dict_keys(['user_processing']) retrieved from /opt/airflow/dags/first_dag.py
[2024-03-27T19:11:13.278+0000] {logging_mixin.py:120} INFO - [2024-03-27T19:11:13.277+0000] {dag.py:2585} INFO - Sync 1 DAGs
[2024-03-27T19:11:13.313+0000] {logging_mixin.py:120} INFO - [2024-03-27T19:11:13.313+0000] {dag.py:3340} INFO - Setting next_dagrun for user_processing to 2024-03-27T00:00:00+00:00, run_after=2024-03-28T00:00:00+00:00
[2024-03-27T19:11:13.337+0000] {processor.py:176} INFO - Processing /opt/airflow/dags/first_dag.py took 1.325 seconds
[2024-03-27T19:11:43.830+0000] {processor.py:154} INFO - Started process (PID=143) to work on /opt/airflow/dags/first_dag.py
[2024-03-27T19:11:43.835+0000] {processor.py:756} INFO - Processing file /opt/airflow/dags/first_dag.py for tasks to queue
[2024-03-27T19:11:43.839+0000] {logging_mixin.py:120} INFO - [2024-03-27T19:11:43.838+0000] {dagbag.py:537} INFO - Filling up the DagBag from /opt/airflow/dags/first_dag.py
[2024-03-27T19:11:44.704+0000] {processor.py:766} INFO - DAG(s) dict_keys(['user_processing']) retrieved from /opt/airflow/dags/first_dag.py
[2024-03-27T19:11:44.898+0000] {logging_mixin.py:120} INFO - [2024-03-27T19:11:44.897+0000] {dag.py:2585} INFO - Sync 1 DAGs
[2024-03-27T19:11:44.940+0000] {logging_mixin.py:120} INFO - [2024-03-27T19:11:44.940+0000] {dag.py:3340} INFO - Setting next_dagrun for user_processing to 2024-03-27T00:00:00+00:00, run_after=2024-03-28T00:00:00+00:00
[2024-03-27T19:11:44.977+0000] {processor.py:176} INFO - Processing /opt/airflow/dags/first_dag.py took 1.174 seconds
[2024-03-27T19:12:19.273+0000] {processor.py:154} INFO - Started process (PID=46) to work on /opt/airflow/dags/first_dag.py
[2024-03-27T19:12:19.281+0000] {processor.py:756} INFO - Processing file /opt/airflow/dags/first_dag.py for tasks to queue
[2024-03-27T19:12:19.285+0000] {logging_mixin.py:120} INFO - [2024-03-27T19:12:19.284+0000] {dagbag.py:537} INFO - Filling up the DagBag from /opt/airflow/dags/first_dag.py
[2024-03-27T19:12:20.299+0000] {processor.py:766} INFO - DAG(s) dict_keys(['user_processing']) retrieved from /opt/airflow/dags/first_dag.py
[2024-03-27T19:12:20.517+0000] {logging_mixin.py:120} INFO - [2024-03-27T19:12:20.517+0000] {dag.py:2585} INFO - Sync 1 DAGs
[2024-03-27T19:12:20.538+0000] {logging_mixin.py:120} INFO - [2024-03-27T19:12:20.538+0000] {dag.py:3340} INFO - Setting next_dagrun for user_processing to 2024-03-27T00:00:00+00:00, run_after=2024-03-28T00:00:00+00:00
[2024-03-27T19:12:20.550+0000] {processor.py:176} INFO - Processing /opt/airflow/dags/first_dag.py took 1.290 seconds
[2024-03-27T19:12:50.968+0000] {processor.py:154} INFO - Started process (PID=97) to work on /opt/airflow/dags/first_dag.py
[2024-03-27T19:12:50.971+0000] {processor.py:756} INFO - Processing file /opt/airflow/dags/first_dag.py for tasks to queue
[2024-03-27T19:12:50.972+0000] {logging_mixin.py:120} INFO - [2024-03-27T19:12:50.971+0000] {dagbag.py:537} INFO - Filling up the DagBag from /opt/airflow/dags/first_dag.py
[2024-03-27T19:12:51.412+0000] {processor.py:766} INFO - DAG(s) dict_keys(['user_processing']) retrieved from /opt/airflow/dags/first_dag.py
[2024-03-27T19:12:51.570+0000] {logging_mixin.py:120} INFO - [2024-03-27T19:12:51.568+0000] {dag.py:2585} INFO - Sync 1 DAGs
[2024-03-27T19:12:51.592+0000] {logging_mixin.py:120} INFO - [2024-03-27T19:12:51.592+0000] {dag.py:3340} INFO - Setting next_dagrun for user_processing to 2024-03-27T00:00:00+00:00, run_after=2024-03-28T00:00:00+00:00
[2024-03-27T19:12:51.614+0000] {processor.py:176} INFO - Processing /opt/airflow/dags/first_dag.py took 0.649 seconds
[2024-03-27T19:13:27.157+0000] {processor.py:154} INFO - Started process (PID=156) to work on /opt/airflow/dags/first_dag.py
[2024-03-27T19:13:27.160+0000] {processor.py:756} INFO - Processing file /opt/airflow/dags/first_dag.py for tasks to queue
[2024-03-27T19:13:27.163+0000] {logging_mixin.py:120} INFO - [2024-03-27T19:13:27.163+0000] {dagbag.py:537} INFO - Filling up the DagBag from /opt/airflow/dags/first_dag.py
[2024-03-27T19:13:29.130+0000] {processor.py:766} INFO - DAG(s) dict_keys(['user_processing']) retrieved from /opt/airflow/dags/first_dag.py
[2024-03-27T19:13:29.771+0000] {logging_mixin.py:120} INFO - [2024-03-27T19:13:29.769+0000] {dag.py:2585} INFO - Sync 1 DAGs
[2024-03-27T19:13:29.859+0000] {logging_mixin.py:120} INFO - [2024-03-27T19:13:29.859+0000] {dag.py:3340} INFO - Setting next_dagrun for user_processing to 2024-03-27T00:00:00+00:00, run_after=2024-03-28T00:00:00+00:00
[2024-03-27T19:13:29.897+0000] {processor.py:176} INFO - Processing /opt/airflow/dags/first_dag.py took 2.769 seconds
[2024-03-27T19:13:55.669+0000] {processor.py:154} INFO - Started process (PID=45) to work on /opt/airflow/dags/first_dag.py
[2024-03-27T19:13:55.670+0000] {processor.py:756} INFO - Processing file /opt/airflow/dags/first_dag.py for tasks to queue
[2024-03-27T19:13:55.670+0000] {logging_mixin.py:120} INFO - [2024-03-27T19:13:55.670+0000] {dagbag.py:537} INFO - Filling up the DagBag from /opt/airflow/dags/first_dag.py
[2024-03-27T19:13:55.994+0000] {processor.py:766} INFO - DAG(s) dict_keys(['user_processing']) retrieved from /opt/airflow/dags/first_dag.py
[2024-03-27T19:13:56.158+0000] {logging_mixin.py:120} INFO - [2024-03-27T19:13:56.158+0000] {dag.py:2585} INFO - Sync 1 DAGs
[2024-03-27T19:13:56.174+0000] {logging_mixin.py:120} INFO - [2024-03-27T19:13:56.174+0000] {dag.py:3340} INFO - Setting next_dagrun for user_processing to 2024-03-27T00:00:00+00:00, run_after=2024-03-28T00:00:00+00:00
[2024-03-27T19:13:56.186+0000] {processor.py:176} INFO - Processing /opt/airflow/dags/first_dag.py took 0.518 seconds
[2024-03-27T19:14:26.345+0000] {processor.py:154} INFO - Started process (PID=95) to work on /opt/airflow/dags/first_dag.py
[2024-03-27T19:14:26.345+0000] {processor.py:756} INFO - Processing file /opt/airflow/dags/first_dag.py for tasks to queue
[2024-03-27T19:14:26.346+0000] {logging_mixin.py:120} INFO - [2024-03-27T19:14:26.346+0000] {dagbag.py:537} INFO - Filling up the DagBag from /opt/airflow/dags/first_dag.py
[2024-03-27T19:14:26.693+0000] {processor.py:766} INFO - DAG(s) dict_keys(['user_processing']) retrieved from /opt/airflow/dags/first_dag.py
[2024-03-27T19:14:26.895+0000] {logging_mixin.py:120} INFO - [2024-03-27T19:14:26.894+0000] {dag.py:2585} INFO - Sync 1 DAGs
[2024-03-27T19:14:27.352+0000] {logging_mixin.py:120} INFO - [2024-03-27T19:14:27.347+0000] {dag.py:3340} INFO - Setting next_dagrun for user_processing to 2024-03-27T00:00:00+00:00, run_after=2024-03-28T00:00:00+00:00
[2024-03-27T19:14:29.344+0000] {processor.py:176} INFO - Processing /opt/airflow/dags/first_dag.py took 2.983 seconds
[2024-03-27T19:14:59.553+0000] {processor.py:154} INFO - Started process (PID=158) to work on /opt/airflow/dags/first_dag.py
[2024-03-27T19:14:59.556+0000] {processor.py:756} INFO - Processing file /opt/airflow/dags/first_dag.py for tasks to queue
[2024-03-27T19:14:59.557+0000] {logging_mixin.py:120} INFO - [2024-03-27T19:14:59.556+0000] {dagbag.py:537} INFO - Filling up the DagBag from /opt/airflow/dags/first_dag.py
[2024-03-27T19:15:20.287+0000] {processor.py:154} INFO - Started process (PID=45) to work on /opt/airflow/dags/first_dag.py
[2024-03-27T19:15:20.288+0000] {processor.py:756} INFO - Processing file /opt/airflow/dags/first_dag.py for tasks to queue
[2024-03-27T19:15:20.288+0000] {logging_mixin.py:120} INFO - [2024-03-27T19:15:20.288+0000] {dagbag.py:537} INFO - Filling up the DagBag from /opt/airflow/dags/first_dag.py
[2024-03-27T19:15:20.641+0000] {processor.py:766} INFO - DAG(s) dict_keys(['user_processing']) retrieved from /opt/airflow/dags/first_dag.py
[2024-03-27T19:15:20.810+0000] {logging_mixin.py:120} INFO - [2024-03-27T19:15:20.809+0000] {dag.py:2585} INFO - Sync 1 DAGs
[2024-03-27T19:15:20.827+0000] {logging_mixin.py:120} INFO - [2024-03-27T19:15:20.827+0000] {dag.py:3340} INFO - Setting next_dagrun for user_processing to 2024-03-27T00:00:00+00:00, run_after=2024-03-28T00:00:00+00:00
[2024-03-27T19:15:20.841+0000] {processor.py:176} INFO - Processing /opt/airflow/dags/first_dag.py took 0.556 seconds
[2024-03-27T19:15:51.671+0000] {processor.py:154} INFO - Started process (PID=107) to work on /opt/airflow/dags/first_dag.py
[2024-03-27T19:15:51.672+0000] {processor.py:756} INFO - Processing file /opt/airflow/dags/first_dag.py for tasks to queue
[2024-03-27T19:15:51.672+0000] {logging_mixin.py:120} INFO - [2024-03-27T19:15:51.672+0000] {dagbag.py:537} INFO - Filling up the DagBag from /opt/airflow/dags/first_dag.py
[2024-03-27T19:15:52.492+0000] {processor.py:766} INFO - DAG(s) dict_keys(['user_processing']) retrieved from /opt/airflow/dags/first_dag.py
[2024-03-27T19:15:52.734+0000] {logging_mixin.py:120} INFO - [2024-03-27T19:15:52.733+0000] {dag.py:2585} INFO - Sync 1 DAGs
[2024-03-27T19:15:52.765+0000] {logging_mixin.py:120} INFO - [2024-03-27T19:15:52.765+0000] {dag.py:3340} INFO - Setting next_dagrun for user_processing to 2024-03-27T00:00:00+00:00, run_after=2024-03-28T00:00:00+00:00
[2024-03-27T19:15:52.793+0000] {processor.py:176} INFO - Processing /opt/airflow/dags/first_dag.py took 1.126 seconds
[2024-03-27T19:16:23.586+0000] {processor.py:154} INFO - Started process (PID=169) to work on /opt/airflow/dags/first_dag.py
[2024-03-27T19:16:23.589+0000] {processor.py:756} INFO - Processing file /opt/airflow/dags/first_dag.py for tasks to queue
[2024-03-27T19:16:23.590+0000] {logging_mixin.py:120} INFO - [2024-03-27T19:16:23.590+0000] {dagbag.py:537} INFO - Filling up the DagBag from /opt/airflow/dags/first_dag.py
[2024-03-27T19:16:24.182+0000] {processor.py:766} INFO - DAG(s) dict_keys(['user_processing']) retrieved from /opt/airflow/dags/first_dag.py
[2024-03-27T19:16:24.601+0000] {logging_mixin.py:120} INFO - [2024-03-27T19:16:24.600+0000] {dag.py:2585} INFO - Sync 1 DAGs
[2024-03-27T19:16:24.650+0000] {logging_mixin.py:120} INFO - [2024-03-27T19:16:24.648+0000] {dag.py:3340} INFO - Setting next_dagrun for user_processing to 2024-03-27T00:00:00+00:00, run_after=2024-03-28T00:00:00+00:00
[2024-03-27T19:16:24.707+0000] {processor.py:176} INFO - Processing /opt/airflow/dags/first_dag.py took 1.127 seconds
[2024-03-27T19:16:49.246+0000] {processor.py:154} INFO - Started process (PID=44) to work on /opt/airflow/dags/first_dag.py
[2024-03-27T19:16:49.247+0000] {processor.py:756} INFO - Processing file /opt/airflow/dags/first_dag.py for tasks to queue
[2024-03-27T19:16:49.248+0000] {logging_mixin.py:120} INFO - [2024-03-27T19:16:49.248+0000] {dagbag.py:537} INFO - Filling up the DagBag from /opt/airflow/dags/first_dag.py
[2024-03-27T19:16:49.715+0000] {processor.py:766} INFO - DAG(s) dict_keys(['user_processing']) retrieved from /opt/airflow/dags/first_dag.py
[2024-03-27T19:16:49.877+0000] {logging_mixin.py:120} INFO - [2024-03-27T19:16:49.877+0000] {dag.py:2585} INFO - Sync 1 DAGs
[2024-03-27T19:16:49.899+0000] {logging_mixin.py:120} INFO - [2024-03-27T19:16:49.899+0000] {dag.py:3340} INFO - Setting next_dagrun for user_processing to 2024-03-27T00:00:00+00:00, run_after=2024-03-28T00:00:00+00:00
[2024-03-27T19:16:49.912+0000] {processor.py:176} INFO - Processing /opt/airflow/dags/first_dag.py took 0.669 seconds
[2024-03-27T19:17:23.400+0000] {processor.py:154} INFO - Started process (PID=102) to work on /opt/airflow/dags/first_dag.py
[2024-03-27T19:17:23.403+0000] {processor.py:756} INFO - Processing file /opt/airflow/dags/first_dag.py for tasks to queue
[2024-03-27T19:17:23.406+0000] {logging_mixin.py:120} INFO - [2024-03-27T19:17:23.406+0000] {dagbag.py:537} INFO - Filling up the DagBag from /opt/airflow/dags/first_dag.py
[2024-03-27T19:17:25.581+0000] {processor.py:766} INFO - DAG(s) dict_keys(['user_processing']) retrieved from /opt/airflow/dags/first_dag.py
[2024-03-27T19:17:26.140+0000] {logging_mixin.py:120} INFO - [2024-03-27T19:17:26.139+0000] {dag.py:2585} INFO - Sync 1 DAGs
[2024-03-27T19:17:26.187+0000] {logging_mixin.py:120} INFO - [2024-03-27T19:17:26.187+0000] {dag.py:3340} INFO - Setting next_dagrun for user_processing to 2024-03-27T00:00:00+00:00, run_after=2024-03-28T00:00:00+00:00
[2024-03-27T19:17:26.256+0000] {processor.py:176} INFO - Processing /opt/airflow/dags/first_dag.py took 2.866 seconds
[2024-03-27T19:18:18.637+0000] {processor.py:154} INFO - Started process (PID=45) to work on /opt/airflow/dags/first_dag.py
[2024-03-27T19:18:18.638+0000] {processor.py:756} INFO - Processing file /opt/airflow/dags/first_dag.py for tasks to queue
[2024-03-27T19:18:18.639+0000] {logging_mixin.py:120} INFO - [2024-03-27T19:18:18.639+0000] {dagbag.py:537} INFO - Filling up the DagBag from /opt/airflow/dags/first_dag.py
[2024-03-27T19:18:19.032+0000] {processor.py:766} INFO - DAG(s) dict_keys(['user_processing']) retrieved from /opt/airflow/dags/first_dag.py
[2024-03-27T19:18:19.190+0000] {logging_mixin.py:120} INFO - [2024-03-27T19:18:19.189+0000] {dag.py:2585} INFO - Sync 1 DAGs
[2024-03-27T19:18:19.215+0000] {logging_mixin.py:120} INFO - [2024-03-27T19:18:19.214+0000] {dag.py:3340} INFO - Setting next_dagrun for user_processing to 2024-03-27T00:00:00+00:00, run_after=2024-03-28T00:00:00+00:00
[2024-03-27T19:18:19.228+0000] {processor.py:176} INFO - Processing /opt/airflow/dags/first_dag.py took 0.593 seconds
[2024-03-27T19:18:49.390+0000] {processor.py:154} INFO - Started process (PID=106) to work on /opt/airflow/dags/first_dag.py
[2024-03-27T19:18:49.391+0000] {processor.py:756} INFO - Processing file /opt/airflow/dags/first_dag.py for tasks to queue
[2024-03-27T19:18:49.392+0000] {logging_mixin.py:120} INFO - [2024-03-27T19:18:49.392+0000] {dagbag.py:537} INFO - Filling up the DagBag from /opt/airflow/dags/first_dag.py
[2024-03-27T19:18:49.941+0000] {processor.py:766} INFO - DAG(s) dict_keys(['user_processing']) retrieved from /opt/airflow/dags/first_dag.py
[2024-03-27T19:18:50.210+0000] {logging_mixin.py:120} INFO - [2024-03-27T19:18:50.210+0000] {dag.py:2585} INFO - Sync 1 DAGs
[2024-03-27T19:18:50.229+0000] {logging_mixin.py:120} INFO - [2024-03-27T19:18:50.229+0000] {dag.py:3340} INFO - Setting next_dagrun for user_processing to 2024-03-27T00:00:00+00:00, run_after=2024-03-28T00:00:00+00:00
[2024-03-27T19:18:50.249+0000] {processor.py:176} INFO - Processing /opt/airflow/dags/first_dag.py took 0.860 seconds
[2024-03-27T19:19:40.119+0000] {processor.py:154} INFO - Started process (PID=45) to work on /opt/airflow/dags/first_dag.py
[2024-03-27T19:19:40.120+0000] {processor.py:756} INFO - Processing file /opt/airflow/dags/first_dag.py for tasks to queue
[2024-03-27T19:19:40.120+0000] {logging_mixin.py:120} INFO - [2024-03-27T19:19:40.120+0000] {dagbag.py:537} INFO - Filling up the DagBag from /opt/airflow/dags/first_dag.py
[2024-03-27T19:19:40.501+0000] {processor.py:766} INFO - DAG(s) dict_keys(['user_processing']) retrieved from /opt/airflow/dags/first_dag.py
[2024-03-27T19:19:40.681+0000] {logging_mixin.py:120} INFO - [2024-03-27T19:19:40.681+0000] {dag.py:2585} INFO - Sync 1 DAGs
[2024-03-27T19:19:40.697+0000] {logging_mixin.py:120} INFO - [2024-03-27T19:19:40.697+0000] {dag.py:3340} INFO - Setting next_dagrun for user_processing to 2024-03-27T00:00:00+00:00, run_after=2024-03-28T00:00:00+00:00
[2024-03-27T19:19:40.713+0000] {processor.py:176} INFO - Processing /opt/airflow/dags/first_dag.py took 0.596 seconds
[2024-03-27T19:20:19.364+0000] {processor.py:154} INFO - Started process (PID=104) to work on /opt/airflow/dags/first_dag.py
[2024-03-27T19:20:19.368+0000] {processor.py:756} INFO - Processing file /opt/airflow/dags/first_dag.py for tasks to queue
[2024-03-27T19:20:19.373+0000] {logging_mixin.py:120} INFO - [2024-03-27T19:20:19.373+0000] {dagbag.py:537} INFO - Filling up the DagBag from /opt/airflow/dags/first_dag.py
[2024-03-27T19:20:20.839+0000] {processor.py:766} INFO - DAG(s) dict_keys(['user_processing']) retrieved from /opt/airflow/dags/first_dag.py
[2024-03-27T19:20:21.018+0000] {logging_mixin.py:120} INFO - [2024-03-27T19:20:21.017+0000] {dag.py:2585} INFO - Sync 1 DAGs
[2024-03-27T19:20:21.037+0000] {logging_mixin.py:120} INFO - [2024-03-27T19:20:21.037+0000] {dag.py:3340} INFO - Setting next_dagrun for user_processing to 2024-03-27T00:00:00+00:00, run_after=2024-03-28T00:00:00+00:00
[2024-03-27T19:20:21.049+0000] {processor.py:176} INFO - Processing /opt/airflow/dags/first_dag.py took 1.696 seconds
[2024-03-27T19:21:22.555+0000] {processor.py:154} INFO - Started process (PID=44) to work on /opt/airflow/dags/first_dag.py
[2024-03-27T19:21:22.555+0000] {processor.py:756} INFO - Processing file /opt/airflow/dags/first_dag.py for tasks to queue
[2024-03-27T19:21:22.556+0000] {logging_mixin.py:120} INFO - [2024-03-27T19:21:22.556+0000] {dagbag.py:537} INFO - Filling up the DagBag from /opt/airflow/dags/first_dag.py
[2024-03-27T19:21:22.892+0000] {processor.py:766} INFO - DAG(s) dict_keys(['user_processing']) retrieved from /opt/airflow/dags/first_dag.py
[2024-03-27T19:21:23.069+0000] {logging_mixin.py:120} INFO - [2024-03-27T19:21:23.068+0000] {dag.py:2585} INFO - Sync 1 DAGs
[2024-03-27T19:21:23.087+0000] {logging_mixin.py:120} INFO - [2024-03-27T19:21:23.087+0000] {dag.py:3340} INFO - Setting next_dagrun for user_processing to 2024-03-27T00:00:00+00:00, run_after=2024-03-28T00:00:00+00:00
[2024-03-27T19:21:23.103+0000] {processor.py:176} INFO - Processing /opt/airflow/dags/first_dag.py took 0.550 seconds
[2024-03-27T19:21:53.189+0000] {processor.py:154} INFO - Started process (PID=94) to work on /opt/airflow/dags/first_dag.py
[2024-03-27T19:21:53.191+0000] {processor.py:756} INFO - Processing file /opt/airflow/dags/first_dag.py for tasks to queue
[2024-03-27T19:21:53.192+0000] {logging_mixin.py:120} INFO - [2024-03-27T19:21:53.192+0000] {dagbag.py:537} INFO - Filling up the DagBag from /opt/airflow/dags/first_dag.py
[2024-03-27T19:21:53.510+0000] {processor.py:766} INFO - DAG(s) dict_keys(['user_processing']) retrieved from /opt/airflow/dags/first_dag.py
[2024-03-27T19:21:53.710+0000] {logging_mixin.py:120} INFO - [2024-03-27T19:21:53.710+0000] {dag.py:2585} INFO - Sync 1 DAGs
[2024-03-27T19:21:53.734+0000] {logging_mixin.py:120} INFO - [2024-03-27T19:21:53.734+0000] {dag.py:3340} INFO - Setting next_dagrun for user_processing to 2024-03-27T00:00:00+00:00, run_after=2024-03-28T00:00:00+00:00
[2024-03-27T19:21:53.752+0000] {processor.py:176} INFO - Processing /opt/airflow/dags/first_dag.py took 0.565 seconds
[2024-03-27T19:22:29.825+0000] {processor.py:154} INFO - Started process (PID=35) to work on /opt/airflow/dags/first_dag.py
[2024-03-27T19:22:29.826+0000] {processor.py:756} INFO - Processing file /opt/airflow/dags/first_dag.py for tasks to queue
[2024-03-27T19:22:29.827+0000] {logging_mixin.py:120} INFO - [2024-03-27T19:22:29.827+0000] {dagbag.py:537} INFO - Filling up the DagBag from /opt/airflow/dags/first_dag.py
[2024-03-27T19:22:30.164+0000] {processor.py:766} INFO - DAG(s) dict_keys(['user_processing']) retrieved from /opt/airflow/dags/first_dag.py
[2024-03-27T19:22:30.315+0000] {logging_mixin.py:120} INFO - [2024-03-27T19:22:30.315+0000] {dag.py:2585} INFO - Sync 1 DAGs
[2024-03-27T19:22:30.330+0000] {logging_mixin.py:120} INFO - [2024-03-27T19:22:30.330+0000] {dag.py:3340} INFO - Setting next_dagrun for user_processing to 2024-03-27T00:00:00+00:00, run_after=2024-03-28T00:00:00+00:00
[2024-03-27T19:22:30.344+0000] {processor.py:176} INFO - Processing /opt/airflow/dags/first_dag.py took 0.520 seconds
[2024-03-27T19:23:00.586+0000] {processor.py:154} INFO - Started process (PID=103) to work on /opt/airflow/dags/first_dag.py
[2024-03-27T19:23:00.587+0000] {processor.py:756} INFO - Processing file /opt/airflow/dags/first_dag.py for tasks to queue
[2024-03-27T19:23:00.588+0000] {logging_mixin.py:120} INFO - [2024-03-27T19:23:00.588+0000] {dagbag.py:537} INFO - Filling up the DagBag from /opt/airflow/dags/first_dag.py
[2024-03-27T19:23:00.886+0000] {processor.py:766} INFO - DAG(s) dict_keys(['user_processing']) retrieved from /opt/airflow/dags/first_dag.py
[2024-03-27T19:23:01.045+0000] {logging_mixin.py:120} INFO - [2024-03-27T19:23:01.044+0000] {dag.py:2585} INFO - Sync 1 DAGs
[2024-03-27T19:23:01.058+0000] {logging_mixin.py:120} INFO - [2024-03-27T19:23:01.058+0000] {dag.py:3340} INFO - Setting next_dagrun for user_processing to 2024-03-27T00:00:00+00:00, run_after=2024-03-28T00:00:00+00:00
[2024-03-27T19:23:01.068+0000] {processor.py:176} INFO - Processing /opt/airflow/dags/first_dag.py took 0.483 seconds
[2024-03-27T19:24:26.921+0000] {processor.py:154} INFO - Started process (PID=162) to work on /opt/airflow/dags/first_dag.py
[2024-03-27T19:24:26.923+0000] {processor.py:756} INFO - Processing file /opt/airflow/dags/first_dag.py for tasks to queue
[2024-03-27T19:24:26.923+0000] {logging_mixin.py:120} INFO - [2024-03-27T19:24:26.923+0000] {dagbag.py:537} INFO - Filling up the DagBag from /opt/airflow/dags/first_dag.py
[2024-03-27T19:24:27.515+0000] {processor.py:766} INFO - DAG(s) dict_keys(['user_processing']) retrieved from /opt/airflow/dags/first_dag.py
[2024-03-27T19:24:27.774+0000] {logging_mixin.py:120} INFO - [2024-03-27T19:24:27.773+0000] {dag.py:2585} INFO - Sync 1 DAGs
[2024-03-27T19:24:27.793+0000] {logging_mixin.py:120} INFO - [2024-03-27T19:24:27.793+0000] {dag.py:3340} INFO - Setting next_dagrun for user_processing to 2024-03-27T00:00:00+00:00, run_after=2024-03-28T00:00:00+00:00
[2024-03-27T19:24:27.808+0000] {processor.py:176} INFO - Processing /opt/airflow/dags/first_dag.py took 0.893 seconds
[2024-03-27T19:24:53.134+0000] {processor.py:154} INFO - Started process (PID=35) to work on /opt/airflow/dags/first_dag.py
[2024-03-27T19:24:53.135+0000] {processor.py:756} INFO - Processing file /opt/airflow/dags/first_dag.py for tasks to queue
[2024-03-27T19:24:53.135+0000] {logging_mixin.py:120} INFO - [2024-03-27T19:24:53.135+0000] {dagbag.py:537} INFO - Filling up the DagBag from /opt/airflow/dags/first_dag.py
[2024-03-27T19:24:53.446+0000] {processor.py:766} INFO - DAG(s) dict_keys(['user_processing']) retrieved from /opt/airflow/dags/first_dag.py
[2024-03-27T19:24:53.626+0000] {logging_mixin.py:120} INFO - [2024-03-27T19:24:53.626+0000] {dag.py:2585} INFO - Sync 1 DAGs
[2024-03-27T19:24:53.640+0000] {logging_mixin.py:120} INFO - [2024-03-27T19:24:53.640+0000] {dag.py:3340} INFO - Setting next_dagrun for user_processing to 2024-03-27T00:00:00+00:00, run_after=2024-03-28T00:00:00+00:00
[2024-03-27T19:24:53.651+0000] {processor.py:176} INFO - Processing /opt/airflow/dags/first_dag.py took 0.519 seconds
[2024-03-27T19:25:23.773+0000] {processor.py:154} INFO - Started process (PID=105) to work on /opt/airflow/dags/first_dag.py
[2024-03-27T19:25:23.774+0000] {processor.py:756} INFO - Processing file /opt/airflow/dags/first_dag.py for tasks to queue
[2024-03-27T19:25:23.775+0000] {logging_mixin.py:120} INFO - [2024-03-27T19:25:23.775+0000] {dagbag.py:537} INFO - Filling up the DagBag from /opt/airflow/dags/first_dag.py
[2024-03-27T19:25:24.068+0000] {processor.py:766} INFO - DAG(s) dict_keys(['user_processing']) retrieved from /opt/airflow/dags/first_dag.py
[2024-03-27T19:25:24.278+0000] {logging_mixin.py:120} INFO - [2024-03-27T19:25:24.278+0000] {dag.py:2585} INFO - Sync 1 DAGs
[2024-03-27T19:25:24.305+0000] {logging_mixin.py:120} INFO - [2024-03-27T19:25:24.305+0000] {dag.py:3340} INFO - Setting next_dagrun for user_processing to 2024-03-27T00:00:00+00:00, run_after=2024-03-28T00:00:00+00:00
[2024-03-27T19:25:24.321+0000] {processor.py:176} INFO - Processing /opt/airflow/dags/first_dag.py took 0.549 seconds
[2024-03-27T19:25:54.354+0000] {processor.py:154} INFO - Started process (PID=179) to work on /opt/airflow/dags/first_dag.py
[2024-03-27T19:25:54.357+0000] {processor.py:756} INFO - Processing file /opt/airflow/dags/first_dag.py for tasks to queue
[2024-03-27T19:25:54.358+0000] {logging_mixin.py:120} INFO - [2024-03-27T19:25:54.358+0000] {dagbag.py:537} INFO - Filling up the DagBag from /opt/airflow/dags/first_dag.py
[2024-03-27T19:25:54.781+0000] {processor.py:766} INFO - DAG(s) dict_keys(['user_processing']) retrieved from /opt/airflow/dags/first_dag.py
[2024-03-27T19:25:54.933+0000] {logging_mixin.py:120} INFO - [2024-03-27T19:25:54.932+0000] {dag.py:2585} INFO - Sync 1 DAGs
[2024-03-27T19:25:54.951+0000] {logging_mixin.py:120} INFO - [2024-03-27T19:25:54.950+0000] {dag.py:3340} INFO - Setting next_dagrun for user_processing to 2024-03-27T00:00:00+00:00, run_after=2024-03-28T00:00:00+00:00
[2024-03-27T19:25:54.968+0000] {processor.py:176} INFO - Processing /opt/airflow/dags/first_dag.py took 0.616 seconds
[2024-03-27T19:26:24.993+0000] {processor.py:154} INFO - Started process (PID=241) to work on /opt/airflow/dags/first_dag.py
[2024-03-27T19:26:24.994+0000] {processor.py:756} INFO - Processing file /opt/airflow/dags/first_dag.py for tasks to queue
[2024-03-27T19:26:24.995+0000] {logging_mixin.py:120} INFO - [2024-03-27T19:26:24.994+0000] {dagbag.py:537} INFO - Filling up the DagBag from /opt/airflow/dags/first_dag.py
[2024-03-27T19:26:25.271+0000] {processor.py:766} INFO - DAG(s) dict_keys(['user_processing']) retrieved from /opt/airflow/dags/first_dag.py
[2024-03-27T19:26:25.413+0000] {logging_mixin.py:120} INFO - [2024-03-27T19:26:25.413+0000] {dag.py:2585} INFO - Sync 1 DAGs
[2024-03-27T19:26:25.427+0000] {logging_mixin.py:120} INFO - [2024-03-27T19:26:25.427+0000] {dag.py:3340} INFO - Setting next_dagrun for user_processing to 2024-03-27T00:00:00+00:00, run_after=2024-03-28T00:00:00+00:00
[2024-03-27T19:26:25.436+0000] {processor.py:176} INFO - Processing /opt/airflow/dags/first_dag.py took 0.445 seconds
[2024-03-27T19:26:56.221+0000] {processor.py:154} INFO - Started process (PID=36) to work on /opt/airflow/dags/first_dag.py
[2024-03-27T19:26:56.222+0000] {processor.py:756} INFO - Processing file /opt/airflow/dags/first_dag.py for tasks to queue
[2024-03-27T19:26:56.222+0000] {logging_mixin.py:120} INFO - [2024-03-27T19:26:56.222+0000] {dagbag.py:537} INFO - Filling up the DagBag from /opt/airflow/dags/first_dag.py
[2024-03-27T19:26:56.455+0000] {processor.py:766} INFO - DAG(s) dict_keys(['user_processing']) retrieved from /opt/airflow/dags/first_dag.py
[2024-03-27T19:26:56.614+0000] {logging_mixin.py:120} INFO - [2024-03-27T19:26:56.614+0000] {dag.py:2585} INFO - Sync 1 DAGs
[2024-03-27T19:26:56.627+0000] {logging_mixin.py:120} INFO - [2024-03-27T19:26:56.627+0000] {dag.py:3340} INFO - Setting next_dagrun for user_processing to 2024-03-27T00:00:00+00:00, run_after=2024-03-28T00:00:00+00:00
[2024-03-27T19:26:56.635+0000] {processor.py:176} INFO - Processing /opt/airflow/dags/first_dag.py took 0.417 seconds
[2024-03-27T19:27:26.673+0000] {processor.py:154} INFO - Started process (PID=107) to work on /opt/airflow/dags/first_dag.py
[2024-03-27T19:27:26.676+0000] {processor.py:756} INFO - Processing file /opt/airflow/dags/first_dag.py for tasks to queue
[2024-03-27T19:27:26.676+0000] {logging_mixin.py:120} INFO - [2024-03-27T19:27:26.676+0000] {dagbag.py:537} INFO - Filling up the DagBag from /opt/airflow/dags/first_dag.py
[2024-03-27T19:27:26.947+0000] {processor.py:766} INFO - DAG(s) dict_keys(['user_processing']) retrieved from /opt/airflow/dags/first_dag.py
[2024-03-27T19:27:27.128+0000] {logging_mixin.py:120} INFO - [2024-03-27T19:27:27.127+0000] {dag.py:2585} INFO - Sync 1 DAGs
[2024-03-27T19:27:27.142+0000] {logging_mixin.py:120} INFO - [2024-03-27T19:27:27.142+0000] {dag.py:3340} INFO - Setting next_dagrun for user_processing to 2024-03-27T00:00:00+00:00, run_after=2024-03-28T00:00:00+00:00
[2024-03-27T19:27:27.152+0000] {processor.py:176} INFO - Processing /opt/airflow/dags/first_dag.py took 0.480 seconds
[2024-03-27T19:27:57.216+0000] {processor.py:154} INFO - Started process (PID=206) to work on /opt/airflow/dags/first_dag.py
[2024-03-27T19:27:57.217+0000] {processor.py:756} INFO - Processing file /opt/airflow/dags/first_dag.py for tasks to queue
[2024-03-27T19:27:57.220+0000] {logging_mixin.py:120} INFO - [2024-03-27T19:27:57.220+0000] {dagbag.py:537} INFO - Filling up the DagBag from /opt/airflow/dags/first_dag.py
[2024-03-27T19:28:13.900+0000] {processor.py:766} INFO - DAG(s) dict_keys(['user_processing']) retrieved from /opt/airflow/dags/first_dag.py
[2024-03-27T19:28:15.043+0000] {logging_mixin.py:120} INFO - [2024-03-27T19:28:15.043+0000] {dag.py:2585} INFO - Sync 1 DAGs
[2024-03-27T19:28:15.083+0000] {logging_mixin.py:120} INFO - [2024-03-27T19:28:15.083+0000] {dag.py:3340} INFO - Setting next_dagrun for user_processing to 2024-03-27T00:00:00+00:00, run_after=2024-03-28T00:00:00+00:00
[2024-03-27T19:28:45.366+0000] {processor.py:154} INFO - Started process (PID=281) to work on /opt/airflow/dags/first_dag.py
[2024-03-27T19:28:45.367+0000] {processor.py:756} INFO - Processing file /opt/airflow/dags/first_dag.py for tasks to queue
[2024-03-27T19:28:45.368+0000] {logging_mixin.py:120} INFO - [2024-03-27T19:28:45.368+0000] {dagbag.py:537} INFO - Filling up the DagBag from /opt/airflow/dags/first_dag.py
[2024-03-27T19:29:21.479+0000] {processor.py:154} INFO - Started process (PID=343) to work on /opt/airflow/dags/first_dag.py
[2024-03-27T19:29:21.486+0000] {processor.py:756} INFO - Processing file /opt/airflow/dags/first_dag.py for tasks to queue
[2024-03-27T19:29:21.494+0000] {logging_mixin.py:120} INFO - [2024-03-27T19:29:21.494+0000] {dagbag.py:537} INFO - Filling up the DagBag from /opt/airflow/dags/first_dag.py
[2024-03-27T19:29:24.208+0000] {processor.py:766} INFO - DAG(s) dict_keys(['user_processing']) retrieved from /opt/airflow/dags/first_dag.py
[2024-03-27T19:29:24.436+0000] {logging_mixin.py:120} INFO - [2024-03-27T19:29:24.435+0000] {dag.py:2585} INFO - Sync 1 DAGs
[2024-03-27T19:30:09.703+0000] {processor.py:154} INFO - Started process (PID=404) to work on /opt/airflow/dags/first_dag.py
[2024-03-27T19:30:09.704+0000] {processor.py:756} INFO - Processing file /opt/airflow/dags/first_dag.py for tasks to queue
[2024-03-27T19:30:09.706+0000] {logging_mixin.py:120} INFO - [2024-03-27T19:30:09.705+0000] {dagbag.py:537} INFO - Filling up the DagBag from /opt/airflow/dags/first_dag.py
[2024-03-27T19:30:10.453+0000] {processor.py:766} INFO - DAG(s) dict_keys(['user_processing']) retrieved from /opt/airflow/dags/first_dag.py
[2024-03-27T19:30:10.669+0000] {logging_mixin.py:120} INFO - [2024-03-27T19:30:10.669+0000] {dag.py:2585} INFO - Sync 1 DAGs
[2024-03-27T19:30:10.697+0000] {logging_mixin.py:120} INFO - [2024-03-27T19:30:10.697+0000] {dag.py:3340} INFO - Setting next_dagrun for user_processing to 2024-03-27T00:00:00+00:00, run_after=2024-03-28T00:00:00+00:00
[2024-03-27T19:30:10.729+0000] {processor.py:176} INFO - Processing /opt/airflow/dags/first_dag.py took 1.029 seconds
[2024-03-27T19:30:49.665+0000] {processor.py:154} INFO - Started process (PID=448) to work on /opt/airflow/dags/first_dag.py
[2024-03-27T19:30:49.666+0000] {processor.py:756} INFO - Processing file /opt/airflow/dags/first_dag.py for tasks to queue
[2024-03-27T19:30:49.667+0000] {logging_mixin.py:120} INFO - [2024-03-27T19:30:49.667+0000] {dagbag.py:537} INFO - Filling up the DagBag from /opt/airflow/dags/first_dag.py
[2024-03-27T19:30:53.351+0000] {processor.py:766} INFO - DAG(s) dict_keys(['user_processing']) retrieved from /opt/airflow/dags/first_dag.py
[2024-03-27T19:30:53.786+0000] {logging_mixin.py:120} INFO - [2024-03-27T19:30:53.786+0000] {dag.py:2585} INFO - Sync 1 DAGs
[2024-03-27T19:30:53.804+0000] {logging_mixin.py:120} INFO - [2024-03-27T19:30:53.804+0000] {dag.py:3340} INFO - Setting next_dagrun for user_processing to 2024-03-27T00:00:00+00:00, run_after=2024-03-28T00:00:00+00:00
[2024-03-27T19:30:53.816+0000] {processor.py:176} INFO - Processing /opt/airflow/dags/first_dag.py took 4.155 seconds
[2024-03-27T19:31:23.903+0000] {processor.py:154} INFO - Started process (PID=502) to work on /opt/airflow/dags/first_dag.py
[2024-03-27T19:31:23.906+0000] {processor.py:756} INFO - Processing file /opt/airflow/dags/first_dag.py for tasks to queue
[2024-03-27T19:31:23.907+0000] {logging_mixin.py:120} INFO - [2024-03-27T19:31:23.907+0000] {dagbag.py:537} INFO - Filling up the DagBag from /opt/airflow/dags/first_dag.py
[2024-03-27T19:31:24.751+0000] {processor.py:766} INFO - DAG(s) dict_keys(['user_processing']) retrieved from /opt/airflow/dags/first_dag.py
[2024-03-27T19:31:24.944+0000] {logging_mixin.py:120} INFO - [2024-03-27T19:31:24.943+0000] {dag.py:2585} INFO - Sync 1 DAGs
[2024-03-27T19:31:24.968+0000] {logging_mixin.py:120} INFO - [2024-03-27T19:31:24.968+0000] {dag.py:3340} INFO - Setting next_dagrun for user_processing to 2024-03-27T00:00:00+00:00, run_after=2024-03-28T00:00:00+00:00
[2024-03-27T19:31:24.983+0000] {processor.py:176} INFO - Processing /opt/airflow/dags/first_dag.py took 1.088 seconds
[2024-03-27T19:32:01.649+0000] {processor.py:154} INFO - Started process (PID=553) to work on /opt/airflow/dags/first_dag.py
[2024-03-27T19:32:01.650+0000] {processor.py:756} INFO - Processing file /opt/airflow/dags/first_dag.py for tasks to queue
[2024-03-27T19:32:01.654+0000] {logging_mixin.py:120} INFO - [2024-03-27T19:32:01.653+0000] {dagbag.py:537} INFO - Filling up the DagBag from /opt/airflow/dags/first_dag.py
[2024-03-27T19:32:02.252+0000] {processor.py:766} INFO - DAG(s) dict_keys(['user_processing']) retrieved from /opt/airflow/dags/first_dag.py
[2024-03-27T19:32:02.652+0000] {logging_mixin.py:120} INFO - [2024-03-27T19:32:02.652+0000] {dag.py:2585} INFO - Sync 1 DAGs
[2024-03-27T19:32:02.688+0000] {logging_mixin.py:120} INFO - [2024-03-27T19:32:02.688+0000] {dag.py:3340} INFO - Setting next_dagrun for user_processing to 2024-03-27T00:00:00+00:00, run_after=2024-03-28T00:00:00+00:00
[2024-03-27T19:32:02.710+0000] {processor.py:176} INFO - Processing /opt/airflow/dags/first_dag.py took 0.926 seconds
[2024-03-27T19:32:45.228+0000] {processor.py:154} INFO - Started process (PID=606) to work on /opt/airflow/dags/first_dag.py
[2024-03-27T19:32:45.242+0000] {processor.py:756} INFO - Processing file /opt/airflow/dags/first_dag.py for tasks to queue
[2024-03-27T19:32:45.245+0000] {logging_mixin.py:120} INFO - [2024-03-27T19:32:45.245+0000] {dagbag.py:537} INFO - Filling up the DagBag from /opt/airflow/dags/first_dag.py
[2024-03-27T19:32:49.462+0000] {processor.py:766} INFO - DAG(s) dict_keys(['user_processing']) retrieved from /opt/airflow/dags/first_dag.py
[2024-03-27T19:33:20.016+0000] {processor.py:154} INFO - Started process (PID=664) to work on /opt/airflow/dags/first_dag.py
[2024-03-27T19:33:20.019+0000] {processor.py:756} INFO - Processing file /opt/airflow/dags/first_dag.py for tasks to queue
[2024-03-27T19:33:20.021+0000] {logging_mixin.py:120} INFO - [2024-03-27T19:33:20.021+0000] {dagbag.py:537} INFO - Filling up the DagBag from /opt/airflow/dags/first_dag.py
[2024-03-27T19:33:20.536+0000] {processor.py:766} INFO - DAG(s) dict_keys(['user_processing']) retrieved from /opt/airflow/dags/first_dag.py
[2024-03-27T19:33:20.794+0000] {logging_mixin.py:120} INFO - [2024-03-27T19:33:20.793+0000] {dag.py:2585} INFO - Sync 1 DAGs
[2024-03-27T19:33:20.814+0000] {logging_mixin.py:120} INFO - [2024-03-27T19:33:20.814+0000] {dag.py:3340} INFO - Setting next_dagrun for user_processing to 2024-03-27T00:00:00+00:00, run_after=2024-03-28T00:00:00+00:00
[2024-03-27T19:33:20.836+0000] {processor.py:176} INFO - Processing /opt/airflow/dags/first_dag.py took 0.823 seconds
[2024-03-27T19:33:53.020+0000] {processor.py:154} INFO - Started process (PID=724) to work on /opt/airflow/dags/first_dag.py
[2024-03-27T19:33:53.024+0000] {processor.py:756} INFO - Processing file /opt/airflow/dags/first_dag.py for tasks to queue
[2024-03-27T19:33:53.025+0000] {logging_mixin.py:120} INFO - [2024-03-27T19:33:53.025+0000] {dagbag.py:537} INFO - Filling up the DagBag from /opt/airflow/dags/first_dag.py
[2024-03-27T19:34:01.634+0000] {processor.py:766} INFO - DAG(s) dict_keys(['user_processing']) retrieved from /opt/airflow/dags/first_dag.py
[2024-03-27T19:34:32.257+0000] {processor.py:154} INFO - Started process (PID=788) to work on /opt/airflow/dags/first_dag.py
[2024-03-27T19:34:32.258+0000] {processor.py:756} INFO - Processing file /opt/airflow/dags/first_dag.py for tasks to queue
[2024-03-27T19:34:32.258+0000] {logging_mixin.py:120} INFO - [2024-03-27T19:34:32.258+0000] {dagbag.py:537} INFO - Filling up the DagBag from /opt/airflow/dags/first_dag.py
[2024-03-27T19:34:32.659+0000] {processor.py:766} INFO - DAG(s) dict_keys(['user_processing']) retrieved from /opt/airflow/dags/first_dag.py
[2024-03-27T19:34:32.910+0000] {logging_mixin.py:120} INFO - [2024-03-27T19:34:32.908+0000] {dag.py:2585} INFO - Sync 1 DAGs
[2024-03-27T19:34:32.928+0000] {logging_mixin.py:120} INFO - [2024-03-27T19:34:32.928+0000] {dag.py:3340} INFO - Setting next_dagrun for user_processing to 2024-03-27T00:00:00+00:00, run_after=2024-03-28T00:00:00+00:00
[2024-03-27T19:34:32.941+0000] {processor.py:176} INFO - Processing /opt/airflow/dags/first_dag.py took 0.686 seconds
[2024-03-27T19:35:04.198+0000] {processor.py:154} INFO - Started process (PID=842) to work on /opt/airflow/dags/first_dag.py
[2024-03-27T19:35:04.199+0000] {processor.py:756} INFO - Processing file /opt/airflow/dags/first_dag.py for tasks to queue
[2024-03-27T19:35:04.201+0000] {logging_mixin.py:120} INFO - [2024-03-27T19:35:04.201+0000] {dagbag.py:537} INFO - Filling up the DagBag from /opt/airflow/dags/first_dag.py
[2024-03-27T19:35:17.387+0000] {processor.py:766} INFO - DAG(s) dict_keys(['user_processing']) retrieved from /opt/airflow/dags/first_dag.py
[2024-03-27T19:35:52.951+0000] {processor.py:154} INFO - Started process (PID=899) to work on /opt/airflow/dags/first_dag.py
[2024-03-27T19:35:52.953+0000] {processor.py:756} INFO - Processing file /opt/airflow/dags/first_dag.py for tasks to queue
[2024-03-27T19:35:52.961+0000] {logging_mixin.py:120} INFO - [2024-03-27T19:35:52.961+0000] {dagbag.py:537} INFO - Filling up the DagBag from /opt/airflow/dags/first_dag.py
[2024-03-27T19:36:10.769+0000] {processor.py:766} INFO - DAG(s) dict_keys(['user_processing']) retrieved from /opt/airflow/dags/first_dag.py
[2024-03-27T19:36:47.703+0000] {processor.py:154} INFO - Started process (PID=36) to work on /opt/airflow/dags/first_dag.py
[2024-03-27T19:36:47.705+0000] {processor.py:756} INFO - Processing file /opt/airflow/dags/first_dag.py for tasks to queue
[2024-03-27T19:36:47.706+0000] {logging_mixin.py:120} INFO - [2024-03-27T19:36:47.706+0000] {dagbag.py:537} INFO - Filling up the DagBag from /opt/airflow/dags/first_dag.py
[2024-03-27T19:36:48.229+0000] {processor.py:766} INFO - DAG(s) dict_keys(['user_processing']) retrieved from /opt/airflow/dags/first_dag.py
[2024-03-27T19:36:48.858+0000] {logging_mixin.py:120} INFO - [2024-03-27T19:36:48.854+0000] {dag.py:2585} INFO - Sync 1 DAGs
[2024-03-27T19:36:48.975+0000] {logging_mixin.py:120} INFO - [2024-03-27T19:36:48.971+0000] {dag.py:3340} INFO - Setting next_dagrun for user_processing to 2024-03-27T00:00:00+00:00, run_after=2024-03-28T00:00:00+00:00
[2024-03-27T19:36:50.029+0000] {processor.py:176} INFO - Processing /opt/airflow/dags/first_dag.py took 2.327 seconds
[2024-03-27T19:37:20.232+0000] {processor.py:154} INFO - Started process (PID=89) to work on /opt/airflow/dags/first_dag.py
[2024-03-27T19:37:20.234+0000] {processor.py:756} INFO - Processing file /opt/airflow/dags/first_dag.py for tasks to queue
[2024-03-27T19:37:20.235+0000] {logging_mixin.py:120} INFO - [2024-03-27T19:37:20.235+0000] {dagbag.py:537} INFO - Filling up the DagBag from /opt/airflow/dags/first_dag.py
[2024-03-27T19:37:20.725+0000] {processor.py:766} INFO - DAG(s) dict_keys(['user_processing']) retrieved from /opt/airflow/dags/first_dag.py
[2024-03-27T19:37:23.314+0000] {logging_mixin.py:120} INFO - [2024-03-27T19:37:23.313+0000] {dag.py:2585} INFO - Sync 1 DAGs
[2024-03-27T19:37:23.561+0000] {logging_mixin.py:120} INFO - [2024-03-27T19:37:23.549+0000] {dag.py:3340} INFO - Setting next_dagrun for user_processing to 2024-03-27T00:00:00+00:00, run_after=2024-03-28T00:00:00+00:00
[2024-03-27T19:37:54.588+0000] {processor.py:154} INFO - Started process (PID=36) to work on /opt/airflow/dags/first_dag.py
[2024-03-27T19:37:54.589+0000] {processor.py:756} INFO - Processing file /opt/airflow/dags/first_dag.py for tasks to queue
[2024-03-27T19:37:54.590+0000] {logging_mixin.py:120} INFO - [2024-03-27T19:37:54.590+0000] {dagbag.py:537} INFO - Filling up the DagBag from /opt/airflow/dags/first_dag.py
[2024-03-27T19:38:20.486+0000] {processor.py:766} INFO - DAG(s) dict_keys(['user_processing']) retrieved from /opt/airflow/dags/first_dag.py
[2024-03-27T19:38:21.748+0000] {logging_mixin.py:120} INFO - [2024-03-27T19:38:21.747+0000] {dag.py:2585} INFO - Sync 1 DAGs
[2024-03-27T19:38:21.867+0000] {logging_mixin.py:120} INFO - [2024-03-27T19:38:21.865+0000] {dag.py:3340} INFO - Setting next_dagrun for user_processing to 2024-03-27T00:00:00+00:00, run_after=2024-03-28T00:00:00+00:00
[2024-03-27T19:38:52.505+0000] {processor.py:154} INFO - Started process (PID=99) to work on /opt/airflow/dags/first_dag.py
[2024-03-27T19:38:52.509+0000] {processor.py:756} INFO - Processing file /opt/airflow/dags/first_dag.py for tasks to queue
[2024-03-27T19:38:52.512+0000] {logging_mixin.py:120} INFO - [2024-03-27T19:38:52.511+0000] {dagbag.py:537} INFO - Filling up the DagBag from /opt/airflow/dags/first_dag.py
[2024-03-27T19:38:53.308+0000] {processor.py:766} INFO - DAG(s) dict_keys(['user_processing']) retrieved from /opt/airflow/dags/first_dag.py
[2024-03-27T19:38:53.749+0000] {logging_mixin.py:120} INFO - [2024-03-27T19:38:53.749+0000] {dag.py:2585} INFO - Sync 1 DAGs
[2024-03-27T19:38:53.777+0000] {logging_mixin.py:120} INFO - [2024-03-27T19:38:53.777+0000] {dag.py:3340} INFO - Setting next_dagrun for user_processing to 2024-03-27T00:00:00+00:00, run_after=2024-03-28T00:00:00+00:00
[2024-03-27T19:38:53.816+0000] {processor.py:176} INFO - Processing /opt/airflow/dags/first_dag.py took 1.322 seconds
[2024-03-27T19:39:50.061+0000] {processor.py:154} INFO - Started process (PID=54) to work on /opt/airflow/dags/first_dag.py
[2024-03-27T19:39:50.062+0000] {processor.py:756} INFO - Processing file /opt/airflow/dags/first_dag.py for tasks to queue
[2024-03-27T19:39:50.062+0000] {logging_mixin.py:120} INFO - [2024-03-27T19:39:50.062+0000] {dagbag.py:537} INFO - Filling up the DagBag from /opt/airflow/dags/first_dag.py
[2024-03-27T19:39:50.890+0000] {processor.py:766} INFO - DAG(s) dict_keys(['user_processing']) retrieved from /opt/airflow/dags/first_dag.py
[2024-03-27T19:39:51.161+0000] {logging_mixin.py:120} INFO - [2024-03-27T19:39:51.161+0000] {dag.py:2585} INFO - Sync 1 DAGs
[2024-03-27T19:39:51.189+0000] {logging_mixin.py:120} INFO - [2024-03-27T19:39:51.189+0000] {dag.py:3340} INFO - Setting next_dagrun for user_processing to 2024-03-27T00:00:00+00:00, run_after=2024-03-28T00:00:00+00:00
[2024-03-27T19:39:51.207+0000] {processor.py:176} INFO - Processing /opt/airflow/dags/first_dag.py took 1.149 seconds
[2024-03-27T19:40:24.466+0000] {processor.py:154} INFO - Started process (PID=112) to work on /opt/airflow/dags/first_dag.py
[2024-03-27T19:40:24.479+0000] {processor.py:756} INFO - Processing file /opt/airflow/dags/first_dag.py for tasks to queue
[2024-03-27T19:40:24.484+0000] {logging_mixin.py:120} INFO - [2024-03-27T19:40:24.483+0000] {dagbag.py:537} INFO - Filling up the DagBag from /opt/airflow/dags/first_dag.py
[2024-03-27T19:40:29.206+0000] {processor.py:766} INFO - DAG(s) dict_keys(['user_processing']) retrieved from /opt/airflow/dags/first_dag.py
[2024-03-27T19:40:30.141+0000] {logging_mixin.py:120} INFO - [2024-03-27T19:40:30.140+0000] {dag.py:2585} INFO - Sync 1 DAGs
[2024-03-27T19:40:30.188+0000] {logging_mixin.py:120} INFO - [2024-03-27T19:40:30.188+0000] {dag.py:3340} INFO - Setting next_dagrun for user_processing to 2024-03-27T00:00:00+00:00, run_after=2024-03-28T00:00:00+00:00
[2024-03-27T19:40:30.252+0000] {processor.py:176} INFO - Processing /opt/airflow/dags/first_dag.py took 5.883 seconds
[2024-03-27T19:41:04.151+0000] {processor.py:154} INFO - Started process (PID=165) to work on /opt/airflow/dags/first_dag.py
[2024-03-27T19:41:04.161+0000] {processor.py:756} INFO - Processing file /opt/airflow/dags/first_dag.py for tasks to queue
[2024-03-27T19:41:04.161+0000] {logging_mixin.py:120} INFO - [2024-03-27T19:41:04.161+0000] {dagbag.py:537} INFO - Filling up the DagBag from /opt/airflow/dags/first_dag.py
[2024-03-27T19:41:06.184+0000] {processor.py:766} INFO - DAG(s) dict_keys(['user_processing']) retrieved from /opt/airflow/dags/first_dag.py
[2024-03-27T19:41:06.894+0000] {logging_mixin.py:120} INFO - [2024-03-27T19:41:06.894+0000] {dag.py:2585} INFO - Sync 1 DAGs
[2024-03-27T19:41:06.935+0000] {logging_mixin.py:120} INFO - [2024-03-27T19:41:06.935+0000] {dag.py:3340} INFO - Setting next_dagrun for user_processing to 2024-03-27T00:00:00+00:00, run_after=2024-03-28T00:00:00+00:00
[2024-03-27T19:41:06.958+0000] {processor.py:176} INFO - Processing /opt/airflow/dags/first_dag.py took 2.809 seconds
[2024-03-27T19:41:38.529+0000] {processor.py:154} INFO - Started process (PID=44) to work on /opt/airflow/dags/first_dag.py
[2024-03-27T19:41:38.530+0000] {processor.py:756} INFO - Processing file /opt/airflow/dags/first_dag.py for tasks to queue
[2024-03-27T19:41:38.530+0000] {logging_mixin.py:120} INFO - [2024-03-27T19:41:38.530+0000] {dagbag.py:537} INFO - Filling up the DagBag from /opt/airflow/dags/first_dag.py
[2024-03-27T19:41:38.874+0000] {processor.py:766} INFO - DAG(s) dict_keys(['user_processing']) retrieved from /opt/airflow/dags/first_dag.py
[2024-03-27T19:41:39.042+0000] {logging_mixin.py:120} INFO - [2024-03-27T19:41:39.041+0000] {dag.py:2585} INFO - Sync 1 DAGs
[2024-03-27T19:41:39.060+0000] {logging_mixin.py:120} INFO - [2024-03-27T19:41:39.060+0000] {dag.py:3340} INFO - Setting next_dagrun for user_processing to 2024-03-27T00:00:00+00:00, run_after=2024-03-28T00:00:00+00:00
[2024-03-27T19:41:39.071+0000] {processor.py:176} INFO - Processing /opt/airflow/dags/first_dag.py took 0.545 seconds
[2024-03-27T19:42:09.574+0000] {processor.py:154} INFO - Started process (PID=94) to work on /opt/airflow/dags/first_dag.py
[2024-03-27T19:42:09.577+0000] {processor.py:756} INFO - Processing file /opt/airflow/dags/first_dag.py for tasks to queue
[2024-03-27T19:42:09.578+0000] {logging_mixin.py:120} INFO - [2024-03-27T19:42:09.577+0000] {dagbag.py:537} INFO - Filling up the DagBag from /opt/airflow/dags/first_dag.py
[2024-03-27T19:42:10.407+0000] {processor.py:766} INFO - DAG(s) dict_keys(['user_processing']) retrieved from /opt/airflow/dags/first_dag.py
[2024-03-27T19:42:10.577+0000] {logging_mixin.py:120} INFO - [2024-03-27T19:42:10.577+0000] {dag.py:2585} INFO - Sync 1 DAGs
[2024-03-27T19:42:10.596+0000] {logging_mixin.py:120} INFO - [2024-03-27T19:42:10.596+0000] {dag.py:3340} INFO - Setting next_dagrun for user_processing to 2024-03-27T00:00:00+00:00, run_after=2024-03-28T00:00:00+00:00
[2024-03-27T19:42:10.609+0000] {processor.py:176} INFO - Processing /opt/airflow/dags/first_dag.py took 1.041 seconds
[2024-03-27T19:42:46.073+0000] {processor.py:154} INFO - Started process (PID=151) to work on /opt/airflow/dags/first_dag.py
[2024-03-27T19:42:46.077+0000] {processor.py:756} INFO - Processing file /opt/airflow/dags/first_dag.py for tasks to queue
[2024-03-27T19:42:46.078+0000] {logging_mixin.py:120} INFO - [2024-03-27T19:42:46.078+0000] {dagbag.py:537} INFO - Filling up the DagBag from /opt/airflow/dags/first_dag.py
[2024-03-27T19:42:47.696+0000] {processor.py:766} INFO - DAG(s) dict_keys(['user_processing']) retrieved from /opt/airflow/dags/first_dag.py
[2024-03-27T19:42:48.011+0000] {logging_mixin.py:120} INFO - [2024-03-27T19:42:48.010+0000] {dag.py:2585} INFO - Sync 1 DAGs
[2024-03-27T19:42:48.048+0000] {logging_mixin.py:120} INFO - [2024-03-27T19:42:48.048+0000] {dag.py:3340} INFO - Setting next_dagrun for user_processing to 2024-03-27T00:00:00+00:00, run_after=2024-03-28T00:00:00+00:00
[2024-03-27T19:42:48.081+0000] {processor.py:176} INFO - Processing /opt/airflow/dags/first_dag.py took 2.011 seconds
[2024-03-27T19:44:25.347+0000] {processor.py:154} INFO - Started process (PID=45) to work on /opt/airflow/dags/first_dag.py
[2024-03-27T19:44:25.350+0000] {processor.py:756} INFO - Processing file /opt/airflow/dags/first_dag.py for tasks to queue
[2024-03-27T19:44:25.351+0000] {logging_mixin.py:120} INFO - [2024-03-27T19:44:25.351+0000] {dagbag.py:537} INFO - Filling up the DagBag from /opt/airflow/dags/first_dag.py
[2024-03-27T19:44:26.395+0000] {processor.py:766} INFO - DAG(s) dict_keys(['user_processing']) retrieved from /opt/airflow/dags/first_dag.py
[2024-03-27T19:44:26.847+0000] {logging_mixin.py:120} INFO - [2024-03-27T19:44:26.846+0000] {dag.py:2585} INFO - Sync 1 DAGs
[2024-03-27T19:44:26.887+0000] {logging_mixin.py:120} INFO - [2024-03-27T19:44:26.887+0000] {dag.py:3340} INFO - Setting next_dagrun for user_processing to 2024-03-27T00:00:00+00:00, run_after=2024-03-28T00:00:00+00:00
[2024-03-27T19:44:26.917+0000] {processor.py:176} INFO - Processing /opt/airflow/dags/first_dag.py took 1.574 seconds
[2024-03-27T19:45:18.201+0000] {processor.py:154} INFO - Started process (PID=102) to work on /opt/airflow/dags/first_dag.py
[2024-03-27T19:45:18.202+0000] {processor.py:756} INFO - Processing file /opt/airflow/dags/first_dag.py for tasks to queue
[2024-03-27T19:45:18.203+0000] {logging_mixin.py:120} INFO - [2024-03-27T19:45:18.203+0000] {dagbag.py:537} INFO - Filling up the DagBag from /opt/airflow/dags/first_dag.py
[2024-03-27T19:45:19.618+0000] {processor.py:766} INFO - DAG(s) dict_keys(['user_processing']) retrieved from /opt/airflow/dags/first_dag.py
[2024-03-27T19:45:20.120+0000] {logging_mixin.py:120} INFO - [2024-03-27T19:45:20.120+0000] {dag.py:2585} INFO - Sync 1 DAGs
[2024-03-27T19:45:20.162+0000] {logging_mixin.py:120} INFO - [2024-03-27T19:45:20.162+0000] {dag.py:3340} INFO - Setting next_dagrun for user_processing to 2024-03-27T00:00:00+00:00, run_after=2024-03-28T00:00:00+00:00
[2024-03-27T19:45:20.280+0000] {processor.py:176} INFO - Processing /opt/airflow/dags/first_dag.py took 2.083 seconds
[2024-03-27T19:46:13.823+0000] {processor.py:154} INFO - Started process (PID=48) to work on /opt/airflow/dags/first_dag.py
[2024-03-27T19:46:13.824+0000] {processor.py:756} INFO - Processing file /opt/airflow/dags/first_dag.py for tasks to queue
[2024-03-27T19:46:13.825+0000] {logging_mixin.py:120} INFO - [2024-03-27T19:46:13.825+0000] {dagbag.py:537} INFO - Filling up the DagBag from /opt/airflow/dags/first_dag.py
[2024-03-27T19:46:19.322+0000] {processor.py:766} INFO - DAG(s) dict_keys(['user_processing']) retrieved from /opt/airflow/dags/first_dag.py
[2024-03-27T19:46:19.795+0000] {logging_mixin.py:120} INFO - [2024-03-27T19:46:19.794+0000] {dag.py:2585} INFO - Sync 1 DAGs
[2024-03-27T19:46:19.884+0000] {logging_mixin.py:120} INFO - [2024-03-27T19:46:19.883+0000] {dag.py:3340} INFO - Setting next_dagrun for user_processing to 2024-03-27T00:00:00+00:00, run_after=2024-03-28T00:00:00+00:00
[2024-03-27T19:46:19.918+0000] {processor.py:176} INFO - Processing /opt/airflow/dags/first_dag.py took 6.097 seconds
[2024-03-27T19:46:58.105+0000] {processor.py:154} INFO - Started process (PID=99) to work on /opt/airflow/dags/first_dag.py
[2024-03-27T19:46:58.115+0000] {processor.py:756} INFO - Processing file /opt/airflow/dags/first_dag.py for tasks to queue
[2024-03-27T19:46:58.122+0000] {logging_mixin.py:120} INFO - [2024-03-27T19:46:58.122+0000] {dagbag.py:537} INFO - Filling up the DagBag from /opt/airflow/dags/first_dag.py
[2024-03-27T19:47:46.010+0000] {processor.py:154} INFO - Started process (PID=44) to work on /opt/airflow/dags/first_dag.py
[2024-03-27T19:47:46.011+0000] {processor.py:756} INFO - Processing file /opt/airflow/dags/first_dag.py for tasks to queue
[2024-03-27T19:47:46.012+0000] {logging_mixin.py:120} INFO - [2024-03-27T19:47:46.012+0000] {dagbag.py:537} INFO - Filling up the DagBag from /opt/airflow/dags/first_dag.py
[2024-03-27T19:47:46.360+0000] {processor.py:766} INFO - DAG(s) dict_keys(['user_processing']) retrieved from /opt/airflow/dags/first_dag.py
[2024-03-27T19:47:46.516+0000] {logging_mixin.py:120} INFO - [2024-03-27T19:47:46.516+0000] {dag.py:2585} INFO - Sync 1 DAGs
[2024-03-27T19:47:46.533+0000] {logging_mixin.py:120} INFO - [2024-03-27T19:47:46.533+0000] {dag.py:3340} INFO - Setting next_dagrun for user_processing to 2024-03-27T00:00:00+00:00, run_after=2024-03-28T00:00:00+00:00
[2024-03-27T19:47:46.548+0000] {processor.py:176} INFO - Processing /opt/airflow/dags/first_dag.py took 0.540 seconds
[2024-03-27T19:48:19.852+0000] {processor.py:154} INFO - Started process (PID=93) to work on /opt/airflow/dags/first_dag.py
[2024-03-27T19:48:19.854+0000] {processor.py:756} INFO - Processing file /opt/airflow/dags/first_dag.py for tasks to queue
[2024-03-27T19:48:19.854+0000] {logging_mixin.py:120} INFO - [2024-03-27T19:48:19.854+0000] {dagbag.py:537} INFO - Filling up the DagBag from /opt/airflow/dags/first_dag.py
[2024-03-27T19:48:54.051+0000] {processor.py:154} INFO - Started process (PID=153) to work on /opt/airflow/dags/first_dag.py
[2024-03-27T19:49:25.564+0000] {processor.py:154} INFO - Started process (PID=45) to work on /opt/airflow/dags/first_dag.py
[2024-03-27T19:49:25.565+0000] {processor.py:756} INFO - Processing file /opt/airflow/dags/first_dag.py for tasks to queue
[2024-03-27T19:49:25.566+0000] {logging_mixin.py:120} INFO - [2024-03-27T19:49:25.566+0000] {dagbag.py:537} INFO - Filling up the DagBag from /opt/airflow/dags/first_dag.py
[2024-03-27T19:49:25.927+0000] {processor.py:766} INFO - DAG(s) dict_keys(['user_processing']) retrieved from /opt/airflow/dags/first_dag.py
[2024-03-27T19:49:26.156+0000] {logging_mixin.py:120} INFO - [2024-03-27T19:49:26.156+0000] {dag.py:2585} INFO - Sync 1 DAGs
[2024-03-27T19:49:26.180+0000] {logging_mixin.py:120} INFO - [2024-03-27T19:49:26.180+0000] {dag.py:3340} INFO - Setting next_dagrun for user_processing to 2024-03-27T00:00:00+00:00, run_after=2024-03-28T00:00:00+00:00
[2024-03-27T19:49:26.193+0000] {processor.py:176} INFO - Processing /opt/airflow/dags/first_dag.py took 0.631 seconds
[2024-03-27T19:49:59.118+0000] {processor.py:154} INFO - Started process (PID=103) to work on /opt/airflow/dags/first_dag.py
[2024-03-27T19:49:59.122+0000] {processor.py:756} INFO - Processing file /opt/airflow/dags/first_dag.py for tasks to queue
[2024-03-27T19:49:59.124+0000] {logging_mixin.py:120} INFO - [2024-03-27T19:49:59.124+0000] {dagbag.py:537} INFO - Filling up the DagBag from /opt/airflow/dags/first_dag.py
[2024-03-27T19:50:00.365+0000] {processor.py:766} INFO - DAG(s) dict_keys(['user_processing']) retrieved from /opt/airflow/dags/first_dag.py
[2024-03-27T19:50:00.893+0000] {logging_mixin.py:120} INFO - [2024-03-27T19:50:00.892+0000] {dag.py:2585} INFO - Sync 1 DAGs
[2024-03-27T19:50:00.918+0000] {logging_mixin.py:120} INFO - [2024-03-27T19:50:00.917+0000] {dag.py:3340} INFO - Setting next_dagrun for user_processing to 2024-03-27T00:00:00+00:00, run_after=2024-03-28T00:00:00+00:00
[2024-03-27T19:50:00.931+0000] {processor.py:176} INFO - Processing /opt/airflow/dags/first_dag.py took 1.828 seconds
[2024-03-27T19:54:18.027+0000] {processor.py:154} INFO - Started process (PID=37) to work on /opt/airflow/dags/first_dag.py
[2024-03-27T19:54:18.029+0000] {processor.py:756} INFO - Processing file /opt/airflow/dags/first_dag.py for tasks to queue
[2024-03-27T19:54:18.030+0000] {logging_mixin.py:120} INFO - [2024-03-27T19:54:18.030+0000] {dagbag.py:537} INFO - Filling up the DagBag from /opt/airflow/dags/first_dag.py
[2024-03-27T19:54:18.656+0000] {processor.py:766} INFO - DAG(s) dict_keys(['user_processing']) retrieved from /opt/airflow/dags/first_dag.py
[2024-03-27T19:54:18.821+0000] {logging_mixin.py:120} INFO - [2024-03-27T19:54:18.820+0000] {dag.py:2585} INFO - Sync 1 DAGs
[2024-03-27T19:54:18.856+0000] {logging_mixin.py:120} INFO - [2024-03-27T19:54:18.856+0000] {dag.py:3340} INFO - Setting next_dagrun for user_processing to 2024-03-27T00:00:00+00:00, run_after=2024-03-28T00:00:00+00:00
[2024-03-27T19:54:18.875+0000] {processor.py:176} INFO - Processing /opt/airflow/dags/first_dag.py took 0.850 seconds
