[2024-03-27T19:09:23.073+0000] {processor.py:154} INFO - Started process (PID=35) to work on /opt/airflow/dags/parallels.py
[2024-03-27T19:09:23.073+0000] {processor.py:756} INFO - Processing file /opt/airflow/dags/parallels.py for tasks to queue
[2024-03-27T19:09:23.074+0000] {logging_mixin.py:120} INFO - [2024-03-27T19:09:23.074+0000] {dagbag.py:537} INFO - Filling up the DagBag from /opt/airflow/dags/parallels.py
[2024-03-27T19:09:23.091+0000] {processor.py:766} INFO - DAG(s) dict_keys(['parallel_dag']) retrieved from /opt/airflow/dags/parallels.py
[2024-03-27T19:09:23.253+0000] {logging_mixin.py:120} INFO - [2024-03-27T19:09:23.253+0000] {manager.py:507} INFO - Created Permission View: can edit on DAG:parallel_dag
[2024-03-27T19:09:23.259+0000] {logging_mixin.py:120} INFO - [2024-03-27T19:09:23.259+0000] {manager.py:507} INFO - Created Permission View: can delete on DAG:parallel_dag
[2024-03-27T19:09:23.263+0000] {logging_mixin.py:120} INFO - [2024-03-27T19:09:23.263+0000] {manager.py:507} INFO - Created Permission View: can read on DAG:parallel_dag
[2024-03-27T19:09:23.263+0000] {logging_mixin.py:120} INFO - [2024-03-27T19:09:23.263+0000] {dag.py:2585} INFO - Sync 1 DAGs
[2024-03-27T19:09:23.278+0000] {logging_mixin.py:120} INFO - [2024-03-27T19:09:23.277+0000] {dag.py:2606} INFO - Creating ORM DAG for parallel_dag
[2024-03-27T19:09:23.293+0000] {logging_mixin.py:120} INFO - [2024-03-27T19:09:23.293+0000] {dag.py:3340} INFO - Setting next_dagrun for parallel_dag to 2024-03-26T00:00:00+00:00, run_after=2024-03-27T00:00:00+00:00
[2024-03-27T19:09:23.316+0000] {processor.py:176} INFO - Processing /opt/airflow/dags/parallels.py took 0.245 seconds
[2024-03-27T19:09:54.231+0000] {processor.py:154} INFO - Started process (PID=92) to work on /opt/airflow/dags/parallels.py
[2024-03-27T19:09:54.235+0000] {processor.py:756} INFO - Processing file /opt/airflow/dags/parallels.py for tasks to queue
[2024-03-27T19:09:54.238+0000] {logging_mixin.py:120} INFO - [2024-03-27T19:09:54.238+0000] {dagbag.py:537} INFO - Filling up the DagBag from /opt/airflow/dags/parallels.py
[2024-03-27T19:09:54.505+0000] {processor.py:766} INFO - DAG(s) dict_keys(['parallel_dag']) retrieved from /opt/airflow/dags/parallels.py
[2024-03-27T19:09:54.799+0000] {logging_mixin.py:120} INFO - [2024-03-27T19:09:54.799+0000] {dag.py:2585} INFO - Sync 1 DAGs
[2024-03-27T19:09:54.916+0000] {logging_mixin.py:120} INFO - [2024-03-27T19:09:54.911+0000] {dag.py:3340} INFO - Setting next_dagrun for parallel_dag to 2024-03-26T00:00:00+00:00, run_after=2024-03-27T00:00:00+00:00
[2024-03-27T19:09:55.031+0000] {processor.py:176} INFO - Processing /opt/airflow/dags/parallels.py took 0.811 seconds
[2024-03-27T19:10:25.366+0000] {processor.py:154} INFO - Started process (PID=153) to work on /opt/airflow/dags/parallels.py
[2024-03-27T19:10:25.368+0000] {processor.py:756} INFO - Processing file /opt/airflow/dags/parallels.py for tasks to queue
[2024-03-27T19:10:25.369+0000] {logging_mixin.py:120} INFO - [2024-03-27T19:10:25.368+0000] {dagbag.py:537} INFO - Filling up the DagBag from /opt/airflow/dags/parallels.py
[2024-03-27T19:10:25.429+0000] {processor.py:766} INFO - DAG(s) dict_keys(['parallel_dag']) retrieved from /opt/airflow/dags/parallels.py
[2024-03-27T19:10:25.494+0000] {logging_mixin.py:120} INFO - [2024-03-27T19:10:25.494+0000] {dag.py:2585} INFO - Sync 1 DAGs
[2024-03-27T19:10:25.553+0000] {logging_mixin.py:120} INFO - [2024-03-27T19:10:25.552+0000] {dag.py:3340} INFO - Setting next_dagrun for parallel_dag to 2024-03-26T00:00:00+00:00, run_after=2024-03-27T00:00:00+00:00
[2024-03-27T19:10:25.604+0000] {processor.py:176} INFO - Processing /opt/airflow/dags/parallels.py took 0.243 seconds
[2024-03-27T19:10:38.596+0000] {processor.py:154} INFO - Started process (PID=35) to work on /opt/airflow/dags/parallels.py
[2024-03-27T19:10:38.597+0000] {processor.py:756} INFO - Processing file /opt/airflow/dags/parallels.py for tasks to queue
[2024-03-27T19:10:38.597+0000] {logging_mixin.py:120} INFO - [2024-03-27T19:10:38.597+0000] {dagbag.py:537} INFO - Filling up the DagBag from /opt/airflow/dags/parallels.py
[2024-03-27T19:10:38.618+0000] {processor.py:766} INFO - DAG(s) dict_keys(['parallel_dag']) retrieved from /opt/airflow/dags/parallels.py
[2024-03-27T19:10:38.645+0000] {logging_mixin.py:120} INFO - [2024-03-27T19:10:38.645+0000] {dag.py:2585} INFO - Sync 1 DAGs
[2024-03-27T19:10:38.668+0000] {logging_mixin.py:120} INFO - [2024-03-27T19:10:38.668+0000] {dag.py:3340} INFO - Setting next_dagrun for parallel_dag to 2024-03-26T00:00:00+00:00, run_after=2024-03-27T00:00:00+00:00
[2024-03-27T19:10:38.684+0000] {processor.py:176} INFO - Processing /opt/airflow/dags/parallels.py took 0.089 seconds
[2024-03-27T19:11:12.003+0000] {processor.py:154} INFO - Started process (PID=85) to work on /opt/airflow/dags/parallels.py
[2024-03-27T19:11:12.004+0000] {processor.py:756} INFO - Processing file /opt/airflow/dags/parallels.py for tasks to queue
[2024-03-27T19:11:12.005+0000] {logging_mixin.py:120} INFO - [2024-03-27T19:11:12.005+0000] {dagbag.py:537} INFO - Filling up the DagBag from /opt/airflow/dags/parallels.py
[2024-03-27T19:11:12.028+0000] {processor.py:766} INFO - DAG(s) dict_keys(['parallel_dag']) retrieved from /opt/airflow/dags/parallels.py
[2024-03-27T19:11:12.062+0000] {logging_mixin.py:120} INFO - [2024-03-27T19:11:12.062+0000] {dag.py:2585} INFO - Sync 1 DAGs
[2024-03-27T19:11:12.096+0000] {logging_mixin.py:120} INFO - [2024-03-27T19:11:12.096+0000] {dag.py:3340} INFO - Setting next_dagrun for parallel_dag to 2024-03-26T00:00:00+00:00, run_after=2024-03-27T00:00:00+00:00
[2024-03-27T19:11:12.112+0000] {processor.py:176} INFO - Processing /opt/airflow/dags/parallels.py took 0.111 seconds
[2024-03-27T19:11:43.573+0000] {processor.py:154} INFO - Started process (PID=142) to work on /opt/airflow/dags/parallels.py
[2024-03-27T19:11:43.577+0000] {processor.py:756} INFO - Processing file /opt/airflow/dags/parallels.py for tasks to queue
[2024-03-27T19:11:43.578+0000] {logging_mixin.py:120} INFO - [2024-03-27T19:11:43.578+0000] {dagbag.py:537} INFO - Filling up the DagBag from /opt/airflow/dags/parallels.py
[2024-03-27T19:11:43.624+0000] {processor.py:766} INFO - DAG(s) dict_keys(['parallel_dag']) retrieved from /opt/airflow/dags/parallels.py
[2024-03-27T19:11:43.919+0000] {logging_mixin.py:120} INFO - [2024-03-27T19:11:43.918+0000] {dag.py:2585} INFO - Sync 1 DAGs
[2024-03-27T19:11:43.988+0000] {logging_mixin.py:120} INFO - [2024-03-27T19:11:43.988+0000] {dag.py:3340} INFO - Setting next_dagrun for parallel_dag to 2024-03-26T00:00:00+00:00, run_after=2024-03-27T00:00:00+00:00
[2024-03-27T19:11:44.055+0000] {processor.py:176} INFO - Processing /opt/airflow/dags/parallels.py took 0.487 seconds
[2024-03-27T19:12:19.230+0000] {processor.py:154} INFO - Started process (PID=45) to work on /opt/airflow/dags/parallels.py
[2024-03-27T19:12:19.233+0000] {processor.py:756} INFO - Processing file /opt/airflow/dags/parallels.py for tasks to queue
[2024-03-27T19:12:19.235+0000] {logging_mixin.py:120} INFO - [2024-03-27T19:12:19.234+0000] {dagbag.py:537} INFO - Filling up the DagBag from /opt/airflow/dags/parallels.py
[2024-03-27T19:12:19.314+0000] {processor.py:766} INFO - DAG(s) dict_keys(['parallel_dag']) retrieved from /opt/airflow/dags/parallels.py
[2024-03-27T19:12:19.443+0000] {logging_mixin.py:120} INFO - [2024-03-27T19:12:19.443+0000] {dag.py:2585} INFO - Sync 1 DAGs
[2024-03-27T19:12:19.473+0000] {logging_mixin.py:120} INFO - [2024-03-27T19:12:19.472+0000] {dag.py:3340} INFO - Setting next_dagrun for parallel_dag to 2024-03-26T00:00:00+00:00, run_after=2024-03-27T00:00:00+00:00
[2024-03-27T19:12:19.501+0000] {processor.py:176} INFO - Processing /opt/airflow/dags/parallels.py took 0.276 seconds
[2024-03-27T19:12:49.733+0000] {processor.py:154} INFO - Started process (PID=95) to work on /opt/airflow/dags/parallels.py
[2024-03-27T19:12:49.734+0000] {processor.py:756} INFO - Processing file /opt/airflow/dags/parallels.py for tasks to queue
[2024-03-27T19:12:49.735+0000] {logging_mixin.py:120} INFO - [2024-03-27T19:12:49.735+0000] {dagbag.py:537} INFO - Filling up the DagBag from /opt/airflow/dags/parallels.py
[2024-03-27T19:12:49.794+0000] {processor.py:766} INFO - DAG(s) dict_keys(['parallel_dag']) retrieved from /opt/airflow/dags/parallels.py
[2024-03-27T19:12:49.875+0000] {logging_mixin.py:120} INFO - [2024-03-27T19:12:49.875+0000] {dag.py:2585} INFO - Sync 1 DAGs
[2024-03-27T19:12:49.909+0000] {logging_mixin.py:120} INFO - [2024-03-27T19:12:49.909+0000] {dag.py:3340} INFO - Setting next_dagrun for parallel_dag to 2024-03-26T00:00:00+00:00, run_after=2024-03-27T00:00:00+00:00
[2024-03-27T19:12:49.929+0000] {processor.py:176} INFO - Processing /opt/airflow/dags/parallels.py took 0.201 seconds
[2024-03-27T19:13:25.181+0000] {processor.py:154} INFO - Started process (PID=155) to work on /opt/airflow/dags/parallels.py
[2024-03-27T19:13:25.185+0000] {processor.py:756} INFO - Processing file /opt/airflow/dags/parallels.py for tasks to queue
[2024-03-27T19:13:25.187+0000] {logging_mixin.py:120} INFO - [2024-03-27T19:13:25.185+0000] {dagbag.py:537} INFO - Filling up the DagBag from /opt/airflow/dags/parallels.py
[2024-03-27T19:13:25.417+0000] {processor.py:766} INFO - DAG(s) dict_keys(['parallel_dag']) retrieved from /opt/airflow/dags/parallels.py
[2024-03-27T19:13:26.491+0000] {logging_mixin.py:120} INFO - [2024-03-27T19:13:26.457+0000] {dag.py:2585} INFO - Sync 1 DAGs
[2024-03-27T19:13:27.684+0000] {logging_mixin.py:120} INFO - [2024-03-27T19:13:27.681+0000] {dag.py:3340} INFO - Setting next_dagrun for parallel_dag to 2024-03-26T00:00:00+00:00, run_after=2024-03-27T00:00:00+00:00
[2024-03-27T19:13:27.772+0000] {processor.py:176} INFO - Processing /opt/airflow/dags/parallels.py took 2.605 seconds
[2024-03-27T19:13:55.668+0000] {processor.py:154} INFO - Started process (PID=44) to work on /opt/airflow/dags/parallels.py
[2024-03-27T19:13:55.669+0000] {processor.py:756} INFO - Processing file /opt/airflow/dags/parallels.py for tasks to queue
[2024-03-27T19:13:55.670+0000] {logging_mixin.py:120} INFO - [2024-03-27T19:13:55.670+0000] {dagbag.py:537} INFO - Filling up the DagBag from /opt/airflow/dags/parallels.py
[2024-03-27T19:13:55.694+0000] {processor.py:766} INFO - DAG(s) dict_keys(['parallel_dag']) retrieved from /opt/airflow/dags/parallels.py
[2024-03-27T19:13:55.722+0000] {logging_mixin.py:120} INFO - [2024-03-27T19:13:55.722+0000] {dag.py:2585} INFO - Sync 1 DAGs
[2024-03-27T19:13:55.740+0000] {logging_mixin.py:120} INFO - [2024-03-27T19:13:55.740+0000] {dag.py:3340} INFO - Setting next_dagrun for parallel_dag to 2024-03-26T00:00:00+00:00, run_after=2024-03-27T00:00:00+00:00
[2024-03-27T19:13:55.754+0000] {processor.py:176} INFO - Processing /opt/airflow/dags/parallels.py took 0.087 seconds
[2024-03-27T19:14:26.344+0000] {processor.py:154} INFO - Started process (PID=94) to work on /opt/airflow/dags/parallels.py
[2024-03-27T19:14:26.345+0000] {processor.py:756} INFO - Processing file /opt/airflow/dags/parallels.py for tasks to queue
[2024-03-27T19:14:26.346+0000] {logging_mixin.py:120} INFO - [2024-03-27T19:14:26.346+0000] {dagbag.py:537} INFO - Filling up the DagBag from /opt/airflow/dags/parallels.py
[2024-03-27T19:14:26.379+0000] {processor.py:766} INFO - DAG(s) dict_keys(['parallel_dag']) retrieved from /opt/airflow/dags/parallels.py
[2024-03-27T19:14:26.427+0000] {logging_mixin.py:120} INFO - [2024-03-27T19:14:26.427+0000] {dag.py:2585} INFO - Sync 1 DAGs
[2024-03-27T19:14:26.458+0000] {logging_mixin.py:120} INFO - [2024-03-27T19:14:26.458+0000] {dag.py:3340} INFO - Setting next_dagrun for parallel_dag to 2024-03-26T00:00:00+00:00, run_after=2024-03-27T00:00:00+00:00
[2024-03-27T19:14:26.474+0000] {processor.py:176} INFO - Processing /opt/airflow/dags/parallels.py took 0.132 seconds
[2024-03-27T19:14:57.161+0000] {processor.py:154} INFO - Started process (PID=154) to work on /opt/airflow/dags/parallels.py
[2024-03-27T19:14:57.163+0000] {processor.py:756} INFO - Processing file /opt/airflow/dags/parallels.py for tasks to queue
[2024-03-27T19:14:57.163+0000] {logging_mixin.py:120} INFO - [2024-03-27T19:14:57.163+0000] {dagbag.py:537} INFO - Filling up the DagBag from /opt/airflow/dags/parallels.py
[2024-03-27T19:14:57.186+0000] {processor.py:766} INFO - DAG(s) dict_keys(['parallel_dag']) retrieved from /opt/airflow/dags/parallels.py
[2024-03-27T19:14:57.231+0000] {logging_mixin.py:120} INFO - [2024-03-27T19:14:57.231+0000] {dag.py:2585} INFO - Sync 1 DAGs
[2024-03-27T19:14:57.276+0000] {logging_mixin.py:120} INFO - [2024-03-27T19:14:57.276+0000] {dag.py:3340} INFO - Setting next_dagrun for parallel_dag to 2024-03-26T00:00:00+00:00, run_after=2024-03-27T00:00:00+00:00
[2024-03-27T19:14:57.302+0000] {processor.py:176} INFO - Processing /opt/airflow/dags/parallels.py took 0.145 seconds
[2024-03-27T19:15:20.190+0000] {processor.py:154} INFO - Started process (PID=44) to work on /opt/airflow/dags/parallels.py
[2024-03-27T19:15:20.191+0000] {processor.py:756} INFO - Processing file /opt/airflow/dags/parallels.py for tasks to queue
[2024-03-27T19:15:20.192+0000] {logging_mixin.py:120} INFO - [2024-03-27T19:15:20.192+0000] {dagbag.py:537} INFO - Filling up the DagBag from /opt/airflow/dags/parallels.py
[2024-03-27T19:15:20.215+0000] {processor.py:766} INFO - DAG(s) dict_keys(['parallel_dag']) retrieved from /opt/airflow/dags/parallels.py
[2024-03-27T19:15:20.250+0000] {logging_mixin.py:120} INFO - [2024-03-27T19:15:20.249+0000] {dag.py:2585} INFO - Sync 1 DAGs
[2024-03-27T19:15:20.265+0000] {logging_mixin.py:120} INFO - [2024-03-27T19:15:20.265+0000] {dag.py:3340} INFO - Setting next_dagrun for parallel_dag to 2024-03-26T00:00:00+00:00, run_after=2024-03-27T00:00:00+00:00
[2024-03-27T19:15:20.274+0000] {processor.py:176} INFO - Processing /opt/airflow/dags/parallels.py took 0.086 seconds
[2024-03-27T19:15:51.125+0000] {processor.py:154} INFO - Started process (PID=103) to work on /opt/airflow/dags/parallels.py
[2024-03-27T19:15:51.128+0000] {processor.py:756} INFO - Processing file /opt/airflow/dags/parallels.py for tasks to queue
[2024-03-27T19:15:51.133+0000] {logging_mixin.py:120} INFO - [2024-03-27T19:15:51.133+0000] {dagbag.py:537} INFO - Filling up the DagBag from /opt/airflow/dags/parallels.py
[2024-03-27T19:15:51.186+0000] {processor.py:766} INFO - DAG(s) dict_keys(['parallel_dag']) retrieved from /opt/airflow/dags/parallels.py
[2024-03-27T19:15:51.264+0000] {logging_mixin.py:120} INFO - [2024-03-27T19:15:51.264+0000] {dag.py:2585} INFO - Sync 1 DAGs
[2024-03-27T19:15:51.299+0000] {logging_mixin.py:120} INFO - [2024-03-27T19:15:51.299+0000] {dag.py:3340} INFO - Setting next_dagrun for parallel_dag to 2024-03-26T00:00:00+00:00, run_after=2024-03-27T00:00:00+00:00
[2024-03-27T19:15:51.352+0000] {processor.py:176} INFO - Processing /opt/airflow/dags/parallels.py took 0.240 seconds
[2024-03-27T19:16:21.462+0000] {processor.py:154} INFO - Started process (PID=161) to work on /opt/airflow/dags/parallels.py
[2024-03-27T19:16:21.466+0000] {processor.py:756} INFO - Processing file /opt/airflow/dags/parallels.py for tasks to queue
[2024-03-27T19:16:21.467+0000] {logging_mixin.py:120} INFO - [2024-03-27T19:16:21.467+0000] {dagbag.py:537} INFO - Filling up the DagBag from /opt/airflow/dags/parallels.py
[2024-03-27T19:16:21.586+0000] {processor.py:766} INFO - DAG(s) dict_keys(['parallel_dag']) retrieved from /opt/airflow/dags/parallels.py
[2024-03-27T19:16:21.707+0000] {logging_mixin.py:120} INFO - [2024-03-27T19:16:21.707+0000] {dag.py:2585} INFO - Sync 1 DAGs
[2024-03-27T19:16:21.757+0000] {logging_mixin.py:120} INFO - [2024-03-27T19:16:21.757+0000] {dag.py:3340} INFO - Setting next_dagrun for parallel_dag to 2024-03-26T00:00:00+00:00, run_after=2024-03-27T00:00:00+00:00
[2024-03-27T19:16:21.787+0000] {processor.py:176} INFO - Processing /opt/airflow/dags/parallels.py took 0.338 seconds
[2024-03-27T19:16:49.225+0000] {processor.py:154} INFO - Started process (PID=43) to work on /opt/airflow/dags/parallels.py
[2024-03-27T19:16:49.227+0000] {processor.py:756} INFO - Processing file /opt/airflow/dags/parallels.py for tasks to queue
[2024-03-27T19:16:49.229+0000] {logging_mixin.py:120} INFO - [2024-03-27T19:16:49.229+0000] {dagbag.py:537} INFO - Filling up the DagBag from /opt/airflow/dags/parallels.py
[2024-03-27T19:16:49.258+0000] {processor.py:766} INFO - DAG(s) dict_keys(['parallel_dag']) retrieved from /opt/airflow/dags/parallels.py
[2024-03-27T19:16:49.303+0000] {logging_mixin.py:120} INFO - [2024-03-27T19:16:49.303+0000] {dag.py:2585} INFO - Sync 1 DAGs
[2024-03-27T19:16:49.325+0000] {logging_mixin.py:120} INFO - [2024-03-27T19:16:49.325+0000] {dag.py:3340} INFO - Setting next_dagrun for parallel_dag to 2024-03-26T00:00:00+00:00, run_after=2024-03-27T00:00:00+00:00
[2024-03-27T19:16:49.337+0000] {processor.py:176} INFO - Processing /opt/airflow/dags/parallels.py took 0.116 seconds
[2024-03-27T19:17:22.985+0000] {processor.py:154} INFO - Started process (PID=101) to work on /opt/airflow/dags/parallels.py
[2024-03-27T19:17:22.986+0000] {processor.py:756} INFO - Processing file /opt/airflow/dags/parallels.py for tasks to queue
[2024-03-27T19:17:22.989+0000] {logging_mixin.py:120} INFO - [2024-03-27T19:17:22.987+0000] {dagbag.py:537} INFO - Filling up the DagBag from /opt/airflow/dags/parallels.py
[2024-03-27T19:17:23.102+0000] {processor.py:766} INFO - DAG(s) dict_keys(['parallel_dag']) retrieved from /opt/airflow/dags/parallels.py
[2024-03-27T19:17:23.245+0000] {logging_mixin.py:120} INFO - [2024-03-27T19:17:23.244+0000] {dag.py:2585} INFO - Sync 1 DAGs
[2024-03-27T19:17:23.308+0000] {logging_mixin.py:120} INFO - [2024-03-27T19:17:23.308+0000] {dag.py:3340} INFO - Setting next_dagrun for parallel_dag to 2024-03-26T00:00:00+00:00, run_after=2024-03-27T00:00:00+00:00
[2024-03-27T19:17:23.339+0000] {processor.py:176} INFO - Processing /opt/airflow/dags/parallels.py took 0.359 seconds
[2024-03-27T19:18:18.617+0000] {processor.py:154} INFO - Started process (PID=44) to work on /opt/airflow/dags/parallels.py
[2024-03-27T19:18:18.617+0000] {processor.py:756} INFO - Processing file /opt/airflow/dags/parallels.py for tasks to queue
[2024-03-27T19:18:18.619+0000] {logging_mixin.py:120} INFO - [2024-03-27T19:18:18.619+0000] {dagbag.py:537} INFO - Filling up the DagBag from /opt/airflow/dags/parallels.py
[2024-03-27T19:18:18.647+0000] {processor.py:766} INFO - DAG(s) dict_keys(['parallel_dag']) retrieved from /opt/airflow/dags/parallels.py
[2024-03-27T19:18:18.682+0000] {logging_mixin.py:120} INFO - [2024-03-27T19:18:18.682+0000] {dag.py:2585} INFO - Sync 1 DAGs
[2024-03-27T19:18:18.701+0000] {logging_mixin.py:120} INFO - [2024-03-27T19:18:18.701+0000] {dag.py:3340} INFO - Setting next_dagrun for parallel_dag to 2024-03-26T00:00:00+00:00, run_after=2024-03-27T00:00:00+00:00
[2024-03-27T19:18:18.714+0000] {processor.py:176} INFO - Processing /opt/airflow/dags/parallels.py took 0.101 seconds
[2024-03-27T19:18:49.140+0000] {processor.py:154} INFO - Started process (PID=102) to work on /opt/airflow/dags/parallels.py
[2024-03-27T19:18:49.140+0000] {processor.py:756} INFO - Processing file /opt/airflow/dags/parallels.py for tasks to queue
[2024-03-27T19:18:49.141+0000] {logging_mixin.py:120} INFO - [2024-03-27T19:18:49.141+0000] {dagbag.py:537} INFO - Filling up the DagBag from /opt/airflow/dags/parallels.py
[2024-03-27T19:18:49.161+0000] {processor.py:766} INFO - DAG(s) dict_keys(['parallel_dag']) retrieved from /opt/airflow/dags/parallels.py
[2024-03-27T19:18:49.195+0000] {logging_mixin.py:120} INFO - [2024-03-27T19:18:49.195+0000] {dag.py:2585} INFO - Sync 1 DAGs
[2024-03-27T19:18:49.219+0000] {logging_mixin.py:120} INFO - [2024-03-27T19:18:49.219+0000] {dag.py:3340} INFO - Setting next_dagrun for parallel_dag to 2024-03-26T00:00:00+00:00, run_after=2024-03-27T00:00:00+00:00
[2024-03-27T19:18:49.240+0000] {processor.py:176} INFO - Processing /opt/airflow/dags/parallels.py took 0.102 seconds
[2024-03-27T19:19:40.042+0000] {processor.py:154} INFO - Started process (PID=44) to work on /opt/airflow/dags/parallels.py
[2024-03-27T19:19:40.043+0000] {processor.py:756} INFO - Processing file /opt/airflow/dags/parallels.py for tasks to queue
[2024-03-27T19:19:40.044+0000] {logging_mixin.py:120} INFO - [2024-03-27T19:19:40.044+0000] {dagbag.py:537} INFO - Filling up the DagBag from /opt/airflow/dags/parallels.py
[2024-03-27T19:19:40.059+0000] {processor.py:766} INFO - DAG(s) dict_keys(['parallel_dag']) retrieved from /opt/airflow/dags/parallels.py
[2024-03-27T19:19:40.082+0000] {logging_mixin.py:120} INFO - [2024-03-27T19:19:40.082+0000] {dag.py:2585} INFO - Sync 1 DAGs
[2024-03-27T19:19:40.095+0000] {logging_mixin.py:120} INFO - [2024-03-27T19:19:40.095+0000] {dag.py:3340} INFO - Setting next_dagrun for parallel_dag to 2024-03-26T00:00:00+00:00, run_after=2024-03-27T00:00:00+00:00
[2024-03-27T19:19:40.106+0000] {processor.py:176} INFO - Processing /opt/airflow/dags/parallels.py took 0.065 seconds
[2024-03-27T19:20:19.338+0000] {processor.py:154} INFO - Started process (PID=103) to work on /opt/airflow/dags/parallels.py
[2024-03-27T19:20:19.340+0000] {processor.py:756} INFO - Processing file /opt/airflow/dags/parallels.py for tasks to queue
[2024-03-27T19:20:19.343+0000] {logging_mixin.py:120} INFO - [2024-03-27T19:20:19.343+0000] {dagbag.py:537} INFO - Filling up the DagBag from /opt/airflow/dags/parallels.py
[2024-03-27T19:20:19.425+0000] {processor.py:766} INFO - DAG(s) dict_keys(['parallel_dag']) retrieved from /opt/airflow/dags/parallels.py
[2024-03-27T19:20:19.615+0000] {logging_mixin.py:120} INFO - [2024-03-27T19:20:19.615+0000] {dag.py:2585} INFO - Sync 1 DAGs
[2024-03-27T19:20:19.694+0000] {logging_mixin.py:120} INFO - [2024-03-27T19:20:19.693+0000] {dag.py:3340} INFO - Setting next_dagrun for parallel_dag to 2024-03-26T00:00:00+00:00, run_after=2024-03-27T00:00:00+00:00
[2024-03-27T19:20:19.759+0000] {processor.py:176} INFO - Processing /opt/airflow/dags/parallels.py took 0.431 seconds
[2024-03-27T19:21:22.462+0000] {processor.py:154} INFO - Started process (PID=43) to work on /opt/airflow/dags/parallels.py
[2024-03-27T19:21:22.463+0000] {processor.py:756} INFO - Processing file /opt/airflow/dags/parallels.py for tasks to queue
[2024-03-27T19:21:22.464+0000] {logging_mixin.py:120} INFO - [2024-03-27T19:21:22.464+0000] {dagbag.py:537} INFO - Filling up the DagBag from /opt/airflow/dags/parallels.py
[2024-03-27T19:21:22.481+0000] {processor.py:766} INFO - DAG(s) dict_keys(['parallel_dag']) retrieved from /opt/airflow/dags/parallels.py
[2024-03-27T19:21:22.510+0000] {logging_mixin.py:120} INFO - [2024-03-27T19:21:22.510+0000] {dag.py:2585} INFO - Sync 1 DAGs
[2024-03-27T19:21:22.527+0000] {logging_mixin.py:120} INFO - [2024-03-27T19:21:22.527+0000] {dag.py:3340} INFO - Setting next_dagrun for parallel_dag to 2024-03-26T00:00:00+00:00, run_after=2024-03-27T00:00:00+00:00
[2024-03-27T19:21:22.539+0000] {processor.py:176} INFO - Processing /opt/airflow/dags/parallels.py took 0.078 seconds
[2024-03-27T19:21:53.183+0000] {processor.py:154} INFO - Started process (PID=93) to work on /opt/airflow/dags/parallels.py
[2024-03-27T19:21:53.184+0000] {processor.py:756} INFO - Processing file /opt/airflow/dags/parallels.py for tasks to queue
[2024-03-27T19:21:53.184+0000] {logging_mixin.py:120} INFO - [2024-03-27T19:21:53.184+0000] {dagbag.py:537} INFO - Filling up the DagBag from /opt/airflow/dags/parallels.py
[2024-03-27T19:21:53.201+0000] {processor.py:766} INFO - DAG(s) dict_keys(['parallel_dag']) retrieved from /opt/airflow/dags/parallels.py
[2024-03-27T19:21:53.226+0000] {logging_mixin.py:120} INFO - [2024-03-27T19:21:53.226+0000] {dag.py:2585} INFO - Sync 1 DAGs
[2024-03-27T19:21:53.241+0000] {logging_mixin.py:120} INFO - [2024-03-27T19:21:53.241+0000] {dag.py:3340} INFO - Setting next_dagrun for parallel_dag to 2024-03-26T00:00:00+00:00, run_after=2024-03-27T00:00:00+00:00
[2024-03-27T19:21:53.252+0000] {processor.py:176} INFO - Processing /opt/airflow/dags/parallels.py took 0.070 seconds
[2024-03-27T19:22:29.757+0000] {processor.py:154} INFO - Started process (PID=34) to work on /opt/airflow/dags/parallels.py
[2024-03-27T19:22:29.758+0000] {processor.py:756} INFO - Processing file /opt/airflow/dags/parallels.py for tasks to queue
[2024-03-27T19:22:29.758+0000] {logging_mixin.py:120} INFO - [2024-03-27T19:22:29.758+0000] {dagbag.py:537} INFO - Filling up the DagBag from /opt/airflow/dags/parallels.py
[2024-03-27T19:22:29.772+0000] {processor.py:766} INFO - DAG(s) dict_keys(['parallel_dag']) retrieved from /opt/airflow/dags/parallels.py
[2024-03-27T19:22:29.792+0000] {logging_mixin.py:120} INFO - [2024-03-27T19:22:29.792+0000] {dag.py:2585} INFO - Sync 1 DAGs
[2024-03-27T19:22:29.804+0000] {logging_mixin.py:120} INFO - [2024-03-27T19:22:29.804+0000] {dag.py:3340} INFO - Setting next_dagrun for parallel_dag to 2024-03-26T00:00:00+00:00, run_after=2024-03-27T00:00:00+00:00
[2024-03-27T19:22:29.813+0000] {processor.py:176} INFO - Processing /opt/airflow/dags/parallels.py took 0.057 seconds
[2024-03-27T19:23:00.509+0000] {processor.py:154} INFO - Started process (PID=102) to work on /opt/airflow/dags/parallels.py
[2024-03-27T19:23:00.510+0000] {processor.py:756} INFO - Processing file /opt/airflow/dags/parallels.py for tasks to queue
[2024-03-27T19:23:00.510+0000] {logging_mixin.py:120} INFO - [2024-03-27T19:23:00.510+0000] {dagbag.py:537} INFO - Filling up the DagBag from /opt/airflow/dags/parallels.py
[2024-03-27T19:23:00.526+0000] {processor.py:766} INFO - DAG(s) dict_keys(['parallel_dag']) retrieved from /opt/airflow/dags/parallels.py
[2024-03-27T19:23:00.552+0000] {logging_mixin.py:120} INFO - [2024-03-27T19:23:00.552+0000] {dag.py:2585} INFO - Sync 1 DAGs
[2024-03-27T19:23:00.567+0000] {logging_mixin.py:120} INFO - [2024-03-27T19:23:00.567+0000] {dag.py:3340} INFO - Setting next_dagrun for parallel_dag to 2024-03-26T00:00:00+00:00, run_after=2024-03-27T00:00:00+00:00
[2024-03-27T19:23:00.575+0000] {processor.py:176} INFO - Processing /opt/airflow/dags/parallels.py took 0.068 seconds
[2024-03-27T19:24:26.491+0000] {processor.py:154} INFO - Started process (PID=161) to work on /opt/airflow/dags/parallels.py
[2024-03-27T19:24:26.492+0000] {processor.py:756} INFO - Processing file /opt/airflow/dags/parallels.py for tasks to queue
[2024-03-27T19:24:26.492+0000] {logging_mixin.py:120} INFO - [2024-03-27T19:24:26.492+0000] {dagbag.py:537} INFO - Filling up the DagBag from /opt/airflow/dags/parallels.py
[2024-03-27T19:24:26.790+0000] {processor.py:766} INFO - DAG(s) dict_keys(['parallel_dag']) retrieved from /opt/airflow/dags/parallels.py
[2024-03-27T19:24:26.854+0000] {logging_mixin.py:120} INFO - [2024-03-27T19:24:26.854+0000] {dag.py:2585} INFO - Sync 1 DAGs
[2024-03-27T19:24:26.880+0000] {logging_mixin.py:120} INFO - [2024-03-27T19:24:26.880+0000] {dag.py:3340} INFO - Setting next_dagrun for parallel_dag to 2024-03-26T00:00:00+00:00, run_after=2024-03-27T00:00:00+00:00
[2024-03-27T19:24:26.894+0000] {processor.py:176} INFO - Processing /opt/airflow/dags/parallels.py took 0.406 seconds
[2024-03-27T19:24:53.132+0000] {processor.py:154} INFO - Started process (PID=34) to work on /opt/airflow/dags/parallels.py
[2024-03-27T19:24:53.135+0000] {processor.py:756} INFO - Processing file /opt/airflow/dags/parallels.py for tasks to queue
[2024-03-27T19:24:53.135+0000] {logging_mixin.py:120} INFO - [2024-03-27T19:24:53.135+0000] {dagbag.py:537} INFO - Filling up the DagBag from /opt/airflow/dags/parallels.py
[2024-03-27T19:24:53.149+0000] {processor.py:766} INFO - DAG(s) dict_keys(['parallel_dag']) retrieved from /opt/airflow/dags/parallels.py
[2024-03-27T19:24:53.173+0000] {logging_mixin.py:120} INFO - [2024-03-27T19:24:53.173+0000] {dag.py:2585} INFO - Sync 1 DAGs
[2024-03-27T19:24:53.189+0000] {logging_mixin.py:120} INFO - [2024-03-27T19:24:53.188+0000] {dag.py:3340} INFO - Setting next_dagrun for parallel_dag to 2024-03-26T00:00:00+00:00, run_after=2024-03-27T00:00:00+00:00
[2024-03-27T19:24:53.206+0000] {processor.py:176} INFO - Processing /opt/airflow/dags/parallels.py took 0.076 seconds
[2024-03-27T19:25:23.553+0000] {processor.py:154} INFO - Started process (PID=101) to work on /opt/airflow/dags/parallels.py
[2024-03-27T19:25:23.554+0000] {processor.py:756} INFO - Processing file /opt/airflow/dags/parallels.py for tasks to queue
[2024-03-27T19:25:23.555+0000] {logging_mixin.py:120} INFO - [2024-03-27T19:25:23.554+0000] {dagbag.py:537} INFO - Filling up the DagBag from /opt/airflow/dags/parallels.py
[2024-03-27T19:25:23.573+0000] {processor.py:766} INFO - DAG(s) dict_keys(['parallel_dag']) retrieved from /opt/airflow/dags/parallels.py
[2024-03-27T19:25:23.597+0000] {logging_mixin.py:120} INFO - [2024-03-27T19:25:23.597+0000] {dag.py:2585} INFO - Sync 1 DAGs
[2024-03-27T19:25:23.610+0000] {logging_mixin.py:120} INFO - [2024-03-27T19:25:23.610+0000] {dag.py:3340} INFO - Setting next_dagrun for parallel_dag to 2024-03-26T00:00:00+00:00, run_after=2024-03-27T00:00:00+00:00
[2024-03-27T19:25:23.619+0000] {processor.py:176} INFO - Processing /opt/airflow/dags/parallels.py took 0.068 seconds
[2024-03-27T19:25:53.682+0000] {processor.py:154} INFO - Started process (PID=170) to work on /opt/airflow/dags/parallels.py
[2024-03-27T19:25:53.683+0000] {processor.py:756} INFO - Processing file /opt/airflow/dags/parallels.py for tasks to queue
[2024-03-27T19:25:53.684+0000] {logging_mixin.py:120} INFO - [2024-03-27T19:25:53.684+0000] {dagbag.py:537} INFO - Filling up the DagBag from /opt/airflow/dags/parallels.py
[2024-03-27T19:25:53.701+0000] {processor.py:766} INFO - DAG(s) dict_keys(['parallel_dag']) retrieved from /opt/airflow/dags/parallels.py
[2024-03-27T19:25:53.736+0000] {logging_mixin.py:120} INFO - [2024-03-27T19:25:53.736+0000] {dag.py:2585} INFO - Sync 1 DAGs
[2024-03-27T19:25:53.759+0000] {logging_mixin.py:120} INFO - [2024-03-27T19:25:53.759+0000] {dag.py:3340} INFO - Setting next_dagrun for parallel_dag to 2024-03-26T00:00:00+00:00, run_after=2024-03-27T00:00:00+00:00
[2024-03-27T19:25:53.774+0000] {processor.py:176} INFO - Processing /opt/airflow/dags/parallels.py took 0.093 seconds
[2024-03-27T19:26:24.388+0000] {processor.py:154} INFO - Started process (PID=229) to work on /opt/airflow/dags/parallels.py
[2024-03-27T19:26:24.389+0000] {processor.py:756} INFO - Processing file /opt/airflow/dags/parallels.py for tasks to queue
[2024-03-27T19:26:24.389+0000] {logging_mixin.py:120} INFO - [2024-03-27T19:26:24.389+0000] {dagbag.py:537} INFO - Filling up the DagBag from /opt/airflow/dags/parallels.py
[2024-03-27T19:26:24.409+0000] {processor.py:766} INFO - DAG(s) dict_keys(['parallel_dag']) retrieved from /opt/airflow/dags/parallels.py
[2024-03-27T19:26:24.439+0000] {logging_mixin.py:120} INFO - [2024-03-27T19:26:24.439+0000] {dag.py:2585} INFO - Sync 1 DAGs
[2024-03-27T19:26:24.455+0000] {logging_mixin.py:120} INFO - [2024-03-27T19:26:24.455+0000] {dag.py:3340} INFO - Setting next_dagrun for parallel_dag to 2024-03-26T00:00:00+00:00, run_after=2024-03-27T00:00:00+00:00
[2024-03-27T19:26:24.464+0000] {processor.py:176} INFO - Processing /opt/airflow/dags/parallels.py took 0.078 seconds
[2024-03-27T19:26:56.220+0000] {processor.py:154} INFO - Started process (PID=35) to work on /opt/airflow/dags/parallels.py
[2024-03-27T19:26:56.220+0000] {processor.py:756} INFO - Processing file /opt/airflow/dags/parallels.py for tasks to queue
[2024-03-27T19:26:56.221+0000] {logging_mixin.py:120} INFO - [2024-03-27T19:26:56.221+0000] {dagbag.py:537} INFO - Filling up the DagBag from /opt/airflow/dags/parallels.py
[2024-03-27T19:26:56.234+0000] {processor.py:766} INFO - DAG(s) dict_keys(['parallel_dag']) retrieved from /opt/airflow/dags/parallels.py
[2024-03-27T19:26:56.255+0000] {logging_mixin.py:120} INFO - [2024-03-27T19:26:56.255+0000] {dag.py:2585} INFO - Sync 1 DAGs
[2024-03-27T19:26:56.267+0000] {logging_mixin.py:120} INFO - [2024-03-27T19:26:56.267+0000] {dag.py:3340} INFO - Setting next_dagrun for parallel_dag to 2024-03-26T00:00:00+00:00, run_after=2024-03-27T00:00:00+00:00
[2024-03-27T19:26:56.277+0000] {processor.py:176} INFO - Processing /opt/airflow/dags/parallels.py took 0.061 seconds
[2024-03-27T19:27:26.307+0000] {processor.py:154} INFO - Started process (PID=102) to work on /opt/airflow/dags/parallels.py
[2024-03-27T19:27:26.308+0000] {processor.py:756} INFO - Processing file /opt/airflow/dags/parallels.py for tasks to queue
[2024-03-27T19:27:26.308+0000] {logging_mixin.py:120} INFO - [2024-03-27T19:27:26.308+0000] {dagbag.py:537} INFO - Filling up the DagBag from /opt/airflow/dags/parallels.py
[2024-03-27T19:27:26.331+0000] {processor.py:766} INFO - DAG(s) dict_keys(['parallel_dag']) retrieved from /opt/airflow/dags/parallels.py
[2024-03-27T19:27:26.363+0000] {logging_mixin.py:120} INFO - [2024-03-27T19:27:26.362+0000] {dag.py:2585} INFO - Sync 1 DAGs
[2024-03-27T19:27:26.378+0000] {logging_mixin.py:120} INFO - [2024-03-27T19:27:26.378+0000] {dag.py:3340} INFO - Setting next_dagrun for parallel_dag to 2024-03-26T00:00:00+00:00, run_after=2024-03-27T00:00:00+00:00
[2024-03-27T19:27:26.387+0000] {processor.py:176} INFO - Processing /opt/airflow/dags/parallels.py took 0.084 seconds
[2024-03-27T19:27:56.534+0000] {processor.py:154} INFO - Started process (PID=189) to work on /opt/airflow/dags/parallels.py
[2024-03-27T19:27:56.535+0000] {processor.py:756} INFO - Processing file /opt/airflow/dags/parallels.py for tasks to queue
[2024-03-27T19:27:56.536+0000] {logging_mixin.py:120} INFO - [2024-03-27T19:27:56.536+0000] {dagbag.py:537} INFO - Filling up the DagBag from /opt/airflow/dags/parallels.py
[2024-03-27T19:27:56.547+0000] {processor.py:766} INFO - DAG(s) dict_keys(['parallel_dag']) retrieved from /opt/airflow/dags/parallels.py
[2024-03-27T19:27:56.571+0000] {logging_mixin.py:120} INFO - [2024-03-27T19:27:56.571+0000] {dag.py:2585} INFO - Sync 1 DAGs
[2024-03-27T19:27:56.587+0000] {logging_mixin.py:120} INFO - [2024-03-27T19:27:56.587+0000] {dag.py:3340} INFO - Setting next_dagrun for parallel_dag to 2024-03-26T00:00:00+00:00, run_after=2024-03-27T00:00:00+00:00
[2024-03-27T19:27:56.598+0000] {processor.py:176} INFO - Processing /opt/airflow/dags/parallels.py took 0.066 seconds
[2024-03-27T19:28:33.476+0000] {processor.py:154} INFO - Started process (PID=260) to work on /opt/airflow/dags/parallels.py
[2024-03-27T19:28:33.486+0000] {processor.py:756} INFO - Processing file /opt/airflow/dags/parallels.py for tasks to queue
[2024-03-27T19:28:33.487+0000] {logging_mixin.py:120} INFO - [2024-03-27T19:28:33.487+0000] {dagbag.py:537} INFO - Filling up the DagBag from /opt/airflow/dags/parallels.py
[2024-03-27T19:28:33.522+0000] {processor.py:766} INFO - DAG(s) dict_keys(['parallel_dag']) retrieved from /opt/airflow/dags/parallels.py
[2024-03-27T19:28:33.593+0000] {logging_mixin.py:120} INFO - [2024-03-27T19:28:33.593+0000] {dag.py:2585} INFO - Sync 1 DAGs
[2024-03-27T19:28:33.641+0000] {logging_mixin.py:120} INFO - [2024-03-27T19:28:33.640+0000] {dag.py:3340} INFO - Setting next_dagrun for parallel_dag to 2024-03-27T00:00:00+00:00, run_after=2024-03-28T00:00:00+00:00
[2024-03-27T19:28:33.667+0000] {processor.py:176} INFO - Processing /opt/airflow/dags/parallels.py took 0.203 seconds
[2024-03-27T19:29:06.814+0000] {processor.py:154} INFO - Started process (PID=309) to work on /opt/airflow/dags/parallels.py
[2024-03-27T19:29:06.815+0000] {processor.py:756} INFO - Processing file /opt/airflow/dags/parallels.py for tasks to queue
[2024-03-27T19:29:06.816+0000] {logging_mixin.py:120} INFO - [2024-03-27T19:29:06.816+0000] {dagbag.py:537} INFO - Filling up the DagBag from /opt/airflow/dags/parallels.py
[2024-03-27T19:29:06.832+0000] {processor.py:766} INFO - DAG(s) dict_keys(['parallel_dag']) retrieved from /opt/airflow/dags/parallels.py
[2024-03-27T19:29:06.886+0000] {logging_mixin.py:120} INFO - [2024-03-27T19:29:06.886+0000] {dag.py:2585} INFO - Sync 1 DAGs
[2024-03-27T19:29:06.910+0000] {logging_mixin.py:120} INFO - [2024-03-27T19:29:06.910+0000] {dag.py:3340} INFO - Setting next_dagrun for parallel_dag to 2024-03-27T00:00:00+00:00, run_after=2024-03-28T00:00:00+00:00
[2024-03-27T19:29:06.941+0000] {processor.py:176} INFO - Processing /opt/airflow/dags/parallels.py took 0.130 seconds
[2024-03-27T19:29:37.375+0000] {processor.py:154} INFO - Started process (PID=364) to work on /opt/airflow/dags/parallels.py
[2024-03-27T19:29:37.376+0000] {processor.py:756} INFO - Processing file /opt/airflow/dags/parallels.py for tasks to queue
[2024-03-27T19:29:37.376+0000] {logging_mixin.py:120} INFO - [2024-03-27T19:29:37.376+0000] {dagbag.py:537} INFO - Filling up the DagBag from /opt/airflow/dags/parallels.py
[2024-03-27T19:29:37.399+0000] {processor.py:766} INFO - DAG(s) dict_keys(['parallel_dag']) retrieved from /opt/airflow/dags/parallels.py
[2024-03-27T19:29:37.446+0000] {logging_mixin.py:120} INFO - [2024-03-27T19:29:37.446+0000] {dag.py:2585} INFO - Sync 1 DAGs
[2024-03-27T19:29:37.462+0000] {logging_mixin.py:120} INFO - [2024-03-27T19:29:37.462+0000] {dag.py:3340} INFO - Setting next_dagrun for parallel_dag to 2024-03-27T00:00:00+00:00, run_after=2024-03-28T00:00:00+00:00
[2024-03-27T19:29:37.473+0000] {processor.py:176} INFO - Processing /opt/airflow/dags/parallels.py took 0.100 seconds
[2024-03-27T19:30:09.593+0000] {processor.py:154} INFO - Started process (PID=403) to work on /opt/airflow/dags/parallels.py
[2024-03-27T19:30:09.594+0000] {processor.py:756} INFO - Processing file /opt/airflow/dags/parallels.py for tasks to queue
[2024-03-27T19:30:09.595+0000] {logging_mixin.py:120} INFO - [2024-03-27T19:30:09.595+0000] {dagbag.py:537} INFO - Filling up the DagBag from /opt/airflow/dags/parallels.py
[2024-03-27T19:30:09.610+0000] {processor.py:766} INFO - DAG(s) dict_keys(['parallel_dag']) retrieved from /opt/airflow/dags/parallels.py
[2024-03-27T19:30:09.648+0000] {logging_mixin.py:120} INFO - [2024-03-27T19:30:09.647+0000] {dag.py:2585} INFO - Sync 1 DAGs
[2024-03-27T19:30:09.671+0000] {logging_mixin.py:120} INFO - [2024-03-27T19:30:09.671+0000] {dag.py:3340} INFO - Setting next_dagrun for parallel_dag to 2024-03-27T00:00:00+00:00, run_after=2024-03-28T00:00:00+00:00
[2024-03-27T19:30:09.685+0000] {processor.py:176} INFO - Processing /opt/airflow/dags/parallels.py took 0.096 seconds
[2024-03-27T19:30:49.658+0000] {processor.py:154} INFO - Started process (PID=447) to work on /opt/airflow/dags/parallels.py
[2024-03-27T19:30:49.663+0000] {processor.py:756} INFO - Processing file /opt/airflow/dags/parallels.py for tasks to queue
[2024-03-27T19:30:49.665+0000] {logging_mixin.py:120} INFO - [2024-03-27T19:30:49.663+0000] {dagbag.py:537} INFO - Filling up the DagBag from /opt/airflow/dags/parallels.py
[2024-03-27T19:30:49.721+0000] {processor.py:766} INFO - DAG(s) dict_keys(['parallel_dag']) retrieved from /opt/airflow/dags/parallels.py
[2024-03-27T19:30:49.820+0000] {logging_mixin.py:120} INFO - [2024-03-27T19:30:49.820+0000] {dag.py:2585} INFO - Sync 1 DAGs
[2024-03-27T19:30:49.884+0000] {logging_mixin.py:120} INFO - [2024-03-27T19:30:49.883+0000] {dag.py:3340} INFO - Setting next_dagrun for parallel_dag to 2024-03-27T00:00:00+00:00, run_after=2024-03-28T00:00:00+00:00
[2024-03-27T19:30:49.934+0000] {processor.py:176} INFO - Processing /opt/airflow/dags/parallels.py took 0.279 seconds
[2024-03-27T19:31:21.938+0000] {processor.py:154} INFO - Started process (PID=497) to work on /opt/airflow/dags/parallels.py
[2024-03-27T19:31:21.941+0000] {processor.py:756} INFO - Processing file /opt/airflow/dags/parallels.py for tasks to queue
[2024-03-27T19:31:21.944+0000] {logging_mixin.py:120} INFO - [2024-03-27T19:31:21.943+0000] {dagbag.py:537} INFO - Filling up the DagBag from /opt/airflow/dags/parallels.py
[2024-03-27T19:31:21.974+0000] {processor.py:766} INFO - DAG(s) dict_keys(['parallel_dag']) retrieved from /opt/airflow/dags/parallels.py
[2024-03-27T19:31:22.023+0000] {logging_mixin.py:120} INFO - [2024-03-27T19:31:22.023+0000] {dag.py:2585} INFO - Sync 1 DAGs
[2024-03-27T19:31:22.073+0000] {logging_mixin.py:120} INFO - [2024-03-27T19:31:22.073+0000] {dag.py:3340} INFO - Setting next_dagrun for parallel_dag to 2024-03-27T00:00:00+00:00, run_after=2024-03-28T00:00:00+00:00
[2024-03-27T19:31:22.140+0000] {processor.py:176} INFO - Processing /opt/airflow/dags/parallels.py took 0.210 seconds
[2024-03-27T19:31:52.604+0000] {processor.py:154} INFO - Started process (PID=542) to work on /opt/airflow/dags/parallels.py
[2024-03-27T19:31:52.605+0000] {processor.py:756} INFO - Processing file /opt/airflow/dags/parallels.py for tasks to queue
[2024-03-27T19:31:52.606+0000] {logging_mixin.py:120} INFO - [2024-03-27T19:31:52.606+0000] {dagbag.py:537} INFO - Filling up the DagBag from /opt/airflow/dags/parallels.py
[2024-03-27T19:31:52.679+0000] {processor.py:766} INFO - DAG(s) dict_keys(['parallel_dag']) retrieved from /opt/airflow/dags/parallels.py
[2024-03-27T19:31:52.949+0000] {logging_mixin.py:120} INFO - [2024-03-27T19:31:52.946+0000] {dag.py:2585} INFO - Sync 1 DAGs
[2024-03-27T19:31:53.078+0000] {logging_mixin.py:120} INFO - [2024-03-27T19:31:53.078+0000] {dag.py:3340} INFO - Setting next_dagrun for parallel_dag to 2024-03-27T00:00:00+00:00, run_after=2024-03-28T00:00:00+00:00
[2024-03-27T19:31:53.103+0000] {processor.py:176} INFO - Processing /opt/airflow/dags/parallels.py took 0.519 seconds
[2024-03-27T19:32:23.719+0000] {processor.py:154} INFO - Started process (PID=596) to work on /opt/airflow/dags/parallels.py
[2024-03-27T19:32:23.720+0000] {processor.py:756} INFO - Processing file /opt/airflow/dags/parallels.py for tasks to queue
[2024-03-27T19:32:23.720+0000] {logging_mixin.py:120} INFO - [2024-03-27T19:32:23.720+0000] {dagbag.py:537} INFO - Filling up the DagBag from /opt/airflow/dags/parallels.py
[2024-03-27T19:32:23.745+0000] {processor.py:766} INFO - DAG(s) dict_keys(['parallel_dag']) retrieved from /opt/airflow/dags/parallels.py
[2024-03-27T19:32:25.209+0000] {logging_mixin.py:120} INFO - [2024-03-27T19:32:25.184+0000] {dag.py:2585} INFO - Sync 1 DAGs
[2024-03-27T19:32:45.050+0000] {logging_mixin.py:120} INFO - [2024-03-27T19:32:45.049+0000] {dag.py:3340} INFO - Setting next_dagrun for parallel_dag to 2024-03-27T00:00:00+00:00, run_after=2024-03-28T00:00:00+00:00
[2024-03-27T19:32:45.160+0000] {processor.py:176} INFO - Processing /opt/airflow/dags/parallels.py took 22.144 seconds
[2024-03-27T19:33:18.404+0000] {processor.py:154} INFO - Started process (PID=660) to work on /opt/airflow/dags/parallels.py
[2024-03-27T19:33:18.407+0000] {processor.py:756} INFO - Processing file /opt/airflow/dags/parallels.py for tasks to queue
[2024-03-27T19:33:18.412+0000] {logging_mixin.py:120} INFO - [2024-03-27T19:33:18.412+0000] {dagbag.py:537} INFO - Filling up the DagBag from /opt/airflow/dags/parallels.py
[2024-03-27T19:33:18.519+0000] {processor.py:766} INFO - DAG(s) dict_keys(['parallel_dag']) retrieved from /opt/airflow/dags/parallels.py
[2024-03-27T19:33:18.793+0000] {logging_mixin.py:120} INFO - [2024-03-27T19:33:18.785+0000] {dag.py:2585} INFO - Sync 1 DAGs
[2024-03-27T19:33:19.035+0000] {logging_mixin.py:120} INFO - [2024-03-27T19:33:19.033+0000] {dag.py:3340} INFO - Setting next_dagrun for parallel_dag to 2024-03-27T00:00:00+00:00, run_after=2024-03-28T00:00:00+00:00
[2024-03-27T19:33:19.134+0000] {processor.py:176} INFO - Processing /opt/airflow/dags/parallels.py took 0.739 seconds
[2024-03-27T19:33:49.624+0000] {processor.py:154} INFO - Started process (PID=720) to work on /opt/airflow/dags/parallels.py
[2024-03-27T19:33:49.626+0000] {processor.py:756} INFO - Processing file /opt/airflow/dags/parallels.py for tasks to queue
[2024-03-27T19:33:49.627+0000] {logging_mixin.py:120} INFO - [2024-03-27T19:33:49.627+0000] {dagbag.py:537} INFO - Filling up the DagBag from /opt/airflow/dags/parallels.py
[2024-03-27T19:33:49.641+0000] {processor.py:766} INFO - DAG(s) dict_keys(['parallel_dag']) retrieved from /opt/airflow/dags/parallels.py
[2024-03-27T19:33:49.665+0000] {logging_mixin.py:120} INFO - [2024-03-27T19:33:49.665+0000] {dag.py:2585} INFO - Sync 1 DAGs
[2024-03-27T19:33:49.681+0000] {logging_mixin.py:120} INFO - [2024-03-27T19:33:49.681+0000] {dag.py:3340} INFO - Setting next_dagrun for parallel_dag to 2024-03-27T00:00:00+00:00, run_after=2024-03-28T00:00:00+00:00
[2024-03-27T19:33:49.694+0000] {processor.py:176} INFO - Processing /opt/airflow/dags/parallels.py took 0.072 seconds
[2024-03-27T19:34:19.801+0000] {processor.py:154} INFO - Started process (PID=772) to work on /opt/airflow/dags/parallels.py
[2024-03-27T19:34:19.802+0000] {processor.py:756} INFO - Processing file /opt/airflow/dags/parallels.py for tasks to queue
[2024-03-27T19:34:19.803+0000] {logging_mixin.py:120} INFO - [2024-03-27T19:34:19.803+0000] {dagbag.py:537} INFO - Filling up the DagBag from /opt/airflow/dags/parallels.py
[2024-03-27T19:34:19.874+0000] {processor.py:766} INFO - DAG(s) dict_keys(['parallel_dag']) retrieved from /opt/airflow/dags/parallels.py
[2024-03-27T19:34:19.960+0000] {logging_mixin.py:120} INFO - [2024-03-27T19:34:19.959+0000] {dag.py:2585} INFO - Sync 1 DAGs
[2024-03-27T19:34:20.016+0000] {logging_mixin.py:120} INFO - [2024-03-27T19:34:20.015+0000] {dag.py:3340} INFO - Setting next_dagrun for parallel_dag to 2024-03-27T00:00:00+00:00, run_after=2024-03-28T00:00:00+00:00
[2024-03-27T19:34:27.303+0000] {processor.py:176} INFO - Processing /opt/airflow/dags/parallels.py took 7.509 seconds
[2024-03-27T19:35:03.394+0000] {processor.py:154} INFO - Started process (PID=832) to work on /opt/airflow/dags/parallels.py
[2024-03-27T19:35:03.409+0000] {processor.py:756} INFO - Processing file /opt/airflow/dags/parallels.py for tasks to queue
[2024-03-27T19:35:03.420+0000] {logging_mixin.py:120} INFO - [2024-03-27T19:35:03.420+0000] {dagbag.py:537} INFO - Filling up the DagBag from /opt/airflow/dags/parallels.py
[2024-03-27T19:35:03.737+0000] {processor.py:766} INFO - DAG(s) dict_keys(['parallel_dag']) retrieved from /opt/airflow/dags/parallels.py
[2024-03-27T19:35:03.882+0000] {logging_mixin.py:120} INFO - [2024-03-27T19:35:03.882+0000] {dag.py:2585} INFO - Sync 1 DAGs
[2024-03-27T19:35:03.945+0000] {logging_mixin.py:120} INFO - [2024-03-27T19:35:03.944+0000] {dag.py:3340} INFO - Setting next_dagrun for parallel_dag to 2024-03-27T00:00:00+00:00, run_after=2024-03-28T00:00:00+00:00
[2024-03-27T19:35:03.993+0000] {processor.py:176} INFO - Processing /opt/airflow/dags/parallels.py took 0.613 seconds
[2024-03-27T19:35:36.810+0000] {processor.py:154} INFO - Started process (PID=895) to work on /opt/airflow/dags/parallels.py
[2024-03-27T19:35:36.812+0000] {processor.py:756} INFO - Processing file /opt/airflow/dags/parallels.py for tasks to queue
[2024-03-27T19:35:36.814+0000] {logging_mixin.py:120} INFO - [2024-03-27T19:35:36.814+0000] {dagbag.py:537} INFO - Filling up the DagBag from /opt/airflow/dags/parallels.py
[2024-03-27T19:35:36.947+0000] {processor.py:766} INFO - DAG(s) dict_keys(['parallel_dag']) retrieved from /opt/airflow/dags/parallels.py
[2024-03-27T19:35:37.183+0000] {logging_mixin.py:120} INFO - [2024-03-27T19:35:37.183+0000] {dag.py:2585} INFO - Sync 1 DAGs
[2024-03-27T19:35:37.446+0000] {logging_mixin.py:120} INFO - [2024-03-27T19:35:37.442+0000] {dag.py:3340} INFO - Setting next_dagrun for parallel_dag to 2024-03-27T00:00:00+00:00, run_after=2024-03-28T00:00:00+00:00
[2024-03-27T19:35:37.530+0000] {processor.py:176} INFO - Processing /opt/airflow/dags/parallels.py took 0.726 seconds
[2024-03-27T19:36:11.209+0000] {processor.py:154} INFO - Started process (PID=915) to work on /opt/airflow/dags/parallels.py
[2024-03-27T19:36:11.214+0000] {processor.py:756} INFO - Processing file /opt/airflow/dags/parallels.py for tasks to queue
[2024-03-27T19:36:11.216+0000] {logging_mixin.py:120} INFO - [2024-03-27T19:36:11.215+0000] {dagbag.py:537} INFO - Filling up the DagBag from /opt/airflow/dags/parallels.py
[2024-03-27T19:36:11.317+0000] {processor.py:766} INFO - DAG(s) dict_keys(['parallel_dag']) retrieved from /opt/airflow/dags/parallels.py
[2024-03-27T19:36:12.441+0000] {logging_mixin.py:120} INFO - [2024-03-27T19:36:12.439+0000] {dag.py:2585} INFO - Sync 1 DAGs
[2024-03-27T19:36:12.507+0000] {logging_mixin.py:120} INFO - [2024-03-27T19:36:12.507+0000] {dag.py:3340} INFO - Setting next_dagrun for parallel_dag to 2024-03-27T00:00:00+00:00, run_after=2024-03-28T00:00:00+00:00
[2024-03-27T19:36:12.647+0000] {processor.py:176} INFO - Processing /opt/airflow/dags/parallels.py took 1.445 seconds
[2024-03-27T19:36:47.592+0000] {processor.py:154} INFO - Started process (PID=35) to work on /opt/airflow/dags/parallels.py
[2024-03-27T19:36:47.593+0000] {processor.py:756} INFO - Processing file /opt/airflow/dags/parallels.py for tasks to queue
[2024-03-27T19:36:47.594+0000] {logging_mixin.py:120} INFO - [2024-03-27T19:36:47.594+0000] {dagbag.py:537} INFO - Filling up the DagBag from /opt/airflow/dags/parallels.py
[2024-03-27T19:36:47.613+0000] {processor.py:766} INFO - DAG(s) dict_keys(['parallel_dag']) retrieved from /opt/airflow/dags/parallels.py
[2024-03-27T19:36:47.649+0000] {logging_mixin.py:120} INFO - [2024-03-27T19:36:47.649+0000] {dag.py:2585} INFO - Sync 1 DAGs
[2024-03-27T19:36:47.668+0000] {logging_mixin.py:120} INFO - [2024-03-27T19:36:47.668+0000] {dag.py:3340} INFO - Setting next_dagrun for parallel_dag to 2024-03-27T00:00:00+00:00, run_after=2024-03-28T00:00:00+00:00
[2024-03-27T19:36:47.685+0000] {processor.py:176} INFO - Processing /opt/airflow/dags/parallels.py took 0.096 seconds
[2024-03-27T19:37:18.624+0000] {processor.py:154} INFO - Started process (PID=84) to work on /opt/airflow/dags/parallels.py
[2024-03-27T19:37:18.628+0000] {processor.py:756} INFO - Processing file /opt/airflow/dags/parallels.py for tasks to queue
[2024-03-27T19:37:18.630+0000] {logging_mixin.py:120} INFO - [2024-03-27T19:37:18.630+0000] {dagbag.py:537} INFO - Filling up the DagBag from /opt/airflow/dags/parallels.py
[2024-03-27T19:37:18.693+0000] {processor.py:766} INFO - DAG(s) dict_keys(['parallel_dag']) retrieved from /opt/airflow/dags/parallels.py
[2024-03-27T19:37:18.787+0000] {logging_mixin.py:120} INFO - [2024-03-27T19:37:18.786+0000] {dag.py:2585} INFO - Sync 1 DAGs
[2024-03-27T19:37:18.840+0000] {logging_mixin.py:120} INFO - [2024-03-27T19:37:18.839+0000] {dag.py:3340} INFO - Setting next_dagrun for parallel_dag to 2024-03-27T00:00:00+00:00, run_after=2024-03-28T00:00:00+00:00
[2024-03-27T19:37:18.882+0000] {processor.py:176} INFO - Processing /opt/airflow/dags/parallels.py took 0.268 seconds
[2024-03-27T19:37:54.555+0000] {processor.py:154} INFO - Started process (PID=35) to work on /opt/airflow/dags/parallels.py
[2024-03-27T19:37:54.557+0000] {processor.py:756} INFO - Processing file /opt/airflow/dags/parallels.py for tasks to queue
[2024-03-27T19:37:54.558+0000] {logging_mixin.py:120} INFO - [2024-03-27T19:37:54.558+0000] {dagbag.py:537} INFO - Filling up the DagBag from /opt/airflow/dags/parallels.py
[2024-03-27T19:37:54.594+0000] {processor.py:766} INFO - DAG(s) dict_keys(['parallel_dag']) retrieved from /opt/airflow/dags/parallels.py
[2024-03-27T19:37:54.631+0000] {logging_mixin.py:120} INFO - [2024-03-27T19:37:54.630+0000] {dag.py:2585} INFO - Sync 1 DAGs
[2024-03-27T19:37:54.652+0000] {logging_mixin.py:120} INFO - [2024-03-27T19:37:54.652+0000] {dag.py:3340} INFO - Setting next_dagrun for parallel_dag to 2024-03-27T00:00:00+00:00, run_after=2024-03-28T00:00:00+00:00
[2024-03-27T19:37:54.665+0000] {processor.py:176} INFO - Processing /opt/airflow/dags/parallels.py took 0.112 seconds
[2024-03-27T19:38:29.887+0000] {processor.py:154} INFO - Started process (PID=84) to work on /opt/airflow/dags/parallels.py
[2024-03-27T19:38:29.892+0000] {processor.py:756} INFO - Processing file /opt/airflow/dags/parallels.py for tasks to queue
[2024-03-27T19:38:29.896+0000] {logging_mixin.py:120} INFO - [2024-03-27T19:38:29.896+0000] {dagbag.py:537} INFO - Filling up the DagBag from /opt/airflow/dags/parallels.py
[2024-03-27T19:38:29.919+0000] {processor.py:766} INFO - DAG(s) dict_keys(['parallel_dag']) retrieved from /opt/airflow/dags/parallels.py
[2024-03-27T19:38:29.960+0000] {logging_mixin.py:120} INFO - [2024-03-27T19:38:29.960+0000] {dag.py:2585} INFO - Sync 1 DAGs
[2024-03-27T19:38:29.997+0000] {logging_mixin.py:120} INFO - [2024-03-27T19:38:29.997+0000] {dag.py:3340} INFO - Setting next_dagrun for parallel_dag to 2024-03-27T00:00:00+00:00, run_after=2024-03-28T00:00:00+00:00
[2024-03-27T19:38:30.030+0000] {processor.py:176} INFO - Processing /opt/airflow/dags/parallels.py took 0.145 seconds
[2024-03-27T19:39:49.807+0000] {processor.py:154} INFO - Started process (PID=53) to work on /opt/airflow/dags/parallels.py
[2024-03-27T19:39:49.808+0000] {processor.py:756} INFO - Processing file /opt/airflow/dags/parallels.py for tasks to queue
[2024-03-27T19:39:49.809+0000] {logging_mixin.py:120} INFO - [2024-03-27T19:39:49.809+0000] {dagbag.py:537} INFO - Filling up the DagBag from /opt/airflow/dags/parallels.py
[2024-03-27T19:39:49.904+0000] {processor.py:766} INFO - DAG(s) dict_keys(['parallel_dag']) retrieved from /opt/airflow/dags/parallels.py
[2024-03-27T19:39:49.985+0000] {logging_mixin.py:120} INFO - [2024-03-27T19:39:49.985+0000] {dag.py:2585} INFO - Sync 1 DAGs
[2024-03-27T19:39:50.014+0000] {logging_mixin.py:120} INFO - [2024-03-27T19:39:50.013+0000] {dag.py:3340} INFO - Setting next_dagrun for parallel_dag to 2024-03-27T00:00:00+00:00, run_after=2024-03-28T00:00:00+00:00
[2024-03-27T19:39:50.030+0000] {processor.py:176} INFO - Processing /opt/airflow/dags/parallels.py took 0.230 seconds
[2024-03-27T19:40:24.314+0000] {processor.py:154} INFO - Started process (PID=111) to work on /opt/airflow/dags/parallels.py
[2024-03-27T19:40:24.320+0000] {processor.py:756} INFO - Processing file /opt/airflow/dags/parallels.py for tasks to queue
[2024-03-27T19:40:24.323+0000] {logging_mixin.py:120} INFO - [2024-03-27T19:40:24.323+0000] {dagbag.py:537} INFO - Filling up the DagBag from /opt/airflow/dags/parallels.py
[2024-03-27T19:40:24.792+0000] {processor.py:766} INFO - DAG(s) dict_keys(['parallel_dag']) retrieved from /opt/airflow/dags/parallels.py
[2024-03-27T19:40:26.870+0000] {logging_mixin.py:120} INFO - [2024-03-27T19:40:26.854+0000] {dag.py:2585} INFO - Sync 1 DAGs
[2024-03-27T19:40:27.440+0000] {logging_mixin.py:120} INFO - [2024-03-27T19:40:27.438+0000] {dag.py:3340} INFO - Setting next_dagrun for parallel_dag to 2024-03-27T00:00:00+00:00, run_after=2024-03-28T00:00:00+00:00
[2024-03-27T19:40:27.578+0000] {processor.py:176} INFO - Processing /opt/airflow/dags/parallels.py took 3.272 seconds
[2024-03-27T19:40:58.963+0000] {processor.py:154} INFO - Started process (PID=161) to work on /opt/airflow/dags/parallels.py
[2024-03-27T19:40:58.967+0000] {processor.py:756} INFO - Processing file /opt/airflow/dags/parallels.py for tasks to queue
[2024-03-27T19:40:58.968+0000] {logging_mixin.py:120} INFO - [2024-03-27T19:40:58.968+0000] {dagbag.py:537} INFO - Filling up the DagBag from /opt/airflow/dags/parallels.py
[2024-03-27T19:40:59.160+0000] {processor.py:766} INFO - DAG(s) dict_keys(['parallel_dag']) retrieved from /opt/airflow/dags/parallels.py
[2024-03-27T19:40:59.490+0000] {logging_mixin.py:120} INFO - [2024-03-27T19:40:59.490+0000] {dag.py:2585} INFO - Sync 1 DAGs
[2024-03-27T19:40:59.589+0000] {logging_mixin.py:120} INFO - [2024-03-27T19:40:59.588+0000] {dag.py:3340} INFO - Setting next_dagrun for parallel_dag to 2024-03-27T00:00:00+00:00, run_after=2024-03-28T00:00:00+00:00
[2024-03-27T19:40:59.670+0000] {processor.py:176} INFO - Processing /opt/airflow/dags/parallels.py took 0.712 seconds
[2024-03-27T19:41:38.443+0000] {processor.py:154} INFO - Started process (PID=43) to work on /opt/airflow/dags/parallels.py
[2024-03-27T19:41:38.443+0000] {processor.py:756} INFO - Processing file /opt/airflow/dags/parallels.py for tasks to queue
[2024-03-27T19:41:38.444+0000] {logging_mixin.py:120} INFO - [2024-03-27T19:41:38.444+0000] {dagbag.py:537} INFO - Filling up the DagBag from /opt/airflow/dags/parallels.py
[2024-03-27T19:41:38.461+0000] {processor.py:766} INFO - DAG(s) dict_keys(['parallel_dag']) retrieved from /opt/airflow/dags/parallels.py
[2024-03-27T19:41:38.486+0000] {logging_mixin.py:120} INFO - [2024-03-27T19:41:38.486+0000] {dag.py:2585} INFO - Sync 1 DAGs
[2024-03-27T19:41:38.503+0000] {logging_mixin.py:120} INFO - [2024-03-27T19:41:38.503+0000] {dag.py:3340} INFO - Setting next_dagrun for parallel_dag to 2024-03-27T00:00:00+00:00, run_after=2024-03-28T00:00:00+00:00
[2024-03-27T19:41:38.515+0000] {processor.py:176} INFO - Processing /opt/airflow/dags/parallels.py took 0.074 seconds
[2024-03-27T19:42:09.372+0000] {processor.py:154} INFO - Started process (PID=93) to work on /opt/airflow/dags/parallels.py
[2024-03-27T19:42:09.373+0000] {processor.py:756} INFO - Processing file /opt/airflow/dags/parallels.py for tasks to queue
[2024-03-27T19:42:09.374+0000] {logging_mixin.py:120} INFO - [2024-03-27T19:42:09.374+0000] {dagbag.py:537} INFO - Filling up the DagBag from /opt/airflow/dags/parallels.py
[2024-03-27T19:42:09.410+0000] {processor.py:766} INFO - DAG(s) dict_keys(['parallel_dag']) retrieved from /opt/airflow/dags/parallels.py
[2024-03-27T19:42:09.479+0000] {logging_mixin.py:120} INFO - [2024-03-27T19:42:09.479+0000] {dag.py:2585} INFO - Sync 1 DAGs
[2024-03-27T19:42:09.511+0000] {logging_mixin.py:120} INFO - [2024-03-27T19:42:09.511+0000] {dag.py:3340} INFO - Setting next_dagrun for parallel_dag to 2024-03-27T00:00:00+00:00, run_after=2024-03-28T00:00:00+00:00
[2024-03-27T19:42:09.540+0000] {processor.py:176} INFO - Processing /opt/airflow/dags/parallels.py took 0.181 seconds
[2024-03-27T19:42:45.563+0000] {processor.py:154} INFO - Started process (PID=150) to work on /opt/airflow/dags/parallels.py
[2024-03-27T19:42:45.564+0000] {processor.py:756} INFO - Processing file /opt/airflow/dags/parallels.py for tasks to queue
[2024-03-27T19:42:45.565+0000] {logging_mixin.py:120} INFO - [2024-03-27T19:42:45.564+0000] {dagbag.py:537} INFO - Filling up the DagBag from /opt/airflow/dags/parallels.py
[2024-03-27T19:42:45.696+0000] {processor.py:766} INFO - DAG(s) dict_keys(['parallel_dag']) retrieved from /opt/airflow/dags/parallels.py
[2024-03-27T19:42:45.898+0000] {logging_mixin.py:120} INFO - [2024-03-27T19:42:45.897+0000] {dag.py:2585} INFO - Sync 1 DAGs
[2024-03-27T19:42:45.981+0000] {logging_mixin.py:120} INFO - [2024-03-27T19:42:45.980+0000] {dag.py:3340} INFO - Setting next_dagrun for parallel_dag to 2024-03-27T00:00:00+00:00, run_after=2024-03-28T00:00:00+00:00
[2024-03-27T19:42:46.029+0000] {processor.py:176} INFO - Processing /opt/airflow/dags/parallels.py took 0.469 seconds
[2024-03-27T19:44:25.185+0000] {processor.py:154} INFO - Started process (PID=44) to work on /opt/airflow/dags/parallels.py
[2024-03-27T19:44:25.186+0000] {processor.py:756} INFO - Processing file /opt/airflow/dags/parallels.py for tasks to queue
[2024-03-27T19:44:25.188+0000] {logging_mixin.py:120} INFO - [2024-03-27T19:44:25.188+0000] {dagbag.py:537} INFO - Filling up the DagBag from /opt/airflow/dags/parallels.py
[2024-03-27T19:44:25.223+0000] {processor.py:766} INFO - DAG(s) dict_keys(['parallel_dag']) retrieved from /opt/airflow/dags/parallels.py
[2024-03-27T19:44:25.271+0000] {logging_mixin.py:120} INFO - [2024-03-27T19:44:25.271+0000] {dag.py:2585} INFO - Sync 1 DAGs
[2024-03-27T19:44:25.296+0000] {logging_mixin.py:120} INFO - [2024-03-27T19:44:25.296+0000] {dag.py:3340} INFO - Setting next_dagrun for parallel_dag to 2024-03-27T00:00:00+00:00, run_after=2024-03-28T00:00:00+00:00
[2024-03-27T19:44:25.312+0000] {processor.py:176} INFO - Processing /opt/airflow/dags/parallels.py took 0.133 seconds
[2024-03-27T19:45:18.070+0000] {processor.py:154} INFO - Started process (PID=101) to work on /opt/airflow/dags/parallels.py
[2024-03-27T19:45:18.075+0000] {processor.py:756} INFO - Processing file /opt/airflow/dags/parallels.py for tasks to queue
[2024-03-27T19:45:18.076+0000] {logging_mixin.py:120} INFO - [2024-03-27T19:45:18.076+0000] {dagbag.py:537} INFO - Filling up the DagBag from /opt/airflow/dags/parallels.py
[2024-03-27T19:45:18.184+0000] {processor.py:766} INFO - DAG(s) dict_keys(['parallel_dag']) retrieved from /opt/airflow/dags/parallels.py
[2024-03-27T19:45:18.313+0000] {logging_mixin.py:120} INFO - [2024-03-27T19:45:18.313+0000] {dag.py:2585} INFO - Sync 1 DAGs
[2024-03-27T19:45:18.370+0000] {logging_mixin.py:120} INFO - [2024-03-27T19:45:18.370+0000] {dag.py:3340} INFO - Setting next_dagrun for parallel_dag to 2024-03-27T00:00:00+00:00, run_after=2024-03-28T00:00:00+00:00
[2024-03-27T19:45:18.468+0000] {processor.py:176} INFO - Processing /opt/airflow/dags/parallels.py took 0.413 seconds
[2024-03-27T19:46:13.714+0000] {processor.py:154} INFO - Started process (PID=43) to work on /opt/airflow/dags/parallels.py
[2024-03-27T19:46:13.715+0000] {processor.py:756} INFO - Processing file /opt/airflow/dags/parallels.py for tasks to queue
[2024-03-27T19:46:13.715+0000] {logging_mixin.py:120} INFO - [2024-03-27T19:46:13.715+0000] {dagbag.py:537} INFO - Filling up the DagBag from /opt/airflow/dags/parallels.py
[2024-03-27T19:46:13.734+0000] {processor.py:766} INFO - DAG(s) dict_keys(['parallel_dag']) retrieved from /opt/airflow/dags/parallels.py
[2024-03-27T19:46:13.764+0000] {logging_mixin.py:120} INFO - [2024-03-27T19:46:13.764+0000] {dag.py:2585} INFO - Sync 1 DAGs
[2024-03-27T19:46:13.788+0000] {logging_mixin.py:120} INFO - [2024-03-27T19:46:13.788+0000] {dag.py:3340} INFO - Setting next_dagrun for parallel_dag to 2024-03-27T00:00:00+00:00, run_after=2024-03-28T00:00:00+00:00
[2024-03-27T19:46:13.803+0000] {processor.py:176} INFO - Processing /opt/airflow/dags/parallels.py took 0.091 seconds
[2024-03-27T19:46:44.155+0000] {processor.py:154} INFO - Started process (PID=97) to work on /opt/airflow/dags/parallels.py
[2024-03-27T19:46:44.156+0000] {processor.py:756} INFO - Processing file /opt/airflow/dags/parallels.py for tasks to queue
[2024-03-27T19:46:44.157+0000] {logging_mixin.py:120} INFO - [2024-03-27T19:46:44.157+0000] {dagbag.py:537} INFO - Filling up the DagBag from /opt/airflow/dags/parallels.py
[2024-03-27T19:46:44.178+0000] {processor.py:766} INFO - DAG(s) dict_keys(['parallel_dag']) retrieved from /opt/airflow/dags/parallels.py
[2024-03-27T19:46:44.210+0000] {logging_mixin.py:120} INFO - [2024-03-27T19:46:44.210+0000] {dag.py:2585} INFO - Sync 1 DAGs
[2024-03-27T19:46:44.228+0000] {logging_mixin.py:120} INFO - [2024-03-27T19:46:44.228+0000] {dag.py:3340} INFO - Setting next_dagrun for parallel_dag to 2024-03-27T00:00:00+00:00, run_after=2024-03-28T00:00:00+00:00
[2024-03-27T19:46:44.239+0000] {processor.py:176} INFO - Processing /opt/airflow/dags/parallels.py took 0.086 seconds
[2024-03-27T19:47:23.196+0000] {processor.py:154} INFO - Started process (PID=121) to work on /opt/airflow/dags/parallels.py
[2024-03-27T19:47:23.198+0000] {processor.py:756} INFO - Processing file /opt/airflow/dags/parallels.py for tasks to queue
[2024-03-27T19:47:23.200+0000] {logging_mixin.py:120} INFO - [2024-03-27T19:47:23.200+0000] {dagbag.py:537} INFO - Filling up the DagBag from /opt/airflow/dags/parallels.py
[2024-03-27T19:47:23.258+0000] {processor.py:766} INFO - DAG(s) dict_keys(['parallel_dag']) retrieved from /opt/airflow/dags/parallels.py
[2024-03-27T19:47:23.369+0000] {logging_mixin.py:120} INFO - [2024-03-27T19:47:23.369+0000] {dag.py:2585} INFO - Sync 1 DAGs
[2024-03-27T19:47:23.426+0000] {logging_mixin.py:120} INFO - [2024-03-27T19:47:23.426+0000] {dag.py:3340} INFO - Setting next_dagrun for parallel_dag to 2024-03-27T00:00:00+00:00, run_after=2024-03-28T00:00:00+00:00
[2024-03-27T19:47:23.486+0000] {processor.py:176} INFO - Processing /opt/airflow/dags/parallels.py took 0.295 seconds
[2024-03-27T19:47:45.996+0000] {processor.py:154} INFO - Started process (PID=43) to work on /opt/airflow/dags/parallels.py
[2024-03-27T19:47:45.997+0000] {processor.py:756} INFO - Processing file /opt/airflow/dags/parallels.py for tasks to queue
[2024-03-27T19:47:45.998+0000] {logging_mixin.py:120} INFO - [2024-03-27T19:47:45.998+0000] {dagbag.py:537} INFO - Filling up the DagBag from /opt/airflow/dags/parallels.py
[2024-03-27T19:47:46.027+0000] {processor.py:766} INFO - DAG(s) dict_keys(['parallel_dag']) retrieved from /opt/airflow/dags/parallels.py
[2024-03-27T19:47:46.058+0000] {logging_mixin.py:120} INFO - [2024-03-27T19:47:46.058+0000] {dag.py:2585} INFO - Sync 1 DAGs
[2024-03-27T19:47:46.077+0000] {logging_mixin.py:120} INFO - [2024-03-27T19:47:46.077+0000] {dag.py:3340} INFO - Setting next_dagrun for parallel_dag to 2024-03-27T00:00:00+00:00, run_after=2024-03-28T00:00:00+00:00
[2024-03-27T19:47:46.091+0000] {processor.py:176} INFO - Processing /opt/airflow/dags/parallels.py took 0.097 seconds
[2024-03-27T19:48:19.832+0000] {processor.py:154} INFO - Started process (PID=92) to work on /opt/airflow/dags/parallels.py
[2024-03-27T19:48:19.835+0000] {processor.py:756} INFO - Processing file /opt/airflow/dags/parallels.py for tasks to queue
[2024-03-27T19:48:19.836+0000] {logging_mixin.py:120} INFO - [2024-03-27T19:48:19.836+0000] {dagbag.py:537} INFO - Filling up the DagBag from /opt/airflow/dags/parallels.py
[2024-03-27T19:48:19.875+0000] {processor.py:766} INFO - DAG(s) dict_keys(['parallel_dag']) retrieved from /opt/airflow/dags/parallels.py
[2024-03-27T19:48:19.933+0000] {logging_mixin.py:120} INFO - [2024-03-27T19:48:19.933+0000] {dag.py:2585} INFO - Sync 1 DAGs
[2024-03-27T19:48:19.966+0000] {logging_mixin.py:120} INFO - [2024-03-27T19:48:19.966+0000] {dag.py:3340} INFO - Setting next_dagrun for parallel_dag to 2024-03-27T00:00:00+00:00, run_after=2024-03-28T00:00:00+00:00
[2024-03-27T19:48:19.984+0000] {processor.py:176} INFO - Processing /opt/airflow/dags/parallels.py took 0.159 seconds
[2024-03-27T19:48:50.243+0000] {processor.py:154} INFO - Started process (PID=151) to work on /opt/airflow/dags/parallels.py
[2024-03-27T19:48:50.244+0000] {processor.py:756} INFO - Processing file /opt/airflow/dags/parallels.py for tasks to queue
[2024-03-27T19:48:50.245+0000] {logging_mixin.py:120} INFO - [2024-03-27T19:48:50.245+0000] {dagbag.py:537} INFO - Filling up the DagBag from /opt/airflow/dags/parallels.py
[2024-03-27T19:48:50.263+0000] {processor.py:766} INFO - DAG(s) dict_keys(['parallel_dag']) retrieved from /opt/airflow/dags/parallels.py
[2024-03-27T19:48:50.292+0000] {logging_mixin.py:120} INFO - [2024-03-27T19:48:50.292+0000] {dag.py:2585} INFO - Sync 1 DAGs
[2024-03-27T19:48:50.310+0000] {logging_mixin.py:120} INFO - [2024-03-27T19:48:50.310+0000] {dag.py:3340} INFO - Setting next_dagrun for parallel_dag to 2024-03-27T00:00:00+00:00, run_after=2024-03-28T00:00:00+00:00
[2024-03-27T19:48:50.321+0000] {processor.py:176} INFO - Processing /opt/airflow/dags/parallels.py took 0.080 seconds
[2024-03-27T19:49:25.534+0000] {processor.py:154} INFO - Started process (PID=44) to work on /opt/airflow/dags/parallels.py
[2024-03-27T19:49:25.535+0000] {processor.py:756} INFO - Processing file /opt/airflow/dags/parallels.py for tasks to queue
[2024-03-27T19:49:25.536+0000] {logging_mixin.py:120} INFO - [2024-03-27T19:49:25.536+0000] {dagbag.py:537} INFO - Filling up the DagBag from /opt/airflow/dags/parallels.py
[2024-03-27T19:49:25.558+0000] {processor.py:766} INFO - DAG(s) dict_keys(['parallel_dag']) retrieved from /opt/airflow/dags/parallels.py
[2024-03-27T19:49:25.587+0000] {logging_mixin.py:120} INFO - [2024-03-27T19:49:25.586+0000] {dag.py:2585} INFO - Sync 1 DAGs
[2024-03-27T19:49:25.605+0000] {logging_mixin.py:120} INFO - [2024-03-27T19:49:25.605+0000] {dag.py:3340} INFO - Setting next_dagrun for parallel_dag to 2024-03-27T00:00:00+00:00, run_after=2024-03-28T00:00:00+00:00
[2024-03-27T19:49:25.617+0000] {processor.py:176} INFO - Processing /opt/airflow/dags/parallels.py took 0.086 seconds
[2024-03-27T19:49:59.042+0000] {processor.py:154} INFO - Started process (PID=102) to work on /opt/airflow/dags/parallels.py
[2024-03-27T19:49:59.044+0000] {processor.py:756} INFO - Processing file /opt/airflow/dags/parallels.py for tasks to queue
[2024-03-27T19:49:59.045+0000] {logging_mixin.py:120} INFO - [2024-03-27T19:49:59.045+0000] {dagbag.py:537} INFO - Filling up the DagBag from /opt/airflow/dags/parallels.py
[2024-03-27T19:49:59.115+0000] {processor.py:766} INFO - DAG(s) dict_keys(['parallel_dag']) retrieved from /opt/airflow/dags/parallels.py
[2024-03-27T19:49:59.290+0000] {logging_mixin.py:120} INFO - [2024-03-27T19:49:59.289+0000] {dag.py:2585} INFO - Sync 1 DAGs
[2024-03-27T19:49:59.352+0000] {logging_mixin.py:120} INFO - [2024-03-27T19:49:59.352+0000] {dag.py:3340} INFO - Setting next_dagrun for parallel_dag to 2024-03-27T00:00:00+00:00, run_after=2024-03-28T00:00:00+00:00
[2024-03-27T19:49:59.381+0000] {processor.py:176} INFO - Processing /opt/airflow/dags/parallels.py took 0.344 seconds
[2024-03-27T19:54:17.898+0000] {processor.py:154} INFO - Started process (PID=36) to work on /opt/airflow/dags/parallels.py
[2024-03-27T19:54:17.900+0000] {processor.py:756} INFO - Processing file /opt/airflow/dags/parallels.py for tasks to queue
[2024-03-27T19:54:17.901+0000] {logging_mixin.py:120} INFO - [2024-03-27T19:54:17.901+0000] {dagbag.py:537} INFO - Filling up the DagBag from /opt/airflow/dags/parallels.py
[2024-03-27T19:54:17.920+0000] {processor.py:766} INFO - DAG(s) dict_keys(['parallel_dag']) retrieved from /opt/airflow/dags/parallels.py
[2024-03-27T19:54:17.957+0000] {logging_mixin.py:120} INFO - [2024-03-27T19:54:17.957+0000] {dag.py:2585} INFO - Sync 1 DAGs
[2024-03-27T19:54:17.988+0000] {logging_mixin.py:120} INFO - [2024-03-27T19:54:17.988+0000] {dag.py:3340} INFO - Setting next_dagrun for parallel_dag to 2024-03-27T00:00:00+00:00, run_after=2024-03-28T00:00:00+00:00
[2024-03-27T19:54:18.008+0000] {processor.py:176} INFO - Processing /opt/airflow/dags/parallels.py took 0.112 seconds
